#
# There is insufficient memory for the Java Runtime Environment to continue.
# Native memory allocation (malloc) failed to allocate 646416 bytes for Chunk::new
# Possible reasons:
#   The system is out of physical RAM or swap space
#   The process is running with CompressedOops enabled, and the Java Heap may be blocking the growth of the native heap
# Possible solutions:
#   Reduce memory load on the system
#   Increase physical memory or swap space
#   Check if swap backing store is full
#   Decrease Java heap size (-Xmx/-Xms)
#   Decrease number of Java threads
#   Decrease Java thread stack sizes (-Xss)
#   Set larger code cache with -XX:ReservedCodeCacheSize=
#   JVM is running with Unscaled Compressed Oops mode in which the Java heap is
#     placed in the first 4GB address space. The Java Heap base address is the
#     maximum limit for the native heap growth. Please use -XX:HeapBaseMinAddress
#     to set the Java Heap base and to place the Java Heap above 4GB virtual address.
# This output file may be truncated or incomplete.
#
#  Out of Memory Error (./open/src/hotspot/share/memory/arena.cpp:197), pid=74572, tid=72808
#
# JRE version: Java(TM) SE Runtime Environment 18.9 (11.0.16+11) (build 11.0.16+11-LTS-199)
# Java VM: Java HotSpot(TM) 64-Bit Server VM 18.9 (11.0.16+11-LTS-199, mixed mode, tiered, compressed oops, g1 gc, windows-amd64)
# No core dump will be written. Minidumps are not enabled by default on client versions of Windows
#

---------------  S U M M A R Y ------------

Command Line: -Dclassworlds.conf=C:\Users\sfjbs\Downloads\micro service-20221001T123314Z-001\micro service\apache-maven-3.8.5-bin\apache-maven-3.8.5\bin\m2.conf -Dmaven.home=C:\Users\sfjbs\Downloads\micro service-20221001T123314Z-001\micro service\apache-maven-3.8.5-bin\apache-maven-3.8.5 -Dlibrary.jansi.path=C:\Users\sfjbs\Downloads\micro service-20221001T123314Z-001\micro service\apache-maven-3.8.5-bin\apache-maven-3.8.5\lib\jansi-native -Dmaven.multiModuleProjectDirectory=C:\Users\sfjbs\IdeaProjects\training\Harshad\day13\pension-management-system org.codehaus.plexus.classworlds.launcher.Launcher clean install -DskipTests

Host: Intel(R) Xeon(R) Platinum 8370C CPU @ 2.80GHz, 2 cores, 7G,  Windows 10 , 64 bit Build 19041 (10.0.19041.1889)
Time: Thu Oct 27 10:41:37 2022 Coordinated Universal Time elapsed time: 2.522006 seconds (0d 0h 0m 2s)

---------------  T H R E A D  ---------------

Current thread (0x000001517e5f4800):  JavaThread "C2 CompilerThread0" daemon [_thread_in_native, id=72808, stack(0x0000002e40b00000,0x0000002e40c00000)]


Current CompileTask:
C2:   2522 1789   !   4       java.net.URL::<init> (543 bytes)

Stack: [0x0000002e40b00000,0x0000002e40c00000]
Native frames: (J=compiled Java code, j=interpreted, Vv=VM code, C=native code)
V  [jvm.dll+0x62a3ea]
V  [jvm.dll+0x76418f]
V  [jvm.dll+0x765839]
V  [jvm.dll+0x765ec3]
V  [jvm.dll+0x23da98]
V  [jvm.dll+0xb2a1c]
V  [jvm.dll+0xb2fdc]
V  [jvm.dll+0x2ae814]
V  [jvm.dll+0x53d97b]
V  [jvm.dll+0x1fa119]
V  [jvm.dll+0x1f756d]
V  [jvm.dll+0x177c81]
V  [jvm.dll+0x207006]
V  [jvm.dll+0x20519b]
V  [jvm.dll+0x729fa0]
V  [jvm.dll+0x722b74]
V  [jvm.dll+0x629286]
C  [ucrtbase.dll+0x21bb2]
C  [KERNEL32.DLL+0x17034]
C  [ntdll.dll+0x526a1]


---------------  P R O C E S S  ---------------

Threads class SMR info:
_java_thread_list=0x000001517f0a4930, length=10, elements={
0x0000015172327000, 0x000001517e5e1000, 0x000001517e5ea800, 0x000001517ef73000,
0x000001517e5f1000, 0x000001517e5f2800, 0x000001517e5f4800, 0x000001517e5f7800,
0x000001517efa0800, 0x000001517f0c7000
}

Java Threads: ( => current thread )
  0x0000015172327000 JavaThread "main" [_thread_in_vm, id=73996, stack(0x0000002e3ff00000,0x0000002e40000000)]
  0x000001517e5e1000 JavaThread "Reference Handler" daemon [_thread_blocked, id=71896, stack(0x0000002e40600000,0x0000002e40700000)]
  0x000001517e5ea800 JavaThread "Finalizer" daemon [_thread_blocked, id=74120, stack(0x0000002e40700000,0x0000002e40800000)]
  0x000001517ef73000 JavaThread "Signal Dispatcher" daemon [_thread_blocked, id=73412, stack(0x0000002e40800000,0x0000002e40900000)]
  0x000001517e5f1000 JavaThread "Attach Listener" daemon [_thread_blocked, id=73940, stack(0x0000002e40900000,0x0000002e40a00000)]
  0x000001517e5f2800 JavaThread "Service Thread" daemon [_thread_blocked, id=70240, stack(0x0000002e40a00000,0x0000002e40b00000)]
=>0x000001517e5f4800 JavaThread "C2 CompilerThread0" daemon [_thread_in_native, id=72808, stack(0x0000002e40b00000,0x0000002e40c00000)]
  0x000001517e5f7800 JavaThread "C1 CompilerThread0" daemon [_thread_in_vm, id=74588, stack(0x0000002e40c00000,0x0000002e40d00000)]
  0x000001517efa0800 JavaThread "Sweeper thread" daemon [_thread_blocked, id=72748, stack(0x0000002e40d00000,0x0000002e40e00000)]
  0x000001517f0c7000 JavaThread "Common-Cleaner" daemon [_thread_blocked, id=66744, stack(0x0000002e40f00000,0x0000002e41000000)]

Other Threads:
  0x000001517e5ca800 VMThread "VM Thread" [stack: 0x0000002e40500000,0x0000002e40600000] [id=69328]
  0x000001517f0c6800 WatcherThread [stack: 0x0000002e40e00000,0x0000002e40f00000] [id=74464]
  0x000001517233d800 GCTaskThread "GC Thread#0" [stack: 0x0000002e40000000,0x0000002e40100000] [id=73632]
  0x000001517f3ab800 GCTaskThread "GC Thread#1" [stack: 0x0000002e41000000,0x0000002e41100000] [id=71952]
  0x000001517236d800 ConcurrentGCThread "G1 Main Marker" [stack: 0x0000002e40100000,0x0000002e40200000] [id=73928]
  0x0000015172370000 ConcurrentGCThread "G1 Conc#0" [stack: 0x0000002e40200000,0x0000002e40300000] [id=74728]
  0x00000151723f7800 ConcurrentGCThread "G1 Refine#0" [stack: 0x0000002e40300000,0x0000002e40400000] [id=72772]
  0x00000151723f8800 ConcurrentGCThread "G1 Young RemSet Sampling" [stack: 0x0000002e40400000,0x0000002e40500000] [id=73488]

Threads with active compile tasks:
C2 CompilerThread0     2548 1789   !   4       java.net.URL::<init> (543 bytes)
C1 CompilerThread0     2548 1920       3       org.eclipse.sisu.inject.RankedSequence$Itr::hasNext (114 bytes)

VM state:at safepoint (normal execution)

VM Mutex/Monitor currently owned by a thread:  ([mutex/lock_event])
[0x0000015172323a10] Threads_lock - owner thread: 0x000001517e5ca800
[0x0000015172323110] Heap_lock - owner thread: 0x000001517e5f7800
[0x00000151723237d0] MethodData_lock - owner thread: 0x000001517e5f7800

Heap address: 0x0000000080000000, size: 2048 MB, Compressed Oops mode: 32-bit
Narrow klass base: 0x0000000000000000, Narrow klass shift: 3
Compressed class space size: 1073741824 Address: 0x0000000100000000

Heap:
 garbage-first heap   total 131072K, used 24314K [0x0000000080000000, 0x0000000100000000)
  region size 1024K, 21 young (21504K), 1 survivors (1024K)
 Metaspace       used 17899K, capacity 18180K, committed 18304K, reserved 1075200K
  class space    used 1956K, capacity 2073K, committed 2176K, reserved 1048576K
Heap Regions: E=young(eden), S=young(survivor), O=old, HS=humongous(starts), HC=humongous(continues), CS=collection set, F=free, A=archive, TAMS=top-at-mark-start (previous, next)
|   0|0x0000000080000000, 0x0000000080100000, 0x0000000080100000|100%| O|  |TAMS 0x0000000080000000, 0x0000000080100000| Untracked 
|   1|0x0000000080100000, 0x0000000080200000, 0x0000000080200000|100%| O|  |TAMS 0x0000000080100000, 0x0000000080200000| Untracked 
|   2|0x0000000080200000, 0x0000000080200000, 0x0000000080300000|  0%| F|  |TAMS 0x0000000080200000, 0x0000000080200000| Untracked 
|   3|0x0000000080300000, 0x0000000080300000, 0x0000000080400000|  0%| F|  |TAMS 0x0000000080300000, 0x0000000080300000| Untracked 
|   4|0x0000000080400000, 0x0000000080400000, 0x0000000080500000|  0%| F|  |TAMS 0x0000000080400000, 0x0000000080400000| Untracked 
|   5|0x0000000080500000, 0x0000000080500000, 0x0000000080600000|  0%| F|  |TAMS 0x0000000080500000, 0x0000000080500000| Untracked 
|   6|0x0000000080600000, 0x0000000080600000, 0x0000000080700000|  0%| F|  |TAMS 0x0000000080600000, 0x0000000080600000| Untracked 
|   7|0x0000000080700000, 0x0000000080700000, 0x0000000080800000|  0%| F|  |TAMS 0x0000000080700000, 0x0000000080700000| Untracked 
|   8|0x0000000080800000, 0x0000000080800000, 0x0000000080900000|  0%| F|  |TAMS 0x0000000080800000, 0x0000000080800000| Untracked 
|   9|0x0000000080900000, 0x0000000080900000, 0x0000000080a00000|  0%| F|  |TAMS 0x0000000080900000, 0x0000000080900000| Untracked 
|  10|0x0000000080a00000, 0x0000000080a00000, 0x0000000080b00000|  0%| F|  |TAMS 0x0000000080a00000, 0x0000000080a00000| Untracked 
|  11|0x0000000080b00000, 0x0000000080b00000, 0x0000000080c00000|  0%| F|  |TAMS 0x0000000080b00000, 0x0000000080b00000| Untracked 
|  12|0x0000000080c00000, 0x0000000080c00000, 0x0000000080d00000|  0%| F|  |TAMS 0x0000000080c00000, 0x0000000080c00000| Untracked 
|  13|0x0000000080d00000, 0x0000000080d00000, 0x0000000080e00000|  0%| F|  |TAMS 0x0000000080d00000, 0x0000000080d00000| Untracked 
|  14|0x0000000080e00000, 0x0000000080e00000, 0x0000000080f00000|  0%| F|  |TAMS 0x0000000080e00000, 0x0000000080e00000| Untracked 
|  15|0x0000000080f00000, 0x0000000080f00000, 0x0000000081000000|  0%| F|  |TAMS 0x0000000080f00000, 0x0000000080f00000| Untracked 
|  16|0x0000000081000000, 0x0000000081000000, 0x0000000081100000|  0%| F|  |TAMS 0x0000000081000000, 0x0000000081000000| Untracked 
|  17|0x0000000081100000, 0x0000000081100000, 0x0000000081200000|  0%| F|  |TAMS 0x0000000081100000, 0x0000000081100000| Untracked 
|  18|0x0000000081200000, 0x0000000081200000, 0x0000000081300000|  0%| F|  |TAMS 0x0000000081200000, 0x0000000081200000| Untracked 
|  19|0x0000000081300000, 0x0000000081300000, 0x0000000081400000|  0%| F|  |TAMS 0x0000000081300000, 0x0000000081300000| Untracked 
|  20|0x0000000081400000, 0x0000000081400000, 0x0000000081500000|  0%| F|  |TAMS 0x0000000081400000, 0x0000000081400000| Untracked 
|  21|0x0000000081500000, 0x0000000081500000, 0x0000000081600000|  0%| F|  |TAMS 0x0000000081500000, 0x0000000081500000| Untracked 
|  22|0x0000000081600000, 0x0000000081600000, 0x0000000081700000|  0%| F|  |TAMS 0x0000000081600000, 0x0000000081600000| Untracked 
|  23|0x0000000081700000, 0x0000000081700000, 0x0000000081800000|  0%| F|  |TAMS 0x0000000081700000, 0x0000000081700000| Untracked 
|  24|0x0000000081800000, 0x0000000081800000, 0x0000000081900000|  0%| F|  |TAMS 0x0000000081800000, 0x0000000081800000| Untracked 
|  25|0x0000000081900000, 0x0000000081900000, 0x0000000081a00000|  0%| F|  |TAMS 0x0000000081900000, 0x0000000081900000| Untracked 
|  26|0x0000000081a00000, 0x0000000081a00000, 0x0000000081b00000|  0%| F|  |TAMS 0x0000000081a00000, 0x0000000081a00000| Untracked 
|  27|0x0000000081b00000, 0x0000000081b00000, 0x0000000081c00000|  0%| F|  |TAMS 0x0000000081b00000, 0x0000000081b00000| Untracked 
|  28|0x0000000081c00000, 0x0000000081c00000, 0x0000000081d00000|  0%| F|  |TAMS 0x0000000081c00000, 0x0000000081c00000| Untracked 
|  29|0x0000000081d00000, 0x0000000081d00000, 0x0000000081e00000|  0%| F|  |TAMS 0x0000000081d00000, 0x0000000081d00000| Untracked 
|  30|0x0000000081e00000, 0x0000000081e00000, 0x0000000081f00000|  0%| F|  |TAMS 0x0000000081e00000, 0x0000000081e00000| Untracked 
|  31|0x0000000081f00000, 0x0000000081f00000, 0x0000000082000000|  0%| F|  |TAMS 0x0000000081f00000, 0x0000000081f00000| Untracked 
|  32|0x0000000082000000, 0x0000000082000000, 0x0000000082100000|  0%| F|  |TAMS 0x0000000082000000, 0x0000000082000000| Untracked 
|  33|0x0000000082100000, 0x0000000082100000, 0x0000000082200000|  0%| F|  |TAMS 0x0000000082100000, 0x0000000082100000| Untracked 
|  34|0x0000000082200000, 0x0000000082200000, 0x0000000082300000|  0%| F|  |TAMS 0x0000000082200000, 0x0000000082200000| Untracked 
|  35|0x0000000082300000, 0x0000000082300000, 0x0000000082400000|  0%| F|  |TAMS 0x0000000082300000, 0x0000000082300000| Untracked 
|  36|0x0000000082400000, 0x0000000082400000, 0x0000000082500000|  0%| F|  |TAMS 0x0000000082400000, 0x0000000082400000| Untracked 
|  37|0x0000000082500000, 0x0000000082500000, 0x0000000082600000|  0%| F|  |TAMS 0x0000000082500000, 0x0000000082500000| Untracked 
|  38|0x0000000082600000, 0x0000000082600000, 0x0000000082700000|  0%| F|  |TAMS 0x0000000082600000, 0x0000000082600000| Untracked 
|  39|0x0000000082700000, 0x0000000082700000, 0x0000000082800000|  0%| F|  |TAMS 0x0000000082700000, 0x0000000082700000| Untracked 
|  40|0x0000000082800000, 0x0000000082800000, 0x0000000082900000|  0%| F|  |TAMS 0x0000000082800000, 0x0000000082800000| Untracked 
|  41|0x0000000082900000, 0x0000000082900000, 0x0000000082a00000|  0%| F|  |TAMS 0x0000000082900000, 0x0000000082900000| Untracked 
|  42|0x0000000082a00000, 0x0000000082a00000, 0x0000000082b00000|  0%| F|  |TAMS 0x0000000082a00000, 0x0000000082a00000| Untracked 
|  43|0x0000000082b00000, 0x0000000082b00000, 0x0000000082c00000|  0%| F|  |TAMS 0x0000000082b00000, 0x0000000082b00000| Untracked 
|  44|0x0000000082c00000, 0x0000000082c00000, 0x0000000082d00000|  0%| F|  |TAMS 0x0000000082c00000, 0x0000000082c00000| Untracked 
|  45|0x0000000082d00000, 0x0000000082d00000, 0x0000000082e00000|  0%| F|  |TAMS 0x0000000082d00000, 0x0000000082d00000| Untracked 
|  46|0x0000000082e00000, 0x0000000082e00000, 0x0000000082f00000|  0%| F|  |TAMS 0x0000000082e00000, 0x0000000082e00000| Untracked 
|  47|0x0000000082f00000, 0x0000000082f00000, 0x0000000083000000|  0%| F|  |TAMS 0x0000000082f00000, 0x0000000082f00000| Untracked 
|  48|0x0000000083000000, 0x0000000083000000, 0x0000000083100000|  0%| F|  |TAMS 0x0000000083000000, 0x0000000083000000| Untracked 
|  49|0x0000000083100000, 0x0000000083100000, 0x0000000083200000|  0%| F|  |TAMS 0x0000000083100000, 0x0000000083100000| Untracked 
|  50|0x0000000083200000, 0x0000000083200000, 0x0000000083300000|  0%| F|  |TAMS 0x0000000083200000, 0x0000000083200000| Untracked 
|  51|0x0000000083300000, 0x0000000083300000, 0x0000000083400000|  0%| F|  |TAMS 0x0000000083300000, 0x0000000083300000| Untracked 
|  52|0x0000000083400000, 0x0000000083400000, 0x0000000083500000|  0%| F|  |TAMS 0x0000000083400000, 0x0000000083400000| Untracked 
|  53|0x0000000083500000, 0x0000000083500000, 0x0000000083600000|  0%| F|  |TAMS 0x0000000083500000, 0x0000000083500000| Untracked 
|  54|0x0000000083600000, 0x0000000083600000, 0x0000000083700000|  0%| F|  |TAMS 0x0000000083600000, 0x0000000083600000| Untracked 
|  55|0x0000000083700000, 0x0000000083700000, 0x0000000083800000|  0%| F|  |TAMS 0x0000000083700000, 0x0000000083700000| Untracked 
|  56|0x0000000083800000, 0x0000000083800000, 0x0000000083900000|  0%| F|  |TAMS 0x0000000083800000, 0x0000000083800000| Untracked 
|  57|0x0000000083900000, 0x0000000083900000, 0x0000000083a00000|  0%| F|  |TAMS 0x0000000083900000, 0x0000000083900000| Untracked 
|  58|0x0000000083a00000, 0x0000000083a00000, 0x0000000083b00000|  0%| F|  |TAMS 0x0000000083a00000, 0x0000000083a00000| Untracked 
|  59|0x0000000083b00000, 0x0000000083b00000, 0x0000000083c00000|  0%| F|  |TAMS 0x0000000083b00000, 0x0000000083b00000| Untracked 
|  60|0x0000000083c00000, 0x0000000083c00000, 0x0000000083d00000|  0%| F|  |TAMS 0x0000000083c00000, 0x0000000083c00000| Untracked 
|  61|0x0000000083d00000, 0x0000000083d00000, 0x0000000083e00000|  0%| F|  |TAMS 0x0000000083d00000, 0x0000000083d00000| Untracked 
|  62|0x0000000083e00000, 0x0000000083e00000, 0x0000000083f00000|  0%| F|  |TAMS 0x0000000083e00000, 0x0000000083e00000| Untracked 
|  63|0x0000000083f00000, 0x0000000083f00000, 0x0000000084000000|  0%| F|  |TAMS 0x0000000083f00000, 0x0000000083f00000| Untracked 
|  64|0x0000000084000000, 0x0000000084000000, 0x0000000084100000|  0%| F|  |TAMS 0x0000000084000000, 0x0000000084000000| Untracked 
|  65|0x0000000084100000, 0x0000000084100000, 0x0000000084200000|  0%| F|  |TAMS 0x0000000084100000, 0x0000000084100000| Untracked 
|  66|0x0000000084200000, 0x0000000084200000, 0x0000000084300000|  0%| F|  |TAMS 0x0000000084200000, 0x0000000084200000| Untracked 
|  67|0x0000000084300000, 0x0000000084300000, 0x0000000084400000|  0%| F|  |TAMS 0x0000000084300000, 0x0000000084300000| Untracked 
|  68|0x0000000084400000, 0x0000000084400000, 0x0000000084500000|  0%| F|  |TAMS 0x0000000084400000, 0x0000000084400000| Untracked 
|  69|0x0000000084500000, 0x0000000084500000, 0x0000000084600000|  0%| F|  |TAMS 0x0000000084500000, 0x0000000084500000| Untracked 
|  70|0x0000000084600000, 0x0000000084600000, 0x0000000084700000|  0%| F|  |TAMS 0x0000000084600000, 0x0000000084600000| Untracked 
|  71|0x0000000084700000, 0x0000000084700000, 0x0000000084800000|  0%| F|  |TAMS 0x0000000084700000, 0x0000000084700000| Untracked 
|  72|0x0000000084800000, 0x0000000084800000, 0x0000000084900000|  0%| F|  |TAMS 0x0000000084800000, 0x0000000084800000| Untracked 
|  73|0x0000000084900000, 0x0000000084900000, 0x0000000084a00000|  0%| F|  |TAMS 0x0000000084900000, 0x0000000084900000| Untracked 
|  74|0x0000000084a00000, 0x0000000084a00000, 0x0000000084b00000|  0%| F|  |TAMS 0x0000000084a00000, 0x0000000084a00000| Untracked 
|  75|0x0000000084b00000, 0x0000000084b00000, 0x0000000084c00000|  0%| F|  |TAMS 0x0000000084b00000, 0x0000000084b00000| Untracked 
|  76|0x0000000084c00000, 0x0000000084c00000, 0x0000000084d00000|  0%| F|  |TAMS 0x0000000084c00000, 0x0000000084c00000| Untracked 
|  77|0x0000000084d00000, 0x0000000084d00000, 0x0000000084e00000|  0%| F|  |TAMS 0x0000000084d00000, 0x0000000084d00000| Untracked 
|  78|0x0000000084e00000, 0x0000000084e00000, 0x0000000084f00000|  0%| F|  |TAMS 0x0000000084e00000, 0x0000000084e00000| Untracked 
|  79|0x0000000084f00000, 0x0000000084f00000, 0x0000000085000000|  0%| F|  |TAMS 0x0000000084f00000, 0x0000000084f00000| Untracked 
|  80|0x0000000085000000, 0x0000000085000000, 0x0000000085100000|  0%| F|  |TAMS 0x0000000085000000, 0x0000000085000000| Untracked 
|  81|0x0000000085100000, 0x0000000085100000, 0x0000000085200000|  0%| F|  |TAMS 0x0000000085100000, 0x0000000085100000| Untracked 
|  82|0x0000000085200000, 0x0000000085200000, 0x0000000085300000|  0%| F|  |TAMS 0x0000000085200000, 0x0000000085200000| Untracked 
|  83|0x0000000085300000, 0x0000000085300000, 0x0000000085400000|  0%| F|  |TAMS 0x0000000085300000, 0x0000000085300000| Untracked 
|  84|0x0000000085400000, 0x0000000085400000, 0x0000000085500000|  0%| F|  |TAMS 0x0000000085400000, 0x0000000085400000| Untracked 
|  85|0x0000000085500000, 0x0000000085500000, 0x0000000085600000|  0%| F|  |TAMS 0x0000000085500000, 0x0000000085500000| Untracked 
|  86|0x0000000085600000, 0x0000000085600000, 0x0000000085700000|  0%| F|  |TAMS 0x0000000085600000, 0x0000000085600000| Untracked 
|  87|0x0000000085700000, 0x0000000085700000, 0x0000000085800000|  0%| F|  |TAMS 0x0000000085700000, 0x0000000085700000| Untracked 
|  88|0x0000000085800000, 0x0000000085800000, 0x0000000085900000|  0%| F|  |TAMS 0x0000000085800000, 0x0000000085800000| Untracked 
|  89|0x0000000085900000, 0x0000000085900000, 0x0000000085a00000|  0%| F|  |TAMS 0x0000000085900000, 0x0000000085900000| Untracked 
|  90|0x0000000085a00000, 0x0000000085a00000, 0x0000000085b00000|  0%| F|  |TAMS 0x0000000085a00000, 0x0000000085a00000| Untracked 
|  91|0x0000000085b00000, 0x0000000085b00000, 0x0000000085c00000|  0%| F|  |TAMS 0x0000000085b00000, 0x0000000085b00000| Untracked 
|  92|0x0000000085c00000, 0x0000000085c00000, 0x0000000085d00000|  0%| F|  |TAMS 0x0000000085c00000, 0x0000000085c00000| Untracked 
|  93|0x0000000085d00000, 0x0000000085d00000, 0x0000000085e00000|  0%| F|  |TAMS 0x0000000085d00000, 0x0000000085d00000| Untracked 
|  94|0x0000000085e00000, 0x0000000085e00000, 0x0000000085f00000|  0%| F|  |TAMS 0x0000000085e00000, 0x0000000085e00000| Untracked 
|  95|0x0000000085f00000, 0x0000000085f00000, 0x0000000086000000|  0%| F|  |TAMS 0x0000000085f00000, 0x0000000085f00000| Untracked 
|  96|0x0000000086000000, 0x0000000086000000, 0x0000000086100000|  0%| F|  |TAMS 0x0000000086000000, 0x0000000086000000| Untracked 
|  97|0x0000000086100000, 0x0000000086100000, 0x0000000086200000|  0%| F|  |TAMS 0x0000000086100000, 0x0000000086100000| Untracked 
|  98|0x0000000086200000, 0x0000000086200000, 0x0000000086300000|  0%| F|  |TAMS 0x0000000086200000, 0x0000000086200000| Untracked 
|  99|0x0000000086300000, 0x0000000086300000, 0x0000000086400000|  0%| F|  |TAMS 0x0000000086300000, 0x0000000086300000| Untracked 
| 100|0x0000000086400000, 0x0000000086400000, 0x0000000086500000|  0%| F|  |TAMS 0x0000000086400000, 0x0000000086400000| Untracked 
| 101|0x0000000086500000, 0x0000000086500000, 0x0000000086600000|  0%| F|  |TAMS 0x0000000086500000, 0x0000000086500000| Untracked 
| 102|0x0000000086600000, 0x0000000086600000, 0x0000000086700000|  0%| F|  |TAMS 0x0000000086600000, 0x0000000086600000| Untracked 
| 103|0x0000000086700000, 0x0000000086700000, 0x0000000086800000|  0%| F|  |TAMS 0x0000000086700000, 0x0000000086700000| Untracked 
| 104|0x0000000086800000, 0x00000000868e9110, 0x0000000086900000| 91%| S|  |TAMS 0x0000000086800000, 0x0000000086800000| Complete 
| 105|0x0000000086900000, 0x000000008693e3a0, 0x0000000086a00000| 24%| E|CS|TAMS 0x0000000086900000, 0x000000008693e3a0| Complete 
| 106|0x0000000086a00000, 0x0000000086b00000, 0x0000000086b00000|100%| E|CS|TAMS 0x0000000086a00000, 0x0000000086b00000| Complete 
| 107|0x0000000086b00000, 0x0000000086c00000, 0x0000000086c00000|100%| E|CS|TAMS 0x0000000086b00000, 0x0000000086c00000| Complete 
| 108|0x0000000086c00000, 0x0000000086c80800, 0x0000000086d00000| 50%| E|CS|TAMS 0x0000000086c00000, 0x0000000086c80800| Complete 
| 109|0x0000000086d00000, 0x0000000086e00000, 0x0000000086e00000|100%| E|CS|TAMS 0x0000000086d00000, 0x0000000086e00000| Complete 
| 110|0x0000000086e00000, 0x0000000086f00000, 0x0000000086f00000|100%| E|CS|TAMS 0x0000000086e00000, 0x0000000086f00000| Complete 
| 111|0x0000000086f00000, 0x0000000087000000, 0x0000000087000000|100%| E|CS|TAMS 0x0000000086f00000, 0x0000000087000000| Complete 
| 112|0x0000000087000000, 0x0000000087100000, 0x0000000087100000|100%| E|CS|TAMS 0x0000000087000000, 0x0000000087100000| Complete 
| 113|0x0000000087100000, 0x0000000087200000, 0x0000000087200000|100%| E|CS|TAMS 0x0000000087100000, 0x0000000087200000| Complete 
| 114|0x0000000087200000, 0x0000000087300000, 0x0000000087300000|100%| E|CS|TAMS 0x0000000087200000, 0x0000000087300000| Complete 
| 115|0x0000000087300000, 0x0000000087400000, 0x0000000087400000|100%| E|CS|TAMS 0x0000000087300000, 0x0000000087400000| Complete 
| 116|0x0000000087400000, 0x0000000087500000, 0x0000000087500000|100%| E|CS|TAMS 0x0000000087400000, 0x0000000087500000| Complete 
| 117|0x0000000087500000, 0x0000000087600000, 0x0000000087600000|100%| E|CS|TAMS 0x0000000087500000, 0x0000000087600000| Complete 
| 118|0x0000000087600000, 0x0000000087700000, 0x0000000087700000|100%| E|CS|TAMS 0x0000000087600000, 0x0000000087700000| Complete 
| 119|0x0000000087700000, 0x0000000087800000, 0x0000000087800000|100%| E|CS|TAMS 0x0000000087700000, 0x0000000087800000| Complete 
| 120|0x0000000087800000, 0x0000000087900000, 0x0000000087900000|100%| E|CS|TAMS 0x0000000087800000, 0x0000000087900000| Complete 
| 121|0x0000000087900000, 0x0000000087a00000, 0x0000000087a00000|100%| E|CS|TAMS 0x0000000087900000, 0x0000000087a00000| Complete 
| 122|0x0000000087a00000, 0x0000000087b00000, 0x0000000087b00000|100%| E|CS|TAMS 0x0000000087a00000, 0x0000000087b00000| Complete 
| 123|0x0000000087b00000, 0x0000000087c00000, 0x0000000087c00000|100%| E|CS|TAMS 0x0000000087b00000, 0x0000000087c00000| Complete 
| 124|0x0000000087c00000, 0x0000000087d00000, 0x0000000087d00000|100%| E|CS|TAMS 0x0000000087c00000, 0x0000000087d00000| Complete 
| 125|0x0000000087d00000, 0x0000000087e00000, 0x0000000087e00000|100%| E|CS|TAMS 0x0000000087d00000, 0x0000000087e00000| Complete 
| 126|0x0000000087e00000, 0x0000000087f00000, 0x0000000087f00000|100%| E|CS|TAMS 0x0000000087e00000, 0x0000000087f00000| Complete 
| 127|0x0000000087f00000, 0x0000000088000000, 0x0000000088000000|100%| E|CS|TAMS 0x0000000087f00000, 0x0000000088000000| Complete 

Card table byte_map: [0x000001517ba10000,0x000001517be10000] _byte_map_base: 0x000001517b610000

Marking Bits (Prev, Next): (CMBitMap*) 0x0000015172364e88, (CMBitMap*) 0x0000015172364ec0
 Prev Bits: [0x000001517c210000, 0x000001517e210000)
 Next Bits: [0x000001510f000000, 0x0000015111000000)

Polling page: 0x00000151721d0000

Metaspace:

Usage:
  Non-class:     15.73 MB capacity,    15.57 MB ( 99%) used,   145.26 KB ( <1%) free+waste,    18.38 KB ( <1%) overhead. 
      Class:      2.02 MB capacity,     1.91 MB ( 94%) used,   109.13 KB (  5%) free+waste,     7.69 KB ( <1%) overhead. 
       Both:     17.75 MB capacity,    17.48 MB ( 98%) used,   254.38 KB (  1%) free+waste,    26.06 KB ( <1%) overhead. 

Virtual space:
  Non-class space:       26.00 MB reserved,      15.75 MB ( 61%) committed 
      Class space:        1.00 GB reserved,       2.13 MB ( <1%) committed 
             Both:        1.03 GB reserved,      17.88 MB (  2%) committed 

Chunk freelists:
   Non-Class:  2.63 KB
       Class:  896 bytes
        Both:  3.50 KB

CodeHeap 'non-profiled nmethods': size=120064Kb used=673Kb max_used=673Kb free=119390Kb
 bounds [0x0000015107ac0000, 0x0000015107d30000, 0x000001510f000000]
CodeHeap 'profiled nmethods': size=120000Kb used=3899Kb max_used=3899Kb free=116100Kb
 bounds [0x0000015100590000, 0x0000015100960000, 0x0000015107ac0000]
CodeHeap 'non-nmethods': size=5696Kb used=1112Kb max_used=1119Kb free=4583Kb
 bounds [0x0000015100000000, 0x0000015100270000, 0x0000015100590000]
 total_blobs=2325 nmethods=1915 adapters=321
 compilation: enabled
              stopped_count=0, restarted_count=0
 full_count=0

Compilation events (10 events):
Event: 2.493 Thread 0x000001517e5f7800 nmethod 1842 0x0000015100932690 code [0x0000015100932820, 0x00000151009329d8]
Event: 2.494 Thread 0x000001517e5f7800 1843       3       com.google.common.cache.LocalCache$Segment::cleanUp (21 bytes)
Event: 2.494 Thread 0x000001517e5f7800 nmethod 1843 0x0000015100932a90 code [0x0000015100932c80, 0x0000015100933148]
Event: 2.494 Thread 0x000001517e5f7800 1844       3       java.util.concurrent.ConcurrentLinkedQueue::poll (84 bytes)
Event: 2.495 Thread 0x000001517e5f7800 nmethod 1844 0x0000015100933310 code [0x0000015100933560, 0x0000015100934128]
Event: 2.496 Thread 0x000001517e5f7800 1845       3       com.google.inject.spi.InjectionPoint::hierarchyFor (44 bytes)
Event: 2.497 Thread 0x000001517e5f7800 nmethod 1845 0x0000015100934410 code [0x0000015100934700, 0x00000151009358a8]
Event: 2.498 Thread 0x000001517e5f7800 1846       3       java.util.ArrayList::<init> (61 bytes)
Event: 2.498 Thread 0x000001517e5f7800 nmethod 1846 0x0000015100935f90 code [0x0000015100936200, 0x0000015100936d58]
Event: 2.499 Thread 0x000001517e5f7800 1847       3       com.google.inject.spi.Dependency::<init> (34 bytes)

GC Heap History (8 events):
Event: 0.642 GC heap before
{Heap before GC invocations=0 (full 0):
 garbage-first heap   total 131072K, used 7168K [0x0000000080000000, 0x0000000100000000)
  region size 1024K, 7 young (7168K), 0 survivors (0K)
 Metaspace       used 7759K, capacity 7933K, committed 8064K, reserved 1056768K
  class space    used 678K, capacity 772K, committed 896K, reserved 1048576K
}
Event: 0.646 GC heap after
{Heap after GC invocations=1 (full 0):
 garbage-first heap   total 131072K, used 2048K [0x0000000080000000, 0x0000000100000000)
  region size 1024K, 1 young (1024K), 1 survivors (1024K)
 Metaspace       used 7759K, capacity 7933K, committed 8064K, reserved 1056768K
  class space    used 678K, capacity 772K, committed 896K, reserved 1048576K
}
Event: 0.916 GC heap before
{Heap before GC invocations=1 (full 0):
 garbage-first heap   total 131072K, used 7168K [0x0000000080000000, 0x0000000100000000)
  region size 1024K, 6 young (6144K), 1 survivors (1024K)
 Metaspace       used 10112K, capacity 10280K, committed 10496K, reserved 1058816K
  class space    used 944K, capacity 1024K, committed 1024K, reserved 1048576K
}
Event: 0.922 GC heap after
{Heap after GC invocations=2 (full 0):
 garbage-first heap   total 131072K, used 3048K [0x0000000080000000, 0x0000000100000000)
  region size 1024K, 1 young (1024K), 1 survivors (1024K)
 Metaspace       used 10112K, capacity 10280K, committed 10496K, reserved 1058816K
  class space    used 944K, capacity 1024K, committed 1024K, reserved 1048576K
}
Event: 1.377 GC heap before
{Heap before GC invocations=2 (full 0):
 garbage-first heap   total 131072K, used 16360K [0x0000000080000000, 0x0000000100000000)
  region size 1024K, 14 young (14336K), 1 survivors (1024K)
 Metaspace       used 12372K, capacity 12532K, committed 12672K, reserved 1060864K
  class space    used 1251K, capacity 1348K, committed 1408K, reserved 1048576K
}
Event: 1.381 GC heap after
{Heap after GC invocations=3 (full 0):
 garbage-first heap   total 131072K, used 3596K [0x0000000080000000, 0x0000000100000000)
  region size 1024K, 2 young (2048K), 2 survivors (2048K)
 Metaspace       used 12372K, capacity 12532K, committed 12672K, reserved 1060864K
  class space    used 1251K, capacity 1348K, committed 1408K, reserved 1048576K
}
Event: 1.833 GC heap before
{Heap before GC invocations=3 (full 0):
 garbage-first heap   total 131072K, used 22028K [0x0000000080000000, 0x0000000100000000)
  region size 1024K, 20 young (20480K), 2 survivors (2048K)
 Metaspace       used 14371K, capacity 14519K, committed 14720K, reserved 1062912K
  class space    used 1500K, capacity 1581K, committed 1664K, reserved 1048576K
}
Event: 1.838 GC heap after
{Heap after GC invocations=4 (full 0):
 garbage-first heap   total 131072K, used 4344K [0x0000000080000000, 0x0000000100000000)
  region size 1024K, 3 young (3072K), 3 survivors (3072K)
 Metaspace       used 14371K, capacity 14519K, committed 14720K, reserved 1062912K
  class space    used 1500K, capacity 1581K, committed 1664K, reserved 1048576K
}

Deoptimization events (10 events):
Event: 0.744 Thread 0x0000015172327000 Uncommon trap: reason=unstable_if action=reinterpret pc=0x0000015107adcc2c method=java.lang.AbstractStringBuilder.isLatin1()Z @ 10 c2
Event: 1.162 Thread 0x0000015172327000 Uncommon trap: reason=unstable_if action=reinterpret pc=0x0000015107afbedc method=java.util.HashMap.putVal(ILjava/lang/Object;Ljava/lang/Object;ZZ)Ljava/lang/Object; @ 181 c2
Event: 1.260 Thread 0x0000015172327000 Uncommon trap: reason=unstable_if action=reinterpret pc=0x0000015107b047a8 method=java.nio.charset.CoderResult.isOverflow()Z @ 5 c2
Event: 1.393 Thread 0x0000015172327000 Uncommon trap: reason=unstable_if action=reinterpret pc=0x0000015107b0c1f0 method=sun.nio.cs.StreamDecoder.implRead([CII)I @ 197 c2
Event: 1.467 Thread 0x0000015172327000 Uncommon trap: reason=bimorphic_or_optimized_type_check action=maybe_recompile pc=0x0000015107afcb4c method=java.util.HashMap.getNode(ILjava/lang/Object;)Ljava/util/HashMap$Node; @ 126 c2
Event: 1.471 Thread 0x0000015172327000 Uncommon trap: reason=bimorphic_or_optimized_type_check action=maybe_recompile pc=0x0000015107afcb4c method=java.util.HashMap.getNode(ILjava/lang/Object;)Ljava/util/HashMap$Node; @ 126 c2
Event: 1.476 Thread 0x0000015172327000 Uncommon trap: reason=bimorphic_or_optimized_type_check action=maybe_recompile pc=0x0000015107afcb4c method=java.util.HashMap.getNode(ILjava/lang/Object;)Ljava/util/HashMap$Node; @ 126 c2
Event: 1.498 Thread 0x0000015172327000 Uncommon trap: reason=unstable_if action=reinterpret pc=0x0000015107b1f19c method=java.util.HashMap.getNode(ILjava/lang/Object;)Ljava/util/HashMap$Node; @ 129 c2
Event: 1.498 Thread 0x0000015172327000 Uncommon trap: reason=unstable_if action=reinterpret pc=0x0000015107afca68 method=java.util.HashMap.getNode(ILjava/lang/Object;)Ljava/util/HashMap$Node; @ 129 c2
Event: 1.617 Thread 0x0000015172327000 Uncommon trap: reason=unstable_if action=reinterpret pc=0x0000015107b24e30 method=java.lang.String.<init>([CIILjava/lang/Void;)V @ 5 c2

Classes redefined (0 events):
No events

Internal exceptions (10 events):
Event: 0.428 Thread 0x0000015172327000 Exception <a 'java/lang/NullPointerException'{0x0000000087b19b30}> (0x0000000087b19b30) thrown at [./open/src/hotspot/share/interpreter/linkResolver.cpp, line 1354]
Event: 0.428 Thread 0x0000015172327000 Exception <a 'java/lang/NullPointerException'{0x0000000087b19e00}> (0x0000000087b19e00) thrown at [./open/src/hotspot/share/interpreter/linkResolver.cpp, line 1354]
Event: 0.431 Thread 0x0000015172327000 Exception <a 'java/lang/NullPointerException'{0x0000000087b21240}> (0x0000000087b21240) thrown at [./open/src/hotspot/share/interpreter/linkResolver.cpp, line 1354]
Event: 0.438 Thread 0x0000015172327000 Exception <a 'java/lang/NullPointerException'{0x0000000087b38fe0}> (0x0000000087b38fe0) thrown at [./open/src/hotspot/share/interpreter/linkResolver.cpp, line 1354]
Event: 0.438 Thread 0x0000015172327000 Exception <a 'java/lang/NullPointerException'{0x0000000087b392b0}> (0x0000000087b392b0) thrown at [./open/src/hotspot/share/interpreter/linkResolver.cpp, line 1354]
Event: 0.438 Thread 0x0000015172327000 Exception <a 'java/lang/NullPointerException'{0x0000000087b39580}> (0x0000000087b39580) thrown at [./open/src/hotspot/share/interpreter/linkResolver.cpp, line 1354]
Event: 0.438 Thread 0x0000015172327000 Exception <a 'java/lang/NullPointerException'{0x0000000087b39850}> (0x0000000087b39850) thrown at [./open/src/hotspot/share/interpreter/linkResolver.cpp, line 1354]
Event: 1.158 Thread 0x0000015172327000 Exception <a 'java/lang/NoClassDefFoundError'{0x000000008789e408}: javax/enterprise/inject/Typed> (0x000000008789e408) thrown at [./open/src/hotspot/share/classfile/systemDictionary.cpp, line 215]
Event: 2.439 Thread 0x0000015172327000 Exception <a 'java/lang/NoClassDefFoundError'{0x0000000086eba130}: com/google/inject/servlet/ServletModuleTargetVisitor> (0x0000000086eba130) thrown at [./open/src/hotspot/share/classfile/systemDictionary.cpp, line 215]
Event: 2.439 Thread 0x0000015172327000 Exception <a 'java/lang/NoClassDefFoundError'{0x0000000086eba130}> (0x0000000086eba130) thrown at [./open/src/hotspot/share/prims/jvm.cpp, line 1309]

Events (10 events):
Event: 2.487 loading class java/util/concurrent/ExecutorService
Event: 2.487 loading class java/util/concurrent/ExecutorService done
Event: 2.487 loading class java/util/concurrent/AbstractExecutorService done
Event: 2.487 loading class java/util/concurrent/ThreadPoolExecutor done
Event: 2.487 loading class java/util/concurrent/ThreadPoolExecutor$AbortPolicy
Event: 2.487 loading class java/util/concurrent/RejectedExecutionHandler
Event: 2.487 loading class java/util/concurrent/RejectedExecutionHandler done
Event: 2.487 loading class java/util/concurrent/ThreadPoolExecutor$AbortPolicy done
Event: 2.487 loading class org/apache/maven/artifact/resolver/DefaultArtifactResolver$DaemonThreadCreator
Event: 2.487 loading class org/apache/maven/artifact/resolver/DefaultArtifactResolver$DaemonThreadCreator done


Dynamic libraries:
0x00007ff7009d0000 - 0x00007ff7009df000 	C:\Program Files\Java\jdk-11.0.16\bin\java.exe
0x00007ffd49990000 - 0x00007ffd49b88000 	C:\Windows\SYSTEM32\ntdll.dll
0x00007ffd48e70000 - 0x00007ffd48f2d000 	C:\Windows\System32\KERNEL32.DLL
0x00007ffd473d0000 - 0x00007ffd4769e000 	C:\Windows\System32\KERNELBASE.dll
0x00007ffd472a0000 - 0x00007ffd473a0000 	C:\Windows\System32\ucrtbase.dll
0x00007ffd35c20000 - 0x00007ffd35c38000 	C:\Program Files\Java\jdk-11.0.16\bin\jli.dll
0x00007ffd482b0000 - 0x00007ffd4835e000 	C:\Windows\System32\ADVAPI32.dll
0x00007ffd35be0000 - 0x00007ffd35bf5000 	C:\Program Files\Java\jdk-11.0.16\bin\VCRUNTIME140.dll
0x00007ffd479f0000 - 0x00007ffd47a8e000 	C:\Windows\System32\msvcrt.dll
0x00007ffd48cf0000 - 0x00007ffd48d8c000 	C:\Windows\System32\sechost.dll
0x00007ffd48f30000 - 0x00007ffd49055000 	C:\Windows\System32\RPCRT4.dll
0x00007ffd497b0000 - 0x00007ffd49950000 	C:\Windows\System32\USER32.dll
0x00007ffd473a0000 - 0x00007ffd473c2000 	C:\Windows\System32\win32u.dll
0x00007ffd47b60000 - 0x00007ffd47b8a000 	C:\Windows\System32\GDI32.dll
0x00007ffd47190000 - 0x00007ffd4729b000 	C:\Windows\System32\gdi32full.dll
0x00007ffd477f0000 - 0x00007ffd4788d000 	C:\Windows\System32\msvcp_win.dll
0x00007ffd2fef0000 - 0x00007ffd3018a000 	C:\Windows\WinSxS\amd64_microsoft.windows.common-controls_6595b64144ccf1df_6.0.19041.1110_none_60b5254171f9507e\COMCTL32.dll
0x00007ffd3f260000 - 0x00007ffd3f26a000 	C:\Windows\SYSTEM32\VERSION.dll
0x00007ffd48060000 - 0x00007ffd48090000 	C:\Windows\System32\IMM32.DLL
0x00007ffd33aa0000 - 0x00007ffd33b3b000 	C:\Program Files\Java\jdk-11.0.16\bin\msvcp140.dll
0x00007ffd1a990000 - 0x00007ffd1b4a8000 	C:\Program Files\Java\jdk-11.0.16\bin\server\jvm.dll
0x00007ffd49060000 - 0x00007ffd49068000 	C:\Windows\System32\PSAPI.DLL
0x00007ffd35bd0000 - 0x00007ffd35bd9000 	C:\Windows\SYSTEM32\WSOCK32.dll
0x00007ffd239e0000 - 0x00007ffd23a07000 	C:\Windows\SYSTEM32\WINMM.dll
0x00007ffd48ab0000 - 0x00007ffd48b1b000 	C:\Windows\System32\WS2_32.dll
0x00007ffd44f80000 - 0x00007ffd44f92000 	C:\Windows\SYSTEM32\kernel.appcore.dll
0x00007ffd42a90000 - 0x00007ffd42aa0000 	C:\Program Files\Java\jdk-11.0.16\bin\verify.dll
0x00007ffd393b0000 - 0x00007ffd39594000 	C:\Windows\SYSTEM32\DBGHELP.DLL
0x00007ffd39380000 - 0x00007ffd393ac000 	C:\Windows\SYSTEM32\dbgcore.DLL
0x00007ffd470b0000 - 0x00007ffd47132000 	C:\Windows\System32\bcryptPrimitives.dll
0x00007ffd35ba0000 - 0x00007ffd35bc8000 	C:\Program Files\Java\jdk-11.0.16\bin\java.dll
0x00007ffd3dd90000 - 0x00007ffd3dd9a000 	C:\Program Files\Java\jdk-11.0.16\bin\jimage.dll
0x00007ffd34980000 - 0x00007ffd34996000 	C:\Program Files\Java\jdk-11.0.16\bin\zip.dll
0x00007ffd48360000 - 0x00007ffd48aa3000 	C:\Windows\System32\SHELL32.dll
0x00007ffd45180000 - 0x00007ffd45915000 	C:\Windows\SYSTEM32\windows.storage.dll
0x00007ffd492a0000 - 0x00007ffd495f4000 	C:\Windows\System32\combase.dll
0x00007ffd46960000 - 0x00007ffd46990000 	C:\Windows\SYSTEM32\Wldp.dll
0x00007ffd49070000 - 0x00007ffd4911d000 	C:\Windows\System32\SHCORE.dll
0x00007ffd48000000 - 0x00007ffd48055000 	C:\Windows\System32\shlwapi.dll
0x00007ffd46ff0000 - 0x00007ffd4700f000 	C:\Windows\SYSTEM32\profapi.dll
0x00007ffd33a80000 - 0x00007ffd33a99000 	C:\Program Files\Java\jdk-11.0.16\bin\net.dll
0x00007ffd3ed80000 - 0x00007ffd3ee8a000 	C:\Windows\SYSTEM32\WINHTTP.dll
0x00007ffd46740000 - 0x00007ffd467aa000 	C:\Windows\system32\mswsock.dll
0x00007ffd33a60000 - 0x00007ffd33a72000 	C:\Program Files\Java\jdk-11.0.16\bin\nio.dll
0x0000000069ac0000 - 0x0000000069ae4000 	C:\Users\sfjbs\Downloads\micro service-20221001T123314Z-001\micro service\apache-maven-3.8.5-bin\apache-maven-3.8.5\lib\jansi-native\Windows\x86_64\jansi.dll

dbghelp: loaded successfully - version: 4.0.5 - missing functions: none
symbol engine: initialized successfully - sym options: 0x614 - pdb path: .;C:\Program Files\Java\jdk-11.0.16\bin;C:\Windows\SYSTEM32;C:\Windows\WinSxS\amd64_microsoft.windows.common-controls_6595b64144ccf1df_6.0.19041.1110_none_60b5254171f9507e;C:\Program Files\Java\jdk-11.0.16\bin\server;C:\Users\sfjbs\Downloads\micro service-20221001T123314Z-001\micro service\apache-maven-3.8.5-bin\apache-maven-3.8.5\lib\jansi-native\Windows\x86_64

VM Arguments:
jvm_args: -Dclassworlds.conf=C:\Users\sfjbs\Downloads\micro service-20221001T123314Z-001\micro service\apache-maven-3.8.5-bin\apache-maven-3.8.5\bin\m2.conf -Dmaven.home=C:\Users\sfjbs\Downloads\micro service-20221001T123314Z-001\micro service\apache-maven-3.8.5-bin\apache-maven-3.8.5 -Dlibrary.jansi.path=C:\Users\sfjbs\Downloads\micro service-20221001T123314Z-001\micro service\apache-maven-3.8.5-bin\apache-maven-3.8.5\lib\jansi-native -Dmaven.multiModuleProjectDirectory=C:\Users\sfjbs\IdeaProjects\training\Harshad\day13\pension-management-system 
java_command: org.codehaus.plexus.classworlds.launcher.Launcher clean install -DskipTests
java_class_path (initial): C:\Users\sfjbs\Downloads\micro service-20221001T123314Z-001\micro service\apache-maven-3.8.5-bin\apache-maven-3.8.5\boot\plexus-classworlds-2.6.0.jar
Launcher Type: SUN_STANDARD

[Global flags]
     intx CICompilerCount                          = 2                                         {product} {ergonomic}
     uint ConcGCThreads                            = 1                                         {product} {ergonomic}
     uint G1ConcRefinementThreads                  = 2                                         {product} {ergonomic}
   size_t G1HeapRegionSize                         = 1048576                                   {product} {ergonomic}
    uintx GCDrainStackTargetSize                   = 64                                        {product} {ergonomic}
   size_t InitialHeapSize                          = 134217728                                 {product} {ergonomic}
   size_t MarkStackSize                            = 4194304                                   {product} {ergonomic}
   size_t MaxHeapSize                              = 2147483648                                {product} {ergonomic}
   size_t MaxNewSize                               = 1287651328                                {product} {ergonomic}
   size_t MinHeapDeltaBytes                        = 1048576                                   {product} {ergonomic}
    uintx NonNMethodCodeHeapSize                   = 5825164                                {pd product} {ergonomic}
    uintx NonProfiledCodeHeapSize                  = 122916538                              {pd product} {ergonomic}
    uintx ProfiledCodeHeapSize                     = 122916538                              {pd product} {ergonomic}
    uintx ReservedCodeCacheSize                    = 251658240                              {pd product} {ergonomic}
     bool SegmentedCodeCache                       = true                                      {product} {ergonomic}
     bool UseCompressedClassPointers               = true                                 {lp64_product} {ergonomic}
     bool UseCompressedOops                        = true                                 {lp64_product} {ergonomic}
     bool UseG1GC                                  = true                                      {product} {ergonomic}
     bool UseLargePagesIndividualAllocation        = false                                  {pd product} {ergonomic}

Logging:
Log output configuration:
 #0: stdout all=warning uptime,level,tags
 #1: stderr all=off uptime,level,tags

Environment Variables:
PATH=C:\Program Files\Common Files\Oracle\Java\javapath;C:\Windows\system32;C:\Windows;C:\Windows\System32\Wbem;C:\Windows\System32\WindowsPowerShell\v1.0\;C:\Windows\System32\OpenSSH\;C:\Users\sfjbs\Downloads\micro service-20221001T123314Z-001\micro service\apache-maven-3.8.5-bin\apache-maven-3.8.5\bin;C:\Users\sfjbs\Downloads\micro service-20221001T123314Z-001\micro service\apache-maven-3.8.5-bin\apache-maven-3.8.5\lib;C:\Program Files\Docker\Docker\resources\bin;C:\ProgramData\DockerDesktop\version-bin;C:\Program Files\Git\cmd;C:\Users\sfjbs\AppData\Local\Microsoft\WindowsApps;C:\Users\sfjbs\Downloads\micro service-20221001T123314Z-001\micro service\apache-maven-3.8.5-bin\apache-maven-3.8.5\bin;C:\Users\sfjbs\Downloads\micro service-20221001T123314Z-001\micro service\apache-maven-3.8.5-bin\apache-maven-3.8.5\lib;;C:\Program Files\JetBrains\IntelliJ IDEA Community Edition 2022.2.1\bin;
USERNAME=sfjbs
OS=Windows_NT
PROCESSOR_IDENTIFIER=Intel64 Family 6 Model 106 Stepping 6, GenuineIntel



---------------  S Y S T E M  ---------------

OS: Windows 10 , 64 bit Build 19041 (10.0.19041.1889)
Hyper-V role detected

CPU:total 2 (initial active 2) (1 cores per cpu, 2 threads per core) family 6 model 106 stepping 6 microcode 0xffffffff, cmov, cx8, fxsr, mmx, sse, sse2, sse3, ssse3, sse4.1, sse4.2, popcnt, avx, avx2, aes, clmul, erms, rtm, 3dnowpref, lzcnt, ht, tsc, bmi1, bmi2, adx, evex, fma

Memory: 4k page, system-wide physical 8190M (501M free)
TotalPageFile size 10238M (AvailPageFile size 4M)
current process WorkingSet (physical memory assigned to process): 90M, peak: 90M
current process commit charge ("private bytes"): 221M, peak: 222M

vm_info: Java HotSpot(TM) 64-Bit Server VM (11.0.16+11-LTS-199) for windows-amd64 JRE (11.0.16+11-LTS-199), built on Jun 28 2022 08:23:17 by "mach5one" with MS VC++ 15.9 (VS2017)

END.
