#
# There is insufficient memory for the Java Runtime Environment to continue.
# Native memory allocation (mmap) failed to map 42991616 bytes for Failed to commit area from 0x0000000089a00000 to 0x000000008c300000 of length 42991616.
# Possible reasons:
#   The system is out of physical RAM or swap space
#   The process is running with CompressedOops enabled, and the Java Heap may be blocking the growth of the native heap
# Possible solutions:
#   Reduce memory load on the system
#   Increase physical memory or swap space
#   Check if swap backing store is full
#   Decrease Java heap size (-Xmx/-Xms)
#   Decrease number of Java threads
#   Decrease Java thread stack sizes (-Xss)
#   Set larger code cache with -XX:ReservedCodeCacheSize=
#   JVM is running with Unscaled Compressed Oops mode in which the Java heap is
#     placed in the first 4GB address space. The Java Heap base address is the
#     maximum limit for the native heap growth. Please use -XX:HeapBaseMinAddress
#     to set the Java Heap base and to place the Java Heap above 4GB virtual address.
# This output file may be truncated or incomplete.
#
#  Out of Memory Error (./open/src/hotspot/os/windows/os_windows.cpp:3287), pid=151032, tid=161420
#
# JRE version: Java(TM) SE Runtime Environment 18.9 (11.0.16+11) (build 11.0.16+11-LTS-199)
# Java VM: Java HotSpot(TM) 64-Bit Server VM 18.9 (11.0.16+11-LTS-199, mixed mode, tiered, compressed oops, g1 gc, windows-amd64)
# No core dump will be written. Minidumps are not enabled by default on client versions of Windows
#

---------------  S U M M A R Y ------------

Command Line: -Xverify:none -XX:TieredStopAtLevel=1 com.student.app.PensionMicroserviceApplication

Host: Intel(R) Xeon(R) Platinum 8272CL CPU @ 2.60GHz, 2 cores, 7G,  Windows 10 , 64 bit Build 19041 (10.0.19041.1889)
Time: Tue Nov  1 07:30:44 2022 Coordinated Universal Time elapsed time: 10.415228 seconds (0d 0h 0m 10s)

---------------  T H R E A D  ---------------

Current thread (0x000001f3686f0000):  VMThread "VM Thread" [stack: 0x0000008b25500000,0x0000008b25600000] [id=161420]

Stack: [0x0000008b25500000,0x0000008b25600000]
[error occurred during error reporting (printing stack bounds), id 0xc0000005, EXCEPTION_ACCESS_VIOLATION (0xc0000005) at pc=0x000001f3523210e7]

Native frames: (J=compiled Java code, j=interpreted, Vv=VM code, C=native code)
V  [jvm.dll+0x62a3ea]
V  [jvm.dll+0x76418f]
V  [jvm.dll+0x765839]
V  [jvm.dll+0x765e25]
V  [jvm.dll+0x765ddb]
V  [jvm.dll+0x6298d3]
V  [jvm.dll+0x629fe8]
C  [ntdll.dll+0xa241f]
C  [ntdll.dll+0x514a4]
C  [ntdll.dll+0xa0f4e]
C  0x000001f3523210e7

VM_Operation (0x0000008b24efc410): G1CollectForAllocation, mode: safepoint, requested by thread 0x000001f34943f800


---------------  P R O C E S S  ---------------

Threads class SMR info:
_java_thread_list=0x000001f36b2e7920, length=15, elements={
0x000001f34943f800, 0x000001f3686f3000, 0x000001f3686f5000, 0x000001f368712800,
0x000001f368716800, 0x000001f368717800, 0x000001f36871a800, 0x000001f36871d800,
0x000001f3691a4800, 0x000001f3697a8800, 0x000001f3697a9000, 0x000001f36af4d800,
0x000001f36af4e800, 0x000001f3695a6800, 0x000001f3693f3000
}

Java Threads: ( => current thread )
  0x000001f34943f800 JavaThread "main" [_thread_blocked, id=164420, stack(0x0000008b24e00000,0x0000008b24f00000)]
  0x000001f3686f3000 JavaThread "Reference Handler" daemon [_thread_blocked, id=138100, stack(0x0000008b25600000,0x0000008b25700000)]
  0x000001f3686f5000 JavaThread "Finalizer" daemon [_thread_blocked, id=87160, stack(0x0000008b25700000,0x0000008b25800000)]
  0x000001f368712800 JavaThread "Signal Dispatcher" daemon [_thread_blocked, id=147364, stack(0x0000008b25800000,0x0000008b25900000)]
  0x000001f368716800 JavaThread "Attach Listener" daemon [_thread_blocked, id=176704, stack(0x0000008b25900000,0x0000008b25a00000)]
  0x000001f368717800 JavaThread "Service Thread" daemon [_thread_blocked, id=163692, stack(0x0000008b25a00000,0x0000008b25b00000)]
  0x000001f36871a800 JavaThread "C1 CompilerThread0" daemon [_thread_blocked, id=176944, stack(0x0000008b25b00000,0x0000008b25c00000)]
  0x000001f36871d800 JavaThread "Sweeper thread" daemon [_thread_blocked, id=174040, stack(0x0000008b25c00000,0x0000008b25d00000)]
  0x000001f3691a4800 JavaThread "Common-Cleaner" daemon [_thread_blocked, id=172392, stack(0x0000008b25e00000,0x0000008b25f00000)]
  0x000001f3697a8800 JavaThread "Catalina-utility-1" [_thread_blocked, id=168092, stack(0x0000008b26000000,0x0000008b26100000)]
  0x000001f3697a9000 JavaThread "Catalina-utility-2" [_thread_blocked, id=174036, stack(0x0000008b26100000,0x0000008b26200000)]
  0x000001f36af4d800 JavaThread "container-0" [_thread_blocked, id=128676, stack(0x0000008b26200000,0x0000008b26300000)]
  0x000001f36af4e800 JavaThread "mysql-cj-abandoned-connection-cleanup" daemon [_thread_blocked, id=175776, stack(0x0000008b26300000,0x0000008b26400000)]
  0x000001f3695a6800 JavaThread "HikariPool-1 housekeeper" daemon [_thread_blocked, id=173516, stack(0x0000008b26500000,0x0000008b26600000)]
  0x000001f3693f3000 JavaThread "HikariPool-1 connection adder" daemon [_thread_blocked, id=166540, stack(0x0000008b26600000,0x0000008b26700000)]

Other Threads:
=>0x000001f3686f0000 VMThread "VM Thread" [stack: 0x0000008b25500000,0x0000008b25600000] [id=161420]
  0x000001f36919f000 WatcherThread [stack: 0x0000008b25d00000,0x0000008b25e00000] [id=160712]
  0x000001f349454800 GCTaskThread "GC Thread#0" [stack: 0x0000008b25000000,0x0000008b25100000] [id=167036]
  0x000001f369368800 GCTaskThread "GC Thread#1" [stack: 0x0000008b25f00000,0x0000008b26000000] [id=148652]
  0x000001f349484800 ConcurrentGCThread "G1 Main Marker" [stack: 0x0000008b25100000,0x0000008b25200000] [id=159044]
  0x000001f349486000 ConcurrentGCThread "G1 Conc#0" [stack: 0x0000008b25200000,0x0000008b25300000] [id=149928]
  0x000001f34950e000 ConcurrentGCThread "G1 Refine#0" [stack: 0x0000008b25300000,0x0000008b25400000] [id=135396]
  0x000001f34950f000 ConcurrentGCThread "G1 Young RemSet Sampling" [stack: 0x0000008b25400000,0x0000008b25500000] [id=161796]

Threads with active compile tasks:

VM state:at safepoint (normal execution)

VM Mutex/Monitor currently owned by a thread:  ([mutex/lock_event])
[0x000001f34943a730] Threads_lock - owner thread: 0x000001f3686f0000
[0x000001f34943ad60] Heap_lock - owner thread: 0x000001f34943f800

Heap address: 0x0000000080000000, size: 2048 MB, Compressed Oops mode: 32-bit
Narrow klass base: 0x0000000000000000, Narrow klass shift: 3
Compressed class space size: 1073741824 Address: 0x0000000100000000

Heap:
 garbage-first heap   total 199680K, used 19469K [0x0000000080000000, 0x0000000100000000)
  region size 1024K, 9 young (9216K), 9 survivors (9216K)
 Metaspace       used 48150K, capacity 49409K, committed 49488K, reserved 1091584K
  class space    used 6318K, capacity 6840K, committed 6912K, reserved 1048576K
Heap Regions: E=young(eden), S=young(survivor), O=old, HS=humongous(starts), HC=humongous(continues), CS=collection set, F=free, A=archive, TAMS=top-at-mark-start (previous, next)
|   0|0x0000000080000000, 0x0000000080100000, 0x0000000080100000|100%|HS|  |TAMS 0x0000000080100000, 0x0000000080000000| Complete 
|   1|0x0000000080100000, 0x0000000080200000, 0x0000000080200000|100%| O|  |TAMS 0x0000000080200000, 0x0000000080100000| Untracked 
|   2|0x0000000080200000, 0x0000000080300000, 0x0000000080300000|100%| O|  |TAMS 0x0000000080300000, 0x0000000080200000| Untracked 
|   3|0x0000000080300000, 0x0000000080400000, 0x0000000080400000|100%| O|  |TAMS 0x0000000080400000, 0x0000000080300000| Untracked 
|   4|0x0000000080400000, 0x0000000080500000, 0x0000000080500000|100%| O|  |TAMS 0x0000000080500000, 0x0000000080400000| Untracked 
|   5|0x0000000080500000, 0x0000000080600000, 0x0000000080600000|100%| O|  |TAMS 0x0000000080600000, 0x0000000080500000| Untracked 
|   6|0x0000000080600000, 0x0000000080700000, 0x0000000080700000|100%| O|  |TAMS 0x0000000080664400, 0x0000000080600000| Untracked 
|   7|0x0000000080700000, 0x0000000080800000, 0x0000000080800000|100%| O|  |TAMS 0x0000000080700000, 0x0000000080700000| Untracked 
|   8|0x0000000080800000, 0x0000000080900000, 0x0000000080900000|100%| O|  |TAMS 0x0000000080800000, 0x0000000080800000| Untracked 
|   9|0x0000000080900000, 0x0000000080a00000, 0x0000000080a00000|100%| O|  |TAMS 0x0000000080900000, 0x0000000080900000| Untracked 
|  10|0x0000000080a00000, 0x0000000080a03600, 0x0000000080b00000|  1%| O|  |TAMS 0x0000000080a00000, 0x0000000080a00000| Untracked 
|  11|0x0000000080b00000, 0x0000000080b00000, 0x0000000080c00000|  0%| F|  |TAMS 0x0000000080b00000, 0x0000000080b00000| Untracked 
|  12|0x0000000080c00000, 0x0000000080c00000, 0x0000000080d00000|  0%| F|  |TAMS 0x0000000080c00000, 0x0000000080c00000| Untracked 
|  13|0x0000000080d00000, 0x0000000080d00000, 0x0000000080e00000|  0%| F|  |TAMS 0x0000000080d00000, 0x0000000080d00000| Untracked 
|  14|0x0000000080e00000, 0x0000000080e00000, 0x0000000080f00000|  0%| F|  |TAMS 0x0000000080e00000, 0x0000000080e00000| Untracked 
|  15|0x0000000080f00000, 0x0000000080f00000, 0x0000000081000000|  0%| F|  |TAMS 0x0000000080f00000, 0x0000000080f00000| Untracked 
|  16|0x0000000081000000, 0x0000000081000000, 0x0000000081100000|  0%| F|  |TAMS 0x0000000081000000, 0x0000000081000000| Untracked 
|  17|0x0000000081100000, 0x0000000081100000, 0x0000000081200000|  0%| F|  |TAMS 0x0000000081100000, 0x0000000081100000| Untracked 
|  18|0x0000000081200000, 0x0000000081200000, 0x0000000081300000|  0%| F|  |TAMS 0x0000000081200000, 0x0000000081200000| Untracked 
|  19|0x0000000081300000, 0x0000000081300000, 0x0000000081400000|  0%| F|  |TAMS 0x0000000081300000, 0x0000000081300000| Untracked 
|  20|0x0000000081400000, 0x0000000081400000, 0x0000000081500000|  0%| F|  |TAMS 0x0000000081400000, 0x0000000081400000| Untracked 
|  21|0x0000000081500000, 0x0000000081500000, 0x0000000081600000|  0%| F|  |TAMS 0x0000000081500000, 0x0000000081500000| Untracked 
|  22|0x0000000081600000, 0x0000000081600000, 0x0000000081700000|  0%| F|  |TAMS 0x0000000081600000, 0x0000000081600000| Untracked 
|  23|0x0000000081700000, 0x0000000081700000, 0x0000000081800000|  0%| F|  |TAMS 0x0000000081700000, 0x0000000081700000| Untracked 
|  24|0x0000000081800000, 0x0000000081800000, 0x0000000081900000|  0%| F|  |TAMS 0x0000000081800000, 0x0000000081800000| Untracked 
|  25|0x0000000081900000, 0x0000000081900000, 0x0000000081a00000|  0%| F|  |TAMS 0x0000000081900000, 0x0000000081900000| Untracked 
|  26|0x0000000081a00000, 0x0000000081a00000, 0x0000000081b00000|  0%| F|  |TAMS 0x0000000081a00000, 0x0000000081a00000| Untracked 
|  27|0x0000000081b00000, 0x0000000081b00000, 0x0000000081c00000|  0%| F|  |TAMS 0x0000000081b00000, 0x0000000081b00000| Untracked 
|  28|0x0000000081c00000, 0x0000000081c00000, 0x0000000081d00000|  0%| F|  |TAMS 0x0000000081c00000, 0x0000000081c00000| Untracked 
|  29|0x0000000081d00000, 0x0000000081d00000, 0x0000000081e00000|  0%| F|  |TAMS 0x0000000081d00000, 0x0000000081d00000| Untracked 
|  30|0x0000000081e00000, 0x0000000081e00000, 0x0000000081f00000|  0%| F|  |TAMS 0x0000000081e00000, 0x0000000081e00000| Untracked 
|  31|0x0000000081f00000, 0x0000000081f00000, 0x0000000082000000|  0%| F|  |TAMS 0x0000000081f00000, 0x0000000081f00000| Untracked 
|  32|0x0000000082000000, 0x0000000082000000, 0x0000000082100000|  0%| F|  |TAMS 0x0000000082000000, 0x0000000082000000| Untracked 
|  33|0x0000000082100000, 0x0000000082100000, 0x0000000082200000|  0%| F|  |TAMS 0x0000000082100000, 0x0000000082100000| Untracked 
|  34|0x0000000082200000, 0x0000000082200000, 0x0000000082300000|  0%| F|  |TAMS 0x0000000082200000, 0x0000000082200000| Untracked 
|  35|0x0000000082300000, 0x0000000082300000, 0x0000000082400000|  0%| F|  |TAMS 0x0000000082300000, 0x0000000082300000| Untracked 
|  36|0x0000000082400000, 0x0000000082400000, 0x0000000082500000|  0%| F|  |TAMS 0x0000000082400000, 0x0000000082400000| Untracked 
|  37|0x0000000082500000, 0x0000000082500000, 0x0000000082600000|  0%| F|  |TAMS 0x0000000082500000, 0x0000000082500000| Untracked 
|  38|0x0000000082600000, 0x0000000082600000, 0x0000000082700000|  0%| F|  |TAMS 0x0000000082600000, 0x0000000082600000| Untracked 
|  39|0x0000000082700000, 0x0000000082700000, 0x0000000082800000|  0%| F|  |TAMS 0x0000000082700000, 0x0000000082700000| Untracked 
|  40|0x0000000082800000, 0x0000000082800000, 0x0000000082900000|  0%| F|  |TAMS 0x0000000082800000, 0x0000000082800000| Untracked 
|  41|0x0000000082900000, 0x0000000082900000, 0x0000000082a00000|  0%| F|  |TAMS 0x0000000082900000, 0x0000000082900000| Untracked 
|  42|0x0000000082a00000, 0x0000000082a00000, 0x0000000082b00000|  0%| F|  |TAMS 0x0000000082a00000, 0x0000000082a00000| Untracked 
|  43|0x0000000082b00000, 0x0000000082b00000, 0x0000000082c00000|  0%| F|  |TAMS 0x0000000082b00000, 0x0000000082b00000| Untracked 
|  44|0x0000000082c00000, 0x0000000082c00000, 0x0000000082d00000|  0%| F|  |TAMS 0x0000000082c00000, 0x0000000082c00000| Untracked 
|  45|0x0000000082d00000, 0x0000000082d00000, 0x0000000082e00000|  0%| F|  |TAMS 0x0000000082d00000, 0x0000000082d00000| Untracked 
|  46|0x0000000082e00000, 0x0000000082e00000, 0x0000000082f00000|  0%| F|  |TAMS 0x0000000082e00000, 0x0000000082e00000| Untracked 
|  47|0x0000000082f00000, 0x0000000082f00000, 0x0000000083000000|  0%| F|  |TAMS 0x0000000082f00000, 0x0000000082f00000| Untracked 
|  48|0x0000000083000000, 0x0000000083000000, 0x0000000083100000|  0%| F|  |TAMS 0x0000000083000000, 0x0000000083000000| Untracked 
|  49|0x0000000083100000, 0x0000000083100000, 0x0000000083200000|  0%| F|  |TAMS 0x0000000083100000, 0x0000000083100000| Untracked 
|  50|0x0000000083200000, 0x0000000083200000, 0x0000000083300000|  0%| F|  |TAMS 0x0000000083200000, 0x0000000083200000| Untracked 
|  51|0x0000000083300000, 0x0000000083300000, 0x0000000083400000|  0%| F|  |TAMS 0x0000000083300000, 0x0000000083300000| Untracked 
|  52|0x0000000083400000, 0x0000000083400000, 0x0000000083500000|  0%| F|  |TAMS 0x0000000083400000, 0x0000000083400000| Untracked 
|  53|0x0000000083500000, 0x0000000083500000, 0x0000000083600000|  0%| F|  |TAMS 0x0000000083500000, 0x0000000083500000| Untracked 
|  54|0x0000000083600000, 0x0000000083600000, 0x0000000083700000|  0%| F|  |TAMS 0x0000000083600000, 0x0000000083600000| Untracked 
|  55|0x0000000083700000, 0x0000000083700000, 0x0000000083800000|  0%| F|  |TAMS 0x0000000083700000, 0x0000000083700000| Untracked 
|  56|0x0000000083800000, 0x0000000083800000, 0x0000000083900000|  0%| F|  |TAMS 0x0000000083800000, 0x0000000083800000| Untracked 
|  57|0x0000000083900000, 0x0000000083900000, 0x0000000083a00000|  0%| F|  |TAMS 0x0000000083900000, 0x0000000083900000| Untracked 
|  58|0x0000000083a00000, 0x0000000083a00000, 0x0000000083b00000|  0%| F|  |TAMS 0x0000000083a00000, 0x0000000083a00000| Untracked 
|  59|0x0000000083b00000, 0x0000000083b00000, 0x0000000083c00000|  0%| F|  |TAMS 0x0000000083b00000, 0x0000000083b00000| Untracked 
|  60|0x0000000083c00000, 0x0000000083c00000, 0x0000000083d00000|  0%| F|  |TAMS 0x0000000083c00000, 0x0000000083c00000| Untracked 
|  61|0x0000000083d00000, 0x0000000083d00000, 0x0000000083e00000|  0%| F|  |TAMS 0x0000000083d00000, 0x0000000083d00000| Untracked 
|  62|0x0000000083e00000, 0x0000000083f00000, 0x0000000083f00000|100%| S|CS|TAMS 0x0000000083e00000, 0x0000000083e00000| Complete 
|  63|0x0000000083f00000, 0x0000000084000000, 0x0000000084000000|100%| S|CS|TAMS 0x0000000083f00000, 0x0000000083f00000| Complete 
|  64|0x0000000084000000, 0x0000000084100000, 0x0000000084100000|100%| S|CS|TAMS 0x0000000084000000, 0x0000000084000000| Complete 
|  65|0x0000000084100000, 0x0000000084200000, 0x0000000084200000|100%| S|CS|TAMS 0x0000000084100000, 0x0000000084100000| Complete 
|  66|0x0000000084200000, 0x0000000084300000, 0x0000000084300000|100%| S|CS|TAMS 0x0000000084200000, 0x0000000084200000| Complete 
|  67|0x0000000084300000, 0x0000000084400000, 0x0000000084400000|100%| S|CS|TAMS 0x0000000084300000, 0x0000000084300000| Complete 
|  68|0x0000000084400000, 0x0000000084500000, 0x0000000084500000|100%| S|CS|TAMS 0x0000000084400000, 0x0000000084400000| Complete 
|  69|0x0000000084500000, 0x0000000084600000, 0x0000000084600000|100%| S|CS|TAMS 0x0000000084500000, 0x0000000084500000| Complete 
|  70|0x0000000084600000, 0x0000000084700000, 0x0000000084700000|100%| S|CS|TAMS 0x0000000084600000, 0x0000000084600000| Complete 
|  71|0x0000000084700000, 0x0000000084700000, 0x0000000084800000|  0%| F|  |TAMS 0x0000000084700000, 0x0000000084700000| Untracked 
|  72|0x0000000084800000, 0x0000000084800000, 0x0000000084900000|  0%| F|  |TAMS 0x0000000084800000, 0x0000000084800000| Untracked 
|  73|0x0000000084900000, 0x0000000084900000, 0x0000000084a00000|  0%| F|  |TAMS 0x0000000084900000, 0x0000000084900000| Untracked 
|  74|0x0000000084a00000, 0x0000000084a00000, 0x0000000084b00000|  0%| F|  |TAMS 0x0000000084a00000, 0x0000000084a00000| Untracked 
|  75|0x0000000084b00000, 0x0000000084b00000, 0x0000000084c00000|  0%| F|  |TAMS 0x0000000084b00000, 0x0000000084b00000| Untracked 
|  76|0x0000000084c00000, 0x0000000084c00000, 0x0000000084d00000|  0%| F|  |TAMS 0x0000000084c00000, 0x0000000084c00000| Untracked 
|  77|0x0000000084d00000, 0x0000000084d00000, 0x0000000084e00000|  0%| F|  |TAMS 0x0000000084d00000, 0x0000000084d00000| Untracked 
|  78|0x0000000084e00000, 0x0000000084e00000, 0x0000000084f00000|  0%| F|  |TAMS 0x0000000084e00000, 0x0000000084e00000| Untracked 
|  79|0x0000000084f00000, 0x0000000084f00000, 0x0000000085000000|  0%| F|  |TAMS 0x0000000084f00000, 0x0000000084f00000| Untracked 
|  80|0x0000000085000000, 0x0000000085000000, 0x0000000085100000|  0%| F|  |TAMS 0x0000000085000000, 0x0000000085000000| Untracked 
|  81|0x0000000085100000, 0x0000000085100000, 0x0000000085200000|  0%| F|  |TAMS 0x0000000085100000, 0x0000000085100000| Untracked 
|  82|0x0000000085200000, 0x0000000085200000, 0x0000000085300000|  0%| F|  |TAMS 0x0000000085200000, 0x0000000085200000| Untracked 
|  83|0x0000000085300000, 0x0000000085300000, 0x0000000085400000|  0%| F|  |TAMS 0x0000000085300000, 0x0000000085300000| Untracked 
|  84|0x0000000085400000, 0x0000000085400000, 0x0000000085500000|  0%| F|  |TAMS 0x0000000085400000, 0x0000000085400000| Untracked 
|  85|0x0000000085500000, 0x0000000085500000, 0x0000000085600000|  0%| F|  |TAMS 0x0000000085500000, 0x0000000085500000| Untracked 
|  86|0x0000000085600000, 0x0000000085600000, 0x0000000085700000|  0%| F|  |TAMS 0x0000000085600000, 0x0000000085600000| Untracked 
|  87|0x0000000085700000, 0x0000000085700000, 0x0000000085800000|  0%| F|  |TAMS 0x0000000085700000, 0x0000000085700000| Untracked 
|  88|0x0000000085800000, 0x0000000085800000, 0x0000000085900000|  0%| F|  |TAMS 0x0000000085800000, 0x0000000085800000| Untracked 
|  89|0x0000000085900000, 0x0000000085900000, 0x0000000085a00000|  0%| F|  |TAMS 0x0000000085900000, 0x0000000085900000| Untracked 
|  90|0x0000000085a00000, 0x0000000085a00000, 0x0000000085b00000|  0%| F|  |TAMS 0x0000000085a00000, 0x0000000085a00000| Untracked 
|  91|0x0000000085b00000, 0x0000000085b00000, 0x0000000085c00000|  0%| F|  |TAMS 0x0000000085b00000, 0x0000000085b00000| Untracked 
|  92|0x0000000085c00000, 0x0000000085c00000, 0x0000000085d00000|  0%| F|  |TAMS 0x0000000085c00000, 0x0000000085c00000| Untracked 
|  93|0x0000000085d00000, 0x0000000085d00000, 0x0000000085e00000|  0%| F|  |TAMS 0x0000000085d00000, 0x0000000085d00000| Untracked 
|  94|0x0000000085e00000, 0x0000000085e00000, 0x0000000085f00000|  0%| F|  |TAMS 0x0000000085e00000, 0x0000000085e00000| Untracked 
|  95|0x0000000085f00000, 0x0000000085f00000, 0x0000000086000000|  0%| F|  |TAMS 0x0000000085f00000, 0x0000000085f00000| Untracked 
|  96|0x0000000086000000, 0x0000000086000000, 0x0000000086100000|  0%| F|  |TAMS 0x0000000086000000, 0x0000000086000000| Untracked 
|  97|0x0000000086100000, 0x0000000086100000, 0x0000000086200000|  0%| F|  |TAMS 0x0000000086100000, 0x0000000086100000| Untracked 
|  98|0x0000000086200000, 0x0000000086200000, 0x0000000086300000|  0%| F|  |TAMS 0x0000000086200000, 0x0000000086200000| Untracked 
|  99|0x0000000086300000, 0x0000000086300000, 0x0000000086400000|  0%| F|  |TAMS 0x0000000086300000, 0x0000000086300000| Untracked 
| 100|0x0000000086400000, 0x0000000086400000, 0x0000000086500000|  0%| F|  |TAMS 0x0000000086400000, 0x0000000086400000| Untracked 
| 101|0x0000000086500000, 0x0000000086500000, 0x0000000086600000|  0%| F|  |TAMS 0x0000000086500000, 0x0000000086500000| Untracked 
| 102|0x0000000086600000, 0x0000000086600000, 0x0000000086700000|  0%| F|  |TAMS 0x0000000086600000, 0x0000000086600000| Untracked 
| 103|0x0000000086700000, 0x0000000086700000, 0x0000000086800000|  0%| F|  |TAMS 0x0000000086700000, 0x0000000086700000| Untracked 
| 104|0x0000000086800000, 0x0000000086800000, 0x0000000086900000|  0%| F|  |TAMS 0x0000000086800000, 0x0000000086800000| Untracked 
| 105|0x0000000086900000, 0x0000000086900000, 0x0000000086a00000|  0%| F|  |TAMS 0x0000000086900000, 0x0000000086900000| Untracked 
| 106|0x0000000086a00000, 0x0000000086a00000, 0x0000000086b00000|  0%| F|  |TAMS 0x0000000086a00000, 0x0000000086a00000| Untracked 
| 107|0x0000000086b00000, 0x0000000086b00000, 0x0000000086c00000|  0%| F|  |TAMS 0x0000000086b00000, 0x0000000086b00000| Untracked 
| 108|0x0000000086c00000, 0x0000000086c00000, 0x0000000086d00000|  0%| F|  |TAMS 0x0000000086c00000, 0x0000000086c00000| Untracked 
| 109|0x0000000086d00000, 0x0000000086d00000, 0x0000000086e00000|  0%| F|  |TAMS 0x0000000086d00000, 0x0000000086d00000| Untracked 
| 110|0x0000000086e00000, 0x0000000086e00000, 0x0000000086f00000|  0%| F|  |TAMS 0x0000000086e00000, 0x0000000086e00000| Untracked 
| 111|0x0000000086f00000, 0x0000000086f00000, 0x0000000087000000|  0%| F|  |TAMS 0x0000000086f00000, 0x0000000086f00000| Untracked 
| 112|0x0000000087000000, 0x0000000087000000, 0x0000000087100000|  0%| F|  |TAMS 0x0000000087000000, 0x0000000087000000| Untracked 
| 113|0x0000000087100000, 0x0000000087100000, 0x0000000087200000|  0%| F|  |TAMS 0x0000000087100000, 0x0000000087100000| Untracked 
| 114|0x0000000087200000, 0x0000000087200000, 0x0000000087300000|  0%| F|  |TAMS 0x0000000087200000, 0x0000000087200000| Untracked 
| 115|0x0000000087300000, 0x0000000087300000, 0x0000000087400000|  0%| F|  |TAMS 0x0000000087300000, 0x0000000087300000| Untracked 
| 116|0x0000000087400000, 0x0000000087400000, 0x0000000087500000|  0%| F|  |TAMS 0x0000000087400000, 0x0000000087400000| Untracked 
| 117|0x0000000087500000, 0x0000000087500000, 0x0000000087600000|  0%| F|  |TAMS 0x0000000087500000, 0x0000000087500000| Untracked 
| 118|0x0000000087600000, 0x0000000087600000, 0x0000000087700000|  0%| F|  |TAMS 0x0000000087600000, 0x0000000087600000| Untracked 
| 119|0x0000000087700000, 0x0000000087700000, 0x0000000087800000|  0%| F|  |TAMS 0x0000000087700000, 0x0000000087700000| Untracked 
| 120|0x0000000087800000, 0x0000000087800000, 0x0000000087900000|  0%| F|  |TAMS 0x0000000087800000, 0x0000000087800000| Untracked 
| 121|0x0000000087900000, 0x0000000087900000, 0x0000000087a00000|  0%| F|  |TAMS 0x0000000087900000, 0x0000000087900000| Untracked 
| 122|0x0000000087a00000, 0x0000000087a00000, 0x0000000087b00000|  0%| F|  |TAMS 0x0000000087a00000, 0x0000000087a00000| Untracked 
| 123|0x0000000087b00000, 0x0000000087b00000, 0x0000000087c00000|  0%| F|  |TAMS 0x0000000087b00000, 0x0000000087b00000| Untracked 
| 124|0x0000000087c00000, 0x0000000087c00000, 0x0000000087d00000|  0%| F|  |TAMS 0x0000000087c00000, 0x0000000087c00000| Untracked 
| 125|0x0000000087d00000, 0x0000000087d00000, 0x0000000087e00000|  0%| F|  |TAMS 0x0000000087d00000, 0x0000000087d00000| Untracked 
| 126|0x0000000087e00000, 0x0000000087e00000, 0x0000000087f00000|  0%| F|  |TAMS 0x0000000087e00000, 0x0000000087e00000| Untracked 
| 127|0x0000000087f00000, 0x0000000087f00000, 0x0000000088000000|  0%| F|  |TAMS 0x0000000087f00000, 0x0000000087f00000| Untracked 
| 128|0x0000000088000000, 0x0000000088000000, 0x0000000088100000|  0%| F|  |TAMS 0x0000000088000000, 0x0000000088000000| Untracked 
| 129|0x0000000088100000, 0x0000000088100000, 0x0000000088200000|  0%| F|  |TAMS 0x0000000088100000, 0x0000000088100000| Untracked 
| 130|0x0000000088200000, 0x0000000088200000, 0x0000000088300000|  0%| F|  |TAMS 0x0000000088200000, 0x0000000088200000| Untracked 
| 131|0x0000000088300000, 0x0000000088300000, 0x0000000088400000|  0%| F|  |TAMS 0x0000000088300000, 0x0000000088300000| Untracked 
| 132|0x0000000088400000, 0x0000000088400000, 0x0000000088500000|  0%| F|  |TAMS 0x0000000088400000, 0x0000000088400000| Untracked 
| 133|0x0000000088500000, 0x0000000088500000, 0x0000000088600000|  0%| F|  |TAMS 0x0000000088500000, 0x0000000088500000| Untracked 
| 134|0x0000000088600000, 0x0000000088600000, 0x0000000088700000|  0%| F|  |TAMS 0x0000000088600000, 0x0000000088600000| Untracked 
| 135|0x0000000088700000, 0x0000000088700000, 0x0000000088800000|  0%| F|  |TAMS 0x0000000088700000, 0x0000000088700000| Untracked 
| 136|0x0000000088800000, 0x0000000088800000, 0x0000000088900000|  0%| F|  |TAMS 0x0000000088800000, 0x0000000088800000| Untracked 
| 137|0x0000000088900000, 0x0000000088900000, 0x0000000088a00000|  0%| F|  |TAMS 0x0000000088900000, 0x0000000088900000| Untracked 
| 138|0x0000000088a00000, 0x0000000088a00000, 0x0000000088b00000|  0%| F|  |TAMS 0x0000000088a00000, 0x0000000088a00000| Untracked 
| 139|0x0000000088b00000, 0x0000000088b00000, 0x0000000088c00000|  0%| F|  |TAMS 0x0000000088b00000, 0x0000000088b00000| Untracked 
| 140|0x0000000088c00000, 0x0000000088c00000, 0x0000000088d00000|  0%| F|  |TAMS 0x0000000088c00000, 0x0000000088c00000| Untracked 
| 141|0x0000000088d00000, 0x0000000088d00000, 0x0000000088e00000|  0%| F|  |TAMS 0x0000000088d00000, 0x0000000088d00000| Untracked 
| 142|0x0000000088e00000, 0x0000000088e00000, 0x0000000088f00000|  0%| F|  |TAMS 0x0000000088e00000, 0x0000000088e00000| Untracked 
| 143|0x0000000088f00000, 0x0000000088f00000, 0x0000000089000000|  0%| F|  |TAMS 0x0000000088f00000, 0x0000000088f00000| Untracked 
| 144|0x0000000089000000, 0x0000000089000000, 0x0000000089100000|  0%| F|  |TAMS 0x0000000089000000, 0x0000000089000000| Untracked 
| 145|0x0000000089100000, 0x0000000089100000, 0x0000000089200000|  0%| F|  |TAMS 0x0000000089100000, 0x0000000089100000| Untracked 
| 146|0x0000000089200000, 0x0000000089200000, 0x0000000089300000|  0%| F|  |TAMS 0x0000000089200000, 0x0000000089200000| Untracked 
| 147|0x0000000089300000, 0x0000000089300000, 0x0000000089400000|  0%| F|  |TAMS 0x0000000089300000, 0x0000000089300000| Untracked 
| 148|0x0000000089400000, 0x0000000089400000, 0x0000000089500000|  0%| F|  |TAMS 0x0000000089400000, 0x0000000089400000| Untracked 
| 149|0x0000000089500000, 0x0000000089500000, 0x0000000089600000|  0%| F|  |TAMS 0x0000000089500000, 0x0000000089500000| Untracked 
| 150|0x0000000089600000, 0x0000000089600000, 0x0000000089700000|  0%| F|  |TAMS 0x0000000089600000, 0x0000000089600000| Untracked 
| 151|0x0000000089700000, 0x0000000089700000, 0x0000000089800000|  0%| F|  |TAMS 0x0000000089700000, 0x0000000089700000| Untracked 
| 152|0x0000000089800000, 0x0000000089800000, 0x0000000089900000|  0%| F|  |TAMS 0x0000000089800000, 0x0000000089800000| Untracked 
| 153|0x0000000089900000, 0x0000000089900000, 0x0000000089a00000|  0%| F|  |TAMS 0x0000000089900000, 0x0000000089900000| Untracked 

Card table byte_map: [0x000001f361b30000,0x000001f361f30000] _byte_map_base: 0x000001f361730000

Marking Bits (Prev, Next): (CMBitMap*) 0x000001f34947be48, (CMBitMap*) 0x000001f34947be80
 Prev Bits: [0x000001f362330000, 0x000001f364330000)
 Next Bits: [0x000001f364330000, 0x000001f366330000)

Polling page: 0x000001f349520000

Metaspace:

Usage:
  Non-class:     41.57 MB capacity,    40.85 MB ( 98%) used,   585.54 KB (  1%) free+waste,   151.44 KB ( <1%) overhead. 
      Class:      6.68 MB capacity,     6.17 MB ( 92%) used,   444.01 KB (  6%) free+waste,    77.25 KB (  1%) overhead. 
       Both:     48.25 MB capacity,    47.02 MB ( 97%) used,     1.01 MB (  2%) free+waste,   228.69 KB ( <1%) overhead. 

Virtual space:
  Non-class space:       42.00 MB reserved,      41.58 MB ( 99%) committed 
      Class space:        1.00 GB reserved,       6.75 MB ( <1%) committed 
             Both:        1.04 GB reserved,      48.33 MB (  5%) committed 

Chunk freelists:
   Non-Class:  896 bytes
       Class:  1.00 KB
        Both:  1.88 KB

CodeHeap 'non-profiled nmethods': size=239488Kb used=5884Kb max_used=5884Kb free=233603Kb
 bounds [0x000001f352940000, 0x000001f352f00000, 0x000001f361320000]
CodeHeap 'non-nmethods': size=6272Kb used=1217Kb max_used=1217Kb free=5054Kb
 bounds [0x000001f352320000, 0x000001f352590000, 0x000001f352940000]
 total_blobs=4440 nmethods=3874 adapters=492
 compilation: enabled
              stopped_count=0, restarted_count=0
 full_count=0

Compilation events (10 events):
Event: 10.342 Thread 0x000001f36871a800 3869       1       sun.security.ssl.HandshakeContext::isActivatable (278 bytes)
Event: 10.343 Thread 0x000001f36871a800 nmethod 3869 0x000001f352efd090 code [0x000001f352efd2a0, 0x000001f352efd648]
Event: 10.343 Thread 0x000001f36871a800 3870       1       org.hibernate.internal.util.collections.JoinedIterator::updateCurrentIterator (101 bytes)
Event: 10.344 Thread 0x000001f36871a800 nmethod 3870 0x000001f352efd910 code [0x000001f352efdac0, 0x000001f352efddc8]
Event: 10.345 Thread 0x000001f36871a800 3871       1       sun.security.ssl.Record::putInt16 (31 bytes)
Event: 10.346 Thread 0x000001f36871a800 nmethod 3871 0x000001f352efdf10 code [0x000001f352efe0e0, 0x000001f352efe2e8]
Event: 10.356 Thread 0x000001f36871a800 3873       1       jdk.internal.util.ArraysSupport::vectorizedMismatch (268 bytes)
Event: 10.356 Thread 0x000001f36871a800 nmethod 3873 0x000001f352efe610 code [0x000001f352efe7c0, 0x000001f352efe9d8]
Event: 10.356 Thread 0x000001f36871a800 3874       1       jdk.internal.util.ArraysSupport::mismatch (73 bytes)
Event: 10.357 Thread 0x000001f36871a800 nmethod 3874 0x000001f352efeb10 code [0x000001f352efecc0, 0x000001f352efeed8]

GC Heap History (10 events):
Event: 2.128 GC heap after
{Heap after GC invocations=4 (full 0):
 garbage-first heap   total 131072K, used 7801K [0x0000000080000000, 0x0000000100000000)
  region size 1024K, 3 young (3072K), 3 survivors (3072K)
 Metaspace       used 15459K, capacity 15816K, committed 16000K, reserved 1062912K
  class space    used 1744K, capacity 1896K, committed 1920K, reserved 1048576K
}
Event: 2.543 GC heap before
{Heap before GC invocations=4 (full 0):
 garbage-first heap   total 131072K, used 30329K [0x0000000080000000, 0x0000000100000000)
  region size 1024K, 26 young (26624K), 3 survivors (3072K)
 Metaspace       used 19838K, capacity 20343K, committed 20480K, reserved 1067008K
  class space    used 2302K, capacity 2521K, committed 2560K, reserved 1048576K
}
Event: 2.556 GC heap after
{Heap after GC invocations=5 (full 0):
 garbage-first heap   total 157696K, used 8596K [0x0000000080000000, 0x0000000100000000)
  region size 1024K, 3 young (3072K), 3 survivors (3072K)
 Metaspace       used 19838K, capacity 20343K, committed 20480K, reserved 1067008K
  class space    used 2302K, capacity 2521K, committed 2560K, reserved 1048576K
}
Event: 2.732 GC heap before
{Heap before GC invocations=5 (full 0):
 garbage-first heap   total 157696K, used 18836K [0x0000000080000000, 0x0000000100000000)
  region size 1024K, 14 young (14336K), 3 survivors (3072K)
 Metaspace       used 20623K, capacity 21139K, committed 21296K, reserved 1069056K
  class space    used 2399K, capacity 2635K, committed 2688K, reserved 1048576K
}
Event: 2.744 GC heap after
{Heap after GC invocations=6 (full 0):
 garbage-first heap   total 157696K, used 9452K [0x0000000080000000, 0x0000000100000000)
  region size 1024K, 4 young (4096K), 4 survivors (4096K)
 Metaspace       used 20623K, capacity 21139K, committed 21296K, reserved 1069056K
  class space    used 2399K, capacity 2635K, committed 2688K, reserved 1048576K
}
Event: 4.260 GC heap before
{Heap before GC invocations=7 (full 0):
 garbage-first heap   total 157696K, used 48364K [0x0000000080000000, 0x0000000100000000)
  region size 1024K, 42 young (43008K), 4 survivors (4096K)
 Metaspace       used 23373K, capacity 24090K, committed 24368K, reserved 1071104K
  class space    used 2822K, capacity 3127K, committed 3200K, reserved 1048576K
}
Event: 4.274 GC heap after
{Heap after GC invocations=8 (full 0):
 garbage-first heap   total 157696K, used 10641K [0x0000000080000000, 0x0000000100000000)
  region size 1024K, 4 young (4096K), 4 survivors (4096K)
 Metaspace       used 23373K, capacity 24090K, committed 24368K, reserved 1071104K
  class space    used 2822K, capacity 3127K, committed 3200K, reserved 1048576K
}
Event: 6.382 GC heap before
{Heap before GC invocations=8 (full 0):
 garbage-first heap   total 157696K, used 99729K [0x0000000080000000, 0x0000000100000000)
  region size 1024K, 92 young (94208K), 4 survivors (4096K)
 Metaspace       used 34695K, capacity 35817K, committed 35920K, reserved 1081344K
  class space    used 4415K, capacity 4863K, committed 4864K, reserved 1048576K
}
Event: 6.412 GC heap after
{Heap after GC invocations=9 (full 0):
 garbage-first heap   total 157696K, used 15761K [0x0000000080000000, 0x0000000100000000)
  region size 1024K, 9 young (9216K), 9 survivors (9216K)
 Metaspace       used 34695K, capacity 35817K, committed 35920K, reserved 1081344K
  class space    used 4415K, capacity 4863K, committed 4864K, reserved 1048576K
}
Event: 10.375 GC heap before
{Heap before GC invocations=10 (full 0):
 garbage-first heap   total 157696K, used 100753K [0x0000000080000000, 0x0000000100000000)
  region size 1024K, 92 young (94208K), 9 survivors (9216K)
 Metaspace       used 48150K, capacity 49409K, committed 49488K, reserved 1091584K
  class space    used 6318K, capacity 6840K, committed 6912K, reserved 1048576K
}

Deoptimization events (0 events):
No events

Classes redefined (0 events):
No events

Internal exceptions (10 events):
Event: 5.303 Thread 0x000001f34943f800 Exception <a 'java/lang/NoSuchMethodError'{0x00000000876588f0}: java.lang.invoke.DirectMethodHandle$Holder.invokeStaticInit(Ljava/lang/Object;IIII)Ljava/lang/Object;> (0x00000000876588f0) thrown at [./open/src/hotspot/share/interpreter/linkResolver.cpp, l
Event: 5.389 Thread 0x000001f34943f800 Exception <a 'java/lang/NoSuchMethodError'{0x00000000876d50a0}: java.lang.invoke.DirectMethodHandle$Holder.invokeStaticInit(Ljava/lang/Object;Ljava/lang/Object;IIII)Ljava/lang/Object;> (0x00000000876d50a0) thrown at [./open/src/hotspot/share/interpreter/l
Event: 5.726 Thread 0x000001f34943f800 Exception <a 'java/io/FileNotFoundException'{0x00000000865afac8}> (0x00000000865afac8) thrown at [./open/src/hotspot/share/prims/jni.cpp, line 611]
Event: 5.755 Thread 0x000001f34943f800 Exception <a 'java/lang/NoSuchMethodError'{0x000000008637c150}: java.lang.invoke.DirectMethodHandle$Holder.invokeInterface(Ljava/lang/Object;Ljava/lang/Object;Ljava/lang/Object;Ljava/lang/Object;)I> (0x000000008637c150) thrown at [./open/src/hotspot/share
Event: 5.831 Thread 0x000001f34943f800 Exception <a 'java/io/FileNotFoundException'{0x000000008604c760}> (0x000000008604c760) thrown at [./open/src/hotspot/share/prims/jni.cpp, line 611]
Event: 7.607 Thread 0x000001f34943f800 Exception <a 'sun/nio/fs/WindowsException'{0x0000000088268320}> (0x0000000088268320) thrown at [./open/src/hotspot/share/prims/jni.cpp, line 611]
Event: 7.699 Thread 0x000001f34943f800 Exception <a 'java/lang/NoSuchMethodError'{0x000000008828cdc0}: java.lang.invoke.DirectMethodHandle$Holder.invokeStaticInit(Ljava/lang/Object;Ljava/lang/Object;Ljava/lang/Object;Ljava/lang/Object;)I> (0x000000008828cdc0) thrown at [./open/src/hotspot/shar
Event: 9.063 Thread 0x000001f34943f800 Exception <a 'java/lang/NoSuchMethodError'{0x000000008784e1e0}: java.lang.invoke.DirectMethodHandle$Holder.invokeStaticInit(Ljava/lang/Object;Ljava/lang/Object;Ljava/lang/Object;Ljava/lang/Object;)Ljava/lang/Object;> (0x000000008784e1e0) thrown at [./open
Event: 9.410 Thread 0x000001f34943f800 Exception <a 'java/lang/NoSuchMethodError'{0x0000000086812338}: java.lang.invoke.DirectMethodHandle$Holder.newInvokeSpecial(Ljava/lang/Object;Ljava/lang/Object;ILjava/lang/Object;Ljava/lang/Object;)Ljava/lang/Object;> (0x0000000086812338) thrown at [./ope
Event: 10.347 Thread 0x000001f34943f800 Exception <a 'java/lang/NoSuchMethodError'{0x00000000849e1fe0}: java.lang.invoke.DirectMethodHandle$Holder.invokeInterface(Ljava/lang/Object;Ljava/lang/Object;)V> (0x00000000849e1fe0) thrown at [./open/src/hotspot/share/interpreter/linkResolver.cpp, line 

Events (10 events):
Event: 10.374 loading class org/hibernate/internal/CoreMessageLogger_$logger_en done
Event: 10.374 loading class org/hibernate/internal/CoreMessageLogger_$logger_en_US
Event: 10.374 loading class org/hibernate/internal/CoreMessageLogger_$logger_en_US done
Event: 10.374 loading class org/hibernate/internal/CoreMessageLogger_$logger_en
Event: 10.374 loading class org/hibernate/internal/CoreMessageLogger_$logger_en done
Event: 10.374 loading class org/hibernate/loader/entity/plan/EntityLoader$Builder
Event: 10.374 loading class org/hibernate/loader/entity/plan/EntityLoader$Builder done
Event: 10.375 loading class org/hibernate/loader/plan/exec/query/internal/QueryBuildingParametersImpl
Event: 10.375 loading class org/hibernate/loader/plan/exec/query/internal/QueryBuildingParametersImpl done
Event: 10.375 Executing VM operation: G1CollectForAllocation


Dynamic libraries:
0x00007ff67a300000 - 0x00007ff67a30f000 	C:\Program Files\Java\jdk-11.0.16\bin\java.exe
0x00007ffafc1b0000 - 0x00007ffafc3a8000 	C:\Windows\SYSTEM32\ntdll.dll
0x00007ffafb350000 - 0x00007ffafb40d000 	C:\Windows\System32\KERNEL32.DLL
0x00007ffaf9da0000 - 0x00007ffafa072000 	C:\Windows\System32\KERNELBASE.dll
0x00007ffaf9ae0000 - 0x00007ffaf9be0000 	C:\Windows\System32\ucrtbase.dll
0x00007ffadab20000 - 0x00007ffadab38000 	C:\Program Files\Java\jdk-11.0.16\bin\jli.dll
0x00007ffafb630000 - 0x00007ffafb6de000 	C:\Windows\System32\ADVAPI32.dll
0x00007ffafb590000 - 0x00007ffafb62e000 	C:\Windows\System32\msvcrt.dll
0x00007ffafc0d0000 - 0x00007ffafc16c000 	C:\Windows\System32\sechost.dll
0x00007ffafa490000 - 0x00007ffafa5b5000 	C:\Windows\System32\RPCRT4.dll
0x00007ffafa210000 - 0x00007ffafa3ad000 	C:\Windows\System32\USER32.dll
0x00007ffaf98c0000 - 0x00007ffaf98e2000 	C:\Windows\System32\win32u.dll
0x00007ffafb8c0000 - 0x00007ffafb8eb000 	C:\Windows\System32\GDI32.dll
0x00007ffaf9be0000 - 0x00007ffaf9cef000 	C:\Windows\System32\gdi32full.dll
0x00007ffafa080000 - 0x00007ffafa11d000 	C:\Windows\System32\msvcp_win.dll
0x00007ffad8230000 - 0x00007ffad8245000 	C:\Program Files\Java\jdk-11.0.16\bin\VCRUNTIME140.dll
0x00007ffad58e0000 - 0x00007ffad5b7a000 	C:\Windows\WinSxS\amd64_microsoft.windows.common-controls_6595b64144ccf1df_6.0.19041.1110_none_60b5254171f9507e\COMCTL32.dll
0x00007ffaf1ca0000 - 0x00007ffaf1caa000 	C:\Windows\SYSTEM32\VERSION.dll
0x00007ffafa620000 - 0x00007ffafa650000 	C:\Windows\System32\IMM32.DLL
0x00007ffaccce0000 - 0x00007ffaccd7b000 	C:\Program Files\Java\jdk-11.0.16\bin\msvcp140.dll
0x00007ffaa0540000 - 0x00007ffaa1058000 	C:\Program Files\Java\jdk-11.0.16\bin\server\jvm.dll
0x00007ffafb8f0000 - 0x00007ffafb8f8000 	C:\Windows\System32\PSAPI.DLL
0x00007ffaef0c0000 - 0x00007ffaef0c9000 	C:\Windows\SYSTEM32\WSOCK32.dll
0x00007ffafb240000 - 0x00007ffafb2ab000 	C:\Windows\System32\WS2_32.dll
0x00007ffad3540000 - 0x00007ffad3567000 	C:\Windows\SYSTEM32\WINMM.dll
0x00007ffaf7760000 - 0x00007ffaf7772000 	C:\Windows\SYSTEM32\kernel.appcore.dll
0x00007ffae5110000 - 0x00007ffae5120000 	C:\Program Files\Java\jdk-11.0.16\bin\verify.dll
0x00007ffaea210000 - 0x00007ffaea3f4000 	C:\Windows\SYSTEM32\DBGHELP.DLL
0x00007ffaea1e0000 - 0x00007ffaea20c000 	C:\Windows\SYSTEM32\dbgcore.DLL
0x00007ffaf98f0000 - 0x00007ffaf9972000 	C:\Windows\System32\bcryptPrimitives.dll
0x00007ffad1350000 - 0x00007ffad1378000 	C:\Program Files\Java\jdk-11.0.16\bin\java.dll
0x00007ffae4c00000 - 0x00007ffae4c0a000 	C:\Program Files\Java\jdk-11.0.16\bin\jimage.dll
0x00007ffad5070000 - 0x00007ffad5086000 	C:\Program Files\Java\jdk-11.0.16\bin\zip.dll
0x00007ffafb980000 - 0x00007ffafc0c3000 	C:\Windows\System32\SHELL32.dll
0x00007ffaf7960000 - 0x00007ffaf80f1000 	C:\Windows\SYSTEM32\windows.storage.dll
0x00007ffafa700000 - 0x00007ffafaa54000 	C:\Windows\System32\combase.dll
0x00007ffaf9160000 - 0x00007ffaf9190000 	C:\Windows\SYSTEM32\Wldp.dll
0x00007ffafb7b0000 - 0x00007ffafb85d000 	C:\Windows\System32\SHCORE.dll
0x00007ffafb860000 - 0x00007ffafb8b5000 	C:\Windows\System32\shlwapi.dll
0x00007ffaf9800000 - 0x00007ffaf981f000 	C:\Windows\SYSTEM32\profapi.dll
0x00007ffad4b30000 - 0x00007ffad4b49000 	C:\Program Files\Java\jdk-11.0.16\bin\net.dll
0x00007ffaf1530000 - 0x00007ffaf163d000 	C:\Windows\SYSTEM32\WINHTTP.dll
0x00007ffaf8f40000 - 0x00007ffaf8faa000 	C:\Windows\system32\mswsock.dll
0x00007ffad4640000 - 0x00007ffad4652000 	C:\Program Files\Java\jdk-11.0.16\bin\nio.dll
0x00007ffae5160000 - 0x00007ffae5169000 	C:\Program Files\Java\jdk-11.0.16\bin\management.dll
0x00007ffae0450000 - 0x00007ffae045b000 	C:\Program Files\Java\jdk-11.0.16\bin\management_ext.dll
0x00007ffadee90000 - 0x00007ffadeea7000 	C:\Windows\system32\napinsp.dll
0x00007ffadee70000 - 0x00007ffadee8b000 	C:\Windows\system32\pnrpnsp.dll
0x00007ffadee50000 - 0x00007ffadee65000 	C:\Windows\system32\wshbth.dll
0x00007ffaf50c0000 - 0x00007ffaf50dd000 	C:\Windows\system32\NLAapi.dll
0x00007ffaf8c50000 - 0x00007ffaf8c8b000 	C:\Windows\SYSTEM32\IPHLPAPI.DLL
0x00007ffaf8c90000 - 0x00007ffaf8d5a000 	C:\Windows\SYSTEM32\DNSAPI.dll
0x00007ffafb080000 - 0x00007ffafb088000 	C:\Windows\System32\NSI.dll
0x00007ffadee30000 - 0x00007ffadee42000 	C:\Windows\System32\winrnr.dll
0x00007ffaf0c80000 - 0x00007ffaf0c8a000 	C:\Windows\System32\rasadhlp.dll
0x00007ffaf10e0000 - 0x00007ffaf1160000 	C:\Windows\System32\fwpuclnt.dll
0x00007ffafa170000 - 0x00007ffafa197000 	C:\Windows\System32\bcrypt.dll
0x00007ffaf91a0000 - 0x00007ffaf91b8000 	C:\Windows\SYSTEM32\CRYPTSP.dll
0x00007ffaf8880000 - 0x00007ffaf88b4000 	C:\Windows\system32\rsaenh.dll
0x00007ffaf97c0000 - 0x00007ffaf97ee000 	C:\Windows\SYSTEM32\USERENV.dll
0x00007ffaf90d0000 - 0x00007ffaf90dc000 	C:\Windows\SYSTEM32\CRYPTBASE.dll
0x00007ffaf2350000 - 0x00007ffaf2367000 	C:\Windows\SYSTEM32\dhcpcsvc6.DLL
0x00007ffaf2330000 - 0x00007ffaf234d000 	C:\Windows\SYSTEM32\dhcpcsvc.DLL
0x00007ffadcfc0000 - 0x00007ffadcfe5000 	C:\Program Files\Java\jdk-11.0.16\bin\sunec.dll
0x00007ffae0440000 - 0x00007ffae044d000 	C:\Program Files\Java\jdk-11.0.16\bin\sunmscapi.dll
0x00007ffaf9980000 - 0x00007ffaf9ad6000 	C:\Windows\System32\CRYPT32.dll
0x00007ffaf92b0000 - 0x00007ffaf92d7000 	C:\Windows\SYSTEM32\ncrypt.dll
0x00007ffaf9270000 - 0x00007ffaf92ab000 	C:\Windows\SYSTEM32\NTASN1.dll

dbghelp: loaded successfully - version: 4.0.5 - missing functions: none
symbol engine: initialized successfully - sym options: 0x614 - pdb path: .;C:\Program Files\Java\jdk-11.0.16\bin;C:\Windows\SYSTEM32;C:\Windows\WinSxS\amd64_microsoft.windows.common-controls_6595b64144ccf1df_6.0.19041.1110_none_60b5254171f9507e;C:\Program Files\Java\jdk-11.0.16\bin\server

VM Arguments:
jvm_args: -Xverify:none -XX:TieredStopAtLevel=1 
java_command: com.student.app.PensionMicroserviceApplication
java_class_path (initial): C:\Users\sfjbs\IdeaProjects\training\sriprabha\Day13\pension-management-system\target\classes;C:\Users\sfjbs\.m2\repository\org\springframework\boot\spring-boot\2.7.3\spring-boot-2.7.3.jar;C:\Users\sfjbs\.m2\repository\org\springframework\boot\spring-boot-autoconfigure\2.7.3\spring-boot-autoconfigure-2.7.3.jar;C:\Users\sfjbs\.m2\repository\ch\qos\logback\logback-classic\1.2.11\logback-classic-1.2.11.jar;C:\Users\sfjbs\.m2\repository\ch\qos\logback\logback-core\1.2.11\logback-core-1.2.11.jar;C:\Users\sfjbs\.m2\repository\org\apache\logging\log4j\log4j-to-slf4j\2.17.2\log4j-to-slf4j-2.17.2.jar;C:\Users\sfjbs\.m2\repository\org\apache\logging\log4j\log4j-api\2.17.2\log4j-api-2.17.2.jar;C:\Users\sfjbs\.m2\repository\org\slf4j\jul-to-slf4j\1.7.36\jul-to-slf4j-1.7.36.jar;C:\Users\sfjbs\.m2\repository\jakarta\annotation\jakarta.annotation-api\1.3.5\jakarta.annotation-api-1.3.5.jar;C:\Users\sfjbs\.m2\repository\org\yaml\snakeyaml\1.30\snakeyaml-1.30.jar;C:\Users\sfjbs\.m2\repository\com\fasterxml\jackson\core\jackson-databind\2.13.3\jackson-databind-2.13.3.jar;C:\Users\sfjbs\.m2\repository\com\fasterxml\jackson\core\jackson-annotations\2.13.3\jackson-annotations-2.13.3.jar;C:\Users\sfjbs\.m2\repository\com\fasterxml\jackson\core\jackson-core\2.13.3\jackson-core-2.13.3.jar;C:\Users\sfjbs\.m2\repository\com\fasterxml\jackson\datatype\jackson-datatype-jdk8\2.13.3\jackson-datatype-jdk8-2.13.3.jar;C:\Users\sfjbs\.m2\repository\com\fasterxml\jackson\datatype\jackson-datatype-jsr310\2.13.3\jackson-datatype-jsr310-2.13.3.jar;C:\Users\sfjbs\.m2\repository\com\fasterxml\jackson\module\jackson-module-parameter-names\2.13.3\jackson-module-parameter-names-2.13.3.jar;C:\Users\sfjbs\.m2\repository\org\apache\tomcat\embed\tomcat-embed-core\9.0.65\tomcat-embed-core-9.0.65.jar;C:\Users\sfjbs\.m2\repository\org\apache\tomcat\embed\tomcat-embed-el\9.0.65\tomcat-embed-el-9.0.65.jar;C:\Users\sfjbs\.m2\repository\org\apache\tomcat\embed\tomcat-embed-websocket\9.0.65\t
Launcher Type: SUN_STANDARD

[Global flags]
     bool BytecodeVerificationLocal                = false                                     {product} {command line}
     bool BytecodeVerificationRemote               = false                                     {product} {command line}
     intx CICompilerCount                          = 2                                         {product} {ergonomic}
     uint ConcGCThreads                            = 1                                         {product} {ergonomic}
     uint G1ConcRefinementThreads                  = 2                                         {product} {ergonomic}
   size_t G1HeapRegionSize                         = 1048576                                   {product} {ergonomic}
    uintx GCDrainStackTargetSize                   = 64                                        {product} {ergonomic}
   size_t InitialHeapSize                          = 134217728                                 {product} {ergonomic}
   size_t MarkStackSize                            = 4194304                                   {product} {ergonomic}
   size_t MaxHeapSize                              = 2147483648                                {product} {ergonomic}
   size_t MaxNewSize                               = 1287651328                                {product} {ergonomic}
   size_t MinHeapDeltaBytes                        = 1048576                                   {product} {ergonomic}
    uintx NonNMethodCodeHeapSize                   = 6396312                                {pd product} {ergonomic}
    uintx NonProfiledCodeHeapSize                  = 245261928                              {pd product} {ergonomic}
    uintx ProfiledCodeHeapSize                     = 0                                      {pd product} {ergonomic}
    uintx ReservedCodeCacheSize                    = 251658240                              {pd product} {ergonomic}
     bool SegmentedCodeCache                       = true                                      {product} {ergonomic}
     intx TieredStopAtLevel                        = 1                                         {product} {command line}
     bool UseCompressedClassPointers               = true                                 {lp64_product} {ergonomic}
     bool UseCompressedOops                        = true                                 {lp64_product} {ergonomic}
     bool UseG1GC                                  = true                                      {product} {ergonomic}
     bool UseLargePagesIndividualAllocation        = false                                  {pd product} {ergonomic}

Logging:
Log output configuration:
 #0: stdout all=warning uptime,level,tags
 #1: stderr all=off uptime,level,tags

Environment Variables:
PATH=C:\Program Files\Common Files\Oracle\Java\javapath;C:\Windows\system32;C:\Windows;C:\Windows\System32\Wbem;C:\Windows\System32\WindowsPowerShell\v1.0\;C:\Windows\System32\OpenSSH\;C:\Users\sfjbs\Downloads\micro service-20221001T123314Z-001\micro service\apache-maven-3.8.5-bin\apache-maven-3.8.5\bin;C:\Users\sfjbs\Downloads\micro service-20221001T123314Z-001\micro service\apache-maven-3.8.5-bin\apache-maven-3.8.5\lib;C:\Program Files\Docker\Docker\resources\bin;C:\ProgramData\DockerDesktop\version-bin;C:\Program Files\Git\cmd;C:\Users\sfjbs\AppData\Local\Microsoft\WindowsApps;C:\Users\sfjbs\Downloads\micro service-20221001T123314Z-001\micro service\apache-maven-3.8.5-bin\apache-maven-3.8.5\bin;C:\Users\sfjbs\Downloads\micro service-20221001T123314Z-001\micro service\apache-maven-3.8.5-bin\apache-maven-3.8.5\lib;;C:\Program Files\JetBrains\IntelliJ IDEA Community Edition 2022.2.1\bin;
USERNAME=sfjbs
OS=Windows_NT
PROCESSOR_IDENTIFIER=Intel64 Family 6 Model 85 Stepping 7, GenuineIntel



---------------  S Y S T E M  ---------------

OS: Windows 10 , 64 bit Build 19041 (10.0.19041.1889)
Hyper-V role detected

CPU:total 2 (initial active 2) (1 cores per cpu, 2 threads per core) family 6 model 85 stepping 7 microcode 0xffffffff, cmov, cx8, fxsr, mmx, sse, sse2, sse3, ssse3, sse4.1, sse4.2, popcnt, avx, avx2, aes, clmul, erms, rtm, 3dnowpref, lzcnt, ht, tsc, bmi1, bmi2, adx, evex, fma

Memory: 4k page, system-wide physical 8190M (274M free)
TotalPageFile size 10238M (AvailPageFile size 35M)
current process WorkingSet (physical memory assigned to process): 215M, peak: 215M
current process commit charge ("private bytes"): 287M, peak: 328M

vm_info: Java HotSpot(TM) 64-Bit Server VM (11.0.16+11-LTS-199) for windows-amd64 JRE (11.0.16+11-LTS-199), built on Jun 28 2022 08:23:17 by "mach5one" with MS VC++ 15.9 (VS2017)

END.
