#
# There is insufficient memory for the Java Runtime Environment to continue.
# Native memory allocation (malloc) failed to allocate 1615696 bytes for Chunk::new
# Possible reasons:
#   The system is out of physical RAM or swap space
#   The process is running with CompressedOops enabled, and the Java Heap may be blocking the growth of the native heap
# Possible solutions:
#   Reduce memory load on the system
#   Increase physical memory or swap space
#   Check if swap backing store is full
#   Decrease Java heap size (-Xmx/-Xms)
#   Decrease number of Java threads
#   Decrease Java thread stack sizes (-Xss)
#   Set larger code cache with -XX:ReservedCodeCacheSize=
#   JVM is running with Unscaled Compressed Oops mode in which the Java heap is
#     placed in the first 4GB address space. The Java Heap base address is the
#     maximum limit for the native heap growth. Please use -XX:HeapBaseMinAddress
#     to set the Java Heap base and to place the Java Heap above 4GB virtual address.
# This output file may be truncated or incomplete.
#
#  Out of Memory Error (./open/src/hotspot/share/memory/arena.cpp:197), pid=119556, tid=112532
#
# JRE version: Java(TM) SE Runtime Environment 18.9 (11.0.16+11) (build 11.0.16+11-LTS-199)
# Java VM: Java HotSpot(TM) 64-Bit Server VM 18.9 (11.0.16+11-LTS-199, mixed mode, tiered, compressed oops, g1 gc, windows-amd64)
# No core dump will be written. Minidumps are not enabled by default on client versions of Windows
#

---------------  S U M M A R Y ------------

Command Line: -Dclassworlds.conf=C:\Users\sfjbs\Downloads\micro service-20221001T123314Z-001\micro service\apache-maven-3.8.5-bin\apache-maven-3.8.5\bin\m2.conf -Dmaven.home=C:\Users\sfjbs\Downloads\micro service-20221001T123314Z-001\micro service\apache-maven-3.8.5-bin\apache-maven-3.8.5 -Dlibrary.jansi.path=C:\Users\sfjbs\Downloads\micro service-20221001T123314Z-001\micro service\apache-maven-3.8.5-bin\apache-maven-3.8.5\lib\jansi-native -Dmaven.multiModuleProjectDirectory=C:\Users\sfjbs\Downloads\training\Sagar\Day13\pension-management-system org.codehaus.plexus.classworlds.launcher.Launcher spring-boot:run

Host: Intel(R) Xeon(R) Platinum 8370C CPU @ 2.80GHz, 2 cores, 7G,  Windows 10 , 64 bit Build 19041 (10.0.19041.1889)
Time: Mon Oct 31 10:00:16 2022 Coordinated Universal Time elapsed time: 2.627188 seconds (0d 0h 0m 2s)

---------------  T H R E A D  ---------------

Current thread (0x0000021032702800):  JavaThread "C2 CompilerThread0" daemon [_thread_in_native, id=112532, stack(0x000000f066f00000,0x000000f067000000)]


Current CompileTask:
C2:   2627 1762   !   4       java.net.URL::<init> (543 bytes)

Stack: [0x000000f066f00000,0x000000f067000000]
Native frames: (J=compiled Java code, j=interpreted, Vv=VM code, C=native code)
V  [jvm.dll+0x62a3ea]
V  [jvm.dll+0x76418f]
V  [jvm.dll+0x765839]
V  [jvm.dll+0x765ec3]
V  [jvm.dll+0x23da98]
V  [jvm.dll+0xb2a1c]
V  [jvm.dll+0xb2fdc]
V  [jvm.dll+0x341442]
V  [jvm.dll+0x30ec83]
V  [jvm.dll+0x30dfca]
V  [jvm.dll+0x1f84a5]
V  [jvm.dll+0x1f768d]
V  [jvm.dll+0x177c81]
V  [jvm.dll+0x207006]
V  [jvm.dll+0x20519b]
V  [jvm.dll+0x729fa0]
V  [jvm.dll+0x722b74]
V  [jvm.dll+0x629286]
C  [ucrtbase.dll+0x21bb2]
C  [KERNEL32.DLL+0x17034]
C  [ntdll.dll+0x526a1]


---------------  P R O C E S S  ---------------

Threads class SMR info:
_java_thread_list=0x00000210331b1880, length=10, elements={
0x0000021014c57000, 0x00000210326de800, 0x00000210326e8000, 0x00000210326fb800,
0x00000210326ff000, 0x0000021032700800, 0x0000021032702800, 0x000002103270c000,
0x0000021032715800, 0x00000210331c9800
}

Java Threads: ( => current thread )
  0x0000021014c57000 JavaThread "main" [_thread_in_Java, id=71564, stack(0x000000f066300000,0x000000f066400000)]
  0x00000210326de800 JavaThread "Reference Handler" daemon [_thread_blocked, id=8980, stack(0x000000f066a00000,0x000000f066b00000)]
  0x00000210326e8000 JavaThread "Finalizer" daemon [_thread_blocked, id=20144, stack(0x000000f066b00000,0x000000f066c00000)]
  0x00000210326fb800 JavaThread "Signal Dispatcher" daemon [_thread_blocked, id=107948, stack(0x000000f066c00000,0x000000f066d00000)]
  0x00000210326ff000 JavaThread "Attach Listener" daemon [_thread_blocked, id=97136, stack(0x000000f066d00000,0x000000f066e00000)]
  0x0000021032700800 JavaThread "Service Thread" daemon [_thread_blocked, id=103636, stack(0x000000f066e00000,0x000000f066f00000)]
=>0x0000021032702800 JavaThread "C2 CompilerThread0" daemon [_thread_in_native, id=112532, stack(0x000000f066f00000,0x000000f067000000)]
  0x000002103270c000 JavaThread "C1 CompilerThread0" daemon [_thread_in_native, id=106640, stack(0x000000f067000000,0x000000f067100000)]
  0x0000021032715800 JavaThread "Sweeper thread" daemon [_thread_blocked, id=21556, stack(0x000000f067100000,0x000000f067200000)]
  0x00000210331c9800 JavaThread "Common-Cleaner" daemon [_thread_blocked, id=162876, stack(0x000000f067300000,0x000000f067400000)]

Other Threads:
  0x00000210326dd800 VMThread "VM Thread" [stack: 0x000000f066900000,0x000000f066a00000] [id=72264]
  0x00000210331c6800 WatcherThread [stack: 0x000000f067200000,0x000000f067300000] [id=201012]
  0x0000021014c6b800 GCTaskThread "GC Thread#0" [stack: 0x000000f066400000,0x000000f066500000] [id=128888]
  0x0000021033805000 GCTaskThread "GC Thread#1" [stack: 0x000000f067400000,0x000000f067500000] [id=183680]
  0x0000021014c9c000 ConcurrentGCThread "G1 Main Marker" [stack: 0x000000f066500000,0x000000f066600000] [id=13128]
  0x0000021014c9e800 ConcurrentGCThread "G1 Conc#0" [stack: 0x000000f066600000,0x000000f066700000] [id=99480]
  0x0000021014d26000 ConcurrentGCThread "G1 Refine#0" [stack: 0x000000f066700000,0x000000f066800000] [id=94244]
  0x0000021014d28800 ConcurrentGCThread "G1 Young RemSet Sampling" [stack: 0x000000f066800000,0x000000f066900000] [id=99876]

Threads with active compile tasks:
C2 CompilerThread0     2646 1762   !   4       java.net.URL::<init> (543 bytes)

VM state:not at safepoint (normal execution)

VM Mutex/Monitor currently owned by a thread: None

Heap address: 0x0000000080000000, size: 2048 MB, Compressed Oops mode: 32-bit
Narrow klass base: 0x0000000000000000, Narrow klass shift: 3
Compressed class space size: 1073741824 Address: 0x0000000100000000

Heap:
 garbage-first heap   total 131072K, used 23703K [0x0000000080000000, 0x0000000100000000)
  region size 1024K, 23 young (23552K), 3 survivors (3072K)
 Metaspace       used 18075K, capacity 18359K, committed 18560K, reserved 1064960K
  class space    used 1967K, capacity 2082K, committed 2176K, reserved 1048576K
Heap Regions: E=young(eden), S=young(survivor), O=old, HS=humongous(starts), HC=humongous(continues), CS=collection set, F=free, A=archive, TAMS=top-at-mark-start (previous, next)
|   0|0x0000000080000000, 0x0000000080100000, 0x0000000080100000|100%| O|  |TAMS 0x0000000080000000, 0x0000000080000000| Untracked 
|   1|0x0000000080100000, 0x0000000080200000, 0x0000000080200000|100%| O|  |TAMS 0x0000000080100000, 0x0000000080100000| Untracked 
|   2|0x0000000080200000, 0x0000000080206c00, 0x0000000080300000|  2%| O|  |TAMS 0x0000000080200000, 0x0000000080200000| Untracked 
|   3|0x0000000080300000, 0x0000000080300000, 0x0000000080400000|  0%| F|  |TAMS 0x0000000080300000, 0x0000000080300000| Untracked 
|   4|0x0000000080400000, 0x0000000080400000, 0x0000000080500000|  0%| F|  |TAMS 0x0000000080400000, 0x0000000080400000| Untracked 
|   5|0x0000000080500000, 0x0000000080500000, 0x0000000080600000|  0%| F|  |TAMS 0x0000000080500000, 0x0000000080500000| Untracked 
|   6|0x0000000080600000, 0x0000000080600000, 0x0000000080700000|  0%| F|  |TAMS 0x0000000080600000, 0x0000000080600000| Untracked 
|   7|0x0000000080700000, 0x0000000080700000, 0x0000000080800000|  0%| F|  |TAMS 0x0000000080700000, 0x0000000080700000| Untracked 
|   8|0x0000000080800000, 0x0000000080800000, 0x0000000080900000|  0%| F|  |TAMS 0x0000000080800000, 0x0000000080800000| Untracked 
|   9|0x0000000080900000, 0x0000000080900000, 0x0000000080a00000|  0%| F|  |TAMS 0x0000000080900000, 0x0000000080900000| Untracked 
|  10|0x0000000080a00000, 0x0000000080a00000, 0x0000000080b00000|  0%| F|  |TAMS 0x0000000080a00000, 0x0000000080a00000| Untracked 
|  11|0x0000000080b00000, 0x0000000080b00000, 0x0000000080c00000|  0%| F|  |TAMS 0x0000000080b00000, 0x0000000080b00000| Untracked 
|  12|0x0000000080c00000, 0x0000000080c00000, 0x0000000080d00000|  0%| F|  |TAMS 0x0000000080c00000, 0x0000000080c00000| Untracked 
|  13|0x0000000080d00000, 0x0000000080d00000, 0x0000000080e00000|  0%| F|  |TAMS 0x0000000080d00000, 0x0000000080d00000| Untracked 
|  14|0x0000000080e00000, 0x0000000080e00000, 0x0000000080f00000|  0%| F|  |TAMS 0x0000000080e00000, 0x0000000080e00000| Untracked 
|  15|0x0000000080f00000, 0x0000000080f00000, 0x0000000081000000|  0%| F|  |TAMS 0x0000000080f00000, 0x0000000080f00000| Untracked 
|  16|0x0000000081000000, 0x0000000081000000, 0x0000000081100000|  0%| F|  |TAMS 0x0000000081000000, 0x0000000081000000| Untracked 
|  17|0x0000000081100000, 0x0000000081100000, 0x0000000081200000|  0%| F|  |TAMS 0x0000000081100000, 0x0000000081100000| Untracked 
|  18|0x0000000081200000, 0x0000000081200000, 0x0000000081300000|  0%| F|  |TAMS 0x0000000081200000, 0x0000000081200000| Untracked 
|  19|0x0000000081300000, 0x0000000081300000, 0x0000000081400000|  0%| F|  |TAMS 0x0000000081300000, 0x0000000081300000| Untracked 
|  20|0x0000000081400000, 0x0000000081400000, 0x0000000081500000|  0%| F|  |TAMS 0x0000000081400000, 0x0000000081400000| Untracked 
|  21|0x0000000081500000, 0x0000000081500000, 0x0000000081600000|  0%| F|  |TAMS 0x0000000081500000, 0x0000000081500000| Untracked 
|  22|0x0000000081600000, 0x0000000081600000, 0x0000000081700000|  0%| F|  |TAMS 0x0000000081600000, 0x0000000081600000| Untracked 
|  23|0x0000000081700000, 0x0000000081700000, 0x0000000081800000|  0%| F|  |TAMS 0x0000000081700000, 0x0000000081700000| Untracked 
|  24|0x0000000081800000, 0x0000000081800000, 0x0000000081900000|  0%| F|  |TAMS 0x0000000081800000, 0x0000000081800000| Untracked 
|  25|0x0000000081900000, 0x0000000081900000, 0x0000000081a00000|  0%| F|  |TAMS 0x0000000081900000, 0x0000000081900000| Untracked 
|  26|0x0000000081a00000, 0x0000000081a00000, 0x0000000081b00000|  0%| F|  |TAMS 0x0000000081a00000, 0x0000000081a00000| Untracked 
|  27|0x0000000081b00000, 0x0000000081b00000, 0x0000000081c00000|  0%| F|  |TAMS 0x0000000081b00000, 0x0000000081b00000| Untracked 
|  28|0x0000000081c00000, 0x0000000081c00000, 0x0000000081d00000|  0%| F|  |TAMS 0x0000000081c00000, 0x0000000081c00000| Untracked 
|  29|0x0000000081d00000, 0x0000000081d00000, 0x0000000081e00000|  0%| F|  |TAMS 0x0000000081d00000, 0x0000000081d00000| Untracked 
|  30|0x0000000081e00000, 0x0000000081e00000, 0x0000000081f00000|  0%| F|  |TAMS 0x0000000081e00000, 0x0000000081e00000| Untracked 
|  31|0x0000000081f00000, 0x0000000081f00000, 0x0000000082000000|  0%| F|  |TAMS 0x0000000081f00000, 0x0000000081f00000| Untracked 
|  32|0x0000000082000000, 0x0000000082000000, 0x0000000082100000|  0%| F|  |TAMS 0x0000000082000000, 0x0000000082000000| Untracked 
|  33|0x0000000082100000, 0x0000000082100000, 0x0000000082200000|  0%| F|  |TAMS 0x0000000082100000, 0x0000000082100000| Untracked 
|  34|0x0000000082200000, 0x0000000082200000, 0x0000000082300000|  0%| F|  |TAMS 0x0000000082200000, 0x0000000082200000| Untracked 
|  35|0x0000000082300000, 0x0000000082300000, 0x0000000082400000|  0%| F|  |TAMS 0x0000000082300000, 0x0000000082300000| Untracked 
|  36|0x0000000082400000, 0x0000000082400000, 0x0000000082500000|  0%| F|  |TAMS 0x0000000082400000, 0x0000000082400000| Untracked 
|  37|0x0000000082500000, 0x0000000082500000, 0x0000000082600000|  0%| F|  |TAMS 0x0000000082500000, 0x0000000082500000| Untracked 
|  38|0x0000000082600000, 0x0000000082600000, 0x0000000082700000|  0%| F|  |TAMS 0x0000000082600000, 0x0000000082600000| Untracked 
|  39|0x0000000082700000, 0x0000000082700000, 0x0000000082800000|  0%| F|  |TAMS 0x0000000082700000, 0x0000000082700000| Untracked 
|  40|0x0000000082800000, 0x0000000082800000, 0x0000000082900000|  0%| F|  |TAMS 0x0000000082800000, 0x0000000082800000| Untracked 
|  41|0x0000000082900000, 0x0000000082900000, 0x0000000082a00000|  0%| F|  |TAMS 0x0000000082900000, 0x0000000082900000| Untracked 
|  42|0x0000000082a00000, 0x0000000082a00000, 0x0000000082b00000|  0%| F|  |TAMS 0x0000000082a00000, 0x0000000082a00000| Untracked 
|  43|0x0000000082b00000, 0x0000000082b00000, 0x0000000082c00000|  0%| F|  |TAMS 0x0000000082b00000, 0x0000000082b00000| Untracked 
|  44|0x0000000082c00000, 0x0000000082c00000, 0x0000000082d00000|  0%| F|  |TAMS 0x0000000082c00000, 0x0000000082c00000| Untracked 
|  45|0x0000000082d00000, 0x0000000082d00000, 0x0000000082e00000|  0%| F|  |TAMS 0x0000000082d00000, 0x0000000082d00000| Untracked 
|  46|0x0000000082e00000, 0x0000000082e00000, 0x0000000082f00000|  0%| F|  |TAMS 0x0000000082e00000, 0x0000000082e00000| Untracked 
|  47|0x0000000082f00000, 0x0000000082f00000, 0x0000000083000000|  0%| F|  |TAMS 0x0000000082f00000, 0x0000000082f00000| Untracked 
|  48|0x0000000083000000, 0x0000000083000000, 0x0000000083100000|  0%| F|  |TAMS 0x0000000083000000, 0x0000000083000000| Untracked 
|  49|0x0000000083100000, 0x0000000083100000, 0x0000000083200000|  0%| F|  |TAMS 0x0000000083100000, 0x0000000083100000| Untracked 
|  50|0x0000000083200000, 0x0000000083200000, 0x0000000083300000|  0%| F|  |TAMS 0x0000000083200000, 0x0000000083200000| Untracked 
|  51|0x0000000083300000, 0x0000000083300000, 0x0000000083400000|  0%| F|  |TAMS 0x0000000083300000, 0x0000000083300000| Untracked 
|  52|0x0000000083400000, 0x0000000083400000, 0x0000000083500000|  0%| F|  |TAMS 0x0000000083400000, 0x0000000083400000| Untracked 
|  53|0x0000000083500000, 0x0000000083500000, 0x0000000083600000|  0%| F|  |TAMS 0x0000000083500000, 0x0000000083500000| Untracked 
|  54|0x0000000083600000, 0x0000000083600000, 0x0000000083700000|  0%| F|  |TAMS 0x0000000083600000, 0x0000000083600000| Untracked 
|  55|0x0000000083700000, 0x0000000083700000, 0x0000000083800000|  0%| F|  |TAMS 0x0000000083700000, 0x0000000083700000| Untracked 
|  56|0x0000000083800000, 0x0000000083800000, 0x0000000083900000|  0%| F|  |TAMS 0x0000000083800000, 0x0000000083800000| Untracked 
|  57|0x0000000083900000, 0x0000000083900000, 0x0000000083a00000|  0%| F|  |TAMS 0x0000000083900000, 0x0000000083900000| Untracked 
|  58|0x0000000083a00000, 0x0000000083a00000, 0x0000000083b00000|  0%| F|  |TAMS 0x0000000083a00000, 0x0000000083a00000| Untracked 
|  59|0x0000000083b00000, 0x0000000083b00000, 0x0000000083c00000|  0%| F|  |TAMS 0x0000000083b00000, 0x0000000083b00000| Untracked 
|  60|0x0000000083c00000, 0x0000000083c00000, 0x0000000083d00000|  0%| F|  |TAMS 0x0000000083c00000, 0x0000000083c00000| Untracked 
|  61|0x0000000083d00000, 0x0000000083d00000, 0x0000000083e00000|  0%| F|  |TAMS 0x0000000083d00000, 0x0000000083d00000| Untracked 
|  62|0x0000000083e00000, 0x0000000083e00000, 0x0000000083f00000|  0%| F|  |TAMS 0x0000000083e00000, 0x0000000083e00000| Untracked 
|  63|0x0000000083f00000, 0x0000000083f00000, 0x0000000084000000|  0%| F|  |TAMS 0x0000000083f00000, 0x0000000083f00000| Untracked 
|  64|0x0000000084000000, 0x0000000084000000, 0x0000000084100000|  0%| F|  |TAMS 0x0000000084000000, 0x0000000084000000| Untracked 
|  65|0x0000000084100000, 0x0000000084100000, 0x0000000084200000|  0%| F|  |TAMS 0x0000000084100000, 0x0000000084100000| Untracked 
|  66|0x0000000084200000, 0x0000000084200000, 0x0000000084300000|  0%| F|  |TAMS 0x0000000084200000, 0x0000000084200000| Untracked 
|  67|0x0000000084300000, 0x0000000084300000, 0x0000000084400000|  0%| F|  |TAMS 0x0000000084300000, 0x0000000084300000| Untracked 
|  68|0x0000000084400000, 0x0000000084400000, 0x0000000084500000|  0%| F|  |TAMS 0x0000000084400000, 0x0000000084400000| Untracked 
|  69|0x0000000084500000, 0x0000000084500000, 0x0000000084600000|  0%| F|  |TAMS 0x0000000084500000, 0x0000000084500000| Untracked 
|  70|0x0000000084600000, 0x0000000084600000, 0x0000000084700000|  0%| F|  |TAMS 0x0000000084600000, 0x0000000084600000| Untracked 
|  71|0x0000000084700000, 0x0000000084700000, 0x0000000084800000|  0%| F|  |TAMS 0x0000000084700000, 0x0000000084700000| Untracked 
|  72|0x0000000084800000, 0x0000000084800000, 0x0000000084900000|  0%| F|  |TAMS 0x0000000084800000, 0x0000000084800000| Untracked 
|  73|0x0000000084900000, 0x0000000084900000, 0x0000000084a00000|  0%| F|  |TAMS 0x0000000084900000, 0x0000000084900000| Untracked 
|  74|0x0000000084a00000, 0x0000000084a00000, 0x0000000084b00000|  0%| F|  |TAMS 0x0000000084a00000, 0x0000000084a00000| Untracked 
|  75|0x0000000084b00000, 0x0000000084b00000, 0x0000000084c00000|  0%| F|  |TAMS 0x0000000084b00000, 0x0000000084b00000| Untracked 
|  76|0x0000000084c00000, 0x0000000084c00000, 0x0000000084d00000|  0%| F|  |TAMS 0x0000000084c00000, 0x0000000084c00000| Untracked 
|  77|0x0000000084d00000, 0x0000000084d00000, 0x0000000084e00000|  0%| F|  |TAMS 0x0000000084d00000, 0x0000000084d00000| Untracked 
|  78|0x0000000084e00000, 0x0000000084e00000, 0x0000000084f00000|  0%| F|  |TAMS 0x0000000084e00000, 0x0000000084e00000| Untracked 
|  79|0x0000000084f00000, 0x0000000084f00000, 0x0000000085000000|  0%| F|  |TAMS 0x0000000084f00000, 0x0000000084f00000| Untracked 
|  80|0x0000000085000000, 0x0000000085000000, 0x0000000085100000|  0%| F|  |TAMS 0x0000000085000000, 0x0000000085000000| Untracked 
|  81|0x0000000085100000, 0x0000000085100000, 0x0000000085200000|  0%| F|  |TAMS 0x0000000085100000, 0x0000000085100000| Untracked 
|  82|0x0000000085200000, 0x0000000085200000, 0x0000000085300000|  0%| F|  |TAMS 0x0000000085200000, 0x0000000085200000| Untracked 
|  83|0x0000000085300000, 0x0000000085300000, 0x0000000085400000|  0%| F|  |TAMS 0x0000000085300000, 0x0000000085300000| Untracked 
|  84|0x0000000085400000, 0x0000000085400000, 0x0000000085500000|  0%| F|  |TAMS 0x0000000085400000, 0x0000000085400000| Untracked 
|  85|0x0000000085500000, 0x0000000085500000, 0x0000000085600000|  0%| F|  |TAMS 0x0000000085500000, 0x0000000085500000| Untracked 
|  86|0x0000000085600000, 0x0000000085600000, 0x0000000085700000|  0%| F|  |TAMS 0x0000000085600000, 0x0000000085600000| Untracked 
|  87|0x0000000085700000, 0x0000000085700000, 0x0000000085800000|  0%| F|  |TAMS 0x0000000085700000, 0x0000000085700000| Untracked 
|  88|0x0000000085800000, 0x0000000085800000, 0x0000000085900000|  0%| F|  |TAMS 0x0000000085800000, 0x0000000085800000| Untracked 
|  89|0x0000000085900000, 0x0000000085900000, 0x0000000085a00000|  0%| F|  |TAMS 0x0000000085900000, 0x0000000085900000| Untracked 
|  90|0x0000000085a00000, 0x0000000085a00000, 0x0000000085b00000|  0%| F|  |TAMS 0x0000000085a00000, 0x0000000085a00000| Untracked 
|  91|0x0000000085b00000, 0x0000000085b00000, 0x0000000085c00000|  0%| F|  |TAMS 0x0000000085b00000, 0x0000000085b00000| Untracked 
|  92|0x0000000085c00000, 0x0000000085c00000, 0x0000000085d00000|  0%| F|  |TAMS 0x0000000085c00000, 0x0000000085c00000| Untracked 
|  93|0x0000000085d00000, 0x0000000085d00000, 0x0000000085e00000|  0%| F|  |TAMS 0x0000000085d00000, 0x0000000085d00000| Untracked 
|  94|0x0000000085e00000, 0x0000000085e00000, 0x0000000085f00000|  0%| F|  |TAMS 0x0000000085e00000, 0x0000000085e00000| Untracked 
|  95|0x0000000085f00000, 0x0000000085f00000, 0x0000000086000000|  0%| F|  |TAMS 0x0000000085f00000, 0x0000000085f00000| Untracked 
|  96|0x0000000086000000, 0x0000000086000000, 0x0000000086100000|  0%| F|  |TAMS 0x0000000086000000, 0x0000000086000000| Untracked 
|  97|0x0000000086100000, 0x0000000086100000, 0x0000000086200000|  0%| F|  |TAMS 0x0000000086100000, 0x0000000086100000| Untracked 
|  98|0x0000000086200000, 0x0000000086200000, 0x0000000086300000|  0%| F|  |TAMS 0x0000000086200000, 0x0000000086200000| Untracked 
|  99|0x0000000086300000, 0x0000000086300000, 0x0000000086400000|  0%| F|  |TAMS 0x0000000086300000, 0x0000000086300000| Untracked 
| 100|0x0000000086400000, 0x0000000086400000, 0x0000000086500000|  0%| F|  |TAMS 0x0000000086400000, 0x0000000086400000| Untracked 
| 101|0x0000000086500000, 0x0000000086500000, 0x0000000086600000|  0%| F|  |TAMS 0x0000000086500000, 0x0000000086500000| Untracked 
| 102|0x0000000086600000, 0x0000000086600000, 0x0000000086700000|  0%| F|  |TAMS 0x0000000086600000, 0x0000000086600000| Untracked 
| 103|0x0000000086700000, 0x0000000086700000, 0x0000000086800000|  0%| F|  |TAMS 0x0000000086700000, 0x0000000086700000| Untracked 
| 104|0x0000000086800000, 0x0000000086800000, 0x0000000086900000|  0%| F|  |TAMS 0x0000000086800000, 0x0000000086800000| Untracked 
| 105|0x0000000086900000, 0x000000008691f028, 0x0000000086a00000| 12%| S|CS|TAMS 0x0000000086900000, 0x0000000086900000| Complete 
| 106|0x0000000086a00000, 0x0000000086b00000, 0x0000000086b00000|100%| S|CS|TAMS 0x0000000086a00000, 0x0000000086a00000| Complete 
| 107|0x0000000086b00000, 0x0000000086c00000, 0x0000000086c00000|100%| S|CS|TAMS 0x0000000086b00000, 0x0000000086b00000| Complete 
| 108|0x0000000086c00000, 0x0000000086c80800, 0x0000000086d00000| 50%| E|  |TAMS 0x0000000086c00000, 0x0000000086c00000| Complete 
| 109|0x0000000086d00000, 0x0000000086e00000, 0x0000000086e00000|100%| E|CS|TAMS 0x0000000086d00000, 0x0000000086d00000| Complete 
| 110|0x0000000086e00000, 0x0000000086f00000, 0x0000000086f00000|100%| E|CS|TAMS 0x0000000086e00000, 0x0000000086e00000| Complete 
| 111|0x0000000086f00000, 0x0000000087000000, 0x0000000087000000|100%| E|CS|TAMS 0x0000000086f00000, 0x0000000086f00000| Complete 
| 112|0x0000000087000000, 0x0000000087100000, 0x0000000087100000|100%| E|CS|TAMS 0x0000000087000000, 0x0000000087000000| Complete 
| 113|0x0000000087100000, 0x0000000087200000, 0x0000000087200000|100%| E|CS|TAMS 0x0000000087100000, 0x0000000087100000| Complete 
| 114|0x0000000087200000, 0x0000000087300000, 0x0000000087300000|100%| E|CS|TAMS 0x0000000087200000, 0x0000000087200000| Complete 
| 115|0x0000000087300000, 0x0000000087400000, 0x0000000087400000|100%| E|CS|TAMS 0x0000000087300000, 0x0000000087300000| Complete 
| 116|0x0000000087400000, 0x0000000087500000, 0x0000000087500000|100%| E|CS|TAMS 0x0000000087400000, 0x0000000087400000| Complete 
| 117|0x0000000087500000, 0x0000000087600000, 0x0000000087600000|100%| E|CS|TAMS 0x0000000087500000, 0x0000000087500000| Complete 
| 118|0x0000000087600000, 0x0000000087700000, 0x0000000087700000|100%| E|CS|TAMS 0x0000000087600000, 0x0000000087600000| Complete 
| 119|0x0000000087700000, 0x0000000087800000, 0x0000000087800000|100%| E|CS|TAMS 0x0000000087700000, 0x0000000087700000| Complete 
| 120|0x0000000087800000, 0x0000000087900000, 0x0000000087900000|100%| E|CS|TAMS 0x0000000087800000, 0x0000000087800000| Complete 
| 121|0x0000000087900000, 0x0000000087a00000, 0x0000000087a00000|100%| E|CS|TAMS 0x0000000087900000, 0x0000000087900000| Complete 
| 122|0x0000000087a00000, 0x0000000087b00000, 0x0000000087b00000|100%| E|CS|TAMS 0x0000000087a00000, 0x0000000087a00000| Complete 
| 123|0x0000000087b00000, 0x0000000087c00000, 0x0000000087c00000|100%| E|CS|TAMS 0x0000000087b00000, 0x0000000087b00000| Complete 
| 124|0x0000000087c00000, 0x0000000087d00000, 0x0000000087d00000|100%| E|CS|TAMS 0x0000000087c00000, 0x0000000087c00000| Complete 
| 125|0x0000000087d00000, 0x0000000087e00000, 0x0000000087e00000|100%| E|CS|TAMS 0x0000000087d00000, 0x0000000087d00000| Complete 
| 126|0x0000000087e00000, 0x0000000087f00000, 0x0000000087f00000|100%| E|CS|TAMS 0x0000000087e00000, 0x0000000087e00000| Complete 
| 127|0x0000000087f00000, 0x0000000088000000, 0x0000000088000000|100%| E|CS|TAMS 0x0000000087f00000, 0x0000000087f00000| Complete 

Card table byte_map: [0x000002102bb10000,0x000002102bf10000] _byte_map_base: 0x000002102b710000

Marking Bits (Prev, Next): (CMBitMap*) 0x0000021014c93498, (CMBitMap*) 0x0000021014c934d0
 Prev Bits: [0x000002102c310000, 0x000002102e310000)
 Next Bits: [0x000002102e310000, 0x0000021030310000)

Polling page: 0x00000210132f0000

Metaspace:

Usage:
  Non-class:     15.96 MB capacity,    15.74 MB ( 99%) used,   199.19 KB (  1%) free+waste,    19.69 KB ( <1%) overhead. 
      Class:      2.03 MB capacity,     1.92 MB ( 94%) used,   106.63 KB (  5%) free+waste,     8.25 KB ( <1%) overhead. 
       Both:     17.99 MB capacity,    17.67 MB ( 98%) used,   305.82 KB (  2%) free+waste,    27.94 KB ( <1%) overhead. 

Virtual space:
  Non-class space:       16.00 MB reserved,      16.00 MB (100%) committed 
      Class space:        1.00 GB reserved,       2.13 MB ( <1%) committed 
             Both:        1.02 GB reserved,      18.13 MB (  2%) committed 

Chunk freelists:
   Non-Class:  5.38 KB
       Class:  0 bytes
        Both:  5.38 KB

CodeHeap 'non-profiled nmethods': size=120064Kb used=656Kb max_used=656Kb free=119407Kb
 bounds [0x0000021023dd0000, 0x0000021024040000, 0x000002102b310000]
CodeHeap 'profiled nmethods': size=120000Kb used=4106Kb max_used=4106Kb free=115893Kb
 bounds [0x000002101c8a0000, 0x000002101ccb0000, 0x0000021023dd0000]
CodeHeap 'non-nmethods': size=5696Kb used=1112Kb max_used=1121Kb free=4583Kb
 bounds [0x000002101c310000, 0x000002101c580000, 0x000002101c8a0000]
 total_blobs=2401 nmethods=1990 adapters=321
 compilation: enabled
              stopped_count=0, restarted_count=0
 full_count=0

Compilation events (10 events):
Event: 2.603 Thread 0x000002103270c000 nmethod 1949 0x000002101cc8e010 code [0x000002101cc8e1a0, 0x000002101cc8e2b8]
Event: 2.603 Thread 0x000002103270c000 1950       3       com.google.inject.spi.ProviderLookup$1::get (29 bytes)
Event: 2.603 Thread 0x000002103270c000 nmethod 1950 0x000002101cc8e390 code [0x000002101cc8e560, 0x000002101cc8e858]
Event: 2.603 Thread 0x000002103270c000 1951       3       org.eclipse.sisu.wire.BeanProviders$1::get (5 bytes)
Event: 2.603 Thread 0x000002103270c000 nmethod 1951 0x000002101cc8e990 code [0x000002101cc8eb60, 0x000002101cc8ef18]
Event: 2.604 Thread 0x000002103270c000 1952       3       com.google.inject.spi.InjectionPoint::hashCode (16 bytes)
Event: 2.604 Thread 0x000002103270c000 nmethod 1952 0x000002101cc8f090 code [0x000002101cc8f240, 0x000002101cc8f428]
Event: 2.604 Thread 0x000002103270c000 1953       1       com.google.inject.spi.InjectionPoint::getDeclaringType (5 bytes)
Event: 2.604 Thread 0x000002103270c000 nmethod 1953 0x0000021023e72d10 code [0x0000021023e72ea0, 0x0000021023e72f58]
Event: 2.605 Thread 0x000002103270c000 1954       3       java.lang.String::startsWith (138 bytes)

GC Heap History (8 events):
Event: 0.485 GC heap before
{Heap before GC invocations=0 (full 0):
 garbage-first heap   total 131072K, used 6144K [0x0000000080000000, 0x0000000100000000)
  region size 1024K, 7 young (7168K), 0 survivors (0K)
 Metaspace       used 7789K, capacity 7933K, committed 8064K, reserved 1056768K
  class space    used 680K, capacity 772K, committed 896K, reserved 1048576K
}
Event: 0.492 GC heap after
{Heap after GC invocations=1 (full 0):
 garbage-first heap   total 131072K, used 2105K [0x0000000080000000, 0x0000000100000000)
  region size 1024K, 1 young (1024K), 1 survivors (1024K)
 Metaspace       used 7789K, capacity 7933K, committed 8064K, reserved 1056768K
  class space    used 680K, capacity 772K, committed 896K, reserved 1048576K
}
Event: 0.725 GC heap before
{Heap before GC invocations=1 (full 0):
 garbage-first heap   total 131072K, used 7225K [0x0000000080000000, 0x0000000100000000)
  region size 1024K, 6 young (6144K), 1 survivors (1024K)
 Metaspace       used 10192K, capacity 10376K, committed 10624K, reserved 1058816K
  class space    used 956K, capacity 1056K, committed 1152K, reserved 1048576K
}
Event: 0.735 GC heap after
{Heap after GC invocations=2 (full 0):
 garbage-first heap   total 131072K, used 2985K [0x0000000080000000, 0x0000000100000000)
  region size 1024K, 1 young (1024K), 1 survivors (1024K)
 Metaspace       used 10192K, capacity 10376K, committed 10624K, reserved 1058816K
  class space    used 956K, capacity 1056K, committed 1152K, reserved 1048576K
}
Event: 1.113 GC heap before
{Heap before GC invocations=2 (full 0):
 garbage-first heap   total 131072K, used 16297K [0x0000000080000000, 0x0000000100000000)
  region size 1024K, 14 young (14336K), 1 survivors (1024K)
 Metaspace       used 12404K, capacity 12596K, committed 12672K, reserved 1060864K
  class space    used 1254K, capacity 1348K, committed 1408K, reserved 1048576K
}
Event: 1.118 GC heap after
{Heap after GC invocations=3 (full 0):
 garbage-first heap   total 131072K, used 3563K [0x0000000080000000, 0x0000000100000000)
  region size 1024K, 2 young (2048K), 2 survivors (2048K)
 Metaspace       used 12404K, capacity 12596K, committed 12672K, reserved 1060864K
  class space    used 1254K, capacity 1348K, committed 1408K, reserved 1048576K
}
Event: 1.816 GC heap before
{Heap before GC invocations=3 (full 0):
 garbage-first heap   total 131072K, used 21995K [0x0000000080000000, 0x0000000100000000)
  region size 1024K, 20 young (20480K), 2 survivors (2048K)
 Metaspace       used 14489K, capacity 14713K, committed 14976K, reserved 1062912K
  class space    used 1515K, capacity 1583K, committed 1664K, reserved 1048576K
}
Event: 1.826 GC heap after
{Heap after GC invocations=4 (full 0):
 garbage-first heap   total 131072K, used 4247K [0x0000000080000000, 0x0000000100000000)
  region size 1024K, 3 young (3072K), 3 survivors (3072K)
 Metaspace       used 14489K, capacity 14713K, committed 14976K, reserved 1062912K
  class space    used 1515K, capacity 1583K, committed 1664K, reserved 1048576K
}

Deoptimization events (10 events):
Event: 0.946 Thread 0x0000021014c57000 Uncommon trap: reason=unstable_if action=reinterpret pc=0x0000021023df1828 method=org.codehaus.plexus.util.xml.pull.MXParser.more()C @ 8 c2
Event: 1.025 Thread 0x0000021014c57000 Uncommon trap: reason=unstable_if action=reinterpret pc=0x0000021023e1462c method=java.nio.charset.CharsetDecoder.decode(Ljava/nio/ByteBuffer;Ljava/nio/CharBuffer;Z)Ljava/nio/charset/CoderResult; @ 15 c2
Event: 1.129 Thread 0x0000021014c57000 Uncommon trap: reason=unstable_if action=reinterpret pc=0x0000021023e188e0 method=sun.nio.cs.StreamDecoder.read0()I @ 39 c2
Event: 1.215 Thread 0x0000021014c57000 Uncommon trap: reason=bimorphic_or_optimized_type_check action=maybe_recompile pc=0x0000021023e0c44c method=java.util.HashMap.getNode(ILjava/lang/Object;)Ljava/util/HashMap$Node; @ 126 c2
Event: 1.223 Thread 0x0000021014c57000 Uncommon trap: reason=bimorphic_or_optimized_type_check action=maybe_recompile pc=0x0000021023e0c44c method=java.util.HashMap.getNode(ILjava/lang/Object;)Ljava/util/HashMap$Node; @ 126 c2
Event: 1.228 Thread 0x0000021014c57000 Uncommon trap: reason=bimorphic_or_optimized_type_check action=maybe_recompile pc=0x0000021023e0c44c method=java.util.HashMap.getNode(ILjava/lang/Object;)Ljava/util/HashMap$Node; @ 126 c2
Event: 1.253 Thread 0x0000021014c57000 Uncommon trap: reason=unstable_if action=reinterpret pc=0x0000021023e2cb9c method=java.util.HashMap.getNode(ILjava/lang/Object;)Ljava/util/HashMap$Node; @ 129 c2
Event: 1.253 Thread 0x0000021014c57000 Uncommon trap: reason=unstable_if action=reinterpret pc=0x0000021023e0c368 method=java.util.HashMap.getNode(ILjava/lang/Object;)Ljava/util/HashMap$Node; @ 129 c2
Event: 1.411 Thread 0x0000021014c57000 Uncommon trap: reason=unstable_if action=reinterpret pc=0x0000021023e2dfb0 method=java.lang.String.<init>([CIILjava/lang/Void;)V @ 5 c2
Event: 2.559 Thread 0x0000021014c57000 Uncommon trap: reason=unstable_if action=reinterpret pc=0x0000021023de7f5c method=java.lang.String.startsWith(Ljava/lang/String;I)Z @ 1 c2

Classes redefined (0 events):
No events

Internal exceptions (10 events):
Event: 0.303 Thread 0x0000021014c57000 Exception <a 'java/lang/NullPointerException'{0x0000000087b07ef0}> (0x0000000087b07ef0) thrown at [./open/src/hotspot/share/interpreter/linkResolver.cpp, line 1354]
Event: 0.304 Thread 0x0000021014c57000 Exception <a 'java/lang/NullPointerException'{0x0000000087b0f330}> (0x0000000087b0f330) thrown at [./open/src/hotspot/share/interpreter/linkResolver.cpp, line 1354]
Event: 0.307 Thread 0x0000021014c57000 Exception <a 'java/lang/NullPointerException'{0x0000000087b269d8}> (0x0000000087b269d8) thrown at [./open/src/hotspot/share/interpreter/linkResolver.cpp, line 1354]
Event: 0.307 Thread 0x0000021014c57000 Exception <a 'java/lang/NullPointerException'{0x0000000087b26ca8}> (0x0000000087b26ca8) thrown at [./open/src/hotspot/share/interpreter/linkResolver.cpp, line 1354]
Event: 0.307 Thread 0x0000021014c57000 Exception <a 'java/lang/NullPointerException'{0x0000000087b26f78}> (0x0000000087b26f78) thrown at [./open/src/hotspot/share/interpreter/linkResolver.cpp, line 1354]
Event: 0.307 Thread 0x0000021014c57000 Exception <a 'java/lang/NullPointerException'{0x0000000087b27248}> (0x0000000087b27248) thrown at [./open/src/hotspot/share/interpreter/linkResolver.cpp, line 1354]
Event: 0.939 Thread 0x0000021014c57000 Exception <a 'java/lang/NoClassDefFoundError'{0x0000000087868808}: javax/enterprise/inject/Typed> (0x0000000087868808) thrown at [./open/src/hotspot/share/classfile/systemDictionary.cpp, line 215]
Event: 2.432 Thread 0x0000021014c57000 Exception <a 'java/lang/NoClassDefFoundError'{0x0000000086e10e00}: com/google/inject/servlet/ServletModuleTargetVisitor> (0x0000000086e10e00) thrown at [./open/src/hotspot/share/classfile/systemDictionary.cpp, line 215]
Event: 2.433 Thread 0x0000021014c57000 Exception <a 'java/lang/NoClassDefFoundError'{0x0000000086e10e00}> (0x0000000086e10e00) thrown at [./open/src/hotspot/share/prims/jvm.cpp, line 1309]
Event: 2.566 Thread 0x0000021014c57000 Exception <a 'java/lang/NoSuchMethodError'{0x0000000086d5f338}: java.lang.invoke.DirectMethodHandle$Holder.invokeStaticInit(Ljava/lang/Object;IIII)Ljava/lang/Object;> (0x0000000086d5f338) thrown at [./open/src/hotspot/share/interpreter/linkResolver.cpp, l

Events (10 events):
Event: 2.567 loading class sun/security/provider/EntropySource
Event: 2.567 loading class sun/security/provider/EntropySource done
Event: 2.569 loading class org/eclipse/sisu/wire/NamedIterableAdapter
Event: 2.569 loading class org/eclipse/sisu/wire/NamedIterableAdapter done
Event: 2.570 loading class jdk/internal/reflect/UnsafeQualifiedObjectFieldAccessorImpl
Event: 2.570 loading class jdk/internal/reflect/UnsafeQualifiedFieldAccessorImpl
Event: 2.570 loading class jdk/internal/reflect/UnsafeQualifiedFieldAccessorImpl done
Event: 2.570 loading class jdk/internal/reflect/UnsafeQualifiedObjectFieldAccessorImpl done
Event: 2.605 loading class com/google/inject/internal/DelegatingInvocationHandler
Event: 2.605 loading class com/google/inject/internal/DelegatingInvocationHandler done


Dynamic libraries:
0x00007ff6d4930000 - 0x00007ff6d493f000 	C:\Program Files\Java\jdk-11.0.16\bin\java.exe
0x00007fffbf2d0000 - 0x00007fffbf4c8000 	C:\Windows\SYSTEM32\ntdll.dll
0x00007fffbe4a0000 - 0x00007fffbe55d000 	C:\Windows\System32\KERNEL32.DLL
0x00007fffbcf10000 - 0x00007fffbd1e2000 	C:\Windows\System32\KERNELBASE.dll
0x00007fffbcc10000 - 0x00007fffbcd10000 	C:\Windows\System32\ucrtbase.dll
0x00007fff9b850000 - 0x00007fff9b865000 	C:\Program Files\Java\jdk-11.0.16\bin\VCRUNTIME140.dll
0x00007fff9ae60000 - 0x00007fff9ae78000 	C:\Program Files\Java\jdk-11.0.16\bin\jli.dll
0x00007fffbd7b0000 - 0x00007fffbd85e000 	C:\Windows\System32\ADVAPI32.dll
0x00007fffbe400000 - 0x00007fffbe49e000 	C:\Windows\System32\msvcrt.dll
0x00007fffbf0e0000 - 0x00007fffbf17c000 	C:\Windows\System32\sechost.dll
0x00007fffbd330000 - 0x00007fffbd455000 	C:\Windows\System32\RPCRT4.dll
0x00007fffbeaf0000 - 0x00007fffbec8d000 	C:\Windows\System32\USER32.dll
0x00007fffbca30000 - 0x00007fffbca52000 	C:\Windows\System32\win32u.dll
0x00007fffbd460000 - 0x00007fffbd48b000 	C:\Windows\System32\GDI32.dll
0x00007fffbcad0000 - 0x00007fffbcbdf000 	C:\Windows\System32\gdi32full.dll
0x00007fffbcd10000 - 0x00007fffbcdad000 	C:\Windows\System32\msvcp_win.dll
0x00007fff9e7b0000 - 0x00007fff9ea4a000 	C:\Windows\WinSxS\amd64_microsoft.windows.common-controls_6595b64144ccf1df_6.0.19041.1110_none_60b5254171f9507e\COMCTL32.dll
0x00007fffb4780000 - 0x00007fffb478a000 	C:\Windows\SYSTEM32\VERSION.dll
0x00007fffbe2b0000 - 0x00007fffbe2e0000 	C:\Windows\System32\IMM32.DLL
0x00007fff78610000 - 0x00007fff786ab000 	C:\Program Files\Java\jdk-11.0.16\bin\msvcp140.dll
0x00007fff64740000 - 0x00007fff65258000 	C:\Program Files\Java\jdk-11.0.16\bin\server\jvm.dll
0x00007fffbd8c0000 - 0x00007fffbd8c8000 	C:\Windows\System32\PSAPI.DLL
0x00007fffb2980000 - 0x00007fffb2989000 	C:\Windows\SYSTEM32\WSOCK32.dll
0x00007fffbe240000 - 0x00007fffbe2ab000 	C:\Windows\System32\WS2_32.dll
0x00007fff9cb10000 - 0x00007fff9cb37000 	C:\Windows\SYSTEM32\WINMM.dll
0x00007fffba7a0000 - 0x00007fffba7b2000 	C:\Windows\SYSTEM32\kernel.appcore.dll
0x00007fff9ba80000 - 0x00007fff9ba90000 	C:\Program Files\Java\jdk-11.0.16\bin\verify.dll
0x00007fffac3a0000 - 0x00007fffac584000 	C:\Windows\SYSTEM32\DBGHELP.DLL
0x00007fffadd50000 - 0x00007fffadd7c000 	C:\Windows\SYSTEM32\dbgcore.DLL
0x00007fffbd2a0000 - 0x00007fffbd322000 	C:\Windows\System32\bcryptPrimitives.dll
0x00007fff95fe0000 - 0x00007fff96008000 	C:\Program Files\Java\jdk-11.0.16\bin\java.dll
0x00007fff9b800000 - 0x00007fff9b80a000 	C:\Program Files\Java\jdk-11.0.16\bin\jimage.dll
0x00007fff98de0000 - 0x00007fff98df6000 	C:\Program Files\Java\jdk-11.0.16\bin\zip.dll
0x00007fffbd8d0000 - 0x00007fffbe013000 	C:\Windows\System32\SHELL32.dll
0x00007fffbaa80000 - 0x00007fffbb211000 	C:\Windows\SYSTEM32\windows.storage.dll
0x00007fffbec90000 - 0x00007fffbefe4000 	C:\Windows\System32\combase.dll
0x00007fffbc280000 - 0x00007fffbc2b0000 	C:\Windows\SYSTEM32\Wldp.dll
0x00007fffbf1e0000 - 0x00007fffbf28d000 	C:\Windows\System32\SHCORE.dll
0x00007fffbe1d0000 - 0x00007fffbe225000 	C:\Windows\System32\shlwapi.dll
0x00007fffbc920000 - 0x00007fffbc93f000 	C:\Windows\SYSTEM32\profapi.dll
0x00007fff95f00000 - 0x00007fff95f19000 	C:\Program Files\Java\jdk-11.0.16\bin\net.dll
0x00007fffb4480000 - 0x00007fffb458d000 	C:\Windows\SYSTEM32\WINHTTP.dll
0x00007fffbc060000 - 0x00007fffbc0ca000 	C:\Windows\system32\mswsock.dll
0x00007fff95ee0000 - 0x00007fff95ef2000 	C:\Program Files\Java\jdk-11.0.16\bin\nio.dll
0x0000000069ac0000 - 0x0000000069ae4000 	C:\Users\sfjbs\Downloads\micro service-20221001T123314Z-001\micro service\apache-maven-3.8.5-bin\apache-maven-3.8.5\lib\jansi-native\Windows\x86_64\jansi.dll

dbghelp: loaded successfully - version: 4.0.5 - missing functions: none
symbol engine: initialized successfully - sym options: 0x614 - pdb path: .;C:\Program Files\Java\jdk-11.0.16\bin;C:\Windows\SYSTEM32;C:\Windows\WinSxS\amd64_microsoft.windows.common-controls_6595b64144ccf1df_6.0.19041.1110_none_60b5254171f9507e;C:\Program Files\Java\jdk-11.0.16\bin\server;C:\Users\sfjbs\Downloads\micro service-20221001T123314Z-001\micro service\apache-maven-3.8.5-bin\apache-maven-3.8.5\lib\jansi-native\Windows\x86_64

VM Arguments:
jvm_args: -Dclassworlds.conf=C:\Users\sfjbs\Downloads\micro service-20221001T123314Z-001\micro service\apache-maven-3.8.5-bin\apache-maven-3.8.5\bin\m2.conf -Dmaven.home=C:\Users\sfjbs\Downloads\micro service-20221001T123314Z-001\micro service\apache-maven-3.8.5-bin\apache-maven-3.8.5 -Dlibrary.jansi.path=C:\Users\sfjbs\Downloads\micro service-20221001T123314Z-001\micro service\apache-maven-3.8.5-bin\apache-maven-3.8.5\lib\jansi-native -Dmaven.multiModuleProjectDirectory=C:\Users\sfjbs\Downloads\training\Sagar\Day13\pension-management-system 
java_command: org.codehaus.plexus.classworlds.launcher.Launcher spring-boot:run
java_class_path (initial): C:\Users\sfjbs\Downloads\micro service-20221001T123314Z-001\micro service\apache-maven-3.8.5-bin\apache-maven-3.8.5\boot\plexus-classworlds-2.6.0.jar
Launcher Type: SUN_STANDARD

[Global flags]
     intx CICompilerCount                          = 2                                         {product} {ergonomic}
     uint ConcGCThreads                            = 1                                         {product} {ergonomic}
     uint G1ConcRefinementThreads                  = 2                                         {product} {ergonomic}
   size_t G1HeapRegionSize                         = 1048576                                   {product} {ergonomic}
    uintx GCDrainStackTargetSize                   = 64                                        {product} {ergonomic}
   size_t InitialHeapSize                          = 134217728                                 {product} {ergonomic}
   size_t MarkStackSize                            = 4194304                                   {product} {ergonomic}
   size_t MaxHeapSize                              = 2147483648                                {product} {ergonomic}
   size_t MaxNewSize                               = 1287651328                                {product} {ergonomic}
   size_t MinHeapDeltaBytes                        = 1048576                                   {product} {ergonomic}
    uintx NonNMethodCodeHeapSize                   = 5825164                                {pd product} {ergonomic}
    uintx NonProfiledCodeHeapSize                  = 122916538                              {pd product} {ergonomic}
    uintx ProfiledCodeHeapSize                     = 122916538                              {pd product} {ergonomic}
    uintx ReservedCodeCacheSize                    = 251658240                              {pd product} {ergonomic}
     bool SegmentedCodeCache                       = true                                      {product} {ergonomic}
     bool UseCompressedClassPointers               = true                                 {lp64_product} {ergonomic}
     bool UseCompressedOops                        = true                                 {lp64_product} {ergonomic}
     bool UseG1GC                                  = true                                      {product} {ergonomic}
     bool UseLargePagesIndividualAllocation        = false                                  {pd product} {ergonomic}

Logging:
Log output configuration:
 #0: stdout all=warning uptime,level,tags
 #1: stderr all=off uptime,level,tags

Environment Variables:
PATH=C:\Program Files\Common Files\Oracle\Java\javapath;C:\Windows\system32;C:\Windows;C:\Windows\System32\Wbem;C:\Windows\System32\WindowsPowerShell\v1.0\;C:\Windows\System32\OpenSSH\;C:\Users\sfjbs\Downloads\micro service-20221001T123314Z-001\micro service\apache-maven-3.8.5-bin\apache-maven-3.8.5\bin;C:\Users\sfjbs\Downloads\micro service-20221001T123314Z-001\micro service\apache-maven-3.8.5-bin\apache-maven-3.8.5\lib;C:\Program Files\Docker\Docker\resources\bin;C:\ProgramData\DockerDesktop\version-bin;C:\Program Files\Git\cmd;C:\Users\sfjbs\AppData\Local\Microsoft\WindowsApps;C:\Users\sfjbs\Downloads\micro service-20221001T123314Z-001\micro service\apache-maven-3.8.5-bin\apache-maven-3.8.5\bin;C:\Users\sfjbs\Downloads\micro service-20221001T123314Z-001\micro service\apache-maven-3.8.5-bin\apache-maven-3.8.5\lib;;C:\Program Files\JetBrains\IntelliJ IDEA Community Edition 2022.2.1\bin;
USERNAME=sfjbs
OS=Windows_NT
PROCESSOR_IDENTIFIER=Intel64 Family 6 Model 106 Stepping 6, GenuineIntel



---------------  S Y S T E M  ---------------

OS: Windows 10 , 64 bit Build 19041 (10.0.19041.1889)
Hyper-V role detected

CPU:total 2 (initial active 2) (1 cores per cpu, 2 threads per core) family 6 model 106 stepping 6 microcode 0xffffffff, cmov, cx8, fxsr, mmx, sse, sse2, sse3, ssse3, sse4.1, sse4.2, popcnt, avx, avx2, aes, clmul, erms, rtm, 3dnowpref, lzcnt, ht, tsc, bmi1, bmi2, adx, evex, fma

Memory: 4k page, system-wide physical 8190M (1315M free)
TotalPageFile size 10238M (AvailPageFile size 4M)
current process WorkingSet (physical memory assigned to process): 93M, peak: 93M
current process commit charge ("private bytes"): 227M, peak: 228M

vm_info: Java HotSpot(TM) 64-Bit Server VM (11.0.16+11-LTS-199) for windows-amd64 JRE (11.0.16+11-LTS-199), built on Jun 28 2022 08:23:17 by "mach5one" with MS VC++ 15.9 (VS2017)

END.
