#
# There is insufficient memory for the Java Runtime Environment to continue.
# Native memory allocation (mmap) failed to map 27262976 bytes for Failed to commit area from 0x0000000088000000 to 0x0000000089a00000 of length 27262976.
# Possible reasons:
#   The system is out of physical RAM or swap space
#   The process is running with CompressedOops enabled, and the Java Heap may be blocking the growth of the native heap
# Possible solutions:
#   Reduce memory load on the system
#   Increase physical memory or swap space
#   Check if swap backing store is full
#   Decrease Java heap size (-Xmx/-Xms)
#   Decrease number of Java threads
#   Decrease Java thread stack sizes (-Xss)
#   Set larger code cache with -XX:ReservedCodeCacheSize=
#   JVM is running with Unscaled Compressed Oops mode in which the Java heap is
#     placed in the first 4GB address space. The Java Heap base address is the
#     maximum limit for the native heap growth. Please use -XX:HeapBaseMinAddress
#     to set the Java Heap base and to place the Java Heap above 4GB virtual address.
# This output file may be truncated or incomplete.
#
#  Out of Memory Error (./open/src/hotspot/os/windows/os_windows.cpp:3287), pid=59844, tid=96588
#
# JRE version: Java(TM) SE Runtime Environment 18.9 (11.0.16+11) (build 11.0.16+11-LTS-199)
# Java VM: Java HotSpot(TM) 64-Bit Server VM 18.9 (11.0.16+11-LTS-199, mixed mode, tiered, compressed oops, g1 gc, windows-amd64)
# No core dump will be written. Minidumps are not enabled by default on client versions of Windows
#

---------------  S U M M A R Y ------------

Command Line: -Dclassworlds.conf=C:\Users\sfjbs\Downloads\micro service-20221001T123314Z-001\micro service\apache-maven-3.8.5-bin\apache-maven-3.8.5\bin\m2.conf -Dmaven.home=C:\Users\sfjbs\Downloads\micro service-20221001T123314Z-001\micro service\apache-maven-3.8.5-bin\apache-maven-3.8.5 -Dlibrary.jansi.path=C:\Users\sfjbs\Downloads\micro service-20221001T123314Z-001\micro service\apache-maven-3.8.5-bin\apache-maven-3.8.5\lib\jansi-native -Dmaven.multiModuleProjectDirectory=C:\Users\sfjbs\Downloads\training\Sagar\Day13\pension-management-system org.codehaus.plexus.classworlds.launcher.Launcher spring-boot:run

Host: Intel(R) Xeon(R) Platinum 8370C CPU @ 2.80GHz, 2 cores, 7G,  Windows 10 , 64 bit Build 19041 (10.0.19041.1889)
Time: Mon Oct 31 08:41:14 2022 Coordinated Universal Time elapsed time: 3.028724 seconds (0d 0h 0m 3s)

---------------  T H R E A D  ---------------

Current thread (0x0000020fabd1c800):  VMThread "VM Thread" [stack: 0x0000006717700000,0x0000006717800000] [id=96588]

Stack: [0x0000006717700000,0x0000006717800000]
[error occurred during error reporting (printing stack bounds), id 0xc0000005, EXCEPTION_ACCESS_VIOLATION (0xc0000005) at pc=0x0000020f959010e7]

Native frames: (J=compiled Java code, j=interpreted, Vv=VM code, C=native code)
V  [jvm.dll+0x62a3ea]
V  [jvm.dll+0x76418f]
V  [jvm.dll+0x765839]
V  [jvm.dll+0x765e25]
V  [jvm.dll+0x765ddb]
V  [jvm.dll+0x6298d3]
V  [jvm.dll+0x629fe8]
C  [ntdll.dll+0xa241f]
C  [ntdll.dll+0x514a4]
C  [ntdll.dll+0xa0f4e]
C  0x0000020f959010e7

VM_Operation (0x00000067171fccc0): G1CollectForAllocation, mode: safepoint, requested by thread 0x0000020f8e247800


---------------  P R O C E S S  ---------------

Threads class SMR info:
_java_thread_list=0x0000020fac7eab70, length=10, elements={
0x0000020f8e247800, 0x0000020fabd1f800, 0x0000020fabd28800, 0x0000020fabd39800,
0x0000020fabd3d800, 0x0000020fabd3e800, 0x0000020fabd41800, 0x0000020fabd53000,
0x0000020fabd56800, 0x0000020fac7f9000
}

Java Threads: ( => current thread )
  0x0000020f8e247800 JavaThread "main" [_thread_blocked, id=196460, stack(0x0000006717100000,0x0000006717200000)]
  0x0000020fabd1f800 JavaThread "Reference Handler" daemon [_thread_blocked, id=86464, stack(0x0000006717800000,0x0000006717900000)]
  0x0000020fabd28800 JavaThread "Finalizer" daemon [_thread_blocked, id=10716, stack(0x0000006717900000,0x0000006717a00000)]
  0x0000020fabd39800 JavaThread "Signal Dispatcher" daemon [_thread_blocked, id=62372, stack(0x0000006717a00000,0x0000006717b00000)]
  0x0000020fabd3d800 JavaThread "Attach Listener" daemon [_thread_blocked, id=88588, stack(0x0000006717b00000,0x0000006717c00000)]
  0x0000020fabd3e800 JavaThread "Service Thread" daemon [_thread_blocked, id=77304, stack(0x0000006717c00000,0x0000006717d00000)]
  0x0000020fabd41800 JavaThread "C2 CompilerThread0" daemon [_thread_blocked, id=130184, stack(0x0000006717d00000,0x0000006717e00000)]
  0x0000020fabd53000 JavaThread "C1 CompilerThread0" daemon [_thread_blocked, id=93368, stack(0x0000006717e00000,0x0000006717f00000)]
  0x0000020fabd56800 JavaThread "Sweeper thread" daemon [_thread_blocked, id=69328, stack(0x0000006717f00000,0x0000006718000000)]
  0x0000020fac7f9000 JavaThread "Common-Cleaner" daemon [_thread_blocked, id=91732, stack(0x0000006718100000,0x0000006718200000)]

Other Threads:
=>0x0000020fabd1c800 VMThread "VM Thread" [stack: 0x0000006717700000,0x0000006717800000] [id=96588]
  0x0000020fac7f4800 WatcherThread [stack: 0x0000006718000000,0x0000006718100000] [id=99596]
  0x0000020f8e25b800 GCTaskThread "GC Thread#0" [stack: 0x0000006717200000,0x0000006717300000] [id=98008]
  0x0000020faca73000 GCTaskThread "GC Thread#1" [stack: 0x0000006718200000,0x0000006718300000] [id=99460]
  0x0000020f8e28d800 ConcurrentGCThread "G1 Main Marker" [stack: 0x0000006717300000,0x0000006717400000] [id=14500]
  0x0000020f8e290000 ConcurrentGCThread "G1 Conc#0" [stack: 0x0000006717400000,0x0000006717500000] [id=54088]
  0x0000020f8e319800 ConcurrentGCThread "G1 Refine#0" [stack: 0x0000006717500000,0x0000006717600000] [id=32144]
  0x0000020f8e31b800 ConcurrentGCThread "G1 Young RemSet Sampling" [stack: 0x0000006717600000,0x0000006717700000] [id=78704]

Threads with active compile tasks:
C2 CompilerThread0     3062 2243       4       org.apache.maven.model.io.xpp3.MavenXpp3ReaderEx::checkFieldWithDuplicate (75 bytes)

VM state:at safepoint (normal execution)

VM Mutex/Monitor currently owned by a thread:  ([mutex/lock_event])
[0x0000020f8e2440a0] Threads_lock - owner thread: 0x0000020fabd1c800
[0x0000020f8e242ea0] Heap_lock - owner thread: 0x0000020f8e247800

Heap address: 0x0000000080000000, size: 2048 MB, Compressed Oops mode: 32-bit
Narrow klass base: 0x0000000000000000, Narrow klass shift: 3
Compressed class space size: 1073741824 Address: 0x0000000100000000

Heap:
 garbage-first heap   total 157696K, used 7769K [0x0000000080000000, 0x0000000100000000)
  region size 1024K, 5 young (5120K), 5 survivors (5120K)
 Metaspace       used 19850K, capacity 20200K, committed 20480K, reserved 1067008K
  class space    used 2120K, capacity 2247K, committed 2304K, reserved 1048576K
Heap Regions: E=young(eden), S=young(survivor), O=old, HS=humongous(starts), HC=humongous(continues), CS=collection set, F=free, A=archive, TAMS=top-at-mark-start (previous, next)
|   0|0x0000000080000000, 0x0000000080100000, 0x0000000080100000|100%| O|  |TAMS 0x0000000080000000, 0x0000000080000000| Untracked 
|   1|0x0000000080100000, 0x0000000080200000, 0x0000000080200000|100%| O|  |TAMS 0x0000000080100000, 0x0000000080100000| Untracked 
|   2|0x0000000080200000, 0x0000000080296600, 0x0000000080300000| 58%| O|  |TAMS 0x0000000080200000, 0x0000000080200000| Untracked 
|   3|0x0000000080300000, 0x0000000080300000, 0x0000000080400000|  0%| F|  |TAMS 0x0000000080300000, 0x0000000080300000| Untracked 
|   4|0x0000000080400000, 0x0000000080400000, 0x0000000080500000|  0%| F|  |TAMS 0x0000000080400000, 0x0000000080400000| Untracked 
|   5|0x0000000080500000, 0x0000000080500000, 0x0000000080600000|  0%| F|  |TAMS 0x0000000080500000, 0x0000000080500000| Untracked 
|   6|0x0000000080600000, 0x0000000080600000, 0x0000000080700000|  0%| F|  |TAMS 0x0000000080600000, 0x0000000080600000| Untracked 
|   7|0x0000000080700000, 0x0000000080700000, 0x0000000080800000|  0%| F|  |TAMS 0x0000000080700000, 0x0000000080700000| Untracked 
|   8|0x0000000080800000, 0x0000000080800000, 0x0000000080900000|  0%| F|  |TAMS 0x0000000080800000, 0x0000000080800000| Untracked 
|   9|0x0000000080900000, 0x0000000080900000, 0x0000000080a00000|  0%| F|  |TAMS 0x0000000080900000, 0x0000000080900000| Untracked 
|  10|0x0000000080a00000, 0x0000000080a00000, 0x0000000080b00000|  0%| F|  |TAMS 0x0000000080a00000, 0x0000000080a00000| Untracked 
|  11|0x0000000080b00000, 0x0000000080b00000, 0x0000000080c00000|  0%| F|  |TAMS 0x0000000080b00000, 0x0000000080b00000| Untracked 
|  12|0x0000000080c00000, 0x0000000080c00000, 0x0000000080d00000|  0%| F|  |TAMS 0x0000000080c00000, 0x0000000080c00000| Untracked 
|  13|0x0000000080d00000, 0x0000000080d00000, 0x0000000080e00000|  0%| F|  |TAMS 0x0000000080d00000, 0x0000000080d00000| Untracked 
|  14|0x0000000080e00000, 0x0000000080e00000, 0x0000000080f00000|  0%| F|  |TAMS 0x0000000080e00000, 0x0000000080e00000| Untracked 
|  15|0x0000000080f00000, 0x0000000080f00000, 0x0000000081000000|  0%| F|  |TAMS 0x0000000080f00000, 0x0000000080f00000| Untracked 
|  16|0x0000000081000000, 0x0000000081000000, 0x0000000081100000|  0%| F|  |TAMS 0x0000000081000000, 0x0000000081000000| Untracked 
|  17|0x0000000081100000, 0x0000000081100000, 0x0000000081200000|  0%| F|  |TAMS 0x0000000081100000, 0x0000000081100000| Untracked 
|  18|0x0000000081200000, 0x0000000081200000, 0x0000000081300000|  0%| F|  |TAMS 0x0000000081200000, 0x0000000081200000| Untracked 
|  19|0x0000000081300000, 0x0000000081300000, 0x0000000081400000|  0%| F|  |TAMS 0x0000000081300000, 0x0000000081300000| Untracked 
|  20|0x0000000081400000, 0x0000000081400000, 0x0000000081500000|  0%| F|  |TAMS 0x0000000081400000, 0x0000000081400000| Untracked 
|  21|0x0000000081500000, 0x0000000081500000, 0x0000000081600000|  0%| F|  |TAMS 0x0000000081500000, 0x0000000081500000| Untracked 
|  22|0x0000000081600000, 0x0000000081600000, 0x0000000081700000|  0%| F|  |TAMS 0x0000000081600000, 0x0000000081600000| Untracked 
|  23|0x0000000081700000, 0x0000000081700000, 0x0000000081800000|  0%| F|  |TAMS 0x0000000081700000, 0x0000000081700000| Untracked 
|  24|0x0000000081800000, 0x0000000081800000, 0x0000000081900000|  0%| F|  |TAMS 0x0000000081800000, 0x0000000081800000| Untracked 
|  25|0x0000000081900000, 0x0000000081900000, 0x0000000081a00000|  0%| F|  |TAMS 0x0000000081900000, 0x0000000081900000| Untracked 
|  26|0x0000000081a00000, 0x0000000081a00000, 0x0000000081b00000|  0%| F|  |TAMS 0x0000000081a00000, 0x0000000081a00000| Untracked 
|  27|0x0000000081b00000, 0x0000000081b00000, 0x0000000081c00000|  0%| F|  |TAMS 0x0000000081b00000, 0x0000000081b00000| Untracked 
|  28|0x0000000081c00000, 0x0000000081c00000, 0x0000000081d00000|  0%| F|  |TAMS 0x0000000081c00000, 0x0000000081c00000| Untracked 
|  29|0x0000000081d00000, 0x0000000081d00000, 0x0000000081e00000|  0%| F|  |TAMS 0x0000000081d00000, 0x0000000081d00000| Untracked 
|  30|0x0000000081e00000, 0x0000000081e00000, 0x0000000081f00000|  0%| F|  |TAMS 0x0000000081e00000, 0x0000000081e00000| Untracked 
|  31|0x0000000081f00000, 0x0000000081f00000, 0x0000000082000000|  0%| F|  |TAMS 0x0000000081f00000, 0x0000000081f00000| Untracked 
|  32|0x0000000082000000, 0x0000000082000000, 0x0000000082100000|  0%| F|  |TAMS 0x0000000082000000, 0x0000000082000000| Untracked 
|  33|0x0000000082100000, 0x0000000082100000, 0x0000000082200000|  0%| F|  |TAMS 0x0000000082100000, 0x0000000082100000| Untracked 
|  34|0x0000000082200000, 0x0000000082200000, 0x0000000082300000|  0%| F|  |TAMS 0x0000000082200000, 0x0000000082200000| Untracked 
|  35|0x0000000082300000, 0x0000000082300000, 0x0000000082400000|  0%| F|  |TAMS 0x0000000082300000, 0x0000000082300000| Untracked 
|  36|0x0000000082400000, 0x0000000082400000, 0x0000000082500000|  0%| F|  |TAMS 0x0000000082400000, 0x0000000082400000| Untracked 
|  37|0x0000000082500000, 0x0000000082500000, 0x0000000082600000|  0%| F|  |TAMS 0x0000000082500000, 0x0000000082500000| Untracked 
|  38|0x0000000082600000, 0x0000000082600000, 0x0000000082700000|  0%| F|  |TAMS 0x0000000082600000, 0x0000000082600000| Untracked 
|  39|0x0000000082700000, 0x0000000082700000, 0x0000000082800000|  0%| F|  |TAMS 0x0000000082700000, 0x0000000082700000| Untracked 
|  40|0x0000000082800000, 0x0000000082800000, 0x0000000082900000|  0%| F|  |TAMS 0x0000000082800000, 0x0000000082800000| Untracked 
|  41|0x0000000082900000, 0x0000000082900000, 0x0000000082a00000|  0%| F|  |TAMS 0x0000000082900000, 0x0000000082900000| Untracked 
|  42|0x0000000082a00000, 0x0000000082a00000, 0x0000000082b00000|  0%| F|  |TAMS 0x0000000082a00000, 0x0000000082a00000| Untracked 
|  43|0x0000000082b00000, 0x0000000082b00000, 0x0000000082c00000|  0%| F|  |TAMS 0x0000000082b00000, 0x0000000082b00000| Untracked 
|  44|0x0000000082c00000, 0x0000000082c00000, 0x0000000082d00000|  0%| F|  |TAMS 0x0000000082c00000, 0x0000000082c00000| Untracked 
|  45|0x0000000082d00000, 0x0000000082d00000, 0x0000000082e00000|  0%| F|  |TAMS 0x0000000082d00000, 0x0000000082d00000| Untracked 
|  46|0x0000000082e00000, 0x0000000082e00000, 0x0000000082f00000|  0%| F|  |TAMS 0x0000000082e00000, 0x0000000082e00000| Untracked 
|  47|0x0000000082f00000, 0x0000000082f00000, 0x0000000083000000|  0%| F|  |TAMS 0x0000000082f00000, 0x0000000082f00000| Untracked 
|  48|0x0000000083000000, 0x0000000083000000, 0x0000000083100000|  0%| F|  |TAMS 0x0000000083000000, 0x0000000083000000| Untracked 
|  49|0x0000000083100000, 0x0000000083100000, 0x0000000083200000|  0%| F|  |TAMS 0x0000000083100000, 0x0000000083100000| Untracked 
|  50|0x0000000083200000, 0x0000000083200000, 0x0000000083300000|  0%| F|  |TAMS 0x0000000083200000, 0x0000000083200000| Untracked 
|  51|0x0000000083300000, 0x0000000083300000, 0x0000000083400000|  0%| F|  |TAMS 0x0000000083300000, 0x0000000083300000| Untracked 
|  52|0x0000000083400000, 0x0000000083400000, 0x0000000083500000|  0%| F|  |TAMS 0x0000000083400000, 0x0000000083400000| Untracked 
|  53|0x0000000083500000, 0x0000000083500000, 0x0000000083600000|  0%| F|  |TAMS 0x0000000083500000, 0x0000000083500000| Untracked 
|  54|0x0000000083600000, 0x0000000083600000, 0x0000000083700000|  0%| F|  |TAMS 0x0000000083600000, 0x0000000083600000| Untracked 
|  55|0x0000000083700000, 0x0000000083700000, 0x0000000083800000|  0%| F|  |TAMS 0x0000000083700000, 0x0000000083700000| Untracked 
|  56|0x0000000083800000, 0x0000000083800000, 0x0000000083900000|  0%| F|  |TAMS 0x0000000083800000, 0x0000000083800000| Untracked 
|  57|0x0000000083900000, 0x0000000083900000, 0x0000000083a00000|  0%| F|  |TAMS 0x0000000083900000, 0x0000000083900000| Untracked 
|  58|0x0000000083a00000, 0x0000000083a00000, 0x0000000083b00000|  0%| F|  |TAMS 0x0000000083a00000, 0x0000000083a00000| Untracked 
|  59|0x0000000083b00000, 0x0000000083b00000, 0x0000000083c00000|  0%| F|  |TAMS 0x0000000083b00000, 0x0000000083b00000| Untracked 
|  60|0x0000000083c00000, 0x0000000083c00000, 0x0000000083d00000|  0%| F|  |TAMS 0x0000000083c00000, 0x0000000083c00000| Untracked 
|  61|0x0000000083d00000, 0x0000000083d00000, 0x0000000083e00000|  0%| F|  |TAMS 0x0000000083d00000, 0x0000000083d00000| Untracked 
|  62|0x0000000083e00000, 0x0000000083e00000, 0x0000000083f00000|  0%| F|  |TAMS 0x0000000083e00000, 0x0000000083e00000| Untracked 
|  63|0x0000000083f00000, 0x0000000083f00000, 0x0000000084000000|  0%| F|  |TAMS 0x0000000083f00000, 0x0000000083f00000| Untracked 
|  64|0x0000000084000000, 0x0000000084000000, 0x0000000084100000|  0%| F|  |TAMS 0x0000000084000000, 0x0000000084000000| Untracked 
|  65|0x0000000084100000, 0x0000000084100000, 0x0000000084200000|  0%| F|  |TAMS 0x0000000084100000, 0x0000000084100000| Untracked 
|  66|0x0000000084200000, 0x0000000084200000, 0x0000000084300000|  0%| F|  |TAMS 0x0000000084200000, 0x0000000084200000| Untracked 
|  67|0x0000000084300000, 0x0000000084300000, 0x0000000084400000|  0%| F|  |TAMS 0x0000000084300000, 0x0000000084300000| Untracked 
|  68|0x0000000084400000, 0x0000000084400000, 0x0000000084500000|  0%| F|  |TAMS 0x0000000084400000, 0x0000000084400000| Untracked 
|  69|0x0000000084500000, 0x0000000084500000, 0x0000000084600000|  0%| F|  |TAMS 0x0000000084500000, 0x0000000084500000| Untracked 
|  70|0x0000000084600000, 0x0000000084600000, 0x0000000084700000|  0%| F|  |TAMS 0x0000000084600000, 0x0000000084600000| Untracked 
|  71|0x0000000084700000, 0x0000000084700000, 0x0000000084800000|  0%| F|  |TAMS 0x0000000084700000, 0x0000000084700000| Untracked 
|  72|0x0000000084800000, 0x0000000084800000, 0x0000000084900000|  0%| F|  |TAMS 0x0000000084800000, 0x0000000084800000| Untracked 
|  73|0x0000000084900000, 0x0000000084900000, 0x0000000084a00000|  0%| F|  |TAMS 0x0000000084900000, 0x0000000084900000| Untracked 
|  74|0x0000000084a00000, 0x0000000084a00000, 0x0000000084b00000|  0%| F|  |TAMS 0x0000000084a00000, 0x0000000084a00000| Untracked 
|  75|0x0000000084b00000, 0x0000000084b00000, 0x0000000084c00000|  0%| F|  |TAMS 0x0000000084b00000, 0x0000000084b00000| Untracked 
|  76|0x0000000084c00000, 0x0000000084c00000, 0x0000000084d00000|  0%| F|  |TAMS 0x0000000084c00000, 0x0000000084c00000| Untracked 
|  77|0x0000000084d00000, 0x0000000084d00000, 0x0000000084e00000|  0%| F|  |TAMS 0x0000000084d00000, 0x0000000084d00000| Untracked 
|  78|0x0000000084e00000, 0x0000000084e00000, 0x0000000084f00000|  0%| F|  |TAMS 0x0000000084e00000, 0x0000000084e00000| Untracked 
|  79|0x0000000084f00000, 0x0000000084f00000, 0x0000000085000000|  0%| F|  |TAMS 0x0000000084f00000, 0x0000000084f00000| Untracked 
|  80|0x0000000085000000, 0x0000000085000000, 0x0000000085100000|  0%| F|  |TAMS 0x0000000085000000, 0x0000000085000000| Untracked 
|  81|0x0000000085100000, 0x0000000085100000, 0x0000000085200000|  0%| F|  |TAMS 0x0000000085100000, 0x0000000085100000| Untracked 
|  82|0x0000000085200000, 0x0000000085200000, 0x0000000085300000|  0%| F|  |TAMS 0x0000000085200000, 0x0000000085200000| Untracked 
|  83|0x0000000085300000, 0x0000000085300000, 0x0000000085400000|  0%| F|  |TAMS 0x0000000085300000, 0x0000000085300000| Untracked 
|  84|0x0000000085400000, 0x0000000085500000, 0x0000000085500000|100%| S|CS|TAMS 0x0000000085400000, 0x0000000085400000| Complete 
|  85|0x0000000085500000, 0x0000000085600000, 0x0000000085600000|100%| S|CS|TAMS 0x0000000085500000, 0x0000000085500000| Complete 
|  86|0x0000000085600000, 0x0000000085700000, 0x0000000085700000|100%| S|CS|TAMS 0x0000000085600000, 0x0000000085600000| Complete 
|  87|0x0000000085700000, 0x0000000085800000, 0x0000000085800000|100%| S|CS|TAMS 0x0000000085700000, 0x0000000085700000| Complete 
|  88|0x0000000085800000, 0x0000000085900000, 0x0000000085900000|100%| S|CS|TAMS 0x0000000085800000, 0x0000000085800000| Complete 
|  89|0x0000000085900000, 0x0000000085900000, 0x0000000085a00000|  0%| F|  |TAMS 0x0000000085900000, 0x0000000085900000| Untracked 
|  90|0x0000000085a00000, 0x0000000085a00000, 0x0000000085b00000|  0%| F|  |TAMS 0x0000000085a00000, 0x0000000085a00000| Untracked 
|  91|0x0000000085b00000, 0x0000000085b00000, 0x0000000085c00000|  0%| F|  |TAMS 0x0000000085b00000, 0x0000000085b00000| Untracked 
|  92|0x0000000085c00000, 0x0000000085c00000, 0x0000000085d00000|  0%| F|  |TAMS 0x0000000085c00000, 0x0000000085c00000| Untracked 
|  93|0x0000000085d00000, 0x0000000085d00000, 0x0000000085e00000|  0%| F|  |TAMS 0x0000000085d00000, 0x0000000085d00000| Untracked 
|  94|0x0000000085e00000, 0x0000000085e00000, 0x0000000085f00000|  0%| F|  |TAMS 0x0000000085e00000, 0x0000000085e00000| Untracked 
|  95|0x0000000085f00000, 0x0000000085f00000, 0x0000000086000000|  0%| F|  |TAMS 0x0000000085f00000, 0x0000000085f00000| Untracked 
|  96|0x0000000086000000, 0x0000000086000000, 0x0000000086100000|  0%| F|  |TAMS 0x0000000086000000, 0x0000000086000000| Untracked 
|  97|0x0000000086100000, 0x0000000086100000, 0x0000000086200000|  0%| F|  |TAMS 0x0000000086100000, 0x0000000086100000| Untracked 
|  98|0x0000000086200000, 0x0000000086200000, 0x0000000086300000|  0%| F|  |TAMS 0x0000000086200000, 0x0000000086200000| Untracked 
|  99|0x0000000086300000, 0x0000000086300000, 0x0000000086400000|  0%| F|  |TAMS 0x0000000086300000, 0x0000000086300000| Untracked 
| 100|0x0000000086400000, 0x0000000086400000, 0x0000000086500000|  0%| F|  |TAMS 0x0000000086400000, 0x0000000086400000| Untracked 
| 101|0x0000000086500000, 0x0000000086500000, 0x0000000086600000|  0%| F|  |TAMS 0x0000000086500000, 0x0000000086500000| Untracked 
| 102|0x0000000086600000, 0x0000000086600000, 0x0000000086700000|  0%| F|  |TAMS 0x0000000086600000, 0x0000000086600000| Untracked 
| 103|0x0000000086700000, 0x0000000086700000, 0x0000000086800000|  0%| F|  |TAMS 0x0000000086700000, 0x0000000086700000| Untracked 
| 104|0x0000000086800000, 0x0000000086800000, 0x0000000086900000|  0%| F|  |TAMS 0x0000000086800000, 0x0000000086800000| Untracked 
| 105|0x0000000086900000, 0x0000000086900000, 0x0000000086a00000|  0%| F|  |TAMS 0x0000000086900000, 0x0000000086900000| Untracked 
| 106|0x0000000086a00000, 0x0000000086a00000, 0x0000000086b00000|  0%| F|  |TAMS 0x0000000086a00000, 0x0000000086a00000| Untracked 
| 107|0x0000000086b00000, 0x0000000086b00000, 0x0000000086c00000|  0%| F|  |TAMS 0x0000000086b00000, 0x0000000086b00000| Untracked 
| 108|0x0000000086c00000, 0x0000000086c00000, 0x0000000086d00000|  0%| F|  |TAMS 0x0000000086c00000, 0x0000000086c00000| Untracked 
| 109|0x0000000086d00000, 0x0000000086d00000, 0x0000000086e00000|  0%| F|  |TAMS 0x0000000086d00000, 0x0000000086d00000| Untracked 
| 110|0x0000000086e00000, 0x0000000086e00000, 0x0000000086f00000|  0%| F|  |TAMS 0x0000000086e00000, 0x0000000086e00000| Untracked 
| 111|0x0000000086f00000, 0x0000000086f00000, 0x0000000087000000|  0%| F|  |TAMS 0x0000000086f00000, 0x0000000086f00000| Untracked 
| 112|0x0000000087000000, 0x0000000087000000, 0x0000000087100000|  0%| F|  |TAMS 0x0000000087000000, 0x0000000087000000| Untracked 
| 113|0x0000000087100000, 0x0000000087100000, 0x0000000087200000|  0%| F|  |TAMS 0x0000000087100000, 0x0000000087100000| Untracked 
| 114|0x0000000087200000, 0x0000000087200000, 0x0000000087300000|  0%| F|  |TAMS 0x0000000087200000, 0x0000000087200000| Untracked 
| 115|0x0000000087300000, 0x0000000087300000, 0x0000000087400000|  0%| F|  |TAMS 0x0000000087300000, 0x0000000087300000| Untracked 
| 116|0x0000000087400000, 0x0000000087400000, 0x0000000087500000|  0%| F|  |TAMS 0x0000000087400000, 0x0000000087400000| Untracked 
| 117|0x0000000087500000, 0x0000000087500000, 0x0000000087600000|  0%| F|  |TAMS 0x0000000087500000, 0x0000000087500000| Untracked 
| 118|0x0000000087600000, 0x0000000087600000, 0x0000000087700000|  0%| F|  |TAMS 0x0000000087600000, 0x0000000087600000| Untracked 
| 119|0x0000000087700000, 0x0000000087700000, 0x0000000087800000|  0%| F|  |TAMS 0x0000000087700000, 0x0000000087700000| Untracked 
| 120|0x0000000087800000, 0x0000000087800000, 0x0000000087900000|  0%| F|  |TAMS 0x0000000087800000, 0x0000000087800000| Untracked 
| 121|0x0000000087900000, 0x0000000087900000, 0x0000000087a00000|  0%| F|  |TAMS 0x0000000087900000, 0x0000000087900000| Untracked 
| 122|0x0000000087a00000, 0x0000000087a00000, 0x0000000087b00000|  0%| F|  |TAMS 0x0000000087a00000, 0x0000000087a00000| Untracked 
| 123|0x0000000087b00000, 0x0000000087b00000, 0x0000000087c00000|  0%| F|  |TAMS 0x0000000087b00000, 0x0000000087b00000| Untracked 
| 124|0x0000000087c00000, 0x0000000087c00000, 0x0000000087d00000|  0%| F|  |TAMS 0x0000000087c00000, 0x0000000087c00000| Untracked 
| 125|0x0000000087d00000, 0x0000000087d00000, 0x0000000087e00000|  0%| F|  |TAMS 0x0000000087d00000, 0x0000000087d00000| Untracked 
| 126|0x0000000087e00000, 0x0000000087e00000, 0x0000000087f00000|  0%| F|  |TAMS 0x0000000087e00000, 0x0000000087e00000| Untracked 
| 127|0x0000000087f00000, 0x0000000087f00000, 0x0000000088000000|  0%| F|  |TAMS 0x0000000087f00000, 0x0000000087f00000| Untracked 

Card table byte_map: [0x0000020fa5110000,0x0000020fa5510000] _byte_map_base: 0x0000020fa4d10000

Marking Bits (Prev, Next): (CMBitMap*) 0x0000020f8e284968, (CMBitMap*) 0x0000020f8e2849a0
 Prev Bits: [0x0000020fa5910000, 0x0000020fa7910000)
 Next Bits: [0x0000020fa7910000, 0x0000020fa9910000)

Polling page: 0x0000020f8ca40000

Metaspace:

Usage:
  Non-class:     17.53 MB capacity,    17.31 MB ( 99%) used,   200.74 KB (  1%) free+waste,    22.00 KB ( <1%) overhead. 
      Class:      2.19 MB capacity,     2.07 MB ( 94%) used,   118.10 KB (  5%) free+waste,     8.88 KB ( <1%) overhead. 
       Both:     19.73 MB capacity,    19.39 MB ( 98%) used,   318.84 KB (  2%) free+waste,    30.88 KB ( <1%) overhead. 

Virtual space:
  Non-class space:       18.00 MB reserved,      17.75 MB ( 99%) committed 
      Class space:        1.00 GB reserved,       2.25 MB ( <1%) committed 
             Both:        1.02 GB reserved,      20.00 MB (  2%) committed 

Chunk freelists:
   Non-Class:  3.88 KB
       Class:  3.13 KB
        Both:  7.00 KB

CodeHeap 'non-profiled nmethods': size=120064Kb used=898Kb max_used=898Kb free=119165Kb
 bounds [0x0000020f9d3c0000, 0x0000020f9d630000, 0x0000020fa4900000]
CodeHeap 'profiled nmethods': size=120000Kb used=4960Kb max_used=4960Kb free=115039Kb
 bounds [0x0000020f95e90000, 0x0000020f96370000, 0x0000020f9d3c0000]
CodeHeap 'non-nmethods': size=5696Kb used=1119Kb max_used=1151Kb free=4576Kb
 bounds [0x0000020f95900000, 0x0000020f95b70000, 0x0000020f95e90000]
 total_blobs=2793 nmethods=2373 adapters=331
 compilation: enabled
              stopped_count=0, restarted_count=0
 full_count=0

Compilation events (10 events):
Event: 2.999 Thread 0x0000020fabd41800 nmethod 2288 0x0000020f9d49f910 code [0x0000020f9d49fac0, 0x0000020f9d49ffc8]
Event: 2.999 Thread 0x0000020fabd41800 2371       4       org.apache.maven.model.validation.DefaultModelValidator::isValidIdCharacter (60 bytes)
Event: 2.999 Thread 0x0000020fabd41800 nmethod 2371 0x0000020f9d4a0290 code [0x0000020f9d4a0400, 0x0000020f9d4a04b8]
Event: 2.999 Thread 0x0000020fabd41800 2352       4       java.lang.AbstractStringBuilder::isLatin1 (19 bytes)
Event: 3.000 Thread 0x0000020fabd41800 nmethod 2352 0x0000020f9d4a0590 code [0x0000020f9d4a0700, 0x0000020f9d4a0778]
Event: 3.000 Thread 0x0000020fabd41800 2243       4       org.apache.maven.model.io.xpp3.MavenXpp3ReaderEx::checkFieldWithDuplicate (75 bytes)
Event: 3.001 Thread 0x0000020fabd53000 2380       2       java.util.AbstractCollection::toArray (70 bytes)
Event: 3.001 Thread 0x0000020fabd53000 nmethod 2380 0x0000020f96367990 code [0x0000020f96367ba0, 0x0000020f96367fe8]
Event: 3.002 Thread 0x0000020fabd53000 2382       1       org.apache.maven.model.ModelBase::getReporting (5 bytes)
Event: 3.002 Thread 0x0000020fabd53000 nmethod 2382 0x0000020f9d4a0810 code [0x0000020f9d4a09a0, 0x0000020f9d4a0a58]

GC Heap History (9 events):
Event: 0.501 GC heap before
{Heap before GC invocations=0 (full 0):
 garbage-first heap   total 131072K, used 6144K [0x0000000080000000, 0x0000000100000000)
  region size 1024K, 7 young (7168K), 0 survivors (0K)
 Metaspace       used 7783K, capacity 7933K, committed 8064K, reserved 1056768K
  class space    used 680K, capacity 772K, committed 896K, reserved 1048576K
}
Event: 0.505 GC heap after
{Heap after GC invocations=1 (full 0):
 garbage-first heap   total 131072K, used 2122K [0x0000000080000000, 0x0000000100000000)
  region size 1024K, 1 young (1024K), 1 survivors (1024K)
 Metaspace       used 7783K, capacity 7933K, committed 8064K, reserved 1056768K
  class space    used 680K, capacity 772K, committed 896K, reserved 1048576K
}
Event: 0.727 GC heap before
{Heap before GC invocations=1 (full 0):
 garbage-first heap   total 131072K, used 7242K [0x0000000080000000, 0x0000000100000000)
  region size 1024K, 6 young (6144K), 1 survivors (1024K)
 Metaspace       used 10139K, capacity 10280K, committed 10496K, reserved 1058816K
  class space    used 948K, capacity 1024K, committed 1024K, reserved 1048576K
}
Event: 0.731 GC heap after
{Heap after GC invocations=2 (full 0):
 garbage-first heap   total 131072K, used 3097K [0x0000000080000000, 0x0000000100000000)
  region size 1024K, 1 young (1024K), 1 survivors (1024K)
 Metaspace       used 10139K, capacity 10280K, committed 10496K, reserved 1058816K
  class space    used 948K, capacity 1024K, committed 1024K, reserved 1048576K
}
Event: 1.079 GC heap before
{Heap before GC invocations=2 (full 0):
 garbage-first heap   total 131072K, used 15385K [0x0000000080000000, 0x0000000100000000)
  region size 1024K, 14 young (14336K), 1 survivors (1024K)
 Metaspace       used 12377K, capacity 12532K, committed 12672K, reserved 1060864K
  class space    used 1251K, capacity 1348K, committed 1408K, reserved 1048576K
}
Event: 1.083 GC heap after
{Heap after GC invocations=3 (full 0):
 garbage-first heap   total 131072K, used 3623K [0x0000000080000000, 0x0000000100000000)
  region size 1024K, 2 young (2048K), 2 survivors (2048K)
 Metaspace       used 12377K, capacity 12532K, committed 12672K, reserved 1060864K
  class space    used 1251K, capacity 1348K, committed 1408K, reserved 1048576K
}
Event: 1.661 GC heap before
{Heap before GC invocations=3 (full 0):
 garbage-first heap   total 131072K, used 23079K [0x0000000080000000, 0x0000000100000000)
  region size 1024K, 21 young (21504K), 2 survivors (2048K)
 Metaspace       used 14582K, capacity 14809K, committed 14976K, reserved 1062912K
  class space    used 1524K, capacity 1615K, committed 1664K, reserved 1048576K
}
Event: 1.666 GC heap after
{Heap after GC invocations=4 (full 0):
 garbage-first heap   total 131072K, used 4282K [0x0000000080000000, 0x0000000100000000)
  region size 1024K, 3 young (3072K), 3 survivors (3072K)
 Metaspace       used 14582K, capacity 14809K, committed 14976K, reserved 1062912K
  class space    used 1524K, capacity 1615K, committed 1664K, reserved 1048576K
}
Event: 3.003 GC heap before
{Heap before GC invocations=4 (full 0):
 garbage-first heap   total 131072K, used 41146K [0x0000000080000000, 0x0000000100000000)
  region size 1024K, 39 young (39936K), 3 survivors (3072K)
 Metaspace       used 19850K, capacity 20200K, committed 20480K, reserved 1067008K
  class space    used 2120K, capacity 2247K, committed 2304K, reserved 1048576K
}

Deoptimization events (10 events):
Event: 2.736 Thread 0x0000020f8e247800 Uncommon trap: reason=unstable_if action=reinterpret pc=0x0000020f9d4862d4 method=org.codehaus.plexus.util.xml.pull.MXParser.isWhitespace()Z @ 20 c2
Event: 2.738 Thread 0x0000020f8e247800 Uncommon trap: reason=unstable_if action=reinterpret pc=0x0000020f9d408a34 method=sun.nio.cs.UTF_8$Decoder.decodeArrayLoop(Ljava/nio/ByteBuffer;Ljava/nio/CharBuffer;)Ljava/nio/charset/CoderResult; @ 84 c2
Event: 2.750 Thread 0x0000020f8e247800 Uncommon trap: reason=unstable_if action=reinterpret pc=0x0000020f9d486918 method=java.lang.StringUTF16.compress([CII)[B @ 13 c2
Event: 2.755 Thread 0x0000020f8e247800 Uncommon trap: reason=unstable_if action=reinterpret pc=0x0000020f9d44d2c4 method=java.lang.String.indexOf(Ljava/lang/String;)I @ 8 c2
Event: 2.778 Thread 0x0000020f8e247800 Uncommon trap: reason=unstable_if action=reinterpret pc=0x0000020f9d487c30 method=java.lang.StringLatin1.trim([B)Ljava/lang/String; @ 60 c2
Event: 2.794 Thread 0x0000020f8e247800 Uncommon trap: reason=unstable_if action=reinterpret pc=0x0000020f9d44078c method=java.lang.String.regionMatches(ZILjava/lang/String;II)Z @ 21 c2
Event: 2.811 Thread 0x0000020f8e247800 Uncommon trap: reason=unstable_if action=reinterpret pc=0x0000020f9d48bfac method=org.codehaus.plexus.util.xml.pull.MXParser.nextImpl()I @ 879 c2
Event: 2.916 Thread 0x0000020f8e247800 Uncommon trap: reason=unstable_if action=reinterpret pc=0x0000020f9d3c7510 method=java.lang.String.indexOf(II)I @ 4 c2
Event: 2.916 Thread 0x0000020f8e247800 Uncommon trap: reason=unstable_if action=reinterpret pc=0x0000020f9d3e77f8 method=java.lang.String.substring(II)Ljava/lang/String; @ 31 c2
Event: 2.923 Thread 0x0000020f8e247800 Uncommon trap: reason=unstable_if action=reinterpret pc=0x0000020f9d3e2868 method=java.lang.StringUTF16.compress([CI[BII)I @ 20 c2

Classes redefined (0 events):
No events

Internal exceptions (10 events):
Event: 0.352 Thread 0x0000020f8e247800 Exception <a 'java/lang/NullPointerException'{0x0000000087b268c0}> (0x0000000087b268c0) thrown at [./open/src/hotspot/share/interpreter/linkResolver.cpp, line 1354]
Event: 0.352 Thread 0x0000020f8e247800 Exception <a 'java/lang/NullPointerException'{0x0000000087b26b90}> (0x0000000087b26b90) thrown at [./open/src/hotspot/share/interpreter/linkResolver.cpp, line 1354]
Event: 0.352 Thread 0x0000020f8e247800 Exception <a 'java/lang/NullPointerException'{0x0000000087b26e60}> (0x0000000087b26e60) thrown at [./open/src/hotspot/share/interpreter/linkResolver.cpp, line 1354]
Event: 0.947 Thread 0x0000020f8e247800 Exception <a 'java/lang/NoClassDefFoundError'{0x000000008789ae48}: javax/enterprise/inject/Typed> (0x000000008789ae48) thrown at [./open/src/hotspot/share/classfile/systemDictionary.cpp, line 215]
Event: 2.152 Thread 0x0000020f8e247800 Exception <a 'java/lang/NoClassDefFoundError'{0x0000000086f71eb8}: com/google/inject/servlet/ServletModuleTargetVisitor> (0x0000000086f71eb8) thrown at [./open/src/hotspot/share/classfile/systemDictionary.cpp, line 215]
Event: 2.152 Thread 0x0000020f8e247800 Exception <a 'java/lang/NoClassDefFoundError'{0x0000000086f71eb8}> (0x0000000086f71eb8) thrown at [./open/src/hotspot/share/prims/jvm.cpp, line 1309]
Event: 2.307 Thread 0x0000020f8e247800 Exception <a 'java/lang/NoSuchMethodError'{0x0000000086ebde80}: java.lang.invoke.DirectMethodHandle$Holder.invokeStaticInit(Ljava/lang/Object;IIII)Ljava/lang/Object;> (0x0000000086ebde80) thrown at [./open/src/hotspot/share/interpreter/linkResolver.cpp, l
Event: 2.549 Thread 0x0000020f8e247800 Implicit null exception at 0x0000020f9d421cf4 to 0x0000020f9d422200
Event: 2.549 Thread 0x0000020f8e247800 Implicit null exception at 0x0000020f9d3e8af4 to 0x0000020f9d3e8fe0
Event: 2.690 Thread 0x0000020f8e247800 Implicit null exception at 0x0000020f9d480dcf to 0x0000020f9d4821fc

Events (10 events):
Event: 2.927 Thread 0x0000020f8e247800 DEOPT UNPACKING pc=0x0000020f95927c0e sp=0x00000067171fc8e0 mode 0
Event: 2.934 Thread 0x0000020f8e247800 DEOPT PACKING pc=0x0000020f96350fea sp=0x00000067171fcde0
Event: 2.934 Thread 0x0000020f8e247800 DEOPT UNPACKING pc=0x0000020f95927c0e sp=0x00000067171fc250 mode 0
Event: 2.935 Thread 0x0000020f8e247800 DEOPT PACKING pc=0x0000020f9631c9be sp=0x00000067171fd170
Event: 2.935 Thread 0x0000020f8e247800 DEOPT UNPACKING pc=0x0000020f95927c0e sp=0x00000067171fc720 mode 0
Event: 2.942 Thread 0x0000020f8e247800 DEOPT PACKING pc=0x0000020f9631c9be sp=0x00000067171fd330
Event: 2.942 Thread 0x0000020f8e247800 DEOPT UNPACKING pc=0x0000020f95927c0e sp=0x00000067171fc8e0 mode 0
Event: 2.963 Thread 0x0000020f8e247800 DEOPT PACKING pc=0x0000020f9631c9be sp=0x00000067171fd340
Event: 2.963 Thread 0x0000020f8e247800 DEOPT UNPACKING pc=0x0000020f95927c0e sp=0x00000067171fc8f0 mode 0
Event: 3.003 Executing VM operation: G1CollectForAllocation


Dynamic libraries:
0x00007ff6d4930000 - 0x00007ff6d493f000 	C:\Program Files\Java\jdk-11.0.16\bin\java.exe
0x00007fffbf2d0000 - 0x00007fffbf4c8000 	C:\Windows\SYSTEM32\ntdll.dll
0x00007fffbe4a0000 - 0x00007fffbe55d000 	C:\Windows\System32\KERNEL32.DLL
0x00007fffbcf10000 - 0x00007fffbd1e2000 	C:\Windows\System32\KERNELBASE.dll
0x00007fffbcc10000 - 0x00007fffbcd10000 	C:\Windows\System32\ucrtbase.dll
0x00007fffa54d0000 - 0x00007fffa54e5000 	C:\Program Files\Java\jdk-11.0.16\bin\VCRUNTIME140.dll
0x00007fffa2a40000 - 0x00007fffa2a58000 	C:\Program Files\Java\jdk-11.0.16\bin\jli.dll
0x00007fffbd7b0000 - 0x00007fffbd85e000 	C:\Windows\System32\ADVAPI32.dll
0x00007fffbe400000 - 0x00007fffbe49e000 	C:\Windows\System32\msvcrt.dll
0x00007fffbf0e0000 - 0x00007fffbf17c000 	C:\Windows\System32\sechost.dll
0x00007fffbd330000 - 0x00007fffbd455000 	C:\Windows\System32\RPCRT4.dll
0x00007fffbeaf0000 - 0x00007fffbec8d000 	C:\Windows\System32\USER32.dll
0x00007fffbca30000 - 0x00007fffbca52000 	C:\Windows\System32\win32u.dll
0x00007fffbd460000 - 0x00007fffbd48b000 	C:\Windows\System32\GDI32.dll
0x00007fffbcad0000 - 0x00007fffbcbdf000 	C:\Windows\System32\gdi32full.dll
0x00007fffbcd10000 - 0x00007fffbcdad000 	C:\Windows\System32\msvcp_win.dll
0x00007fff9e7b0000 - 0x00007fff9ea4a000 	C:\Windows\WinSxS\amd64_microsoft.windows.common-controls_6595b64144ccf1df_6.0.19041.1110_none_60b5254171f9507e\COMCTL32.dll
0x00007fffb4780000 - 0x00007fffb478a000 	C:\Windows\SYSTEM32\VERSION.dll
0x00007fffbe2b0000 - 0x00007fffbe2e0000 	C:\Windows\System32\IMM32.DLL
0x00007fff915c0000 - 0x00007fff9165b000 	C:\Program Files\Java\jdk-11.0.16\bin\msvcp140.dll
0x00007fff64740000 - 0x00007fff65258000 	C:\Program Files\Java\jdk-11.0.16\bin\server\jvm.dll
0x00007fffbd8c0000 - 0x00007fffbd8c8000 	C:\Windows\System32\PSAPI.DLL
0x00007fffa9c20000 - 0x00007fffa9c29000 	C:\Windows\SYSTEM32\WSOCK32.dll
0x00007fffbe240000 - 0x00007fffbe2ab000 	C:\Windows\System32\WS2_32.dll
0x00007fff9cb10000 - 0x00007fff9cb37000 	C:\Windows\SYSTEM32\WINMM.dll
0x00007fffba7a0000 - 0x00007fffba7b2000 	C:\Windows\SYSTEM32\kernel.appcore.dll
0x00007fffa9c30000 - 0x00007fffa9c40000 	C:\Program Files\Java\jdk-11.0.16\bin\verify.dll
0x00007fffac3a0000 - 0x00007fffac584000 	C:\Windows\SYSTEM32\DBGHELP.DLL
0x00007fffadd50000 - 0x00007fffadd7c000 	C:\Windows\SYSTEM32\dbgcore.DLL
0x00007fffbd2a0000 - 0x00007fffbd322000 	C:\Windows\System32\bcryptPrimitives.dll
0x00007fffa2a10000 - 0x00007fffa2a38000 	C:\Program Files\Java\jdk-11.0.16\bin\java.dll
0x00007fffa2660000 - 0x00007fffa266a000 	C:\Program Files\Java\jdk-11.0.16\bin\jimage.dll
0x00007fff9e150000 - 0x00007fff9e166000 	C:\Program Files\Java\jdk-11.0.16\bin\zip.dll
0x00007fffbd8d0000 - 0x00007fffbe013000 	C:\Windows\System32\SHELL32.dll
0x00007fffbaa80000 - 0x00007fffbb211000 	C:\Windows\SYSTEM32\windows.storage.dll
0x00007fffbec90000 - 0x00007fffbefe4000 	C:\Windows\System32\combase.dll
0x00007fffbc280000 - 0x00007fffbc2b0000 	C:\Windows\SYSTEM32\Wldp.dll
0x00007fffbf1e0000 - 0x00007fffbf28d000 	C:\Windows\System32\SHCORE.dll
0x00007fffbe1d0000 - 0x00007fffbe225000 	C:\Windows\System32\shlwapi.dll
0x00007fffbc920000 - 0x00007fffbc93f000 	C:\Windows\SYSTEM32\profapi.dll
0x00007fff9e130000 - 0x00007fff9e149000 	C:\Program Files\Java\jdk-11.0.16\bin\net.dll
0x00007fffb4480000 - 0x00007fffb458d000 	C:\Windows\SYSTEM32\WINHTTP.dll
0x00007fffbc060000 - 0x00007fffbc0ca000 	C:\Windows\system32\mswsock.dll
0x00007fff9dda0000 - 0x00007fff9ddb2000 	C:\Program Files\Java\jdk-11.0.16\bin\nio.dll
0x0000000069ac0000 - 0x0000000069ae4000 	C:\Users\sfjbs\Downloads\micro service-20221001T123314Z-001\micro service\apache-maven-3.8.5-bin\apache-maven-3.8.5\lib\jansi-native\Windows\x86_64\jansi.dll

dbghelp: loaded successfully - version: 4.0.5 - missing functions: none
symbol engine: initialized successfully - sym options: 0x614 - pdb path: .;C:\Program Files\Java\jdk-11.0.16\bin;C:\Windows\SYSTEM32;C:\Windows\WinSxS\amd64_microsoft.windows.common-controls_6595b64144ccf1df_6.0.19041.1110_none_60b5254171f9507e;C:\Program Files\Java\jdk-11.0.16\bin\server;C:\Users\sfjbs\Downloads\micro service-20221001T123314Z-001\micro service\apache-maven-3.8.5-bin\apache-maven-3.8.5\lib\jansi-native\Windows\x86_64

VM Arguments:
jvm_args: -Dclassworlds.conf=C:\Users\sfjbs\Downloads\micro service-20221001T123314Z-001\micro service\apache-maven-3.8.5-bin\apache-maven-3.8.5\bin\m2.conf -Dmaven.home=C:\Users\sfjbs\Downloads\micro service-20221001T123314Z-001\micro service\apache-maven-3.8.5-bin\apache-maven-3.8.5 -Dlibrary.jansi.path=C:\Users\sfjbs\Downloads\micro service-20221001T123314Z-001\micro service\apache-maven-3.8.5-bin\apache-maven-3.8.5\lib\jansi-native -Dmaven.multiModuleProjectDirectory=C:\Users\sfjbs\Downloads\training\Sagar\Day13\pension-management-system 
java_command: org.codehaus.plexus.classworlds.launcher.Launcher spring-boot:run
java_class_path (initial): C:\Users\sfjbs\Downloads\micro service-20221001T123314Z-001\micro service\apache-maven-3.8.5-bin\apache-maven-3.8.5\boot\plexus-classworlds-2.6.0.jar
Launcher Type: SUN_STANDARD

[Global flags]
     intx CICompilerCount                          = 2                                         {product} {ergonomic}
     uint ConcGCThreads                            = 1                                         {product} {ergonomic}
     uint G1ConcRefinementThreads                  = 2                                         {product} {ergonomic}
   size_t G1HeapRegionSize                         = 1048576                                   {product} {ergonomic}
    uintx GCDrainStackTargetSize                   = 64                                        {product} {ergonomic}
   size_t InitialHeapSize                          = 134217728                                 {product} {ergonomic}
   size_t MarkStackSize                            = 4194304                                   {product} {ergonomic}
   size_t MaxHeapSize                              = 2147483648                                {product} {ergonomic}
   size_t MaxNewSize                               = 1287651328                                {product} {ergonomic}
   size_t MinHeapDeltaBytes                        = 1048576                                   {product} {ergonomic}
    uintx NonNMethodCodeHeapSize                   = 5825164                                {pd product} {ergonomic}
    uintx NonProfiledCodeHeapSize                  = 122916538                              {pd product} {ergonomic}
    uintx ProfiledCodeHeapSize                     = 122916538                              {pd product} {ergonomic}
    uintx ReservedCodeCacheSize                    = 251658240                              {pd product} {ergonomic}
     bool SegmentedCodeCache                       = true                                      {product} {ergonomic}
     bool UseCompressedClassPointers               = true                                 {lp64_product} {ergonomic}
     bool UseCompressedOops                        = true                                 {lp64_product} {ergonomic}
     bool UseG1GC                                  = true                                      {product} {ergonomic}
     bool UseLargePagesIndividualAllocation        = false                                  {pd product} {ergonomic}

Logging:
Log output configuration:
 #0: stdout all=warning uptime,level,tags
 #1: stderr all=off uptime,level,tags

Environment Variables:
PATH=C:\Program Files\Common Files\Oracle\Java\javapath;C:\Windows\system32;C:\Windows;C:\Windows\System32\Wbem;C:\Windows\System32\WindowsPowerShell\v1.0\;C:\Windows\System32\OpenSSH\;C:\Users\sfjbs\Downloads\micro service-20221001T123314Z-001\micro service\apache-maven-3.8.5-bin\apache-maven-3.8.5\bin;C:\Users\sfjbs\Downloads\micro service-20221001T123314Z-001\micro service\apache-maven-3.8.5-bin\apache-maven-3.8.5\lib;C:\Program Files\Docker\Docker\resources\bin;C:\ProgramData\DockerDesktop\version-bin;C:\Program Files\Git\cmd;C:\Users\sfjbs\AppData\Local\Microsoft\WindowsApps;C:\Users\sfjbs\Downloads\micro service-20221001T123314Z-001\micro service\apache-maven-3.8.5-bin\apache-maven-3.8.5\bin;C:\Users\sfjbs\Downloads\micro service-20221001T123314Z-001\micro service\apache-maven-3.8.5-bin\apache-maven-3.8.5\lib;;C:\Program Files\JetBrains\IntelliJ IDEA Community Edition 2022.2.1\bin;
USERNAME=sfjbs
OS=Windows_NT
PROCESSOR_IDENTIFIER=Intel64 Family 6 Model 106 Stepping 6, GenuineIntel



---------------  S Y S T E M  ---------------

OS: Windows 10 , 64 bit Build 19041 (10.0.19041.1889)
Hyper-V role detected

CPU:total 2 (initial active 2) (1 cores per cpu, 2 threads per core) family 6 model 106 stepping 6 microcode 0xffffffff, cmov, cx8, fxsr, mmx, sse, sse2, sse3, ssse3, sse4.1, sse4.2, popcnt, avx, avx2, aes, clmul, erms, rtm, 3dnowpref, lzcnt, ht, tsc, bmi1, bmi2, adx, evex, fma

Memory: 4k page, system-wide physical 8190M (1160M free)
TotalPageFile size 10238M (AvailPageFile size 16M)
current process WorkingSet (physical memory assigned to process): 123M, peak: 123M
current process commit charge ("private bytes"): 235M, peak: 261M

vm_info: Java HotSpot(TM) 64-Bit Server VM (11.0.16+11-LTS-199) for windows-amd64 JRE (11.0.16+11-LTS-199), built on Jun 28 2022 08:23:17 by "mach5one" with MS VC++ 15.9 (VS2017)

END.
