#
# There is insufficient memory for the Java Runtime Environment to continue.
# Native memory allocation (mmap) failed to map 42991616 bytes for Failed to commit area from 0x0000000089a00000 to 0x000000008c300000 of length 42991616.
# Possible reasons:
#   The system is out of physical RAM or swap space
#   The process is running with CompressedOops enabled, and the Java Heap may be blocking the growth of the native heap
# Possible solutions:
#   Reduce memory load on the system
#   Increase physical memory or swap space
#   Check if swap backing store is full
#   Decrease Java heap size (-Xmx/-Xms)
#   Decrease number of Java threads
#   Decrease Java thread stack sizes (-Xss)
#   Set larger code cache with -XX:ReservedCodeCacheSize=
#   JVM is running with Unscaled Compressed Oops mode in which the Java heap is
#     placed in the first 4GB address space. The Java Heap base address is the
#     maximum limit for the native heap growth. Please use -XX:HeapBaseMinAddress
#     to set the Java Heap base and to place the Java Heap above 4GB virtual address.
# This output file may be truncated or incomplete.
#
#  Out of Memory Error (./open/src/hotspot/os/windows/os_windows.cpp:3287), pid=163180, tid=153364
#
# JRE version: Java(TM) SE Runtime Environment 18.9 (11.0.16+11) (build 11.0.16+11-LTS-199)
# Java VM: Java HotSpot(TM) 64-Bit Server VM 18.9 (11.0.16+11-LTS-199, mixed mode, tiered, compressed oops, g1 gc, windows-amd64)
# No core dump will be written. Minidumps are not enabled by default on client versions of Windows
#

---------------  S U M M A R Y ------------

Command Line: -Dclassworlds.conf=C:\Users\sfjbs\Downloads\micro service-20221001T123314Z-001\micro service\apache-maven-3.8.5-bin\apache-maven-3.8.5\bin\m2.conf -Dmaven.home=C:\Users\sfjbs\Downloads\micro service-20221001T123314Z-001\micro service\apache-maven-3.8.5-bin\apache-maven-3.8.5 -Dlibrary.jansi.path=C:\Users\sfjbs\Downloads\micro service-20221001T123314Z-001\micro service\apache-maven-3.8.5-bin\apache-maven-3.8.5\lib\jansi-native -Dmaven.multiModuleProjectDirectory=C:\Users\sfjbs\IdeaProjects\training\sriprabha\Mini Project\pension-management-system org.codehaus.plexus.classworlds.launcher.Launcher clean install -DskipTests

Host: Intel(R) Xeon(R) Platinum 8272CL CPU @ 2.60GHz, 2 cores, 7G,  Windows 10 , 64 bit Build 19041 (10.0.19041.1889)
Time: Tue Nov  1 12:07:43 2022 Coordinated Universal Time elapsed time: 19.206871 seconds (0d 0h 0m 19s)

---------------  T H R E A D  ---------------

Current thread (0x0000019242e07000):  VMThread "VM Thread" [stack: 0x00000072dbc00000,0x00000072dbd00000] [id=153364]

Stack: [0x00000072dbc00000,0x00000072dbd00000]
[error occurred during error reporting (printing stack bounds), id 0xc0000005, EXCEPTION_ACCESS_VIOLATION (0xc0000005) at pc=0x000001922d0610e7]

Native frames: (J=compiled Java code, j=interpreted, Vv=VM code, C=native code)
V  [jvm.dll+0x62a3ea]
V  [jvm.dll+0x76418f]
V  [jvm.dll+0x765839]
V  [jvm.dll+0x765e25]
V  [jvm.dll+0x765ddb]
V  [jvm.dll+0x6298d3]
V  [jvm.dll+0x629fe8]
C  [ntdll.dll+0xa241f]
C  [ntdll.dll+0x514a4]
C  [ntdll.dll+0xa0f4e]
C  0x000001922d0610e7

VM_Operation (0x00000072db5fc110): G1CollectForAllocation, mode: safepoint, requested by thread 0x00000192259a9800


---------------  P R O C E S S  ---------------

Threads class SMR info:
_java_thread_list=0x00000192437c2d90, length=10, elements={
0x00000192259a9800, 0x0000019242df2000, 0x0000019242dfc000, 0x0000019242e17800,
0x0000019242e1b800, 0x0000019242e1d000, 0x0000019242e20000, 0x0000019242e29000,
0x0000019242e33000, 0x00000192437f3800
}

Java Threads: ( => current thread )
  0x00000192259a9800 JavaThread "main" [_thread_blocked, id=22492, stack(0x00000072db500000,0x00000072db600000)]
  0x0000019242df2000 JavaThread "Reference Handler" daemon [_thread_blocked, id=84460, stack(0x00000072dbd00000,0x00000072dbe00000)]
  0x0000019242dfc000 JavaThread "Finalizer" daemon [_thread_blocked, id=172724, stack(0x00000072dbe00000,0x00000072dbf00000)]
  0x0000019242e17800 JavaThread "Signal Dispatcher" daemon [_thread_blocked, id=76004, stack(0x00000072dbf00000,0x00000072dc000000)]
  0x0000019242e1b800 JavaThread "Attach Listener" daemon [_thread_blocked, id=190936, stack(0x00000072dc000000,0x00000072dc100000)]
  0x0000019242e1d000 JavaThread "Service Thread" daemon [_thread_blocked, id=125148, stack(0x00000072dc100000,0x00000072dc200000)]
  0x0000019242e20000 JavaThread "C2 CompilerThread0" daemon [_thread_blocked, id=83972, stack(0x00000072dc200000,0x00000072dc300000)]
  0x0000019242e29000 JavaThread "C1 CompilerThread0" daemon [_thread_blocked, id=182052, stack(0x00000072dc300000,0x00000072dc400000)]
  0x0000019242e33000 JavaThread "Sweeper thread" daemon [_thread_blocked, id=111796, stack(0x00000072dc400000,0x00000072dc500000)]
  0x00000192437f3800 JavaThread "Common-Cleaner" daemon [_thread_blocked, id=26912, stack(0x00000072dc600000,0x00000072dc700000)]

Other Threads:
=>0x0000019242e07000 VMThread "VM Thread" [stack: 0x00000072dbc00000,0x00000072dbd00000] [id=153364]
  0x00000192437f0800 WatcherThread [stack: 0x00000072dc500000,0x00000072dc600000] [id=195592]
  0x00000192259c0000 GCTaskThread "GC Thread#0" [stack: 0x00000072db700000,0x00000072db800000] [id=78924]
  0x0000019244074800 GCTaskThread "GC Thread#1" [stack: 0x00000072dc700000,0x00000072dc800000] [id=159448]
  0x00000192259ea000 ConcurrentGCThread "G1 Main Marker" [stack: 0x00000072db800000,0x00000072db900000] [id=166768]
  0x00000192259ec800 ConcurrentGCThread "G1 Conc#0" [stack: 0x00000072db900000,0x00000072dba00000] [id=85356]
  0x0000019225a73800 ConcurrentGCThread "G1 Refine#0" [stack: 0x00000072dba00000,0x00000072dbb00000] [id=92456]
  0x0000019225a75800 ConcurrentGCThread "G1 Young RemSet Sampling" [stack: 0x00000072dbb00000,0x00000072dbc00000] [id=78324]

Threads with active compile tasks:
C2 CompilerThread0    19229 6383       4       org.eclipse.aether.util.graph.transformer.ConflictResolver$State::push (447 bytes)

VM state:at safepoint (normal execution)

VM Mutex/Monitor currently owned by a thread:  ([mutex/lock_event])
[0x00000192259a70a0] Threads_lock - owner thread: 0x0000019242e07000
[0x00000192259a6a70] Heap_lock - owner thread: 0x00000192259a9800

Heap address: 0x0000000080000000, size: 2048 MB, Compressed Oops mode: 32-bit
Narrow klass base: 0x0000000000000000, Narrow klass shift: 3
Compressed class space size: 1073741824 Address: 0x0000000100000000

Heap:
 garbage-first heap   total 199680K, used 36864K [0x0000000080000000, 0x0000000100000000)
  region size 1024K, 4 young (4096K), 4 survivors (4096K)
 Metaspace       used 33951K, capacity 34652K, committed 34816K, reserved 1081344K
  class space    used 3506K, capacity 3806K, committed 3840K, reserved 1048576K
Heap Regions: E=young(eden), S=young(survivor), O=old, HS=humongous(starts), HC=humongous(continues), CS=collection set, F=free, A=archive, TAMS=top-at-mark-start (previous, next)
|   0|0x0000000080000000, 0x0000000080100000, 0x0000000080100000|100%| O|  |TAMS 0x0000000080100000, 0x0000000080000000| Untracked 
|   1|0x0000000080100000, 0x0000000080200000, 0x0000000080200000|100%| O|  |TAMS 0x0000000080200000, 0x0000000080100000| Untracked 
|   2|0x0000000080200000, 0x0000000080300000, 0x0000000080300000|100%| O|  |TAMS 0x0000000080210a00, 0x0000000080200000| Untracked 
|   3|0x0000000080300000, 0x0000000080400000, 0x0000000080400000|100%|HS|  |TAMS 0x0000000080300000, 0x0000000080300000| Complete 
|   4|0x0000000080400000, 0x0000000080500000, 0x0000000080500000|100%|HS|  |TAMS 0x0000000080400000, 0x0000000080400000| Complete 
|   5|0x0000000080500000, 0x0000000080600000, 0x0000000080600000|100%| O|  |TAMS 0x0000000080500000, 0x0000000080500000| Untracked 
|   6|0x0000000080600000, 0x0000000080700000, 0x0000000080700000|100%| O|  |TAMS 0x0000000080600000, 0x0000000080600000| Untracked 
|   7|0x0000000080700000, 0x0000000080800000, 0x0000000080800000|100%| O|  |TAMS 0x0000000080700000, 0x0000000080700000| Untracked 
|   8|0x0000000080800000, 0x0000000080900000, 0x0000000080900000|100%| O|  |TAMS 0x0000000080800000, 0x0000000080800000| Untracked 
|   9|0x0000000080900000, 0x0000000080a00000, 0x0000000080a00000|100%| O|  |TAMS 0x0000000080900000, 0x0000000080900000| Untracked 
|  10|0x0000000080a00000, 0x0000000080b00000, 0x0000000080b00000|100%| O|  |TAMS 0x0000000080a00000, 0x0000000080a00000| Untracked 
|  11|0x0000000080b00000, 0x0000000080c00000, 0x0000000080c00000|100%| O|  |TAMS 0x0000000080b00000, 0x0000000080b00000| Untracked 
|  12|0x0000000080c00000, 0x0000000080d00000, 0x0000000080d00000|100%| O|  |TAMS 0x0000000080c00000, 0x0000000080c00000| Untracked 
|  13|0x0000000080d00000, 0x0000000080e00000, 0x0000000080e00000|100%|HS|  |TAMS 0x0000000080d00000, 0x0000000080d00000| Complete 
|  14|0x0000000080e00000, 0x0000000080e00000, 0x0000000080f00000|  0%| F|  |TAMS 0x0000000080e00000, 0x0000000080e00000| Untracked 
|  15|0x0000000080f00000, 0x0000000081000000, 0x0000000081000000|100%| O|  |TAMS 0x0000000080f00000, 0x0000000080f00000| Untracked 
|  16|0x0000000081000000, 0x0000000081100000, 0x0000000081100000|100%| O|  |TAMS 0x0000000081000000, 0x0000000081000000| Untracked 
|  17|0x0000000081100000, 0x0000000081200000, 0x0000000081200000|100%| O|  |TAMS 0x0000000081100000, 0x0000000081100000| Untracked 
|  18|0x0000000081200000, 0x0000000081300000, 0x0000000081300000|100%| O|  |TAMS 0x0000000081200000, 0x0000000081200000| Untracked 
|  19|0x0000000081300000, 0x0000000081400000, 0x0000000081400000|100%| O|  |TAMS 0x0000000081300000, 0x0000000081300000| Untracked 
|  20|0x0000000081400000, 0x0000000081500000, 0x0000000081500000|100%| O|  |TAMS 0x0000000081400000, 0x0000000081400000| Untracked 
|  21|0x0000000081500000, 0x0000000081600000, 0x0000000081600000|100%| O|  |TAMS 0x0000000081500000, 0x0000000081500000| Untracked 
|  22|0x0000000081600000, 0x0000000081700000, 0x0000000081700000|100%| O|  |TAMS 0x0000000081600000, 0x0000000081600000| Untracked 
|  23|0x0000000081700000, 0x0000000081800000, 0x0000000081800000|100%| O|  |TAMS 0x0000000081700000, 0x0000000081700000| Untracked 
|  24|0x0000000081800000, 0x0000000081900000, 0x0000000081900000|100%| O|  |TAMS 0x0000000081800000, 0x0000000081800000| Untracked 
|  25|0x0000000081900000, 0x0000000081a00000, 0x0000000081a00000|100%| O|  |TAMS 0x0000000081900000, 0x0000000081900000| Untracked 
|  26|0x0000000081a00000, 0x0000000081b00000, 0x0000000081b00000|100%| O|  |TAMS 0x0000000081a00000, 0x0000000081a00000| Untracked 
|  27|0x0000000081b00000, 0x0000000081c00000, 0x0000000081c00000|100%| O|  |TAMS 0x0000000081b00000, 0x0000000081b00000| Untracked 
|  28|0x0000000081c00000, 0x0000000081d00000, 0x0000000081d00000|100%| O|  |TAMS 0x0000000081c00000, 0x0000000081c00000| Untracked 
|  29|0x0000000081d00000, 0x0000000081e00000, 0x0000000081e00000|100%| O|  |TAMS 0x0000000081d00000, 0x0000000081d00000| Untracked 
|  30|0x0000000081e00000, 0x0000000081f00000, 0x0000000081f00000|100%| O|  |TAMS 0x0000000081e00000, 0x0000000081e00000| Untracked 
|  31|0x0000000081f00000, 0x0000000082000000, 0x0000000082000000|100%| O|  |TAMS 0x0000000081f00000, 0x0000000081f00000| Untracked 
|  32|0x0000000082000000, 0x0000000082100000, 0x0000000082100000|100%| O|  |TAMS 0x0000000082000000, 0x0000000082000000| Untracked 
|  33|0x0000000082100000, 0x0000000082180000, 0x0000000082200000| 50%| O|  |TAMS 0x0000000082100000, 0x0000000082100000| Untracked 
|  34|0x0000000082200000, 0x0000000082200000, 0x0000000082300000|  0%| F|  |TAMS 0x0000000082200000, 0x0000000082200000| Untracked 
|  35|0x0000000082300000, 0x0000000082300000, 0x0000000082400000|  0%| F|  |TAMS 0x0000000082300000, 0x0000000082300000| Untracked 
|  36|0x0000000082400000, 0x0000000082400000, 0x0000000082500000|  0%| F|  |TAMS 0x0000000082400000, 0x0000000082400000| Untracked 
|  37|0x0000000082500000, 0x0000000082500000, 0x0000000082600000|  0%| F|  |TAMS 0x0000000082500000, 0x0000000082500000| Untracked 
|  38|0x0000000082600000, 0x0000000082600000, 0x0000000082700000|  0%| F|  |TAMS 0x0000000082600000, 0x0000000082600000| Untracked 
|  39|0x0000000082700000, 0x0000000082700000, 0x0000000082800000|  0%| F|  |TAMS 0x0000000082700000, 0x0000000082700000| Untracked 
|  40|0x0000000082800000, 0x0000000082800000, 0x0000000082900000|  0%| F|  |TAMS 0x0000000082800000, 0x0000000082800000| Untracked 
|  41|0x0000000082900000, 0x0000000082900000, 0x0000000082a00000|  0%| F|  |TAMS 0x0000000082900000, 0x0000000082900000| Untracked 
|  42|0x0000000082a00000, 0x0000000082a00000, 0x0000000082b00000|  0%| F|  |TAMS 0x0000000082a00000, 0x0000000082a00000| Untracked 
|  43|0x0000000082b00000, 0x0000000082b00000, 0x0000000082c00000|  0%| F|  |TAMS 0x0000000082b00000, 0x0000000082b00000| Untracked 
|  44|0x0000000082c00000, 0x0000000082c00000, 0x0000000082d00000|  0%| F|  |TAMS 0x0000000082c00000, 0x0000000082c00000| Untracked 
|  45|0x0000000082d00000, 0x0000000082d00000, 0x0000000082e00000|  0%| F|  |TAMS 0x0000000082d00000, 0x0000000082d00000| Untracked 
|  46|0x0000000082e00000, 0x0000000082e00000, 0x0000000082f00000|  0%| F|  |TAMS 0x0000000082e00000, 0x0000000082e00000| Untracked 
|  47|0x0000000082f00000, 0x0000000082f00000, 0x0000000083000000|  0%| F|  |TAMS 0x0000000082f00000, 0x0000000082f00000| Untracked 
|  48|0x0000000083000000, 0x0000000083000000, 0x0000000083100000|  0%| F|  |TAMS 0x0000000083000000, 0x0000000083000000| Untracked 
|  49|0x0000000083100000, 0x0000000083100000, 0x0000000083200000|  0%| F|  |TAMS 0x0000000083100000, 0x0000000083100000| Untracked 
|  50|0x0000000083200000, 0x0000000083200000, 0x0000000083300000|  0%| F|  |TAMS 0x0000000083200000, 0x0000000083200000| Untracked 
|  51|0x0000000083300000, 0x0000000083300000, 0x0000000083400000|  0%| F|  |TAMS 0x0000000083300000, 0x0000000083300000| Untracked 
|  52|0x0000000083400000, 0x0000000083400000, 0x0000000083500000|  0%| F|  |TAMS 0x0000000083400000, 0x0000000083400000| Untracked 
|  53|0x0000000083500000, 0x0000000083500000, 0x0000000083600000|  0%| F|  |TAMS 0x0000000083500000, 0x0000000083500000| Untracked 
|  54|0x0000000083600000, 0x0000000083600000, 0x0000000083700000|  0%| F|  |TAMS 0x0000000083600000, 0x0000000083600000| Untracked 
|  55|0x0000000083700000, 0x0000000083700000, 0x0000000083800000|  0%| F|  |TAMS 0x0000000083700000, 0x0000000083700000| Untracked 
|  56|0x0000000083800000, 0x0000000083800000, 0x0000000083900000|  0%| F|  |TAMS 0x0000000083800000, 0x0000000083800000| Untracked 
|  57|0x0000000083900000, 0x0000000083900000, 0x0000000083a00000|  0%| F|  |TAMS 0x0000000083900000, 0x0000000083900000| Untracked 
|  58|0x0000000083a00000, 0x0000000083a00000, 0x0000000083b00000|  0%| F|  |TAMS 0x0000000083a00000, 0x0000000083a00000| Untracked 
|  59|0x0000000083b00000, 0x0000000083b00000, 0x0000000083c00000|  0%| F|  |TAMS 0x0000000083b00000, 0x0000000083b00000| Untracked 
|  60|0x0000000083c00000, 0x0000000083c00000, 0x0000000083d00000|  0%| F|  |TAMS 0x0000000083c00000, 0x0000000083c00000| Untracked 
|  61|0x0000000083d00000, 0x0000000083d00000, 0x0000000083e00000|  0%| F|  |TAMS 0x0000000083d00000, 0x0000000083d00000| Untracked 
|  62|0x0000000083e00000, 0x0000000083e00000, 0x0000000083f00000|  0%| F|  |TAMS 0x0000000083e00000, 0x0000000083e00000| Untracked 
|  63|0x0000000083f00000, 0x0000000083f00000, 0x0000000084000000|  0%| F|  |TAMS 0x0000000083f00000, 0x0000000083f00000| Untracked 
|  64|0x0000000084000000, 0x0000000084000000, 0x0000000084100000|  0%| F|  |TAMS 0x0000000084000000, 0x0000000084000000| Untracked 
|  65|0x0000000084100000, 0x0000000084100000, 0x0000000084200000|  0%| F|  |TAMS 0x0000000084100000, 0x0000000084100000| Untracked 
|  66|0x0000000084200000, 0x0000000084200000, 0x0000000084300000|  0%| F|  |TAMS 0x0000000084200000, 0x0000000084200000| Untracked 
|  67|0x0000000084300000, 0x0000000084300000, 0x0000000084400000|  0%| F|  |TAMS 0x0000000084300000, 0x0000000084300000| Untracked 
|  68|0x0000000084400000, 0x0000000084400000, 0x0000000084500000|  0%| F|  |TAMS 0x0000000084400000, 0x0000000084400000| Untracked 
|  69|0x0000000084500000, 0x0000000084500000, 0x0000000084600000|  0%| F|  |TAMS 0x0000000084500000, 0x0000000084500000| Untracked 
|  70|0x0000000084600000, 0x0000000084600000, 0x0000000084700000|  0%| F|  |TAMS 0x0000000084600000, 0x0000000084600000| Untracked 
|  71|0x0000000084700000, 0x0000000084700000, 0x0000000084800000|  0%| F|  |TAMS 0x0000000084700000, 0x0000000084700000| Untracked 
|  72|0x0000000084800000, 0x0000000084800000, 0x0000000084900000|  0%| F|  |TAMS 0x0000000084800000, 0x0000000084800000| Untracked 
|  73|0x0000000084900000, 0x0000000084900000, 0x0000000084a00000|  0%| F|  |TAMS 0x0000000084900000, 0x0000000084900000| Untracked 
|  74|0x0000000084a00000, 0x0000000084a00000, 0x0000000084b00000|  0%| F|  |TAMS 0x0000000084a00000, 0x0000000084a00000| Untracked 
|  75|0x0000000084b00000, 0x0000000084b00000, 0x0000000084c00000|  0%| F|  |TAMS 0x0000000084b00000, 0x0000000084b00000| Untracked 
|  76|0x0000000084c00000, 0x0000000084c00000, 0x0000000084d00000|  0%| F|  |TAMS 0x0000000084c00000, 0x0000000084c00000| Untracked 
|  77|0x0000000084d00000, 0x0000000084d00000, 0x0000000084e00000|  0%| F|  |TAMS 0x0000000084d00000, 0x0000000084d00000| Untracked 
|  78|0x0000000084e00000, 0x0000000084e00000, 0x0000000084f00000|  0%| F|  |TAMS 0x0000000084e00000, 0x0000000084e00000| Untracked 
|  79|0x0000000084f00000, 0x0000000084f00000, 0x0000000085000000|  0%| F|  |TAMS 0x0000000084f00000, 0x0000000084f00000| Untracked 
|  80|0x0000000085000000, 0x0000000085000000, 0x0000000085100000|  0%| F|  |TAMS 0x0000000085000000, 0x0000000085000000| Untracked 
|  81|0x0000000085100000, 0x0000000085100000, 0x0000000085200000|  0%| F|  |TAMS 0x0000000085100000, 0x0000000085100000| Untracked 
|  82|0x0000000085200000, 0x0000000085200000, 0x0000000085300000|  0%| F|  |TAMS 0x0000000085200000, 0x0000000085200000| Untracked 
|  83|0x0000000085300000, 0x0000000085300000, 0x0000000085400000|  0%| F|  |TAMS 0x0000000085300000, 0x0000000085300000| Untracked 
|  84|0x0000000085400000, 0x0000000085480000, 0x0000000085500000| 50%| S|CS|TAMS 0x0000000085400000, 0x0000000085400000| Complete 
|  85|0x0000000085500000, 0x0000000085600000, 0x0000000085600000|100%| S|CS|TAMS 0x0000000085500000, 0x0000000085500000| Complete 
|  86|0x0000000085600000, 0x0000000085700000, 0x0000000085700000|100%| S|CS|TAMS 0x0000000085600000, 0x0000000085600000| Complete 
|  87|0x0000000085700000, 0x0000000085800000, 0x0000000085800000|100%| S|CS|TAMS 0x0000000085700000, 0x0000000085700000| Complete 
|  88|0x0000000085800000, 0x0000000085800000, 0x0000000085900000|  0%| F|  |TAMS 0x0000000085800000, 0x0000000085800000| Untracked 
|  89|0x0000000085900000, 0x0000000085900000, 0x0000000085a00000|  0%| F|  |TAMS 0x0000000085900000, 0x0000000085900000| Untracked 
|  90|0x0000000085a00000, 0x0000000085a00000, 0x0000000085b00000|  0%| F|  |TAMS 0x0000000085a00000, 0x0000000085a00000| Untracked 
|  91|0x0000000085b00000, 0x0000000085b00000, 0x0000000085c00000|  0%| F|  |TAMS 0x0000000085b00000, 0x0000000085b00000| Untracked 
|  92|0x0000000085c00000, 0x0000000085c00000, 0x0000000085d00000|  0%| F|  |TAMS 0x0000000085c00000, 0x0000000085c00000| Untracked 
|  93|0x0000000085d00000, 0x0000000085d00000, 0x0000000085e00000|  0%| F|  |TAMS 0x0000000085d00000, 0x0000000085d00000| Untracked 
|  94|0x0000000085e00000, 0x0000000085e00000, 0x0000000085f00000|  0%| F|  |TAMS 0x0000000085e00000, 0x0000000085e00000| Untracked 
|  95|0x0000000085f00000, 0x0000000085f00000, 0x0000000086000000|  0%| F|  |TAMS 0x0000000085f00000, 0x0000000085f00000| Untracked 
|  96|0x0000000086000000, 0x0000000086000000, 0x0000000086100000|  0%| F|  |TAMS 0x0000000086000000, 0x0000000086000000| Untracked 
|  97|0x0000000086100000, 0x0000000086100000, 0x0000000086200000|  0%| F|  |TAMS 0x0000000086100000, 0x0000000086100000| Untracked 
|  98|0x0000000086200000, 0x0000000086200000, 0x0000000086300000|  0%| F|  |TAMS 0x0000000086200000, 0x0000000086200000| Untracked 
|  99|0x0000000086300000, 0x0000000086300000, 0x0000000086400000|  0%| F|  |TAMS 0x0000000086300000, 0x0000000086300000| Untracked 
| 100|0x0000000086400000, 0x0000000086400000, 0x0000000086500000|  0%| F|  |TAMS 0x0000000086400000, 0x0000000086400000| Untracked 
| 101|0x0000000086500000, 0x0000000086500000, 0x0000000086600000|  0%| F|  |TAMS 0x0000000086500000, 0x0000000086500000| Untracked 
| 102|0x0000000086600000, 0x0000000086600000, 0x0000000086700000|  0%| F|  |TAMS 0x0000000086600000, 0x0000000086600000| Untracked 
| 103|0x0000000086700000, 0x0000000086700000, 0x0000000086800000|  0%| F|  |TAMS 0x0000000086700000, 0x0000000086700000| Untracked 
| 104|0x0000000086800000, 0x0000000086800000, 0x0000000086900000|  0%| F|  |TAMS 0x0000000086800000, 0x0000000086800000| Untracked 
| 105|0x0000000086900000, 0x0000000086900000, 0x0000000086a00000|  0%| F|  |TAMS 0x0000000086900000, 0x0000000086900000| Untracked 
| 106|0x0000000086a00000, 0x0000000086a00000, 0x0000000086b00000|  0%| F|  |TAMS 0x0000000086a00000, 0x0000000086a00000| Untracked 
| 107|0x0000000086b00000, 0x0000000086b00000, 0x0000000086c00000|  0%| F|  |TAMS 0x0000000086b00000, 0x0000000086b00000| Untracked 
| 108|0x0000000086c00000, 0x0000000086c00000, 0x0000000086d00000|  0%| F|  |TAMS 0x0000000086c00000, 0x0000000086c00000| Untracked 
| 109|0x0000000086d00000, 0x0000000086d00000, 0x0000000086e00000|  0%| F|  |TAMS 0x0000000086d00000, 0x0000000086d00000| Untracked 
| 110|0x0000000086e00000, 0x0000000086e00000, 0x0000000086f00000|  0%| F|  |TAMS 0x0000000086e00000, 0x0000000086e00000| Untracked 
| 111|0x0000000086f00000, 0x0000000086f00000, 0x0000000087000000|  0%| F|  |TAMS 0x0000000086f00000, 0x0000000086f00000| Untracked 
| 112|0x0000000087000000, 0x0000000087000000, 0x0000000087100000|  0%| F|  |TAMS 0x0000000087000000, 0x0000000087000000| Untracked 
| 113|0x0000000087100000, 0x0000000087100000, 0x0000000087200000|  0%| F|  |TAMS 0x0000000087100000, 0x0000000087100000| Untracked 
| 114|0x0000000087200000, 0x0000000087200000, 0x0000000087300000|  0%| F|  |TAMS 0x0000000087200000, 0x0000000087200000| Untracked 
| 115|0x0000000087300000, 0x0000000087300000, 0x0000000087400000|  0%| F|  |TAMS 0x0000000087300000, 0x0000000087300000| Untracked 
| 116|0x0000000087400000, 0x0000000087400000, 0x0000000087500000|  0%| F|  |TAMS 0x0000000087400000, 0x0000000087400000| Untracked 
| 117|0x0000000087500000, 0x0000000087500000, 0x0000000087600000|  0%| F|  |TAMS 0x0000000087500000, 0x0000000087500000| Untracked 
| 118|0x0000000087600000, 0x0000000087600000, 0x0000000087700000|  0%| F|  |TAMS 0x0000000087600000, 0x0000000087600000| Untracked 
| 119|0x0000000087700000, 0x0000000087700000, 0x0000000087800000|  0%| F|  |TAMS 0x0000000087700000, 0x0000000087700000| Untracked 
| 120|0x0000000087800000, 0x0000000087800000, 0x0000000087900000|  0%| F|  |TAMS 0x0000000087800000, 0x0000000087800000| Untracked 
| 121|0x0000000087900000, 0x0000000087900000, 0x0000000087a00000|  0%| F|  |TAMS 0x0000000087900000, 0x0000000087900000| Untracked 
| 122|0x0000000087a00000, 0x0000000087a00000, 0x0000000087b00000|  0%| F|  |TAMS 0x0000000087a00000, 0x0000000087a00000| Untracked 
| 123|0x0000000087b00000, 0x0000000087b00000, 0x0000000087c00000|  0%| F|  |TAMS 0x0000000087b00000, 0x0000000087b00000| Untracked 
| 124|0x0000000087c00000, 0x0000000087c00000, 0x0000000087d00000|  0%| F|  |TAMS 0x0000000087c00000, 0x0000000087c00000| Untracked 
| 125|0x0000000087d00000, 0x0000000087d00000, 0x0000000087e00000|  0%| F|  |TAMS 0x0000000087d00000, 0x0000000087d00000| Untracked 
| 126|0x0000000087e00000, 0x0000000087e00000, 0x0000000087f00000|  0%| F|  |TAMS 0x0000000087e00000, 0x0000000087e00000| Untracked 
| 127|0x0000000087f00000, 0x0000000087f00000, 0x0000000088000000|  0%| F|  |TAMS 0x0000000087f00000, 0x0000000087f00000| Untracked 
| 128|0x0000000088000000, 0x0000000088000000, 0x0000000088100000|  0%| F|  |TAMS 0x0000000088000000, 0x0000000088000000| Untracked 
| 129|0x0000000088100000, 0x0000000088100000, 0x0000000088200000|  0%| F|  |TAMS 0x0000000088100000, 0x0000000088100000| Untracked 
| 130|0x0000000088200000, 0x0000000088200000, 0x0000000088300000|  0%| F|  |TAMS 0x0000000088200000, 0x0000000088200000| Untracked 
| 131|0x0000000088300000, 0x0000000088300000, 0x0000000088400000|  0%| F|  |TAMS 0x0000000088300000, 0x0000000088300000| Untracked 
| 132|0x0000000088400000, 0x0000000088400000, 0x0000000088500000|  0%| F|  |TAMS 0x0000000088400000, 0x0000000088400000| Untracked 
| 133|0x0000000088500000, 0x0000000088500000, 0x0000000088600000|  0%| F|  |TAMS 0x0000000088500000, 0x0000000088500000| Untracked 
| 134|0x0000000088600000, 0x0000000088600000, 0x0000000088700000|  0%| F|  |TAMS 0x0000000088600000, 0x0000000088600000| Untracked 
| 135|0x0000000088700000, 0x0000000088700000, 0x0000000088800000|  0%| F|  |TAMS 0x0000000088700000, 0x0000000088700000| Untracked 
| 136|0x0000000088800000, 0x0000000088800000, 0x0000000088900000|  0%| F|  |TAMS 0x0000000088800000, 0x0000000088800000| Untracked 
| 137|0x0000000088900000, 0x0000000088900000, 0x0000000088a00000|  0%| F|  |TAMS 0x0000000088900000, 0x0000000088900000| Untracked 
| 138|0x0000000088a00000, 0x0000000088a00000, 0x0000000088b00000|  0%| F|  |TAMS 0x0000000088a00000, 0x0000000088a00000| Untracked 
| 139|0x0000000088b00000, 0x0000000088b00000, 0x0000000088c00000|  0%| F|  |TAMS 0x0000000088b00000, 0x0000000088b00000| Untracked 
| 140|0x0000000088c00000, 0x0000000088c00000, 0x0000000088d00000|  0%| F|  |TAMS 0x0000000088c00000, 0x0000000088c00000| Untracked 
| 141|0x0000000088d00000, 0x0000000088d00000, 0x0000000088e00000|  0%| F|  |TAMS 0x0000000088d00000, 0x0000000088d00000| Untracked 
| 142|0x0000000088e00000, 0x0000000088e00000, 0x0000000088f00000|  0%| F|  |TAMS 0x0000000088e00000, 0x0000000088e00000| Untracked 
| 143|0x0000000088f00000, 0x0000000088f00000, 0x0000000089000000|  0%| F|  |TAMS 0x0000000088f00000, 0x0000000088f00000| Untracked 
| 144|0x0000000089000000, 0x0000000089000000, 0x0000000089100000|  0%| F|  |TAMS 0x0000000089000000, 0x0000000089000000| Untracked 
| 145|0x0000000089100000, 0x0000000089100000, 0x0000000089200000|  0%| F|  |TAMS 0x0000000089100000, 0x0000000089100000| Untracked 
| 146|0x0000000089200000, 0x0000000089200000, 0x0000000089300000|  0%| F|  |TAMS 0x0000000089200000, 0x0000000089200000| Untracked 
| 147|0x0000000089300000, 0x0000000089300000, 0x0000000089400000|  0%| F|  |TAMS 0x0000000089300000, 0x0000000089300000| Untracked 
| 148|0x0000000089400000, 0x0000000089400000, 0x0000000089500000|  0%| F|  |TAMS 0x0000000089400000, 0x0000000089400000| Untracked 
| 149|0x0000000089500000, 0x0000000089500000, 0x0000000089600000|  0%| F|  |TAMS 0x0000000089500000, 0x0000000089500000| Untracked 
| 150|0x0000000089600000, 0x0000000089600000, 0x0000000089700000|  0%| F|  |TAMS 0x0000000089600000, 0x0000000089600000| Untracked 
| 151|0x0000000089700000, 0x0000000089700000, 0x0000000089800000|  0%| F|  |TAMS 0x0000000089700000, 0x0000000089700000| Untracked 
| 152|0x0000000089800000, 0x0000000089800000, 0x0000000089900000|  0%| F|  |TAMS 0x0000000089800000, 0x0000000089800000| Untracked 
| 153|0x0000000089900000, 0x0000000089900000, 0x0000000089a00000|  0%| F|  |TAMS 0x0000000089900000, 0x0000000089900000| Untracked 

Card table byte_map: [0x000001923c460000,0x000001923c860000] _byte_map_base: 0x000001923c060000

Marking Bits (Prev, Next): (CMBitMap*) 0x00000192238ce8c0, (CMBitMap*) 0x00000192238ce888
 Prev Bits: [0x000001923ec60000, 0x0000019240c60000)
 Next Bits: [0x000001923cc60000, 0x000001923ec60000)

Polling page: 0x0000019223b50000

Metaspace:

Usage:
  Non-class:     30.12 MB capacity,    29.73 MB ( 99%) used,   336.55 KB (  1%) free+waste,    64.88 KB ( <1%) overhead. 
      Class:      3.72 MB capacity,     3.42 MB ( 92%) used,   271.48 KB (  7%) free+waste,    27.88 KB ( <1%) overhead. 
       Both:     33.84 MB capacity,    33.16 MB ( 98%) used,   608.03 KB (  2%) free+waste,    92.75 KB ( <1%) overhead. 

Virtual space:
  Non-class space:       32.00 MB reserved,      30.25 MB ( 95%) committed 
      Class space:        1.00 GB reserved,       3.75 MB ( <1%) committed 
             Both:        1.03 GB reserved,      34.00 MB (  3%) committed 

Chunk freelists:
   Non-Class:  256 bytes
       Class:  256 bytes
        Both:  512 bytes

CodeHeap 'non-profiled nmethods': size=120064Kb used=3297Kb max_used=3297Kb free=116766Kb
 bounds [0x0000019234b20000, 0x0000019234e60000, 0x000001923c060000]
CodeHeap 'profiled nmethods': size=120000Kb used=15201Kb max_used=15201Kb free=104798Kb
 bounds [0x000001922d5f0000, 0x000001922e4d0000, 0x0000019234b20000]
CodeHeap 'non-nmethods': size=5696Kb used=1151Kb max_used=1190Kb free=4544Kb
 bounds [0x000001922d060000, 0x000001922d2d0000, 0x000001922d5f0000]
 total_blobs=6845 nmethods=6373 adapters=383
 compilation: enabled
              stopped_count=0, restarted_count=0
 full_count=0

Compilation events (10 events):
Event: 19.146 Thread 0x0000019242e29000 6395       3       java.net.URI::appendAuthority (262 bytes)
Event: 19.148 Thread 0x0000019242e29000 nmethod 6395 0x000001922e4c3b10 code [0x000001922e4c3f60, 0x000001922e4c59f8]
Event: 19.148 Thread 0x0000019242e29000 6396       3       java.net.URI::checkPath (37 bytes)
Event: 19.148 Thread 0x0000019242e29000 nmethod 6396 0x000001922e4c6410 code [0x000001922e4c6640, 0x000001922e4c6e48]
Event: 19.149 Thread 0x0000019242e29000 6397   !   3       java.io.File::toURI (69 bytes)
Event: 19.150 Thread 0x0000019242e29000 nmethod 6397 0x000001922e4c7110 code [0x000001922e4c73c0, 0x000001922e4c7f08]
Event: 19.152 Thread 0x0000019242e20000 nmethod 6367 0x0000019234e54a10 code [0x0000019234e54d60, 0x0000019234e56e98]
Event: 19.152 Thread 0x0000019242e20000 6383       4       org.eclipse.aether.util.graph.transformer.ConflictResolver$State::push (447 bytes)
Event: 19.155 Thread 0x0000019242e29000 6398       1       java.security.PermissionCollection::isReadOnly (5 bytes)
Event: 19.155 Thread 0x0000019242e29000 nmethod 6398 0x0000019234e58390 code [0x0000019234e58520, 0x0000019234e585d8]

GC Heap History (10 events):
Event: 2.135 GC heap after
{Heap after GC invocations=4 (full 0):
 garbage-first heap   total 131072K, used 4317K [0x0000000080000000, 0x0000000100000000)
  region size 1024K, 3 young (3072K), 3 survivors (3072K)
 Metaspace       used 14448K, capacity 14649K, committed 14976K, reserved 1062912K
  class space    used 1510K, capacity 1583K, committed 1664K, reserved 1048576K
}
Event: 4.204 GC heap before
{Heap before GC invocations=4 (full 0):
 garbage-first heap   total 131072K, used 37085K [0x0000000080000000, 0x0000000100000000)
  region size 1024K, 35 young (35840K), 3 survivors (3072K)
 Metaspace       used 19772K, capacity 20071K, committed 20224K, reserved 1067008K
  class space    used 2118K, capacity 2247K, committed 2304K, reserved 1048576K
}
Event: 4.228 GC heap after
{Heap after GC invocations=5 (full 0):
 garbage-first heap   total 157696K, used 7234K [0x0000000080000000, 0x0000000100000000)
  region size 1024K, 5 young (5120K), 5 survivors (5120K)
 Metaspace       used 19772K, capacity 20071K, committed 20224K, reserved 1067008K
  class space    used 2118K, capacity 2247K, committed 2304K, reserved 1048576K
}
Event: 7.272 GC heap before
{Heap before GC invocations=5 (full 0):
 garbage-first heap   total 157696K, used 62530K [0x0000000080000000, 0x0000000100000000)
  region size 1024K, 60 young (61440K), 5 survivors (5120K)
 Metaspace       used 20960K, capacity 21212K, committed 21248K, reserved 1069056K
  class space    used 2175K, capacity 2285K, committed 2304K, reserved 1048576K
}
Event: 7.297 GC heap after
{Heap after GC invocations=6 (full 0):
 garbage-first heap   total 157696K, used 12181K [0x0000000080000000, 0x0000000100000000)
  region size 1024K, 10 young (10240K), 10 survivors (10240K)
 Metaspace       used 20960K, capacity 21212K, committed 21248K, reserved 1069056K
  class space    used 2175K, capacity 2285K, committed 2304K, reserved 1048576K
}
Event: 11.991 GC heap before
{Heap before GC invocations=7 (full 0):
 garbage-first heap   total 157696K, used 75669K [0x0000000080000000, 0x0000000100000000)
  region size 1024K, 70 young (71680K), 10 survivors (10240K)
 Metaspace       used 30644K, capacity 31215K, committed 31488K, reserved 1077248K
  class space    used 3238K, capacity 3461K, committed 3584K, reserved 1048576K
}
Event: 12.040 GC heap after
{Heap after GC invocations=8 (full 0):
 garbage-first heap   total 157696K, used 21268K [0x0000000080000000, 0x0000000100000000)
  region size 1024K, 9 young (9216K), 9 survivors (9216K)
 Metaspace       used 30644K, capacity 31215K, committed 31488K, reserved 1077248K
  class space    used 3238K, capacity 3461K, committed 3584K, reserved 1048576K
}
Event: 16.411 GC heap before
{Heap before GC invocations=8 (full 0):
 garbage-first heap   total 157696K, used 96020K [0x0000000080000000, 0x0000000100000000)
  region size 1024K, 80 young (81920K), 9 survivors (9216K)
 Metaspace       used 33282K, capacity 33902K, committed 34048K, reserved 1079296K
  class space    used 3484K, capacity 3754K, committed 3840K, reserved 1048576K
}
Event: 16.481 GC heap after
{Heap after GC invocations=9 (full 0):
 garbage-first heap   total 157696K, used 36864K [0x0000000080000000, 0x0000000100000000)
  region size 1024K, 10 young (10240K), 10 survivors (10240K)
 Metaspace       used 33282K, capacity 33902K, committed 34048K, reserved 1079296K
  class space    used 3484K, capacity 3754K, committed 3840K, reserved 1048576K
}
Event: 19.176 GC heap before
{Heap before GC invocations=9 (full 0):
 garbage-first heap   total 157696K, used 106496K [0x0000000080000000, 0x0000000100000000)
  region size 1024K, 76 young (77824K), 10 survivors (10240K)
 Metaspace       used 33951K, capacity 34652K, committed 34816K, reserved 1081344K
  class space    used 3506K, capacity 3806K, committed 3840K, reserved 1048576K
}

Deoptimization events (10 events):
Event: 18.307 Thread 0x00000192259a9800 Uncommon trap: reason=unstable_if action=reinterpret pc=0x0000019234dd8e98 method=com.sun.tools.javac.util.IntHashTable.lookup(Ljava/lang/Object;I)I @ 67 c2
Event: 18.307 Thread 0x00000192259a9800 Uncommon trap: reason=unstable_if action=reinterpret pc=0x0000019234dd93f4 method=com.sun.tools.javac.util.IntHashTable.putAtIndex(Ljava/lang/Object;II)I @ 18 c2
Event: 18.503 Thread 0x00000192259a9800 Uncommon trap: reason=profile_predicate action=maybe_recompile pc=0x0000019234d33f3c method=java.util.regex.Pattern$Slice.match(Ljava/util/regex/Matcher;ILjava/lang/CharSequence;)Z @ 18 c2
Event: 18.503 Thread 0x00000192259a9800 Uncommon trap: reason=profile_predicate action=maybe_recompile pc=0x0000019234d33f3c method=java.util.regex.Pattern$Slice.match(Ljava/util/regex/Matcher;ILjava/lang/CharSequence;)Z @ 18 c2
Event: 18.503 Thread 0x00000192259a9800 Uncommon trap: reason=profile_predicate action=maybe_recompile pc=0x0000019234d33f3c method=java.util.regex.Pattern$Slice.match(Ljava/util/regex/Matcher;ILjava/lang/CharSequence;)Z @ 18 c2
Event: 18.503 Thread 0x00000192259a9800 Uncommon trap: reason=profile_predicate action=maybe_recompile pc=0x0000019234d33f3c method=java.util.regex.Pattern$Slice.match(Ljava/util/regex/Matcher;ILjava/lang/CharSequence;)Z @ 18 c2
Event: 18.684 Thread 0x00000192259a9800 Uncommon trap: reason=unstable_if action=reinterpret pc=0x0000019234cca554 method=org.apache.maven.model.merge.ModelMerger.mergeConfigurationContainer_Configuration(Lorg/apache/maven/model/ConfigurationContainer;Lorg/apache/maven/model/ConfigurationContai
Event: 18.685 Thread 0x00000192259a9800 Uncommon trap: reason=null_check action=make_not_entrant pc=0x0000019234cfa480 method=org.codehaus.plexus.interpolation.reflection.ReflectionValueExtractor.getClassMap(Ljava/lang/Class;)Lorg/codehaus/plexus/interpolation/reflection/ClassMap; @ 9 c2
Event: 19.143 Thread 0x00000192259a9800 Uncommon trap: reason=unstable_if action=reinterpret pc=0x0000019234d87868 method=java.util.regex.Pattern.closure(Ljava/util/regex/Pattern$Node;)Ljava/util/regex/Pattern$Node; @ 6 c2
Event: 19.143 Thread 0x00000192259a9800 Uncommon trap: reason=unstable_if action=reinterpret pc=0x0000019234da44c8 method=java.util.regex.Pattern.compile()V @ 340 c2

Classes redefined (0 events):
No events

Internal exceptions (10 events):
Event: 18.144 Thread 0x00000192259a9800 Exception <a 'sun/nio/fs/WindowsException'{0x0000000086b01ba0}> (0x0000000086b01ba0) thrown at [./open/src/hotspot/share/prims/jni.cpp, line 611]
Event: 18.144 Thread 0x00000192259a9800 Exception <a 'sun/nio/fs/WindowsException'{0x0000000086b01fc0}> (0x0000000086b01fc0) thrown at [./open/src/hotspot/share/prims/jni.cpp, line 611]
Event: 18.144 Thread 0x00000192259a9800 Exception <a 'sun/nio/fs/WindowsException'{0x0000000086b05098}> (0x0000000086b05098) thrown at [./open/src/hotspot/share/prims/jni.cpp, line 611]
Event: 18.144 Thread 0x00000192259a9800 Exception <a 'sun/nio/fs/WindowsException'{0x0000000086b05470}> (0x0000000086b05470) thrown at [./open/src/hotspot/share/prims/jni.cpp, line 611]
Event: 18.145 Thread 0x00000192259a9800 Exception <a 'sun/nio/fs/WindowsException'{0x0000000086b0a9e8}> (0x0000000086b0a9e8) thrown at [./open/src/hotspot/share/prims/jni.cpp, line 611]
Event: 18.145 Thread 0x00000192259a9800 Exception <a 'sun/nio/fs/WindowsException'{0x0000000086b0ae08}> (0x0000000086b0ae08) thrown at [./open/src/hotspot/share/prims/jni.cpp, line 611]
Event: 18.145 Thread 0x00000192259a9800 Exception <a 'sun/nio/fs/WindowsException'{0x0000000086b0c9b0}> (0x0000000086b0c9b0) thrown at [./open/src/hotspot/share/prims/jni.cpp, line 611]
Event: 18.145 Thread 0x00000192259a9800 Exception <a 'sun/nio/fs/WindowsException'{0x0000000086b0ce90}> (0x0000000086b0ce90) thrown at [./open/src/hotspot/share/prims/jni.cpp, line 611]
Event: 18.319 Thread 0x00000192259a9800 Exception <a 'sun/nio/fs/WindowsException'{0x000000008692a8a0}> (0x000000008692a8a0) thrown at [./open/src/hotspot/share/prims/jni.cpp, line 611]
Event: 18.391 Thread 0x00000192259a9800 Exception <a 'sun/nio/fs/WindowsException'{0x000000008696cee0}> (0x000000008696cee0) thrown at [./open/src/hotspot/share/prims/jni.cpp, line 611]

Events (10 events):
Event: 19.163 loading class org/apache/maven/plugin/surefire/AbstractSurefireMojo done
Event: 19.166 loading class org/apache/maven/plugin/surefire/SurefireExecutionParameters
Event: 19.166 loading class org/apache/maven/plugin/surefire/SurefireExecutionParameters done
Event: 19.166 loading class org/apache/maven/plugin/surefire/SurefireExecutionParameters
Event: 19.166 loading class org/apache/maven/plugin/surefire/SurefireExecutionParameters done
Event: 19.166 loading class org/apache/maven/plugin/surefire/SurefireExecutionParameters
Event: 19.166 loading class org/apache/maven/plugin/surefire/SurefireExecutionParameters done
Event: 19.175 Thread 0x00000192259a9800 DEOPT PACKING pc=0x000001922e32d61b sp=0x00000072db5fcbe0
Event: 19.175 Thread 0x00000192259a9800 DEOPT UNPACKING pc=0x000001922d087c0e sp=0x00000072db5fc180 mode 0
Event: 19.176 Executing VM operation: G1CollectForAllocation


Dynamic libraries:
0x00007ff67a300000 - 0x00007ff67a30f000 	C:\Program Files\Java\jdk-11.0.16\bin\java.exe
0x00007ffafc1b0000 - 0x00007ffafc3a8000 	C:\Windows\SYSTEM32\ntdll.dll
0x00007ffafb350000 - 0x00007ffafb40d000 	C:\Windows\System32\KERNEL32.DLL
0x00007ffaf9da0000 - 0x00007ffafa072000 	C:\Windows\System32\KERNELBASE.dll
0x00007ffaf9ae0000 - 0x00007ffaf9be0000 	C:\Windows\System32\ucrtbase.dll
0x00007ffadf240000 - 0x00007ffadf258000 	C:\Program Files\Java\jdk-11.0.16\bin\jli.dll
0x00007ffafb630000 - 0x00007ffafb6de000 	C:\Windows\System32\ADVAPI32.dll
0x00007ffafb590000 - 0x00007ffafb62e000 	C:\Windows\System32\msvcrt.dll
0x00007ffafc0d0000 - 0x00007ffafc16c000 	C:\Windows\System32\sechost.dll
0x00007ffafa490000 - 0x00007ffafa5b5000 	C:\Windows\System32\RPCRT4.dll
0x00007ffafa210000 - 0x00007ffafa3ad000 	C:\Windows\System32\USER32.dll
0x00007ffaf98c0000 - 0x00007ffaf98e2000 	C:\Windows\System32\win32u.dll
0x00007ffafb8c0000 - 0x00007ffafb8eb000 	C:\Windows\System32\GDI32.dll
0x00007ffaf9be0000 - 0x00007ffaf9cef000 	C:\Windows\System32\gdi32full.dll
0x00007ffafa080000 - 0x00007ffafa11d000 	C:\Windows\System32\msvcp_win.dll
0x00007ffaddd50000 - 0x00007ffaddd65000 	C:\Program Files\Java\jdk-11.0.16\bin\VCRUNTIME140.dll
0x00007ffad58e0000 - 0x00007ffad5b7a000 	C:\Windows\WinSxS\amd64_microsoft.windows.common-controls_6595b64144ccf1df_6.0.19041.1110_none_60b5254171f9507e\COMCTL32.dll
0x00007ffaf1ca0000 - 0x00007ffaf1caa000 	C:\Windows\SYSTEM32\VERSION.dll
0x00007ffafa620000 - 0x00007ffafa650000 	C:\Windows\System32\IMM32.DLL
0x00007ffab9d00000 - 0x00007ffab9d9b000 	C:\Program Files\Java\jdk-11.0.16\bin\msvcp140.dll
0x00007ffab1cb0000 - 0x00007ffab27c8000 	C:\Program Files\Java\jdk-11.0.16\bin\server\jvm.dll
0x00007ffafb8f0000 - 0x00007ffafb8f8000 	C:\Windows\System32\PSAPI.DLL
0x00007ffaef260000 - 0x00007ffaef269000 	C:\Windows\SYSTEM32\WSOCK32.dll
0x00007ffafb240000 - 0x00007ffafb2ab000 	C:\Windows\System32\WS2_32.dll
0x00007ffad3540000 - 0x00007ffad3567000 	C:\Windows\SYSTEM32\WINMM.dll
0x00007ffaf7760000 - 0x00007ffaf7772000 	C:\Windows\SYSTEM32\kernel.appcore.dll
0x00007ffadf820000 - 0x00007ffadf830000 	C:\Program Files\Java\jdk-11.0.16\bin\verify.dll
0x00007ffaea210000 - 0x00007ffaea3f4000 	C:\Windows\SYSTEM32\DBGHELP.DLL
0x00007ffaea1e0000 - 0x00007ffaea20c000 	C:\Windows\SYSTEM32\dbgcore.DLL
0x00007ffaf98f0000 - 0x00007ffaf9972000 	C:\Windows\System32\bcryptPrimitives.dll
0x00007ffadd220000 - 0x00007ffadd248000 	C:\Program Files\Java\jdk-11.0.16\bin\java.dll
0x00007ffadf6f0000 - 0x00007ffadf6fa000 	C:\Program Files\Java\jdk-11.0.16\bin\jimage.dll
0x00007ffadd500000 - 0x00007ffadd516000 	C:\Program Files\Java\jdk-11.0.16\bin\zip.dll
0x00007ffafb980000 - 0x00007ffafc0c3000 	C:\Windows\System32\SHELL32.dll
0x00007ffaf7960000 - 0x00007ffaf80f1000 	C:\Windows\SYSTEM32\windows.storage.dll
0x00007ffafa700000 - 0x00007ffafaa54000 	C:\Windows\System32\combase.dll
0x00007ffaf9160000 - 0x00007ffaf9190000 	C:\Windows\SYSTEM32\Wldp.dll
0x00007ffafb7b0000 - 0x00007ffafb85d000 	C:\Windows\System32\SHCORE.dll
0x00007ffafb860000 - 0x00007ffafb8b5000 	C:\Windows\System32\shlwapi.dll
0x00007ffaf9800000 - 0x00007ffaf981f000 	C:\Windows\SYSTEM32\profapi.dll
0x00007ffadcfd0000 - 0x00007ffadcfe9000 	C:\Program Files\Java\jdk-11.0.16\bin\net.dll
0x00007ffaf1530000 - 0x00007ffaf163d000 	C:\Windows\SYSTEM32\WINHTTP.dll
0x00007ffaf8f40000 - 0x00007ffaf8faa000 	C:\Windows\system32\mswsock.dll
0x00007ffadcc70000 - 0x00007ffadcc82000 	C:\Program Files\Java\jdk-11.0.16\bin\nio.dll
0x0000000069ac0000 - 0x0000000069ae4000 	C:\Users\sfjbs\Downloads\micro service-20221001T123314Z-001\micro service\apache-maven-3.8.5-bin\apache-maven-3.8.5\lib\jansi-native\Windows\x86_64\jansi.dll

dbghelp: loaded successfully - version: 4.0.5 - missing functions: none
symbol engine: initialized successfully - sym options: 0x614 - pdb path: .;C:\Program Files\Java\jdk-11.0.16\bin;C:\Windows\SYSTEM32;C:\Windows\WinSxS\amd64_microsoft.windows.common-controls_6595b64144ccf1df_6.0.19041.1110_none_60b5254171f9507e;C:\Program Files\Java\jdk-11.0.16\bin\server;C:\Users\sfjbs\Downloads\micro service-20221001T123314Z-001\micro service\apache-maven-3.8.5-bin\apache-maven-3.8.5\lib\jansi-native\Windows\x86_64

VM Arguments:
jvm_args: -Dclassworlds.conf=C:\Users\sfjbs\Downloads\micro service-20221001T123314Z-001\micro service\apache-maven-3.8.5-bin\apache-maven-3.8.5\bin\m2.conf -Dmaven.home=C:\Users\sfjbs\Downloads\micro service-20221001T123314Z-001\micro service\apache-maven-3.8.5-bin\apache-maven-3.8.5 -Dlibrary.jansi.path=C:\Users\sfjbs\Downloads\micro service-20221001T123314Z-001\micro service\apache-maven-3.8.5-bin\apache-maven-3.8.5\lib\jansi-native -Dmaven.multiModuleProjectDirectory=C:\Users\sfjbs\IdeaProjects\training\sriprabha\Mini Project\pension-management-system 
java_command: org.codehaus.plexus.classworlds.launcher.Launcher clean install -DskipTests
java_class_path (initial): C:\Users\sfjbs\Downloads\micro service-20221001T123314Z-001\micro service\apache-maven-3.8.5-bin\apache-maven-3.8.5\boot\plexus-classworlds-2.6.0.jar
Launcher Type: SUN_STANDARD

[Global flags]
     intx CICompilerCount                          = 2                                         {product} {ergonomic}
     uint ConcGCThreads                            = 1                                         {product} {ergonomic}
     uint G1ConcRefinementThreads                  = 2                                         {product} {ergonomic}
   size_t G1HeapRegionSize                         = 1048576                                   {product} {ergonomic}
    uintx GCDrainStackTargetSize                   = 64                                        {product} {ergonomic}
   size_t InitialHeapSize                          = 134217728                                 {product} {ergonomic}
   size_t MarkStackSize                            = 4194304                                   {product} {ergonomic}
   size_t MaxHeapSize                              = 2147483648                                {product} {ergonomic}
   size_t MaxNewSize                               = 1287651328                                {product} {ergonomic}
   size_t MinHeapDeltaBytes                        = 1048576                                   {product} {ergonomic}
    uintx NonNMethodCodeHeapSize                   = 5825164                                {pd product} {ergonomic}
    uintx NonProfiledCodeHeapSize                  = 122916538                              {pd product} {ergonomic}
    uintx ProfiledCodeHeapSize                     = 122916538                              {pd product} {ergonomic}
    uintx ReservedCodeCacheSize                    = 251658240                              {pd product} {ergonomic}
     bool SegmentedCodeCache                       = true                                      {product} {ergonomic}
     bool UseCompressedClassPointers               = true                                 {lp64_product} {ergonomic}
     bool UseCompressedOops                        = true                                 {lp64_product} {ergonomic}
     bool UseG1GC                                  = true                                      {product} {ergonomic}
     bool UseLargePagesIndividualAllocation        = false                                  {pd product} {ergonomic}

Logging:
Log output configuration:
 #0: stdout all=warning uptime,level,tags
 #1: stderr all=off uptime,level,tags

Environment Variables:
PATH=C:\Program Files\Common Files\Oracle\Java\javapath;C:\Windows\system32;C:\Windows;C:\Windows\System32\Wbem;C:\Windows\System32\WindowsPowerShell\v1.0\;C:\Windows\System32\OpenSSH\;C:\Users\sfjbs\Downloads\micro service-20221001T123314Z-001\micro service\apache-maven-3.8.5-bin\apache-maven-3.8.5\bin;C:\Users\sfjbs\Downloads\micro service-20221001T123314Z-001\micro service\apache-maven-3.8.5-bin\apache-maven-3.8.5\lib;C:\Program Files\Docker\Docker\resources\bin;C:\ProgramData\DockerDesktop\version-bin;C:\Program Files\Git\cmd;C:\Users\sfjbs\AppData\Local\Microsoft\WindowsApps;C:\Program Files\JetBrains\IntelliJ IDEA Community Edition 2022.2.1\bin
USERNAME=sfjbs
OS=Windows_NT
PROCESSOR_IDENTIFIER=Intel64 Family 6 Model 85 Stepping 7, GenuineIntel



---------------  S Y S T E M  ---------------

OS: Windows 10 , 64 bit Build 19041 (10.0.19041.1889)
Hyper-V role detected

CPU:total 2 (initial active 2) (1 cores per cpu, 2 threads per core) family 6 model 85 stepping 7 microcode 0xffffffff, cmov, cx8, fxsr, mmx, sse, sse2, sse3, ssse3, sse4.1, sse4.2, popcnt, avx, avx2, aes, clmul, erms, rtm, 3dnowpref, lzcnt, ht, tsc, bmi1, bmi2, adx, evex, fma

Memory: 4k page, system-wide physical 8190M (578M free)
TotalPageFile size 10238M (AvailPageFile size 31M)
current process WorkingSet (physical memory assigned to process): 247M, peak: 247M
current process commit charge ("private bytes"): 302M, peak: 343M

vm_info: Java HotSpot(TM) 64-Bit Server VM (11.0.16+11-LTS-199) for windows-amd64 JRE (11.0.16+11-LTS-199), built on Jun 28 2022 08:23:17 by "mach5one" with MS VC++ 15.9 (VS2017)

END.
