#
# There is insufficient memory for the Java Runtime Environment to continue.
# Native memory allocation (malloc) failed to allocate 32744 bytes for ChunkPool::allocate
# Possible reasons:
#   The system is out of physical RAM or swap space
#   The process is running with CompressedOops enabled, and the Java Heap may be blocking the growth of the native heap
# Possible solutions:
#   Reduce memory load on the system
#   Increase physical memory or swap space
#   Check if swap backing store is full
#   Decrease Java heap size (-Xmx/-Xms)
#   Decrease number of Java threads
#   Decrease Java thread stack sizes (-Xss)
#   Set larger code cache with -XX:ReservedCodeCacheSize=
#   JVM is running with Unscaled Compressed Oops mode in which the Java heap is
#     placed in the first 4GB address space. The Java Heap base address is the
#     maximum limit for the native heap growth. Please use -XX:HeapBaseMinAddress
#     to set the Java Heap base and to place the Java Heap above 4GB virtual address.
# This output file may be truncated or incomplete.
#
#  Out of Memory Error (./open/src/hotspot/share/memory/arena.cpp:81), pid=80572, tid=86860
#
# JRE version: Java(TM) SE Runtime Environment 18.9 (11.0.16+11) (build 11.0.16+11-LTS-199)
# Java VM: Java HotSpot(TM) 64-Bit Server VM 18.9 (11.0.16+11-LTS-199, mixed mode, tiered, compressed oops, g1 gc, windows-amd64)
# No core dump will be written. Minidumps are not enabled by default on client versions of Windows
#

---------------  S U M M A R Y ------------

Command Line: -Dclassworlds.conf=C:\Users\sfjbs\Downloads\micro service-20221001T123314Z-001\micro service\apache-maven-3.8.5-bin\apache-maven-3.8.5\bin\m2.conf -Dmaven.home=C:\Users\sfjbs\Downloads\micro service-20221001T123314Z-001\micro service\apache-maven-3.8.5-bin\apache-maven-3.8.5 -Dlibrary.jansi.path=C:\Users\sfjbs\Downloads\micro service-20221001T123314Z-001\micro service\apache-maven-3.8.5-bin\apache-maven-3.8.5\lib\jansi-native -Dmaven.multiModuleProjectDirectory=C:\Users\sfjbs\mini project\day13\pension-management-system org.codehaus.plexus.classworlds.launcher.Launcher clean install

Host: Intel(R) Xeon(R) Platinum 8272CL CPU @ 2.60GHz, 2 cores, 7G,  Windows 10 , 64 bit Build 19041 (10.0.19041.1889)
Time: Tue Nov  1 09:54:17 2022 Coordinated Universal Time elapsed time: 35.771171 seconds (0d 0h 0m 35s)

---------------  T H R E A D  ---------------

Current thread (0x000002a12b663000):  JavaThread "C2 CompilerThread0" daemon [_thread_in_native, id=86860, stack(0x000000bcb9100000,0x000000bcb9200000)]


Current CompileTask:
C2:  35771 6730       4       sun.nio.cs.UTF_8::updatePositions (23 bytes)

Stack: [0x000000bcb9100000,0x000000bcb9200000]
Native frames: (J=compiled Java code, j=interpreted, Vv=VM code, C=native code)
V  [jvm.dll+0x62a3ea]
V  [jvm.dll+0x76418f]
V  [jvm.dll+0x765839]
V  [jvm.dll+0x765ec3]
V  [jvm.dll+0x23da98]
V  [jvm.dll+0xb2c7b]
V  [jvm.dll+0xb2fdc]
V  [jvm.dll+0xb2b2b]
V  [jvm.dll+0x60a6ef]
V  [jvm.dll+0x659be3]
V  [jvm.dll+0x18ccfd]
V  [jvm.dll+0x1f85b2]
V  [jvm.dll+0x1f768d]
V  [jvm.dll+0x177c81]
V  [jvm.dll+0x207006]
V  [jvm.dll+0x20519b]
V  [jvm.dll+0x729fa0]
V  [jvm.dll+0x722b74]
V  [jvm.dll+0x629286]
C  [ucrtbase.dll+0x21bb2]
C  [KERNEL32.DLL+0x17034]
C  [ntdll.dll+0x526a1]


---------------  P R O C E S S  ---------------

Threads class SMR info:
_java_thread_list=0x000002a12dcc8d60, length=21, elements={
0x000002a10db76000, 0x000002a12b63e000, 0x000002a12b63f000, 0x000002a12b65b000,
0x000002a12b65e000, 0x000002a12b660000, 0x000002a12b663000, 0x000002a12b69b800,
0x000002a12b69c800, 0x000002a12c0b5800, 0x000002a12d7f2800, 0x000002a12f744800,
0x000002a12ea41800, 0x000002a12d915800, 0x000002a12d916000, 0x000002a12ca05800,
0x000002a12db20800, 0x000002a130660800, 0x000002a12f1b1000, 0x000002a12ec9f000,
0x000002a12ec9d000
}

Java Threads: ( => current thread )
  0x000002a10db76000 JavaThread "main" [_thread_in_native, id=88052, stack(0x000000bcb8500000,0x000000bcb8600000)]
  0x000002a12b63e000 JavaThread "Reference Handler" daemon [_thread_blocked, id=87268, stack(0x000000bcb8c00000,0x000000bcb8d00000)]
  0x000002a12b63f000 JavaThread "Finalizer" daemon [_thread_blocked, id=1248, stack(0x000000bcb8d00000,0x000000bcb8e00000)]
  0x000002a12b65b000 JavaThread "Signal Dispatcher" daemon [_thread_blocked, id=87400, stack(0x000000bcb8e00000,0x000000bcb8f00000)]
  0x000002a12b65e000 JavaThread "Attach Listener" daemon [_thread_blocked, id=87872, stack(0x000000bcb8f00000,0x000000bcb9000000)]
  0x000002a12b660000 JavaThread "Service Thread" daemon [_thread_blocked, id=80060, stack(0x000000bcb9000000,0x000000bcb9100000)]
=>0x000002a12b663000 JavaThread "C2 CompilerThread0" daemon [_thread_in_native, id=86860, stack(0x000000bcb9100000,0x000000bcb9200000)]
  0x000002a12b69b800 JavaThread "C1 CompilerThread0" daemon [_thread_blocked, id=86792, stack(0x000000bcb9200000,0x000000bcb9300000)]
  0x000002a12b69c800 JavaThread "Sweeper thread" daemon [_thread_blocked, id=7564, stack(0x000000bcb9300000,0x000000bcb9400000)]
  0x000002a12c0b5800 JavaThread "Common-Cleaner" daemon [_thread_blocked, id=6368, stack(0x000000bcb9500000,0x000000bcb9600000)]
  0x000002a12d7f2800 JavaThread "resolver-1" daemon [_thread_blocked, id=85712, stack(0x000000bcb9700000,0x000000bcb9800000)]
  0x000002a12f744800 JavaThread "resolver-2" daemon [_thread_blocked, id=81492, stack(0x000000bcb9800000,0x000000bcb9900000)]
  0x000002a12ea41800 JavaThread "resolver-3" daemon [_thread_blocked, id=81976, stack(0x000000bcb9900000,0x000000bcb9a00000)]
  0x000002a12d915800 JavaThread "resolver-4" daemon [_thread_blocked, id=7292, stack(0x000000bcb9a00000,0x000000bcb9b00000)]
  0x000002a12d916000 JavaThread "resolver-5" daemon [_thread_blocked, id=80412, stack(0x000000bcb9b00000,0x000000bcb9c00000)]
  0x000002a12ca05800 JavaThread "timeout-check-timer" daemon [_thread_blocked, id=85420, stack(0x000000bcb9c00000,0x000000bcb9d00000)]
  0x000002a12db20800 JavaThread "ping-timer-10s" daemon [_thread_blocked, id=88056, stack(0x000000bcb9d00000,0x000000bcb9e00000)]
  0x000002a130660800 JavaThread "ThreadedStreamConsumer" daemon [_thread_in_vm, id=86200, stack(0x000000bcb9e00000,0x000000bcb9f00000)]
  0x000002a12f1b1000 JavaThread "Thread-2" [_thread_blocked, id=87212, stack(0x000000bcb9f00000,0x000000bcba000000)]
  0x000002a12ec9f000 JavaThread "Thread-3" [_thread_in_native, id=86540, stack(0x000000bcba000000,0x000000bcba100000)]
  0x000002a12ec9d000 JavaThread "Thread-4" [_thread_in_native, id=86464, stack(0x000000bcba100000,0x000000bcba200000)]

Other Threads:
  0x000002a12b63d800 VMThread "VM Thread" [stack: 0x000000bcb8b00000,0x000000bcb8c00000] [id=87416]
  0x000002a12c0b5000 WatcherThread [stack: 0x000000bcb9400000,0x000000bcb9500000] [id=86204]
  0x000002a10db8b800 GCTaskThread "GC Thread#0" [stack: 0x000000bcb8600000,0x000000bcb8700000] [id=85868]
  0x000002a12c39d800 GCTaskThread "GC Thread#1" [stack: 0x000000bcb9600000,0x000000bcb9700000] [id=22404]
  0x000002a10dbbc000 ConcurrentGCThread "G1 Main Marker" [stack: 0x000000bcb8700000,0x000000bcb8800000] [id=85908]
  0x000002a10dbbe800 ConcurrentGCThread "G1 Conc#0" [stack: 0x000000bcb8800000,0x000000bcb8900000] [id=84640]
  0x000002a10dc47000 ConcurrentGCThread "G1 Refine#0" [stack: 0x000000bcb8900000,0x000000bcb8a00000] [id=88024]
  0x000002a10dc49000 ConcurrentGCThread "G1 Young RemSet Sampling" [stack: 0x000000bcb8a00000,0x000000bcb8b00000] [id=81772]

Threads with active compile tasks:
C2 CompilerThread0    35790 6730       4       sun.nio.cs.UTF_8::updatePositions (23 bytes)

VM state:not at safepoint (normal execution)

VM Mutex/Monitor currently owned by a thread: None

Heap address: 0x0000000080000000, size: 2048 MB, Compressed Oops mode: 32-bit
Narrow klass base: 0x0000000000000000, Narrow klass shift: 3
Compressed class space size: 1073741824 Address: 0x0000000100000000

Heap:
 garbage-first heap   total 157696K, used 48128K [0x0000000080000000, 0x0000000100000000)
  region size 1024K, 22 young (22528K), 3 survivors (3072K)
 Metaspace       used 36081K, capacity 36807K, committed 37120K, reserved 1083392K
  class space    used 3713K, capacity 4016K, committed 4096K, reserved 1048576K
Heap Regions: E=young(eden), S=young(survivor), O=old, HS=humongous(starts), HC=humongous(continues), CS=collection set, F=free, A=archive, TAMS=top-at-mark-start (previous, next)
|   0|0x0000000080000000, 0x0000000080100000, 0x0000000080100000|100%| O|  |TAMS 0x0000000080100000, 0x0000000080000000| Untracked 
|   1|0x0000000080100000, 0x0000000080200000, 0x0000000080200000|100%| O|  |TAMS 0x0000000080200000, 0x0000000080100000| Untracked 
|   2|0x0000000080200000, 0x0000000080200000, 0x0000000080300000|  0%| F|  |TAMS 0x0000000080200000, 0x0000000080200000| Untracked 
|   3|0x0000000080300000, 0x0000000080400000, 0x0000000080400000|100%|HS|  |TAMS 0x0000000080400000, 0x0000000080300000| Complete 
|   4|0x0000000080400000, 0x0000000080500000, 0x0000000080500000|100%| O|  |TAMS 0x0000000080500000, 0x0000000080400000| Untracked 
|   5|0x0000000080500000, 0x0000000080600000, 0x0000000080600000|100%| O|  |TAMS 0x0000000080600000, 0x0000000080500000| Untracked 
|   6|0x0000000080600000, 0x0000000080700000, 0x0000000080700000|100%| O|  |TAMS 0x0000000080700000, 0x0000000080600000| Untracked 
|   7|0x0000000080700000, 0x0000000080800000, 0x0000000080800000|100%| O|  |TAMS 0x0000000080800000, 0x0000000080700000| Untracked 
|   8|0x0000000080800000, 0x0000000080900000, 0x0000000080900000|100%| O|  |TAMS 0x0000000080900000, 0x0000000080800000| Untracked 
|   9|0x0000000080900000, 0x0000000080a00000, 0x0000000080a00000|100%| O|  |TAMS 0x0000000080a00000, 0x0000000080900000| Untracked 
|  10|0x0000000080a00000, 0x0000000080b00000, 0x0000000080b00000|100%| O|  |TAMS 0x0000000080b00000, 0x0000000080a00000| Untracked 
|  11|0x0000000080b00000, 0x0000000080c00000, 0x0000000080c00000|100%| O|  |TAMS 0x0000000080c00000, 0x0000000080b00000| Untracked 
|  12|0x0000000080c00000, 0x0000000080d00000, 0x0000000080d00000|100%| O|  |TAMS 0x0000000080d00000, 0x0000000080c00000| Untracked 
|  13|0x0000000080d00000, 0x0000000080e00000, 0x0000000080e00000|100%| O|  |TAMS 0x0000000080e00000, 0x0000000080d00000| Untracked 
|  14|0x0000000080e00000, 0x0000000080e00000, 0x0000000080f00000|  0%| F|  |TAMS 0x0000000080e00000, 0x0000000080e00000| Untracked 
|  15|0x0000000080f00000, 0x0000000081000000, 0x0000000081000000|100%|HS|  |TAMS 0x0000000081000000, 0x0000000080f00000| Complete 
|  16|0x0000000081000000, 0x0000000081100000, 0x0000000081100000|100%| O|  |TAMS 0x0000000081100000, 0x0000000081000000| Untracked 
|  17|0x0000000081100000, 0x0000000081200000, 0x0000000081200000|100%| O|  |TAMS 0x0000000081200000, 0x0000000081100000| Untracked 
|  18|0x0000000081200000, 0x0000000081300000, 0x0000000081300000|100%| O|  |TAMS 0x0000000081300000, 0x0000000081200000| Untracked 
|  19|0x0000000081300000, 0x0000000081400000, 0x0000000081400000|100%| O|  |TAMS 0x0000000081400000, 0x0000000081300000| Untracked 
|  20|0x0000000081400000, 0x0000000081500000, 0x0000000081500000|100%| O|  |TAMS 0x0000000081500000, 0x0000000081400000| Untracked 
|  21|0x0000000081500000, 0x0000000081600000, 0x0000000081600000|100%| O|  |TAMS 0x0000000081600000, 0x0000000081500000| Untracked 
|  22|0x0000000081600000, 0x0000000081700000, 0x0000000081700000|100%| O|  |TAMS 0x0000000081700000, 0x0000000081600000| Untracked 
|  23|0x0000000081700000, 0x0000000081800000, 0x0000000081800000|100%| O|  |TAMS 0x0000000081800000, 0x0000000081700000| Untracked 
|  24|0x0000000081800000, 0x0000000081800000, 0x0000000081900000|  0%| F|  |TAMS 0x0000000081800000, 0x0000000081800000| Untracked 
|  25|0x0000000081900000, 0x0000000081a00000, 0x0000000081a00000|100%| O|  |TAMS 0x0000000081a00000, 0x0000000081900000| Untracked 
|  26|0x0000000081a00000, 0x0000000081b00000, 0x0000000081b00000|100%| O|  |TAMS 0x0000000081b00000, 0x0000000081a00000| Untracked 
|  27|0x0000000081b00000, 0x0000000081c00000, 0x0000000081c00000|100%| O|  |TAMS 0x0000000081c00000, 0x0000000081b00000| Untracked 
|  28|0x0000000081c00000, 0x0000000081d00000, 0x0000000081d00000|100%| O|  |TAMS 0x0000000081d00000, 0x0000000081c00000| Untracked 
|  29|0x0000000081d00000, 0x0000000081d00000, 0x0000000081e00000|  0%| F|  |TAMS 0x0000000081d00000, 0x0000000081d00000| Untracked 
|  30|0x0000000081e00000, 0x0000000081e00000, 0x0000000081f00000|  0%| F|  |TAMS 0x0000000081e00000, 0x0000000081e00000| Untracked 
|  31|0x0000000081f00000, 0x0000000081f00000, 0x0000000082000000|  0%| F|  |TAMS 0x0000000081f00000, 0x0000000081f00000| Untracked 
|  32|0x0000000082000000, 0x0000000082000000, 0x0000000082100000|  0%| F|  |TAMS 0x0000000082000000, 0x0000000082000000| Untracked 
|  33|0x0000000082100000, 0x0000000082100000, 0x0000000082200000|  0%| F|  |TAMS 0x0000000082100000, 0x0000000082100000| Untracked 
|  34|0x0000000082200000, 0x0000000082200000, 0x0000000082300000|  0%| F|  |TAMS 0x0000000082200000, 0x0000000082200000| Untracked 
|  35|0x0000000082300000, 0x0000000082300000, 0x0000000082400000|  0%| F|  |TAMS 0x0000000082300000, 0x0000000082300000| Untracked 
|  36|0x0000000082400000, 0x0000000082400000, 0x0000000082500000|  0%| F|  |TAMS 0x0000000082400000, 0x0000000082400000| Untracked 
|  37|0x0000000082500000, 0x0000000082500000, 0x0000000082600000|  0%| F|  |TAMS 0x0000000082500000, 0x0000000082500000| Untracked 
|  38|0x0000000082600000, 0x0000000082600000, 0x0000000082700000|  0%| F|  |TAMS 0x0000000082600000, 0x0000000082600000| Untracked 
|  39|0x0000000082700000, 0x0000000082700000, 0x0000000082800000|  0%| F|  |TAMS 0x0000000082700000, 0x0000000082700000| Untracked 
|  40|0x0000000082800000, 0x0000000082800000, 0x0000000082900000|  0%| F|  |TAMS 0x0000000082800000, 0x0000000082800000| Untracked 
|  41|0x0000000082900000, 0x0000000082900000, 0x0000000082a00000|  0%| F|  |TAMS 0x0000000082900000, 0x0000000082900000| Untracked 
|  42|0x0000000082a00000, 0x0000000082a00000, 0x0000000082b00000|  0%| F|  |TAMS 0x0000000082a00000, 0x0000000082a00000| Untracked 
|  43|0x0000000082b00000, 0x0000000082b00000, 0x0000000082c00000|  0%| F|  |TAMS 0x0000000082b00000, 0x0000000082b00000| Untracked 
|  44|0x0000000082c00000, 0x0000000082c00000, 0x0000000082d00000|  0%| F|  |TAMS 0x0000000082c00000, 0x0000000082c00000| Untracked 
|  45|0x0000000082d00000, 0x0000000082d00000, 0x0000000082e00000|  0%| F|  |TAMS 0x0000000082d00000, 0x0000000082d00000| Untracked 
|  46|0x0000000082e00000, 0x0000000082e00000, 0x0000000082f00000|  0%| F|  |TAMS 0x0000000082e00000, 0x0000000082e00000| Untracked 
|  47|0x0000000082f00000, 0x0000000082f00000, 0x0000000083000000|  0%| F|  |TAMS 0x0000000082f00000, 0x0000000082f00000| Untracked 
|  48|0x0000000083000000, 0x0000000083000000, 0x0000000083100000|  0%| F|  |TAMS 0x0000000083000000, 0x0000000083000000| Untracked 
|  49|0x0000000083100000, 0x0000000083100000, 0x0000000083200000|  0%| F|  |TAMS 0x0000000083100000, 0x0000000083100000| Untracked 
|  50|0x0000000083200000, 0x0000000083200000, 0x0000000083300000|  0%| F|  |TAMS 0x0000000083200000, 0x0000000083200000| Untracked 
|  51|0x0000000083300000, 0x0000000083300000, 0x0000000083400000|  0%| F|  |TAMS 0x0000000083300000, 0x0000000083300000| Untracked 
|  52|0x0000000083400000, 0x0000000083400000, 0x0000000083500000|  0%| F|  |TAMS 0x0000000083400000, 0x0000000083400000| Untracked 
|  53|0x0000000083500000, 0x0000000083500000, 0x0000000083600000|  0%| F|  |TAMS 0x0000000083500000, 0x0000000083500000| Untracked 
|  54|0x0000000083600000, 0x0000000083600000, 0x0000000083700000|  0%| F|  |TAMS 0x0000000083600000, 0x0000000083600000| Untracked 
|  55|0x0000000083700000, 0x0000000083700000, 0x0000000083800000|  0%| F|  |TAMS 0x0000000083700000, 0x0000000083700000| Untracked 
|  56|0x0000000083800000, 0x0000000083800000, 0x0000000083900000|  0%| F|  |TAMS 0x0000000083800000, 0x0000000083800000| Untracked 
|  57|0x0000000083900000, 0x0000000083900000, 0x0000000083a00000|  0%| F|  |TAMS 0x0000000083900000, 0x0000000083900000| Untracked 
|  58|0x0000000083a00000, 0x0000000083a00000, 0x0000000083b00000|  0%| F|  |TAMS 0x0000000083a00000, 0x0000000083a00000| Untracked 
|  59|0x0000000083b00000, 0x0000000083b00000, 0x0000000083c00000|  0%| F|  |TAMS 0x0000000083b00000, 0x0000000083b00000| Untracked 
|  60|0x0000000083c00000, 0x0000000083c00000, 0x0000000083d00000|  0%| F|  |TAMS 0x0000000083c00000, 0x0000000083c00000| Untracked 
|  61|0x0000000083d00000, 0x0000000083d00000, 0x0000000083e00000|  0%| F|  |TAMS 0x0000000083d00000, 0x0000000083d00000| Untracked 
|  62|0x0000000083e00000, 0x0000000083e00000, 0x0000000083f00000|  0%| F|  |TAMS 0x0000000083e00000, 0x0000000083e00000| Untracked 
|  63|0x0000000083f00000, 0x0000000083f00000, 0x0000000084000000|  0%| F|  |TAMS 0x0000000083f00000, 0x0000000083f00000| Untracked 
|  64|0x0000000084000000, 0x0000000084000000, 0x0000000084100000|  0%| F|  |TAMS 0x0000000084000000, 0x0000000084000000| Untracked 
|  65|0x0000000084100000, 0x0000000084100000, 0x0000000084200000|  0%| F|  |TAMS 0x0000000084100000, 0x0000000084100000| Untracked 
|  66|0x0000000084200000, 0x0000000084200000, 0x0000000084300000|  0%| F|  |TAMS 0x0000000084200000, 0x0000000084200000| Untracked 
|  67|0x0000000084300000, 0x0000000084300000, 0x0000000084400000|  0%| F|  |TAMS 0x0000000084300000, 0x0000000084300000| Untracked 
|  68|0x0000000084400000, 0x0000000084400000, 0x0000000084500000|  0%| F|  |TAMS 0x0000000084400000, 0x0000000084400000| Untracked 
|  69|0x0000000084500000, 0x0000000084500000, 0x0000000084600000|  0%| F|  |TAMS 0x0000000084500000, 0x0000000084500000| Untracked 
|  70|0x0000000084600000, 0x0000000084600000, 0x0000000084700000|  0%| F|  |TAMS 0x0000000084600000, 0x0000000084600000| Untracked 
|  71|0x0000000084700000, 0x0000000084700000, 0x0000000084800000|  0%| F|  |TAMS 0x0000000084700000, 0x0000000084700000| Untracked 
|  72|0x0000000084800000, 0x0000000084800000, 0x0000000084900000|  0%| F|  |TAMS 0x0000000084800000, 0x0000000084800000| Untracked 
|  73|0x0000000084900000, 0x0000000084900000, 0x0000000084a00000|  0%| F|  |TAMS 0x0000000084900000, 0x0000000084900000| Untracked 
|  74|0x0000000084a00000, 0x0000000084a00000, 0x0000000084b00000|  0%| F|  |TAMS 0x0000000084a00000, 0x0000000084a00000| Untracked 
|  75|0x0000000084b00000, 0x0000000084b00000, 0x0000000084c00000|  0%| F|  |TAMS 0x0000000084b00000, 0x0000000084b00000| Untracked 
|  76|0x0000000084c00000, 0x0000000084c00000, 0x0000000084d00000|  0%| F|  |TAMS 0x0000000084c00000, 0x0000000084c00000| Untracked 
|  77|0x0000000084d00000, 0x0000000084d00000, 0x0000000084e00000|  0%| F|  |TAMS 0x0000000084d00000, 0x0000000084d00000| Untracked 
|  78|0x0000000084e00000, 0x0000000084e00000, 0x0000000084f00000|  0%| F|  |TAMS 0x0000000084e00000, 0x0000000084e00000| Untracked 
|  79|0x0000000084f00000, 0x0000000084f00000, 0x0000000085000000|  0%| F|  |TAMS 0x0000000084f00000, 0x0000000084f00000| Untracked 
|  80|0x0000000085000000, 0x0000000085000000, 0x0000000085100000|  0%| F|  |TAMS 0x0000000085000000, 0x0000000085000000| Untracked 
|  81|0x0000000085100000, 0x0000000085100000, 0x0000000085200000|  0%| F|  |TAMS 0x0000000085100000, 0x0000000085100000| Untracked 
|  82|0x0000000085200000, 0x0000000085200000, 0x0000000085300000|  0%| F|  |TAMS 0x0000000085200000, 0x0000000085200000| Untracked 
|  83|0x0000000085300000, 0x0000000085300000, 0x0000000085400000|  0%| F|  |TAMS 0x0000000085300000, 0x0000000085300000| Untracked 
|  84|0x0000000085400000, 0x0000000085400000, 0x0000000085500000|  0%| F|  |TAMS 0x0000000085400000, 0x0000000085400000| Untracked 
|  85|0x0000000085500000, 0x0000000085500000, 0x0000000085600000|  0%| F|  |TAMS 0x0000000085500000, 0x0000000085500000| Untracked 
|  86|0x0000000085600000, 0x0000000085600000, 0x0000000085700000|  0%| F|  |TAMS 0x0000000085600000, 0x0000000085600000| Untracked 
|  87|0x0000000085700000, 0x0000000085700000, 0x0000000085800000|  0%| F|  |TAMS 0x0000000085700000, 0x0000000085700000| Untracked 
|  88|0x0000000085800000, 0x0000000085800000, 0x0000000085900000|  0%| F|  |TAMS 0x0000000085800000, 0x0000000085800000| Untracked 
|  89|0x0000000085900000, 0x0000000085900000, 0x0000000085a00000|  0%| F|  |TAMS 0x0000000085900000, 0x0000000085900000| Untracked 
|  90|0x0000000085a00000, 0x0000000085a00000, 0x0000000085b00000|  0%| F|  |TAMS 0x0000000085a00000, 0x0000000085a00000| Untracked 
|  91|0x0000000085b00000, 0x0000000085b00000, 0x0000000085c00000|  0%| F|  |TAMS 0x0000000085b00000, 0x0000000085b00000| Untracked 
|  92|0x0000000085c00000, 0x0000000085c00000, 0x0000000085d00000|  0%| F|  |TAMS 0x0000000085c00000, 0x0000000085c00000| Untracked 
|  93|0x0000000085d00000, 0x0000000085d00000, 0x0000000085e00000|  0%| F|  |TAMS 0x0000000085d00000, 0x0000000085d00000| Untracked 
|  94|0x0000000085e00000, 0x0000000085e00000, 0x0000000085f00000|  0%| F|  |TAMS 0x0000000085e00000, 0x0000000085e00000| Untracked 
|  95|0x0000000085f00000, 0x0000000085f00000, 0x0000000086000000|  0%| F|  |TAMS 0x0000000085f00000, 0x0000000085f00000| Untracked 
|  96|0x0000000086000000, 0x0000000086000000, 0x0000000086100000|  0%| F|  |TAMS 0x0000000086000000, 0x0000000086000000| Untracked 
|  97|0x0000000086100000, 0x0000000086100000, 0x0000000086200000|  0%| F|  |TAMS 0x0000000086100000, 0x0000000086100000| Untracked 
|  98|0x0000000086200000, 0x0000000086200000, 0x0000000086300000|  0%| F|  |TAMS 0x0000000086200000, 0x0000000086200000| Untracked 
|  99|0x0000000086300000, 0x0000000086300000, 0x0000000086400000|  0%| F|  |TAMS 0x0000000086300000, 0x0000000086300000| Untracked 
| 100|0x0000000086400000, 0x0000000086400000, 0x0000000086500000|  0%| F|  |TAMS 0x0000000086400000, 0x0000000086400000| Untracked 
| 101|0x0000000086500000, 0x0000000086500000, 0x0000000086600000|  0%| F|  |TAMS 0x0000000086500000, 0x0000000086500000| Untracked 
| 102|0x0000000086600000, 0x0000000086600000, 0x0000000086700000|  0%| F|  |TAMS 0x0000000086600000, 0x0000000086600000| Untracked 
| 103|0x0000000086700000, 0x0000000086700000, 0x0000000086800000|  0%| F|  |TAMS 0x0000000086700000, 0x0000000086700000| Untracked 
| 104|0x0000000086800000, 0x0000000086800000, 0x0000000086900000|  0%| F|  |TAMS 0x0000000086800000, 0x0000000086800000| Untracked 
| 105|0x0000000086900000, 0x0000000086900000, 0x0000000086a00000|  0%| F|  |TAMS 0x0000000086900000, 0x0000000086900000| Untracked 
| 106|0x0000000086a00000, 0x0000000086a00000, 0x0000000086b00000|  0%| F|  |TAMS 0x0000000086a00000, 0x0000000086a00000| Untracked 
| 107|0x0000000086b00000, 0x0000000086b00000, 0x0000000086c00000|  0%| F|  |TAMS 0x0000000086b00000, 0x0000000086b00000| Untracked 
| 108|0x0000000086c00000, 0x0000000086c00000, 0x0000000086d00000|  0%| F|  |TAMS 0x0000000086c00000, 0x0000000086c00000| Untracked 
| 109|0x0000000086d00000, 0x0000000086d00000, 0x0000000086e00000|  0%| F|  |TAMS 0x0000000086d00000, 0x0000000086d00000| Untracked 
| 110|0x0000000086e00000, 0x0000000086e00000, 0x0000000086f00000|  0%| F|  |TAMS 0x0000000086e00000, 0x0000000086e00000| Untracked 
| 111|0x0000000086f00000, 0x0000000086f00000, 0x0000000087000000|  0%| F|  |TAMS 0x0000000086f00000, 0x0000000086f00000| Untracked 
| 112|0x0000000087000000, 0x0000000087000000, 0x0000000087100000|  0%| F|  |TAMS 0x0000000087000000, 0x0000000087000000| Untracked 
| 113|0x0000000087100000, 0x0000000087100000, 0x0000000087200000|  0%| F|  |TAMS 0x0000000087100000, 0x0000000087100000| Untracked 
| 114|0x0000000087200000, 0x0000000087200000, 0x0000000087300000|  0%| F|  |TAMS 0x0000000087200000, 0x0000000087200000| Untracked 
| 115|0x0000000087300000, 0x0000000087300000, 0x0000000087400000|  0%| F|  |TAMS 0x0000000087300000, 0x0000000087300000| Untracked 
| 116|0x0000000087400000, 0x0000000087400000, 0x0000000087500000|  0%| F|  |TAMS 0x0000000087400000, 0x0000000087400000| Untracked 
| 117|0x0000000087500000, 0x0000000087500000, 0x0000000087600000|  0%| F|  |TAMS 0x0000000087500000, 0x0000000087500000| Untracked 
| 118|0x0000000087600000, 0x0000000087600000, 0x0000000087700000|  0%| F|  |TAMS 0x0000000087600000, 0x0000000087600000| Untracked 
| 119|0x0000000087700000, 0x0000000087700000, 0x0000000087800000|  0%| F|  |TAMS 0x0000000087700000, 0x0000000087700000| Untracked 
| 120|0x0000000087800000, 0x0000000087800000, 0x0000000087900000|  0%| F|  |TAMS 0x0000000087800000, 0x0000000087800000| Untracked 
| 121|0x0000000087900000, 0x0000000087900000, 0x0000000087a00000|  0%| F|  |TAMS 0x0000000087900000, 0x0000000087900000| Untracked 
| 122|0x0000000087a00000, 0x0000000087a00000, 0x0000000087b00000|  0%| F|  |TAMS 0x0000000087a00000, 0x0000000087a00000| Untracked 
| 123|0x0000000087b00000, 0x0000000087b00000, 0x0000000087c00000|  0%| F|  |TAMS 0x0000000087b00000, 0x0000000087b00000| Untracked 
| 124|0x0000000087c00000, 0x0000000087c00000, 0x0000000087d00000|  0%| F|  |TAMS 0x0000000087c00000, 0x0000000087c00000| Untracked 
| 125|0x0000000087d00000, 0x0000000087d00000, 0x0000000087e00000|  0%| F|  |TAMS 0x0000000087d00000, 0x0000000087d00000| Untracked 
| 126|0x0000000087e00000, 0x0000000087e00000, 0x0000000087f00000|  0%| F|  |TAMS 0x0000000087e00000, 0x0000000087e00000| Untracked 
| 127|0x0000000087f00000, 0x0000000087f00000, 0x0000000088000000|  0%| F|  |TAMS 0x0000000087f00000, 0x0000000087f00000| Untracked 
| 128|0x0000000088000000, 0x0000000088000000, 0x0000000088100000|  0%| F|  |TAMS 0x0000000088000000, 0x0000000088000000| Untracked 
| 129|0x0000000088100000, 0x0000000088100000, 0x0000000088200000|  0%| F|  |TAMS 0x0000000088100000, 0x0000000088100000| Untracked 
| 130|0x0000000088200000, 0x0000000088200000, 0x0000000088300000|  0%| F|  |TAMS 0x0000000088200000, 0x0000000088200000| Untracked 
| 131|0x0000000088300000, 0x0000000088300000, 0x0000000088400000|  0%| F|  |TAMS 0x0000000088300000, 0x0000000088300000| Untracked 
| 132|0x0000000088400000, 0x0000000088500000, 0x0000000088500000|100%| E|  |TAMS 0x0000000088400000, 0x0000000088400000| Complete 
| 133|0x0000000088500000, 0x0000000088600000, 0x0000000088600000|100%| E|CS|TAMS 0x0000000088500000, 0x0000000088500000| Complete 
| 134|0x0000000088600000, 0x0000000088700000, 0x0000000088700000|100%| E|CS|TAMS 0x0000000088600000, 0x0000000088600000| Complete 
| 135|0x0000000088700000, 0x0000000088800000, 0x0000000088800000|100%| E|CS|TAMS 0x0000000088700000, 0x0000000088700000| Complete 
| 136|0x0000000088800000, 0x0000000088900000, 0x0000000088900000|100%| E|CS|TAMS 0x0000000088800000, 0x0000000088800000| Complete 
| 137|0x0000000088900000, 0x0000000088a00000, 0x0000000088a00000|100%| E|CS|TAMS 0x0000000088900000, 0x0000000088900000| Complete 
| 138|0x0000000088a00000, 0x0000000088b00000, 0x0000000088b00000|100%| E|CS|TAMS 0x0000000088a00000, 0x0000000088a00000| Complete 
| 139|0x0000000088b00000, 0x0000000088c00000, 0x0000000088c00000|100%| E|CS|TAMS 0x0000000088b00000, 0x0000000088b00000| Complete 
| 140|0x0000000088c00000, 0x0000000088d00000, 0x0000000088d00000|100%| E|CS|TAMS 0x0000000088c00000, 0x0000000088c00000| Complete 
| 141|0x0000000088d00000, 0x0000000088e00000, 0x0000000088e00000|100%| E|CS|TAMS 0x0000000088d00000, 0x0000000088d00000| Complete 
| 142|0x0000000088e00000, 0x0000000088f00000, 0x0000000088f00000|100%| E|CS|TAMS 0x0000000088e00000, 0x0000000088e00000| Complete 
| 143|0x0000000088f00000, 0x0000000089000000, 0x0000000089000000|100%| E|CS|TAMS 0x0000000088f00000, 0x0000000088f00000| Complete 
| 144|0x0000000089000000, 0x0000000089100000, 0x0000000089100000|100%| E|CS|TAMS 0x0000000089000000, 0x0000000089000000| Complete 
| 145|0x0000000089100000, 0x0000000089200000, 0x0000000089200000|100%| E|CS|TAMS 0x0000000089100000, 0x0000000089100000| Complete 
| 146|0x0000000089200000, 0x0000000089300000, 0x0000000089300000|100%| E|CS|TAMS 0x0000000089200000, 0x0000000089200000| Complete 
| 147|0x0000000089300000, 0x0000000089400000, 0x0000000089400000|100%| E|CS|TAMS 0x0000000089300000, 0x0000000089300000| Complete 
| 148|0x0000000089400000, 0x0000000089500000, 0x0000000089500000|100%| E|CS|TAMS 0x0000000089400000, 0x0000000089400000| Complete 
| 149|0x0000000089500000, 0x0000000089600000, 0x0000000089600000|100%| E|CS|TAMS 0x0000000089500000, 0x0000000089500000| Complete 
| 150|0x0000000089600000, 0x0000000089700000, 0x0000000089700000|100%| S|CS|TAMS 0x0000000089600000, 0x0000000089600000| Complete 
| 151|0x0000000089700000, 0x0000000089800000, 0x0000000089800000|100%| S|CS|TAMS 0x0000000089700000, 0x0000000089700000| Complete 
| 152|0x0000000089800000, 0x0000000089900000, 0x0000000089900000|100%| S|CS|TAMS 0x0000000089800000, 0x0000000089800000| Complete 
| 153|0x0000000089900000, 0x0000000089a00000, 0x0000000089a00000|100%| E|CS|TAMS 0x0000000089900000, 0x0000000089900000| Complete 

Card table byte_map: [0x000002a124a30000,0x000002a124e30000] _byte_map_base: 0x000002a124630000

Marking Bits (Prev, Next): (CMBitMap*) 0x000002a10dbb34b8, (CMBitMap*) 0x000002a10dbb34f0
 Prev Bits: [0x000002a125230000, 0x000002a127230000)
 Next Bits: [0x000002a127230000, 0x000002a129230000)

Polling page: 0x000002a10c350000

Metaspace:

Usage:
  Non-class:     32.02 MB capacity,    31.61 MB ( 99%) used,   354.96 KB (  1%) free+waste,    68.31 KB ( <1%) overhead. 
      Class:      3.92 MB capacity,     3.63 MB ( 92%) used,   272.79 KB (  7%) free+waste,    29.38 KB ( <1%) overhead. 
       Both:     35.94 MB capacity,    35.24 MB ( 98%) used,   627.75 KB (  2%) free+waste,    97.69 KB ( <1%) overhead. 

Virtual space:
  Non-class space:       34.00 MB reserved,      32.25 MB ( 95%) committed 
      Class space:        1.00 GB reserved,       4.00 MB ( <1%) committed 
             Both:        1.03 GB reserved,      36.25 MB (  3%) committed 

Chunk freelists:
   Non-Class:  5.13 KB
       Class:  2.00 KB
        Both:  7.13 KB

CodeHeap 'non-profiled nmethods': size=120064Kb used=3721Kb max_used=3721Kb free=116342Kb
 bounds [0x000002a11ccf0000, 0x000002a11d0a0000, 0x000002a124230000]
CodeHeap 'profiled nmethods': size=120000Kb used=16283Kb max_used=16283Kb free=103716Kb
 bounds [0x000002a1157c0000, 0x000002a1167b0000, 0x000002a11ccf0000]
CodeHeap 'non-nmethods': size=5696Kb used=1174Kb max_used=1216Kb free=4522Kb
 bounds [0x000002a115230000, 0x000002a1154a0000, 0x000002a1157c0000]
 total_blobs=7218 nmethods=6711 adapters=418
 compilation: enabled
              stopped_count=0, restarted_count=0
 full_count=0

Compilation events (10 events):
Event: 35.689 Thread 0x000002a12b69b800 nmethod 6725 0x000002a1167a4a10 code [0x000002a1167a4bc0, 0x000002a1167a4dc8]
Event: 35.737 Thread 0x000002a12b663000 6726       4       java.lang.AbstractStringBuilder::getCoder (15 bytes)
Event: 35.737 Thread 0x000002a12b663000 nmethod 6726 0x000002a11d091e10 code [0x000002a11d091f80, 0x000002a11d091fd8]
Event: 35.737 Thread 0x000002a12b69b800 6727       3       java.util.Formatter::ensureOpen (16 bytes)
Event: 35.738 Thread 0x000002a12b69b800 nmethod 6727 0x000002a1167a4e90 code [0x000002a1167a5040, 0x000002a1167a51e8]
Event: 35.741 Thread 0x000002a12b69b800 6728  s    1       java.lang.StringBuffer::length (5 bytes)
Event: 35.741 Thread 0x000002a12b69b800 nmethod 6728 0x000002a11d092090 code [0x000002a11d092220, 0x000002a11d092438]
Event: 35.741 Thread 0x000002a12b69b800 6729   !   3       java.nio.charset.CharsetEncoder::encode (285 bytes)
Event: 35.744 Thread 0x000002a12b69b800 nmethod 6729 0x000002a1167a5290 code [0x000002a1167a55a0, 0x000002a1167a6898]
Event: 35.761 Thread 0x000002a12b663000 6730       4       sun.nio.cs.UTF_8::updatePositions (23 bytes)

GC Heap History (10 events):
Event: 6.813 GC heap before
{Heap before GC invocations=5 (full 0):
 garbage-first heap   total 131072K, used 63207K [0x0000000080000000, 0x0000000100000000)
  region size 1024K, 61 young (62464K), 5 survivors (5120K)
 Metaspace       used 20950K, capacity 21212K, committed 21248K, reserved 1069056K
  class space    used 2171K, capacity 2285K, committed 2304K, reserved 1048576K
}
Event: 6.838 GC heap after
{Heap after GC invocations=6 (full 0):
 garbage-first heap   total 157696K, used 11663K [0x0000000080000000, 0x0000000100000000)
  region size 1024K, 10 young (10240K), 10 survivors (10240K)
 Metaspace       used 20950K, capacity 21212K, committed 21248K, reserved 1069056K
  class space    used 2171K, capacity 2285K, committed 2304K, reserved 1048576K
}
Event: 10.956 GC heap before
{Heap before GC invocations=7 (full 0):
 garbage-first heap   total 157696K, used 76175K [0x0000000080000000, 0x0000000100000000)
  region size 1024K, 72 young (73728K), 10 survivors (10240K)
 Metaspace       used 30562K, capacity 31151K, committed 31488K, reserved 1077248K
  class space    used 3237K, capacity 3461K, committed 3584K, reserved 1048576K
}
Event: 10.996 GC heap after
{Heap after GC invocations=8 (full 0):
 garbage-first heap   total 157696K, used 21281K [0x0000000080000000, 0x0000000100000000)
  region size 1024K, 9 young (9216K), 9 survivors (9216K)
 Metaspace       used 30562K, capacity 31151K, committed 31488K, reserved 1077248K
  class space    used 3237K, capacity 3461K, committed 3584K, reserved 1048576K
}
Event: 15.916 GC heap before
{Heap before GC invocations=8 (full 0):
 garbage-first heap   total 157696K, used 107297K [0x0000000080000000, 0x0000000100000000)
  region size 1024K, 90 young (92160K), 9 survivors (9216K)
 Metaspace       used 33255K, capacity 33870K, committed 34048K, reserved 1079296K
  class space    used 3483K, capacity 3722K, committed 3840K, reserved 1048576K
}
Event: 15.949 GC heap after
{Heap after GC invocations=9 (full 0):
 garbage-first heap   total 157696K, used 36453K [0x0000000080000000, 0x0000000100000000)
  region size 1024K, 12 young (12288K), 12 survivors (12288K)
 Metaspace       used 33255K, capacity 33870K, committed 34048K, reserved 1079296K
  class space    used 3483K, capacity 3722K, committed 3840K, reserved 1048576K
}
Event: 19.639 GC heap before
{Heap before GC invocations=9 (full 0):
 garbage-first heap   total 157696K, used 108133K [0x0000000080000000, 0x0000000100000000)
  region size 1024K, 81 young (82944K), 12 survivors (12288K)
 Metaspace       used 35006K, capacity 35730K, committed 35840K, reserved 1081344K
  class space    used 3614K, capacity 3912K, committed 3968K, reserved 1048576K
}
Event: 19.657 GC heap after
{Heap after GC invocations=10 (full 0):
 garbage-first heap   total 157696K, used 32256K [0x0000000080000000, 0x0000000100000000)
  region size 1024K, 4 young (4096K), 4 survivors (4096K)
 Metaspace       used 35006K, capacity 35730K, committed 35840K, reserved 1081344K
  class space    used 3614K, capacity 3912K, committed 3968K, reserved 1048576K
}
Event: 19.662 GC heap before
{Heap before GC invocations=10 (full 0):
 garbage-first heap   total 157696K, used 32256K [0x0000000080000000, 0x0000000100000000)
  region size 1024K, 5 young (5120K), 4 survivors (4096K)
 Metaspace       used 35008K, capacity 35730K, committed 35840K, reserved 1081344K
  class space    used 3614K, capacity 3912K, committed 3968K, reserved 1048576K
}
Event: 19.670 GC heap after
{Heap after GC invocations=11 (full 0):
 garbage-first heap   total 157696K, used 31744K [0x0000000080000000, 0x0000000100000000)
  region size 1024K, 3 young (3072K), 3 survivors (3072K)
 Metaspace       used 35008K, capacity 35730K, committed 35840K, reserved 1081344K
  class space    used 3614K, capacity 3912K, committed 3968K, reserved 1048576K
}

Deoptimization events (10 events):
Event: 19.778 Thread 0x000002a12f744800 Uncommon trap: reason=bimorphic_or_optimized_type_check action=maybe_recompile pc=0x000002a11cf3d150 method=java.util.concurrent.locks.AbstractQueuedSynchronizer.release(I)Z @ 2 c2
Event: 19.778 Thread 0x000002a12d7f2800 Uncommon trap: reason=bimorphic_or_optimized_type_check action=maybe_recompile pc=0x000002a11cf3d150 method=java.util.concurrent.locks.AbstractQueuedSynchronizer.release(I)Z @ 2 c2
Event: 19.778 Thread 0x000002a12d7f2800 Uncommon trap: reason=unstable_if action=reinterpret pc=0x000002a11d056404 method=java.util.concurrent.locks.ReentrantLock$Sync.nonfairTryAcquire(I)Z @ 34 c2
Event: 19.780 Thread 0x000002a12d7f2800 Uncommon trap: reason=class_check action=maybe_recompile pc=0x000002a11cd2c1e8 method=java.util.concurrent.ConcurrentHashMap.putVal(Ljava/lang/Object;Ljava/lang/Object;Z)Ljava/lang/Object; @ 242 c2
Event: 19.780 Thread 0x000002a12f744800 Uncommon trap: reason=unstable_if action=reinterpret pc=0x000002a11cf2a270 method=java.util.concurrent.locks.AbstractQueuedSynchronizer.doReleaseShared()V @ 6 c2
Event: 19.920 Thread 0x000002a10db76000 Uncommon trap: reason=unstable_if action=reinterpret pc=0x000002a11d056760 method=java.util.concurrent.locks.AbstractQueuedSynchronizer.release(I)Z @ 14 c2
Event: 20.757 Thread 0x000002a10db76000 Uncommon trap: reason=class_check action=maybe_recompile pc=0x000002a11ce2b7cc method=java.util.Collections$UnmodifiableMap$UnmodifiableEntrySet$1.next()Ljava/util/Map$Entry; @ 8 c2
Event: 20.757 Thread 0x000002a10db76000 Uncommon trap: reason=class_check action=maybe_recompile pc=0x000002a11ce2b7cc method=java.util.Collections$UnmodifiableMap$UnmodifiableEntrySet$1.next()Ljava/util/Map$Entry; @ 8 c2
Event: 20.758 Thread 0x000002a10db76000 Uncommon trap: reason=class_check action=maybe_recompile pc=0x000002a11ce2b7cc method=java.util.Collections$UnmodifiableMap$UnmodifiableEntrySet$1.next()Ljava/util/Map$Entry; @ 8 c2
Event: 20.758 Thread 0x000002a10db76000 Uncommon trap: reason=class_check action=maybe_recompile pc=0x000002a11ce2b7cc method=java.util.Collections$UnmodifiableMap$UnmodifiableEntrySet$1.next()Ljava/util/Map$Entry; @ 8 c2

Classes redefined (0 events):
No events

Internal exceptions (10 events):
Event: 18.565 Thread 0x000002a10db76000 Exception <a 'sun/nio/fs/WindowsException'{0x000000008766efd0}> (0x000000008766efd0) thrown at [./open/src/hotspot/share/prims/jni.cpp, line 611]
Event: 18.579 Thread 0x000002a10db76000 Exception <a 'sun/nio/fs/WindowsException'{0x00000000876b2288}> (0x00000000876b2288) thrown at [./open/src/hotspot/share/prims/jni.cpp, line 611]
Event: 19.265 Thread 0x000002a10db76000 Exception <a 'java/lang/NoSuchMethodError'{0x0000000085ed4f60}: org.apache.maven.execution.MavenExecutionRequest.getFailureBehavior()Ljava/lang/String;> (0x0000000085ed4f60) thrown at [./open/src/hotspot/share/interpreter/linkResolver.cpp, line 864]
Event: 19.354 Thread 0x000002a12c87b800 Exception <a 'java/lang/NoSuchMethodError'{0x0000000085c07a30}: java.lang.invoke.DirectMethodHandle$Holder.invokeStaticInit(Ljava/lang/Object;Ljava/lang/Object;JLjava/lang/Object;)Ljava/lang/Object;> (0x0000000085c07a30) thrown at [./open/src/hotspot/shar
Event: 19.357 Thread 0x000002a12c87b800 Exception <a 'java/lang/NoSuchMethodError'{0x0000000085c13b50}: java.lang.invoke.Invokers$Holder.linkToTargetMethod(Ljava/lang/Object;JLjava/lang/Object;)Ljava/lang/Object;> (0x0000000085c13b50) thrown at [./open/src/hotspot/share/interpreter/linkResolver
Event: 19.509 Thread 0x000002a10db76000 Exception <a 'java/lang/NoSuchMethodError'{0x0000000085cac820}: java.lang.invoke.DirectMethodHandle$Holder.invokeStaticInit(Ljava/lang/Object;Ljava/lang/Object;IIII)Ljava/lang/Object;> (0x0000000085cac820) thrown at [./open/src/hotspot/share/interpreter/l
Event: 20.767 Thread 0x000002a10db76000 Exception <a 'java/lang/NoSuchMethodError'{0x000000008877a250}: java.lang.invoke.DirectMethodHandle$Holder.invokeStatic(Ljava/lang/Object;J)V> (0x000000008877a250) thrown at [./open/src/hotspot/share/interpreter/linkResolver.cpp, line 772]
Event: 20.769 Thread 0x000002a10db76000 Exception <a 'java/lang/NoSuchMethodError'{0x000000008877f460}: java.lang.invoke.DirectMethodHandle$Holder.invokeStatic(Ljava/lang/Object;J)Ljava/lang/Object;> (0x000000008877f460) thrown at [./open/src/hotspot/share/interpreter/linkResolver.cpp, line 772
Event: 20.769 Thread 0x000002a10db76000 Exception <a 'java/lang/NoSuchMethodError'{0x0000000088602558}: java.lang.invoke.DirectMethodHandle$Holder.invokeSpecial(Ljava/lang/Object;Ljava/lang/Object;J)Ljava/lang/Object;> (0x0000000088602558) thrown at [./open/src/hotspot/share/interpreter/linkRes
Event: 20.770 Thread 0x000002a10db76000 Exception <a 'java/lang/NoSuchMethodError'{0x00000000886052c0}: java.lang.invoke.Invokers$Holder.linkToTargetMethod(JLjava/lang/Object;)Ljava/lang/Object;> (0x00000000886052c0) thrown at [./open/src/hotspot/share/interpreter/linkResolver.cpp, line 772]

Events (10 events):
Event: 35.671 loading class org/apache/maven/plugin/surefire/booterclient/output/InPluginProcessDumpSingleton
Event: 35.671 loading class org/apache/maven/plugin/surefire/booterclient/output/InPluginProcessDumpSingleton done
Event: 35.671 loading class org/apache/maven/plugin/surefire/booterclient/output/InPluginProcessDumpSingleton
Event: 35.671 loading class org/apache/maven/plugin/surefire/booterclient/output/InPluginProcessDumpSingleton done
Event: 35.671 loading class org/apache/maven/plugin/surefire/booterclient/output/InPluginProcessDumpSingleton
Event: 35.671 loading class org/apache/maven/plugin/surefire/booterclient/output/InPluginProcessDumpSingleton done
Event: 35.688 loading class java/lang/Throwable$WrappedPrintWriter
Event: 35.688 loading class java/lang/Throwable$PrintStreamOrWriter
Event: 35.688 loading class java/lang/Throwable$PrintStreamOrWriter done
Event: 35.688 loading class java/lang/Throwable$WrappedPrintWriter done


Dynamic libraries:
0x00007ff705ba0000 - 0x00007ff705baf000 	C:\Program Files\Java\jdk-11.0.16\bin\java.exe
0x00007ffb5f370000 - 0x00007ffb5f568000 	C:\Windows\SYSTEM32\ntdll.dll
0x00007ffb5dbe0000 - 0x00007ffb5dc9d000 	C:\Windows\System32\KERNEL32.DLL
0x00007ffb5cf20000 - 0x00007ffb5d1f2000 	C:\Windows\System32\KERNELBASE.dll
0x00007ffb5d2d0000 - 0x00007ffb5d3d0000 	C:\Windows\System32\ucrtbase.dll
0x00007ffb41820000 - 0x00007ffb41838000 	C:\Program Files\Java\jdk-11.0.16\bin\jli.dll
0x00007ffb5d440000 - 0x00007ffb5d4ee000 	C:\Windows\System32\ADVAPI32.dll
0x00007ffb5d4f0000 - 0x00007ffb5d58e000 	C:\Windows\System32\msvcrt.dll
0x00007ffb5eff0000 - 0x00007ffb5f08c000 	C:\Windows\System32\sechost.dll
0x00007ffb5f1d0000 - 0x00007ffb5f2f5000 	C:\Windows\System32\RPCRT4.dll
0x00007ffb5e820000 - 0x00007ffb5e9bd000 	C:\Windows\System32\USER32.dll
0x00007ffb5cd40000 - 0x00007ffb5cd62000 	C:\Windows\System32\win32u.dll
0x00007ffb5f110000 - 0x00007ffb5f13b000 	C:\Windows\System32\GDI32.dll
0x00007ffb5cb10000 - 0x00007ffb5cc1f000 	C:\Windows\System32\gdi32full.dll
0x00007ffb5d230000 - 0x00007ffb5d2cd000 	C:\Windows\System32\msvcp_win.dll
0x00007ffb41800000 - 0x00007ffb41815000 	C:\Program Files\Java\jdk-11.0.16\bin\VCRUNTIME140.dll
0x00007ffb40c90000 - 0x00007ffb40f2a000 	C:\Windows\WinSxS\amd64_microsoft.windows.common-controls_6595b64144ccf1df_6.0.19041.1110_none_60b5254171f9507e\COMCTL32.dll
0x00007ffb54a30000 - 0x00007ffb54a3a000 	C:\Windows\SYSTEM32\VERSION.dll
0x00007ffb5f300000 - 0x00007ffb5f330000 	C:\Windows\System32\IMM32.DLL
0x00007ffb40700000 - 0x00007ffb4079b000 	C:\Program Files\Java\jdk-11.0.16\bin\msvcp140.dll
0x00007ffafc9c0000 - 0x00007ffafd4d8000 	C:\Program Files\Java\jdk-11.0.16\bin\server\jvm.dll
0x00007ffb5ef80000 - 0x00007ffb5ef88000 	C:\Windows\System32\PSAPI.DLL
0x00007ffb58500000 - 0x00007ffb58509000 	C:\Windows\SYSTEM32\WSOCK32.dll
0x00007ffb39be0000 - 0x00007ffb39c07000 	C:\Windows\SYSTEM32\WINMM.dll
0x00007ffb5dca0000 - 0x00007ffb5dd0b000 	C:\Windows\System32\WS2_32.dll
0x00007ffb5a920000 - 0x00007ffb5a932000 	C:\Windows\SYSTEM32\kernel.appcore.dll
0x00007ffb47580000 - 0x00007ffb47590000 	C:\Program Files\Java\jdk-11.0.16\bin\verify.dll
0x00007ffb4e1b0000 - 0x00007ffb4e394000 	C:\Windows\SYSTEM32\DBGHELP.DLL
0x00007ffb4e180000 - 0x00007ffb4e1ac000 	C:\Windows\SYSTEM32\dbgcore.DLL
0x00007ffb5ca80000 - 0x00007ffb5cb02000 	C:\Windows\System32\bcryptPrimitives.dll
0x00007ffb40860000 - 0x00007ffb40888000 	C:\Program Files\Java\jdk-11.0.16\bin\java.dll
0x00007ffb43510000 - 0x00007ffb4351a000 	C:\Program Files\Java\jdk-11.0.16\bin\jimage.dll
0x00007ffb417e0000 - 0x00007ffb417f6000 	C:\Program Files\Java\jdk-11.0.16\bin\zip.dll
0x00007ffb5dfe0000 - 0x00007ffb5e723000 	C:\Windows\System32\SHELL32.dll
0x00007ffb5ab20000 - 0x00007ffb5b2b1000 	C:\Windows\SYSTEM32\windows.storage.dll
0x00007ffb5d880000 - 0x00007ffb5dbd4000 	C:\Windows\System32\combase.dll
0x00007ffb5c320000 - 0x00007ffb5c350000 	C:\Windows\SYSTEM32\Wldp.dll
0x00007ffb5d6c0000 - 0x00007ffb5d76d000 	C:\Windows\System32\SHCORE.dll
0x00007ffb5d3e0000 - 0x00007ffb5d435000 	C:\Windows\System32\shlwapi.dll
0x00007ffb5c9c0000 - 0x00007ffb5c9df000 	C:\Windows\SYSTEM32\profapi.dll
0x00007ffb408b0000 - 0x00007ffb408c9000 	C:\Program Files\Java\jdk-11.0.16\bin\net.dll
0x00007ffb54480000 - 0x00007ffb5458d000 	C:\Windows\SYSTEM32\WINHTTP.dll
0x00007ffb5c100000 - 0x00007ffb5c16a000 	C:\Windows\system32\mswsock.dll
0x00007ffb40680000 - 0x00007ffb40692000 	C:\Program Files\Java\jdk-11.0.16\bin\nio.dll
0x0000000069ac0000 - 0x0000000069ae4000 	C:\Users\sfjbs\Downloads\micro service-20221001T123314Z-001\micro service\apache-maven-3.8.5-bin\apache-maven-3.8.5\lib\jansi-native\Windows\x86_64\jansi.dll
0x00007ffb5c360000 - 0x00007ffb5c378000 	C:\Windows\SYSTEM32\CRYPTSP.dll
0x00007ffb5ba40000 - 0x00007ffb5ba74000 	C:\Windows\system32\rsaenh.dll
0x00007ffb5d200000 - 0x00007ffb5d227000 	C:\Windows\System32\bcrypt.dll
0x00007ffb5c940000 - 0x00007ffb5c96e000 	C:\Windows\SYSTEM32\USERENV.dll
0x00007ffb5c290000 - 0x00007ffb5c29c000 	C:\Windows\SYSTEM32\CRYPTBASE.dll
0x00007ffb5be10000 - 0x00007ffb5be4b000 	C:\Windows\SYSTEM32\IPHLPAPI.DLL
0x00007ffb5d3d0000 - 0x00007ffb5d3d8000 	C:\Windows\System32\NSI.dll
0x00007ffb55490000 - 0x00007ffb554a7000 	C:\Windows\SYSTEM32\dhcpcsvc6.DLL
0x00007ffb55470000 - 0x00007ffb5548d000 	C:\Windows\SYSTEM32\dhcpcsvc.DLL
0x00007ffb5be50000 - 0x00007ffb5bf1a000 	C:\Windows\SYSTEM32\DNSAPI.dll

dbghelp: loaded successfully - version: 4.0.5 - missing functions: none
symbol engine: initialized successfully - sym options: 0x614 - pdb path: .;C:\Program Files\Java\jdk-11.0.16\bin;C:\Windows\SYSTEM32;C:\Windows\WinSxS\amd64_microsoft.windows.common-controls_6595b64144ccf1df_6.0.19041.1110_none_60b5254171f9507e;C:\Program Files\Java\jdk-11.0.16\bin\server;C:\Users\sfjbs\Downloads\micro service-20221001T123314Z-001\micro service\apache-maven-3.8.5-bin\apache-maven-3.8.5\lib\jansi-native\Windows\x86_64

VM Arguments:
jvm_args: -Dclassworlds.conf=C:\Users\sfjbs\Downloads\micro service-20221001T123314Z-001\micro service\apache-maven-3.8.5-bin\apache-maven-3.8.5\bin\m2.conf -Dmaven.home=C:\Users\sfjbs\Downloads\micro service-20221001T123314Z-001\micro service\apache-maven-3.8.5-bin\apache-maven-3.8.5 -Dlibrary.jansi.path=C:\Users\sfjbs\Downloads\micro service-20221001T123314Z-001\micro service\apache-maven-3.8.5-bin\apache-maven-3.8.5\lib\jansi-native -Dmaven.multiModuleProjectDirectory=C:\Users\sfjbs\mini project\day13\pension-management-system 
java_command: org.codehaus.plexus.classworlds.launcher.Launcher clean install
java_class_path (initial): C:\Users\sfjbs\Downloads\micro service-20221001T123314Z-001\micro service\apache-maven-3.8.5-bin\apache-maven-3.8.5\boot\plexus-classworlds-2.6.0.jar
Launcher Type: SUN_STANDARD

[Global flags]
     intx CICompilerCount                          = 2                                         {product} {ergonomic}
     uint ConcGCThreads                            = 1                                         {product} {ergonomic}
     uint G1ConcRefinementThreads                  = 2                                         {product} {ergonomic}
   size_t G1HeapRegionSize                         = 1048576                                   {product} {ergonomic}
    uintx GCDrainStackTargetSize                   = 64                                        {product} {ergonomic}
   size_t InitialHeapSize                          = 134217728                                 {product} {ergonomic}
   size_t MarkStackSize                            = 4194304                                   {product} {ergonomic}
   size_t MaxHeapSize                              = 2147483648                                {product} {ergonomic}
   size_t MaxNewSize                               = 1287651328                                {product} {ergonomic}
   size_t MinHeapDeltaBytes                        = 1048576                                   {product} {ergonomic}
    uintx NonNMethodCodeHeapSize                   = 5825164                                {pd product} {ergonomic}
    uintx NonProfiledCodeHeapSize                  = 122916538                              {pd product} {ergonomic}
    uintx ProfiledCodeHeapSize                     = 122916538                              {pd product} {ergonomic}
    uintx ReservedCodeCacheSize                    = 251658240                              {pd product} {ergonomic}
     bool SegmentedCodeCache                       = true                                      {product} {ergonomic}
     bool UseCompressedClassPointers               = true                                 {lp64_product} {ergonomic}
     bool UseCompressedOops                        = true                                 {lp64_product} {ergonomic}
     bool UseG1GC                                  = true                                      {product} {ergonomic}
     bool UseLargePagesIndividualAllocation        = false                                  {pd product} {ergonomic}

Logging:
Log output configuration:
 #0: stdout all=warning uptime,level,tags
 #1: stderr all=off uptime,level,tags

Environment Variables:
PATH=C:\Program Files\Common Files\Oracle\Java\javapath;C:\Windows\system32;C:\Windows;C:\Windows\System32\Wbem;C:\Windows\System32\WindowsPowerShell\v1.0\;C:\Windows\System32\OpenSSH\;C:\Users\sfjbs\Downloads\micro service-20221001T123314Z-001\micro service\apache-maven-3.8.5-bin\apache-maven-3.8.5\bin;C:\Users\sfjbs\Downloads\micro service-20221001T123314Z-001\micro service\apache-maven-3.8.5-bin\apache-maven-3.8.5\lib;C:\Program Files\Docker\Docker\resources\bin;C:\ProgramData\DockerDesktop\version-bin;C:\Program Files\Git\cmd;C:\Users\sfjbs\AppData\Local\Microsoft\WindowsApps;C:\Users\sfjbs\Downloads\micro service-20221001T123314Z-001\micro service\apache-maven-3.8.5-bin\apache-maven-3.8.5\bin;C:\Users\sfjbs\Downloads\micro service-20221001T123314Z-001\micro service\apache-maven-3.8.5-bin\apache-maven-3.8.5\lib;;C:\Program Files\JetBrains\IntelliJ IDEA Community Edition 2022.2.1\bin;
USERNAME=sfjbs
OS=Windows_NT
PROCESSOR_IDENTIFIER=Intel64 Family 6 Model 85 Stepping 7, GenuineIntel



---------------  S Y S T E M  ---------------

OS: Windows 10 , 64 bit Build 19041 (10.0.19041.1889)
Hyper-V role detected

CPU:total 2 (initial active 2) (1 cores per cpu, 2 threads per core) family 6 model 85 stepping 7 microcode 0xffffffff, cmov, cx8, fxsr, mmx, sse, sse2, sse3, ssse3, sse4.1, sse4.2, popcnt, avx, avx2, aes, clmul, erms, rtm, 3dnowpref, lzcnt, ht, tsc, bmi1, bmi2, adx, evex, fma

Memory: 4k page, system-wide physical 8190M (489M free)
TotalPageFile size 10238M (AvailPageFile size 5M)
current process WorkingSet (physical memory assigned to process): 240M, peak: 267M
current process commit charge ("private bytes"): 286M, peak: 313M

vm_info: Java HotSpot(TM) 64-Bit Server VM (11.0.16+11-LTS-199) for windows-amd64 JRE (11.0.16+11-LTS-199), built on Jun 28 2022 08:23:17 by "mach5one" with MS VC++ 15.9 (VS2017)

END.
