#
# There is insufficient memory for the Java Runtime Environment to continue.
# Native memory allocation (mmap) failed to map 50331648 bytes for Failed to commit area from 0x0000000088000000 to 0x000000008b000000 of length 50331648.
# Possible reasons:
#   The system is out of physical RAM or swap space
#   The process is running with CompressedOops enabled, and the Java Heap may be blocking the growth of the native heap
# Possible solutions:
#   Reduce memory load on the system
#   Increase physical memory or swap space
#   Check if swap backing store is full
#   Decrease Java heap size (-Xmx/-Xms)
#   Decrease number of Java threads
#   Decrease Java thread stack sizes (-Xss)
#   Set larger code cache with -XX:ReservedCodeCacheSize=
#   JVM is running with Unscaled Compressed Oops mode in which the Java heap is
#     placed in the first 4GB address space. The Java Heap base address is the
#     maximum limit for the native heap growth. Please use -XX:HeapBaseMinAddress
#     to set the Java Heap base and to place the Java Heap above 4GB virtual address.
# This output file may be truncated or incomplete.
#
#  Out of Memory Error (./open/src/hotspot/os/windows/os_windows.cpp:3287), pid=89648, tid=89688
#
# JRE version: Java(TM) SE Runtime Environment 18.9 (11.0.16+11) (build 11.0.16+11-LTS-199)
# Java VM: Java HotSpot(TM) 64-Bit Server VM 18.9 (11.0.16+11-LTS-199, mixed mode, tiered, compressed oops, g1 gc, windows-amd64)
# No core dump will be written. Minidumps are not enabled by default on client versions of Windows
#

---------------  S U M M A R Y ------------

Command Line: -Dclassworlds.conf=C:\Users\sfjbs\Downloads\micro service-20221001T123314Z-001\micro service\apache-maven-3.8.5-bin\apache-maven-3.8.5\bin\m2.conf -Dmaven.home=C:\Users\sfjbs\Downloads\micro service-20221001T123314Z-001\micro service\apache-maven-3.8.5-bin\apache-maven-3.8.5 -Dlibrary.jansi.path=C:\Users\sfjbs\Downloads\micro service-20221001T123314Z-001\micro service\apache-maven-3.8.5-bin\apache-maven-3.8.5\lib\jansi-native -Dmaven.multiModuleProjectDirectory=C:\Users\sfjbs\mini project\day13\pension-management-system org.codehaus.plexus.classworlds.launcher.Launcher clean install

Host: Intel(R) Xeon(R) Platinum 8272CL CPU @ 2.60GHz, 2 cores, 7G,  Windows 10 , 64 bit Build 19041 (10.0.19041.1889)
Time: Tue Nov  1 10:02:18 2022 Coordinated Universal Time elapsed time: 19.436065 seconds (0d 0h 0m 19s)

---------------  T H R E A D  ---------------

Current thread (0x00000121b1679000):  VMThread "VM Thread" [stack: 0x0000001ea6500000,0x0000001ea6600000] [id=89688]

Stack: [0x0000001ea6500000,0x0000001ea6600000]
[error occurred during error reporting (printing stack bounds), id 0xc0000005, EXCEPTION_ACCESS_VIOLATION (0xc0000005) at pc=0x000001219b2710e7]

Native frames: (J=compiled Java code, j=interpreted, Vv=VM code, C=native code)
V  [jvm.dll+0x62a3ea]
V  [jvm.dll+0x76418f]
V  [jvm.dll+0x765839]
V  [jvm.dll+0x765e25]
V  [jvm.dll+0x765ddb]
V  [jvm.dll+0x6298d3]
V  [jvm.dll+0x629fe8]
C  [ntdll.dll+0xa241f]
C  [ntdll.dll+0x514a4]
C  [ntdll.dll+0xa0f4e]
C  0x000001219b2710e7

VM_Operation (0x0000001ea5ffc490): G1CollectForAllocation, mode: safepoint, requested by thread 0x0000012193bb7000


---------------  P R O C E S S  ---------------

Threads class SMR info:
_java_thread_list=0x00000121b214d0e0, length=10, elements={
0x0000012193bb7000, 0x00000121b168c800, 0x00000121b168e000, 0x00000121b1689000,
0x00000121b169c000, 0x00000121b169e000, 0x00000121b16a1000, 0x00000121b205c000,
0x00000121b205f000, 0x00000121b215c000
}

Java Threads: ( => current thread )
  0x0000012193bb7000 JavaThread "main" [_thread_blocked, id=89664, stack(0x0000001ea5f00000,0x0000001ea6000000)]
  0x00000121b168c800 JavaThread "Reference Handler" daemon [_thread_blocked, id=89692, stack(0x0000001ea6600000,0x0000001ea6700000)]
  0x00000121b168e000 JavaThread "Finalizer" daemon [_thread_blocked, id=89696, stack(0x0000001ea6700000,0x0000001ea6800000)]
  0x00000121b1689000 JavaThread "Signal Dispatcher" daemon [_thread_blocked, id=89700, stack(0x0000001ea6800000,0x0000001ea6900000)]
  0x00000121b169c000 JavaThread "Attach Listener" daemon [_thread_blocked, id=89704, stack(0x0000001ea6900000,0x0000001ea6a00000)]
  0x00000121b169e000 JavaThread "Service Thread" daemon [_thread_blocked, id=89708, stack(0x0000001ea6a00000,0x0000001ea6b00000)]
  0x00000121b16a1000 JavaThread "C2 CompilerThread0" daemon [_thread_blocked, id=89712, stack(0x0000001ea6b00000,0x0000001ea6c00000)]
  0x00000121b205c000 JavaThread "C1 CompilerThread0" daemon [_thread_blocked, id=89716, stack(0x0000001ea6c00000,0x0000001ea6d00000)]
  0x00000121b205f000 JavaThread "Sweeper thread" daemon [_thread_blocked, id=89720, stack(0x0000001ea6d00000,0x0000001ea6e00000)]
  0x00000121b215c000 JavaThread "Common-Cleaner" daemon [_thread_blocked, id=89728, stack(0x0000001ea6f00000,0x0000001ea7000000)]

Other Threads:
=>0x00000121b1679000 VMThread "VM Thread" [stack: 0x0000001ea6500000,0x0000001ea6600000] [id=89688]
  0x00000121b2156800 WatcherThread [stack: 0x0000001ea6e00000,0x0000001ea6f00000] [id=89724]
  0x0000012193bcb800 GCTaskThread "GC Thread#0" [stack: 0x0000001ea6000000,0x0000001ea6100000] [id=89668]
  0x00000121b25fd800 GCTaskThread "GC Thread#1" [stack: 0x0000001ea7000000,0x0000001ea7100000] [id=89784]
  0x0000012193bfb800 ConcurrentGCThread "G1 Main Marker" [stack: 0x0000001ea6100000,0x0000001ea6200000] [id=89672]
  0x0000012193bfe000 ConcurrentGCThread "G1 Conc#0" [stack: 0x0000001ea6200000,0x0000001ea6300000] [id=89676]
  0x0000012193c83800 ConcurrentGCThread "G1 Refine#0" [stack: 0x0000001ea6300000,0x0000001ea6400000] [id=89680]
  0x0000012193c86000 ConcurrentGCThread "G1 Young RemSet Sampling" [stack: 0x0000001ea6400000,0x0000001ea6500000] [id=89684]

Threads with active compile tasks:

VM state:at safepoint (normal execution)

VM Mutex/Monitor currently owned by a thread:  ([mutex/lock_event])
[0x0000012193bb42a0] Threads_lock - owner thread: 0x00000121b1679000
[0x0000012193bb3130] Heap_lock - owner thread: 0x0000012193bb7000

Heap address: 0x0000000080000000, size: 2048 MB, Compressed Oops mode: 32-bit
Narrow klass base: 0x0000000000000000, Narrow klass shift: 3
Compressed class space size: 1073741824 Address: 0x0000000100000000

Heap:
 garbage-first heap   total 180224K, used 31718K [0x0000000080000000, 0x0000000100000000)
  region size 1024K, 10 young (10240K), 10 survivors (10240K)
 Metaspace       used 33228K, capacity 33902K, committed 34048K, reserved 1079296K
  class space    used 3484K, capacity 3754K, committed 3840K, reserved 1048576K
Heap Regions: E=young(eden), S=young(survivor), O=old, HS=humongous(starts), HC=humongous(continues), CS=collection set, F=free, A=archive, TAMS=top-at-mark-start (previous, next)
|   0|0x0000000080000000, 0x0000000080100000, 0x0000000080100000|100%| O|  |TAMS 0x0000000080100000, 0x0000000080000000| Untracked 
|   1|0x0000000080100000, 0x0000000080200000, 0x0000000080200000|100%| O|  |TAMS 0x0000000080200000, 0x0000000080100000| Untracked 
|   2|0x0000000080200000, 0x0000000080300000, 0x0000000080300000|100%| O|  |TAMS 0x0000000080229a00, 0x0000000080200000| Untracked 
|   3|0x0000000080300000, 0x0000000080400000, 0x0000000080400000|100%|HS|  |TAMS 0x0000000080300000, 0x0000000080300000| Complete 
|   4|0x0000000080400000, 0x0000000080400000, 0x0000000080500000|  0%| F|  |TAMS 0x0000000080400000, 0x0000000080400000| Untracked 
|   5|0x0000000080500000, 0x0000000080600000, 0x0000000080600000|100%| O|  |TAMS 0x0000000080500000, 0x0000000080500000| Untracked 
|   6|0x0000000080600000, 0x0000000080700000, 0x0000000080700000|100%| O|  |TAMS 0x0000000080600000, 0x0000000080600000| Untracked 
|   7|0x0000000080700000, 0x0000000080800000, 0x0000000080800000|100%| O|  |TAMS 0x0000000080700000, 0x0000000080700000| Untracked 
|   8|0x0000000080800000, 0x0000000080900000, 0x0000000080900000|100%| O|  |TAMS 0x0000000080800000, 0x0000000080800000| Untracked 
|   9|0x0000000080900000, 0x0000000080a00000, 0x0000000080a00000|100%| O|  |TAMS 0x0000000080900000, 0x0000000080900000| Untracked 
|  10|0x0000000080a00000, 0x0000000080b00000, 0x0000000080b00000|100%| O|  |TAMS 0x0000000080a00000, 0x0000000080a00000| Untracked 
|  11|0x0000000080b00000, 0x0000000080c00000, 0x0000000080c00000|100%| O|  |TAMS 0x0000000080b00000, 0x0000000080b00000| Untracked 
|  12|0x0000000080c00000, 0x0000000080c00000, 0x0000000080d00000|  0%| F|  |TAMS 0x0000000080c00000, 0x0000000080c00000| Untracked 
|  13|0x0000000080d00000, 0x0000000080e00000, 0x0000000080e00000|100%|HS|  |TAMS 0x0000000080d00000, 0x0000000080d00000| Complete 
|  14|0x0000000080e00000, 0x0000000080f00000, 0x0000000080f00000|100%| O|  |TAMS 0x0000000080e00000, 0x0000000080e00000| Untracked 
|  15|0x0000000080f00000, 0x0000000081000000, 0x0000000081000000|100%| O|  |TAMS 0x0000000080f00000, 0x0000000080f00000| Untracked 
|  16|0x0000000081000000, 0x0000000081100000, 0x0000000081100000|100%| O|  |TAMS 0x0000000081000000, 0x0000000081000000| Untracked 
|  17|0x0000000081100000, 0x0000000081200000, 0x0000000081200000|100%| O|  |TAMS 0x0000000081100000, 0x0000000081100000| Untracked 
|  18|0x0000000081200000, 0x0000000081300000, 0x0000000081300000|100%| O|  |TAMS 0x0000000081200000, 0x0000000081200000| Untracked 
|  19|0x0000000081300000, 0x0000000081400000, 0x0000000081400000|100%| O|  |TAMS 0x0000000081300000, 0x0000000081300000| Untracked 
|  20|0x0000000081400000, 0x0000000081500000, 0x0000000081500000|100%| O|  |TAMS 0x0000000081400000, 0x0000000081400000| Untracked 
|  21|0x0000000081500000, 0x0000000081600000, 0x0000000081600000|100%| O|  |TAMS 0x0000000081500000, 0x0000000081500000| Untracked 
|  22|0x0000000081600000, 0x00000000816f9a00, 0x0000000081700000| 97%| O|  |TAMS 0x0000000081600000, 0x0000000081600000| Untracked 
|  23|0x0000000081700000, 0x0000000081700000, 0x0000000081800000|  0%| F|  |TAMS 0x0000000081700000, 0x0000000081700000| Untracked 
|  24|0x0000000081800000, 0x0000000081800000, 0x0000000081900000|  0%| F|  |TAMS 0x0000000081800000, 0x0000000081800000| Untracked 
|  25|0x0000000081900000, 0x0000000081900000, 0x0000000081a00000|  0%| F|  |TAMS 0x0000000081900000, 0x0000000081900000| Untracked 
|  26|0x0000000081a00000, 0x0000000081a00000, 0x0000000081b00000|  0%| F|  |TAMS 0x0000000081a00000, 0x0000000081a00000| Untracked 
|  27|0x0000000081b00000, 0x0000000081b00000, 0x0000000081c00000|  0%| F|  |TAMS 0x0000000081b00000, 0x0000000081b00000| Untracked 
|  28|0x0000000081c00000, 0x0000000081c00000, 0x0000000081d00000|  0%| F|  |TAMS 0x0000000081c00000, 0x0000000081c00000| Untracked 
|  29|0x0000000081d00000, 0x0000000081d00000, 0x0000000081e00000|  0%| F|  |TAMS 0x0000000081d00000, 0x0000000081d00000| Untracked 
|  30|0x0000000081e00000, 0x0000000081e00000, 0x0000000081f00000|  0%| F|  |TAMS 0x0000000081e00000, 0x0000000081e00000| Untracked 
|  31|0x0000000081f00000, 0x0000000081f00000, 0x0000000082000000|  0%| F|  |TAMS 0x0000000081f00000, 0x0000000081f00000| Untracked 
|  32|0x0000000082000000, 0x0000000082000000, 0x0000000082100000|  0%| F|  |TAMS 0x0000000082000000, 0x0000000082000000| Untracked 
|  33|0x0000000082100000, 0x0000000082100000, 0x0000000082200000|  0%| F|  |TAMS 0x0000000082100000, 0x0000000082100000| Untracked 
|  34|0x0000000082200000, 0x0000000082200000, 0x0000000082300000|  0%| F|  |TAMS 0x0000000082200000, 0x0000000082200000| Untracked 
|  35|0x0000000082300000, 0x0000000082300000, 0x0000000082400000|  0%| F|  |TAMS 0x0000000082300000, 0x0000000082300000| Untracked 
|  36|0x0000000082400000, 0x0000000082400000, 0x0000000082500000|  0%| F|  |TAMS 0x0000000082400000, 0x0000000082400000| Untracked 
|  37|0x0000000082500000, 0x0000000082500000, 0x0000000082600000|  0%| F|  |TAMS 0x0000000082500000, 0x0000000082500000| Untracked 
|  38|0x0000000082600000, 0x0000000082600000, 0x0000000082700000|  0%| F|  |TAMS 0x0000000082600000, 0x0000000082600000| Untracked 
|  39|0x0000000082700000, 0x0000000082700000, 0x0000000082800000|  0%| F|  |TAMS 0x0000000082700000, 0x0000000082700000| Untracked 
|  40|0x0000000082800000, 0x0000000082800000, 0x0000000082900000|  0%| F|  |TAMS 0x0000000082800000, 0x0000000082800000| Untracked 
|  41|0x0000000082900000, 0x0000000082900000, 0x0000000082a00000|  0%| F|  |TAMS 0x0000000082900000, 0x0000000082900000| Untracked 
|  42|0x0000000082a00000, 0x0000000082a00000, 0x0000000082b00000|  0%| F|  |TAMS 0x0000000082a00000, 0x0000000082a00000| Untracked 
|  43|0x0000000082b00000, 0x0000000082c00000, 0x0000000082c00000|100%| S|CS|TAMS 0x0000000082b00000, 0x0000000082b00000| Complete 
|  44|0x0000000082c00000, 0x0000000082d00000, 0x0000000082d00000|100%| S|CS|TAMS 0x0000000082c00000, 0x0000000082c00000| Complete 
|  45|0x0000000082d00000, 0x0000000082e00000, 0x0000000082e00000|100%| S|CS|TAMS 0x0000000082d00000, 0x0000000082d00000| Complete 
|  46|0x0000000082e00000, 0x0000000082f00000, 0x0000000082f00000|100%| S|CS|TAMS 0x0000000082e00000, 0x0000000082e00000| Complete 
|  47|0x0000000082f00000, 0x0000000083000000, 0x0000000083000000|100%| S|CS|TAMS 0x0000000082f00000, 0x0000000082f00000| Complete 
|  48|0x0000000083000000, 0x0000000083100000, 0x0000000083100000|100%| S|CS|TAMS 0x0000000083000000, 0x0000000083000000| Complete 
|  49|0x0000000083100000, 0x0000000083200000, 0x0000000083200000|100%| S|CS|TAMS 0x0000000083100000, 0x0000000083100000| Complete 
|  50|0x0000000083200000, 0x0000000083300000, 0x0000000083300000|100%| S|CS|TAMS 0x0000000083200000, 0x0000000083200000| Complete 
|  51|0x0000000083300000, 0x0000000083400000, 0x0000000083400000|100%| S|CS|TAMS 0x0000000083300000, 0x0000000083300000| Complete 
|  52|0x0000000083400000, 0x0000000083400000, 0x0000000083500000|  0%| F|  |TAMS 0x0000000083400000, 0x0000000083400000| Untracked 
|  53|0x0000000083500000, 0x0000000083500000, 0x0000000083600000|  0%| F|  |TAMS 0x0000000083500000, 0x0000000083500000| Untracked 
|  54|0x0000000083600000, 0x0000000083600000, 0x0000000083700000|  0%| F|  |TAMS 0x0000000083600000, 0x0000000083600000| Untracked 
|  55|0x0000000083700000, 0x0000000083700000, 0x0000000083800000|  0%| F|  |TAMS 0x0000000083700000, 0x0000000083700000| Untracked 
|  56|0x0000000083800000, 0x0000000083800000, 0x0000000083900000|  0%| F|  |TAMS 0x0000000083800000, 0x0000000083800000| Untracked 
|  57|0x0000000083900000, 0x0000000083900000, 0x0000000083a00000|  0%| F|  |TAMS 0x0000000083900000, 0x0000000083900000| Untracked 
|  58|0x0000000083a00000, 0x0000000083a00000, 0x0000000083b00000|  0%| F|  |TAMS 0x0000000083a00000, 0x0000000083a00000| Untracked 
|  59|0x0000000083b00000, 0x0000000083b00000, 0x0000000083c00000|  0%| F|  |TAMS 0x0000000083b00000, 0x0000000083b00000| Untracked 
|  60|0x0000000083c00000, 0x0000000083c00000, 0x0000000083d00000|  0%| F|  |TAMS 0x0000000083c00000, 0x0000000083c00000| Untracked 
|  61|0x0000000083d00000, 0x0000000083e00000, 0x0000000083e00000|100%| S|CS|TAMS 0x0000000083d00000, 0x0000000083d00000| Complete 
|  62|0x0000000083e00000, 0x0000000083e00000, 0x0000000083f00000|  0%| F|  |TAMS 0x0000000083e00000, 0x0000000083e00000| Untracked 
|  63|0x0000000083f00000, 0x0000000083f00000, 0x0000000084000000|  0%| F|  |TAMS 0x0000000083f00000, 0x0000000083f00000| Untracked 
|  64|0x0000000084000000, 0x0000000084000000, 0x0000000084100000|  0%| F|  |TAMS 0x0000000084000000, 0x0000000084000000| Untracked 
|  65|0x0000000084100000, 0x0000000084100000, 0x0000000084200000|  0%| F|  |TAMS 0x0000000084100000, 0x0000000084100000| Untracked 
|  66|0x0000000084200000, 0x0000000084200000, 0x0000000084300000|  0%| F|  |TAMS 0x0000000084200000, 0x0000000084200000| Untracked 
|  67|0x0000000084300000, 0x0000000084300000, 0x0000000084400000|  0%| F|  |TAMS 0x0000000084300000, 0x0000000084300000| Untracked 
|  68|0x0000000084400000, 0x0000000084400000, 0x0000000084500000|  0%| F|  |TAMS 0x0000000084400000, 0x0000000084400000| Untracked 
|  69|0x0000000084500000, 0x0000000084500000, 0x0000000084600000|  0%| F|  |TAMS 0x0000000084500000, 0x0000000084500000| Untracked 
|  70|0x0000000084600000, 0x0000000084600000, 0x0000000084700000|  0%| F|  |TAMS 0x0000000084600000, 0x0000000084600000| Untracked 
|  71|0x0000000084700000, 0x0000000084700000, 0x0000000084800000|  0%| F|  |TAMS 0x0000000084700000, 0x0000000084700000| Untracked 
|  72|0x0000000084800000, 0x0000000084800000, 0x0000000084900000|  0%| F|  |TAMS 0x0000000084800000, 0x0000000084800000| Untracked 
|  73|0x0000000084900000, 0x0000000084900000, 0x0000000084a00000|  0%| F|  |TAMS 0x0000000084900000, 0x0000000084900000| Untracked 
|  74|0x0000000084a00000, 0x0000000084a00000, 0x0000000084b00000|  0%| F|  |TAMS 0x0000000084a00000, 0x0000000084a00000| Untracked 
|  75|0x0000000084b00000, 0x0000000084b00000, 0x0000000084c00000|  0%| F|  |TAMS 0x0000000084b00000, 0x0000000084b00000| Untracked 
|  76|0x0000000084c00000, 0x0000000084c00000, 0x0000000084d00000|  0%| F|  |TAMS 0x0000000084c00000, 0x0000000084c00000| Untracked 
|  77|0x0000000084d00000, 0x0000000084d00000, 0x0000000084e00000|  0%| F|  |TAMS 0x0000000084d00000, 0x0000000084d00000| Untracked 
|  78|0x0000000084e00000, 0x0000000084e00000, 0x0000000084f00000|  0%| F|  |TAMS 0x0000000084e00000, 0x0000000084e00000| Untracked 
|  79|0x0000000084f00000, 0x0000000084f00000, 0x0000000085000000|  0%| F|  |TAMS 0x0000000084f00000, 0x0000000084f00000| Untracked 
|  80|0x0000000085000000, 0x0000000085000000, 0x0000000085100000|  0%| F|  |TAMS 0x0000000085000000, 0x0000000085000000| Untracked 
|  81|0x0000000085100000, 0x0000000085100000, 0x0000000085200000|  0%| F|  |TAMS 0x0000000085100000, 0x0000000085100000| Untracked 
|  82|0x0000000085200000, 0x0000000085200000, 0x0000000085300000|  0%| F|  |TAMS 0x0000000085200000, 0x0000000085200000| Untracked 
|  83|0x0000000085300000, 0x0000000085300000, 0x0000000085400000|  0%| F|  |TAMS 0x0000000085300000, 0x0000000085300000| Untracked 
|  84|0x0000000085400000, 0x0000000085400000, 0x0000000085500000|  0%| F|  |TAMS 0x0000000085400000, 0x0000000085400000| Untracked 
|  85|0x0000000085500000, 0x0000000085500000, 0x0000000085600000|  0%| F|  |TAMS 0x0000000085500000, 0x0000000085500000| Untracked 
|  86|0x0000000085600000, 0x0000000085600000, 0x0000000085700000|  0%| F|  |TAMS 0x0000000085600000, 0x0000000085600000| Untracked 
|  87|0x0000000085700000, 0x0000000085700000, 0x0000000085800000|  0%| F|  |TAMS 0x0000000085700000, 0x0000000085700000| Untracked 
|  88|0x0000000085800000, 0x0000000085800000, 0x0000000085900000|  0%| F|  |TAMS 0x0000000085800000, 0x0000000085800000| Untracked 
|  89|0x0000000085900000, 0x0000000085900000, 0x0000000085a00000|  0%| F|  |TAMS 0x0000000085900000, 0x0000000085900000| Untracked 
|  90|0x0000000085a00000, 0x0000000085a00000, 0x0000000085b00000|  0%| F|  |TAMS 0x0000000085a00000, 0x0000000085a00000| Untracked 
|  91|0x0000000085b00000, 0x0000000085b00000, 0x0000000085c00000|  0%| F|  |TAMS 0x0000000085b00000, 0x0000000085b00000| Untracked 
|  92|0x0000000085c00000, 0x0000000085c00000, 0x0000000085d00000|  0%| F|  |TAMS 0x0000000085c00000, 0x0000000085c00000| Untracked 
|  93|0x0000000085d00000, 0x0000000085d00000, 0x0000000085e00000|  0%| F|  |TAMS 0x0000000085d00000, 0x0000000085d00000| Untracked 
|  94|0x0000000085e00000, 0x0000000085e00000, 0x0000000085f00000|  0%| F|  |TAMS 0x0000000085e00000, 0x0000000085e00000| Untracked 
|  95|0x0000000085f00000, 0x0000000085f00000, 0x0000000086000000|  0%| F|  |TAMS 0x0000000085f00000, 0x0000000085f00000| Untracked 
|  96|0x0000000086000000, 0x0000000086000000, 0x0000000086100000|  0%| F|  |TAMS 0x0000000086000000, 0x0000000086000000| Untracked 
|  97|0x0000000086100000, 0x0000000086100000, 0x0000000086200000|  0%| F|  |TAMS 0x0000000086100000, 0x0000000086100000| Untracked 
|  98|0x0000000086200000, 0x0000000086200000, 0x0000000086300000|  0%| F|  |TAMS 0x0000000086200000, 0x0000000086200000| Untracked 
|  99|0x0000000086300000, 0x0000000086300000, 0x0000000086400000|  0%| F|  |TAMS 0x0000000086300000, 0x0000000086300000| Untracked 
| 100|0x0000000086400000, 0x0000000086400000, 0x0000000086500000|  0%| F|  |TAMS 0x0000000086400000, 0x0000000086400000| Untracked 
| 101|0x0000000086500000, 0x0000000086500000, 0x0000000086600000|  0%| F|  |TAMS 0x0000000086500000, 0x0000000086500000| Untracked 
| 102|0x0000000086600000, 0x0000000086600000, 0x0000000086700000|  0%| F|  |TAMS 0x0000000086600000, 0x0000000086600000| Untracked 
| 103|0x0000000086700000, 0x0000000086700000, 0x0000000086800000|  0%| F|  |TAMS 0x0000000086700000, 0x0000000086700000| Untracked 
| 104|0x0000000086800000, 0x0000000086800000, 0x0000000086900000|  0%| F|  |TAMS 0x0000000086800000, 0x0000000086800000| Untracked 
| 105|0x0000000086900000, 0x0000000086900000, 0x0000000086a00000|  0%| F|  |TAMS 0x0000000086900000, 0x0000000086900000| Untracked 
| 106|0x0000000086a00000, 0x0000000086a00000, 0x0000000086b00000|  0%| F|  |TAMS 0x0000000086a00000, 0x0000000086a00000| Untracked 
| 107|0x0000000086b00000, 0x0000000086b00000, 0x0000000086c00000|  0%| F|  |TAMS 0x0000000086b00000, 0x0000000086b00000| Untracked 
| 108|0x0000000086c00000, 0x0000000086c00000, 0x0000000086d00000|  0%| F|  |TAMS 0x0000000086c00000, 0x0000000086c00000| Untracked 
| 109|0x0000000086d00000, 0x0000000086d00000, 0x0000000086e00000|  0%| F|  |TAMS 0x0000000086d00000, 0x0000000086d00000| Untracked 
| 110|0x0000000086e00000, 0x0000000086e00000, 0x0000000086f00000|  0%| F|  |TAMS 0x0000000086e00000, 0x0000000086e00000| Untracked 
| 111|0x0000000086f00000, 0x0000000086f00000, 0x0000000087000000|  0%| F|  |TAMS 0x0000000086f00000, 0x0000000086f00000| Untracked 
| 112|0x0000000087000000, 0x0000000087000000, 0x0000000087100000|  0%| F|  |TAMS 0x0000000087000000, 0x0000000087000000| Untracked 
| 113|0x0000000087100000, 0x0000000087100000, 0x0000000087200000|  0%| F|  |TAMS 0x0000000087100000, 0x0000000087100000| Untracked 
| 114|0x0000000087200000, 0x0000000087200000, 0x0000000087300000|  0%| F|  |TAMS 0x0000000087200000, 0x0000000087200000| Untracked 
| 115|0x0000000087300000, 0x0000000087300000, 0x0000000087400000|  0%| F|  |TAMS 0x0000000087300000, 0x0000000087300000| Untracked 
| 116|0x0000000087400000, 0x0000000087400000, 0x0000000087500000|  0%| F|  |TAMS 0x0000000087400000, 0x0000000087400000| Untracked 
| 117|0x0000000087500000, 0x0000000087500000, 0x0000000087600000|  0%| F|  |TAMS 0x0000000087500000, 0x0000000087500000| Untracked 
| 118|0x0000000087600000, 0x0000000087600000, 0x0000000087700000|  0%| F|  |TAMS 0x0000000087600000, 0x0000000087600000| Untracked 
| 119|0x0000000087700000, 0x0000000087700000, 0x0000000087800000|  0%| F|  |TAMS 0x0000000087700000, 0x0000000087700000| Untracked 
| 120|0x0000000087800000, 0x0000000087800000, 0x0000000087900000|  0%| F|  |TAMS 0x0000000087800000, 0x0000000087800000| Untracked 
| 121|0x0000000087900000, 0x0000000087900000, 0x0000000087a00000|  0%| F|  |TAMS 0x0000000087900000, 0x0000000087900000| Untracked 
| 122|0x0000000087a00000, 0x0000000087a00000, 0x0000000087b00000|  0%| F|  |TAMS 0x0000000087a00000, 0x0000000087a00000| Untracked 
| 123|0x0000000087b00000, 0x0000000087b00000, 0x0000000087c00000|  0%| F|  |TAMS 0x0000000087b00000, 0x0000000087b00000| Untracked 
| 124|0x0000000087c00000, 0x0000000087c00000, 0x0000000087d00000|  0%| F|  |TAMS 0x0000000087c00000, 0x0000000087c00000| Untracked 
| 125|0x0000000087d00000, 0x0000000087d00000, 0x0000000087e00000|  0%| F|  |TAMS 0x0000000087d00000, 0x0000000087d00000| Untracked 
| 126|0x0000000087e00000, 0x0000000087e00000, 0x0000000087f00000|  0%| F|  |TAMS 0x0000000087e00000, 0x0000000087e00000| Untracked 
| 127|0x0000000087f00000, 0x0000000087f00000, 0x0000000088000000|  0%| F|  |TAMS 0x0000000087f00000, 0x0000000087f00000| Untracked 

Card table byte_map: [0x00000121aaa70000,0x00000121aae70000] _byte_map_base: 0x00000121aa670000

Marking Bits (Prev, Next): (CMBitMap*) 0x0000012193bf2c50, (CMBitMap*) 0x0000012193bf2c18
 Prev Bits: [0x00000121ad270000, 0x00000121af270000)
 Next Bits: [0x00000121ab270000, 0x00000121ad270000)

Polling page: 0x00000121922c0000

Metaspace:

Usage:
  Non-class:     29.44 MB capacity,    29.05 MB ( 99%) used,   342.38 KB (  1%) free+waste,    61.38 KB ( <1%) overhead. 
      Class:      3.67 MB capacity,     3.40 MB ( 93%) used,   242.71 KB (  6%) free+waste,    26.63 KB ( <1%) overhead. 
       Both:     33.11 MB capacity,    32.45 MB ( 98%) used,   585.09 KB (  2%) free+waste,    88.00 KB ( <1%) overhead. 

Virtual space:
  Non-class space:       30.00 MB reserved,      29.50 MB ( 98%) committed 
      Class space:        1.00 GB reserved,       3.75 MB ( <1%) committed 
             Both:        1.03 GB reserved,      33.25 MB (  3%) committed 

Chunk freelists:
   Non-Class:  7.50 KB
       Class:  2.75 KB
        Both:  10.25 KB

CodeHeap 'non-profiled nmethods': size=120064Kb used=3066Kb max_used=3066Kb free=116997Kb
 bounds [0x00000121a2d30000, 0x00000121a3030000, 0x00000121aa270000]
CodeHeap 'profiled nmethods': size=120000Kb used=13449Kb max_used=13449Kb free=106550Kb
 bounds [0x000001219b800000, 0x000001219c530000, 0x00000121a2d30000]
CodeHeap 'non-nmethods': size=5696Kb used=1150Kb max_used=1190Kb free=4545Kb
 bounds [0x000001219b270000, 0x000001219b4e0000, 0x000001219b800000]
 total_blobs=6163 nmethods=5692 adapters=382
 compilation: enabled
              stopped_count=0, restarted_count=0
 full_count=0

Compilation events (10 events):
Event: 19.094 Thread 0x00000121b16a1000 5704   !   4       java.nio.file.FileTreeWalker::getAttributes (94 bytes)
Event: 19.097 Thread 0x00000121b16a1000 nmethod 5704 0x00000121a3029890 code [0x00000121a3029a40, 0x00000121a3029c68]
Event: 19.101 Thread 0x00000121b16a1000 5707       4       jdk.nio.zipfs.ZipFileSystem$Entry::cen (220 bytes)
Event: 19.192 Thread 0x00000121b16a1000 nmethod 5707 0x00000121a3029e90 code [0x00000121a302a0e0, 0x00000121a302c388]
Event: 19.193 Thread 0x00000121b16a1000 5708       4       jdk.nio.zipfs.ZipFileSystem$Entry::isDirectory (5 bytes)
Event: 19.193 Thread 0x00000121b16a1000 nmethod 5708 0x00000121a302d790 code [0x00000121a302d900, 0x00000121a302d958]
Event: 19.198 Thread 0x00000121b205c000 5709       3       sun.nio.fs.WindowsFileAttributes::isRegularFile (27 bytes)
Event: 19.198 Thread 0x00000121b205c000 nmethod 5709 0x000001219c521b90 code [0x000001219c521d80, 0x000001219c5223d8]
Event: 19.211 Thread 0x00000121b16a1000 5710       4       jdk.internal.ref.PhantomCleanable::<init> (49 bytes)
Event: 19.226 Thread 0x00000121b16a1000 nmethod 5710 0x00000121a302da10 code [0x00000121a302dba0, 0x00000121a302e658]

GC Heap History (10 events):
Event: 2.627 GC heap after
{Heap after GC invocations=3 (full 0):
 garbage-first heap   total 131072K, used 3704K [0x0000000080000000, 0x0000000100000000)
  region size 1024K, 2 young (2048K), 2 survivors (2048K)
 Metaspace       used 12387K, capacity 12596K, committed 12672K, reserved 1060864K
  class space    used 1251K, capacity 1348K, committed 1408K, reserved 1048576K
}
Event: 3.711 GC heap before
{Heap before GC invocations=3 (full 0):
 garbage-first heap   total 131072K, used 22136K [0x0000000080000000, 0x0000000100000000)
  region size 1024K, 20 young (20480K), 2 survivors (2048K)
 Metaspace       used 14377K, capacity 14583K, committed 14720K, reserved 1062912K
  class space    used 1500K, capacity 1581K, committed 1664K, reserved 1048576K
}
Event: 3.717 GC heap after
{Heap after GC invocations=4 (full 0):
 garbage-first heap   total 131072K, used 4307K [0x0000000080000000, 0x0000000100000000)
  region size 1024K, 3 young (3072K), 3 survivors (3072K)
 Metaspace       used 14377K, capacity 14583K, committed 14720K, reserved 1062912K
  class space    used 1500K, capacity 1581K, committed 1664K, reserved 1048576K
}
Event: 6.562 GC heap before
{Heap before GC invocations=4 (full 0):
 garbage-first heap   total 131072K, used 39123K [0x0000000080000000, 0x0000000100000000)
  region size 1024K, 37 young (37888K), 3 survivors (3072K)
 Metaspace       used 19797K, capacity 20135K, committed 20224K, reserved 1067008K
  class space    used 2118K, capacity 2247K, committed 2304K, reserved 1048576K
}
Event: 6.579 GC heap after
{Heap after GC invocations=5 (full 0):
 garbage-first heap   total 131072K, used 7334K [0x0000000080000000, 0x0000000100000000)
  region size 1024K, 5 young (5120K), 5 survivors (5120K)
 Metaspace       used 19797K, capacity 20135K, committed 20224K, reserved 1067008K
  class space    used 2118K, capacity 2247K, committed 2304K, reserved 1048576K
}
Event: 9.534 GC heap before
{Heap before GC invocations=5 (full 0):
 garbage-first heap   total 131072K, used 59558K [0x0000000080000000, 0x0000000100000000)
  region size 1024K, 57 young (58368K), 5 survivors (5120K)
 Metaspace       used 20898K, capacity 21212K, committed 21248K, reserved 1069056K
  class space    used 2169K, capacity 2285K, committed 2304K, reserved 1048576K
}
Event: 9.560 GC heap after
{Heap after GC invocations=6 (full 0):
 garbage-first heap   total 131072K, used 11858K [0x0000000080000000, 0x0000000100000000)
  region size 1024K, 10 young (10240K), 10 survivors (10240K)
 Metaspace       used 20898K, capacity 21212K, committed 21248K, reserved 1069056K
  class space    used 2169K, capacity 2285K, committed 2304K, reserved 1048576K
}
Event: 13.725 GC heap before
{Heap before GC invocations=7 (full 0):
 garbage-first heap   total 131072K, used 71250K [0x0000000080000000, 0x0000000100000000)
  region size 1024K, 67 young (68608K), 10 survivors (10240K)
 Metaspace       used 29761K, capacity 30303K, committed 30592K, reserved 1077248K
  class space    used 3176K, capacity 3347K, committed 3456K, reserved 1048576K
}
Event: 13.766 GC heap after
{Heap after GC invocations=8 (full 0):
 garbage-first heap   total 131072K, used 19632K [0x0000000080000000, 0x0000000100000000)
  region size 1024K, 9 young (9216K), 9 survivors (9216K)
 Metaspace       used 29761K, capacity 30303K, committed 30592K, reserved 1077248K
  class space    used 3176K, capacity 3347K, committed 3456K, reserved 1048576K
}
Event: 19.227 GC heap before
{Heap before GC invocations=8 (full 0):
 garbage-first heap   total 131072K, used 90288K [0x0000000080000000, 0x0000000100000000)
  region size 1024K, 75 young (76800K), 9 survivors (9216K)
 Metaspace       used 33228K, capacity 33902K, committed 34048K, reserved 1079296K
  class space    used 3484K, capacity 3754K, committed 3840K, reserved 1048576K
}

Deoptimization events (10 events):
Event: 16.808 Thread 0x0000012193bb7000 Uncommon trap: reason=bimorphic_or_optimized_type_check action=maybe_recompile pc=0x00000121a2e33424 method=java.util.HashMap.putVal(ILjava/lang/Object;Ljava/lang/Object;ZZ)Ljava/lang/Object; @ 253 c2
Event: 16.819 Thread 0x0000012193bb7000 Uncommon trap: reason=unstable_if action=reinterpret pc=0x00000121a2ed5100 method=java.util.WeakHashMap.eq(Ljava/lang/Object;Ljava/lang/Object;)Z @ 10 c2
Event: 18.325 Thread 0x0000012193bb7000 Uncommon trap: reason=unstable_if action=reinterpret pc=0x00000121a2fcf624 method=com.sun.tools.javac.file.BaseFileManager.getKind(Ljava/lang/String;)Ljavax/tools/JavaFileObject$Kind; @ 27 c2
Event: 18.532 Thread 0x0000012193bb7000 Uncommon trap: reason=intrinsic_or_type_checked_inlining action=make_not_entrant pc=0x00000121a3012070 method=java.util.ArrayList.toArray([Ljava/lang/Object;)[Ljava/lang/Object; @ 36 c2
Event: 18.787 Thread 0x0000012193bb7000 Uncommon trap: reason=class_check action=maybe_recompile pc=0x00000121a3002bc0 method=com.sun.tools.javac.code.Symtab.lookupPackage(Lcom/sun/tools/javac/code/Symbol$ModuleSymbol;Lcom/sun/tools/javac/util/Name;Z)Lcom/sun/tools/javac/code/Symbol$PackageSymb
Event: 18.787 Thread 0x0000012193bb7000 Uncommon trap: reason=class_check action=maybe_recompile pc=0x00000121a3002bc0 method=com.sun.tools.javac.code.Symtab.lookupPackage(Lcom/sun/tools/javac/code/Symbol$ModuleSymbol;Lcom/sun/tools/javac/util/Name;Z)Lcom/sun/tools/javac/code/Symbol$PackageSymb
Event: 18.787 Thread 0x0000012193bb7000 Uncommon trap: reason=class_check action=maybe_recompile pc=0x00000121a3002bc0 method=com.sun.tools.javac.code.Symtab.lookupPackage(Lcom/sun/tools/javac/code/Symbol$ModuleSymbol;Lcom/sun/tools/javac/util/Name;Z)Lcom/sun/tools/javac/code/Symbol$PackageSymb
Event: 18.787 Thread 0x0000012193bb7000 Uncommon trap: reason=class_check action=maybe_recompile pc=0x00000121a3002bc0 method=com.sun.tools.javac.code.Symtab.lookupPackage(Lcom/sun/tools/javac/code/Symbol$ModuleSymbol;Lcom/sun/tools/javac/util/Name;Z)Lcom/sun/tools/javac/code/Symbol$PackageSymb
Event: 18.926 Thread 0x0000012193bb7000 Uncommon trap: reason=unstable_if action=reinterpret pc=0x00000121a2f9ec04 method=sun.nio.ch.FileChannelImpl.beginBlocking()V @ 4 c2
Event: 18.943 Thread 0x0000012193bb7000 Uncommon trap: reason=bimorphic_or_optimized_type_check action=maybe_recompile pc=0x00000121a2e8cdf8 method=java.util.regex.Pattern$CharPropertyGreedy.match(Ljava/util/regex/Matcher;ILjava/lang/CharSequence;)Z @ 28 c2

Classes redefined (0 events):
No events

Internal exceptions (10 events):
Event: 18.792 Thread 0x0000012193bb7000 Exception <a 'sun/nio/fs/WindowsException'{0x0000000084787338}> (0x0000000084787338) thrown at [./open/src/hotspot/share/prims/jni.cpp, line 611]
Event: 18.960 Thread 0x0000012193bb7000 Exception <a 'sun/nio/fs/WindowsException'{0x000000008411f318}> (0x000000008411f318) thrown at [./open/src/hotspot/share/prims/jni.cpp, line 611]
Event: 18.960 Thread 0x0000012193bb7000 Exception <a 'sun/nio/fs/WindowsException'{0x000000008411f668}> (0x000000008411f668) thrown at [./open/src/hotspot/share/prims/jni.cpp, line 611]
Event: 18.960 Thread 0x0000012193bb7000 Exception <a 'sun/nio/fs/WindowsException'{0x0000000084120798}> (0x0000000084120798) thrown at [./open/src/hotspot/share/prims/jni.cpp, line 611]
Event: 18.961 Thread 0x0000012193bb7000 Exception <a 'sun/nio/fs/WindowsException'{0x0000000084120bb0}> (0x0000000084120bb0) thrown at [./open/src/hotspot/share/prims/jni.cpp, line 611]
Event: 18.961 Thread 0x0000012193bb7000 Exception <a 'sun/nio/fs/WindowsException'{0x0000000084121d70}> (0x0000000084121d70) thrown at [./open/src/hotspot/share/prims/jni.cpp, line 611]
Event: 18.961 Thread 0x0000012193bb7000 Exception <a 'sun/nio/fs/WindowsException'{0x00000000841220f0}> (0x00000000841220f0) thrown at [./open/src/hotspot/share/prims/jni.cpp, line 611]
Event: 19.012 Thread 0x0000012193bb7000 Exception <a 'sun/nio/fs/WindowsException'{0x0000000084069908}> (0x0000000084069908) thrown at [./open/src/hotspot/share/prims/jni.cpp, line 611]
Event: 19.013 Thread 0x0000012193bb7000 Exception <a 'sun/nio/fs/WindowsException'{0x0000000084069c78}> (0x0000000084069c78) thrown at [./open/src/hotspot/share/prims/jni.cpp, line 611]
Event: 19.013 Thread 0x0000012193bb7000 Exception <a 'sun/nio/fs/WindowsException'{0x000000008406ad18}> (0x000000008406ad18) thrown at [./open/src/hotspot/share/prims/jni.cpp, line 611]

Events (10 events):
Event: 18.829 Thread 0x0000012193bb7000 DEOPT UNPACKING pc=0x000001219b297c0e sp=0x0000001ea5ff72c0 mode 0
Event: 18.926 Thread 0x0000012193bb7000 Uncommon trap: trap_request=0xffffff4d fr.pc=0x00000121a2f9ec04 relative=0x0000000000000ee4
Event: 18.926 Executing VM operation: RevokeBias
Event: 18.926 Executing VM operation: RevokeBias done
Event: 18.926 Thread 0x0000012193bb7000 DEOPT PACKING pc=0x00000121a2f9ec04 sp=0x0000001ea5ffd480
Event: 18.926 Thread 0x0000012193bb7000 DEOPT UNPACKING pc=0x000001219b2783af sp=0x0000001ea5ffd3f0 mode 2
Event: 18.943 Thread 0x0000012193bb7000 Uncommon trap: trap_request=0xffffffc6 fr.pc=0x00000121a2e8cdf8 relative=0x0000000000000a18
Event: 18.943 Thread 0x0000012193bb7000 DEOPT PACKING pc=0x00000121a2e8cdf8 sp=0x0000001ea5ffd0e0
Event: 18.943 Thread 0x0000012193bb7000 DEOPT UNPACKING pc=0x000001219b2783af sp=0x0000001ea5ffd080 mode 2
Event: 19.227 Executing VM operation: G1CollectForAllocation


Dynamic libraries:
0x00007ff705ba0000 - 0x00007ff705baf000 	C:\Program Files\Java\jdk-11.0.16\bin\java.exe
0x00007ffb5f370000 - 0x00007ffb5f568000 	C:\Windows\SYSTEM32\ntdll.dll
0x00007ffb5dbe0000 - 0x00007ffb5dc9d000 	C:\Windows\System32\KERNEL32.DLL
0x00007ffb5cf20000 - 0x00007ffb5d1f2000 	C:\Windows\System32\KERNELBASE.dll
0x00007ffb5d2d0000 - 0x00007ffb5d3d0000 	C:\Windows\System32\ucrtbase.dll
0x00007ffb43360000 - 0x00007ffb43378000 	C:\Program Files\Java\jdk-11.0.16\bin\jli.dll
0x00007ffb5d440000 - 0x00007ffb5d4ee000 	C:\Windows\System32\ADVAPI32.dll
0x00007ffb5d4f0000 - 0x00007ffb5d58e000 	C:\Windows\System32\msvcrt.dll
0x00007ffb5eff0000 - 0x00007ffb5f08c000 	C:\Windows\System32\sechost.dll
0x00007ffb5f1d0000 - 0x00007ffb5f2f5000 	C:\Windows\System32\RPCRT4.dll
0x00007ffb5e820000 - 0x00007ffb5e9bd000 	C:\Windows\System32\USER32.dll
0x00007ffb5cd40000 - 0x00007ffb5cd62000 	C:\Windows\System32\win32u.dll
0x00007ffb5f110000 - 0x00007ffb5f13b000 	C:\Windows\System32\GDI32.dll
0x00007ffb5cb10000 - 0x00007ffb5cc1f000 	C:\Windows\System32\gdi32full.dll
0x00007ffb5d230000 - 0x00007ffb5d2cd000 	C:\Windows\System32\msvcp_win.dll
0x00007ffb40b40000 - 0x00007ffb40b55000 	C:\Program Files\Java\jdk-11.0.16\bin\VCRUNTIME140.dll
0x00007ffb40c90000 - 0x00007ffb40f2a000 	C:\Windows\WinSxS\amd64_microsoft.windows.common-controls_6595b64144ccf1df_6.0.19041.1110_none_60b5254171f9507e\COMCTL32.dll
0x00007ffb54a30000 - 0x00007ffb54a3a000 	C:\Windows\SYSTEM32\VERSION.dll
0x00007ffb5f300000 - 0x00007ffb5f330000 	C:\Windows\System32\IMM32.DLL
0x00007ffb0f120000 - 0x00007ffb0f1bb000 	C:\Program Files\Java\jdk-11.0.16\bin\msvcp140.dll
0x00007ffafc9c0000 - 0x00007ffafd4d8000 	C:\Program Files\Java\jdk-11.0.16\bin\server\jvm.dll
0x00007ffb5ef80000 - 0x00007ffb5ef88000 	C:\Windows\System32\PSAPI.DLL
0x00007ffb58510000 - 0x00007ffb58519000 	C:\Windows\SYSTEM32\WSOCK32.dll
0x00007ffb5dca0000 - 0x00007ffb5dd0b000 	C:\Windows\System32\WS2_32.dll
0x00007ffb39be0000 - 0x00007ffb39c07000 	C:\Windows\SYSTEM32\WINMM.dll
0x00007ffb5a920000 - 0x00007ffb5a932000 	C:\Windows\SYSTEM32\kernel.appcore.dll
0x00007ffb4ade0000 - 0x00007ffb4adf0000 	C:\Program Files\Java\jdk-11.0.16\bin\verify.dll
0x00007ffb4e1b0000 - 0x00007ffb4e394000 	C:\Windows\SYSTEM32\DBGHELP.DLL
0x00007ffb4e180000 - 0x00007ffb4e1ac000 	C:\Windows\SYSTEM32\dbgcore.DLL
0x00007ffb5ca80000 - 0x00007ffb5cb02000 	C:\Windows\System32\bcryptPrimitives.dll
0x00007ffb408f0000 - 0x00007ffb40918000 	C:\Program Files\Java\jdk-11.0.16\bin\java.dll
0x00007ffb418f0000 - 0x00007ffb418fa000 	C:\Program Files\Java\jdk-11.0.16\bin\jimage.dll
0x00007ffb408d0000 - 0x00007ffb408e6000 	C:\Program Files\Java\jdk-11.0.16\bin\zip.dll
0x00007ffb5dfe0000 - 0x00007ffb5e723000 	C:\Windows\System32\SHELL32.dll
0x00007ffb5ab20000 - 0x00007ffb5b2b1000 	C:\Windows\SYSTEM32\windows.storage.dll
0x00007ffb5d880000 - 0x00007ffb5dbd4000 	C:\Windows\System32\combase.dll
0x00007ffb5c320000 - 0x00007ffb5c350000 	C:\Windows\SYSTEM32\Wldp.dll
0x00007ffb5d6c0000 - 0x00007ffb5d76d000 	C:\Windows\System32\SHCORE.dll
0x00007ffb5d3e0000 - 0x00007ffb5d435000 	C:\Windows\System32\shlwapi.dll
0x00007ffb5c9c0000 - 0x00007ffb5c9df000 	C:\Windows\SYSTEM32\profapi.dll
0x00007ffb408b0000 - 0x00007ffb408c9000 	C:\Program Files\Java\jdk-11.0.16\bin\net.dll
0x00007ffb54480000 - 0x00007ffb5458d000 	C:\Windows\SYSTEM32\WINHTTP.dll
0x00007ffb5c100000 - 0x00007ffb5c16a000 	C:\Windows\system32\mswsock.dll
0x00007ffb40870000 - 0x00007ffb40882000 	C:\Program Files\Java\jdk-11.0.16\bin\nio.dll
0x0000000069ac0000 - 0x0000000069ae4000 	C:\Users\sfjbs\Downloads\micro service-20221001T123314Z-001\micro service\apache-maven-3.8.5-bin\apache-maven-3.8.5\lib\jansi-native\Windows\x86_64\jansi.dll

dbghelp: loaded successfully - version: 4.0.5 - missing functions: none
symbol engine: initialized successfully - sym options: 0x614 - pdb path: .;C:\Program Files\Java\jdk-11.0.16\bin;C:\Windows\SYSTEM32;C:\Windows\WinSxS\amd64_microsoft.windows.common-controls_6595b64144ccf1df_6.0.19041.1110_none_60b5254171f9507e;C:\Program Files\Java\jdk-11.0.16\bin\server;C:\Users\sfjbs\Downloads\micro service-20221001T123314Z-001\micro service\apache-maven-3.8.5-bin\apache-maven-3.8.5\lib\jansi-native\Windows\x86_64

VM Arguments:
jvm_args: -Dclassworlds.conf=C:\Users\sfjbs\Downloads\micro service-20221001T123314Z-001\micro service\apache-maven-3.8.5-bin\apache-maven-3.8.5\bin\m2.conf -Dmaven.home=C:\Users\sfjbs\Downloads\micro service-20221001T123314Z-001\micro service\apache-maven-3.8.5-bin\apache-maven-3.8.5 -Dlibrary.jansi.path=C:\Users\sfjbs\Downloads\micro service-20221001T123314Z-001\micro service\apache-maven-3.8.5-bin\apache-maven-3.8.5\lib\jansi-native -Dmaven.multiModuleProjectDirectory=C:\Users\sfjbs\mini project\day13\pension-management-system 
java_command: org.codehaus.plexus.classworlds.launcher.Launcher clean install
java_class_path (initial): C:\Users\sfjbs\Downloads\micro service-20221001T123314Z-001\micro service\apache-maven-3.8.5-bin\apache-maven-3.8.5\boot\plexus-classworlds-2.6.0.jar
Launcher Type: SUN_STANDARD

[Global flags]
     intx CICompilerCount                          = 2                                         {product} {ergonomic}
     uint ConcGCThreads                            = 1                                         {product} {ergonomic}
     uint G1ConcRefinementThreads                  = 2                                         {product} {ergonomic}
   size_t G1HeapRegionSize                         = 1048576                                   {product} {ergonomic}
    uintx GCDrainStackTargetSize                   = 64                                        {product} {ergonomic}
   size_t InitialHeapSize                          = 134217728                                 {product} {ergonomic}
   size_t MarkStackSize                            = 4194304                                   {product} {ergonomic}
   size_t MaxHeapSize                              = 2147483648                                {product} {ergonomic}
   size_t MaxNewSize                               = 1287651328                                {product} {ergonomic}
   size_t MinHeapDeltaBytes                        = 1048576                                   {product} {ergonomic}
    uintx NonNMethodCodeHeapSize                   = 5825164                                {pd product} {ergonomic}
    uintx NonProfiledCodeHeapSize                  = 122916538                              {pd product} {ergonomic}
    uintx ProfiledCodeHeapSize                     = 122916538                              {pd product} {ergonomic}
    uintx ReservedCodeCacheSize                    = 251658240                              {pd product} {ergonomic}
     bool SegmentedCodeCache                       = true                                      {product} {ergonomic}
     bool UseCompressedClassPointers               = true                                 {lp64_product} {ergonomic}
     bool UseCompressedOops                        = true                                 {lp64_product} {ergonomic}
     bool UseG1GC                                  = true                                      {product} {ergonomic}
     bool UseLargePagesIndividualAllocation        = false                                  {pd product} {ergonomic}

Logging:
Log output configuration:
 #0: stdout all=warning uptime,level,tags
 #1: stderr all=off uptime,level,tags

Environment Variables:
PATH=C:\Program Files\Common Files\Oracle\Java\javapath;C:\Windows\system32;C:\Windows;C:\Windows\System32\Wbem;C:\Windows\System32\WindowsPowerShell\v1.0\;C:\Windows\System32\OpenSSH\;C:\Users\sfjbs\Downloads\micro service-20221001T123314Z-001\micro service\apache-maven-3.8.5-bin\apache-maven-3.8.5\bin;C:\Users\sfjbs\Downloads\micro service-20221001T123314Z-001\micro service\apache-maven-3.8.5-bin\apache-maven-3.8.5\lib;C:\Program Files\Docker\Docker\resources\bin;C:\ProgramData\DockerDesktop\version-bin;C:\Program Files\Git\cmd;C:\Users\sfjbs\AppData\Local\Microsoft\WindowsApps;C:\Users\sfjbs\Downloads\micro service-20221001T123314Z-001\micro service\apache-maven-3.8.5-bin\apache-maven-3.8.5\bin;C:\Users\sfjbs\Downloads\micro service-20221001T123314Z-001\micro service\apache-maven-3.8.5-bin\apache-maven-3.8.5\lib;;C:\Program Files\JetBrains\IntelliJ IDEA Community Edition 2022.2.1\bin;
USERNAME=sfjbs
OS=Windows_NT
PROCESSOR_IDENTIFIER=Intel64 Family 6 Model 85 Stepping 7, GenuineIntel



---------------  S Y S T E M  ---------------

OS: Windows 10 , 64 bit Build 19041 (10.0.19041.1889)
Hyper-V role detected

CPU:total 2 (initial active 2) (1 cores per cpu, 2 threads per core) family 6 model 85 stepping 7 microcode 0xffffffff, cmov, cx8, fxsr, mmx, sse, sse2, sse3, ssse3, sse4.1, sse4.2, popcnt, avx, avx2, aes, clmul, erms, rtm, 3dnowpref, lzcnt, ht, tsc, bmi1, bmi2, adx, evex, fma

Memory: 4k page, system-wide physical 8190M (451M free)
TotalPageFile size 10238M (AvailPageFile size 48M)
current process WorkingSet (physical memory assigned to process): 232M, peak: 232M
current process commit charge ("private bytes"): 278M, peak: 326M

vm_info: Java HotSpot(TM) 64-Bit Server VM (11.0.16+11-LTS-199) for windows-amd64 JRE (11.0.16+11-LTS-199), built on Jun 28 2022 08:23:17 by "mach5one" with MS VC++ 15.9 (VS2017)

END.
