#
# There is insufficient memory for the Java Runtime Environment to continue.
# Native memory allocation (malloc) failed to allocate 131088 bytes for Chunk::new
# Possible reasons:
#   The system is out of physical RAM or swap space
#   The process is running with CompressedOops enabled, and the Java Heap may be blocking the growth of the native heap
# Possible solutions:
#   Reduce memory load on the system
#   Increase physical memory or swap space
#   Check if swap backing store is full
#   Decrease Java heap size (-Xmx/-Xms)
#   Decrease number of Java threads
#   Decrease Java thread stack sizes (-Xss)
#   Set larger code cache with -XX:ReservedCodeCacheSize=
#   JVM is running with Unscaled Compressed Oops mode in which the Java heap is
#     placed in the first 4GB address space. The Java Heap base address is the
#     maximum limit for the native heap growth. Please use -XX:HeapBaseMinAddress
#     to set the Java Heap base and to place the Java Heap above 4GB virtual address.
# This output file may be truncated or incomplete.
#
#  Out of Memory Error (./open/src/hotspot/share/memory/arena.cpp:197), pid=84800, tid=19020
#
# JRE version: Java(TM) SE Runtime Environment 18.9 (11.0.16+11) (build 11.0.16+11-LTS-199)
# Java VM: Java HotSpot(TM) 64-Bit Server VM 18.9 (11.0.16+11-LTS-199, mixed mode, tiered, compressed oops, g1 gc, windows-amd64)
# No core dump will be written. Minidumps are not enabled by default on client versions of Windows
#

---------------  S U M M A R Y ------------

Command Line: C:\Users\sfjbs\AppData\Local\Temp\surefire1831092266879122564\surefirebooter16631257797652673287.jar C:\Users\sfjbs\AppData\Local\Temp\surefire1831092266879122564 2022-11-01T09-54-01_327-jvmRun1 surefire16641835233999665256tmp surefire_0712474965995782824tmp

Host: Intel(R) Xeon(R) Platinum 8272CL CPU @ 2.60GHz, 2 cores, 7G,  Windows 10 , 64 bit Build 19041 (10.0.19041.1889)
Time: Tue Nov  1 09:54:17 2022 Coordinated Universal Time elapsed time: 14.798356 seconds (0d 0h 0m 14s)

---------------  T H R E A D  ---------------

Current thread (0x000001c27db12800):  JavaThread "C2 CompilerThread0" daemon [_thread_in_native, id=19020, stack(0x0000005d91a00000,0x0000005d91b00000)]


Current CompileTask:
C2:  14798 4318   !   4       jdk.internal.loader.BuiltinClassLoader::findClassOnClassPathOrNull (64 bytes)

Stack: [0x0000005d91a00000,0x0000005d91b00000]
Native frames: (J=compiled Java code, j=interpreted, Vv=VM code, C=native code)
V  [jvm.dll+0x62a3ea]
V  [jvm.dll+0x76418f]
V  [jvm.dll+0x765839]
V  [jvm.dll+0x765ec3]
V  [jvm.dll+0x23da98]
V  [jvm.dll+0xb2a1c]
V  [jvm.dll+0xb2fdc]
V  [jvm.dll+0xb2b2b]
V  [jvm.dll+0x60a6ef]
V  [jvm.dll+0x201982]
V  [jvm.dll+0x1f98ac]
V  [jvm.dll+0x1f756d]
V  [jvm.dll+0x177c81]
V  [jvm.dll+0x207006]
V  [jvm.dll+0x20519b]
V  [jvm.dll+0x729fa0]
V  [jvm.dll+0x722b74]
V  [jvm.dll+0x629286]
C  [ucrtbase.dll+0x21bb2]
C  [KERNEL32.DLL+0x17034]
C  [ntdll.dll+0x526a1]


---------------  P R O C E S S  ---------------

Threads class SMR info:
_java_thread_list=0x000001c21060f1d0, length=12, elements={
0x000001c26d858000, 0x000001c27daed000, 0x000001c27daf5800, 0x000001c27db0a800,
0x000001c27db0d800, 0x000001c27db0f000, 0x000001c27db12800, 0x000001c27db18000,
0x000001c27db23800, 0x000001c27e5eb800, 0x000001c27e6b6000, 0x000001c27e75d000
}

Java Threads: ( => current thread )
  0x000001c26d858000 JavaThread "main" [_thread_in_vm, id=86564, stack(0x0000005d90e00000,0x0000005d90f00000)]
  0x000001c27daed000 JavaThread "Reference Handler" daemon [_thread_blocked, id=87720, stack(0x0000005d91500000,0x0000005d91600000)]
  0x000001c27daf5800 JavaThread "Finalizer" daemon [_thread_blocked, id=86156, stack(0x0000005d91600000,0x0000005d91700000)]
  0x000001c27db0a800 JavaThread "Signal Dispatcher" daemon [_thread_blocked, id=87296, stack(0x0000005d91700000,0x0000005d91800000)]
  0x000001c27db0d800 JavaThread "Attach Listener" daemon [_thread_blocked, id=82224, stack(0x0000005d91800000,0x0000005d91900000)]
  0x000001c27db0f000 JavaThread "Service Thread" daemon [_thread_blocked, id=80120, stack(0x0000005d91900000,0x0000005d91a00000)]
=>0x000001c27db12800 JavaThread "C2 CompilerThread0" daemon [_thread_in_native, id=19020, stack(0x0000005d91a00000,0x0000005d91b00000)]
  0x000001c27db18000 JavaThread "C1 CompilerThread0" daemon [_thread_blocked, id=2576, stack(0x0000005d91b00000,0x0000005d91c00000)]
  0x000001c27db23800 JavaThread "Sweeper thread" daemon [_thread_blocked, id=82788, stack(0x0000005d91c00000,0x0000005d91d00000)]
  0x000001c27e5eb800 JavaThread "Common-Cleaner" daemon [_thread_blocked, id=87172, stack(0x0000005d91e00000,0x0000005d91f00000)]
  0x000001c27e6b6000 JavaThread "surefire-forkedjvm-command-thread" daemon [_thread_in_native, id=86560, stack(0x0000005d91f00000,0x0000005d92000000)]
  0x000001c27e75d000 JavaThread "surefire-forkedjvm-ping-30s" daemon [_thread_blocked, id=7172, stack(0x0000005d92000000,0x0000005d92100000)]

Other Threads:
  0x000001c27daec000 VMThread "VM Thread" [stack: 0x0000005d91400000,0x0000005d91500000] [id=14400]
  0x000001c27e5e6800 WatcherThread [stack: 0x0000005d91d00000,0x0000005d91e00000] [id=87816]
  0x000001c26d86d000 GCTaskThread "GC Thread#0" [stack: 0x0000005d90f00000,0x0000005d91000000] [id=87492]
  0x000001c27ea0a800 GCTaskThread "GC Thread#1" [stack: 0x0000005d92100000,0x0000005d92200000] [id=87060]
  0x000001c26d89d800 ConcurrentGCThread "G1 Main Marker" [stack: 0x0000005d91000000,0x0000005d91100000] [id=87476]
  0x000001c26d8a0000 ConcurrentGCThread "G1 Conc#0" [stack: 0x0000005d91100000,0x0000005d91200000] [id=87216]
  0x000001c26d925000 ConcurrentGCThread "G1 Refine#0" [stack: 0x0000005d91200000,0x0000005d91300000] [id=87048]
  0x000001c27ea14800 ConcurrentGCThread "G1 Refine#1" [stack: 0x0000005d92200000,0x0000005d92300000] [id=87404]
  0x000001c26d927000 ConcurrentGCThread "G1 Young RemSet Sampling" [stack: 0x0000005d91300000,0x0000005d91400000] [id=81436]

Threads with active compile tasks:
C2 CompilerThread0    14815 4318   !   4       jdk.internal.loader.BuiltinClassLoader::findClassOnClassPathOrNull (64 bytes)

VM state:not at safepoint (normal execution)

VM Mutex/Monitor currently owned by a thread:  ([mutex/lock_event])
[0x000001c26d848ac0] MetaspaceExpand_lock - owner thread: 0x000001c26d858000

Heap address: 0x0000000080000000, size: 2048 MB, Compressed Oops mode: 32-bit
Narrow klass base: 0x0000000000000000, Narrow klass shift: 3
Compressed class space size: 1073741824 Address: 0x0000000100000000

Heap:
 garbage-first heap   total 157696K, used 63284K [0x0000000080000000, 0x0000000100000000)
  region size 1024K, 56 young (57344K), 11 survivors (11264K)
 Metaspace       used 42878K, capacity 44118K, committed 44204K, reserved 1089536K
  class space    used 5531K, capacity 6070K, committed 6144K, reserved 1048576K
Heap Regions: E=young(eden), S=young(survivor), O=old, HS=humongous(starts), HC=humongous(continues), CS=collection set, F=free, A=archive, TAMS=top-at-mark-start (previous, next)
|   0|0x0000000080000000, 0x0000000080100000, 0x0000000080100000|100%| O|  |TAMS 0x0000000080100000, 0x0000000080000000| Untracked 
|   1|0x0000000080100000, 0x0000000080200000, 0x0000000080200000|100%| O|  |TAMS 0x0000000080200000, 0x0000000080100000| Untracked 
|   2|0x0000000080200000, 0x0000000080300000, 0x0000000080300000|100%| O|  |TAMS 0x0000000080300000, 0x0000000080200000| Untracked 
|   3|0x0000000080300000, 0x0000000080400000, 0x0000000080400000|100%|HS|  |TAMS 0x0000000080400000, 0x0000000080300000| Complete 
|   4|0x0000000080400000, 0x0000000080500000, 0x0000000080500000|100%| O|  |TAMS 0x0000000080500000, 0x0000000080400000| Untracked 
|   5|0x0000000080500000, 0x0000000080600000, 0x0000000080600000|100%| O|  |TAMS 0x0000000080600000, 0x0000000080500000| Untracked 
|   6|0x0000000080600000, 0x0000000080700000, 0x0000000080700000|100%| O|  |TAMS 0x0000000080700000, 0x0000000080600000| Untracked 
|   7|0x0000000080700000, 0x000000008074d000, 0x0000000080800000| 30%| O|  |TAMS 0x000000008074d000, 0x0000000080700000| Untracked 
|   8|0x0000000080800000, 0x0000000080800000, 0x0000000080900000|  0%| F|  |TAMS 0x0000000080800000, 0x0000000080800000| Untracked 
|   9|0x0000000080900000, 0x0000000080900000, 0x0000000080a00000|  0%| F|  |TAMS 0x0000000080900000, 0x0000000080900000| Untracked 
|  10|0x0000000080a00000, 0x0000000080a00000, 0x0000000080b00000|  0%| F|  |TAMS 0x0000000080a00000, 0x0000000080a00000| Untracked 
|  11|0x0000000080b00000, 0x0000000080b00000, 0x0000000080c00000|  0%| F|  |TAMS 0x0000000080b00000, 0x0000000080b00000| Untracked 
|  12|0x0000000080c00000, 0x0000000080c00000, 0x0000000080d00000|  0%| F|  |TAMS 0x0000000080c00000, 0x0000000080c00000| Untracked 
|  13|0x0000000080d00000, 0x0000000080d00000, 0x0000000080e00000|  0%| F|  |TAMS 0x0000000080d00000, 0x0000000080d00000| Untracked 
|  14|0x0000000080e00000, 0x0000000080e00000, 0x0000000080f00000|  0%| F|  |TAMS 0x0000000080e00000, 0x0000000080e00000| Untracked 
|  15|0x0000000080f00000, 0x0000000080f00000, 0x0000000081000000|  0%| F|  |TAMS 0x0000000080f00000, 0x0000000080f00000| Untracked 
|  16|0x0000000081000000, 0x0000000081000000, 0x0000000081100000|  0%| F|  |TAMS 0x0000000081000000, 0x0000000081000000| Untracked 
|  17|0x0000000081100000, 0x0000000081100000, 0x0000000081200000|  0%| F|  |TAMS 0x0000000081100000, 0x0000000081100000| Untracked 
|  18|0x0000000081200000, 0x0000000081200000, 0x0000000081300000|  0%| F|  |TAMS 0x0000000081200000, 0x0000000081200000| Untracked 
|  19|0x0000000081300000, 0x0000000081300000, 0x0000000081400000|  0%| F|  |TAMS 0x0000000081300000, 0x0000000081300000| Untracked 
|  20|0x0000000081400000, 0x0000000081400000, 0x0000000081500000|  0%| F|  |TAMS 0x0000000081400000, 0x0000000081400000| Untracked 
|  21|0x0000000081500000, 0x0000000081500000, 0x0000000081600000|  0%| F|  |TAMS 0x0000000081500000, 0x0000000081500000| Untracked 
|  22|0x0000000081600000, 0x0000000081600000, 0x0000000081700000|  0%| F|  |TAMS 0x0000000081600000, 0x0000000081600000| Untracked 
|  23|0x0000000081700000, 0x0000000081700000, 0x0000000081800000|  0%| F|  |TAMS 0x0000000081700000, 0x0000000081700000| Untracked 
|  24|0x0000000081800000, 0x0000000081800000, 0x0000000081900000|  0%| F|  |TAMS 0x0000000081800000, 0x0000000081800000| Untracked 
|  25|0x0000000081900000, 0x0000000081900000, 0x0000000081a00000|  0%| F|  |TAMS 0x0000000081900000, 0x0000000081900000| Untracked 
|  26|0x0000000081a00000, 0x0000000081a00000, 0x0000000081b00000|  0%| F|  |TAMS 0x0000000081a00000, 0x0000000081a00000| Untracked 
|  27|0x0000000081b00000, 0x0000000081b00000, 0x0000000081c00000|  0%| F|  |TAMS 0x0000000081b00000, 0x0000000081b00000| Untracked 
|  28|0x0000000081c00000, 0x0000000081c00000, 0x0000000081d00000|  0%| F|  |TAMS 0x0000000081c00000, 0x0000000081c00000| Untracked 
|  29|0x0000000081d00000, 0x0000000081d00000, 0x0000000081e00000|  0%| F|  |TAMS 0x0000000081d00000, 0x0000000081d00000| Untracked 
|  30|0x0000000081e00000, 0x0000000081e00000, 0x0000000081f00000|  0%| F|  |TAMS 0x0000000081e00000, 0x0000000081e00000| Untracked 
|  31|0x0000000081f00000, 0x0000000081f00000, 0x0000000082000000|  0%| F|  |TAMS 0x0000000081f00000, 0x0000000081f00000| Untracked 
|  32|0x0000000082000000, 0x0000000082000000, 0x0000000082100000|  0%| F|  |TAMS 0x0000000082000000, 0x0000000082000000| Untracked 
|  33|0x0000000082100000, 0x0000000082100000, 0x0000000082200000|  0%| F|  |TAMS 0x0000000082100000, 0x0000000082100000| Untracked 
|  34|0x0000000082200000, 0x0000000082200000, 0x0000000082300000|  0%| F|  |TAMS 0x0000000082200000, 0x0000000082200000| Untracked 
|  35|0x0000000082300000, 0x0000000082300000, 0x0000000082400000|  0%| F|  |TAMS 0x0000000082300000, 0x0000000082300000| Untracked 
|  36|0x0000000082400000, 0x0000000082400000, 0x0000000082500000|  0%| F|  |TAMS 0x0000000082400000, 0x0000000082400000| Untracked 
|  37|0x0000000082500000, 0x0000000082500000, 0x0000000082600000|  0%| F|  |TAMS 0x0000000082500000, 0x0000000082500000| Untracked 
|  38|0x0000000082600000, 0x0000000082600000, 0x0000000082700000|  0%| F|  |TAMS 0x0000000082600000, 0x0000000082600000| Untracked 
|  39|0x0000000082700000, 0x0000000082700000, 0x0000000082800000|  0%| F|  |TAMS 0x0000000082700000, 0x0000000082700000| Untracked 
|  40|0x0000000082800000, 0x0000000082800000, 0x0000000082900000|  0%| F|  |TAMS 0x0000000082800000, 0x0000000082800000| Untracked 
|  41|0x0000000082900000, 0x0000000082900000, 0x0000000082a00000|  0%| F|  |TAMS 0x0000000082900000, 0x0000000082900000| Untracked 
|  42|0x0000000082a00000, 0x0000000082a00000, 0x0000000082b00000|  0%| F|  |TAMS 0x0000000082a00000, 0x0000000082a00000| Untracked 
|  43|0x0000000082b00000, 0x0000000082b00000, 0x0000000082c00000|  0%| F|  |TAMS 0x0000000082b00000, 0x0000000082b00000| Untracked 
|  44|0x0000000082c00000, 0x0000000082c00000, 0x0000000082d00000|  0%| F|  |TAMS 0x0000000082c00000, 0x0000000082c00000| Untracked 
|  45|0x0000000082d00000, 0x0000000082d00000, 0x0000000082e00000|  0%| F|  |TAMS 0x0000000082d00000, 0x0000000082d00000| Untracked 
|  46|0x0000000082e00000, 0x0000000082e00000, 0x0000000082f00000|  0%| F|  |TAMS 0x0000000082e00000, 0x0000000082e00000| Untracked 
|  47|0x0000000082f00000, 0x0000000082f00000, 0x0000000083000000|  0%| F|  |TAMS 0x0000000082f00000, 0x0000000082f00000| Untracked 
|  48|0x0000000083000000, 0x0000000083000000, 0x0000000083100000|  0%| F|  |TAMS 0x0000000083000000, 0x0000000083000000| Untracked 
|  49|0x0000000083100000, 0x0000000083100000, 0x0000000083200000|  0%| F|  |TAMS 0x0000000083100000, 0x0000000083100000| Untracked 
|  50|0x0000000083200000, 0x0000000083200000, 0x0000000083300000|  0%| F|  |TAMS 0x0000000083200000, 0x0000000083200000| Untracked 
|  51|0x0000000083300000, 0x0000000083300000, 0x0000000083400000|  0%| F|  |TAMS 0x0000000083300000, 0x0000000083300000| Untracked 
|  52|0x0000000083400000, 0x0000000083400000, 0x0000000083500000|  0%| F|  |TAMS 0x0000000083400000, 0x0000000083400000| Untracked 
|  53|0x0000000083500000, 0x0000000083580000, 0x0000000083600000| 50%| S|CS|TAMS 0x0000000083500000, 0x0000000083500000| Complete 
|  54|0x0000000083600000, 0x0000000083700000, 0x0000000083700000|100%| S|CS|TAMS 0x0000000083600000, 0x0000000083600000| Complete 
|  55|0x0000000083700000, 0x0000000083800000, 0x0000000083800000|100%| S|CS|TAMS 0x0000000083700000, 0x0000000083700000| Complete 
|  56|0x0000000083800000, 0x0000000083900000, 0x0000000083900000|100%| S|CS|TAMS 0x0000000083800000, 0x0000000083800000| Complete 
|  57|0x0000000083900000, 0x0000000083a00000, 0x0000000083a00000|100%| S|CS|TAMS 0x0000000083900000, 0x0000000083900000| Complete 
|  58|0x0000000083a00000, 0x0000000083b00000, 0x0000000083b00000|100%| S|CS|TAMS 0x0000000083a00000, 0x0000000083a00000| Complete 
|  59|0x0000000083b00000, 0x0000000083c00000, 0x0000000083c00000|100%| S|CS|TAMS 0x0000000083b00000, 0x0000000083b00000| Complete 
|  60|0x0000000083c00000, 0x0000000083d00000, 0x0000000083d00000|100%| S|CS|TAMS 0x0000000083c00000, 0x0000000083c00000| Complete 
|  61|0x0000000083d00000, 0x0000000083e00000, 0x0000000083e00000|100%| S|CS|TAMS 0x0000000083d00000, 0x0000000083d00000| Complete 
|  62|0x0000000083e00000, 0x0000000083f00000, 0x0000000083f00000|100%| S|CS|TAMS 0x0000000083e00000, 0x0000000083e00000| Complete 
|  63|0x0000000083f00000, 0x0000000084000000, 0x0000000084000000|100%| S|CS|TAMS 0x0000000083f00000, 0x0000000083f00000| Complete 
|  64|0x0000000084000000, 0x0000000084000000, 0x0000000084100000|  0%| F|  |TAMS 0x0000000084000000, 0x0000000084000000| Untracked 
|  65|0x0000000084100000, 0x0000000084100000, 0x0000000084200000|  0%| F|  |TAMS 0x0000000084100000, 0x0000000084100000| Untracked 
|  66|0x0000000084200000, 0x0000000084200000, 0x0000000084300000|  0%| F|  |TAMS 0x0000000084200000, 0x0000000084200000| Untracked 
|  67|0x0000000084300000, 0x0000000084300000, 0x0000000084400000|  0%| F|  |TAMS 0x0000000084300000, 0x0000000084300000| Untracked 
|  68|0x0000000084400000, 0x0000000084400000, 0x0000000084500000|  0%| F|  |TAMS 0x0000000084400000, 0x0000000084400000| Untracked 
|  69|0x0000000084500000, 0x0000000084500000, 0x0000000084600000|  0%| F|  |TAMS 0x0000000084500000, 0x0000000084500000| Untracked 
|  70|0x0000000084600000, 0x0000000084600000, 0x0000000084700000|  0%| F|  |TAMS 0x0000000084600000, 0x0000000084600000| Untracked 
|  71|0x0000000084700000, 0x0000000084700000, 0x0000000084800000|  0%| F|  |TAMS 0x0000000084700000, 0x0000000084700000| Untracked 
|  72|0x0000000084800000, 0x0000000084800000, 0x0000000084900000|  0%| F|  |TAMS 0x0000000084800000, 0x0000000084800000| Untracked 
|  73|0x0000000084900000, 0x0000000084900000, 0x0000000084a00000|  0%| F|  |TAMS 0x0000000084900000, 0x0000000084900000| Untracked 
|  74|0x0000000084a00000, 0x0000000084a00000, 0x0000000084b00000|  0%| F|  |TAMS 0x0000000084a00000, 0x0000000084a00000| Untracked 
|  75|0x0000000084b00000, 0x0000000084b00000, 0x0000000084c00000|  0%| F|  |TAMS 0x0000000084b00000, 0x0000000084b00000| Untracked 
|  76|0x0000000084c00000, 0x0000000084c00000, 0x0000000084d00000|  0%| F|  |TAMS 0x0000000084c00000, 0x0000000084c00000| Untracked 
|  77|0x0000000084d00000, 0x0000000084d00000, 0x0000000084e00000|  0%| F|  |TAMS 0x0000000084d00000, 0x0000000084d00000| Untracked 
|  78|0x0000000084e00000, 0x0000000084e00000, 0x0000000084f00000|  0%| F|  |TAMS 0x0000000084e00000, 0x0000000084e00000| Untracked 
|  79|0x0000000084f00000, 0x0000000084f00000, 0x0000000085000000|  0%| F|  |TAMS 0x0000000084f00000, 0x0000000084f00000| Untracked 
|  80|0x0000000085000000, 0x0000000085000000, 0x0000000085100000|  0%| F|  |TAMS 0x0000000085000000, 0x0000000085000000| Untracked 
|  81|0x0000000085100000, 0x0000000085100000, 0x0000000085200000|  0%| F|  |TAMS 0x0000000085100000, 0x0000000085100000| Untracked 
|  82|0x0000000085200000, 0x0000000085200000, 0x0000000085300000|  0%| F|  |TAMS 0x0000000085200000, 0x0000000085200000| Untracked 
|  83|0x0000000085300000, 0x0000000085300000, 0x0000000085400000|  0%| F|  |TAMS 0x0000000085300000, 0x0000000085300000| Untracked 
|  84|0x0000000085400000, 0x0000000085400000, 0x0000000085500000|  0%| F|  |TAMS 0x0000000085400000, 0x0000000085400000| Untracked 
|  85|0x0000000085500000, 0x0000000085500000, 0x0000000085600000|  0%| F|  |TAMS 0x0000000085500000, 0x0000000085500000| Untracked 
|  86|0x0000000085600000, 0x0000000085600000, 0x0000000085700000|  0%| F|  |TAMS 0x0000000085600000, 0x0000000085600000| Untracked 
|  87|0x0000000085700000, 0x0000000085700000, 0x0000000085800000|  0%| F|  |TAMS 0x0000000085700000, 0x0000000085700000| Untracked 
|  88|0x0000000085800000, 0x0000000085800000, 0x0000000085900000|  0%| F|  |TAMS 0x0000000085800000, 0x0000000085800000| Untracked 
|  89|0x0000000085900000, 0x0000000085900000, 0x0000000085a00000|  0%| F|  |TAMS 0x0000000085900000, 0x0000000085900000| Untracked 
|  90|0x0000000085a00000, 0x0000000085a00000, 0x0000000085b00000|  0%| F|  |TAMS 0x0000000085a00000, 0x0000000085a00000| Untracked 
|  91|0x0000000085b00000, 0x0000000085b00000, 0x0000000085c00000|  0%| F|  |TAMS 0x0000000085b00000, 0x0000000085b00000| Untracked 
|  92|0x0000000085c00000, 0x0000000085c00000, 0x0000000085d00000|  0%| F|  |TAMS 0x0000000085c00000, 0x0000000085c00000| Untracked 
|  93|0x0000000085d00000, 0x0000000085d00000, 0x0000000085e00000|  0%| F|  |TAMS 0x0000000085d00000, 0x0000000085d00000| Untracked 
|  94|0x0000000085e00000, 0x0000000085e00000, 0x0000000085f00000|  0%| F|  |TAMS 0x0000000085e00000, 0x0000000085e00000| Untracked 
|  95|0x0000000085f00000, 0x0000000085f00000, 0x0000000086000000|  0%| F|  |TAMS 0x0000000085f00000, 0x0000000085f00000| Untracked 
|  96|0x0000000086000000, 0x0000000086000000, 0x0000000086100000|  0%| F|  |TAMS 0x0000000086000000, 0x0000000086000000| Untracked 
|  97|0x0000000086100000, 0x0000000086100000, 0x0000000086200000|  0%| F|  |TAMS 0x0000000086100000, 0x0000000086100000| Untracked 
|  98|0x0000000086200000, 0x0000000086200000, 0x0000000086300000|  0%| F|  |TAMS 0x0000000086200000, 0x0000000086200000| Untracked 
|  99|0x0000000086300000, 0x0000000086300000, 0x0000000086400000|  0%| F|  |TAMS 0x0000000086300000, 0x0000000086300000| Untracked 
| 100|0x0000000086400000, 0x0000000086400000, 0x0000000086500000|  0%| F|  |TAMS 0x0000000086400000, 0x0000000086400000| Untracked 
| 101|0x0000000086500000, 0x0000000086500000, 0x0000000086600000|  0%| F|  |TAMS 0x0000000086500000, 0x0000000086500000| Untracked 
| 102|0x0000000086600000, 0x0000000086600000, 0x0000000086700000|  0%| F|  |TAMS 0x0000000086600000, 0x0000000086600000| Untracked 
| 103|0x0000000086700000, 0x0000000086700000, 0x0000000086800000|  0%| F|  |TAMS 0x0000000086700000, 0x0000000086700000| Untracked 
| 104|0x0000000086800000, 0x0000000086800000, 0x0000000086900000|  0%| F|  |TAMS 0x0000000086800000, 0x0000000086800000| Untracked 
| 105|0x0000000086900000, 0x0000000086900000, 0x0000000086a00000|  0%| F|  |TAMS 0x0000000086900000, 0x0000000086900000| Untracked 
| 106|0x0000000086a00000, 0x0000000086a00000, 0x0000000086b00000|  0%| F|  |TAMS 0x0000000086a00000, 0x0000000086a00000| Untracked 
| 107|0x0000000086b00000, 0x0000000086b00000, 0x0000000086c00000|  0%| F|  |TAMS 0x0000000086b00000, 0x0000000086b00000| Untracked 
| 108|0x0000000086c00000, 0x0000000086c00000, 0x0000000086d00000|  0%| F|  |TAMS 0x0000000086c00000, 0x0000000086c00000| Untracked 
| 109|0x0000000086d00000, 0x0000000086d80800, 0x0000000086e00000| 50%| E|  |TAMS 0x0000000086d00000, 0x0000000086d00000| Complete 
| 110|0x0000000086e00000, 0x0000000086f00000, 0x0000000086f00000|100%| E|CS|TAMS 0x0000000086e00000, 0x0000000086e00000| Complete 
| 111|0x0000000086f00000, 0x0000000087000000, 0x0000000087000000|100%| E|CS|TAMS 0x0000000086f00000, 0x0000000086f00000| Complete 
| 112|0x0000000087000000, 0x0000000087100000, 0x0000000087100000|100%| E|CS|TAMS 0x0000000087000000, 0x0000000087000000| Complete 
| 113|0x0000000087100000, 0x0000000087200000, 0x0000000087200000|100%| E|CS|TAMS 0x0000000087100000, 0x0000000087100000| Complete 
| 114|0x0000000087200000, 0x0000000087300000, 0x0000000087300000|100%| E|CS|TAMS 0x0000000087200000, 0x0000000087200000| Complete 
| 115|0x0000000087300000, 0x0000000087400000, 0x0000000087400000|100%| E|CS|TAMS 0x0000000087300000, 0x0000000087300000| Complete 
| 116|0x0000000087400000, 0x0000000087500000, 0x0000000087500000|100%| E|CS|TAMS 0x0000000087400000, 0x0000000087400000| Complete 
| 117|0x0000000087500000, 0x0000000087600000, 0x0000000087600000|100%| E|CS|TAMS 0x0000000087500000, 0x0000000087500000| Complete 
| 118|0x0000000087600000, 0x0000000087700000, 0x0000000087700000|100%| E|CS|TAMS 0x0000000087600000, 0x0000000087600000| Complete 
| 119|0x0000000087700000, 0x0000000087800000, 0x0000000087800000|100%| E|CS|TAMS 0x0000000087700000, 0x0000000087700000| Complete 
| 120|0x0000000087800000, 0x0000000087900000, 0x0000000087900000|100%| E|CS|TAMS 0x0000000087800000, 0x0000000087800000| Complete 
| 121|0x0000000087900000, 0x0000000087a00000, 0x0000000087a00000|100%| E|CS|TAMS 0x0000000087900000, 0x0000000087900000| Complete 
| 122|0x0000000087a00000, 0x0000000087b00000, 0x0000000087b00000|100%| E|CS|TAMS 0x0000000087a00000, 0x0000000087a00000| Complete 
| 123|0x0000000087b00000, 0x0000000087c00000, 0x0000000087c00000|100%| E|CS|TAMS 0x0000000087b00000, 0x0000000087b00000| Complete 
| 124|0x0000000087c00000, 0x0000000087d00000, 0x0000000087d00000|100%| E|CS|TAMS 0x0000000087c00000, 0x0000000087c00000| Complete 
| 125|0x0000000087d00000, 0x0000000087e00000, 0x0000000087e00000|100%| E|CS|TAMS 0x0000000087d00000, 0x0000000087d00000| Complete 
| 126|0x0000000087e00000, 0x0000000087f00000, 0x0000000087f00000|100%| E|CS|TAMS 0x0000000087e00000, 0x0000000087e00000| Complete 
| 127|0x0000000087f00000, 0x0000000088000000, 0x0000000088000000|100%| E|CS|TAMS 0x0000000087f00000, 0x0000000087f00000| Complete 
| 128|0x0000000088000000, 0x0000000088100000, 0x0000000088100000|100%| E|CS|TAMS 0x0000000088000000, 0x0000000088000000| Complete 
| 129|0x0000000088100000, 0x0000000088200000, 0x0000000088200000|100%| E|CS|TAMS 0x0000000088100000, 0x0000000088100000| Complete 
| 130|0x0000000088200000, 0x0000000088300000, 0x0000000088300000|100%| E|CS|TAMS 0x0000000088200000, 0x0000000088200000| Complete 
| 131|0x0000000088300000, 0x0000000088400000, 0x0000000088400000|100%| E|CS|TAMS 0x0000000088300000, 0x0000000088300000| Complete 
| 132|0x0000000088400000, 0x0000000088500000, 0x0000000088500000|100%| E|CS|TAMS 0x0000000088400000, 0x0000000088400000| Complete 
| 133|0x0000000088500000, 0x0000000088600000, 0x0000000088600000|100%| E|CS|TAMS 0x0000000088500000, 0x0000000088500000| Complete 
| 134|0x0000000088600000, 0x0000000088700000, 0x0000000088700000|100%| E|CS|TAMS 0x0000000088600000, 0x0000000088600000| Complete 
| 135|0x0000000088700000, 0x0000000088800000, 0x0000000088800000|100%| E|CS|TAMS 0x0000000088700000, 0x0000000088700000| Complete 
| 136|0x0000000088800000, 0x0000000088900000, 0x0000000088900000|100%| E|CS|TAMS 0x0000000088800000, 0x0000000088800000| Complete 
| 137|0x0000000088900000, 0x0000000088a00000, 0x0000000088a00000|100%| E|CS|TAMS 0x0000000088900000, 0x0000000088900000| Complete 
| 138|0x0000000088a00000, 0x0000000088b00000, 0x0000000088b00000|100%| E|CS|TAMS 0x0000000088a00000, 0x0000000088a00000| Complete 
| 139|0x0000000088b00000, 0x0000000088c00000, 0x0000000088c00000|100%| E|CS|TAMS 0x0000000088b00000, 0x0000000088b00000| Complete 
| 140|0x0000000088c00000, 0x0000000088d00000, 0x0000000088d00000|100%| E|CS|TAMS 0x0000000088c00000, 0x0000000088c00000| Complete 
| 141|0x0000000088d00000, 0x0000000088e00000, 0x0000000088e00000|100%| E|CS|TAMS 0x0000000088d00000, 0x0000000088d00000| Complete 
| 142|0x0000000088e00000, 0x0000000088f00000, 0x0000000088f00000|100%| E|CS|TAMS 0x0000000088e00000, 0x0000000088e00000| Complete 
| 143|0x0000000088f00000, 0x0000000089000000, 0x0000000089000000|100%| E|CS|TAMS 0x0000000088f00000, 0x0000000088f00000| Complete 
| 144|0x0000000089000000, 0x0000000089100000, 0x0000000089100000|100%| E|CS|TAMS 0x0000000089000000, 0x0000000089000000| Complete 
| 145|0x0000000089100000, 0x0000000089200000, 0x0000000089200000|100%| E|CS|TAMS 0x0000000089100000, 0x0000000089100000| Complete 
| 146|0x0000000089200000, 0x0000000089300000, 0x0000000089300000|100%| E|CS|TAMS 0x0000000089200000, 0x0000000089200000| Complete 
| 147|0x0000000089300000, 0x0000000089400000, 0x0000000089400000|100%| E|CS|TAMS 0x0000000089300000, 0x0000000089300000| Complete 
| 148|0x0000000089400000, 0x0000000089500000, 0x0000000089500000|100%| E|CS|TAMS 0x0000000089400000, 0x0000000089400000| Complete 
| 149|0x0000000089500000, 0x0000000089600000, 0x0000000089600000|100%| E|CS|TAMS 0x0000000089500000, 0x0000000089500000| Complete 
| 150|0x0000000089600000, 0x0000000089700000, 0x0000000089700000|100%| E|CS|TAMS 0x0000000089600000, 0x0000000089600000| Complete 
| 151|0x0000000089700000, 0x0000000089800000, 0x0000000089800000|100%| E|CS|TAMS 0x0000000089700000, 0x0000000089700000| Complete 
| 152|0x0000000089800000, 0x0000000089900000, 0x0000000089900000|100%| E|CS|TAMS 0x0000000089800000, 0x0000000089800000| Complete 
| 153|0x0000000089900000, 0x0000000089a00000, 0x0000000089a00000|100%| E|CS|TAMS 0x0000000089900000, 0x0000000089900000| Complete 

Card table byte_map: [0x000001c276ee0000,0x000001c2772e0000] _byte_map_base: 0x000001c276ae0000

Marking Bits (Prev, Next): (CMBitMap*) 0x000001c26d894e08, (CMBitMap*) 0x000001c26d894e40
 Prev Bits: [0x000001c2776e0000, 0x000001c2796e0000)
 Next Bits: [0x000001c2796e0000, 0x000001c27b6e0000)

Polling page: 0x000001c26d640000

Metaspace:

Usage:
  Non-class:     37.16 MB capacity,    36.47 MB ( 98%) used,   544.62 KB (  1%) free+waste,   156.88 KB ( <1%) overhead. 
      Class:      5.93 MB capacity,     5.40 MB ( 91%) used,   458.79 KB (  8%) free+waste,    79.69 KB (  1%) overhead. 
       Both:     43.08 MB capacity,    41.87 MB ( 97%) used,  1003.41 KB (  2%) free+waste,   236.56 KB ( <1%) overhead. 

Virtual space:
  Non-class space:       40.00 MB reserved,      37.17 MB ( 93%) committed 
      Class space:        1.00 GB reserved,       6.00 MB ( <1%) committed 
             Both:        1.04 GB reserved,      43.17 MB (  4%) committed 

Chunk freelists:
   Non-Class:  1.50 KB
       Class:  1.25 KB
        Both:  2.75 KB

CodeHeap 'non-profiled nmethods': size=120064Kb used=2054Kb max_used=2054Kb free=118009Kb
 bounds [0x000001c207ac0000, 0x000001c207d30000, 0x000001c20f000000]
CodeHeap 'profiled nmethods': size=120000Kb used=9851Kb max_used=9851Kb free=110148Kb
 bounds [0x000001c200590000, 0x000001c200f30000, 0x000001c207ac0000]
CodeHeap 'non-nmethods': size=5696Kb used=1167Kb max_used=1213Kb free=4529Kb
 bounds [0x000001c200000000, 0x000001c200270000, 0x000001c200590000]
 total_blobs=4806 nmethods=4321 adapters=395
 compilation: enabled
              stopped_count=0, restarted_count=0
 full_count=0

Compilation events (10 events):
Event: 14.780 Thread 0x000001c27db18000 4320       1       org.springframework.beans.factory.support.AbstractBeanDefinition::setBeanClass (6 bytes)
Event: 14.780 Thread 0x000001c27db18000 nmethod 4320 0x000001c207cc1710 code [0x000001c207cc18a0, 0x000001c207cc19b8]
Event: 14.780 Thread 0x000001c27db18000 4321       3       org.springframework.beans.TypeConverterDelegate::<init> (15 bytes)
Event: 14.780 Thread 0x000001c27db18000 nmethod 4321 0x000001c200f2ca90 code [0x000001c200f2cc40, 0x000001c200f2ce58]
Event: 14.783 Thread 0x000001c27db18000 4322       3       java.beans.FeatureDescriptor::<init> (69 bytes)
Event: 14.783 Thread 0x000001c27db18000 nmethod 4322 0x000001c200f2cf10 code [0x000001c200f2d140, 0x000001c200f2d8c8]
Event: 14.789 Thread 0x000001c27db18000 4325       3       org.springframework.core.OrderComparator::getOrder (111 bytes)
Event: 14.789 Thread 0x000001c27db18000 nmethod 4325 0x000001c200f2db10 code [0x000001c200f2dd40, 0x000001c200f2e4d8]
Event: 14.790 Thread 0x000001c27db18000 4326       3       org.springframework.core.OrderComparator::getOrder (22 bytes)
Event: 14.790 Thread 0x000001c27db18000 nmethod 4326 0x000001c200f2e790 code [0x000001c200f2e940, 0x000001c200f2eba8]

GC Heap History (10 events):
Event: 4.093 GC heap before
{Heap before GC invocations=4 (full 0):
 garbage-first heap   total 131072K, used 32194K [0x0000000080000000, 0x0000000100000000)
  region size 1024K, 25 young (25600K), 2 survivors (2048K)
 Metaspace       used 18611K, capacity 19221K, committed 19456K, reserved 1067008K
  class space    used 2049K, capacity 2290K, committed 2304K, reserved 1048576K
}
Event: 4.102 GC heap after
{Heap after GC invocations=5 (full 0):
 garbage-first heap   total 131072K, used 9713K [0x0000000080000000, 0x0000000100000000)
  region size 1024K, 3 young (3072K), 3 survivors (3072K)
 Metaspace       used 18611K, capacity 19221K, committed 19456K, reserved 1067008K
  class space    used 2049K, capacity 2290K, committed 2304K, reserved 1048576K
}
Event: 4.747 GC heap before
{Heap before GC invocations=5 (full 0):
 garbage-first heap   total 131072K, used 16881K [0x0000000080000000, 0x0000000100000000)
  region size 1024K, 11 young (11264K), 3 survivors (3072K)
 Metaspace       used 20422K, capacity 21072K, committed 21248K, reserved 1069056K
  class space    used 2271K, capacity 2547K, committed 2560K, reserved 1048576K
}
Event: 4.755 GC heap after
{Heap after GC invocations=6 (full 0):
 garbage-first heap   total 131072K, used 10267K [0x0000000080000000, 0x0000000100000000)
  region size 1024K, 3 young (3072K), 3 survivors (3072K)
 Metaspace       used 20422K, capacity 21072K, committed 21248K, reserved 1069056K
  class space    used 2271K, capacity 2547K, committed 2560K, reserved 1048576K
}
Event: 8.701 GC heap before
{Heap before GC invocations=7 (full 0):
 garbage-first heap   total 131072K, used 85019K [0x0000000080000000, 0x0000000100000000)
  region size 1024K, 76 young (77824K), 3 survivors (3072K)
 Metaspace       used 30848K, capacity 31822K, committed 32000K, reserved 1077248K
  class space    used 3639K, capacity 4052K, committed 4096K, reserved 1048576K
}
Event: 8.720 GC heap after
{Heap after GC invocations=8 (full 0):
 garbage-first heap   total 157696K, used 13082K [0x0000000080000000, 0x0000000100000000)
  region size 1024K, 6 young (6144K), 6 survivors (6144K)
 Metaspace       used 30848K, capacity 31822K, committed 32000K, reserved 1077248K
  class space    used 3639K, capacity 4052K, committed 4096K, reserved 1048576K
}
Event: 9.616 GC heap before
{Heap before GC invocations=8 (full 0):
 garbage-first heap   total 157696K, used 43802K [0x0000000080000000, 0x0000000100000000)
  region size 1024K, 37 young (37888K), 6 survivors (6144K)
 Metaspace       used 34555K, capacity 35562K, committed 35628K, reserved 1081344K
  class space    used 4280K, capacity 4719K, committed 4736K, reserved 1048576K
}
Event: 9.633 GC heap after
{Heap after GC invocations=9 (full 0):
 garbage-first heap   total 157696K, used 14078K [0x0000000080000000, 0x0000000100000000)
  region size 1024K, 7 young (7168K), 7 survivors (7168K)
 Metaspace       used 34555K, capacity 35562K, committed 35628K, reserved 1081344K
  class space    used 4280K, capacity 4719K, committed 4736K, reserved 1048576K
}
Event: 12.355 GC heap before
{Heap before GC invocations=10 (full 0):
 garbage-first heap   total 157696K, used 99070K [0x0000000080000000, 0x0000000100000000)
  region size 1024K, 90 young (92160K), 7 survivors (7168K)
 Metaspace       used 40821K, capacity 42018K, committed 42156K, reserved 1085440K
  class space    used 5248K, capacity 5774K, committed 5888K, reserved 1048576K
}
Event: 12.382 GC heap after
{Heap after GC invocations=11 (full 0):
 garbage-first heap   total 157696K, used 18228K [0x0000000080000000, 0x0000000100000000)
  region size 1024K, 11 young (11264K), 11 survivors (11264K)
 Metaspace       used 40821K, capacity 42018K, committed 42156K, reserved 1085440K
  class space    used 5248K, capacity 5774K, committed 5888K, reserved 1048576K
}

Deoptimization events (10 events):
Event: 11.571 Thread 0x000001c26d858000 Uncommon trap: reason=profile_predicate action=maybe_recompile pc=0x000001c207c77944 method=java.lang.PublicMethods$MethodList.filter([Ljava/lang/reflect/Method;Ljava/lang/String;[Ljava/lang/Class;Z)Ljava/lang/PublicMethods$MethodList; @ 21 c2
Event: 11.571 Thread 0x000001c26d858000 Uncommon trap: reason=profile_predicate action=maybe_recompile pc=0x000001c207c77944 method=java.lang.PublicMethods$MethodList.filter([Ljava/lang/reflect/Method;Ljava/lang/String;[Ljava/lang/Class;Z)Ljava/lang/PublicMethods$MethodList; @ 21 c2
Event: 11.734 Thread 0x000001c26d858000 Uncommon trap: reason=class_check action=maybe_recompile pc=0x000001c207bc5db4 method=java.util.concurrent.ConcurrentHashMap.putVal(Ljava/lang/Object;Ljava/lang/Object;Z)Ljava/lang/Object; @ 159 c2
Event: 11.734 Thread 0x000001c26d858000 Uncommon trap: reason=class_check action=maybe_recompile pc=0x000001c207bc5db4 method=java.util.concurrent.ConcurrentHashMap.putVal(Ljava/lang/Object;Ljava/lang/Object;Z)Ljava/lang/Object; @ 159 c2
Event: 11.736 Thread 0x000001c26d858000 Uncommon trap: reason=unstable_if action=reinterpret pc=0x000001c207bdd3a4 method=java.util.concurrent.ConcurrentHashMap.get(Ljava/lang/Object;)Ljava/lang/Object; @ 152 c2
Event: 11.737 Thread 0x000001c26d858000 Uncommon trap: reason=class_check action=maybe_recompile pc=0x000001c207bc5db4 method=java.util.concurrent.ConcurrentHashMap.putVal(Ljava/lang/Object;Ljava/lang/Object;Z)Ljava/lang/Object; @ 159 c2
Event: 11.737 Thread 0x000001c26d858000 Uncommon trap: reason=class_check action=maybe_recompile pc=0x000001c207bc5db4 method=java.util.concurrent.ConcurrentHashMap.putVal(Ljava/lang/Object;Ljava/lang/Object;Z)Ljava/lang/Object; @ 159 c2
Event: 11.922 Thread 0x000001c26d858000 Uncommon trap: reason=unstable_if action=reinterpret pc=0x000001c207c6cf60 method=org.springframework.beans.factory.support.AbstractBeanFactory.isTypeMatch(Ljava/lang/String;Lorg/springframework/core/ResolvableType;Z)Z @ 72 c2
Event: 12.732 Thread 0x000001c26d858000 Uncommon trap: reason=unstable_if action=reinterpret pc=0x000001c207c60cd0 method=org.springframework.beans.factory.support.DefaultSingletonBeanRegistry.getSingleton(Ljava/lang/String;Z)Ljava/lang/Object; @ 39 c2
Event: 12.900 Thread 0x000001c26d858000 Uncommon trap: reason=unstable_if action=reinterpret pc=0x000001c207b95368 method=org.springframework.util.ObjectUtils.nullSafeEquals(Ljava/lang/Object;Ljava/lang/Object;)Z @ 12 c2

Classes redefined (0 events):
No events

Internal exceptions (10 events):
Event: 14.776 Thread 0x000001c26d858000 Exception <a 'java/lang/ClassNotFoundException'{0x0000000086fc5380}: org/springframework/beans/factory/AwareCustomizer> (0x0000000086fc5380) thrown at [./open/src/hotspot/share/classfile/systemDictionary.cpp, line 226]
Event: 14.781 Thread 0x000001c26d858000 Exception <a 'java/lang/ClassNotFoundException'{0x0000000086fec000}: java/lang/ObjectCustomizer> (0x0000000086fec000) thrown at [./open/src/hotspot/share/classfile/systemDictionary.cpp, line 226]
Event: 14.781 Thread 0x000001c26d858000 Exception <a 'java/lang/ClassNotFoundException'{0x0000000086e07e48}: org/springframework/security/access/intercept/AbstractSecurityInterceptorCustomizer> (0x0000000086e07e48) thrown at [./open/src/hotspot/share/classfile/systemDictionary.cpp, line 226]
Event: 14.782 Thread 0x000001c26d858000 Exception <a 'java/lang/ClassNotFoundException'{0x0000000086e2f960}: org/springframework/security/web/access/intercept/FilterSecurityInterceptorCustomizer> (0x0000000086e2f960) thrown at [./open/src/hotspot/share/classfile/systemDictionary.cpp, line 226]
Event: 14.785 Thread 0x000001c26d858000 Exception <a 'java/lang/ClassNotFoundException'{0x0000000086e50c78}: javax/servlet/FilterCustomizer> (0x0000000086e50c78) thrown at [./open/src/hotspot/share/classfile/systemDictionary.cpp, line 226]
Event: 14.785 Thread 0x000001c26d858000 Exception <a 'java/lang/ClassNotFoundException'{0x0000000086e662e0}: org/springframework/beans/factory/InitializingBeanCustomizer> (0x0000000086e662e0) thrown at [./open/src/hotspot/share/classfile/systemDictionary.cpp, line 226]
Event: 14.786 Thread 0x000001c26d858000 Exception <a 'java/lang/ClassNotFoundException'{0x0000000086e7c1d0}: org/springframework/context/ApplicationEventPublisherAwareCustomizer> (0x0000000086e7c1d0) thrown at [./open/src/hotspot/share/classfile/systemDictionary.cpp, line 226]
Event: 14.786 Thread 0x000001c26d858000 Exception <a 'java/lang/ClassNotFoundException'{0x0000000086e8f950}: org/springframework/beans/factory/AwareCustomizer> (0x0000000086e8f950) thrown at [./open/src/hotspot/share/classfile/systemDictionary.cpp, line 226]
Event: 14.787 Thread 0x000001c26d858000 Exception <a 'java/lang/ClassNotFoundException'{0x0000000086ea2e90}: org/springframework/context/MessageSourceAwareCustomizer> (0x0000000086ea2e90) thrown at [./open/src/hotspot/share/classfile/systemDictionary.cpp, line 226]
Event: 14.788 Thread 0x000001c26d858000 Exception <a 'java/lang/ClassNotFoundException'{0x0000000086eb6020}: org/springframework/beans/factory/AwareCustomizer> (0x0000000086eb6020) thrown at [./open/src/hotspot/share/classfile/systemDictionary.cpp, line 226]

Events (10 events):
Event: 14.793 loading class org/springframework/security/web/access/RequestMatcherDelegatingWebInvocationPrivilegeEvaluator
Event: 14.793 loading class org/springframework/security/web/access/RequestMatcherDelegatingWebInvocationPrivilegeEvaluator done
Event: 14.794 loading class org/springframework/security/web/FilterChainProxy
Event: 14.794 loading class org/springframework/security/web/FilterChainProxy done
Event: 14.795 loading class org/springframework/security/web/FilterChainProxy$FilterChainValidator
Event: 14.795 loading class org/springframework/security/web/FilterChainProxy$FilterChainValidator done
Event: 14.795 loading class org/springframework/security/web/FilterChainProxy$NullFilterChainValidator
Event: 14.795 loading class org/springframework/security/web/FilterChainProxy$NullFilterChainValidator done
Event: 14.796 loading class org/springframework/security/web/firewall/StrictHttpFirewall
Event: 14.796 loading class org/springframework/security/web/firewall/StrictHttpFirewall done


Dynamic libraries:
0x00007ff705ba0000 - 0x00007ff705baf000 	C:\Program Files\Java\jdk-11.0.16\bin\java.exe
0x00007ffb5f370000 - 0x00007ffb5f568000 	C:\Windows\SYSTEM32\ntdll.dll
0x00007ffb5dbe0000 - 0x00007ffb5dc9d000 	C:\Windows\System32\KERNEL32.DLL
0x00007ffb5cf20000 - 0x00007ffb5d1f2000 	C:\Windows\System32\KERNELBASE.dll
0x00007ffb5d2d0000 - 0x00007ffb5d3d0000 	C:\Windows\System32\ucrtbase.dll
0x00007ffb41820000 - 0x00007ffb41838000 	C:\Program Files\Java\jdk-11.0.16\bin\jli.dll
0x00007ffb5d440000 - 0x00007ffb5d4ee000 	C:\Windows\System32\ADVAPI32.dll
0x00007ffb5d4f0000 - 0x00007ffb5d58e000 	C:\Windows\System32\msvcrt.dll
0x00007ffb5eff0000 - 0x00007ffb5f08c000 	C:\Windows\System32\sechost.dll
0x00007ffb5f1d0000 - 0x00007ffb5f2f5000 	C:\Windows\System32\RPCRT4.dll
0x00007ffb5e820000 - 0x00007ffb5e9bd000 	C:\Windows\System32\USER32.dll
0x00007ffb5cd40000 - 0x00007ffb5cd62000 	C:\Windows\System32\win32u.dll
0x00007ffb5f110000 - 0x00007ffb5f13b000 	C:\Windows\System32\GDI32.dll
0x00007ffb5cb10000 - 0x00007ffb5cc1f000 	C:\Windows\System32\gdi32full.dll
0x00007ffb41800000 - 0x00007ffb41815000 	C:\Program Files\Java\jdk-11.0.16\bin\VCRUNTIME140.dll
0x00007ffb5d230000 - 0x00007ffb5d2cd000 	C:\Windows\System32\msvcp_win.dll
0x00007ffb40c90000 - 0x00007ffb40f2a000 	C:\Windows\WinSxS\amd64_microsoft.windows.common-controls_6595b64144ccf1df_6.0.19041.1110_none_60b5254171f9507e\COMCTL32.dll
0x00007ffb54a30000 - 0x00007ffb54a3a000 	C:\Windows\SYSTEM32\VERSION.dll
0x00007ffb5f300000 - 0x00007ffb5f330000 	C:\Windows\System32\IMM32.DLL
0x00007ffb40700000 - 0x00007ffb4079b000 	C:\Program Files\Java\jdk-11.0.16\bin\msvcp140.dll
0x00007ffafc9c0000 - 0x00007ffafd4d8000 	C:\Program Files\Java\jdk-11.0.16\bin\server\jvm.dll
0x00007ffb5ef80000 - 0x00007ffb5ef88000 	C:\Windows\System32\PSAPI.DLL
0x00007ffb58500000 - 0x00007ffb58509000 	C:\Windows\SYSTEM32\WSOCK32.dll
0x00007ffb5dca0000 - 0x00007ffb5dd0b000 	C:\Windows\System32\WS2_32.dll
0x00007ffb39be0000 - 0x00007ffb39c07000 	C:\Windows\SYSTEM32\WINMM.dll
0x00007ffb5a920000 - 0x00007ffb5a932000 	C:\Windows\SYSTEM32\kernel.appcore.dll
0x00007ffb47580000 - 0x00007ffb47590000 	C:\Program Files\Java\jdk-11.0.16\bin\verify.dll
0x00007ffb4e1b0000 - 0x00007ffb4e394000 	C:\Windows\SYSTEM32\DBGHELP.DLL
0x00007ffb4e180000 - 0x00007ffb4e1ac000 	C:\Windows\SYSTEM32\dbgcore.DLL
0x00007ffb5ca80000 - 0x00007ffb5cb02000 	C:\Windows\System32\bcryptPrimitives.dll
0x00007ffb40860000 - 0x00007ffb40888000 	C:\Program Files\Java\jdk-11.0.16\bin\java.dll
0x00007ffb43510000 - 0x00007ffb4351a000 	C:\Program Files\Java\jdk-11.0.16\bin\jimage.dll
0x00007ffb417e0000 - 0x00007ffb417f6000 	C:\Program Files\Java\jdk-11.0.16\bin\zip.dll
0x00007ffb5dfe0000 - 0x00007ffb5e723000 	C:\Windows\System32\SHELL32.dll
0x00007ffb5ab20000 - 0x00007ffb5b2b1000 	C:\Windows\SYSTEM32\windows.storage.dll
0x00007ffb5d880000 - 0x00007ffb5dbd4000 	C:\Windows\System32\combase.dll
0x00007ffb5c320000 - 0x00007ffb5c350000 	C:\Windows\SYSTEM32\Wldp.dll
0x00007ffb5d6c0000 - 0x00007ffb5d76d000 	C:\Windows\System32\SHCORE.dll
0x00007ffb5d3e0000 - 0x00007ffb5d435000 	C:\Windows\System32\shlwapi.dll
0x00007ffb5c9c0000 - 0x00007ffb5c9df000 	C:\Windows\SYSTEM32\profapi.dll
0x00007ffb408b0000 - 0x00007ffb408c9000 	C:\Program Files\Java\jdk-11.0.16\bin\net.dll
0x00007ffb54480000 - 0x00007ffb5458d000 	C:\Windows\SYSTEM32\WINHTTP.dll
0x00007ffb5c100000 - 0x00007ffb5c16a000 	C:\Windows\system32\mswsock.dll
0x00007ffb40680000 - 0x00007ffb40692000 	C:\Program Files\Java\jdk-11.0.16\bin\nio.dll
0x00007ffb58510000 - 0x00007ffb58519000 	C:\Program Files\Java\jdk-11.0.16\bin\management.dll
0x00007ffb584f0000 - 0x00007ffb584fb000 	C:\Program Files\Java\jdk-11.0.16\bin\management_ext.dll
0x00007ffb45c50000 - 0x00007ffb45c67000 	C:\Windows\system32\napinsp.dll
0x00007ffb479a0000 - 0x00007ffb479bb000 	C:\Windows\system32\pnrpnsp.dll
0x00007ffb47980000 - 0x00007ffb47995000 	C:\Windows\system32\wshbth.dll
0x00007ffb583e0000 - 0x00007ffb583fd000 	C:\Windows\system32\NLAapi.dll
0x00007ffb5be10000 - 0x00007ffb5be4b000 	C:\Windows\SYSTEM32\IPHLPAPI.DLL
0x00007ffb5be50000 - 0x00007ffb5bf1a000 	C:\Windows\SYSTEM32\DNSAPI.dll
0x00007ffb5d3d0000 - 0x00007ffb5d3d8000 	C:\Windows\System32\NSI.dll
0x00007ffb47900000 - 0x00007ffb47912000 	C:\Windows\System32\winrnr.dll
0x00007ffb53800000 - 0x00007ffb5380a000 	C:\Windows\System32\rasadhlp.dll
0x00007ffb54590000 - 0x00007ffb54610000 	C:\Windows\System32\fwpuclnt.dll
0x00007ffb5d200000 - 0x00007ffb5d227000 	C:\Windows\System32\bcrypt.dll
0x00007ffb5c360000 - 0x00007ffb5c378000 	C:\Windows\SYSTEM32\CRYPTSP.dll
0x00007ffb5ba40000 - 0x00007ffb5ba74000 	C:\Windows\system32\rsaenh.dll
0x00007ffb5c940000 - 0x00007ffb5c96e000 	C:\Windows\SYSTEM32\USERENV.dll
0x00007ffb5c290000 - 0x00007ffb5c29c000 	C:\Windows\SYSTEM32\CRYPTBASE.dll
0x00007ffb55490000 - 0x00007ffb554a7000 	C:\Windows\SYSTEM32\dhcpcsvc6.DLL
0x00007ffb55470000 - 0x00007ffb5548d000 	C:\Windows\SYSTEM32\dhcpcsvc.DLL

dbghelp: loaded successfully - version: 4.0.5 - missing functions: none
symbol engine: initialized successfully - sym options: 0x614 - pdb path: .;C:\Program Files\Java\jdk-11.0.16\bin;C:\Windows\SYSTEM32;C:\Windows\WinSxS\amd64_microsoft.windows.common-controls_6595b64144ccf1df_6.0.19041.1110_none_60b5254171f9507e;C:\Program Files\Java\jdk-11.0.16\bin\server

VM Arguments:
java_command: C:\Users\sfjbs\AppData\Local\Temp\surefire1831092266879122564\surefirebooter16631257797652673287.jar C:\Users\sfjbs\AppData\Local\Temp\surefire1831092266879122564 2022-11-01T09-54-01_327-jvmRun1 surefire16641835233999665256tmp surefire_0712474965995782824tmp
java_class_path (initial): C:\Users\sfjbs\AppData\Local\Temp\surefire1831092266879122564\surefirebooter16631257797652673287.jar
Launcher Type: SUN_STANDARD

[Global flags]
     intx CICompilerCount                          = 2                                         {product} {ergonomic}
     uint ConcGCThreads                            = 1                                         {product} {ergonomic}
     uint G1ConcRefinementThreads                  = 2                                         {product} {ergonomic}
   size_t G1HeapRegionSize                         = 1048576                                   {product} {ergonomic}
    uintx GCDrainStackTargetSize                   = 64                                        {product} {ergonomic}
   size_t InitialHeapSize                          = 134217728                                 {product} {ergonomic}
   size_t MarkStackSize                            = 4194304                                   {product} {ergonomic}
   size_t MaxHeapSize                              = 2147483648                                {product} {ergonomic}
   size_t MaxNewSize                               = 1287651328                                {product} {ergonomic}
   size_t MinHeapDeltaBytes                        = 1048576                                   {product} {ergonomic}
    uintx NonNMethodCodeHeapSize                   = 5825164                                {pd product} {ergonomic}
    uintx NonProfiledCodeHeapSize                  = 122916538                              {pd product} {ergonomic}
    uintx ProfiledCodeHeapSize                     = 122916538                              {pd product} {ergonomic}
    uintx ReservedCodeCacheSize                    = 251658240                              {pd product} {ergonomic}
     bool SegmentedCodeCache                       = true                                      {product} {ergonomic}
     bool UseCompressedClassPointers               = true                                 {lp64_product} {ergonomic}
     bool UseCompressedOops                        = true                                 {lp64_product} {ergonomic}
     bool UseG1GC                                  = true                                      {product} {ergonomic}
     bool UseLargePagesIndividualAllocation        = false                                  {pd product} {ergonomic}

Logging:
Log output configuration:
 #0: stdout all=warning uptime,level,tags
 #1: stderr all=off uptime,level,tags

Environment Variables:
PATH=C:\Program Files\Common Files\Oracle\Java\javapath;C:\Windows\system32;C:\Windows;C:\Windows\System32\Wbem;C:\Windows\System32\WindowsPowerShell\v1.0\;C:\Windows\System32\OpenSSH\;C:\Users\sfjbs\Downloads\micro service-20221001T123314Z-001\micro service\apache-maven-3.8.5-bin\apache-maven-3.8.5\bin;C:\Users\sfjbs\Downloads\micro service-20221001T123314Z-001\micro service\apache-maven-3.8.5-bin\apache-maven-3.8.5\lib;C:\Program Files\Docker\Docker\resources\bin;C:\ProgramData\DockerDesktop\version-bin;C:\Program Files\Git\cmd;C:\Users\sfjbs\AppData\Local\Microsoft\WindowsApps;C:\Users\sfjbs\Downloads\micro service-20221001T123314Z-001\micro service\apache-maven-3.8.5-bin\apache-maven-3.8.5\bin;C:\Users\sfjbs\Downloads\micro service-20221001T123314Z-001\micro service\apache-maven-3.8.5-bin\apache-maven-3.8.5\lib;;C:\Program Files\JetBrains\IntelliJ IDEA Community Edition 2022.2.1\bin;
USERNAME=sfjbs
OS=Windows_NT
PROCESSOR_IDENTIFIER=Intel64 Family 6 Model 85 Stepping 7, GenuineIntel



---------------  S Y S T E M  ---------------

OS: Windows 10 , 64 bit Build 19041 (10.0.19041.1889)
Hyper-V role detected

CPU:total 2 (initial active 2) (1 cores per cpu, 2 threads per core) family 6 model 85 stepping 7 microcode 0xffffffff, cmov, cx8, fxsr, mmx, sse, sse2, sse3, ssse3, sse4.1, sse4.2, popcnt, avx, avx2, aes, clmul, erms, rtm, 3dnowpref, lzcnt, ht, tsc, bmi1, bmi2, adx, evex, fma

Memory: 4k page, system-wide physical 8190M (497M free)
TotalPageFile size 10238M (AvailPageFile size 5M)
current process WorkingSet (physical memory assigned to process): 245M, peak: 250M
current process commit charge ("private bytes"): 312M, peak: 317M

vm_info: Java HotSpot(TM) 64-Bit Server VM (11.0.16+11-LTS-199) for windows-amd64 JRE (11.0.16+11-LTS-199), built on Jun 28 2022 08:23:17 by "mach5one" with MS VC++ 15.9 (VS2017)

END.
