#
# There is insufficient memory for the Java Runtime Environment to continue.
# Native memory allocation (mmap) failed to map 65011712 bytes for Failed to commit area from 0x0000000089a00000 to 0x000000008d800000 of length 65011712.
# Possible reasons:
#   The system is out of physical RAM or swap space
#   The process is running with CompressedOops enabled, and the Java Heap may be blocking the growth of the native heap
# Possible solutions:
#   Reduce memory load on the system
#   Increase physical memory or swap space
#   Check if swap backing store is full
#   Decrease Java heap size (-Xmx/-Xms)
#   Decrease number of Java threads
#   Decrease Java thread stack sizes (-Xss)
#   Set larger code cache with -XX:ReservedCodeCacheSize=
#   JVM is running with Unscaled Compressed Oops mode in which the Java heap is
#     placed in the first 4GB address space. The Java Heap base address is the
#     maximum limit for the native heap growth. Please use -XX:HeapBaseMinAddress
#     to set the Java Heap base and to place the Java Heap above 4GB virtual address.
# This output file may be truncated or incomplete.
#
#  Out of Memory Error (./open/src/hotspot/os/windows/os_windows.cpp:3287), pid=87104, tid=84660
#
# JRE version: Java(TM) SE Runtime Environment 18.9 (11.0.16+11) (build 11.0.16+11-LTS-199)
# Java VM: Java HotSpot(TM) 64-Bit Server VM 18.9 (11.0.16+11-LTS-199, mixed mode, tiered, compressed oops, g1 gc, windows-amd64)
# No core dump will be written. Minidumps are not enabled by default on client versions of Windows
#

---------------  S U M M A R Y ------------

Command Line: C:\Users\sfjbs\AppData\Local\Temp\surefire3756419727195746314\surefirebooter3017274783746924075.jar C:\Users\sfjbs\AppData\Local\Temp\surefire3756419727195746314 2022-11-01T09-50-31_839-jvmRun1 surefire7391619240733417084tmp surefire_06287285989514954247tmp

Host: Intel(R) Xeon(R) Platinum 8272CL CPU @ 2.60GHz, 2 cores, 7G,  Windows 10 , 64 bit Build 19041 (10.0.19041.1889)
Time: Tue Nov  1 09:50:46 2022 Coordinated Universal Time elapsed time: 13.726139 seconds (0d 0h 0m 13s)

---------------  T H R E A D  ---------------

Current thread (0x0000020265c8c800):  VMThread "VM Thread" [stack: 0x0000009b94b00000,0x0000009b94c00000] [id=84660]

Stack: [0x0000009b94b00000,0x0000009b94c00000]
[error occurred during error reporting (printing stack bounds), id 0xc0000005, EXCEPTION_ACCESS_VIOLATION (0xc0000005) at pc=0x000002024f8910e7]

Native frames: (J=compiled Java code, j=interpreted, Vv=VM code, C=native code)
V  [jvm.dll+0x62a3ea]
V  [jvm.dll+0x76418f]
V  [jvm.dll+0x765839]
V  [jvm.dll+0x765e25]
V  [jvm.dll+0x765ddb]
V  [jvm.dll+0x6298d3]
V  [jvm.dll+0x629fe8]
C  [ntdll.dll+0xa241f]
C  [ntdll.dll+0x514a4]
C  [ntdll.dll+0xa0f4e]
C  0x000002024f8910e7

VM_Operation (0x0000009b944f9e30): G1CollectForAllocation, mode: safepoint, requested by thread 0x00000202469fb800


---------------  P R O C E S S  ---------------

Threads class SMR info:
_java_thread_list=0x00000202681beeb0, length=12, elements={
0x00000202469fb800, 0x0000020265c90000, 0x0000020265c92800, 0x0000020265cb7800,
0x0000020265cbc000, 0x0000020265cbd000, 0x0000020265cc1000, 0x0000020265cf9000,
0x0000020265cfc000, 0x000002026671d000, 0x000002026685d800, 0x0000020266980800
}

Java Threads: ( => current thread )
  0x00000202469fb800 JavaThread "main" [_thread_blocked, id=87044, stack(0x0000009b94400000,0x0000009b94500000)]
  0x0000020265c90000 JavaThread "Reference Handler" daemon [_thread_blocked, id=82036, stack(0x0000009b94c00000,0x0000009b94d00000)]
  0x0000020265c92800 JavaThread "Finalizer" daemon [_thread_blocked, id=87148, stack(0x0000009b94d00000,0x0000009b94e00000)]
  0x0000020265cb7800 JavaThread "Signal Dispatcher" daemon [_thread_blocked, id=87196, stack(0x0000009b94e00000,0x0000009b94f00000)]
  0x0000020265cbc000 JavaThread "Attach Listener" daemon [_thread_blocked, id=87168, stack(0x0000009b94f00000,0x0000009b95000000)]
  0x0000020265cbd000 JavaThread "Service Thread" daemon [_thread_blocked, id=87188, stack(0x0000009b95000000,0x0000009b95100000)]
  0x0000020265cc1000 JavaThread "C2 CompilerThread0" daemon [_thread_in_native, id=87176, stack(0x0000009b95100000,0x0000009b95200000)]
  0x0000020265cf9000 JavaThread "C1 CompilerThread0" daemon [_thread_blocked, id=87164, stack(0x0000009b95200000,0x0000009b95300000)]
  0x0000020265cfc000 JavaThread "Sweeper thread" daemon [_thread_blocked, id=87172, stack(0x0000009b95300000,0x0000009b95400000)]
  0x000002026671d000 JavaThread "Common-Cleaner" daemon [_thread_blocked, id=87160, stack(0x0000009b95500000,0x0000009b95600000)]
  0x000002026685d800 JavaThread "surefire-forkedjvm-command-thread" daemon [_thread_in_native, id=87228, stack(0x0000009b95600000,0x0000009b95700000)]
  0x0000020266980800 JavaThread "surefire-forkedjvm-ping-30s" daemon [_thread_in_native, id=87236, stack(0x0000009b95700000,0x0000009b95800000)]

Other Threads:
=>0x0000020265c8c800 VMThread "VM Thread" [stack: 0x0000009b94b00000,0x0000009b94c00000] [id=84660]
  0x000002026671c800 WatcherThread [stack: 0x0000009b95400000,0x0000009b95500000] [id=87156]
  0x0000020246a10800 GCTaskThread "GC Thread#0" [stack: 0x0000009b94600000,0x0000009b94700000] [id=87048]
  0x0000020266a77000 GCTaskThread "GC Thread#1" [stack: 0x0000009b95800000,0x0000009b95900000] [id=87212]
  0x0000020246a3b000 ConcurrentGCThread "G1 Main Marker" [stack: 0x0000009b94700000,0x0000009b94800000] [id=87072]
  0x0000020246a3d800 ConcurrentGCThread "G1 Conc#0" [stack: 0x0000009b94800000,0x0000009b94900000] [id=78328]
  0x0000020246ac3000 ConcurrentGCThread "G1 Refine#0" [stack: 0x0000009b94900000,0x0000009b94a00000] [id=85768]
  0x0000020266869000 ConcurrentGCThread "G1 Refine#1" [stack: 0x0000009b95900000,0x0000009b95a00000] [id=87192]
  0x0000020246ac5000 ConcurrentGCThread "G1 Young RemSet Sampling" [stack: 0x0000009b94a00000,0x0000009b94b00000] [id=85044]

Threads with active compile tasks:
C2 CompilerThread0    13736 4483       4       jdk.internal.loader.BuiltinClassLoader::defineClass (121 bytes)

VM state:at safepoint (normal execution)

VM Mutex/Monitor currently owned by a thread:  ([mutex/lock_event])
[0x00000202469f7d20] Threads_lock - owner thread: 0x0000020265c8c800
[0x00000202469f7ff0] Heap_lock - owner thread: 0x00000202469fb800

Heap address: 0x0000000080000000, size: 2048 MB, Compressed Oops mode: 32-bit
Narrow klass base: 0x0000000000000000, Narrow klass shift: 3
Compressed class space size: 1073741824 Address: 0x0000000100000000

Heap:
 garbage-first heap   total 221184K, used 19215K [0x0000000080000000, 0x0000000100000000)
  region size 1024K, 7 young (7168K), 7 survivors (7168K)
 Metaspace       used 47394K, capacity 48862K, committed 49016K, reserved 1091584K
  class space    used 6221K, capacity 6820K, committed 6860K, reserved 1048576K
Heap Regions: E=young(eden), S=young(survivor), O=old, HS=humongous(starts), HC=humongous(continues), CS=collection set, F=free, A=archive, TAMS=top-at-mark-start (previous, next)
|   0|0x0000000080000000, 0x0000000080100000, 0x0000000080100000|100%| O|  |TAMS 0x0000000080100000, 0x0000000080000000| Untracked 
|   1|0x0000000080100000, 0x0000000080200000, 0x0000000080200000|100%| O|  |TAMS 0x0000000080200000, 0x0000000080100000| Untracked 
|   2|0x0000000080200000, 0x0000000080300000, 0x0000000080300000|100%| O|  |TAMS 0x0000000080300000, 0x0000000080200000| Untracked 
|   3|0x0000000080300000, 0x0000000080400000, 0x0000000080400000|100%|HS|  |TAMS 0x0000000080400000, 0x0000000080300000| Complete 
|   4|0x0000000080400000, 0x0000000080500000, 0x0000000080500000|100%| O|  |TAMS 0x0000000080500000, 0x0000000080400000| Untracked 
|   5|0x0000000080500000, 0x0000000080600000, 0x0000000080600000|100%| O|  |TAMS 0x0000000080600000, 0x0000000080500000| Untracked 
|   6|0x0000000080600000, 0x0000000080700000, 0x0000000080700000|100%| O|  |TAMS 0x0000000080700000, 0x0000000080600000| Untracked 
|   7|0x0000000080700000, 0x0000000080800000, 0x0000000080800000|100%| O|  |TAMS 0x00000000807cdc00, 0x0000000080700000| Untracked 
|   8|0x0000000080800000, 0x0000000080900000, 0x0000000080900000|100%| O|  |TAMS 0x0000000080800000, 0x0000000080800000| Untracked 
|   9|0x0000000080900000, 0x0000000080a00000, 0x0000000080a00000|100%| O|  |TAMS 0x0000000080900000, 0x0000000080900000| Untracked 
|  10|0x0000000080a00000, 0x0000000080b00000, 0x0000000080b00000|100%| O|  |TAMS 0x0000000080a00000, 0x0000000080a00000| Untracked 
|  11|0x0000000080b00000, 0x0000000080c00000, 0x0000000080c00000|100%| O|  |TAMS 0x0000000080b00000, 0x0000000080b00000| Untracked 
|  12|0x0000000080c00000, 0x0000000080c43e00, 0x0000000080d00000| 26%| O|  |TAMS 0x0000000080c00000, 0x0000000080c00000| Untracked 
|  13|0x0000000080d00000, 0x0000000080d00000, 0x0000000080e00000|  0%| F|  |TAMS 0x0000000080d00000, 0x0000000080d00000| Untracked 
|  14|0x0000000080e00000, 0x0000000080e00000, 0x0000000080f00000|  0%| F|  |TAMS 0x0000000080e00000, 0x0000000080e00000| Untracked 
|  15|0x0000000080f00000, 0x0000000080f00000, 0x0000000081000000|  0%| F|  |TAMS 0x0000000080f00000, 0x0000000080f00000| Untracked 
|  16|0x0000000081000000, 0x0000000081000000, 0x0000000081100000|  0%| F|  |TAMS 0x0000000081000000, 0x0000000081000000| Untracked 
|  17|0x0000000081100000, 0x0000000081100000, 0x0000000081200000|  0%| F|  |TAMS 0x0000000081100000, 0x0000000081100000| Untracked 
|  18|0x0000000081200000, 0x0000000081200000, 0x0000000081300000|  0%| F|  |TAMS 0x0000000081200000, 0x0000000081200000| Untracked 
|  19|0x0000000081300000, 0x0000000081300000, 0x0000000081400000|  0%| F|  |TAMS 0x0000000081300000, 0x0000000081300000| Untracked 
|  20|0x0000000081400000, 0x0000000081400000, 0x0000000081500000|  0%| F|  |TAMS 0x0000000081400000, 0x0000000081400000| Untracked 
|  21|0x0000000081500000, 0x0000000081500000, 0x0000000081600000|  0%| F|  |TAMS 0x0000000081500000, 0x0000000081500000| Untracked 
|  22|0x0000000081600000, 0x0000000081600000, 0x0000000081700000|  0%| F|  |TAMS 0x0000000081600000, 0x0000000081600000| Untracked 
|  23|0x0000000081700000, 0x0000000081700000, 0x0000000081800000|  0%| F|  |TAMS 0x0000000081700000, 0x0000000081700000| Untracked 
|  24|0x0000000081800000, 0x0000000081800000, 0x0000000081900000|  0%| F|  |TAMS 0x0000000081800000, 0x0000000081800000| Untracked 
|  25|0x0000000081900000, 0x0000000081900000, 0x0000000081a00000|  0%| F|  |TAMS 0x0000000081900000, 0x0000000081900000| Untracked 
|  26|0x0000000081a00000, 0x0000000081a00000, 0x0000000081b00000|  0%| F|  |TAMS 0x0000000081a00000, 0x0000000081a00000| Untracked 
|  27|0x0000000081b00000, 0x0000000081b00000, 0x0000000081c00000|  0%| F|  |TAMS 0x0000000081b00000, 0x0000000081b00000| Untracked 
|  28|0x0000000081c00000, 0x0000000081c00000, 0x0000000081d00000|  0%| F|  |TAMS 0x0000000081c00000, 0x0000000081c00000| Untracked 
|  29|0x0000000081d00000, 0x0000000081d00000, 0x0000000081e00000|  0%| F|  |TAMS 0x0000000081d00000, 0x0000000081d00000| Untracked 
|  30|0x0000000081e00000, 0x0000000081e00000, 0x0000000081f00000|  0%| F|  |TAMS 0x0000000081e00000, 0x0000000081e00000| Untracked 
|  31|0x0000000081f00000, 0x0000000081f00000, 0x0000000082000000|  0%| F|  |TAMS 0x0000000081f00000, 0x0000000081f00000| Untracked 
|  32|0x0000000082000000, 0x0000000082000000, 0x0000000082100000|  0%| F|  |TAMS 0x0000000082000000, 0x0000000082000000| Untracked 
|  33|0x0000000082100000, 0x0000000082100000, 0x0000000082200000|  0%| F|  |TAMS 0x0000000082100000, 0x0000000082100000| Untracked 
|  34|0x0000000082200000, 0x0000000082200000, 0x0000000082300000|  0%| F|  |TAMS 0x0000000082200000, 0x0000000082200000| Untracked 
|  35|0x0000000082300000, 0x0000000082300000, 0x0000000082400000|  0%| F|  |TAMS 0x0000000082300000, 0x0000000082300000| Untracked 
|  36|0x0000000082400000, 0x0000000082400000, 0x0000000082500000|  0%| F|  |TAMS 0x0000000082400000, 0x0000000082400000| Untracked 
|  37|0x0000000082500000, 0x0000000082500000, 0x0000000082600000|  0%| F|  |TAMS 0x0000000082500000, 0x0000000082500000| Untracked 
|  38|0x0000000082600000, 0x0000000082600000, 0x0000000082700000|  0%| F|  |TAMS 0x0000000082600000, 0x0000000082600000| Untracked 
|  39|0x0000000082700000, 0x0000000082700000, 0x0000000082800000|  0%| F|  |TAMS 0x0000000082700000, 0x0000000082700000| Untracked 
|  40|0x0000000082800000, 0x0000000082800000, 0x0000000082900000|  0%| F|  |TAMS 0x0000000082800000, 0x0000000082800000| Untracked 
|  41|0x0000000082900000, 0x0000000082900000, 0x0000000082a00000|  0%| F|  |TAMS 0x0000000082900000, 0x0000000082900000| Untracked 
|  42|0x0000000082a00000, 0x0000000082a00000, 0x0000000082b00000|  0%| F|  |TAMS 0x0000000082a00000, 0x0000000082a00000| Untracked 
|  43|0x0000000082b00000, 0x0000000082b00000, 0x0000000082c00000|  0%| F|  |TAMS 0x0000000082b00000, 0x0000000082b00000| Untracked 
|  44|0x0000000082c00000, 0x0000000082c00000, 0x0000000082d00000|  0%| F|  |TAMS 0x0000000082c00000, 0x0000000082c00000| Untracked 
|  45|0x0000000082d00000, 0x0000000082d00000, 0x0000000082e00000|  0%| F|  |TAMS 0x0000000082d00000, 0x0000000082d00000| Untracked 
|  46|0x0000000082e00000, 0x0000000082e00000, 0x0000000082f00000|  0%| F|  |TAMS 0x0000000082e00000, 0x0000000082e00000| Untracked 
|  47|0x0000000082f00000, 0x0000000082f00000, 0x0000000083000000|  0%| F|  |TAMS 0x0000000082f00000, 0x0000000082f00000| Untracked 
|  48|0x0000000083000000, 0x0000000083000000, 0x0000000083100000|  0%| F|  |TAMS 0x0000000083000000, 0x0000000083000000| Untracked 
|  49|0x0000000083100000, 0x0000000083100000, 0x0000000083200000|  0%| F|  |TAMS 0x0000000083100000, 0x0000000083100000| Untracked 
|  50|0x0000000083200000, 0x0000000083200000, 0x0000000083300000|  0%| F|  |TAMS 0x0000000083200000, 0x0000000083200000| Untracked 
|  51|0x0000000083300000, 0x0000000083300000, 0x0000000083400000|  0%| F|  |TAMS 0x0000000083300000, 0x0000000083300000| Untracked 
|  52|0x0000000083400000, 0x0000000083400000, 0x0000000083500000|  0%| F|  |TAMS 0x0000000083400000, 0x0000000083400000| Untracked 
|  53|0x0000000083500000, 0x0000000083500000, 0x0000000083600000|  0%| F|  |TAMS 0x0000000083500000, 0x0000000083500000| Untracked 
|  54|0x0000000083600000, 0x0000000083600000, 0x0000000083700000|  0%| F|  |TAMS 0x0000000083600000, 0x0000000083600000| Untracked 
|  55|0x0000000083700000, 0x0000000083700000, 0x0000000083800000|  0%| F|  |TAMS 0x0000000083700000, 0x0000000083700000| Untracked 
|  56|0x0000000083800000, 0x0000000083800000, 0x0000000083900000|  0%| F|  |TAMS 0x0000000083800000, 0x0000000083800000| Untracked 
|  57|0x0000000083900000, 0x0000000083900000, 0x0000000083a00000|  0%| F|  |TAMS 0x0000000083900000, 0x0000000083900000| Untracked 
|  58|0x0000000083a00000, 0x0000000083a00000, 0x0000000083b00000|  0%| F|  |TAMS 0x0000000083a00000, 0x0000000083a00000| Untracked 
|  59|0x0000000083b00000, 0x0000000083b00000, 0x0000000083c00000|  0%| F|  |TAMS 0x0000000083b00000, 0x0000000083b00000| Untracked 
|  60|0x0000000083c00000, 0x0000000083c00000, 0x0000000083d00000|  0%| F|  |TAMS 0x0000000083c00000, 0x0000000083c00000| Untracked 
|  61|0x0000000083d00000, 0x0000000083d00000, 0x0000000083e00000|  0%| F|  |TAMS 0x0000000083d00000, 0x0000000083d00000| Untracked 
|  62|0x0000000083e00000, 0x0000000083e00000, 0x0000000083f00000|  0%| F|  |TAMS 0x0000000083e00000, 0x0000000083e00000| Untracked 
|  63|0x0000000083f00000, 0x0000000083f00000, 0x0000000084000000|  0%| F|  |TAMS 0x0000000083f00000, 0x0000000083f00000| Untracked 
|  64|0x0000000084000000, 0x0000000084000000, 0x0000000084100000|  0%| F|  |TAMS 0x0000000084000000, 0x0000000084000000| Untracked 
|  65|0x0000000084100000, 0x0000000084100000, 0x0000000084200000|  0%| F|  |TAMS 0x0000000084100000, 0x0000000084100000| Untracked 
|  66|0x0000000084200000, 0x0000000084280000, 0x0000000084300000| 50%| S|CS|TAMS 0x0000000084200000, 0x0000000084200000| Complete 
|  67|0x0000000084300000, 0x0000000084400000, 0x0000000084400000|100%| S|CS|TAMS 0x0000000084300000, 0x0000000084300000| Complete 
|  68|0x0000000084400000, 0x0000000084500000, 0x0000000084500000|100%| S|CS|TAMS 0x0000000084400000, 0x0000000084400000| Complete 
|  69|0x0000000084500000, 0x0000000084600000, 0x0000000084600000|100%| S|CS|TAMS 0x0000000084500000, 0x0000000084500000| Complete 
|  70|0x0000000084600000, 0x0000000084700000, 0x0000000084700000|100%| S|CS|TAMS 0x0000000084600000, 0x0000000084600000| Complete 
|  71|0x0000000084700000, 0x0000000084800000, 0x0000000084800000|100%| S|CS|TAMS 0x0000000084700000, 0x0000000084700000| Complete 
|  72|0x0000000084800000, 0x0000000084900000, 0x0000000084900000|100%| S|CS|TAMS 0x0000000084800000, 0x0000000084800000| Complete 
|  73|0x0000000084900000, 0x0000000084900000, 0x0000000084a00000|  0%| F|  |TAMS 0x0000000084900000, 0x0000000084900000| Untracked 
|  74|0x0000000084a00000, 0x0000000084a00000, 0x0000000084b00000|  0%| F|  |TAMS 0x0000000084a00000, 0x0000000084a00000| Untracked 
|  75|0x0000000084b00000, 0x0000000084b00000, 0x0000000084c00000|  0%| F|  |TAMS 0x0000000084b00000, 0x0000000084b00000| Untracked 
|  76|0x0000000084c00000, 0x0000000084c00000, 0x0000000084d00000|  0%| F|  |TAMS 0x0000000084c00000, 0x0000000084c00000| Untracked 
|  77|0x0000000084d00000, 0x0000000084d00000, 0x0000000084e00000|  0%| F|  |TAMS 0x0000000084d00000, 0x0000000084d00000| Untracked 
|  78|0x0000000084e00000, 0x0000000084e00000, 0x0000000084f00000|  0%| F|  |TAMS 0x0000000084e00000, 0x0000000084e00000| Untracked 
|  79|0x0000000084f00000, 0x0000000084f00000, 0x0000000085000000|  0%| F|  |TAMS 0x0000000084f00000, 0x0000000084f00000| Untracked 
|  80|0x0000000085000000, 0x0000000085000000, 0x0000000085100000|  0%| F|  |TAMS 0x0000000085000000, 0x0000000085000000| Untracked 
|  81|0x0000000085100000, 0x0000000085100000, 0x0000000085200000|  0%| F|  |TAMS 0x0000000085100000, 0x0000000085100000| Untracked 
|  82|0x0000000085200000, 0x0000000085200000, 0x0000000085300000|  0%| F|  |TAMS 0x0000000085200000, 0x0000000085200000| Untracked 
|  83|0x0000000085300000, 0x0000000085300000, 0x0000000085400000|  0%| F|  |TAMS 0x0000000085300000, 0x0000000085300000| Untracked 
|  84|0x0000000085400000, 0x0000000085400000, 0x0000000085500000|  0%| F|  |TAMS 0x0000000085400000, 0x0000000085400000| Untracked 
|  85|0x0000000085500000, 0x0000000085500000, 0x0000000085600000|  0%| F|  |TAMS 0x0000000085500000, 0x0000000085500000| Untracked 
|  86|0x0000000085600000, 0x0000000085600000, 0x0000000085700000|  0%| F|  |TAMS 0x0000000085600000, 0x0000000085600000| Untracked 
|  87|0x0000000085700000, 0x0000000085700000, 0x0000000085800000|  0%| F|  |TAMS 0x0000000085700000, 0x0000000085700000| Untracked 
|  88|0x0000000085800000, 0x0000000085800000, 0x0000000085900000|  0%| F|  |TAMS 0x0000000085800000, 0x0000000085800000| Untracked 
|  89|0x0000000085900000, 0x0000000085900000, 0x0000000085a00000|  0%| F|  |TAMS 0x0000000085900000, 0x0000000085900000| Untracked 
|  90|0x0000000085a00000, 0x0000000085a00000, 0x0000000085b00000|  0%| F|  |TAMS 0x0000000085a00000, 0x0000000085a00000| Untracked 
|  91|0x0000000085b00000, 0x0000000085b00000, 0x0000000085c00000|  0%| F|  |TAMS 0x0000000085b00000, 0x0000000085b00000| Untracked 
|  92|0x0000000085c00000, 0x0000000085c00000, 0x0000000085d00000|  0%| F|  |TAMS 0x0000000085c00000, 0x0000000085c00000| Untracked 
|  93|0x0000000085d00000, 0x0000000085d00000, 0x0000000085e00000|  0%| F|  |TAMS 0x0000000085d00000, 0x0000000085d00000| Untracked 
|  94|0x0000000085e00000, 0x0000000085e00000, 0x0000000085f00000|  0%| F|  |TAMS 0x0000000085e00000, 0x0000000085e00000| Untracked 
|  95|0x0000000085f00000, 0x0000000085f00000, 0x0000000086000000|  0%| F|  |TAMS 0x0000000085f00000, 0x0000000085f00000| Untracked 
|  96|0x0000000086000000, 0x0000000086000000, 0x0000000086100000|  0%| F|  |TAMS 0x0000000086000000, 0x0000000086000000| Untracked 
|  97|0x0000000086100000, 0x0000000086100000, 0x0000000086200000|  0%| F|  |TAMS 0x0000000086100000, 0x0000000086100000| Untracked 
|  98|0x0000000086200000, 0x0000000086200000, 0x0000000086300000|  0%| F|  |TAMS 0x0000000086200000, 0x0000000086200000| Untracked 
|  99|0x0000000086300000, 0x0000000086300000, 0x0000000086400000|  0%| F|  |TAMS 0x0000000086300000, 0x0000000086300000| Untracked 
| 100|0x0000000086400000, 0x0000000086400000, 0x0000000086500000|  0%| F|  |TAMS 0x0000000086400000, 0x0000000086400000| Untracked 
| 101|0x0000000086500000, 0x0000000086500000, 0x0000000086600000|  0%| F|  |TAMS 0x0000000086500000, 0x0000000086500000| Untracked 
| 102|0x0000000086600000, 0x0000000086600000, 0x0000000086700000|  0%| F|  |TAMS 0x0000000086600000, 0x0000000086600000| Untracked 
| 103|0x0000000086700000, 0x0000000086700000, 0x0000000086800000|  0%| F|  |TAMS 0x0000000086700000, 0x0000000086700000| Untracked 
| 104|0x0000000086800000, 0x0000000086800000, 0x0000000086900000|  0%| F|  |TAMS 0x0000000086800000, 0x0000000086800000| Untracked 
| 105|0x0000000086900000, 0x0000000086900000, 0x0000000086a00000|  0%| F|  |TAMS 0x0000000086900000, 0x0000000086900000| Untracked 
| 106|0x0000000086a00000, 0x0000000086a00000, 0x0000000086b00000|  0%| F|  |TAMS 0x0000000086a00000, 0x0000000086a00000| Untracked 
| 107|0x0000000086b00000, 0x0000000086b00000, 0x0000000086c00000|  0%| F|  |TAMS 0x0000000086b00000, 0x0000000086b00000| Untracked 
| 108|0x0000000086c00000, 0x0000000086c00000, 0x0000000086d00000|  0%| F|  |TAMS 0x0000000086c00000, 0x0000000086c00000| Untracked 
| 109|0x0000000086d00000, 0x0000000086d00000, 0x0000000086e00000|  0%| F|  |TAMS 0x0000000086d00000, 0x0000000086d00000| Untracked 
| 110|0x0000000086e00000, 0x0000000086e00000, 0x0000000086f00000|  0%| F|  |TAMS 0x0000000086e00000, 0x0000000086e00000| Untracked 
| 111|0x0000000086f00000, 0x0000000086f00000, 0x0000000087000000|  0%| F|  |TAMS 0x0000000086f00000, 0x0000000086f00000| Untracked 
| 112|0x0000000087000000, 0x0000000087000000, 0x0000000087100000|  0%| F|  |TAMS 0x0000000087000000, 0x0000000087000000| Untracked 
| 113|0x0000000087100000, 0x0000000087100000, 0x0000000087200000|  0%| F|  |TAMS 0x0000000087100000, 0x0000000087100000| Untracked 
| 114|0x0000000087200000, 0x0000000087200000, 0x0000000087300000|  0%| F|  |TAMS 0x0000000087200000, 0x0000000087200000| Untracked 
| 115|0x0000000087300000, 0x0000000087300000, 0x0000000087400000|  0%| F|  |TAMS 0x0000000087300000, 0x0000000087300000| Untracked 
| 116|0x0000000087400000, 0x0000000087400000, 0x0000000087500000|  0%| F|  |TAMS 0x0000000087400000, 0x0000000087400000| Untracked 
| 117|0x0000000087500000, 0x0000000087500000, 0x0000000087600000|  0%| F|  |TAMS 0x0000000087500000, 0x0000000087500000| Untracked 
| 118|0x0000000087600000, 0x0000000087600000, 0x0000000087700000|  0%| F|  |TAMS 0x0000000087600000, 0x0000000087600000| Untracked 
| 119|0x0000000087700000, 0x0000000087700000, 0x0000000087800000|  0%| F|  |TAMS 0x0000000087700000, 0x0000000087700000| Untracked 
| 120|0x0000000087800000, 0x0000000087800000, 0x0000000087900000|  0%| F|  |TAMS 0x0000000087800000, 0x0000000087800000| Untracked 
| 121|0x0000000087900000, 0x0000000087900000, 0x0000000087a00000|  0%| F|  |TAMS 0x0000000087900000, 0x0000000087900000| Untracked 
| 122|0x0000000087a00000, 0x0000000087a00000, 0x0000000087b00000|  0%| F|  |TAMS 0x0000000087a00000, 0x0000000087a00000| Untracked 
| 123|0x0000000087b00000, 0x0000000087b00000, 0x0000000087c00000|  0%| F|  |TAMS 0x0000000087b00000, 0x0000000087b00000| Untracked 
| 124|0x0000000087c00000, 0x0000000087c00000, 0x0000000087d00000|  0%| F|  |TAMS 0x0000000087c00000, 0x0000000087c00000| Untracked 
| 125|0x0000000087d00000, 0x0000000087d00000, 0x0000000087e00000|  0%| F|  |TAMS 0x0000000087d00000, 0x0000000087d00000| Untracked 
| 126|0x0000000087e00000, 0x0000000087e00000, 0x0000000087f00000|  0%| F|  |TAMS 0x0000000087e00000, 0x0000000087e00000| Untracked 
| 127|0x0000000087f00000, 0x0000000087f00000, 0x0000000088000000|  0%| F|  |TAMS 0x0000000087f00000, 0x0000000087f00000| Untracked 
| 128|0x0000000088000000, 0x0000000088000000, 0x0000000088100000|  0%| F|  |TAMS 0x0000000088000000, 0x0000000088000000| Untracked 
| 129|0x0000000088100000, 0x0000000088100000, 0x0000000088200000|  0%| F|  |TAMS 0x0000000088100000, 0x0000000088100000| Untracked 
| 130|0x0000000088200000, 0x0000000088200000, 0x0000000088300000|  0%| F|  |TAMS 0x0000000088200000, 0x0000000088200000| Untracked 
| 131|0x0000000088300000, 0x0000000088300000, 0x0000000088400000|  0%| F|  |TAMS 0x0000000088300000, 0x0000000088300000| Untracked 
| 132|0x0000000088400000, 0x0000000088400000, 0x0000000088500000|  0%| F|  |TAMS 0x0000000088400000, 0x0000000088400000| Untracked 
| 133|0x0000000088500000, 0x0000000088500000, 0x0000000088600000|  0%| F|  |TAMS 0x0000000088500000, 0x0000000088500000| Untracked 
| 134|0x0000000088600000, 0x0000000088600000, 0x0000000088700000|  0%| F|  |TAMS 0x0000000088600000, 0x0000000088600000| Untracked 
| 135|0x0000000088700000, 0x0000000088700000, 0x0000000088800000|  0%| F|  |TAMS 0x0000000088700000, 0x0000000088700000| Untracked 
| 136|0x0000000088800000, 0x0000000088800000, 0x0000000088900000|  0%| F|  |TAMS 0x0000000088800000, 0x0000000088800000| Untracked 
| 137|0x0000000088900000, 0x0000000088900000, 0x0000000088a00000|  0%| F|  |TAMS 0x0000000088900000, 0x0000000088900000| Untracked 
| 138|0x0000000088a00000, 0x0000000088a00000, 0x0000000088b00000|  0%| F|  |TAMS 0x0000000088a00000, 0x0000000088a00000| Untracked 
| 139|0x0000000088b00000, 0x0000000088b00000, 0x0000000088c00000|  0%| F|  |TAMS 0x0000000088b00000, 0x0000000088b00000| Untracked 
| 140|0x0000000088c00000, 0x0000000088c00000, 0x0000000088d00000|  0%| F|  |TAMS 0x0000000088c00000, 0x0000000088c00000| Untracked 
| 141|0x0000000088d00000, 0x0000000088d00000, 0x0000000088e00000|  0%| F|  |TAMS 0x0000000088d00000, 0x0000000088d00000| Untracked 
| 142|0x0000000088e00000, 0x0000000088e00000, 0x0000000088f00000|  0%| F|  |TAMS 0x0000000088e00000, 0x0000000088e00000| Untracked 
| 143|0x0000000088f00000, 0x0000000088f00000, 0x0000000089000000|  0%| F|  |TAMS 0x0000000088f00000, 0x0000000088f00000| Untracked 
| 144|0x0000000089000000, 0x0000000089000000, 0x0000000089100000|  0%| F|  |TAMS 0x0000000089000000, 0x0000000089000000| Untracked 
| 145|0x0000000089100000, 0x0000000089100000, 0x0000000089200000|  0%| F|  |TAMS 0x0000000089100000, 0x0000000089100000| Untracked 
| 146|0x0000000089200000, 0x0000000089200000, 0x0000000089300000|  0%| F|  |TAMS 0x0000000089200000, 0x0000000089200000| Untracked 
| 147|0x0000000089300000, 0x0000000089300000, 0x0000000089400000|  0%| F|  |TAMS 0x0000000089300000, 0x0000000089300000| Untracked 
| 148|0x0000000089400000, 0x0000000089400000, 0x0000000089500000|  0%| F|  |TAMS 0x0000000089400000, 0x0000000089400000| Untracked 
| 149|0x0000000089500000, 0x0000000089500000, 0x0000000089600000|  0%| F|  |TAMS 0x0000000089500000, 0x0000000089500000| Untracked 
| 150|0x0000000089600000, 0x0000000089600000, 0x0000000089700000|  0%| F|  |TAMS 0x0000000089600000, 0x0000000089600000| Untracked 
| 151|0x0000000089700000, 0x0000000089700000, 0x0000000089800000|  0%| F|  |TAMS 0x0000000089700000, 0x0000000089700000| Untracked 
| 152|0x0000000089800000, 0x0000000089800000, 0x0000000089900000|  0%| F|  |TAMS 0x0000000089800000, 0x0000000089800000| Untracked 
| 153|0x0000000089900000, 0x0000000089900000, 0x0000000089a00000|  0%| F|  |TAMS 0x0000000089900000, 0x0000000089900000| Untracked 

Card table byte_map: [0x000002025f090000,0x000002025f490000] _byte_map_base: 0x000002025ec90000

Marking Bits (Prev, Next): (CMBitMap*) 0x00000202469ae848, (CMBitMap*) 0x00000202469ae880
 Prev Bits: [0x000002025f890000, 0x0000020261890000)
 Next Bits: [0x0000020261890000, 0x0000020263890000)

Polling page: 0x0000020246ae0000

Metaspace:

Usage:
  Non-class:     41.06 MB capacity,    40.21 MB ( 98%) used,   691.40 KB (  2%) free+waste,   177.56 KB ( <1%) overhead. 
      Class:      6.66 MB capacity,     6.08 MB ( 91%) used,   508.38 KB (  7%) free+waste,    89.75 KB (  1%) overhead. 
       Both:     47.72 MB capacity,    46.28 MB ( 97%) used,     1.17 MB (  2%) free+waste,   267.31 KB ( <1%) overhead. 

Virtual space:
  Non-class space:       42.00 MB reserved,      41.17 MB ( 98%) committed 
      Class space:        1.00 GB reserved,       6.70 MB ( <1%) committed 
             Both:        1.04 GB reserved,      47.87 MB (  4%) committed 

Chunk freelists:
   Non-Class:  6.25 KB
       Class:  0 bytes
        Both:  6.25 KB

CodeHeap 'non-profiled nmethods': size=120064Kb used=2130Kb max_used=2130Kb free=117933Kb
 bounds [0x0000020257350000, 0x00000202575c0000, 0x000002025e890000]
CodeHeap 'profiled nmethods': size=120000Kb used=10333Kb max_used=10333Kb free=109666Kb
 bounds [0x000002024fe20000, 0x0000020250840000, 0x0000020257350000]
CodeHeap 'non-nmethods': size=5696Kb used=1186Kb max_used=1210Kb free=4509Kb
 bounds [0x000002024f890000, 0x000002024fb00000, 0x000002024fe20000]
 total_blobs=5145 nmethods=4625 adapters=430
 compilation: enabled
              stopped_count=0, restarted_count=0
 full_count=0

Compilation events (10 events):
Event: 13.624 Thread 0x0000020265cf9000 4643       2       org.springframework.context.event.AbstractApplicationEventMulticaster::supportsEvent (52 bytes)
Event: 13.625 Thread 0x0000020265cf9000 nmethod 4643 0x0000020250834b90 code [0x0000020250834d80, 0x00000202508351d8]
Event: 13.626 Thread 0x0000020265cf9000 4644       2       org.springframework.boot.context.properties.source.ConfigurationPropertyName::dashIgnoringElementEquals (148 bytes)
Event: 13.626 Thread 0x0000020265cf9000 nmethod 4644 0x0000020250835390 code [0x0000020250835580, 0x00000202508359a8]
Event: 13.627 Thread 0x0000020265cf9000 4645       2       org.springframework.boot.context.properties.source.DefaultPropertyMapper::map (46 bytes)
Event: 13.627 Thread 0x0000020265cf9000 nmethod 4645 0x0000020250835d10 code [0x0000020250835ee0, 0x0000020250836298]
Event: 13.628 Thread 0x0000020265cf9000 4647       2       java.lang.StringLatin1::toUpperCase (180 bytes)
Event: 13.628 Thread 0x0000020265cf9000 nmethod 4647 0x0000020250836490 code [0x00000202508366c0, 0x0000020250836d78]
Event: 13.693 Thread 0x0000020265cf9000 4649       2       java.util.Spliterators$1Adapter::hasNext (23 bytes)
Event: 13.693 Thread 0x0000020265cf9000 nmethod 4649 0x0000020250837110 code [0x00000202508372a0, 0x00000202508373e8]

GC Heap History (10 events):
Event: 3.922 GC heap after
{Heap after GC invocations=5 (full 0):
 garbage-first heap   total 131072K, used 10444K [0x0000000080000000, 0x0000000100000000)
  region size 1024K, 3 young (3072K), 3 survivors (3072K)
 Metaspace       used 19239K, capacity 19898K, committed 20096K, reserved 1067008K
  class space    used 2120K, capacity 2388K, committed 2432K, reserved 1048576K
}
Event: 4.347 GC heap before
{Heap before GC invocations=5 (full 0):
 garbage-first heap   total 131072K, used 14540K [0x0000000080000000, 0x0000000100000000)
  region size 1024K, 8 young (8192K), 3 survivors (3072K)
 Metaspace       used 20483K, capacity 21135K, committed 21248K, reserved 1069056K
  class space    used 2274K, capacity 2547K, committed 2560K, reserved 1048576K
}
Event: 4.363 GC heap after
{Heap after GC invocations=6 (full 0):
 garbage-first heap   total 157696K, used 10868K [0x0000000080000000, 0x0000000100000000)
  region size 1024K, 3 young (3072K), 3 survivors (3072K)
 Metaspace       used 20483K, capacity 21135K, committed 21248K, reserved 1069056K
  class space    used 2274K, capacity 2547K, committed 2560K, reserved 1048576K
}
Event: 7.470 GC heap before
{Heap before GC invocations=7 (full 0):
 garbage-first heap   total 157696K, used 83572K [0x0000000080000000, 0x0000000100000000)
  region size 1024K, 74 young (75776K), 3 survivors (3072K)
 Metaspace       used 30554K, capacity 31534K, committed 31744K, reserved 1077248K
  class space    used 3603K, capacity 4020K, committed 4096K, reserved 1048576K
}
Event: 7.490 GC heap after
{Heap after GC invocations=8 (full 0):
 garbage-first heap   total 157696K, used 13608K [0x0000000080000000, 0x0000000100000000)
  region size 1024K, 6 young (6144K), 6 survivors (6144K)
 Metaspace       used 30554K, capacity 31534K, committed 31744K, reserved 1077248K
  class space    used 3603K, capacity 4020K, committed 4096K, reserved 1048576K
}
Event: 8.421 GC heap before
{Heap before GC invocations=8 (full 0):
 garbage-first heap   total 157696K, used 47400K [0x0000000080000000, 0x0000000100000000)
  region size 1024K, 40 young (40960K), 6 survivors (6144K)
 Metaspace       used 34624K, capacity 35562K, committed 35628K, reserved 1081344K
  class space    used 4298K, capacity 4719K, committed 4736K, reserved 1048576K
}
Event: 8.437 GC heap after
{Heap after GC invocations=9 (full 0):
 garbage-first heap   total 157696K, used 14593K [0x0000000080000000, 0x0000000100000000)
  region size 1024K, 7 young (7168K), 7 survivors (7168K)
 Metaspace       used 34624K, capacity 35562K, committed 35628K, reserved 1081344K
  class space    used 4298K, capacity 4719K, committed 4736K, reserved 1048576K
}
Event: 10.957 GC heap before
{Heap before GC invocations=10 (full 0):
 garbage-first heap   total 157696K, used 99585K [0x0000000080000000, 0x0000000100000000)
  region size 1024K, 90 young (92160K), 7 survivors (7168K)
 Metaspace       used 40806K, capacity 42018K, committed 42104K, reserved 1085440K
  class space    used 5251K, capacity 5774K, committed 5836K, reserved 1048576K
}
Event: 11.074 GC heap after
{Heap after GC invocations=11 (full 0):
 garbage-first heap   total 157696K, used 18743K [0x0000000080000000, 0x0000000100000000)
  region size 1024K, 11 young (11264K), 11 survivors (11264K)
 Metaspace       used 40806K, capacity 42018K, committed 42104K, reserved 1085440K
  class space    used 5251K, capacity 5774K, committed 5836K, reserved 1048576K
}
Event: 13.694 GC heap before
{Heap before GC invocations=11 (full 0):
 garbage-first heap   total 157696K, used 101687K [0x0000000080000000, 0x0000000100000000)
  region size 1024K, 92 young (94208K), 11 survivors (11264K)
 Metaspace       used 47394K, capacity 48862K, committed 49016K, reserved 1091584K
  class space    used 6221K, capacity 6820K, committed 6860K, reserved 1048576K
}

Deoptimization events (10 events):
Event: 12.480 Thread 0x00000202469fb800 Uncommon trap: reason=unstable_if action=reinterpret pc=0x00000202573bf3a0 method=sun.net.www.ParseUtil.firstEncodeIndex(Ljava/lang/String;)I @ 51 c2
Event: 12.488 Thread 0x00000202469fb800 Uncommon trap: reason=null_check action=make_not_entrant pc=0x000002025749aaac method=org.springframework.beans.factory.support.DefaultListableBeanFactory.getBeanDefinition(Ljava/lang/String;)Lorg/springframework/beans/factory/config/BeanDefinition; @ 10 
Event: 12.582 Thread 0x00000202469fb800 Uncommon trap: reason=unstable_if action=reinterpret pc=0x00000202574758fc method=java.util.LinkedHashMap.get(Ljava/lang/Object;)Ljava/lang/Object; @ 20 c2
Event: 12.646 Thread 0x00000202469fb800 Uncommon trap: reason=unstable_if action=reinterpret pc=0x0000020257369644 method=java.lang.CharacterData.of(I)Ljava/lang/CharacterData; @ 4 c2
Event: 12.716 Thread 0x00000202469fb800 Uncommon trap: reason=unstable_if action=reinterpret pc=0x00000202573ffa1c method=java.nio.Buffer.position(I)Ljava/nio/Buffer; @ 37 c2
Event: 12.928 Thread 0x00000202469fb800 Uncommon trap: reason=unstable_if action=reinterpret pc=0x0000020257502358 method=java.util.Objects.equals(Ljava/lang/Object;Ljava/lang/Object;)Z @ 6 c2
Event: 13.294 Thread 0x00000202469fb800 Uncommon trap: reason=unstable_if action=reinterpret pc=0x00000202574ce0d0 method=org.springframework.beans.factory.support.AbstractAutowireCapableBeanFactory.determineTargetType(Ljava/lang/String;Lorg/springframework/beans/factory/support/RootBeanDefinit
Event: 13.319 Thread 0x00000202469fb800 Uncommon trap: reason=bimorphic_or_optimized_type_check action=maybe_recompile pc=0x00000202574728a4 method=java.util.HashMap.putVal(ILjava/lang/Object;Ljava/lang/Object;ZZ)Ljava/lang/Object; @ 253 c2
Event: 13.431 Thread 0x00000202469fb800 Uncommon trap: reason=bimorphic_or_optimized_type_check action=maybe_recompile pc=0x00000202574728a4 method=java.util.HashMap.putVal(ILjava/lang/Object;Ljava/lang/Object;ZZ)Ljava/lang/Object; @ 253 c2
Event: 13.436 Thread 0x00000202469fb800 Uncommon trap: reason=null_check action=make_not_entrant pc=0x00000202574d64e0 method=org.springframework.util.ClassUtils.isAssignable(Ljava/lang/Class;Ljava/lang/Class;)Z @ 14 c2

Classes redefined (0 events):
No events

Internal exceptions (10 events):
Event: 12.559 Thread 0x00000202469fb800 Exception <a 'java/lang/NoSuchMethodError'{0x0000000086090ac0}: java.lang.invoke.DirectMethodHandle$Holder.invokeVirtual(Ljava/lang/Object;Ljava/lang/Object;)V> (0x0000000086090ac0) thrown at [./open/src/hotspot/share/interpreter/linkResolver.cpp, line 77
Event: 12.583 Thread 0x00000202469fb800 Exception <a 'java/lang/ClassNotFoundException'{0x0000000085f03a30}: java/lang/ObjectCustomizer> (0x0000000085f03a30) thrown at [./open/src/hotspot/share/classfile/systemDictionary.cpp, line 226]
Event: 12.583 Thread 0x00000202469fb800 Exception <a 'java/lang/ClassNotFoundException'{0x0000000085f180f0}: com/student/app/PensionControllerTestCustomizer> (0x0000000085f180f0) thrown at [./open/src/hotspot/share/classfile/systemDictionary.cpp, line 226]
Event: 12.607 Thread 0x00000202469fb800 Exception <a 'java/lang/NoSuchMethodError'{0x0000000085fc4fd8}: java.lang.invoke.DirectMethodHandle$Holder.invokeSpecial(Ljava/lang/Object;Ljava/lang/Object;Ljava/lang/Object;Ljava/lang/Object;Ljava/lang/Object;I)Ljava/lang/Object;> (0x0000000085fc4fd8) t
Event: 12.607 Thread 0x00000202469fb800 Exception <a 'java/lang/NoSuchMethodError'{0x0000000085fc86c8}: java.lang.invoke.Invokers$Holder.linkToTargetMethod(Ljava/lang/Object;Ljava/lang/Object;Ljava/lang/Object;ILjava/lang/Object;)Ljava/lang/Object;> (0x0000000085fc86c8) thrown at [./open/src/ho
Event: 13.239 Thread 0x00000202469fb800 Exception <a 'java/lang/IncompatibleClassChangeError'{0x000000008503f390}: Found class java.lang.Object, but interface was expected> (0x000000008503f390) thrown at [./open/src/hotspot/share/interpreter/linkResolver.cpp, line 838]
Event: 13.295 Thread 0x00000202469fb800 Exception <a 'java/lang/ClassNotFoundException'{0x0000000084f6add8}: java/lang/ObjectCustomizer> (0x0000000084f6add8) thrown at [./open/src/hotspot/share/classfile/systemDictionary.cpp, line 226]
Event: 13.296 Thread 0x00000202469fb800 Exception <a 'java/lang/ClassNotFoundException'{0x0000000084f875a8}: org/springframework/security/test/context/support/WithMockUserSecurityContextFactoryCustomizer> (0x0000000084f875a8) thrown at [./open/src/hotspot/share/classfile/systemDictionary.cpp, l
Event: 13.297 Thread 0x00000202469fb800 Exception <a 'java/lang/ClassNotFoundException'{0x0000000084fa4480}: org/springframework/security/test/context/support/WithSecurityContextFactoryCustomizer> (0x0000000084fa4480) thrown at [./open/src/hotspot/share/classfile/systemDictionary.cpp, line 226]
Event: 13.436 Thread 0x00000202469fb800 Implicit null exception at 0x00000202574d62da to 0x00000202574d64cc

Events (10 events):
Event: 13.619 loading class org/springframework/web/reactive/DispatcherHandler done
Event: 13.620 loading class org/springframework/web/reactive$DispatcherHandler
Event: 13.620 loading class org/springframework/web/reactive$DispatcherHandler done
Event: 13.621 loading class org/springframework/boot/logging/logback/LogbackLoggingSystem/Factory
Event: 13.621 loading class org/springframework/boot/logging/logback/LogbackLoggingSystem/Factory done
Event: 13.621 loading class org/springframework/boot/logging/log4j2/Log4J2LoggingSystem/Factory
Event: 13.621 loading class org/springframework/boot/logging/log4j2/Log4J2LoggingSystem/Factory done
Event: 13.622 loading class org/springframework/boot/logging/java/JavaLoggingSystem/Factory
Event: 13.622 loading class org/springframework/boot/logging/java/JavaLoggingSystem/Factory done
Event: 13.693 Executing VM operation: G1CollectForAllocation


Dynamic libraries:
0x00007ff705ba0000 - 0x00007ff705baf000 	C:\Program Files\Java\jdk-11.0.16\bin\java.exe
0x00007ffb5f370000 - 0x00007ffb5f568000 	C:\Windows\SYSTEM32\ntdll.dll
0x00007ffb5dbe0000 - 0x00007ffb5dc9d000 	C:\Windows\System32\KERNEL32.DLL
0x00007ffb5cf20000 - 0x00007ffb5d1f2000 	C:\Windows\System32\KERNELBASE.dll
0x00007ffb5d2d0000 - 0x00007ffb5d3d0000 	C:\Windows\System32\ucrtbase.dll
0x00007ffb41820000 - 0x00007ffb41838000 	C:\Program Files\Java\jdk-11.0.16\bin\jli.dll
0x00007ffb5d440000 - 0x00007ffb5d4ee000 	C:\Windows\System32\ADVAPI32.dll
0x00007ffb5d4f0000 - 0x00007ffb5d58e000 	C:\Windows\System32\msvcrt.dll
0x00007ffb5eff0000 - 0x00007ffb5f08c000 	C:\Windows\System32\sechost.dll
0x00007ffb5f1d0000 - 0x00007ffb5f2f5000 	C:\Windows\System32\RPCRT4.dll
0x00007ffb5e820000 - 0x00007ffb5e9bd000 	C:\Windows\System32\USER32.dll
0x00007ffb5cd40000 - 0x00007ffb5cd62000 	C:\Windows\System32\win32u.dll
0x00007ffb5f110000 - 0x00007ffb5f13b000 	C:\Windows\System32\GDI32.dll
0x00007ffb5cb10000 - 0x00007ffb5cc1f000 	C:\Windows\System32\gdi32full.dll
0x00007ffb5d230000 - 0x00007ffb5d2cd000 	C:\Windows\System32\msvcp_win.dll
0x00007ffb41800000 - 0x00007ffb41815000 	C:\Program Files\Java\jdk-11.0.16\bin\VCRUNTIME140.dll
0x00007ffb40c90000 - 0x00007ffb40f2a000 	C:\Windows\WinSxS\amd64_microsoft.windows.common-controls_6595b64144ccf1df_6.0.19041.1110_none_60b5254171f9507e\COMCTL32.dll
0x00007ffb54a30000 - 0x00007ffb54a3a000 	C:\Windows\SYSTEM32\VERSION.dll
0x00007ffb5f300000 - 0x00007ffb5f330000 	C:\Windows\System32\IMM32.DLL
0x00007ffb40700000 - 0x00007ffb4079b000 	C:\Program Files\Java\jdk-11.0.16\bin\msvcp140.dll
0x00007ffafc9c0000 - 0x00007ffafd4d8000 	C:\Program Files\Java\jdk-11.0.16\bin\server\jvm.dll
0x00007ffb5ef80000 - 0x00007ffb5ef88000 	C:\Windows\System32\PSAPI.DLL
0x00007ffb58500000 - 0x00007ffb58509000 	C:\Windows\SYSTEM32\WSOCK32.dll
0x00007ffb5dca0000 - 0x00007ffb5dd0b000 	C:\Windows\System32\WS2_32.dll
0x00007ffb39be0000 - 0x00007ffb39c07000 	C:\Windows\SYSTEM32\WINMM.dll
0x00007ffb5a920000 - 0x00007ffb5a932000 	C:\Windows\SYSTEM32\kernel.appcore.dll
0x00007ffb47580000 - 0x00007ffb47590000 	C:\Program Files\Java\jdk-11.0.16\bin\verify.dll
0x00007ffb4e1b0000 - 0x00007ffb4e394000 	C:\Windows\SYSTEM32\DBGHELP.DLL
0x00007ffb4e180000 - 0x00007ffb4e1ac000 	C:\Windows\SYSTEM32\dbgcore.DLL
0x00007ffb5ca80000 - 0x00007ffb5cb02000 	C:\Windows\System32\bcryptPrimitives.dll
0x00007ffb40860000 - 0x00007ffb40888000 	C:\Program Files\Java\jdk-11.0.16\bin\java.dll
0x00007ffb43510000 - 0x00007ffb4351a000 	C:\Program Files\Java\jdk-11.0.16\bin\jimage.dll
0x00007ffb417e0000 - 0x00007ffb417f6000 	C:\Program Files\Java\jdk-11.0.16\bin\zip.dll
0x00007ffb5dfe0000 - 0x00007ffb5e723000 	C:\Windows\System32\SHELL32.dll
0x00007ffb5ab20000 - 0x00007ffb5b2b1000 	C:\Windows\SYSTEM32\windows.storage.dll
0x00007ffb5d880000 - 0x00007ffb5dbd4000 	C:\Windows\System32\combase.dll
0x00007ffb5c320000 - 0x00007ffb5c350000 	C:\Windows\SYSTEM32\Wldp.dll
0x00007ffb5d6c0000 - 0x00007ffb5d76d000 	C:\Windows\System32\SHCORE.dll
0x00007ffb5d3e0000 - 0x00007ffb5d435000 	C:\Windows\System32\shlwapi.dll
0x00007ffb5c9c0000 - 0x00007ffb5c9df000 	C:\Windows\SYSTEM32\profapi.dll
0x00007ffb408b0000 - 0x00007ffb408c9000 	C:\Program Files\Java\jdk-11.0.16\bin\net.dll
0x00007ffb54480000 - 0x00007ffb5458d000 	C:\Windows\SYSTEM32\WINHTTP.dll
0x00007ffb5c100000 - 0x00007ffb5c16a000 	C:\Windows\system32\mswsock.dll
0x00007ffb40680000 - 0x00007ffb40692000 	C:\Program Files\Java\jdk-11.0.16\bin\nio.dll
0x00007ffb4ae90000 - 0x00007ffb4ae99000 	C:\Program Files\Java\jdk-11.0.16\bin\management.dll
0x00007ffb4ae70000 - 0x00007ffb4ae7b000 	C:\Program Files\Java\jdk-11.0.16\bin\management_ext.dll
0x00007ffb45c50000 - 0x00007ffb45c67000 	C:\Windows\system32\napinsp.dll
0x00007ffb479a0000 - 0x00007ffb479bb000 	C:\Windows\system32\pnrpnsp.dll
0x00007ffb47980000 - 0x00007ffb47995000 	C:\Windows\system32\wshbth.dll
0x00007ffb583e0000 - 0x00007ffb583fd000 	C:\Windows\system32\NLAapi.dll
0x00007ffb5be10000 - 0x00007ffb5be4b000 	C:\Windows\SYSTEM32\IPHLPAPI.DLL
0x00007ffb5be50000 - 0x00007ffb5bf1a000 	C:\Windows\SYSTEM32\DNSAPI.dll
0x00007ffb5d3d0000 - 0x00007ffb5d3d8000 	C:\Windows\System32\NSI.dll
0x00007ffb47900000 - 0x00007ffb47912000 	C:\Windows\System32\winrnr.dll
0x00007ffb53800000 - 0x00007ffb5380a000 	C:\Windows\System32\rasadhlp.dll
0x00007ffb54590000 - 0x00007ffb54610000 	C:\Windows\System32\fwpuclnt.dll
0x00007ffb5d200000 - 0x00007ffb5d227000 	C:\Windows\System32\bcrypt.dll
0x00007ffb5c360000 - 0x00007ffb5c378000 	C:\Windows\SYSTEM32\CRYPTSP.dll
0x00007ffb5ba40000 - 0x00007ffb5ba74000 	C:\Windows\system32\rsaenh.dll
0x00007ffb5c940000 - 0x00007ffb5c96e000 	C:\Windows\SYSTEM32\USERENV.dll
0x00007ffb5c290000 - 0x00007ffb5c29c000 	C:\Windows\SYSTEM32\CRYPTBASE.dll
0x00007ffb55490000 - 0x00007ffb554a7000 	C:\Windows\SYSTEM32\dhcpcsvc6.DLL
0x00007ffb55470000 - 0x00007ffb5548d000 	C:\Windows\SYSTEM32\dhcpcsvc.DLL

dbghelp: loaded successfully - version: 4.0.5 - missing functions: none
symbol engine: initialized successfully - sym options: 0x614 - pdb path: .;C:\Program Files\Java\jdk-11.0.16\bin;C:\Windows\SYSTEM32;C:\Windows\WinSxS\amd64_microsoft.windows.common-controls_6595b64144ccf1df_6.0.19041.1110_none_60b5254171f9507e;C:\Program Files\Java\jdk-11.0.16\bin\server

VM Arguments:
java_command: C:\Users\sfjbs\AppData\Local\Temp\surefire3756419727195746314\surefirebooter3017274783746924075.jar C:\Users\sfjbs\AppData\Local\Temp\surefire3756419727195746314 2022-11-01T09-50-31_839-jvmRun1 surefire7391619240733417084tmp surefire_06287285989514954247tmp
java_class_path (initial): C:\Users\sfjbs\AppData\Local\Temp\surefire3756419727195746314\surefirebooter3017274783746924075.jar
Launcher Type: SUN_STANDARD

[Global flags]
     intx CICompilerCount                          = 2                                         {product} {ergonomic}
     uint ConcGCThreads                            = 1                                         {product} {ergonomic}
     uint G1ConcRefinementThreads                  = 2                                         {product} {ergonomic}
   size_t G1HeapRegionSize                         = 1048576                                   {product} {ergonomic}
    uintx GCDrainStackTargetSize                   = 64                                        {product} {ergonomic}
   size_t InitialHeapSize                          = 134217728                                 {product} {ergonomic}
   size_t MarkStackSize                            = 4194304                                   {product} {ergonomic}
   size_t MaxHeapSize                              = 2147483648                                {product} {ergonomic}
   size_t MaxNewSize                               = 1287651328                                {product} {ergonomic}
   size_t MinHeapDeltaBytes                        = 1048576                                   {product} {ergonomic}
    uintx NonNMethodCodeHeapSize                   = 5825164                                {pd product} {ergonomic}
    uintx NonProfiledCodeHeapSize                  = 122916538                              {pd product} {ergonomic}
    uintx ProfiledCodeHeapSize                     = 122916538                              {pd product} {ergonomic}
    uintx ReservedCodeCacheSize                    = 251658240                              {pd product} {ergonomic}
     bool SegmentedCodeCache                       = true                                      {product} {ergonomic}
     bool UseCompressedClassPointers               = true                                 {lp64_product} {ergonomic}
     bool UseCompressedOops                        = true                                 {lp64_product} {ergonomic}
     bool UseG1GC                                  = true                                      {product} {ergonomic}
     bool UseLargePagesIndividualAllocation        = false                                  {pd product} {ergonomic}

Logging:
Log output configuration:
 #0: stdout all=warning uptime,level,tags
 #1: stderr all=off uptime,level,tags

Environment Variables:
PATH=C:\Program Files\Common Files\Oracle\Java\javapath;C:\Windows\system32;C:\Windows;C:\Windows\System32\Wbem;C:\Windows\System32\WindowsPowerShell\v1.0\;C:\Windows\System32\OpenSSH\;C:\Users\sfjbs\Downloads\micro service-20221001T123314Z-001\micro service\apache-maven-3.8.5-bin\apache-maven-3.8.5\bin;C:\Users\sfjbs\Downloads\micro service-20221001T123314Z-001\micro service\apache-maven-3.8.5-bin\apache-maven-3.8.5\lib;C:\Program Files\Docker\Docker\resources\bin;C:\ProgramData\DockerDesktop\version-bin;C:\Program Files\Git\cmd;C:\Users\sfjbs\AppData\Local\Microsoft\WindowsApps;C:\Users\sfjbs\Downloads\micro service-20221001T123314Z-001\micro service\apache-maven-3.8.5-bin\apache-maven-3.8.5\bin;C:\Users\sfjbs\Downloads\micro service-20221001T123314Z-001\micro service\apache-maven-3.8.5-bin\apache-maven-3.8.5\lib;;C:\Program Files\JetBrains\IntelliJ IDEA Community Edition 2022.2.1\bin;
USERNAME=sfjbs
OS=Windows_NT
PROCESSOR_IDENTIFIER=Intel64 Family 6 Model 85 Stepping 7, GenuineIntel



---------------  S Y S T E M  ---------------

OS: Windows 10 , 64 bit Build 19041 (10.0.19041.1889)
Hyper-V role detected

CPU:total 2 (initial active 2) (1 cores per cpu, 2 threads per core) family 6 model 85 stepping 7 microcode 0xffffffff, cmov, cx8, fxsr, mmx, sse, sse2, sse3, ssse3, sse4.1, sse4.2, popcnt, avx, avx2, aes, clmul, erms, rtm, 3dnowpref, lzcnt, ht, tsc, bmi1, bmi2, adx, evex, fma

Memory: 4k page, system-wide physical 8190M (450M free)
TotalPageFile size 10238M (AvailPageFile size 5M)
current process WorkingSet (physical memory assigned to process): 260M, peak: 260M
current process commit charge ("private bytes"): 331M, peak: 393M

vm_info: Java HotSpot(TM) 64-Bit Server VM (11.0.16+11-LTS-199) for windows-amd64 JRE (11.0.16+11-LTS-199), built on Jun 28 2022 08:23:17 by "mach5one" with MS VC++ 15.9 (VS2017)

END.
