#
# There is insufficient memory for the Java Runtime Environment to continue.
# Native memory allocation (malloc) failed to allocate 480016 bytes for Chunk::new
# Possible reasons:
#   The system is out of physical RAM or swap space
#   The process is running with CompressedOops enabled, and the Java Heap may be blocking the growth of the native heap
# Possible solutions:
#   Reduce memory load on the system
#   Increase physical memory or swap space
#   Check if swap backing store is full
#   Decrease Java heap size (-Xmx/-Xms)
#   Decrease number of Java threads
#   Decrease Java thread stack sizes (-Xss)
#   Set larger code cache with -XX:ReservedCodeCacheSize=
#   JVM is running with Unscaled Compressed Oops mode in which the Java heap is
#     placed in the first 4GB address space. The Java Heap base address is the
#     maximum limit for the native heap growth. Please use -XX:HeapBaseMinAddress
#     to set the Java Heap base and to place the Java Heap above 4GB virtual address.
# This output file may be truncated or incomplete.
#
#  Out of Memory Error (./open/src/hotspot/share/memory/arena.cpp:197), pid=84000, tid=87124
#
# JRE version: Java(TM) SE Runtime Environment 18.9 (11.0.16+11) (build 11.0.16+11-LTS-199)
# Java VM: Java HotSpot(TM) 64-Bit Server VM 18.9 (11.0.16+11-LTS-199, mixed mode, tiered, compressed oops, g1 gc, windows-amd64)
# No core dump will be written. Minidumps are not enabled by default on client versions of Windows
#

---------------  S U M M A R Y ------------

Command Line: -Dclassworlds.conf=C:\Users\sfjbs\Downloads\micro service-20221001T123314Z-001\micro service\apache-maven-3.8.5-bin\apache-maven-3.8.5\bin\m2.conf -Dmaven.home=C:\Users\sfjbs\Downloads\micro service-20221001T123314Z-001\micro service\apache-maven-3.8.5-bin\apache-maven-3.8.5 -Dlibrary.jansi.path=C:\Users\sfjbs\Downloads\micro service-20221001T123314Z-001\micro service\apache-maven-3.8.5-bin\apache-maven-3.8.5\lib\jansi-native -Dmaven.multiModuleProjectDirectory=C:\Users\sfjbs\mini project\day13\pension-management-system org.codehaus.plexus.classworlds.launcher.Launcher clean install

Host: Intel(R) Xeon(R) Platinum 8272CL CPU @ 2.60GHz, 2 cores, 7G,  Windows 10 , 64 bit Build 19041 (10.0.19041.1889)
Time: Tue Nov  1 09:50:46 2022 Coordinated Universal Time elapsed time: 32.104702 seconds (0d 0h 0m 32s)

---------------  T H R E A D  ---------------

Current thread (0x000001dc7fdb2000):  JavaThread "C2 CompilerThread0" daemon [_thread_in_native, id=87124, stack(0x000000c920100000,0x000000c920200000)]


Current CompileTask:
C2:  32104 6702  s!   4       jdk.internal.loader.URLClassPath::getLoader (194 bytes)

Stack: [0x000000c920100000,0x000000c920200000]
Native frames: (J=compiled Java code, j=interpreted, Vv=VM code, C=native code)
V  [jvm.dll+0x62a3ea]
V  [jvm.dll+0x76418f]
V  [jvm.dll+0x765839]
V  [jvm.dll+0x765ec3]
V  [jvm.dll+0x23da98]
V  [jvm.dll+0xb2a1c]
V  [jvm.dll+0xb2fdc]
V  [jvm.dll+0x2ae814]
V  [jvm.dll+0x53d97b]
V  [jvm.dll+0x200877]
V  [jvm.dll+0x1fa5ba]
V  [jvm.dll+0x1f756d]
V  [jvm.dll+0x177c81]
V  [jvm.dll+0x207006]
V  [jvm.dll+0x20519b]
V  [jvm.dll+0x729fa0]
V  [jvm.dll+0x722b74]
V  [jvm.dll+0x629286]
C  [ucrtbase.dll+0x21bb2]
C  [KERNEL32.DLL+0x17034]
C  [ntdll.dll+0x526a1]


---------------  P R O C E S S  ---------------

Threads class SMR info:
_java_thread_list=0x000001dc09a98c60, length=21, elements={
0x000001dc68317000, 0x000001dc7fd9c800, 0x000001dc7fd9e000, 0x000001dc7fd98800,
0x000001dc7fdab800, 0x000001dc7fdad000, 0x000001dc7fdb2000, 0x000001dc7fde3800,
0x000001dc0687e800, 0x000001dc06992800, 0x000001dc086cb000, 0x000001dc0866e800,
0x000001dc0866f800, 0x000001dc099ac000, 0x000001dc0a9cf800, 0x000001dc08428800,
0x000001dc094e7800, 0x000001dc099a8800, 0x000001dc094e4000, 0x000001dc08761000,
0x000001dc08762800
}

Java Threads: ( => current thread )
  0x000001dc68317000 JavaThread "main" [_thread_in_native, id=85704, stack(0x000000c91f500000,0x000000c91f600000)]
  0x000001dc7fd9c800 JavaThread "Reference Handler" daemon [_thread_blocked, id=87084, stack(0x000000c91fc00000,0x000000c91fd00000)]
  0x000001dc7fd9e000 JavaThread "Finalizer" daemon [_thread_blocked, id=87088, stack(0x000000c91fd00000,0x000000c91fe00000)]
  0x000001dc7fd98800 JavaThread "Signal Dispatcher" daemon [_thread_blocked, id=87112, stack(0x000000c91fe00000,0x000000c91ff00000)]
  0x000001dc7fdab800 JavaThread "Attach Listener" daemon [_thread_blocked, id=87116, stack(0x000000c91ff00000,0x000000c920000000)]
  0x000001dc7fdad000 JavaThread "Service Thread" daemon [_thread_blocked, id=87120, stack(0x000000c920000000,0x000000c920100000)]
=>0x000001dc7fdb2000 JavaThread "C2 CompilerThread0" daemon [_thread_in_native, id=87124, stack(0x000000c920100000,0x000000c920200000)]
  0x000001dc7fde3800 JavaThread "C1 CompilerThread0" daemon [_thread_blocked, id=87128, stack(0x000000c920200000,0x000000c920300000)]
  0x000001dc0687e800 JavaThread "Sweeper thread" daemon [_thread_blocked, id=87132, stack(0x000000c920300000,0x000000c920400000)]
  0x000001dc06992800 JavaThread "Common-Cleaner" daemon [_thread_blocked, id=87140, stack(0x000000c920500000,0x000000c920600000)]
  0x000001dc086cb000 JavaThread "resolver-1" daemon [_thread_blocked, id=87992, stack(0x000000c920700000,0x000000c920800000)]
  0x000001dc0866e800 JavaThread "resolver-2" daemon [_thread_blocked, id=87996, stack(0x000000c920800000,0x000000c920900000)]
  0x000001dc0866f800 JavaThread "resolver-3" daemon [_thread_blocked, id=88000, stack(0x000000c920900000,0x000000c920a00000)]
  0x000001dc099ac000 JavaThread "resolver-4" daemon [_thread_blocked, id=88020, stack(0x000000c920a00000,0x000000c920b00000)]
  0x000001dc0a9cf800 JavaThread "resolver-5" daemon [_thread_blocked, id=88024, stack(0x000000c920b00000,0x000000c920c00000)]
  0x000001dc08428800 JavaThread "timeout-check-timer" daemon [_thread_blocked, id=88044, stack(0x000000c920c00000,0x000000c920d00000)]
  0x000001dc094e7800 JavaThread "ping-timer-10s" daemon [_thread_blocked, id=88048, stack(0x000000c920d00000,0x000000c920e00000)]
  0x000001dc099a8800 JavaThread "ThreadedStreamConsumer" daemon [_thread_in_vm, id=88052, stack(0x000000c920e00000,0x000000c920f00000)]
  0x000001dc094e4000 JavaThread "Thread-2" [_thread_blocked, id=86592, stack(0x000000c920f00000,0x000000c921000000)]
  0x000001dc08761000 JavaThread "Thread-3" [_thread_in_native, id=85188, stack(0x000000c921000000,0x000000c921100000)]
  0x000001dc08762800 JavaThread "Thread-4" [_thread_in_native, id=85652, stack(0x000000c921100000,0x000000c921200000)]

Other Threads:
  0x000001dc7fd89000 VMThread "VM Thread" [stack: 0x000000c91fb00000,0x000000c91fc00000] [id=87080]
  0x000001dc0697b000 WatcherThread [stack: 0x000000c920400000,0x000000c920500000] [id=87136]
  0x000001dc6832b800 GCTaskThread "GC Thread#0" [stack: 0x000000c91f600000,0x000000c91f700000] [id=87052]
  0x000001dc06c2c800 GCTaskThread "GC Thread#1" [stack: 0x000000c920600000,0x000000c920700000] [id=87144]
  0x000001dc6835b800 ConcurrentGCThread "G1 Main Marker" [stack: 0x000000c91f700000,0x000000c91f800000] [id=87056]
  0x000001dc6835e000 ConcurrentGCThread "G1 Conc#0" [stack: 0x000000c91f800000,0x000000c91f900000] [id=87060]
  0x000001dc683e3800 ConcurrentGCThread "G1 Refine#0" [stack: 0x000000c91f900000,0x000000c91fa00000] [id=87064]
  0x000001dc683e6000 ConcurrentGCThread "G1 Young RemSet Sampling" [stack: 0x000000c91fa00000,0x000000c91fb00000] [id=87068]

Threads with active compile tasks:
C2 CompilerThread0    32125 6702  s!   4       jdk.internal.loader.URLClassPath::getLoader (194 bytes)

VM state:not at safepoint (normal execution)

VM Mutex/Monitor currently owned by a thread:  ([mutex/lock_event])
[0x000001dc68312270] MetaspaceExpand_lock - owner thread: 0x000001dc099a8800

Heap address: 0x0000000080000000, size: 2048 MB, Compressed Oops mode: 32-bit
Narrow klass base: 0x0000000000000000, Narrow klass shift: 3
Compressed class space size: 1073741824 Address: 0x0000000100000000

Heap:
 garbage-first heap   total 189440K, used 64512K [0x0000000080000000, 0x0000000100000000)
  region size 1024K, 30 young (30720K), 1 survivors (1024K)
 Metaspace       used 36283K, capacity 37001K, committed 37120K, reserved 1083392K
  class space    used 3722K, capacity 4017K, committed 4096K, reserved 1048576K
Heap Regions: E=young(eden), S=young(survivor), O=old, HS=humongous(starts), HC=humongous(continues), CS=collection set, F=free, A=archive, TAMS=top-at-mark-start (previous, next)
|   0|0x0000000080000000, 0x0000000080100000, 0x0000000080100000|100%| O|  |TAMS 0x0000000080100000, 0x0000000080000000| Untracked 
|   1|0x0000000080100000, 0x0000000080200000, 0x0000000080200000|100%| O|  |TAMS 0x0000000080200000, 0x0000000080100000| Untracked 
|   2|0x0000000080200000, 0x0000000080300000, 0x0000000080300000|100%| O|  |TAMS 0x0000000080300000, 0x0000000080200000| Untracked 
|   3|0x0000000080300000, 0x0000000080400000, 0x0000000080400000|100%|HS|  |TAMS 0x0000000080400000, 0x0000000080300000| Complete 
|   4|0x0000000080400000, 0x0000000080400000, 0x0000000080500000|  0%| F|  |TAMS 0x0000000080400000, 0x0000000080400000| Untracked 
|   5|0x0000000080500000, 0x0000000080600000, 0x0000000080600000|100%| O|  |TAMS 0x0000000080600000, 0x0000000080500000| Untracked 
|   6|0x0000000080600000, 0x0000000080700000, 0x0000000080700000|100%| O|  |TAMS 0x0000000080700000, 0x0000000080600000| Untracked 
|   7|0x0000000080700000, 0x0000000080800000, 0x0000000080800000|100%| O|  |TAMS 0x0000000080800000, 0x0000000080700000| Untracked 
|   8|0x0000000080800000, 0x0000000080900000, 0x0000000080900000|100%| O|  |TAMS 0x0000000080900000, 0x0000000080800000| Untracked 
|   9|0x0000000080900000, 0x0000000080a00000, 0x0000000080a00000|100%| O|  |TAMS 0x0000000080a00000, 0x0000000080900000| Untracked 
|  10|0x0000000080a00000, 0x0000000080b00000, 0x0000000080b00000|100%| O|  |TAMS 0x0000000080b00000, 0x0000000080a00000| Untracked 
|  11|0x0000000080b00000, 0x0000000080c00000, 0x0000000080c00000|100%| O|  |TAMS 0x0000000080c00000, 0x0000000080b00000| Untracked 
|  12|0x0000000080c00000, 0x0000000080d00000, 0x0000000080d00000|100%|HS|  |TAMS 0x0000000080d00000, 0x0000000080c00000| Complete 
|  13|0x0000000080d00000, 0x0000000080e00000, 0x0000000080e00000|100%| O|  |TAMS 0x0000000080e00000, 0x0000000080d00000| Untracked 
|  14|0x0000000080e00000, 0x0000000080f00000, 0x0000000080f00000|100%| O|  |TAMS 0x0000000080f00000, 0x0000000080e00000| Untracked 
|  15|0x0000000080f00000, 0x0000000081000000, 0x0000000081000000|100%| O|  |TAMS 0x0000000081000000, 0x0000000080f00000| Untracked 
|  16|0x0000000081000000, 0x0000000081100000, 0x0000000081100000|100%| O|  |TAMS 0x0000000081100000, 0x0000000081000000| Untracked 
|  17|0x0000000081100000, 0x0000000081200000, 0x0000000081200000|100%| O|  |TAMS 0x0000000081200000, 0x0000000081100000| Untracked 
|  18|0x0000000081200000, 0x0000000081300000, 0x0000000081300000|100%| O|  |TAMS 0x0000000081300000, 0x0000000081200000| Untracked 
|  19|0x0000000081300000, 0x0000000081400000, 0x0000000081400000|100%| O|  |TAMS 0x0000000081400000, 0x0000000081300000| Untracked 
|  20|0x0000000081400000, 0x0000000081500000, 0x0000000081500000|100%| O|  |TAMS 0x0000000081500000, 0x0000000081400000| Untracked 
|  21|0x0000000081500000, 0x0000000081600000, 0x0000000081600000|100%| O|  |TAMS 0x0000000081600000, 0x0000000081500000| Untracked 
|  22|0x0000000081600000, 0x0000000081700000, 0x0000000081700000|100%| O|  |TAMS 0x0000000081700000, 0x0000000081600000| Untracked 
|  23|0x0000000081700000, 0x0000000081800000, 0x0000000081800000|100%| O|  |TAMS 0x0000000081800000, 0x0000000081700000| Untracked 
|  24|0x0000000081800000, 0x0000000081900000, 0x0000000081900000|100%| O|  |TAMS 0x0000000081900000, 0x0000000081800000| Untracked 
|  25|0x0000000081900000, 0x0000000081a00000, 0x0000000081a00000|100%| O|  |TAMS 0x0000000081a00000, 0x0000000081900000| Untracked 
|  26|0x0000000081a00000, 0x0000000081b00000, 0x0000000081b00000|100%| O|  |TAMS 0x0000000081b00000, 0x0000000081a00000| Untracked 
|  27|0x0000000081b00000, 0x0000000081c00000, 0x0000000081c00000|100%| O|  |TAMS 0x0000000081c00000, 0x0000000081b00000| Untracked 
|  28|0x0000000081c00000, 0x0000000081d00000, 0x0000000081d00000|100%| O|  |TAMS 0x0000000081d00000, 0x0000000081c00000| Untracked 
|  29|0x0000000081d00000, 0x0000000081e00000, 0x0000000081e00000|100%| O|  |TAMS 0x0000000081e00000, 0x0000000081d00000| Untracked 
|  30|0x0000000081e00000, 0x0000000081f00000, 0x0000000081f00000|100%| O|  |TAMS 0x0000000081f00000, 0x0000000081e00000| Untracked 
|  31|0x0000000081f00000, 0x0000000082000000, 0x0000000082000000|100%| O|  |TAMS 0x0000000082000000, 0x0000000081f00000| Untracked 
|  32|0x0000000082000000, 0x0000000082100000, 0x0000000082100000|100%| O|  |TAMS 0x0000000082100000, 0x0000000082000000| Untracked 
|  33|0x0000000082100000, 0x0000000082200000, 0x0000000082200000|100%| O|  |TAMS 0x0000000082200000, 0x0000000082100000| Untracked 
|  34|0x0000000082200000, 0x0000000082300000, 0x0000000082300000|100%| O|  |TAMS 0x0000000082300000, 0x0000000082200000| Untracked 
|  35|0x0000000082300000, 0x0000000082300000, 0x0000000082400000|  0%| F|  |TAMS 0x0000000082300000, 0x0000000082300000| Untracked 
|  36|0x0000000082400000, 0x0000000082400000, 0x0000000082500000|  0%| F|  |TAMS 0x0000000082400000, 0x0000000082400000| Untracked 
|  37|0x0000000082500000, 0x0000000082500000, 0x0000000082600000|  0%| F|  |TAMS 0x0000000082500000, 0x0000000082500000| Untracked 
|  38|0x0000000082600000, 0x0000000082600000, 0x0000000082700000|  0%| F|  |TAMS 0x0000000082600000, 0x0000000082600000| Untracked 
|  39|0x0000000082700000, 0x0000000082700000, 0x0000000082800000|  0%| F|  |TAMS 0x0000000082700000, 0x0000000082700000| Untracked 
|  40|0x0000000082800000, 0x0000000082800000, 0x0000000082900000|  0%| F|  |TAMS 0x0000000082800000, 0x0000000082800000| Untracked 
|  41|0x0000000082900000, 0x0000000082900000, 0x0000000082a00000|  0%| F|  |TAMS 0x0000000082900000, 0x0000000082900000| Untracked 
|  42|0x0000000082a00000, 0x0000000082a00000, 0x0000000082b00000|  0%| F|  |TAMS 0x0000000082a00000, 0x0000000082a00000| Untracked 
|  43|0x0000000082b00000, 0x0000000082b00000, 0x0000000082c00000|  0%| F|  |TAMS 0x0000000082b00000, 0x0000000082b00000| Untracked 
|  44|0x0000000082c00000, 0x0000000082c00000, 0x0000000082d00000|  0%| F|  |TAMS 0x0000000082c00000, 0x0000000082c00000| Untracked 
|  45|0x0000000082d00000, 0x0000000082d00000, 0x0000000082e00000|  0%| F|  |TAMS 0x0000000082d00000, 0x0000000082d00000| Untracked 
|  46|0x0000000082e00000, 0x0000000082e00000, 0x0000000082f00000|  0%| F|  |TAMS 0x0000000082e00000, 0x0000000082e00000| Untracked 
|  47|0x0000000082f00000, 0x0000000082f00000, 0x0000000083000000|  0%| F|  |TAMS 0x0000000082f00000, 0x0000000082f00000| Untracked 
|  48|0x0000000083000000, 0x0000000083000000, 0x0000000083100000|  0%| F|  |TAMS 0x0000000083000000, 0x0000000083000000| Untracked 
|  49|0x0000000083100000, 0x0000000083100000, 0x0000000083200000|  0%| F|  |TAMS 0x0000000083100000, 0x0000000083100000| Untracked 
|  50|0x0000000083200000, 0x0000000083200000, 0x0000000083300000|  0%| F|  |TAMS 0x0000000083200000, 0x0000000083200000| Untracked 
|  51|0x0000000083300000, 0x0000000083300000, 0x0000000083400000|  0%| F|  |TAMS 0x0000000083300000, 0x0000000083300000| Untracked 
|  52|0x0000000083400000, 0x0000000083400000, 0x0000000083500000|  0%| F|  |TAMS 0x0000000083400000, 0x0000000083400000| Untracked 
|  53|0x0000000083500000, 0x0000000083500000, 0x0000000083600000|  0%| F|  |TAMS 0x0000000083500000, 0x0000000083500000| Untracked 
|  54|0x0000000083600000, 0x0000000083600000, 0x0000000083700000|  0%| F|  |TAMS 0x0000000083600000, 0x0000000083600000| Untracked 
|  55|0x0000000083700000, 0x0000000083700000, 0x0000000083800000|  0%| F|  |TAMS 0x0000000083700000, 0x0000000083700000| Untracked 
|  56|0x0000000083800000, 0x0000000083800000, 0x0000000083900000|  0%| F|  |TAMS 0x0000000083800000, 0x0000000083800000| Untracked 
|  57|0x0000000083900000, 0x0000000083900000, 0x0000000083a00000|  0%| F|  |TAMS 0x0000000083900000, 0x0000000083900000| Untracked 
|  58|0x0000000083a00000, 0x0000000083a00000, 0x0000000083b00000|  0%| F|  |TAMS 0x0000000083a00000, 0x0000000083a00000| Untracked 
|  59|0x0000000083b00000, 0x0000000083b00000, 0x0000000083c00000|  0%| F|  |TAMS 0x0000000083b00000, 0x0000000083b00000| Untracked 
|  60|0x0000000083c00000, 0x0000000083c00000, 0x0000000083d00000|  0%| F|  |TAMS 0x0000000083c00000, 0x0000000083c00000| Untracked 
|  61|0x0000000083d00000, 0x0000000083d00000, 0x0000000083e00000|  0%| F|  |TAMS 0x0000000083d00000, 0x0000000083d00000| Untracked 
|  62|0x0000000083e00000, 0x0000000083e00000, 0x0000000083f00000|  0%| F|  |TAMS 0x0000000083e00000, 0x0000000083e00000| Untracked 
|  63|0x0000000083f00000, 0x0000000083f00000, 0x0000000084000000|  0%| F|  |TAMS 0x0000000083f00000, 0x0000000083f00000| Untracked 
|  64|0x0000000084000000, 0x0000000084000000, 0x0000000084100000|  0%| F|  |TAMS 0x0000000084000000, 0x0000000084000000| Untracked 
|  65|0x0000000084100000, 0x0000000084100000, 0x0000000084200000|  0%| F|  |TAMS 0x0000000084100000, 0x0000000084100000| Untracked 
|  66|0x0000000084200000, 0x0000000084200000, 0x0000000084300000|  0%| F|  |TAMS 0x0000000084200000, 0x0000000084200000| Untracked 
|  67|0x0000000084300000, 0x0000000084300000, 0x0000000084400000|  0%| F|  |TAMS 0x0000000084300000, 0x0000000084300000| Untracked 
|  68|0x0000000084400000, 0x0000000084400000, 0x0000000084500000|  0%| F|  |TAMS 0x0000000084400000, 0x0000000084400000| Untracked 
|  69|0x0000000084500000, 0x0000000084500000, 0x0000000084600000|  0%| F|  |TAMS 0x0000000084500000, 0x0000000084500000| Untracked 
|  70|0x0000000084600000, 0x0000000084600000, 0x0000000084700000|  0%| F|  |TAMS 0x0000000084600000, 0x0000000084600000| Untracked 
|  71|0x0000000084700000, 0x0000000084700000, 0x0000000084800000|  0%| F|  |TAMS 0x0000000084700000, 0x0000000084700000| Untracked 
|  72|0x0000000084800000, 0x0000000084800000, 0x0000000084900000|  0%| F|  |TAMS 0x0000000084800000, 0x0000000084800000| Untracked 
|  73|0x0000000084900000, 0x0000000084900000, 0x0000000084a00000|  0%| F|  |TAMS 0x0000000084900000, 0x0000000084900000| Untracked 
|  74|0x0000000084a00000, 0x0000000084a00000, 0x0000000084b00000|  0%| F|  |TAMS 0x0000000084a00000, 0x0000000084a00000| Untracked 
|  75|0x0000000084b00000, 0x0000000084b00000, 0x0000000084c00000|  0%| F|  |TAMS 0x0000000084b00000, 0x0000000084b00000| Untracked 
|  76|0x0000000084c00000, 0x0000000084c00000, 0x0000000084d00000|  0%| F|  |TAMS 0x0000000084c00000, 0x0000000084c00000| Untracked 
|  77|0x0000000084d00000, 0x0000000084d00000, 0x0000000084e00000|  0%| F|  |TAMS 0x0000000084d00000, 0x0000000084d00000| Untracked 
|  78|0x0000000084e00000, 0x0000000084e00000, 0x0000000084f00000|  0%| F|  |TAMS 0x0000000084e00000, 0x0000000084e00000| Untracked 
|  79|0x0000000084f00000, 0x0000000084f00000, 0x0000000085000000|  0%| F|  |TAMS 0x0000000084f00000, 0x0000000084f00000| Untracked 
|  80|0x0000000085000000, 0x0000000085000000, 0x0000000085100000|  0%| F|  |TAMS 0x0000000085000000, 0x0000000085000000| Untracked 
|  81|0x0000000085100000, 0x0000000085100000, 0x0000000085200000|  0%| F|  |TAMS 0x0000000085100000, 0x0000000085100000| Untracked 
|  82|0x0000000085200000, 0x0000000085200000, 0x0000000085300000|  0%| F|  |TAMS 0x0000000085200000, 0x0000000085200000| Untracked 
|  83|0x0000000085300000, 0x0000000085300000, 0x0000000085400000|  0%| F|  |TAMS 0x0000000085300000, 0x0000000085300000| Untracked 
|  84|0x0000000085400000, 0x0000000085400000, 0x0000000085500000|  0%| F|  |TAMS 0x0000000085400000, 0x0000000085400000| Untracked 
|  85|0x0000000085500000, 0x0000000085500000, 0x0000000085600000|  0%| F|  |TAMS 0x0000000085500000, 0x0000000085500000| Untracked 
|  86|0x0000000085600000, 0x0000000085600000, 0x0000000085700000|  0%| F|  |TAMS 0x0000000085600000, 0x0000000085600000| Untracked 
|  87|0x0000000085700000, 0x0000000085700000, 0x0000000085800000|  0%| F|  |TAMS 0x0000000085700000, 0x0000000085700000| Untracked 
|  88|0x0000000085800000, 0x0000000085800000, 0x0000000085900000|  0%| F|  |TAMS 0x0000000085800000, 0x0000000085800000| Untracked 
|  89|0x0000000085900000, 0x0000000085900000, 0x0000000085a00000|  0%| F|  |TAMS 0x0000000085900000, 0x0000000085900000| Untracked 
|  90|0x0000000085a00000, 0x0000000085a00000, 0x0000000085b00000|  0%| F|  |TAMS 0x0000000085a00000, 0x0000000085a00000| Untracked 
|  91|0x0000000085b00000, 0x0000000085b00000, 0x0000000085c00000|  0%| F|  |TAMS 0x0000000085b00000, 0x0000000085b00000| Untracked 
|  92|0x0000000085c00000, 0x0000000085c00000, 0x0000000085d00000|  0%| F|  |TAMS 0x0000000085c00000, 0x0000000085c00000| Untracked 
|  93|0x0000000085d00000, 0x0000000085d00000, 0x0000000085e00000|  0%| F|  |TAMS 0x0000000085d00000, 0x0000000085d00000| Untracked 
|  94|0x0000000085e00000, 0x0000000085e00000, 0x0000000085f00000|  0%| F|  |TAMS 0x0000000085e00000, 0x0000000085e00000| Untracked 
|  95|0x0000000085f00000, 0x0000000085f00000, 0x0000000086000000|  0%| F|  |TAMS 0x0000000085f00000, 0x0000000085f00000| Untracked 
|  96|0x0000000086000000, 0x0000000086000000, 0x0000000086100000|  0%| F|  |TAMS 0x0000000086000000, 0x0000000086000000| Untracked 
|  97|0x0000000086100000, 0x0000000086100000, 0x0000000086200000|  0%| F|  |TAMS 0x0000000086100000, 0x0000000086100000| Untracked 
|  98|0x0000000086200000, 0x0000000086200000, 0x0000000086300000|  0%| F|  |TAMS 0x0000000086200000, 0x0000000086200000| Untracked 
|  99|0x0000000086300000, 0x0000000086300000, 0x0000000086400000|  0%| F|  |TAMS 0x0000000086300000, 0x0000000086300000| Untracked 
| 100|0x0000000086400000, 0x0000000086400000, 0x0000000086500000|  0%| F|  |TAMS 0x0000000086400000, 0x0000000086400000| Untracked 
| 101|0x0000000086500000, 0x0000000086500000, 0x0000000086600000|  0%| F|  |TAMS 0x0000000086500000, 0x0000000086500000| Untracked 
| 102|0x0000000086600000, 0x0000000086600000, 0x0000000086700000|  0%| F|  |TAMS 0x0000000086600000, 0x0000000086600000| Untracked 
| 103|0x0000000086700000, 0x0000000086700000, 0x0000000086800000|  0%| F|  |TAMS 0x0000000086700000, 0x0000000086700000| Untracked 
| 104|0x0000000086800000, 0x0000000086800000, 0x0000000086900000|  0%| F|  |TAMS 0x0000000086800000, 0x0000000086800000| Untracked 
| 105|0x0000000086900000, 0x0000000086900000, 0x0000000086a00000|  0%| F|  |TAMS 0x0000000086900000, 0x0000000086900000| Untracked 
| 106|0x0000000086a00000, 0x0000000086a00000, 0x0000000086b00000|  0%| F|  |TAMS 0x0000000086a00000, 0x0000000086a00000| Untracked 
| 107|0x0000000086b00000, 0x0000000086b00000, 0x0000000086c00000|  0%| F|  |TAMS 0x0000000086b00000, 0x0000000086b00000| Untracked 
| 108|0x0000000086c00000, 0x0000000086c00000, 0x0000000086d00000|  0%| F|  |TAMS 0x0000000086c00000, 0x0000000086c00000| Untracked 
| 109|0x0000000086d00000, 0x0000000086d00000, 0x0000000086e00000|  0%| F|  |TAMS 0x0000000086d00000, 0x0000000086d00000| Untracked 
| 110|0x0000000086e00000, 0x0000000086e00000, 0x0000000086f00000|  0%| F|  |TAMS 0x0000000086e00000, 0x0000000086e00000| Untracked 
| 111|0x0000000086f00000, 0x0000000086f00000, 0x0000000087000000|  0%| F|  |TAMS 0x0000000086f00000, 0x0000000086f00000| Untracked 
| 112|0x0000000087000000, 0x0000000087000000, 0x0000000087100000|  0%| F|  |TAMS 0x0000000087000000, 0x0000000087000000| Untracked 
| 113|0x0000000087100000, 0x0000000087100000, 0x0000000087200000|  0%| F|  |TAMS 0x0000000087100000, 0x0000000087100000| Untracked 
| 114|0x0000000087200000, 0x0000000087200000, 0x0000000087300000|  0%| F|  |TAMS 0x0000000087200000, 0x0000000087200000| Untracked 
| 115|0x0000000087300000, 0x0000000087300000, 0x0000000087400000|  0%| F|  |TAMS 0x0000000087300000, 0x0000000087300000| Untracked 
| 116|0x0000000087400000, 0x0000000087400000, 0x0000000087500000|  0%| F|  |TAMS 0x0000000087400000, 0x0000000087400000| Untracked 
| 117|0x0000000087500000, 0x0000000087500000, 0x0000000087600000|  0%| F|  |TAMS 0x0000000087500000, 0x0000000087500000| Untracked 
| 118|0x0000000087600000, 0x0000000087600000, 0x0000000087700000|  0%| F|  |TAMS 0x0000000087600000, 0x0000000087600000| Untracked 
| 119|0x0000000087700000, 0x0000000087700000, 0x0000000087800000|  0%| F|  |TAMS 0x0000000087700000, 0x0000000087700000| Untracked 
| 120|0x0000000087800000, 0x0000000087800000, 0x0000000087900000|  0%| F|  |TAMS 0x0000000087800000, 0x0000000087800000| Untracked 
| 121|0x0000000087900000, 0x0000000087900000, 0x0000000087a00000|  0%| F|  |TAMS 0x0000000087900000, 0x0000000087900000| Untracked 
| 122|0x0000000087a00000, 0x0000000087a00000, 0x0000000087b00000|  0%| F|  |TAMS 0x0000000087a00000, 0x0000000087a00000| Untracked 
| 123|0x0000000087b00000, 0x0000000087b00000, 0x0000000087c00000|  0%| F|  |TAMS 0x0000000087b00000, 0x0000000087b00000| Untracked 
| 124|0x0000000087c00000, 0x0000000087c00000, 0x0000000087d00000|  0%| F|  |TAMS 0x0000000087c00000, 0x0000000087c00000| Untracked 
| 125|0x0000000087d00000, 0x0000000087d00000, 0x0000000087e00000|  0%| F|  |TAMS 0x0000000087d00000, 0x0000000087d00000| Untracked 
| 126|0x0000000087e00000, 0x0000000087e00000, 0x0000000087f00000|  0%| F|  |TAMS 0x0000000087e00000, 0x0000000087e00000| Untracked 
| 127|0x0000000087f00000, 0x0000000087f00000, 0x0000000088000000|  0%| F|  |TAMS 0x0000000087f00000, 0x0000000087f00000| Untracked 
| 128|0x0000000088000000, 0x0000000088000000, 0x0000000088100000|  0%| F|  |TAMS 0x0000000088000000, 0x0000000088000000| Untracked 
| 129|0x0000000088100000, 0x0000000088100000, 0x0000000088200000|  0%| F|  |TAMS 0x0000000088100000, 0x0000000088100000| Untracked 
| 130|0x0000000088200000, 0x0000000088200000, 0x0000000088300000|  0%| F|  |TAMS 0x0000000088200000, 0x0000000088200000| Untracked 
| 131|0x0000000088300000, 0x0000000088300000, 0x0000000088400000|  0%| F|  |TAMS 0x0000000088300000, 0x0000000088300000| Untracked 
| 132|0x0000000088400000, 0x0000000088400000, 0x0000000088500000|  0%| F|  |TAMS 0x0000000088400000, 0x0000000088400000| Untracked 
| 133|0x0000000088500000, 0x0000000088500000, 0x0000000088600000|  0%| F|  |TAMS 0x0000000088500000, 0x0000000088500000| Untracked 
| 134|0x0000000088600000, 0x0000000088600000, 0x0000000088700000|  0%| F|  |TAMS 0x0000000088600000, 0x0000000088600000| Untracked 
| 135|0x0000000088700000, 0x0000000088700000, 0x0000000088800000|  0%| F|  |TAMS 0x0000000088700000, 0x0000000088700000| Untracked 
| 136|0x0000000088800000, 0x0000000088800000, 0x0000000088900000|  0%| F|  |TAMS 0x0000000088800000, 0x0000000088800000| Untracked 
| 137|0x0000000088900000, 0x0000000088900000, 0x0000000088a00000|  0%| F|  |TAMS 0x0000000088900000, 0x0000000088900000| Untracked 
| 138|0x0000000088a00000, 0x0000000088a00000, 0x0000000088b00000|  0%| F|  |TAMS 0x0000000088a00000, 0x0000000088a00000| Untracked 
| 139|0x0000000088b00000, 0x0000000088b00000, 0x0000000088c00000|  0%| F|  |TAMS 0x0000000088b00000, 0x0000000088b00000| Untracked 
| 140|0x0000000088c00000, 0x0000000088c00000, 0x0000000088d00000|  0%| F|  |TAMS 0x0000000088c00000, 0x0000000088c00000| Untracked 
| 141|0x0000000088d00000, 0x0000000088d00000, 0x0000000088e00000|  0%| F|  |TAMS 0x0000000088d00000, 0x0000000088d00000| Untracked 
| 142|0x0000000088e00000, 0x0000000088e00000, 0x0000000088f00000|  0%| F|  |TAMS 0x0000000088e00000, 0x0000000088e00000| Untracked 
| 143|0x0000000088f00000, 0x0000000088f00000, 0x0000000089000000|  0%| F|  |TAMS 0x0000000088f00000, 0x0000000088f00000| Untracked 
| 144|0x0000000089000000, 0x0000000089000000, 0x0000000089100000|  0%| F|  |TAMS 0x0000000089000000, 0x0000000089000000| Untracked 
| 145|0x0000000089100000, 0x0000000089100000, 0x0000000089200000|  0%| F|  |TAMS 0x0000000089100000, 0x0000000089100000| Untracked 
| 146|0x0000000089200000, 0x0000000089200000, 0x0000000089300000|  0%| F|  |TAMS 0x0000000089200000, 0x0000000089200000| Untracked 
| 147|0x0000000089300000, 0x0000000089300000, 0x0000000089400000|  0%| F|  |TAMS 0x0000000089300000, 0x0000000089300000| Untracked 
| 148|0x0000000089400000, 0x0000000089400000, 0x0000000089500000|  0%| F|  |TAMS 0x0000000089400000, 0x0000000089400000| Untracked 
| 149|0x0000000089500000, 0x0000000089500000, 0x0000000089600000|  0%| F|  |TAMS 0x0000000089500000, 0x0000000089500000| Untracked 
| 150|0x0000000089600000, 0x0000000089600000, 0x0000000089700000|  0%| F|  |TAMS 0x0000000089600000, 0x0000000089600000| Untracked 
| 151|0x0000000089700000, 0x0000000089800000, 0x0000000089800000|100%| S|CS|TAMS 0x0000000089700000, 0x0000000089700000| Complete 
| 152|0x0000000089800000, 0x0000000089800000, 0x0000000089900000|  0%| F|  |TAMS 0x0000000089800000, 0x0000000089800000| Untracked 
| 153|0x0000000089900000, 0x0000000089900000, 0x0000000089a00000|  0%| F|  |TAMS 0x0000000089900000, 0x0000000089900000| Untracked 
| 154|0x0000000089a00000, 0x0000000089a00000, 0x0000000089b00000|  0%| F|  |TAMS 0x0000000089a00000, 0x0000000089a00000| Untracked 
| 155|0x0000000089b00000, 0x0000000089b00000, 0x0000000089c00000|  0%| F|  |TAMS 0x0000000089b00000, 0x0000000089b00000| Untracked 
| 156|0x0000000089c00000, 0x0000000089c80800, 0x0000000089d00000| 50%| E|  |TAMS 0x0000000089c00000, 0x0000000089c00000| Complete 
| 157|0x0000000089d00000, 0x0000000089e00000, 0x0000000089e00000|100%| E|CS|TAMS 0x0000000089d00000, 0x0000000089d00000| Complete 
| 158|0x0000000089e00000, 0x0000000089f00000, 0x0000000089f00000|100%| E|CS|TAMS 0x0000000089e00000, 0x0000000089e00000| Complete 
| 159|0x0000000089f00000, 0x000000008a000000, 0x000000008a000000|100%| E|CS|TAMS 0x0000000089f00000, 0x0000000089f00000| Complete 
| 160|0x000000008a000000, 0x000000008a100000, 0x000000008a100000|100%| E|CS|TAMS 0x000000008a000000, 0x000000008a000000| Complete 
| 161|0x000000008a100000, 0x000000008a200000, 0x000000008a200000|100%| E|CS|TAMS 0x000000008a100000, 0x000000008a100000| Complete 
| 162|0x000000008a200000, 0x000000008a300000, 0x000000008a300000|100%| E|CS|TAMS 0x000000008a200000, 0x000000008a200000| Complete 
| 163|0x000000008a300000, 0x000000008a400000, 0x000000008a400000|100%| E|CS|TAMS 0x000000008a300000, 0x000000008a300000| Complete 
| 164|0x000000008a400000, 0x000000008a500000, 0x000000008a500000|100%| E|CS|TAMS 0x000000008a400000, 0x000000008a400000| Complete 
| 165|0x000000008a500000, 0x000000008a600000, 0x000000008a600000|100%| E|CS|TAMS 0x000000008a500000, 0x000000008a500000| Complete 
| 166|0x000000008a600000, 0x000000008a700000, 0x000000008a700000|100%| E|CS|TAMS 0x000000008a600000, 0x000000008a600000| Complete 
| 167|0x000000008a700000, 0x000000008a800000, 0x000000008a800000|100%| E|CS|TAMS 0x000000008a700000, 0x000000008a700000| Complete 
| 168|0x000000008a800000, 0x000000008a900000, 0x000000008a900000|100%| E|CS|TAMS 0x000000008a800000, 0x000000008a800000| Complete 
| 169|0x000000008a900000, 0x000000008aa00000, 0x000000008aa00000|100%| E|CS|TAMS 0x000000008a900000, 0x000000008a900000| Complete 
| 170|0x000000008aa00000, 0x000000008ab00000, 0x000000008ab00000|100%| E|CS|TAMS 0x000000008aa00000, 0x000000008aa00000| Complete 
| 171|0x000000008ab00000, 0x000000008ac00000, 0x000000008ac00000|100%| E|CS|TAMS 0x000000008ab00000, 0x000000008ab00000| Complete 
| 172|0x000000008ac00000, 0x000000008ad00000, 0x000000008ad00000|100%| E|CS|TAMS 0x000000008ac00000, 0x000000008ac00000| Complete 
| 173|0x000000008ad00000, 0x000000008ae00000, 0x000000008ae00000|100%| E|CS|TAMS 0x000000008ad00000, 0x000000008ad00000| Complete 
| 174|0x000000008ae00000, 0x000000008af00000, 0x000000008af00000|100%| E|CS|TAMS 0x000000008ae00000, 0x000000008ae00000| Complete 
| 175|0x000000008af00000, 0x000000008b000000, 0x000000008b000000|100%| E|CS|TAMS 0x000000008af00000, 0x000000008af00000| Complete 
| 176|0x000000008b000000, 0x000000008b100000, 0x000000008b100000|100%| E|CS|TAMS 0x000000008b000000, 0x000000008b000000| Complete 
| 177|0x000000008b100000, 0x000000008b200000, 0x000000008b200000|100%| E|CS|TAMS 0x000000008b100000, 0x000000008b100000| Complete 
| 178|0x000000008b200000, 0x000000008b300000, 0x000000008b300000|100%| E|CS|TAMS 0x000000008b200000, 0x000000008b200000| Complete 
| 179|0x000000008b300000, 0x000000008b400000, 0x000000008b400000|100%| E|CS|TAMS 0x000000008b300000, 0x000000008b300000| Complete 
| 180|0x000000008b400000, 0x000000008b500000, 0x000000008b500000|100%| E|CS|TAMS 0x000000008b400000, 0x000000008b400000| Complete 
| 181|0x000000008b500000, 0x000000008b600000, 0x000000008b600000|100%| E|CS|TAMS 0x000000008b500000, 0x000000008b500000| Complete 
| 182|0x000000008b600000, 0x000000008b700000, 0x000000008b700000|100%| E|CS|TAMS 0x000000008b600000, 0x000000008b600000| Complete 
| 183|0x000000008b700000, 0x000000008b800000, 0x000000008b800000|100%| E|CS|TAMS 0x000000008b700000, 0x000000008b700000| Complete 
| 184|0x000000008b800000, 0x000000008b900000, 0x000000008b900000|100%| E|CS|TAMS 0x000000008b800000, 0x000000008b800000| Complete 

Card table byte_map: [0x000001dc7f1d0000,0x000001dc7f5d0000] _byte_map_base: 0x000001dc7edd0000

Marking Bits (Prev, Next): (CMBitMap*) 0x000001dc68352c48, (CMBitMap*) 0x000001dc68352c80
 Prev Bits: [0x000001dc00000000, 0x000001dc02000000)
 Next Bits: [0x000001dc02000000, 0x000001dc04000000)

Polling page: 0x000001dc66a60000

Metaspace:

Usage:
  Non-class:     32.21 MB capacity,    31.80 MB ( 99%) used,   354.52 KB (  1%) free+waste,    68.56 KB ( <1%) overhead. 
      Class:      3.92 MB capacity,     3.63 MB ( 93%) used,   265.34 KB (  7%) free+waste,    29.44 KB ( <1%) overhead. 
       Both:     36.13 MB capacity,    35.43 MB ( 98%) used,   619.86 KB (  2%) free+waste,    98.00 KB ( <1%) overhead. 

Virtual space:
  Non-class space:       34.00 MB reserved,      32.25 MB ( 95%) committed 
      Class space:        1.00 GB reserved,       4.00 MB ( <1%) committed 
             Both:        1.03 GB reserved,      36.25 MB (  3%) committed 

Chunk freelists:
   Non-Class:  5.00 KB
       Class:  1.88 KB
        Both:  6.88 KB

CodeHeap 'non-profiled nmethods': size=120064Kb used=3497Kb max_used=3497Kb free=116566Kb
 bounds [0x000001dc77490000, 0x000001dc77800000, 0x000001dc7e9d0000]
CodeHeap 'profiled nmethods': size=120000Kb used=16316Kb max_used=16316Kb free=103683Kb
 bounds [0x000001dc6ff60000, 0x000001dc70f50000, 0x000001dc77490000]
CodeHeap 'non-nmethods': size=5696Kb used=1173Kb max_used=1200Kb free=4522Kb
 bounds [0x000001dc6f9d0000, 0x000001dc6fc40000, 0x000001dc6ff60000]
 total_blobs=7212 nmethods=6705 adapters=418
 compilation: enabled
              stopped_count=0, restarted_count=0
 full_count=0

Compilation events (10 events):
Event: 31.836 Thread 0x000001dc7fde3800 nmethod 6697 0x000001dc70f35a10 code [0x000001dc70f36220, 0x000001dc70f3cc08]
Event: 31.837 Thread 0x000001dc7fde3800 6698       3       java.lang.invoke.MethodHandles$Lookup::lookupModes (8 bytes)
Event: 31.837 Thread 0x000001dc7fde3800 nmethod 6698 0x000001dc70f3f990 code [0x000001dc70f3fb20, 0x000001dc70f3fc18]
Event: 31.837 Thread 0x000001dc7fde3800 6699       3       java.lang.invoke.ConstantCallSite::<init> (11 bytes)
Event: 31.838 Thread 0x000001dc7fde3800 nmethod 6699 0x000001dc70f3fc90 code [0x000001dc70f3fea0, 0x000001dc70f40668]
Event: 31.838 Thread 0x000001dc7fde3800 6700       3       java.lang.invoke.ConstantCallSite::dynamicInvoker (5 bytes)
Event: 31.838 Thread 0x000001dc7fde3800 nmethod 6700 0x000001dc70f40990 code [0x000001dc70f40b40, 0x000001dc70f40da8]
Event: 31.918 Thread 0x000001dc7fdb2000 6701       4       java.lang.AbstractStringBuilder::appendChars (130 bytes)
Event: 31.926 Thread 0x000001dc7fdb2000 nmethod 6701 0x000001dc777f9790 code [0x000001dc777f9920, 0x000001dc777f9bf8]
Event: 31.938 Thread 0x000001dc7fdb2000 6702  s!   4       jdk.internal.loader.URLClassPath::getLoader (194 bytes)

GC Heap History (10 events):
Event: 6.879 GC heap before
{Heap before GC invocations=5 (full 0):
 garbage-first heap   total 131072K, used 58558K [0x0000000080000000, 0x0000000100000000)
  region size 1024K, 56 young (57344K), 5 survivors (5120K)
 Metaspace       used 20907K, capacity 21212K, committed 21248K, reserved 1069056K
  class space    used 2169K, capacity 2285K, committed 2304K, reserved 1048576K
}
Event: 6.904 GC heap after
{Heap after GC invocations=6 (full 0):
 garbage-first heap   total 157696K, used 11883K [0x0000000080000000, 0x0000000100000000)
  region size 1024K, 10 young (10240K), 10 survivors (10240K)
 Metaspace       used 20907K, capacity 21212K, committed 21248K, reserved 1069056K
  class space    used 2169K, capacity 2285K, committed 2304K, reserved 1048576K
}
Event: 10.143 GC heap before
{Heap before GC invocations=7 (full 0):
 garbage-first heap   total 157696K, used 72299K [0x0000000080000000, 0x0000000100000000)
  region size 1024K, 67 young (68608K), 10 survivors (10240K)
 Metaspace       used 29867K, capacity 30367K, committed 30592K, reserved 1077248K
  class space    used 3176K, capacity 3347K, committed 3456K, reserved 1048576K
}
Event: 10.178 GC heap after
{Heap after GC invocations=8 (full 0):
 garbage-first heap   total 157696K, used 19621K [0x0000000080000000, 0x0000000100000000)
  region size 1024K, 9 young (9216K), 9 survivors (9216K)
 Metaspace       used 29867K, capacity 30367K, committed 30592K, reserved 1077248K
  class space    used 3176K, capacity 3347K, committed 3456K, reserved 1048576K
}
Event: 14.700 GC heap before
{Heap before GC invocations=8 (full 0):
 garbage-first heap   total 157696K, used 98469K [0x0000000080000000, 0x0000000100000000)
  region size 1024K, 84 young (86016K), 9 survivors (9216K)
 Metaspace       used 33261K, capacity 33902K, committed 34048K, reserved 1079296K
  class space    used 3484K, capacity 3754K, committed 3840K, reserved 1048576K
}
Event: 14.746 GC heap after
{Heap after GC invocations=9 (full 0):
 garbage-first heap   total 157696K, used 32766K [0x0000000080000000, 0x0000000100000000)
  region size 1024K, 11 young (11264K), 11 survivors (11264K)
 Metaspace       used 33261K, capacity 33902K, committed 34048K, reserved 1079296K
  class space    used 3484K, capacity 3754K, committed 3840K, reserved 1048576K
}
Event: 17.051 GC heap before
{Heap before GC invocations=9 (full 0):
 garbage-first heap   total 157696K, used 107518K [0x0000000080000000, 0x0000000100000000)
  region size 1024K, 82 young (83968K), 11 survivors (11264K)
 Metaspace       used 34358K, capacity 35068K, committed 35072K, reserved 1081344K
  class space    used 3547K, capacity 3838K, committed 3840K, reserved 1048576K
}
Event: 17.081 GC heap after
{Heap after GC invocations=10 (full 0):
 garbage-first heap   total 157696K, used 36527K [0x0000000080000000, 0x0000000100000000)
  region size 1024K, 9 young (9216K), 9 survivors (9216K)
 Metaspace       used 34358K, capacity 35068K, committed 35072K, reserved 1081344K
  class space    used 3547K, capacity 3838K, committed 3840K, reserved 1048576K
}
Event: 17.497 GC heap before
{Heap before GC invocations=10 (full 0):
 garbage-first heap   total 157696K, used 37551K [0x0000000080000000, 0x0000000100000000)
  region size 1024K, 11 young (11264K), 9 survivors (9216K)
 Metaspace       used 35007K, capacity 35698K, committed 35840K, reserved 1081344K
  class space    used 3611K, capacity 3880K, committed 3968K, reserved 1048576K
}
Event: 17.535 GC heap after
{Heap after GC invocations=11 (full 0):
 garbage-first heap   total 189440K, used 35840K [0x0000000080000000, 0x0000000100000000)
  region size 1024K, 1 young (1024K), 1 survivors (1024K)
 Metaspace       used 35007K, capacity 35698K, committed 35840K, reserved 1081344K
  class space    used 3611K, capacity 3880K, committed 3968K, reserved 1048576K
}

Deoptimization events (10 events):
Event: 18.214 Thread 0x000001dc68317000 Uncommon trap: reason=class_check action=maybe_recompile pc=0x000001dc775bbd84 method=java.util.Collections$UnmodifiableMap$UnmodifiableEntrySet$UnmodifiableEntry.getValue()Ljava/lang/Object; @ 4 c2
Event: 18.214 Thread 0x000001dc68317000 Uncommon trap: reason=class_check action=maybe_recompile pc=0x000001dc775bf810 method=java.util.Collections$UnmodifiableMap$UnmodifiableEntrySet$1.hasNext()Z @ 4 c2
Event: 18.214 Thread 0x000001dc68317000 Uncommon trap: reason=class_check action=maybe_recompile pc=0x000001dc775bb4cc method=java.util.Collections$UnmodifiableMap$UnmodifiableEntrySet$1.next()Ljava/util/Map$Entry; @ 8 c2
Event: 18.214 Thread 0x000001dc68317000 Uncommon trap: reason=class_check action=maybe_recompile pc=0x000001dc775bba84 method=java.util.Collections$UnmodifiableMap$UnmodifiableEntrySet$UnmodifiableEntry.getKey()Ljava/lang/Object; @ 4 c2
Event: 18.214 Thread 0x000001dc68317000 Uncommon trap: reason=class_check action=maybe_recompile pc=0x000001dc775bbd84 method=java.util.Collections$UnmodifiableMap$UnmodifiableEntrySet$UnmodifiableEntry.getValue()Ljava/lang/Object; @ 4 c2
Event: 18.214 Thread 0x000001dc68317000 Uncommon trap: reason=class_check action=maybe_recompile pc=0x000001dc775bf810 method=java.util.Collections$UnmodifiableMap$UnmodifiableEntrySet$1.hasNext()Z @ 4 c2
Event: 18.214 Thread 0x000001dc68317000 Uncommon trap: reason=class_check action=maybe_recompile pc=0x000001dc775bb4cc method=java.util.Collections$UnmodifiableMap$UnmodifiableEntrySet$1.next()Ljava/util/Map$Entry; @ 8 c2
Event: 18.214 Thread 0x000001dc68317000 Uncommon trap: reason=class_check action=maybe_recompile pc=0x000001dc775bba84 method=java.util.Collections$UnmodifiableMap$UnmodifiableEntrySet$UnmodifiableEntry.getKey()Ljava/lang/Object; @ 4 c2
Event: 18.214 Thread 0x000001dc68317000 Uncommon trap: reason=class_check action=maybe_recompile pc=0x000001dc775bbd84 method=java.util.Collections$UnmodifiableMap$UnmodifiableEntrySet$UnmodifiableEntry.getValue()Ljava/lang/Object; @ 4 c2
Event: 19.376 Thread 0x000001dc08761000 Uncommon trap: reason=unstable_if action=reinterpret pc=0x000001dc777ed700 method=java.io.BufferedReader.readLine(Z)Ljava/lang/String; @ 192 c2

Classes redefined (0 events):
No events

Internal exceptions (10 events):
Event: 16.114 Thread 0x000001dc68317000 Exception <a 'sun/nio/fs/WindowsException'{0x0000000086b6f120}> (0x0000000086b6f120) thrown at [./open/src/hotspot/share/prims/jni.cpp, line 611]
Event: 16.137 Thread 0x000001dc68317000 Exception <a 'sun/nio/fs/WindowsException'{0x0000000086bb2418}> (0x0000000086bb2418) thrown at [./open/src/hotspot/share/prims/jni.cpp, line 611]
Event: 17.037 Thread 0x000001dc68317000 Exception <a 'java/lang/NoSuchMethodError'{0x00000000853e39a0}: org.apache.maven.execution.MavenExecutionRequest.getFailureBehavior()Ljava/lang/String;> (0x00000000853e39a0) thrown at [./open/src/hotspot/share/interpreter/linkResolver.cpp, line 864]
Event: 17.128 Thread 0x000001dc09a08000 Exception <a 'java/lang/NoSuchMethodError'{0x0000000089807990}: java.lang.invoke.DirectMethodHandle$Holder.invokeStaticInit(Ljava/lang/Object;Ljava/lang/Object;JLjava/lang/Object;)Ljava/lang/Object;> (0x0000000089807990) thrown at [./open/src/hotspot/shar
Event: 17.132 Thread 0x000001dc09a08000 Exception <a 'java/lang/NoSuchMethodError'{0x0000000089813ab0}: java.lang.invoke.Invokers$Holder.linkToTargetMethod(Ljava/lang/Object;JLjava/lang/Object;)Ljava/lang/Object;> (0x0000000089813ab0) thrown at [./open/src/hotspot/share/interpreter/linkResolver
Event: 17.489 Thread 0x000001dc68317000 Exception <a 'java/lang/NoSuchMethodError'{0x00000000898b92d0}: java.lang.invoke.DirectMethodHandle$Holder.invokeStaticInit(Ljava/lang/Object;Ljava/lang/Object;IIII)Ljava/lang/Object;> (0x00000000898b92d0) thrown at [./open/src/hotspot/share/interpreter/l
Event: 18.230 Thread 0x000001dc68317000 Exception <a 'java/lang/NoSuchMethodError'{0x000000008a10cf38}: java.lang.invoke.DirectMethodHandle$Holder.invokeStatic(Ljava/lang/Object;J)V> (0x000000008a10cf38) thrown at [./open/src/hotspot/share/interpreter/linkResolver.cpp, line 772]
Event: 18.231 Thread 0x000001dc68317000 Exception <a 'java/lang/NoSuchMethodError'{0x000000008a112148}: java.lang.invoke.DirectMethodHandle$Holder.invokeStatic(Ljava/lang/Object;J)Ljava/lang/Object;> (0x000000008a112148) thrown at [./open/src/hotspot/share/interpreter/linkResolver.cpp, line 772
Event: 18.231 Thread 0x000001dc68317000 Exception <a 'java/lang/NoSuchMethodError'{0x000000008a115470}: java.lang.invoke.DirectMethodHandle$Holder.invokeSpecial(Ljava/lang/Object;Ljava/lang/Object;J)Ljava/lang/Object;> (0x000000008a115470) thrown at [./open/src/hotspot/share/interpreter/linkRes
Event: 18.232 Thread 0x000001dc68317000 Exception <a 'java/lang/NoSuchMethodError'{0x000000008a1181d8}: java.lang.invoke.Invokers$Holder.linkToTargetMethod(JLjava/lang/Object;)Ljava/lang/Object;> (0x000000008a1181d8) thrown at [./open/src/hotspot/share/interpreter/linkResolver.cpp, line 772]

Events (10 events):
Event: 31.839 loading class org/apache/maven/plugin/surefire/report/FileReporterUtils
Event: 31.839 loading class org/apache/maven/plugin/surefire/report/FileReporterUtils done
Event: 31.918 Thread 0x000001dc08761000 DEOPT PACKING pc=0x000001dc70491b9f sp=0x000000c9210fed60
Event: 31.918 Thread 0x000001dc08761000 DEOPT UNPACKING pc=0x000001dc6f9f7c0e sp=0x000000c9210fe270 mode 0
Event: 31.938 loading class org/apache/maven/plugin/surefire/report/ReporterUtils
Event: 31.938 loading class org/apache/maven/plugin/surefire/report/ReporterUtils done
Event: 31.938 loading class org/apache/maven/plugin/surefire/report/ReporterUtils
Event: 31.938 loading class org/apache/maven/plugin/surefire/report/ReporterUtils done
Event: 31.938 loading class org/apache/maven/plugin/surefire/report/ReporterUtils
Event: 31.938 loading class org/apache/maven/plugin/surefire/report/ReporterUtils done


Dynamic libraries:
0x00007ff705ba0000 - 0x00007ff705baf000 	C:\Program Files\Java\jdk-11.0.16\bin\java.exe
0x00007ffb5f370000 - 0x00007ffb5f568000 	C:\Windows\SYSTEM32\ntdll.dll
0x00007ffb5dbe0000 - 0x00007ffb5dc9d000 	C:\Windows\System32\KERNEL32.DLL
0x00007ffb5cf20000 - 0x00007ffb5d1f2000 	C:\Windows\System32\KERNELBASE.dll
0x00007ffb5d2d0000 - 0x00007ffb5d3d0000 	C:\Windows\System32\ucrtbase.dll
0x00007ffb41820000 - 0x00007ffb41838000 	C:\Program Files\Java\jdk-11.0.16\bin\jli.dll
0x00007ffb5d440000 - 0x00007ffb5d4ee000 	C:\Windows\System32\ADVAPI32.dll
0x00007ffb5d4f0000 - 0x00007ffb5d58e000 	C:\Windows\System32\msvcrt.dll
0x00007ffb5eff0000 - 0x00007ffb5f08c000 	C:\Windows\System32\sechost.dll
0x00007ffb5f1d0000 - 0x00007ffb5f2f5000 	C:\Windows\System32\RPCRT4.dll
0x00007ffb5e820000 - 0x00007ffb5e9bd000 	C:\Windows\System32\USER32.dll
0x00007ffb5cd40000 - 0x00007ffb5cd62000 	C:\Windows\System32\win32u.dll
0x00007ffb5f110000 - 0x00007ffb5f13b000 	C:\Windows\System32\GDI32.dll
0x00007ffb5cb10000 - 0x00007ffb5cc1f000 	C:\Windows\System32\gdi32full.dll
0x00007ffb5d230000 - 0x00007ffb5d2cd000 	C:\Windows\System32\msvcp_win.dll
0x00007ffb41800000 - 0x00007ffb41815000 	C:\Program Files\Java\jdk-11.0.16\bin\VCRUNTIME140.dll
0x00007ffb40c90000 - 0x00007ffb40f2a000 	C:\Windows\WinSxS\amd64_microsoft.windows.common-controls_6595b64144ccf1df_6.0.19041.1110_none_60b5254171f9507e\COMCTL32.dll
0x00007ffb54a30000 - 0x00007ffb54a3a000 	C:\Windows\SYSTEM32\VERSION.dll
0x00007ffb5f300000 - 0x00007ffb5f330000 	C:\Windows\System32\IMM32.DLL
0x00007ffb40700000 - 0x00007ffb4079b000 	C:\Program Files\Java\jdk-11.0.16\bin\msvcp140.dll
0x00007ffafc9c0000 - 0x00007ffafd4d8000 	C:\Program Files\Java\jdk-11.0.16\bin\server\jvm.dll
0x00007ffb5ef80000 - 0x00007ffb5ef88000 	C:\Windows\System32\PSAPI.DLL
0x00007ffb58500000 - 0x00007ffb58509000 	C:\Windows\SYSTEM32\WSOCK32.dll
0x00007ffb5dca0000 - 0x00007ffb5dd0b000 	C:\Windows\System32\WS2_32.dll
0x00007ffb39be0000 - 0x00007ffb39c07000 	C:\Windows\SYSTEM32\WINMM.dll
0x00007ffb5a920000 - 0x00007ffb5a932000 	C:\Windows\SYSTEM32\kernel.appcore.dll
0x00007ffb47580000 - 0x00007ffb47590000 	C:\Program Files\Java\jdk-11.0.16\bin\verify.dll
0x00007ffb4e1b0000 - 0x00007ffb4e394000 	C:\Windows\SYSTEM32\DBGHELP.DLL
0x00007ffb4e180000 - 0x00007ffb4e1ac000 	C:\Windows\SYSTEM32\dbgcore.DLL
0x00007ffb5ca80000 - 0x00007ffb5cb02000 	C:\Windows\System32\bcryptPrimitives.dll
0x00007ffb40860000 - 0x00007ffb40888000 	C:\Program Files\Java\jdk-11.0.16\bin\java.dll
0x00007ffb43510000 - 0x00007ffb4351a000 	C:\Program Files\Java\jdk-11.0.16\bin\jimage.dll
0x00007ffb417e0000 - 0x00007ffb417f6000 	C:\Program Files\Java\jdk-11.0.16\bin\zip.dll
0x00007ffb5dfe0000 - 0x00007ffb5e723000 	C:\Windows\System32\SHELL32.dll
0x00007ffb5ab20000 - 0x00007ffb5b2b1000 	C:\Windows\SYSTEM32\windows.storage.dll
0x00007ffb5d880000 - 0x00007ffb5dbd4000 	C:\Windows\System32\combase.dll
0x00007ffb5c320000 - 0x00007ffb5c350000 	C:\Windows\SYSTEM32\Wldp.dll
0x00007ffb5d6c0000 - 0x00007ffb5d76d000 	C:\Windows\System32\SHCORE.dll
0x00007ffb5d3e0000 - 0x00007ffb5d435000 	C:\Windows\System32\shlwapi.dll
0x00007ffb5c9c0000 - 0x00007ffb5c9df000 	C:\Windows\SYSTEM32\profapi.dll
0x00007ffb408b0000 - 0x00007ffb408c9000 	C:\Program Files\Java\jdk-11.0.16\bin\net.dll
0x00007ffb54480000 - 0x00007ffb5458d000 	C:\Windows\SYSTEM32\WINHTTP.dll
0x00007ffb5c100000 - 0x00007ffb5c16a000 	C:\Windows\system32\mswsock.dll
0x00007ffb40680000 - 0x00007ffb40692000 	C:\Program Files\Java\jdk-11.0.16\bin\nio.dll
0x0000000069ac0000 - 0x0000000069ae4000 	C:\Users\sfjbs\Downloads\micro service-20221001T123314Z-001\micro service\apache-maven-3.8.5-bin\apache-maven-3.8.5\lib\jansi-native\Windows\x86_64\jansi.dll
0x00007ffb5c360000 - 0x00007ffb5c378000 	C:\Windows\SYSTEM32\CRYPTSP.dll
0x00007ffb5ba40000 - 0x00007ffb5ba74000 	C:\Windows\system32\rsaenh.dll
0x00007ffb5d200000 - 0x00007ffb5d227000 	C:\Windows\System32\bcrypt.dll
0x00007ffb5c940000 - 0x00007ffb5c96e000 	C:\Windows\SYSTEM32\USERENV.dll
0x00007ffb5c290000 - 0x00007ffb5c29c000 	C:\Windows\SYSTEM32\CRYPTBASE.dll
0x00007ffb5be10000 - 0x00007ffb5be4b000 	C:\Windows\SYSTEM32\IPHLPAPI.DLL
0x00007ffb5d3d0000 - 0x00007ffb5d3d8000 	C:\Windows\System32\NSI.dll
0x00007ffb55490000 - 0x00007ffb554a7000 	C:\Windows\SYSTEM32\dhcpcsvc6.DLL
0x00007ffb55470000 - 0x00007ffb5548d000 	C:\Windows\SYSTEM32\dhcpcsvc.DLL
0x00007ffb5be50000 - 0x00007ffb5bf1a000 	C:\Windows\SYSTEM32\DNSAPI.dll

dbghelp: loaded successfully - version: 4.0.5 - missing functions: none
symbol engine: initialized successfully - sym options: 0x614 - pdb path: .;C:\Program Files\Java\jdk-11.0.16\bin;C:\Windows\SYSTEM32;C:\Windows\WinSxS\amd64_microsoft.windows.common-controls_6595b64144ccf1df_6.0.19041.1110_none_60b5254171f9507e;C:\Program Files\Java\jdk-11.0.16\bin\server;C:\Users\sfjbs\Downloads\micro service-20221001T123314Z-001\micro service\apache-maven-3.8.5-bin\apache-maven-3.8.5\lib\jansi-native\Windows\x86_64

VM Arguments:
jvm_args: -Dclassworlds.conf=C:\Users\sfjbs\Downloads\micro service-20221001T123314Z-001\micro service\apache-maven-3.8.5-bin\apache-maven-3.8.5\bin\m2.conf -Dmaven.home=C:\Users\sfjbs\Downloads\micro service-20221001T123314Z-001\micro service\apache-maven-3.8.5-bin\apache-maven-3.8.5 -Dlibrary.jansi.path=C:\Users\sfjbs\Downloads\micro service-20221001T123314Z-001\micro service\apache-maven-3.8.5-bin\apache-maven-3.8.5\lib\jansi-native -Dmaven.multiModuleProjectDirectory=C:\Users\sfjbs\mini project\day13\pension-management-system 
java_command: org.codehaus.plexus.classworlds.launcher.Launcher clean install
java_class_path (initial): C:\Users\sfjbs\Downloads\micro service-20221001T123314Z-001\micro service\apache-maven-3.8.5-bin\apache-maven-3.8.5\boot\plexus-classworlds-2.6.0.jar
Launcher Type: SUN_STANDARD

[Global flags]
     intx CICompilerCount                          = 2                                         {product} {ergonomic}
     uint ConcGCThreads                            = 1                                         {product} {ergonomic}
     uint G1ConcRefinementThreads                  = 2                                         {product} {ergonomic}
   size_t G1HeapRegionSize                         = 1048576                                   {product} {ergonomic}
    uintx GCDrainStackTargetSize                   = 64                                        {product} {ergonomic}
   size_t InitialHeapSize                          = 134217728                                 {product} {ergonomic}
   size_t MarkStackSize                            = 4194304                                   {product} {ergonomic}
   size_t MaxHeapSize                              = 2147483648                                {product} {ergonomic}
   size_t MaxNewSize                               = 1287651328                                {product} {ergonomic}
   size_t MinHeapDeltaBytes                        = 1048576                                   {product} {ergonomic}
    uintx NonNMethodCodeHeapSize                   = 5825164                                {pd product} {ergonomic}
    uintx NonProfiledCodeHeapSize                  = 122916538                              {pd product} {ergonomic}
    uintx ProfiledCodeHeapSize                     = 122916538                              {pd product} {ergonomic}
    uintx ReservedCodeCacheSize                    = 251658240                              {pd product} {ergonomic}
     bool SegmentedCodeCache                       = true                                      {product} {ergonomic}
     bool UseCompressedClassPointers               = true                                 {lp64_product} {ergonomic}
     bool UseCompressedOops                        = true                                 {lp64_product} {ergonomic}
     bool UseG1GC                                  = true                                      {product} {ergonomic}
     bool UseLargePagesIndividualAllocation        = false                                  {pd product} {ergonomic}

Logging:
Log output configuration:
 #0: stdout all=warning uptime,level,tags
 #1: stderr all=off uptime,level,tags

Environment Variables:
PATH=C:\Program Files\Common Files\Oracle\Java\javapath;C:\Windows\system32;C:\Windows;C:\Windows\System32\Wbem;C:\Windows\System32\WindowsPowerShell\v1.0\;C:\Windows\System32\OpenSSH\;C:\Users\sfjbs\Downloads\micro service-20221001T123314Z-001\micro service\apache-maven-3.8.5-bin\apache-maven-3.8.5\bin;C:\Users\sfjbs\Downloads\micro service-20221001T123314Z-001\micro service\apache-maven-3.8.5-bin\apache-maven-3.8.5\lib;C:\Program Files\Docker\Docker\resources\bin;C:\ProgramData\DockerDesktop\version-bin;C:\Program Files\Git\cmd;C:\Users\sfjbs\AppData\Local\Microsoft\WindowsApps;C:\Users\sfjbs\Downloads\micro service-20221001T123314Z-001\micro service\apache-maven-3.8.5-bin\apache-maven-3.8.5\bin;C:\Users\sfjbs\Downloads\micro service-20221001T123314Z-001\micro service\apache-maven-3.8.5-bin\apache-maven-3.8.5\lib;;C:\Program Files\JetBrains\IntelliJ IDEA Community Edition 2022.2.1\bin;
USERNAME=sfjbs
OS=Windows_NT
PROCESSOR_IDENTIFIER=Intel64 Family 6 Model 85 Stepping 7, GenuineIntel



---------------  S Y S T E M  ---------------

OS: Windows 10 , 64 bit Build 19041 (10.0.19041.1889)
Hyper-V role detected

CPU:total 2 (initial active 2) (1 cores per cpu, 2 threads per core) family 6 model 85 stepping 7 microcode 0xffffffff, cmov, cx8, fxsr, mmx, sse, sse2, sse3, ssse3, sse4.1, sse4.2, popcnt, avx, avx2, aes, clmul, erms, rtm, 3dnowpref, lzcnt, ht, tsc, bmi1, bmi2, adx, evex, fma

Memory: 4k page, system-wide physical 8190M (580M free)
TotalPageFile size 10238M (AvailPageFile size 226M)
current process WorkingSet (physical memory assigned to process): 270M, peak: 283M
current process commit charge ("private bytes"): 326M, peak: 341M

vm_info: Java HotSpot(TM) 64-Bit Server VM (11.0.16+11-LTS-199) for windows-amd64 JRE (11.0.16+11-LTS-199), built on Jun 28 2022 08:23:17 by "mach5one" with MS VC++ 15.9 (VS2017)

END.
