#
# There is insufficient memory for the Java Runtime Environment to continue.
# Native memory allocation (malloc) failed to allocate 65552 bytes for Chunk::new
# Possible reasons:
#   The system is out of physical RAM or swap space
#   The process is running with CompressedOops enabled, and the Java Heap may be blocking the growth of the native heap
# Possible solutions:
#   Reduce memory load on the system
#   Increase physical memory or swap space
#   Check if swap backing store is full
#   Decrease Java heap size (-Xmx/-Xms)
#   Decrease number of Java threads
#   Decrease Java thread stack sizes (-Xss)
#   Set larger code cache with -XX:ReservedCodeCacheSize=
#   JVM is running with Unscaled Compressed Oops mode in which the Java heap is
#     placed in the first 4GB address space. The Java Heap base address is the
#     maximum limit for the native heap growth. Please use -XX:HeapBaseMinAddress
#     to set the Java Heap base and to place the Java Heap above 4GB virtual address.
# This output file may be truncated or incomplete.
#
#  Out of Memory Error (./open/src/hotspot/share/memory/arena.cpp:197), pid=7696, tid=5436
#
# JRE version: Java(TM) SE Runtime Environment 18.9 (11.0.16+11) (build 11.0.16+11-LTS-199)
# Java VM: Java HotSpot(TM) 64-Bit Server VM 18.9 (11.0.16+11-LTS-199, mixed mode, tiered, compressed oops, g1 gc, windows-amd64)
# No core dump will be written. Minidumps are not enabled by default on client versions of Windows
#

---------------  S U M M A R Y ------------

Command Line: -Dclassworlds.conf=C:\Users\sfjbs\Downloads\micro service-20221001T123314Z-001\micro service\apache-maven-3.8.5-bin\apache-maven-3.8.5\bin\m2.conf -Dmaven.home=C:\Users\sfjbs\Downloads\micro service-20221001T123314Z-001\micro service\apache-maven-3.8.5-bin\apache-maven-3.8.5 -Dlibrary.jansi.path=C:\Users\sfjbs\Downloads\micro service-20221001T123314Z-001\micro service\apache-maven-3.8.5-bin\apache-maven-3.8.5\lib\jansi-native -Dmaven.multiModuleProjectDirectory=C:\Users\sfjbs\IdeaProjects\pension-management-system org.codehaus.plexus.classworlds.launcher.Launcher install dockerfile:build

Host: Intel(R) Xeon(R) Platinum 8272CL CPU @ 2.60GHz, 2 cores, 7G,  Windows 10 , 64 bit Build 19041 (10.0.19041.1889)
Time: Tue Nov  1 11:26:48 2022 Coordinated Universal Time elapsed time: 106.128082 seconds (0d 0h 1m 46s)

---------------  T H R E A D  ---------------

Current thread (0x0000022dfef23800):  JavaThread "C2 CompilerThread0" daemon [_thread_in_native, id=5436, stack(0x0000003f8ef00000,0x0000003f8f000000)]


Current CompileTask:
C2: 106128 6203       4       java.lang.ClassLoader::defineClass (43 bytes)

Stack: [0x0000003f8ef00000,0x0000003f8f000000]
Native frames: (J=compiled Java code, j=interpreted, Vv=VM code, C=native code)
V  [jvm.dll+0x62a3ea]
V  [jvm.dll+0x76418f]
V  [jvm.dll+0x765839]
V  [jvm.dll+0x765ec3]
V  [jvm.dll+0x23da98]
V  [jvm.dll+0xb2a1c]
V  [jvm.dll+0xb2fdc]
V  [jvm.dll+0xb2b2b]
V  [jvm.dll+0x60a6ef]
V  [jvm.dll+0x5bbf3a]
V  [jvm.dll+0x5c0478]
V  [jvm.dll+0x5c0b45]
V  [jvm.dll+0x5bf87e]
V  [jvm.dll+0x1f8347]
V  [jvm.dll+0x1f768d]
V  [jvm.dll+0x177c81]
V  [jvm.dll+0x207006]
V  [jvm.dll+0x20519b]
V  [jvm.dll+0x729fa0]
V  [jvm.dll+0x722b74]
V  [jvm.dll+0x629286]
C  [ucrtbase.dll+0x21bb2]
C  [KERNEL32.DLL+0x17034]
C  [ntdll.dll+0x526a1]


---------------  P R O C E S S  ---------------

Threads class SMR info:
_java_thread_list=0x0000022d8466a950, length=16, elements={
0x0000022ddfc79800, 0x0000022dfeefe000, 0x0000022dfef07000, 0x0000022dff8a3000,
0x0000022dfef1e000, 0x0000022dfef1f000, 0x0000022dfef23800, 0x0000022dfef2a000,
0x0000022dfef2b800, 0x0000022dff9e0000, 0x0000022d82a85800, 0x0000022d82bdb800,
0x0000022d82bb6000, 0x0000022d804a8000, 0x0000022d82bb7800, 0x0000022d84452000
}

Java Threads: ( => current thread )
  0x0000022ddfc79800 JavaThread "main" [_thread_in_native, id=11468, stack(0x0000003f8e300000,0x0000003f8e400000)]
  0x0000022dfeefe000 JavaThread "Reference Handler" daemon [_thread_blocked, id=2384, stack(0x0000003f8ea00000,0x0000003f8eb00000)]
  0x0000022dfef07000 JavaThread "Finalizer" daemon [_thread_blocked, id=12788, stack(0x0000003f8eb00000,0x0000003f8ec00000)]
  0x0000022dff8a3000 JavaThread "Signal Dispatcher" daemon [_thread_blocked, id=1676, stack(0x0000003f8ec00000,0x0000003f8ed00000)]
  0x0000022dfef1e000 JavaThread "Attach Listener" daemon [_thread_blocked, id=7668, stack(0x0000003f8ed00000,0x0000003f8ee00000)]
  0x0000022dfef1f000 JavaThread "Service Thread" daemon [_thread_blocked, id=12652, stack(0x0000003f8ee00000,0x0000003f8ef00000)]
=>0x0000022dfef23800 JavaThread "C2 CompilerThread0" daemon [_thread_in_native, id=5436, stack(0x0000003f8ef00000,0x0000003f8f000000)]
  0x0000022dfef2a000 JavaThread "C1 CompilerThread0" daemon [_thread_blocked, id=10392, stack(0x0000003f8f000000,0x0000003f8f100000)]
  0x0000022dfef2b800 JavaThread "Sweeper thread" daemon [_thread_blocked, id=10624, stack(0x0000003f8f100000,0x0000003f8f200000)]
  0x0000022dff9e0000 JavaThread "Common-Cleaner" daemon [_thread_blocked, id=12148, stack(0x0000003f8f300000,0x0000003f8f400000)]
  0x0000022d82a85800 JavaThread "resolver-1" daemon [_thread_blocked, id=8520, stack(0x0000003f8f500000,0x0000003f8f600000)]
  0x0000022d82bdb800 JavaThread "resolver-2" daemon [_thread_blocked, id=8508, stack(0x0000003f8f600000,0x0000003f8f700000)]
  0x0000022d82bb6000 JavaThread "resolver-3" daemon [_thread_blocked, id=8504, stack(0x0000003f8f700000,0x0000003f8f800000)]
  0x0000022d804a8000 JavaThread "resolver-4" daemon [_thread_blocked, id=8480, stack(0x0000003f8f800000,0x0000003f8f900000)]
  0x0000022d82bb7800 JavaThread "resolver-5" daemon [_thread_blocked, id=8472, stack(0x0000003f8f900000,0x0000003f8fa00000)]
  0x0000022d84452000 JavaThread "jersey-client-async-executor-0" [_thread_blocked, id=9232, stack(0x0000003f8fe00000,0x0000003f8ff00000)]

Other Threads:
  0x0000022dfeef9000 VMThread "VM Thread" [stack: 0x0000003f8e900000,0x0000003f8ea00000] [id=6956]
  0x0000022dff9d9000 WatcherThread [stack: 0x0000003f8f200000,0x0000003f8f300000] [id=7456]
  0x0000022ddfc90000 GCTaskThread "GC Thread#0" [stack: 0x0000003f8e400000,0x0000003f8e500000] [id=12632]
  0x0000022d8009b000 GCTaskThread "GC Thread#1" [stack: 0x0000003f8f400000,0x0000003f8f500000] [id=1044]
  0x0000022ddfcba800 ConcurrentGCThread "G1 Main Marker" [stack: 0x0000003f8e500000,0x0000003f8e600000] [id=11500]
  0x0000022ddfcbd800 ConcurrentGCThread "G1 Conc#0" [stack: 0x0000003f8e600000,0x0000003f8e700000] [id=3592]
  0x0000022ddfd46000 ConcurrentGCThread "G1 Refine#0" [stack: 0x0000003f8e700000,0x0000003f8e800000] [id=6528]
  0x0000022ddfd47000 ConcurrentGCThread "G1 Young RemSet Sampling" [stack: 0x0000003f8e800000,0x0000003f8e900000] [id=13156]

Threads with active compile tasks:
C2 CompilerThread0   106173 6203       4       java.lang.ClassLoader::defineClass (43 bytes)

VM state:not at safepoint (normal execution)

VM Mutex/Monitor currently owned by a thread: None

Heap address: 0x0000000080000000, size: 2048 MB, Compressed Oops mode: 32-bit
Narrow klass base: 0x0000000000000000, Narrow klass shift: 3
Compressed class space size: 1073741824 Address: 0x0000000100000000

Heap:
 garbage-first heap   total 157696K, used 93003K [0x0000000080000000, 0x0000000100000000)
  region size 1024K, 73 young (74752K), 8 survivors (8192K)
 Metaspace       used 46713K, capacity 47440K, committed 47744K, reserved 1091584K
  class space    used 5146K, capacity 5409K, committed 5504K, reserved 1048576K
Heap Regions: E=young(eden), S=young(survivor), O=old, HS=humongous(starts), HC=humongous(continues), CS=collection set, F=free, A=archive, TAMS=top-at-mark-start (previous, next)
|   0|0x0000000080000000, 0x0000000080100000, 0x0000000080100000|100%| O|  |TAMS 0x0000000080100000, 0x0000000080000000| Untracked 
|   1|0x0000000080100000, 0x0000000080200000, 0x0000000080200000|100%| O|  |TAMS 0x0000000080200000, 0x0000000080100000| Untracked 
|   2|0x0000000080200000, 0x0000000080300000, 0x0000000080300000|100%| O|  |TAMS 0x0000000080300000, 0x0000000080200000| Untracked 
|   3|0x0000000080300000, 0x0000000080400000, 0x0000000080400000|100%| O|  |TAMS 0x0000000080400000, 0x0000000080300000| Untracked 
|   4|0x0000000080400000, 0x0000000080500000, 0x0000000080500000|100%| O|  |TAMS 0x0000000080500000, 0x0000000080400000| Untracked 
|   5|0x0000000080500000, 0x0000000080600000, 0x0000000080600000|100%| O|  |TAMS 0x0000000080600000, 0x0000000080500000| Untracked 
|   6|0x0000000080600000, 0x0000000080700000, 0x0000000080700000|100%| O|  |TAMS 0x0000000080700000, 0x0000000080600000| Untracked 
|   7|0x0000000080700000, 0x0000000080800000, 0x0000000080800000|100%| O|  |TAMS 0x0000000080800000, 0x0000000080700000| Untracked 
|   8|0x0000000080800000, 0x0000000080900000, 0x0000000080900000|100%| O|  |TAMS 0x0000000080900000, 0x0000000080800000| Untracked 
|   9|0x0000000080900000, 0x0000000080a00000, 0x0000000080a00000|100%| O|  |TAMS 0x0000000080a00000, 0x0000000080900000| Untracked 
|  10|0x0000000080a00000, 0x0000000080b00000, 0x0000000080b00000|100%| O|  |TAMS 0x0000000080b00000, 0x0000000080a00000| Untracked 
|  11|0x0000000080b00000, 0x0000000080b00000, 0x0000000080c00000|  0%| F|  |TAMS 0x0000000080b00000, 0x0000000080b00000| Untracked 
|  12|0x0000000080c00000, 0x0000000080d00000, 0x0000000080d00000|100%| O|  |TAMS 0x0000000080d00000, 0x0000000080c00000| Untracked 
|  13|0x0000000080d00000, 0x0000000080e00000, 0x0000000080e00000|100%| O|  |TAMS 0x0000000080e00000, 0x0000000080d00000| Untracked 
|  14|0x0000000080e00000, 0x0000000080f00000, 0x0000000080f00000|100%| O|  |TAMS 0x0000000080f00000, 0x0000000080e00000| Untracked 
|  15|0x0000000080f00000, 0x0000000081000000, 0x0000000081000000|100%| O|  |TAMS 0x0000000081000000, 0x0000000080f00000| Untracked 
|  16|0x0000000081000000, 0x0000000081000000, 0x0000000081100000|  0%| F|  |TAMS 0x0000000081000000, 0x0000000081000000| Untracked 
|  17|0x0000000081100000, 0x0000000081200000, 0x0000000081200000|100%|HS|  |TAMS 0x0000000081200000, 0x0000000081100000| Complete 
|  18|0x0000000081200000, 0x0000000081300000, 0x0000000081300000|100%| O|  |TAMS 0x0000000081300000, 0x0000000081200000| Untracked 
|  19|0x0000000081300000, 0x0000000081400000, 0x0000000081400000|100%| O|  |TAMS 0x0000000081400000, 0x0000000081300000| Untracked 
|  20|0x0000000081400000, 0x00000000814d2e00, 0x0000000081500000| 82%| O|  |TAMS 0x00000000814d2e00, 0x0000000081400000| Untracked 
|  21|0x0000000081500000, 0x0000000081500000, 0x0000000081600000|  0%| F|  |TAMS 0x0000000081500000, 0x0000000081500000| Untracked 
|  22|0x0000000081600000, 0x0000000081600000, 0x0000000081700000|  0%| F|  |TAMS 0x0000000081600000, 0x0000000081600000| Untracked 
|  23|0x0000000081700000, 0x0000000081700000, 0x0000000081800000|  0%| F|  |TAMS 0x0000000081700000, 0x0000000081700000| Untracked 
|  24|0x0000000081800000, 0x0000000081800000, 0x0000000081900000|  0%| F|  |TAMS 0x0000000081800000, 0x0000000081800000| Untracked 
|  25|0x0000000081900000, 0x0000000081900000, 0x0000000081a00000|  0%| F|  |TAMS 0x0000000081900000, 0x0000000081900000| Untracked 
|  26|0x0000000081a00000, 0x0000000081a00000, 0x0000000081b00000|  0%| F|  |TAMS 0x0000000081a00000, 0x0000000081a00000| Untracked 
|  27|0x0000000081b00000, 0x0000000081b00000, 0x0000000081c00000|  0%| F|  |TAMS 0x0000000081b00000, 0x0000000081b00000| Untracked 
|  28|0x0000000081c00000, 0x0000000081c00000, 0x0000000081d00000|  0%| F|  |TAMS 0x0000000081c00000, 0x0000000081c00000| Untracked 
|  29|0x0000000081d00000, 0x0000000081d00000, 0x0000000081e00000|  0%| F|  |TAMS 0x0000000081d00000, 0x0000000081d00000| Untracked 
|  30|0x0000000081e00000, 0x0000000081e00000, 0x0000000081f00000|  0%| F|  |TAMS 0x0000000081e00000, 0x0000000081e00000| Untracked 
|  31|0x0000000081f00000, 0x0000000081f00000, 0x0000000082000000|  0%| F|  |TAMS 0x0000000081f00000, 0x0000000081f00000| Untracked 
|  32|0x0000000082000000, 0x0000000082000000, 0x0000000082100000|  0%| F|  |TAMS 0x0000000082000000, 0x0000000082000000| Untracked 
|  33|0x0000000082100000, 0x0000000082100000, 0x0000000082200000|  0%| F|  |TAMS 0x0000000082100000, 0x0000000082100000| Untracked 
|  34|0x0000000082200000, 0x0000000082200000, 0x0000000082300000|  0%| F|  |TAMS 0x0000000082200000, 0x0000000082200000| Untracked 
|  35|0x0000000082300000, 0x0000000082300000, 0x0000000082400000|  0%| F|  |TAMS 0x0000000082300000, 0x0000000082300000| Untracked 
|  36|0x0000000082400000, 0x0000000082400000, 0x0000000082500000|  0%| F|  |TAMS 0x0000000082400000, 0x0000000082400000| Untracked 
|  37|0x0000000082500000, 0x0000000082500000, 0x0000000082600000|  0%| F|  |TAMS 0x0000000082500000, 0x0000000082500000| Untracked 
|  38|0x0000000082600000, 0x0000000082600000, 0x0000000082700000|  0%| F|  |TAMS 0x0000000082600000, 0x0000000082600000| Untracked 
|  39|0x0000000082700000, 0x0000000082700000, 0x0000000082800000|  0%| F|  |TAMS 0x0000000082700000, 0x0000000082700000| Untracked 
|  40|0x0000000082800000, 0x0000000082800000, 0x0000000082900000|  0%| F|  |TAMS 0x0000000082800000, 0x0000000082800000| Untracked 
|  41|0x0000000082900000, 0x0000000082900000, 0x0000000082a00000|  0%| F|  |TAMS 0x0000000082900000, 0x0000000082900000| Untracked 
|  42|0x0000000082a00000, 0x0000000082a00000, 0x0000000082b00000|  0%| F|  |TAMS 0x0000000082a00000, 0x0000000082a00000| Untracked 
|  43|0x0000000082b00000, 0x0000000082b00000, 0x0000000082c00000|  0%| F|  |TAMS 0x0000000082b00000, 0x0000000082b00000| Untracked 
|  44|0x0000000082c00000, 0x0000000082c00000, 0x0000000082d00000|  0%| F|  |TAMS 0x0000000082c00000, 0x0000000082c00000| Untracked 
|  45|0x0000000082d00000, 0x0000000082d00000, 0x0000000082e00000|  0%| F|  |TAMS 0x0000000082d00000, 0x0000000082d00000| Untracked 
|  46|0x0000000082e00000, 0x0000000082e00000, 0x0000000082f00000|  0%| F|  |TAMS 0x0000000082e00000, 0x0000000082e00000| Untracked 
|  47|0x0000000082f00000, 0x0000000082f00000, 0x0000000083000000|  0%| F|  |TAMS 0x0000000082f00000, 0x0000000082f00000| Untracked 
|  48|0x0000000083000000, 0x0000000083000000, 0x0000000083100000|  0%| F|  |TAMS 0x0000000083000000, 0x0000000083000000| Untracked 
|  49|0x0000000083100000, 0x0000000083100000, 0x0000000083200000|  0%| F|  |TAMS 0x0000000083100000, 0x0000000083100000| Untracked 
|  50|0x0000000083200000, 0x0000000083200000, 0x0000000083300000|  0%| F|  |TAMS 0x0000000083200000, 0x0000000083200000| Untracked 
|  51|0x0000000083300000, 0x0000000083300000, 0x0000000083400000|  0%| F|  |TAMS 0x0000000083300000, 0x0000000083300000| Untracked 
|  52|0x0000000083400000, 0x0000000083400000, 0x0000000083500000|  0%| F|  |TAMS 0x0000000083400000, 0x0000000083400000| Untracked 
|  53|0x0000000083500000, 0x0000000083500000, 0x0000000083600000|  0%| F|  |TAMS 0x0000000083500000, 0x0000000083500000| Untracked 
|  54|0x0000000083600000, 0x0000000083600000, 0x0000000083700000|  0%| F|  |TAMS 0x0000000083600000, 0x0000000083600000| Untracked 
|  55|0x0000000083700000, 0x0000000083700000, 0x0000000083800000|  0%| F|  |TAMS 0x0000000083700000, 0x0000000083700000| Untracked 
|  56|0x0000000083800000, 0x0000000083800000, 0x0000000083900000|  0%| F|  |TAMS 0x0000000083800000, 0x0000000083800000| Untracked 
|  57|0x0000000083900000, 0x0000000083900000, 0x0000000083a00000|  0%| F|  |TAMS 0x0000000083900000, 0x0000000083900000| Untracked 
|  58|0x0000000083a00000, 0x0000000083a00000, 0x0000000083b00000|  0%| F|  |TAMS 0x0000000083a00000, 0x0000000083a00000| Untracked 
|  59|0x0000000083b00000, 0x0000000083b00000, 0x0000000083c00000|  0%| F|  |TAMS 0x0000000083b00000, 0x0000000083b00000| Untracked 
|  60|0x0000000083c00000, 0x0000000083c00000, 0x0000000083d00000|  0%| F|  |TAMS 0x0000000083c00000, 0x0000000083c00000| Untracked 
|  61|0x0000000083d00000, 0x0000000083d00000, 0x0000000083e00000|  0%| F|  |TAMS 0x0000000083d00000, 0x0000000083d00000| Untracked 
|  62|0x0000000083e00000, 0x0000000083e00000, 0x0000000083f00000|  0%| F|  |TAMS 0x0000000083e00000, 0x0000000083e00000| Untracked 
|  63|0x0000000083f00000, 0x0000000083f00000, 0x0000000084000000|  0%| F|  |TAMS 0x0000000083f00000, 0x0000000083f00000| Untracked 
|  64|0x0000000084000000, 0x0000000084000000, 0x0000000084100000|  0%| F|  |TAMS 0x0000000084000000, 0x0000000084000000| Untracked 
|  65|0x0000000084100000, 0x0000000084100000, 0x0000000084200000|  0%| F|  |TAMS 0x0000000084100000, 0x0000000084100000| Untracked 
|  66|0x0000000084200000, 0x0000000084200000, 0x0000000084300000|  0%| F|  |TAMS 0x0000000084200000, 0x0000000084200000| Untracked 
|  67|0x0000000084300000, 0x0000000084300000, 0x0000000084400000|  0%| F|  |TAMS 0x0000000084300000, 0x0000000084300000| Untracked 
|  68|0x0000000084400000, 0x0000000084400000, 0x0000000084500000|  0%| F|  |TAMS 0x0000000084400000, 0x0000000084400000| Untracked 
|  69|0x0000000084500000, 0x0000000084500000, 0x0000000084600000|  0%| F|  |TAMS 0x0000000084500000, 0x0000000084500000| Untracked 
|  70|0x0000000084600000, 0x0000000084600000, 0x0000000084700000|  0%| F|  |TAMS 0x0000000084600000, 0x0000000084600000| Untracked 
|  71|0x0000000084700000, 0x0000000084700000, 0x0000000084800000|  0%| F|  |TAMS 0x0000000084700000, 0x0000000084700000| Untracked 
|  72|0x0000000084800000, 0x0000000084800000, 0x0000000084900000|  0%| F|  |TAMS 0x0000000084800000, 0x0000000084800000| Untracked 
|  73|0x0000000084900000, 0x0000000084900000, 0x0000000084a00000|  0%| F|  |TAMS 0x0000000084900000, 0x0000000084900000| Untracked 
|  74|0x0000000084a00000, 0x0000000084a00000, 0x0000000084b00000|  0%| F|  |TAMS 0x0000000084a00000, 0x0000000084a00000| Untracked 
|  75|0x0000000084b00000, 0x0000000084b00000, 0x0000000084c00000|  0%| F|  |TAMS 0x0000000084b00000, 0x0000000084b00000| Untracked 
|  76|0x0000000084c00000, 0x0000000084c00000, 0x0000000084d00000|  0%| F|  |TAMS 0x0000000084c00000, 0x0000000084c00000| Untracked 
|  77|0x0000000084d00000, 0x0000000084d00000, 0x0000000084e00000|  0%| F|  |TAMS 0x0000000084d00000, 0x0000000084d00000| Untracked 
|  78|0x0000000084e00000, 0x0000000084e00000, 0x0000000084f00000|  0%| F|  |TAMS 0x0000000084e00000, 0x0000000084e00000| Untracked 
|  79|0x0000000084f00000, 0x0000000084f00000, 0x0000000085000000|  0%| F|  |TAMS 0x0000000084f00000, 0x0000000084f00000| Untracked 
|  80|0x0000000085000000, 0x0000000085000000, 0x0000000085100000|  0%| F|  |TAMS 0x0000000085000000, 0x0000000085000000| Untracked 
|  81|0x0000000085100000, 0x0000000085180800, 0x0000000085200000| 50%| E|  |TAMS 0x0000000085100000, 0x0000000085100000| Complete 
|  82|0x0000000085200000, 0x0000000085300000, 0x0000000085300000|100%| E|CS|TAMS 0x0000000085200000, 0x0000000085200000| Complete 
|  83|0x0000000085300000, 0x0000000085400000, 0x0000000085400000|100%| E|CS|TAMS 0x0000000085300000, 0x0000000085300000| Complete 
|  84|0x0000000085400000, 0x0000000085500000, 0x0000000085500000|100%| E|CS|TAMS 0x0000000085400000, 0x0000000085400000| Complete 
|  85|0x0000000085500000, 0x0000000085600000, 0x0000000085600000|100%| E|CS|TAMS 0x0000000085500000, 0x0000000085500000| Complete 
|  86|0x0000000085600000, 0x0000000085700000, 0x0000000085700000|100%| E|CS|TAMS 0x0000000085600000, 0x0000000085600000| Complete 
|  87|0x0000000085700000, 0x0000000085800000, 0x0000000085800000|100%| E|CS|TAMS 0x0000000085700000, 0x0000000085700000| Complete 
|  88|0x0000000085800000, 0x0000000085900000, 0x0000000085900000|100%| E|CS|TAMS 0x0000000085800000, 0x0000000085800000| Complete 
|  89|0x0000000085900000, 0x0000000085a00000, 0x0000000085a00000|100%| E|CS|TAMS 0x0000000085900000, 0x0000000085900000| Complete 
|  90|0x0000000085a00000, 0x0000000085b00000, 0x0000000085b00000|100%| S|CS|TAMS 0x0000000085a00000, 0x0000000085a00000| Complete 
|  91|0x0000000085b00000, 0x0000000085c00000, 0x0000000085c00000|100%| S|CS|TAMS 0x0000000085b00000, 0x0000000085b00000| Complete 
|  92|0x0000000085c00000, 0x0000000085d00000, 0x0000000085d00000|100%| S|CS|TAMS 0x0000000085c00000, 0x0000000085c00000| Complete 
|  93|0x0000000085d00000, 0x0000000085e00000, 0x0000000085e00000|100%| S|CS|TAMS 0x0000000085d00000, 0x0000000085d00000| Complete 
|  94|0x0000000085e00000, 0x0000000085f00000, 0x0000000085f00000|100%| S|CS|TAMS 0x0000000085e00000, 0x0000000085e00000| Complete 
|  95|0x0000000085f00000, 0x0000000086000000, 0x0000000086000000|100%| S|CS|TAMS 0x0000000085f00000, 0x0000000085f00000| Complete 
|  96|0x0000000086000000, 0x0000000086100000, 0x0000000086100000|100%| S|CS|TAMS 0x0000000086000000, 0x0000000086000000| Complete 
|  97|0x0000000086100000, 0x0000000086200000, 0x0000000086200000|100%| S|CS|TAMS 0x0000000086100000, 0x0000000086100000| Complete 
|  98|0x0000000086200000, 0x0000000086300000, 0x0000000086300000|100%| E|CS|TAMS 0x0000000086200000, 0x0000000086200000| Complete 
|  99|0x0000000086300000, 0x0000000086400000, 0x0000000086400000|100%| E|CS|TAMS 0x0000000086300000, 0x0000000086300000| Complete 
| 100|0x0000000086400000, 0x0000000086500000, 0x0000000086500000|100%| E|CS|TAMS 0x0000000086400000, 0x0000000086400000| Complete 
| 101|0x0000000086500000, 0x0000000086600000, 0x0000000086600000|100%| E|CS|TAMS 0x0000000086500000, 0x0000000086500000| Complete 
| 102|0x0000000086600000, 0x0000000086700000, 0x0000000086700000|100%| E|CS|TAMS 0x0000000086600000, 0x0000000086600000| Complete 
| 103|0x0000000086700000, 0x0000000086800000, 0x0000000086800000|100%| E|CS|TAMS 0x0000000086700000, 0x0000000086700000| Complete 
| 104|0x0000000086800000, 0x0000000086900000, 0x0000000086900000|100%| E|CS|TAMS 0x0000000086800000, 0x0000000086800000| Complete 
| 105|0x0000000086900000, 0x0000000086a00000, 0x0000000086a00000|100%| E|CS|TAMS 0x0000000086900000, 0x0000000086900000| Complete 
| 106|0x0000000086a00000, 0x0000000086b00000, 0x0000000086b00000|100%| E|CS|TAMS 0x0000000086a00000, 0x0000000086a00000| Complete 
| 107|0x0000000086b00000, 0x0000000086c00000, 0x0000000086c00000|100%| E|CS|TAMS 0x0000000086b00000, 0x0000000086b00000| Complete 
| 108|0x0000000086c00000, 0x0000000086d00000, 0x0000000086d00000|100%| E|CS|TAMS 0x0000000086c00000, 0x0000000086c00000| Complete 
| 109|0x0000000086d00000, 0x0000000086e00000, 0x0000000086e00000|100%| E|CS|TAMS 0x0000000086d00000, 0x0000000086d00000| Complete 
| 110|0x0000000086e00000, 0x0000000086f00000, 0x0000000086f00000|100%| E|CS|TAMS 0x0000000086e00000, 0x0000000086e00000| Complete 
| 111|0x0000000086f00000, 0x0000000087000000, 0x0000000087000000|100%| E|CS|TAMS 0x0000000086f00000, 0x0000000086f00000| Complete 
| 112|0x0000000087000000, 0x0000000087100000, 0x0000000087100000|100%| E|CS|TAMS 0x0000000087000000, 0x0000000087000000| Complete 
| 113|0x0000000087100000, 0x0000000087200000, 0x0000000087200000|100%| E|CS|TAMS 0x0000000087100000, 0x0000000087100000| Complete 
| 114|0x0000000087200000, 0x0000000087300000, 0x0000000087300000|100%| E|CS|TAMS 0x0000000087200000, 0x0000000087200000| Complete 
| 115|0x0000000087300000, 0x0000000087400000, 0x0000000087400000|100%| E|CS|TAMS 0x0000000087300000, 0x0000000087300000| Complete 
| 116|0x0000000087400000, 0x0000000087500000, 0x0000000087500000|100%| E|CS|TAMS 0x0000000087400000, 0x0000000087400000| Complete 
| 117|0x0000000087500000, 0x0000000087600000, 0x0000000087600000|100%| E|CS|TAMS 0x0000000087500000, 0x0000000087500000| Complete 
| 118|0x0000000087600000, 0x0000000087700000, 0x0000000087700000|100%| E|CS|TAMS 0x0000000087600000, 0x0000000087600000| Complete 
| 119|0x0000000087700000, 0x0000000087800000, 0x0000000087800000|100%| E|CS|TAMS 0x0000000087700000, 0x0000000087700000| Complete 
| 120|0x0000000087800000, 0x0000000087900000, 0x0000000087900000|100%| E|CS|TAMS 0x0000000087800000, 0x0000000087800000| Complete 
| 121|0x0000000087900000, 0x0000000087a00000, 0x0000000087a00000|100%| E|CS|TAMS 0x0000000087900000, 0x0000000087900000| Complete 
| 122|0x0000000087a00000, 0x0000000087b00000, 0x0000000087b00000|100%| E|CS|TAMS 0x0000000087a00000, 0x0000000087a00000| Complete 
| 123|0x0000000087b00000, 0x0000000087c00000, 0x0000000087c00000|100%| E|CS|TAMS 0x0000000087b00000, 0x0000000087b00000| Complete 
| 124|0x0000000087c00000, 0x0000000087d00000, 0x0000000087d00000|100%| E|CS|TAMS 0x0000000087c00000, 0x0000000087c00000| Complete 
| 125|0x0000000087d00000, 0x0000000087e00000, 0x0000000087e00000|100%| E|CS|TAMS 0x0000000087d00000, 0x0000000087d00000| Complete 
| 126|0x0000000087e00000, 0x0000000087f00000, 0x0000000087f00000|100%| E|CS|TAMS 0x0000000087e00000, 0x0000000087e00000| Complete 
| 127|0x0000000087f00000, 0x0000000088000000, 0x0000000088000000|100%| E|CS|TAMS 0x0000000087f00000, 0x0000000087f00000| Complete 
| 128|0x0000000088000000, 0x0000000088100000, 0x0000000088100000|100%| E|CS|TAMS 0x0000000088000000, 0x0000000088000000| Complete 
| 129|0x0000000088100000, 0x0000000088200000, 0x0000000088200000|100%| E|CS|TAMS 0x0000000088100000, 0x0000000088100000| Complete 
| 130|0x0000000088200000, 0x0000000088300000, 0x0000000088300000|100%| E|CS|TAMS 0x0000000088200000, 0x0000000088200000| Complete 
| 131|0x0000000088300000, 0x0000000088400000, 0x0000000088400000|100%| E|CS|TAMS 0x0000000088300000, 0x0000000088300000| Complete 
| 132|0x0000000088400000, 0x0000000088500000, 0x0000000088500000|100%| E|CS|TAMS 0x0000000088400000, 0x0000000088400000| Complete 
| 133|0x0000000088500000, 0x0000000088600000, 0x0000000088600000|100%| E|CS|TAMS 0x0000000088500000, 0x0000000088500000| Complete 
| 134|0x0000000088600000, 0x0000000088700000, 0x0000000088700000|100%| E|CS|TAMS 0x0000000088600000, 0x0000000088600000| Complete 
| 135|0x0000000088700000, 0x0000000088800000, 0x0000000088800000|100%| E|CS|TAMS 0x0000000088700000, 0x0000000088700000| Complete 
| 136|0x0000000088800000, 0x0000000088900000, 0x0000000088900000|100%| E|CS|TAMS 0x0000000088800000, 0x0000000088800000| Complete 
| 137|0x0000000088900000, 0x0000000088a00000, 0x0000000088a00000|100%| E|CS|TAMS 0x0000000088900000, 0x0000000088900000| Complete 
| 138|0x0000000088a00000, 0x0000000088b00000, 0x0000000088b00000|100%| E|CS|TAMS 0x0000000088a00000, 0x0000000088a00000| Complete 
| 139|0x0000000088b00000, 0x0000000088c00000, 0x0000000088c00000|100%| E|CS|TAMS 0x0000000088b00000, 0x0000000088b00000| Complete 
| 140|0x0000000088c00000, 0x0000000088d00000, 0x0000000088d00000|100%| E|CS|TAMS 0x0000000088c00000, 0x0000000088c00000| Complete 
| 141|0x0000000088d00000, 0x0000000088e00000, 0x0000000088e00000|100%| E|CS|TAMS 0x0000000088d00000, 0x0000000088d00000| Complete 
| 142|0x0000000088e00000, 0x0000000088f00000, 0x0000000088f00000|100%| E|CS|TAMS 0x0000000088e00000, 0x0000000088e00000| Complete 
| 143|0x0000000088f00000, 0x0000000089000000, 0x0000000089000000|100%| E|CS|TAMS 0x0000000088f00000, 0x0000000088f00000| Complete 
| 144|0x0000000089000000, 0x0000000089100000, 0x0000000089100000|100%| E|CS|TAMS 0x0000000089000000, 0x0000000089000000| Complete 
| 145|0x0000000089100000, 0x0000000089200000, 0x0000000089200000|100%| E|CS|TAMS 0x0000000089100000, 0x0000000089100000| Complete 
| 146|0x0000000089200000, 0x0000000089300000, 0x0000000089300000|100%| E|CS|TAMS 0x0000000089200000, 0x0000000089200000| Complete 
| 147|0x0000000089300000, 0x0000000089400000, 0x0000000089400000|100%| E|CS|TAMS 0x0000000089300000, 0x0000000089300000| Complete 
| 148|0x0000000089400000, 0x0000000089500000, 0x0000000089500000|100%| E|CS|TAMS 0x0000000089400000, 0x0000000089400000| Complete 
| 149|0x0000000089500000, 0x0000000089600000, 0x0000000089600000|100%| E|CS|TAMS 0x0000000089500000, 0x0000000089500000| Complete 
| 150|0x0000000089600000, 0x0000000089700000, 0x0000000089700000|100%| E|CS|TAMS 0x0000000089600000, 0x0000000089600000| Complete 
| 151|0x0000000089700000, 0x0000000089800000, 0x0000000089800000|100%| E|CS|TAMS 0x0000000089700000, 0x0000000089700000| Complete 
| 152|0x0000000089800000, 0x0000000089900000, 0x0000000089900000|100%| E|CS|TAMS 0x0000000089800000, 0x0000000089800000| Complete 
| 153|0x0000000089900000, 0x0000000089a00000, 0x0000000089a00000|100%| E|CS|TAMS 0x0000000089900000, 0x0000000089900000| Complete 

Card table byte_map: [0x0000022df8340000,0x0000022df8740000] _byte_map_base: 0x0000022df7f40000

Marking Bits (Prev, Next): (CMBitMap*) 0x0000022ddfc5e888, (CMBitMap*) 0x0000022ddfc5e8c0
 Prev Bits: [0x0000022df8b40000, 0x0000022dfab40000)
 Next Bits: [0x0000022dfab40000, 0x0000022dfcb40000)

Polling page: 0x0000022ddfb10000

Metaspace:

Usage:
  Non-class:     41.05 MB capacity,    40.59 MB ( 99%) used,   403.87 KB ( <1%) free+waste,    60.44 KB ( <1%) overhead. 
      Class:      5.28 MB capacity,     5.03 MB ( 95%) used,   238.18 KB (  4%) free+waste,    24.06 KB ( <1%) overhead. 
       Both:     46.33 MB capacity,    45.62 MB ( 98%) used,   642.05 KB (  1%) free+waste,    84.50 KB ( <1%) overhead. 

Virtual space:
  Non-class space:       42.00 MB reserved,      41.25 MB ( 98%) committed 
      Class space:        1.00 GB reserved,       5.38 MB ( <1%) committed 
             Both:        1.04 GB reserved,      46.63 MB (  4%) committed 

Chunk freelists:
   Non-Class:  2.13 KB
       Class:  3.88 KB
        Both:  6.00 KB

CodeHeap 'non-profiled nmethods': size=120064Kb used=3520Kb max_used=3520Kb free=116543Kb
 bounds [0x0000022df0600000, 0x0000022df0980000, 0x0000022df7b40000]
CodeHeap 'profiled nmethods': size=120000Kb used=14687Kb max_used=14687Kb free=105312Kb
 bounds [0x0000022de90d0000, 0x0000022de9f30000, 0x0000022df0600000]
CodeHeap 'non-nmethods': size=5696Kb used=1196Kb max_used=1230Kb free=4499Kb
 bounds [0x0000022de8b40000, 0x0000022de8db0000, 0x0000022de90d0000]
 total_blobs=6729 nmethods=6189 adapters=451
 compilation: enabled
              stopped_count=0, restarted_count=0
 full_count=0

Compilation events (10 events):
Event: 106.028 Thread 0x0000022dfef2a000 nmethod 6201 0x0000022df096f590 code [0x0000022df096f720, 0x0000022df096f7d8]
Event: 106.041 Thread 0x0000022dfef2a000 6202       3       java.lang.Integer::valueOf (10 bytes)
Event: 106.042 Thread 0x0000022dfef2a000 nmethod 6202 0x0000022de9f23390 code [0x0000022de9f23560, 0x0000022de9f23908]
Event: 106.053 Thread 0x0000022dfef23800 6203       4       java.lang.ClassLoader::defineClass (43 bytes)
Event: 106.081 Thread 0x0000022dfef2a000 6204       3       java.time.LocalDateTime::<init> (15 bytes)
Event: 106.081 Thread 0x0000022dfef2a000 nmethod 6204 0x0000022de9f23a90 code [0x0000022de9f23c40, 0x0000022de9f23e58]
Event: 106.083 Thread 0x0000022dfef2a000 6205       3       java.util.Locale::hashCode (41 bytes)
Event: 106.084 Thread 0x0000022dfef2a000 nmethod 6205 0x0000022de9f23f10 code [0x0000022de9f240c0, 0x0000022de9f242b8]
Event: 106.084 Thread 0x0000022dfef2a000 6206       1       org.apache.commons.compress.archivers.zip.ZipArchiveOutputStream$CurrentEntry::access$100 (5 bytes)
Event: 106.084 Thread 0x0000022dfef2a000 nmethod 6206 0x0000022df096f890 code [0x0000022df096fa20, 0x0000022df096fab8]

GC Heap History (10 events):
Event: 5.676 GC heap before
{Heap before GC invocations=5 (full 0):
 garbage-first heap   total 157696K, used 62463K [0x0000000080000000, 0x0000000100000000)
  region size 1024K, 60 young (61440K), 5 survivors (5120K)
 Metaspace       used 20901K, capacity 21206K, committed 21248K, reserved 1069056K
  class space    used 2168K, capacity 2283K, committed 2304K, reserved 1048576K
}
Event: 5.700 GC heap after
{Heap after GC invocations=6 (full 0):
 garbage-first heap   total 157696K, used 12182K [0x0000000080000000, 0x0000000100000000)
  region size 1024K, 10 young (10240K), 10 survivors (10240K)
 Metaspace       used 20901K, capacity 21206K, committed 21248K, reserved 1069056K
  class space    used 2168K, capacity 2283K, committed 2304K, reserved 1048576K
}
Event: 8.094 GC heap before
{Heap before GC invocations=7 (full 0):
 garbage-first heap   total 157696K, used 73622K [0x0000000080000000, 0x0000000100000000)
  region size 1024K, 70 young (71680K), 10 survivors (10240K)
 Metaspace       used 23453K, capacity 23861K, committed 24064K, reserved 1071104K
  class space    used 2380K, capacity 2506K, committed 2560K, reserved 1048576K
}
Event: 8.129 GC heap after
{Heap after GC invocations=8 (full 0):
 garbage-first heap   total 157696K, used 14791K [0x0000000080000000, 0x0000000100000000)
  region size 1024K, 4 young (4096K), 4 survivors (4096K)
 Metaspace       used 23453K, capacity 23861K, committed 24064K, reserved 1071104K
  class space    used 2380K, capacity 2506K, committed 2560K, reserved 1048576K
}
Event: 34.757 GC heap before
{Heap before GC invocations=8 (full 0):
 garbage-first heap   total 157696K, used 135623K [0x0000000080000000, 0x0000000100000000)
  region size 1024K, 92 young (94208K), 4 survivors (4096K)
 Metaspace       used 27999K, capacity 28482K, committed 28672K, reserved 1075200K
  class space    used 2857K, capacity 3025K, committed 3072K, reserved 1048576K
}
Event: 34.780 GC heap after
{Heap after GC invocations=9 (full 0):
 garbage-first heap   total 157696K, used 18257K [0x0000000080000000, 0x0000000100000000)
  region size 1024K, 7 young (7168K), 7 survivors (7168K)
 Metaspace       used 27999K, capacity 28482K, committed 28672K, reserved 1075200K
  class space    used 2857K, capacity 3025K, committed 3072K, reserved 1048576K
}
Event: 37.174 GC heap before
{Heap before GC invocations=9 (full 0):
 garbage-first heap   total 157696K, used 106321K [0x0000000080000000, 0x0000000100000000)
  region size 1024K, 92 young (94208K), 7 survivors (7168K)
 Metaspace       used 30101K, capacity 30759K, committed 30976K, reserved 1077248K
  class space    used 3088K, capacity 3296K, committed 3328K, reserved 1048576K
}
Event: 37.195 GC heap after
{Heap after GC invocations=10 (full 0):
 garbage-first heap   total 157696K, used 22688K [0x0000000080000000, 0x0000000100000000)
  region size 1024K, 8 young (8192K), 8 survivors (8192K)
 Metaspace       used 30101K, capacity 30759K, committed 30976K, reserved 1077248K
  class space    used 3088K, capacity 3296K, committed 3328K, reserved 1048576K
}
Event: 38.970 GC heap before
{Heap before GC invocations=10 (full 0):
 garbage-first heap   total 157696K, used 81056K [0x0000000080000000, 0x0000000100000000)
  region size 1024K, 64 young (65536K), 8 survivors (8192K)
 Metaspace       used 35131K, capacity 35823K, committed 35840K, reserved 1081344K
  class space    used 3670K, capacity 3961K, committed 3968K, reserved 1048576K
}
Event: 38.988 GC heap after
{Heap after GC invocations=11 (full 0):
 garbage-first heap   total 157696K, used 27467K [0x0000000080000000, 0x0000000100000000)
  region size 1024K, 8 young (8192K), 8 survivors (8192K)
 Metaspace       used 35131K, capacity 35823K, committed 35840K, reserved 1081344K
  class space    used 3670K, capacity 3961K, committed 3968K, reserved 1048576K
}

Deoptimization events (10 events):
Event: 43.812 Thread 0x0000022ddfc79800 Uncommon trap: reason=unstable_if action=reinterpret pc=0x0000022df09294e8 method=sun.nio.fs.WindowsPath.compareTo(Ljava/nio/file/Path;)I @ 76 c2
Event: 44.104 Thread 0x0000022d84450800 Uncommon trap: reason=unstable_if action=reinterpret pc=0x0000022df093a9b0 method=sun.net.www.ParseUtil.encodePath(Ljava/lang/String;Z)Ljava/lang/String; @ 1 c2
Event: 44.283 Thread 0x0000022d84452000 Uncommon trap: reason=unstable_if action=reinterpret pc=0x0000022df092708c method=sun.nio.ch.Util$BufferCache.get(I)Ljava/nio/ByteBuffer; @ 25 c2
Event: 105.211 Thread 0x0000022d84451800 Uncommon trap: reason=unstable_if action=reinterpret pc=0x0000022df095b514 method=com.spotify.docker.client.shaded.com.fasterxml.jackson.core.json.UTF8StreamJsonParser._parseName(I)Ljava/lang/String; @ 153 c2
Event: 105.948 Thread 0x0000022ddfc79800 Uncommon trap: reason=class_check action=maybe_recompile pc=0x0000022df07d0868 method=org.apache.maven.model.Plugin.clone()Lorg/apache/maven/model/Plugin; @ 94 c2
Event: 106.063 Thread 0x0000022ddfc79800 Uncommon trap: reason=unstable_if action=reinterpret pc=0x0000022df088b268 method=java.util.jar.Manifest$FastInputStream.readLine([BII)I @ 106 c2
Event: 106.063 Thread 0x0000022ddfc79800 Uncommon trap: reason=unstable_if action=reinterpret pc=0x0000022df0673748 method=java.util.jar.Manifest$FastInputStream.readLine([BII)I @ 106 c2
Event: 106.078 Thread 0x0000022ddfc79800 Uncommon trap: reason=bimorphic_or_optimized_type_check action=maybe_recompile pc=0x0000022df09512b8 method=java.io.InputStream.read([B)I @ 5 c2
Event: 106.079 Thread 0x0000022ddfc79800 Uncommon trap: reason=bimorphic_or_optimized_type_check action=maybe_recompile pc=0x0000022df09512b8 method=java.io.InputStream.read([B)I @ 5 c2
Event: 106.079 Thread 0x0000022ddfc79800 Uncommon trap: reason=bimorphic_or_optimized_type_check action=maybe_recompile pc=0x0000022df09512b8 method=java.io.InputStream.read([B)I @ 5 c2

Classes redefined (0 events):
No events

Internal exceptions (10 events):
Event: 39.184 Thread 0x0000022ddfc79800 Exception <a 'sun/nio/fs/WindowsException'{0x00000000898be5e0}> (0x00000000898be5e0) thrown at [./open/src/hotspot/share/prims/jni.cpp, line 611]
Event: 39.184 Thread 0x0000022ddfc79800 Exception <a 'sun/nio/fs/WindowsException'{0x00000000898be778}> (0x00000000898be778) thrown at [./open/src/hotspot/share/prims/jni.cpp, line 611]
Event: 39.327 Thread 0x0000022ddfc79800 Exception <a 'java/lang/NoClassDefFoundError'{0x00000000894f0c50}: org/apache/log4j/Priority> (0x00000000894f0c50) thrown at [./open/src/hotspot/share/classfile/systemDictionary.cpp, line 215]
Event: 39.393 Thread 0x0000022ddfc79800 Exception <a 'sun/nio/fs/WindowsException'{0x00000000893e3948}> (0x00000000893e3948) thrown at [./open/src/hotspot/share/prims/jni.cpp, line 611]
Event: 39.404 Thread 0x0000022ddfc79800 Exception <a 'java/lang/NoSuchMethodError'{0x0000000089202498}: java.lang.invoke.DirectMethodHandle$Holder.invokeStaticInit(Ljava/lang/Object;Ljava/lang/Object;Ljava/lang/Object;Ljava/lang/Object;)I> (0x0000000089202498) thrown at [./open/src/hotspot/shar
Event: 39.408 Thread 0x0000022ddfc79800 Exception <a 'java/lang/IncompatibleClassChangeError'{0x000000008920bb88}: Found class java.lang.Object, but interface was expected> (0x000000008920bb88) thrown at [./open/src/hotspot/share/interpreter/linkResolver.cpp, line 838]
Event: 39.409 Thread 0x0000022ddfc79800 Exception <a 'java/lang/NoSuchMethodError'{0x000000008920ea78}: java.lang.invoke.DirectMethodHandle$Holder.invokeStaticInit(Ljava/lang/Object;Ljava/lang/Object;)V> (0x000000008920ea78) thrown at [./open/src/hotspot/share/interpreter/linkResolver.cpp, line
Event: 40.977 Thread 0x0000022ddfc79800 Exception <a 'sun/nio/fs/WindowsException'{0x00000000876a9280}> (0x00000000876a9280) thrown at [./open/src/hotspot/share/prims/jni.cpp, line 611]
Event: 40.977 Thread 0x0000022ddfc79800 Exception <a 'sun/nio/fs/WindowsException'{0x00000000876a9548}> (0x00000000876a9548) thrown at [./open/src/hotspot/share/prims/jni.cpp, line 611]
Event: 43.703 Thread 0x0000022ddfc79800 Implicit null exception at 0x0000022df0796c7e to 0x0000022df0797290

Events (10 events):
Event: 106.079 Thread 0x0000022ddfc79800 DEOPT PACKING pc=0x0000022df09512b8 sp=0x0000003f8e3fd740
Event: 106.079 Thread 0x0000022ddfc79800 DEOPT UNPACKING pc=0x0000022de8b483af sp=0x0000003f8e3fd708 mode 2
Event: 106.079 loading class org/codehaus/plexus/archiver/zip/AnonymousResource
Event: 106.079 loading class org/codehaus/plexus/archiver/zip/AnonymousResource done
Event: 106.079 loading class org/codehaus/plexus/archiver/zip/AnonymousResource
Event: 106.079 loading class org/codehaus/plexus/archiver/zip/AnonymousResource done
Event: 106.082 loading class org/codehaus/plexus/archiver/util/ResourceUtils
Event: 106.082 loading class org/codehaus/plexus/archiver/util/ResourceUtils done
Event: 106.082 loading class org/codehaus/plexus/archiver/util/ResourceUtils
Event: 106.082 loading class org/codehaus/plexus/archiver/util/ResourceUtils done


Dynamic libraries:
0x00007ff687bd0000 - 0x00007ff687bdf000 	C:\Program Files\Java\jdk-11.0.16\bin\java.exe
0x00007ffdb78f0000 - 0x00007ffdb7ae8000 	C:\Windows\SYSTEM32\ntdll.dll
0x00007ffdb6340000 - 0x00007ffdb63fd000 	C:\Windows\System32\KERNEL32.DLL
0x00007ffdb5500000 - 0x00007ffdb57d2000 	C:\Windows\System32\KERNELBASE.dll
0x00007ffdb50c0000 - 0x00007ffdb51c0000 	C:\Windows\System32\ucrtbase.dll
0x00007ffd939a0000 - 0x00007ffd939b8000 	C:\Program Files\Java\jdk-11.0.16\bin\jli.dll
0x00007ffd75f90000 - 0x00007ffd75fa5000 	C:\Program Files\Java\jdk-11.0.16\bin\VCRUNTIME140.dll
0x00007ffdb66b0000 - 0x00007ffdb675e000 	C:\Windows\System32\ADVAPI32.dll
0x00007ffdb6490000 - 0x00007ffdb652e000 	C:\Windows\System32\msvcrt.dll
0x00007ffdb65b0000 - 0x00007ffdb664c000 	C:\Windows\System32\sechost.dll
0x00007ffdb6110000 - 0x00007ffdb6235000 	C:\Windows\System32\RPCRT4.dll
0x00007ffdb7710000 - 0x00007ffdb78ad000 	C:\Windows\System32\USER32.dll
0x00007ffdb5260000 - 0x00007ffdb5282000 	C:\Windows\System32\win32u.dll
0x00007ffd96f80000 - 0x00007ffd9721a000 	C:\Windows\WinSxS\amd64_microsoft.windows.common-controls_6595b64144ccf1df_6.0.19041.1110_none_60b5254171f9507e\COMCTL32.dll
0x00007ffdb6310000 - 0x00007ffdb633b000 	C:\Windows\System32\GDI32.dll
0x00007ffdb53f0000 - 0x00007ffdb54ff000 	C:\Windows\System32\gdi32full.dll
0x00007ffdb51c0000 - 0x00007ffdb525d000 	C:\Windows\System32\msvcp_win.dll
0x00007ffdad3a0000 - 0x00007ffdad3aa000 	C:\Windows\SYSTEM32\VERSION.dll
0x00007ffdb6f30000 - 0x00007ffdb6f60000 	C:\Windows\System32\IMM32.DLL
0x00007ffd75ef0000 - 0x00007ffd75f8b000 	C:\Program Files\Java\jdk-11.0.16\bin\msvcp140.dll
0x00007ffd2ebc0000 - 0x00007ffd2f6d8000 	C:\Program Files\Java\jdk-11.0.16\bin\server\jvm.dll
0x00007ffdb6540000 - 0x00007ffdb6548000 	C:\Windows\System32\PSAPI.DLL
0x00007ffd39330000 - 0x00007ffd39339000 	C:\Windows\SYSTEM32\WSOCK32.dll
0x00007ffd94540000 - 0x00007ffd94567000 	C:\Windows\SYSTEM32\WINMM.dll
0x00007ffdb6bf0000 - 0x00007ffdb6c5b000 	C:\Windows\System32\WS2_32.dll
0x00007ffdb2ea0000 - 0x00007ffdb2eb2000 	C:\Windows\SYSTEM32\kernel.appcore.dll
0x00007ffd985c0000 - 0x00007ffd985d0000 	C:\Program Files\Java\jdk-11.0.16\bin\verify.dll
0x00007ffda4a00000 - 0x00007ffda4be4000 	C:\Windows\SYSTEM32\DBGHELP.DLL
0x00007ffda49d0000 - 0x00007ffda49fc000 	C:\Windows\SYSTEM32\dbgcore.DLL
0x00007ffdb58c0000 - 0x00007ffdb5942000 	C:\Windows\System32\bcryptPrimitives.dll
0x00007ffd75ec0000 - 0x00007ffd75ee8000 	C:\Program Files\Java\jdk-11.0.16\bin\java.dll
0x00007ffd8fcd0000 - 0x00007ffd8fcda000 	C:\Program Files\Java\jdk-11.0.16\bin\jimage.dll
0x00007ffd75ea0000 - 0x00007ffd75eb6000 	C:\Program Files\Java\jdk-11.0.16\bin\zip.dll
0x00007ffdb6f60000 - 0x00007ffdb76a3000 	C:\Windows\System32\SHELL32.dll
0x00007ffdb30a0000 - 0x00007ffdb3831000 	C:\Windows\SYSTEM32\windows.storage.dll
0x00007ffdb6810000 - 0x00007ffdb6b64000 	C:\Windows\System32\combase.dll
0x00007ffdb48a0000 - 0x00007ffdb48d0000 	C:\Windows\SYSTEM32\Wldp.dll
0x00007ffdb6760000 - 0x00007ffdb680d000 	C:\Windows\System32\SHCORE.dll
0x00007ffdb6420000 - 0x00007ffdb6475000 	C:\Windows\System32\shlwapi.dll
0x00007ffdb4f40000 - 0x00007ffdb4f5f000 	C:\Windows\SYSTEM32\profapi.dll
0x00007ffd6eb40000 - 0x00007ffd6eb59000 	C:\Program Files\Java\jdk-11.0.16\bin\net.dll
0x00007ffdaca20000 - 0x00007ffdacb2d000 	C:\Windows\SYSTEM32\WINHTTP.dll
0x00007ffdb4680000 - 0x00007ffdb46ea000 	C:\Windows\system32\mswsock.dll
0x00007ffd5f950000 - 0x00007ffd5f962000 	C:\Program Files\Java\jdk-11.0.16\bin\nio.dll
0x0000000069ac0000 - 0x0000000069ae4000 	C:\Users\sfjbs\Downloads\micro service-20221001T123314Z-001\micro service\apache-maven-3.8.5-bin\apache-maven-3.8.5\lib\jansi-native\Windows\x86_64\jansi.dll
0x00007ffdb48e0000 - 0x00007ffdb48f8000 	C:\Windows\SYSTEM32\CRYPTSP.dll
0x00007ffdb3fc0000 - 0x00007ffdb3ff4000 	C:\Windows\system32\rsaenh.dll
0x00007ffdb5890000 - 0x00007ffdb58b7000 	C:\Windows\System32\bcrypt.dll
0x00007ffdb4f00000 - 0x00007ffdb4f2e000 	C:\Windows\SYSTEM32\USERENV.dll
0x00007ffdb4810000 - 0x00007ffdb481c000 	C:\Windows\SYSTEM32\CRYPTBASE.dll
0x00007ffdb4390000 - 0x00007ffdb43cb000 	C:\Windows\SYSTEM32\IPHLPAPI.DLL
0x00007ffdb6530000 - 0x00007ffdb6538000 	C:\Windows\System32\NSI.dll
0x00007ffdad940000 - 0x00007ffdad957000 	C:\Windows\SYSTEM32\dhcpcsvc6.DLL
0x00007ffdad920000 - 0x00007ffdad93d000 	C:\Windows\SYSTEM32\dhcpcsvc.DLL
0x00007ffdb43d0000 - 0x00007ffdb449a000 	C:\Windows\SYSTEM32\DNSAPI.dll
0x00007ffdabc00000 - 0x00007ffdabc0a000 	C:\Windows\System32\rasadhlp.dll
0x00007ffd761d0000 - 0x00007ffd761f5000 	C:\Program Files\Java\jdk-11.0.16\bin\sunec.dll
0x00007ffdacca0000 - 0x00007ffdacd20000 	C:\Windows\System32\fwpuclnt.dll

dbghelp: loaded successfully - version: 4.0.5 - missing functions: none
symbol engine: initialized successfully - sym options: 0x614 - pdb path: .;C:\Program Files\Java\jdk-11.0.16\bin;C:\Windows\SYSTEM32;C:\Windows\WinSxS\amd64_microsoft.windows.common-controls_6595b64144ccf1df_6.0.19041.1110_none_60b5254171f9507e;C:\Program Files\Java\jdk-11.0.16\bin\server;C:\Users\sfjbs\Downloads\micro service-20221001T123314Z-001\micro service\apache-maven-3.8.5-bin\apache-maven-3.8.5\lib\jansi-native\Windows\x86_64

VM Arguments:
jvm_args: -Dclassworlds.conf=C:\Users\sfjbs\Downloads\micro service-20221001T123314Z-001\micro service\apache-maven-3.8.5-bin\apache-maven-3.8.5\bin\m2.conf -Dmaven.home=C:\Users\sfjbs\Downloads\micro service-20221001T123314Z-001\micro service\apache-maven-3.8.5-bin\apache-maven-3.8.5 -Dlibrary.jansi.path=C:\Users\sfjbs\Downloads\micro service-20221001T123314Z-001\micro service\apache-maven-3.8.5-bin\apache-maven-3.8.5\lib\jansi-native -Dmaven.multiModuleProjectDirectory=C:\Users\sfjbs\IdeaProjects\pension-management-system 
java_command: org.codehaus.plexus.classworlds.launcher.Launcher install dockerfile:build
java_class_path (initial): C:\Users\sfjbs\Downloads\micro service-20221001T123314Z-001\micro service\apache-maven-3.8.5-bin\apache-maven-3.8.5\boot\plexus-classworlds-2.6.0.jar
Launcher Type: SUN_STANDARD

[Global flags]
     intx CICompilerCount                          = 2                                         {product} {ergonomic}
     uint ConcGCThreads                            = 1                                         {product} {ergonomic}
     uint G1ConcRefinementThreads                  = 2                                         {product} {ergonomic}
   size_t G1HeapRegionSize                         = 1048576                                   {product} {ergonomic}
    uintx GCDrainStackTargetSize                   = 64                                        {product} {ergonomic}
   size_t InitialHeapSize                          = 134217728                                 {product} {ergonomic}
   size_t MarkStackSize                            = 4194304                                   {product} {ergonomic}
   size_t MaxHeapSize                              = 2147483648                                {product} {ergonomic}
   size_t MaxNewSize                               = 1287651328                                {product} {ergonomic}
   size_t MinHeapDeltaBytes                        = 1048576                                   {product} {ergonomic}
    uintx NonNMethodCodeHeapSize                   = 5825164                                {pd product} {ergonomic}
    uintx NonProfiledCodeHeapSize                  = 122916538                              {pd product} {ergonomic}
    uintx ProfiledCodeHeapSize                     = 122916538                              {pd product} {ergonomic}
    uintx ReservedCodeCacheSize                    = 251658240                              {pd product} {ergonomic}
     bool SegmentedCodeCache                       = true                                      {product} {ergonomic}
     bool UseCompressedClassPointers               = true                                 {lp64_product} {ergonomic}
     bool UseCompressedOops                        = true                                 {lp64_product} {ergonomic}
     bool UseG1GC                                  = true                                      {product} {ergonomic}
     bool UseLargePagesIndividualAllocation        = false                                  {pd product} {ergonomic}

Logging:
Log output configuration:
 #0: stdout all=warning uptime,level,tags
 #1: stderr all=off uptime,level,tags

Environment Variables:
PATH=C:\Program Files\Common Files\Oracle\Java\javapath;C:\Windows\system32;C:\Windows;C:\Windows\System32\Wbem;C:\Windows\System32\WindowsPowerShell\v1.0\;C:\Windows\System32\OpenSSH\;C:\Users\sfjbs\Downloads\micro service-20221001T123314Z-001\micro service\apache-maven-3.8.5-bin\apache-maven-3.8.5\bin;C:\Users\sfjbs\Downloads\micro service-20221001T123314Z-001\micro service\apache-maven-3.8.5-bin\apache-maven-3.8.5\lib;C:\Program Files\Docker\Docker\resources\bin;C:\ProgramData\DockerDesktop\version-bin;C:\Program Files\Git\cmd;C:\Users\sfjbs\AppData\Local\Microsoft\WindowsApps;C:\Users\sfjbs\Downloads\micro service-20221001T123314Z-001\micro service\apache-maven-3.8.5-bin\apache-maven-3.8.5\bin;C:\Users\sfjbs\Downloads\micro service-20221001T123314Z-001\micro service\apache-maven-3.8.5-bin\apache-maven-3.8.5\lib;;C:\Program Files\JetBrains\IntelliJ IDEA Community Edition 2022.2.1\bin;
USERNAME=sfjbs
OS=Windows_NT
PROCESSOR_IDENTIFIER=Intel64 Family 6 Model 85 Stepping 7, GenuineIntel



---------------  S Y S T E M  ---------------

OS: Windows 10 , 64 bit Build 19041 (10.0.19041.1889)
Hyper-V role detected

CPU:total 2 (initial active 2) (1 cores per cpu, 2 threads per core) family 6 model 85 stepping 7 microcode 0xffffffff, cmov, cx8, fxsr, mmx, sse, sse2, sse3, ssse3, sse4.1, sse4.2, popcnt, avx, avx2, aes, clmul, erms, rtm, 3dnowpref, lzcnt, ht, tsc, bmi1, bmi2, adx, evex, fma

Memory: 4k page, system-wide physical 8190M (252M free)
TotalPageFile size 10238M (AvailPageFile size 0M)
current process WorkingSet (physical memory assigned to process): 273M, peak: 290M
current process commit charge ("private bytes"): 315M, peak: 333M

vm_info: Java HotSpot(TM) 64-Bit Server VM (11.0.16+11-LTS-199) for windows-amd64 JRE (11.0.16+11-LTS-199), built on Jun 28 2022 08:23:17 by "mach5one" with MS VC++ 15.9 (VS2017)

END.
