#
# There is insufficient memory for the Java Runtime Environment to continue.
# Native memory allocation (malloc) failed to allocate 635056 bytes for Chunk::new
# Possible reasons:
#   The system is out of physical RAM or swap space
#   The process is running with CompressedOops enabled, and the Java Heap may be blocking the growth of the native heap
# Possible solutions:
#   Reduce memory load on the system
#   Increase physical memory or swap space
#   Check if swap backing store is full
#   Decrease Java heap size (-Xmx/-Xms)
#   Decrease number of Java threads
#   Decrease Java thread stack sizes (-Xss)
#   Set larger code cache with -XX:ReservedCodeCacheSize=
#   JVM is running with Unscaled Compressed Oops mode in which the Java heap is
#     placed in the first 4GB address space. The Java Heap base address is the
#     maximum limit for the native heap growth. Please use -XX:HeapBaseMinAddress
#     to set the Java Heap base and to place the Java Heap above 4GB virtual address.
# This output file may be truncated or incomplete.
#
#  Out of Memory Error (./open/src/hotspot/share/memory/arena.cpp:197), pid=41132, tid=40768
#
# JRE version: Java(TM) SE Runtime Environment 18.9 (11.0.16+11) (build 11.0.16+11-LTS-199)
# Java VM: Java HotSpot(TM) 64-Bit Server VM 18.9 (11.0.16+11-LTS-199, mixed mode, tiered, compressed oops, g1 gc, windows-amd64)
# No core dump will be written. Minidumps are not enabled by default on client versions of Windows
#

---------------  S U M M A R Y ------------

Command Line: -Dclassworlds.conf=C:\Users\sfjbs\Downloads\micro service-20221001T123314Z-001\micro service\apache-maven-3.8.5-bin\apache-maven-3.8.5\bin\m2.conf -Dmaven.home=C:\Users\sfjbs\Downloads\micro service-20221001T123314Z-001\micro service\apache-maven-3.8.5-bin\apache-maven-3.8.5 -Dlibrary.jansi.path=C:\Users\sfjbs\Downloads\micro service-20221001T123314Z-001\micro service\apache-maven-3.8.5-bin\apache-maven-3.8.5\lib\jansi-native -Dmaven.multiModuleProjectDirectory=C:\Users\sfjbs\IdeaProjects\training\sriprabha\Day12\fourth-artemis-demo\artemis-demo-consumer org.codehaus.plexus.classworlds.launcher.Launcher spring-boot:run

Host: Intel(R) Xeon(R) Platinum 8272CL CPU @ 2.60GHz, 2 cores, 7G,  Windows 10 , 64 bit Build 19041 (10.0.19041.1889)
Time: Thu Oct 20 12:13:00 2022 Coordinated Universal Time elapsed time: 5.331255 seconds (0d 0h 0m 5s)

---------------  T H R E A D  ---------------

Current thread (0x00000274f4620000):  JavaThread "C2 CompilerThread0" daemon [_thread_in_native, id=40768, stack(0x000000ccb2d00000,0x000000ccb2e00000)]


Current CompileTask:
C2:   5331 2435       4       org.apache.maven.model.Dependency::getManagementKey (94 bytes)

Stack: [0x000000ccb2d00000,0x000000ccb2e00000]
Native frames: (J=compiled Java code, j=interpreted, Vv=VM code, C=native code)
V  [jvm.dll+0x62a3ea]
V  [jvm.dll+0x76418f]
V  [jvm.dll+0x765839]
V  [jvm.dll+0x765ec3]
V  [jvm.dll+0x23da98]
V  [jvm.dll+0xb2a1c]
V  [jvm.dll+0xb2fdc]
V  [jvm.dll+0x341487]
V  [jvm.dll+0x30ec83]
V  [jvm.dll+0x30dfca]
V  [jvm.dll+0x1f84a5]
V  [jvm.dll+0x1f768d]
V  [jvm.dll+0x177c81]
V  [jvm.dll+0x207006]
V  [jvm.dll+0x20519b]
V  [jvm.dll+0x729fa0]
V  [jvm.dll+0x722b74]
V  [jvm.dll+0x629286]
C  [ucrtbase.dll+0x21bb2]
C  [KERNEL32.DLL+0x17034]
C  [ntdll.dll+0x526a1]


---------------  P R O C E S S  ---------------

Threads class SMR info:
_java_thread_list=0x00000274f50bcbb0, length=10, elements={
0x00000274d6b88000, 0x00000274f45fb000, 0x00000274f45fc000, 0x00000274f4618000,
0x00000274f461b000, 0x00000274f461d800, 0x00000274f4620000, 0x00000274f4628000,
0x00000274f4632800, 0x00000274f50e2800
}

Java Threads: ( => current thread )
  0x00000274d6b88000 JavaThread "main" [_thread_in_native, id=41372, stack(0x000000ccb2100000,0x000000ccb2200000)]
  0x00000274f45fb000 JavaThread "Reference Handler" daemon [_thread_blocked, id=40992, stack(0x000000ccb2800000,0x000000ccb2900000)]
  0x00000274f45fc000 JavaThread "Finalizer" daemon [_thread_blocked, id=22776, stack(0x000000ccb2900000,0x000000ccb2a00000)]
  0x00000274f4618000 JavaThread "Signal Dispatcher" daemon [_thread_blocked, id=23708, stack(0x000000ccb2a00000,0x000000ccb2b00000)]
  0x00000274f461b000 JavaThread "Attach Listener" daemon [_thread_blocked, id=10340, stack(0x000000ccb2b00000,0x000000ccb2c00000)]
  0x00000274f461d800 JavaThread "Service Thread" daemon [_thread_blocked, id=36972, stack(0x000000ccb2c00000,0x000000ccb2d00000)]
=>0x00000274f4620000 JavaThread "C2 CompilerThread0" daemon [_thread_in_native, id=40768, stack(0x000000ccb2d00000,0x000000ccb2e00000)]
  0x00000274f4628000 JavaThread "C1 CompilerThread0" daemon [_thread_blocked, id=41968, stack(0x000000ccb2e00000,0x000000ccb2f00000)]
  0x00000274f4632800 JavaThread "Sweeper thread" daemon [_thread_blocked, id=41036, stack(0x000000ccb2f00000,0x000000ccb3000000)]
  0x00000274f50e2800 JavaThread "Common-Cleaner" daemon [_thread_blocked, id=40824, stack(0x000000ccb3100000,0x000000ccb3200000)]

Other Threads:
  0x00000274f45f9000 VMThread "VM Thread" [stack: 0x000000ccb2700000,0x000000ccb2800000] [id=38848]
  0x00000274f50d6800 WatcherThread [stack: 0x000000ccb3000000,0x000000ccb3100000] [id=23644]
  0x00000274d6b9c000 GCTaskThread "GC Thread#0" [stack: 0x000000ccb2200000,0x000000ccb2300000] [id=41280]
  0x00000274f58d8800 GCTaskThread "GC Thread#1" [stack: 0x000000ccb3200000,0x000000ccb3300000] [id=37028]
  0x00000274d6bcd000 ConcurrentGCThread "G1 Main Marker" [stack: 0x000000ccb2300000,0x000000ccb2400000] [id=41508]
  0x00000274d6bcf800 ConcurrentGCThread "G1 Conc#0" [stack: 0x000000ccb2400000,0x000000ccb2500000] [id=32300]
  0x00000274d6c54800 ConcurrentGCThread "G1 Refine#0" [stack: 0x000000ccb2500000,0x000000ccb2600000] [id=37204]
  0x00000274d6c56800 ConcurrentGCThread "G1 Young RemSet Sampling" [stack: 0x000000ccb2600000,0x000000ccb2700000] [id=25700]

Threads with active compile tasks:
C2 CompilerThread0     5383 2435       4       org.apache.maven.model.Dependency::getManagementKey (94 bytes)

VM state:not at safepoint (normal execution)

VM Mutex/Monitor currently owned by a thread: None

Heap address: 0x0000000080000000, size: 2048 MB, Compressed Oops mode: 32-bit
Narrow klass base: 0x0000000000000000, Narrow klass shift: 3
Compressed class space size: 1073741824 Address: 0x0000000100000000

Heap:
 garbage-first heap   total 157696K, used 13429K [0x0000000080000000, 0x0000000100000000)
  region size 1024K, 12 young (12288K), 5 survivors (5120K)
 Metaspace       used 20167K, capacity 20456K, committed 20736K, reserved 1067008K
  class space    used 2141K, capacity 2247K, committed 2304K, reserved 1048576K
Heap Regions: E=young(eden), S=young(survivor), O=old, HS=humongous(starts), HC=humongous(continues), CS=collection set, F=free, A=archive, TAMS=top-at-mark-start (previous, next)
|   0|0x0000000080000000, 0x0000000080100000, 0x0000000080100000|100%| O|  |TAMS 0x0000000080000000, 0x0000000080000000| Untracked 
|   1|0x0000000080100000, 0x0000000080200000, 0x0000000080200000|100%| O|  |TAMS 0x0000000080100000, 0x0000000080100000| Untracked 
|   2|0x0000000080200000, 0x000000008021d608, 0x0000000080300000| 11%| O|  |TAMS 0x0000000080200000, 0x0000000080200000| Untracked 
|   3|0x0000000080300000, 0x0000000080300000, 0x0000000080400000|  0%| F|  |TAMS 0x0000000080300000, 0x0000000080300000| Untracked 
|   4|0x0000000080400000, 0x0000000080400000, 0x0000000080500000|  0%| F|  |TAMS 0x0000000080400000, 0x0000000080400000| Untracked 
|   5|0x0000000080500000, 0x0000000080500000, 0x0000000080600000|  0%| F|  |TAMS 0x0000000080500000, 0x0000000080500000| Untracked 
|   6|0x0000000080600000, 0x0000000080600000, 0x0000000080700000|  0%| F|  |TAMS 0x0000000080600000, 0x0000000080600000| Untracked 
|   7|0x0000000080700000, 0x0000000080700000, 0x0000000080800000|  0%| F|  |TAMS 0x0000000080700000, 0x0000000080700000| Untracked 
|   8|0x0000000080800000, 0x0000000080800000, 0x0000000080900000|  0%| F|  |TAMS 0x0000000080800000, 0x0000000080800000| Untracked 
|   9|0x0000000080900000, 0x0000000080900000, 0x0000000080a00000|  0%| F|  |TAMS 0x0000000080900000, 0x0000000080900000| Untracked 
|  10|0x0000000080a00000, 0x0000000080a00000, 0x0000000080b00000|  0%| F|  |TAMS 0x0000000080a00000, 0x0000000080a00000| Untracked 
|  11|0x0000000080b00000, 0x0000000080b00000, 0x0000000080c00000|  0%| F|  |TAMS 0x0000000080b00000, 0x0000000080b00000| Untracked 
|  12|0x0000000080c00000, 0x0000000080c00000, 0x0000000080d00000|  0%| F|  |TAMS 0x0000000080c00000, 0x0000000080c00000| Untracked 
|  13|0x0000000080d00000, 0x0000000080d00000, 0x0000000080e00000|  0%| F|  |TAMS 0x0000000080d00000, 0x0000000080d00000| Untracked 
|  14|0x0000000080e00000, 0x0000000080e00000, 0x0000000080f00000|  0%| F|  |TAMS 0x0000000080e00000, 0x0000000080e00000| Untracked 
|  15|0x0000000080f00000, 0x0000000080f00000, 0x0000000081000000|  0%| F|  |TAMS 0x0000000080f00000, 0x0000000080f00000| Untracked 
|  16|0x0000000081000000, 0x0000000081000000, 0x0000000081100000|  0%| F|  |TAMS 0x0000000081000000, 0x0000000081000000| Untracked 
|  17|0x0000000081100000, 0x0000000081100000, 0x0000000081200000|  0%| F|  |TAMS 0x0000000081100000, 0x0000000081100000| Untracked 
|  18|0x0000000081200000, 0x0000000081200000, 0x0000000081300000|  0%| F|  |TAMS 0x0000000081200000, 0x0000000081200000| Untracked 
|  19|0x0000000081300000, 0x0000000081300000, 0x0000000081400000|  0%| F|  |TAMS 0x0000000081300000, 0x0000000081300000| Untracked 
|  20|0x0000000081400000, 0x0000000081400000, 0x0000000081500000|  0%| F|  |TAMS 0x0000000081400000, 0x0000000081400000| Untracked 
|  21|0x0000000081500000, 0x0000000081500000, 0x0000000081600000|  0%| F|  |TAMS 0x0000000081500000, 0x0000000081500000| Untracked 
|  22|0x0000000081600000, 0x0000000081600000, 0x0000000081700000|  0%| F|  |TAMS 0x0000000081600000, 0x0000000081600000| Untracked 
|  23|0x0000000081700000, 0x0000000081700000, 0x0000000081800000|  0%| F|  |TAMS 0x0000000081700000, 0x0000000081700000| Untracked 
|  24|0x0000000081800000, 0x0000000081800000, 0x0000000081900000|  0%| F|  |TAMS 0x0000000081800000, 0x0000000081800000| Untracked 
|  25|0x0000000081900000, 0x0000000081900000, 0x0000000081a00000|  0%| F|  |TAMS 0x0000000081900000, 0x0000000081900000| Untracked 
|  26|0x0000000081a00000, 0x0000000081a00000, 0x0000000081b00000|  0%| F|  |TAMS 0x0000000081a00000, 0x0000000081a00000| Untracked 
|  27|0x0000000081b00000, 0x0000000081b00000, 0x0000000081c00000|  0%| F|  |TAMS 0x0000000081b00000, 0x0000000081b00000| Untracked 
|  28|0x0000000081c00000, 0x0000000081c00000, 0x0000000081d00000|  0%| F|  |TAMS 0x0000000081c00000, 0x0000000081c00000| Untracked 
|  29|0x0000000081d00000, 0x0000000081d00000, 0x0000000081e00000|  0%| F|  |TAMS 0x0000000081d00000, 0x0000000081d00000| Untracked 
|  30|0x0000000081e00000, 0x0000000081e00000, 0x0000000081f00000|  0%| F|  |TAMS 0x0000000081e00000, 0x0000000081e00000| Untracked 
|  31|0x0000000081f00000, 0x0000000081f00000, 0x0000000082000000|  0%| F|  |TAMS 0x0000000081f00000, 0x0000000081f00000| Untracked 
|  32|0x0000000082000000, 0x0000000082000000, 0x0000000082100000|  0%| F|  |TAMS 0x0000000082000000, 0x0000000082000000| Untracked 
|  33|0x0000000082100000, 0x0000000082100000, 0x0000000082200000|  0%| F|  |TAMS 0x0000000082100000, 0x0000000082100000| Untracked 
|  34|0x0000000082200000, 0x0000000082200000, 0x0000000082300000|  0%| F|  |TAMS 0x0000000082200000, 0x0000000082200000| Untracked 
|  35|0x0000000082300000, 0x0000000082300000, 0x0000000082400000|  0%| F|  |TAMS 0x0000000082300000, 0x0000000082300000| Untracked 
|  36|0x0000000082400000, 0x0000000082400000, 0x0000000082500000|  0%| F|  |TAMS 0x0000000082400000, 0x0000000082400000| Untracked 
|  37|0x0000000082500000, 0x0000000082500000, 0x0000000082600000|  0%| F|  |TAMS 0x0000000082500000, 0x0000000082500000| Untracked 
|  38|0x0000000082600000, 0x0000000082600000, 0x0000000082700000|  0%| F|  |TAMS 0x0000000082600000, 0x0000000082600000| Untracked 
|  39|0x0000000082700000, 0x0000000082700000, 0x0000000082800000|  0%| F|  |TAMS 0x0000000082700000, 0x0000000082700000| Untracked 
|  40|0x0000000082800000, 0x0000000082800000, 0x0000000082900000|  0%| F|  |TAMS 0x0000000082800000, 0x0000000082800000| Untracked 
|  41|0x0000000082900000, 0x0000000082900000, 0x0000000082a00000|  0%| F|  |TAMS 0x0000000082900000, 0x0000000082900000| Untracked 
|  42|0x0000000082a00000, 0x0000000082a00000, 0x0000000082b00000|  0%| F|  |TAMS 0x0000000082a00000, 0x0000000082a00000| Untracked 
|  43|0x0000000082b00000, 0x0000000082b00000, 0x0000000082c00000|  0%| F|  |TAMS 0x0000000082b00000, 0x0000000082b00000| Untracked 
|  44|0x0000000082c00000, 0x0000000082c00000, 0x0000000082d00000|  0%| F|  |TAMS 0x0000000082c00000, 0x0000000082c00000| Untracked 
|  45|0x0000000082d00000, 0x0000000082d00000, 0x0000000082e00000|  0%| F|  |TAMS 0x0000000082d00000, 0x0000000082d00000| Untracked 
|  46|0x0000000082e00000, 0x0000000082e00000, 0x0000000082f00000|  0%| F|  |TAMS 0x0000000082e00000, 0x0000000082e00000| Untracked 
|  47|0x0000000082f00000, 0x0000000082f00000, 0x0000000083000000|  0%| F|  |TAMS 0x0000000082f00000, 0x0000000082f00000| Untracked 
|  48|0x0000000083000000, 0x0000000083000000, 0x0000000083100000|  0%| F|  |TAMS 0x0000000083000000, 0x0000000083000000| Untracked 
|  49|0x0000000083100000, 0x0000000083100000, 0x0000000083200000|  0%| F|  |TAMS 0x0000000083100000, 0x0000000083100000| Untracked 
|  50|0x0000000083200000, 0x0000000083200000, 0x0000000083300000|  0%| F|  |TAMS 0x0000000083200000, 0x0000000083200000| Untracked 
|  51|0x0000000083300000, 0x0000000083300000, 0x0000000083400000|  0%| F|  |TAMS 0x0000000083300000, 0x0000000083300000| Untracked 
|  52|0x0000000083400000, 0x0000000083400000, 0x0000000083500000|  0%| F|  |TAMS 0x0000000083400000, 0x0000000083400000| Untracked 
|  53|0x0000000083500000, 0x0000000083500000, 0x0000000083600000|  0%| F|  |TAMS 0x0000000083500000, 0x0000000083500000| Untracked 
|  54|0x0000000083600000, 0x0000000083600000, 0x0000000083700000|  0%| F|  |TAMS 0x0000000083600000, 0x0000000083600000| Untracked 
|  55|0x0000000083700000, 0x0000000083700000, 0x0000000083800000|  0%| F|  |TAMS 0x0000000083700000, 0x0000000083700000| Untracked 
|  56|0x0000000083800000, 0x0000000083800000, 0x0000000083900000|  0%| F|  |TAMS 0x0000000083800000, 0x0000000083800000| Untracked 
|  57|0x0000000083900000, 0x0000000083900000, 0x0000000083a00000|  0%| F|  |TAMS 0x0000000083900000, 0x0000000083900000| Untracked 
|  58|0x0000000083a00000, 0x0000000083a00000, 0x0000000083b00000|  0%| F|  |TAMS 0x0000000083a00000, 0x0000000083a00000| Untracked 
|  59|0x0000000083b00000, 0x0000000083b00000, 0x0000000083c00000|  0%| F|  |TAMS 0x0000000083b00000, 0x0000000083b00000| Untracked 
|  60|0x0000000083c00000, 0x0000000083c00000, 0x0000000083d00000|  0%| F|  |TAMS 0x0000000083c00000, 0x0000000083c00000| Untracked 
|  61|0x0000000083d00000, 0x0000000083d00000, 0x0000000083e00000|  0%| F|  |TAMS 0x0000000083d00000, 0x0000000083d00000| Untracked 
|  62|0x0000000083e00000, 0x0000000083e00000, 0x0000000083f00000|  0%| F|  |TAMS 0x0000000083e00000, 0x0000000083e00000| Untracked 
|  63|0x0000000083f00000, 0x0000000083f00000, 0x0000000084000000|  0%| F|  |TAMS 0x0000000083f00000, 0x0000000083f00000| Untracked 
|  64|0x0000000084000000, 0x0000000084000000, 0x0000000084100000|  0%| F|  |TAMS 0x0000000084000000, 0x0000000084000000| Untracked 
|  65|0x0000000084100000, 0x0000000084100000, 0x0000000084200000|  0%| F|  |TAMS 0x0000000084100000, 0x0000000084100000| Untracked 
|  66|0x0000000084200000, 0x0000000084200000, 0x0000000084300000|  0%| F|  |TAMS 0x0000000084200000, 0x0000000084200000| Untracked 
|  67|0x0000000084300000, 0x0000000084300000, 0x0000000084400000|  0%| F|  |TAMS 0x0000000084300000, 0x0000000084300000| Untracked 
|  68|0x0000000084400000, 0x0000000084400000, 0x0000000084500000|  0%| F|  |TAMS 0x0000000084400000, 0x0000000084400000| Untracked 
|  69|0x0000000084500000, 0x0000000084500000, 0x0000000084600000|  0%| F|  |TAMS 0x0000000084500000, 0x0000000084500000| Untracked 
|  70|0x0000000084600000, 0x0000000084600000, 0x0000000084700000|  0%| F|  |TAMS 0x0000000084600000, 0x0000000084600000| Untracked 
|  71|0x0000000084700000, 0x0000000084700000, 0x0000000084800000|  0%| F|  |TAMS 0x0000000084700000, 0x0000000084700000| Untracked 
|  72|0x0000000084800000, 0x0000000084800000, 0x0000000084900000|  0%| F|  |TAMS 0x0000000084800000, 0x0000000084800000| Untracked 
|  73|0x0000000084900000, 0x0000000084900000, 0x0000000084a00000|  0%| F|  |TAMS 0x0000000084900000, 0x0000000084900000| Untracked 
|  74|0x0000000084a00000, 0x0000000084a00000, 0x0000000084b00000|  0%| F|  |TAMS 0x0000000084a00000, 0x0000000084a00000| Untracked 
|  75|0x0000000084b00000, 0x0000000084b00000, 0x0000000084c00000|  0%| F|  |TAMS 0x0000000084b00000, 0x0000000084b00000| Untracked 
|  76|0x0000000084c00000, 0x0000000084c00000, 0x0000000084d00000|  0%| F|  |TAMS 0x0000000084c00000, 0x0000000084c00000| Untracked 
|  77|0x0000000084d00000, 0x0000000084d00000, 0x0000000084e00000|  0%| F|  |TAMS 0x0000000084d00000, 0x0000000084d00000| Untracked 
|  78|0x0000000084e00000, 0x0000000084e00000, 0x0000000084f00000|  0%| F|  |TAMS 0x0000000084e00000, 0x0000000084e00000| Untracked 
|  79|0x0000000084f00000, 0x0000000084f00000, 0x0000000085000000|  0%| F|  |TAMS 0x0000000084f00000, 0x0000000084f00000| Untracked 
|  80|0x0000000085000000, 0x0000000085000000, 0x0000000085100000|  0%| F|  |TAMS 0x0000000085000000, 0x0000000085000000| Untracked 
|  81|0x0000000085100000, 0x0000000085100000, 0x0000000085200000|  0%| F|  |TAMS 0x0000000085100000, 0x0000000085100000| Untracked 
|  82|0x0000000085200000, 0x0000000085200000, 0x0000000085300000|  0%| F|  |TAMS 0x0000000085200000, 0x0000000085200000| Untracked 
|  83|0x0000000085300000, 0x0000000085300000, 0x0000000085400000|  0%| F|  |TAMS 0x0000000085300000, 0x0000000085300000| Untracked 
|  84|0x0000000085400000, 0x0000000085400000, 0x0000000085500000|  0%| F|  |TAMS 0x0000000085400000, 0x0000000085400000| Untracked 
|  85|0x0000000085500000, 0x0000000085500000, 0x0000000085600000|  0%| F|  |TAMS 0x0000000085500000, 0x0000000085500000| Untracked 
|  86|0x0000000085600000, 0x0000000085700000, 0x0000000085700000|100%| S|CS|TAMS 0x0000000085600000, 0x0000000085600000| Complete 
|  87|0x0000000085700000, 0x0000000085800000, 0x0000000085800000|100%| S|CS|TAMS 0x0000000085700000, 0x0000000085700000| Complete 
|  88|0x0000000085800000, 0x0000000085900000, 0x0000000085900000|100%| S|CS|TAMS 0x0000000085800000, 0x0000000085800000| Complete 
|  89|0x0000000085900000, 0x0000000085a00000, 0x0000000085a00000|100%| S|CS|TAMS 0x0000000085900000, 0x0000000085900000| Complete 
|  90|0x0000000085a00000, 0x0000000085b00000, 0x0000000085b00000|100%| S|CS|TAMS 0x0000000085a00000, 0x0000000085a00000| Complete 
|  91|0x0000000085b00000, 0x0000000085b00000, 0x0000000085c00000|  0%| F|  |TAMS 0x0000000085b00000, 0x0000000085b00000| Untracked 
|  92|0x0000000085c00000, 0x0000000085c00000, 0x0000000085d00000|  0%| F|  |TAMS 0x0000000085c00000, 0x0000000085c00000| Untracked 
|  93|0x0000000085d00000, 0x0000000085d00000, 0x0000000085e00000|  0%| F|  |TAMS 0x0000000085d00000, 0x0000000085d00000| Untracked 
|  94|0x0000000085e00000, 0x0000000085e00000, 0x0000000085f00000|  0%| F|  |TAMS 0x0000000085e00000, 0x0000000085e00000| Untracked 
|  95|0x0000000085f00000, 0x0000000085f00000, 0x0000000086000000|  0%| F|  |TAMS 0x0000000085f00000, 0x0000000085f00000| Untracked 
|  96|0x0000000086000000, 0x0000000086000000, 0x0000000086100000|  0%| F|  |TAMS 0x0000000086000000, 0x0000000086000000| Untracked 
|  97|0x0000000086100000, 0x0000000086100000, 0x0000000086200000|  0%| F|  |TAMS 0x0000000086100000, 0x0000000086100000| Untracked 
|  98|0x0000000086200000, 0x0000000086200000, 0x0000000086300000|  0%| F|  |TAMS 0x0000000086200000, 0x0000000086200000| Untracked 
|  99|0x0000000086300000, 0x0000000086300000, 0x0000000086400000|  0%| F|  |TAMS 0x0000000086300000, 0x0000000086300000| Untracked 
| 100|0x0000000086400000, 0x0000000086400000, 0x0000000086500000|  0%| F|  |TAMS 0x0000000086400000, 0x0000000086400000| Untracked 
| 101|0x0000000086500000, 0x0000000086500000, 0x0000000086600000|  0%| F|  |TAMS 0x0000000086500000, 0x0000000086500000| Untracked 
| 102|0x0000000086600000, 0x0000000086600000, 0x0000000086700000|  0%| F|  |TAMS 0x0000000086600000, 0x0000000086600000| Untracked 
| 103|0x0000000086700000, 0x0000000086700000, 0x0000000086800000|  0%| F|  |TAMS 0x0000000086700000, 0x0000000086700000| Untracked 
| 104|0x0000000086800000, 0x0000000086800000, 0x0000000086900000|  0%| F|  |TAMS 0x0000000086800000, 0x0000000086800000| Untracked 
| 105|0x0000000086900000, 0x0000000086900000, 0x0000000086a00000|  0%| F|  |TAMS 0x0000000086900000, 0x0000000086900000| Untracked 
| 106|0x0000000086a00000, 0x0000000086a00000, 0x0000000086b00000|  0%| F|  |TAMS 0x0000000086a00000, 0x0000000086a00000| Untracked 
| 107|0x0000000086b00000, 0x0000000086b00000, 0x0000000086c00000|  0%| F|  |TAMS 0x0000000086b00000, 0x0000000086b00000| Untracked 
| 108|0x0000000086c00000, 0x0000000086c00000, 0x0000000086d00000|  0%| F|  |TAMS 0x0000000086c00000, 0x0000000086c00000| Untracked 
| 109|0x0000000086d00000, 0x0000000086d00000, 0x0000000086e00000|  0%| F|  |TAMS 0x0000000086d00000, 0x0000000086d00000| Untracked 
| 110|0x0000000086e00000, 0x0000000086e00000, 0x0000000086f00000|  0%| F|  |TAMS 0x0000000086e00000, 0x0000000086e00000| Untracked 
| 111|0x0000000086f00000, 0x0000000086f00000, 0x0000000087000000|  0%| F|  |TAMS 0x0000000086f00000, 0x0000000086f00000| Untracked 
| 112|0x0000000087000000, 0x0000000087000000, 0x0000000087100000|  0%| F|  |TAMS 0x0000000087000000, 0x0000000087000000| Untracked 
| 113|0x0000000087100000, 0x0000000087100000, 0x0000000087200000|  0%| F|  |TAMS 0x0000000087100000, 0x0000000087100000| Untracked 
| 114|0x0000000087200000, 0x0000000087200000, 0x0000000087300000|  0%| F|  |TAMS 0x0000000087200000, 0x0000000087200000| Untracked 
| 115|0x0000000087300000, 0x0000000087300000, 0x0000000087400000|  0%| F|  |TAMS 0x0000000087300000, 0x0000000087300000| Untracked 
| 116|0x0000000087400000, 0x0000000087400000, 0x0000000087500000|  0%| F|  |TAMS 0x0000000087400000, 0x0000000087400000| Untracked 
| 117|0x0000000087500000, 0x0000000087500000, 0x0000000087600000|  0%| F|  |TAMS 0x0000000087500000, 0x0000000087500000| Untracked 
| 118|0x0000000087600000, 0x0000000087600000, 0x0000000087700000|  0%| F|  |TAMS 0x0000000087600000, 0x0000000087600000| Untracked 
| 119|0x0000000087700000, 0x0000000087700000, 0x0000000087800000|  0%| F|  |TAMS 0x0000000087700000, 0x0000000087700000| Untracked 
| 120|0x0000000087800000, 0x0000000087800000, 0x0000000087900000|  0%| F|  |TAMS 0x0000000087800000, 0x0000000087800000| Untracked 
| 121|0x0000000087900000, 0x0000000087900000, 0x0000000087a00000|  0%| F|  |TAMS 0x0000000087900000, 0x0000000087900000| Untracked 
| 122|0x0000000087a00000, 0x0000000087a00000, 0x0000000087b00000|  0%| F|  |TAMS 0x0000000087a00000, 0x0000000087a00000| Untracked 
| 123|0x0000000087b00000, 0x0000000087b00000, 0x0000000087c00000|  0%| F|  |TAMS 0x0000000087b00000, 0x0000000087b00000| Untracked 
| 124|0x0000000087c00000, 0x0000000087c00000, 0x0000000087d00000|  0%| F|  |TAMS 0x0000000087c00000, 0x0000000087c00000| Untracked 
| 125|0x0000000087d00000, 0x0000000087d00000, 0x0000000087e00000|  0%| F|  |TAMS 0x0000000087d00000, 0x0000000087d00000| Untracked 
| 126|0x0000000087e00000, 0x0000000087e00000, 0x0000000087f00000|  0%| F|  |TAMS 0x0000000087e00000, 0x0000000087e00000| Untracked 
| 127|0x0000000087f00000, 0x0000000087f00000, 0x0000000088000000|  0%| F|  |TAMS 0x0000000087f00000, 0x0000000087f00000| Untracked 
| 128|0x0000000088000000, 0x0000000088000000, 0x0000000088100000|  0%| F|  |TAMS 0x0000000088000000, 0x0000000088000000| Untracked 
| 129|0x0000000088100000, 0x0000000088100000, 0x0000000088200000|  0%| F|  |TAMS 0x0000000088100000, 0x0000000088100000| Untracked 
| 130|0x0000000088200000, 0x0000000088200000, 0x0000000088300000|  0%| F|  |TAMS 0x0000000088200000, 0x0000000088200000| Untracked 
| 131|0x0000000088300000, 0x0000000088300000, 0x0000000088400000|  0%| F|  |TAMS 0x0000000088300000, 0x0000000088300000| Untracked 
| 132|0x0000000088400000, 0x0000000088400000, 0x0000000088500000|  0%| F|  |TAMS 0x0000000088400000, 0x0000000088400000| Untracked 
| 133|0x0000000088500000, 0x0000000088500000, 0x0000000088600000|  0%| F|  |TAMS 0x0000000088500000, 0x0000000088500000| Untracked 
| 134|0x0000000088600000, 0x0000000088600000, 0x0000000088700000|  0%| F|  |TAMS 0x0000000088600000, 0x0000000088600000| Untracked 
| 135|0x0000000088700000, 0x0000000088700000, 0x0000000088800000|  0%| F|  |TAMS 0x0000000088700000, 0x0000000088700000| Untracked 
| 136|0x0000000088800000, 0x0000000088800000, 0x0000000088900000|  0%| F|  |TAMS 0x0000000088800000, 0x0000000088800000| Untracked 
| 137|0x0000000088900000, 0x0000000088900000, 0x0000000088a00000|  0%| F|  |TAMS 0x0000000088900000, 0x0000000088900000| Untracked 
| 138|0x0000000088a00000, 0x0000000088a00000, 0x0000000088b00000|  0%| F|  |TAMS 0x0000000088a00000, 0x0000000088a00000| Untracked 
| 139|0x0000000088b00000, 0x0000000088b00000, 0x0000000088c00000|  0%| F|  |TAMS 0x0000000088b00000, 0x0000000088b00000| Untracked 
| 140|0x0000000088c00000, 0x0000000088c00000, 0x0000000088d00000|  0%| F|  |TAMS 0x0000000088c00000, 0x0000000088c00000| Untracked 
| 141|0x0000000088d00000, 0x0000000088d00000, 0x0000000088e00000|  0%| F|  |TAMS 0x0000000088d00000, 0x0000000088d00000| Untracked 
| 142|0x0000000088e00000, 0x0000000088e00000, 0x0000000088f00000|  0%| F|  |TAMS 0x0000000088e00000, 0x0000000088e00000| Untracked 
| 143|0x0000000088f00000, 0x0000000088f00000, 0x0000000089000000|  0%| F|  |TAMS 0x0000000088f00000, 0x0000000088f00000| Untracked 
| 144|0x0000000089000000, 0x0000000089000000, 0x0000000089100000|  0%| F|  |TAMS 0x0000000089000000, 0x0000000089000000| Untracked 
| 145|0x0000000089100000, 0x0000000089100000, 0x0000000089200000|  0%| F|  |TAMS 0x0000000089100000, 0x0000000089100000| Untracked 
| 146|0x0000000089200000, 0x0000000089200000, 0x0000000089300000|  0%| F|  |TAMS 0x0000000089200000, 0x0000000089200000| Untracked 
| 147|0x0000000089300000, 0x0000000089400000, 0x0000000089400000|100%| E|  |TAMS 0x0000000089300000, 0x0000000089300000| Complete 
| 148|0x0000000089400000, 0x0000000089500000, 0x0000000089500000|100%| E|CS|TAMS 0x0000000089400000, 0x0000000089400000| Complete 
| 149|0x0000000089500000, 0x0000000089600000, 0x0000000089600000|100%| E|CS|TAMS 0x0000000089500000, 0x0000000089500000| Complete 
| 150|0x0000000089600000, 0x0000000089700000, 0x0000000089700000|100%| E|CS|TAMS 0x0000000089600000, 0x0000000089600000| Complete 
| 151|0x0000000089700000, 0x0000000089800000, 0x0000000089800000|100%| E|CS|TAMS 0x0000000089700000, 0x0000000089700000| Complete 
| 152|0x0000000089800000, 0x0000000089900000, 0x0000000089900000|100%| E|CS|TAMS 0x0000000089800000, 0x0000000089800000| Complete 
| 153|0x0000000089900000, 0x0000000089a00000, 0x0000000089a00000|100%| E|CS|TAMS 0x0000000089900000, 0x0000000089900000| Complete 

Card table byte_map: [0x00000274eda40000,0x00000274ede40000] _byte_map_base: 0x00000274ed640000

Marking Bits (Prev, Next): (CMBitMap*) 0x00000274d6bc4388, (CMBitMap*) 0x00000274d6bc43c0
 Prev Bits: [0x00000274ee240000, 0x00000274f0240000)
 Next Bits: [0x00000274f0240000, 0x00000274f2240000)

Polling page: 0x00000274d52d0000

Metaspace:

Usage:
  Non-class:     17.78 MB capacity,    17.60 MB ( 99%) used,   161.10 KB ( <1%) free+waste,    22.25 KB ( <1%) overhead. 
      Class:      2.19 MB capacity,     2.09 MB ( 95%) used,    96.61 KB (  4%) free+waste,     8.88 KB ( <1%) overhead. 
       Both:     19.98 MB capacity,    19.69 MB ( 99%) used,   257.71 KB (  1%) free+waste,    31.13 KB ( <1%) overhead. 

Virtual space:
  Non-class space:       18.00 MB reserved,      18.00 MB (100%) committed 
      Class space:        1.00 GB reserved,       2.25 MB ( <1%) committed 
             Both:        1.02 GB reserved,      20.25 MB (  2%) committed 

Chunk freelists:
   Non-Class:  3.88 KB
       Class:  3.13 KB
        Both:  7.00 KB

CodeHeap 'non-profiled nmethods': size=120064Kb used=1028Kb max_used=1028Kb free=119035Kb
 bounds [0x00000274e5d00000, 0x00000274e5f70000, 0x00000274ed240000]
CodeHeap 'profiled nmethods': size=120000Kb used=5322Kb max_used=5322Kb free=114677Kb
 bounds [0x00000274de7d0000, 0x00000274ded10000, 0x00000274e5d00000]
CodeHeap 'non-nmethods': size=5696Kb used=1117Kb max_used=1151Kb free=4578Kb
 bounds [0x00000274de240000, 0x00000274de4b0000, 0x00000274de7d0000]
 total_blobs=2916 nmethods=2498 adapters=329
 compilation: enabled
              stopped_count=0, restarted_count=0
 full_count=0

Compilation events (10 events):
Event: 5.145 Thread 0x00000274f4628000 2441       3       org.codehaus.plexus.interpolation.util.ValueSourceUtils::trimPrefix (90 bytes)
Event: 5.146 Thread 0x00000274f4628000 nmethod 2441 0x00000274decd8510 code [0x00000274decd8760, 0x00000274decd9068]
Event: 5.147 Thread 0x00000274f4628000 2443       1       org.apache.maven.model.ModelBase::getReporting (5 bytes)
Event: 5.147 Thread 0x00000274f4628000 nmethod 2443 0x00000274e5dfc690 code [0x00000274e5dfc820, 0x00000274e5dfc8d8]
Event: 5.148 Thread 0x00000274f4628000 2444       3       org.eclipse.sisu.plexus.RealmFilteredBeans$FilteredItr::hasNext (81 bytes)
Event: 5.148 Thread 0x00000274f4628000 nmethod 2444 0x00000274decd9410 code [0x00000274decd9680, 0x00000274decda338]
Event: 5.152 Thread 0x00000274f4628000 2446       3       java.util.AbstractCollection::toArray (70 bytes)
Event: 5.153 Thread 0x00000274f4628000 nmethod 2446 0x00000274decda690 code [0x00000274decda8c0, 0x00000274decdb1e8]
Event: 5.162 Thread 0x00000274f4628000 2447       3       org.apache.maven.model.io.xpp3.MavenXpp3ReaderEx::parsePlugin (779 bytes)
Event: 5.168 Thread 0x00000274f4628000 nmethod 2447 0x00000274decdb410 code [0x00000274decdbd00, 0x00000274dece0f38]

GC Heap History (10 events):
Event: 0.667 GC heap before
{Heap before GC invocations=0 (full 0):
 garbage-first heap   total 131072K, used 6144K [0x0000000080000000, 0x0000000100000000)
  region size 1024K, 7 young (7168K), 0 survivors (0K)
 Metaspace       used 7783K, capacity 7933K, committed 8064K, reserved 1056768K
  class space    used 680K, capacity 772K, committed 896K, reserved 1048576K
}
Event: 0.672 GC heap after
{Heap after GC invocations=1 (full 0):
 garbage-first heap   total 131072K, used 2093K [0x0000000080000000, 0x0000000100000000)
  region size 1024K, 1 young (1024K), 1 survivors (1024K)
 Metaspace       used 7783K, capacity 7933K, committed 8064K, reserved 1056768K
  class space    used 680K, capacity 772K, committed 896K, reserved 1048576K
}
Event: 0.970 GC heap before
{Heap before GC invocations=1 (full 0):
 garbage-first heap   total 131072K, used 7213K [0x0000000080000000, 0x0000000100000000)
  region size 1024K, 6 young (6144K), 1 survivors (1024K)
 Metaspace       used 10153K, capacity 10280K, committed 10496K, reserved 1058816K
  class space    used 948K, capacity 1024K, committed 1024K, reserved 1048576K
}
Event: 0.976 GC heap after
{Heap after GC invocations=2 (full 0):
 garbage-first heap   total 131072K, used 3053K [0x0000000080000000, 0x0000000100000000)
  region size 1024K, 1 young (1024K), 1 survivors (1024K)
 Metaspace       used 10153K, capacity 10280K, committed 10496K, reserved 1058816K
  class space    used 948K, capacity 1024K, committed 1024K, reserved 1048576K
}
Event: 1.549 GC heap before
{Heap before GC invocations=2 (full 0):
 garbage-first heap   total 131072K, used 16365K [0x0000000080000000, 0x0000000100000000)
  region size 1024K, 14 young (14336K), 1 survivors (1024K)
 Metaspace       used 12388K, capacity 12596K, committed 12672K, reserved 1060864K
  class space    used 1251K, capacity 1348K, committed 1408K, reserved 1048576K
}
Event: 1.555 GC heap after
{Heap after GC invocations=3 (full 0):
 garbage-first heap   total 131072K, used 3548K [0x0000000080000000, 0x0000000100000000)
  region size 1024K, 2 young (2048K), 2 survivors (2048K)
 Metaspace       used 12388K, capacity 12596K, committed 12672K, reserved 1060864K
  class space    used 1251K, capacity 1348K, committed 1408K, reserved 1048576K
}
Event: 2.554 GC heap before
{Heap before GC invocations=3 (full 0):
 garbage-first heap   total 131072K, used 23004K [0x0000000080000000, 0x0000000100000000)
  region size 1024K, 21 young (21504K), 2 survivors (2048K)
 Metaspace       used 14541K, capacity 14745K, committed 14976K, reserved 1062912K
  class space    used 1522K, capacity 1615K, committed 1664K, reserved 1048576K
}
Event: 2.560 GC heap after
{Heap after GC invocations=4 (full 0):
 garbage-first heap   total 131072K, used 4346K [0x0000000080000000, 0x0000000100000000)
  region size 1024K, 3 young (3072K), 3 survivors (3072K)
 Metaspace       used 14541K, capacity 14745K, committed 14976K, reserved 1062912K
  class space    used 1522K, capacity 1615K, committed 1664K, reserved 1048576K
}
Event: 5.007 GC heap before
{Heap before GC invocations=4 (full 0):
 garbage-first heap   total 131072K, used 39162K [0x0000000080000000, 0x0000000100000000)
  region size 1024K, 37 young (37888K), 3 survivors (3072K)
 Metaspace       used 19828K, capacity 20136K, committed 20224K, reserved 1067008K
  class space    used 2118K, capacity 2247K, committed 2304K, reserved 1048576K
}
Event: 5.026 GC heap after
{Heap after GC invocations=5 (full 0):
 garbage-first heap   total 157696K, used 7285K [0x0000000080000000, 0x0000000100000000)
  region size 1024K, 5 young (5120K), 5 survivors (5120K)
 Metaspace       used 19828K, capacity 20136K, committed 20224K, reserved 1067008K
  class space    used 2118K, capacity 2247K, committed 2304K, reserved 1048576K
}

Deoptimization events (10 events):
Event: 4.352 Thread 0x00000274d6b88000 Uncommon trap: reason=unstable_if action=reinterpret pc=0x00000274e5dc5aa8 method=org.codehaus.plexus.util.xml.pull.MXParser.nextImpl()I @ 1053 c2
Event: 4.380 Thread 0x00000274d6b88000 Uncommon trap: reason=unstable_if action=reinterpret pc=0x00000274e5dd025c method=java.util.regex.Pattern$BmpCharPredicate.lambda$union$2(Ljava/util/regex/Pattern$CharPredicate;I)Z @ 17 c2
Event: 4.391 Thread 0x00000274d6b88000 Uncommon trap: reason=unstable_if action=reinterpret pc=0x00000274e5d47db4 method=sun.nio.cs.UTF_8$Decoder.decodeArrayLoop(Ljava/nio/ByteBuffer;Ljava/nio/CharBuffer;)Ljava/nio/charset/CoderResult; @ 84 c2
Event: 4.402 Thread 0x00000274d6b88000 Uncommon trap: reason=unstable_if action=reinterpret pc=0x00000274e5d221e8 method=java.lang.StringUTF16.compress([CI[BII)I @ 20 c2
Event: 4.405 Thread 0x00000274d6b88000 Uncommon trap: reason=unstable_if action=reinterpret pc=0x00000274e5d88f44 method=java.lang.String.indexOf(Ljava/lang/String;)I @ 8 c2
Event: 4.463 Thread 0x00000274d6b88000 Uncommon trap: reason=unstable_if action=reinterpret pc=0x00000274e5d85610 method=java.lang.String.regionMatches(ZILjava/lang/String;II)Z @ 21 c2
Event: 4.828 Thread 0x00000274d6b88000 Uncommon trap: reason=unstable_if action=reinterpret pc=0x00000274e5d07690 method=java.lang.String.indexOf(II)I @ 4 c2
Event: 4.828 Thread 0x00000274d6b88000 Uncommon trap: reason=unstable_if action=reinterpret pc=0x00000274e5d279f8 method=java.lang.String.substring(II)Ljava/lang/String; @ 31 c2
Event: 4.917 Thread 0x00000274d6b88000 Uncommon trap: reason=unstable_if action=reinterpret pc=0x00000274e5ddae84 method=org.codehaus.plexus.util.xml.pull.MXParser.nextImpl()I @ 972 c2
Event: 5.130 Thread 0x00000274d6b88000 Uncommon trap: reason=unstable_if action=reinterpret pc=0x00000274e5de9c88 method=org.apache.maven.model.validation.DefaultModelValidator.isValidIdCharacter(C)Z @ 51 c2

Classes redefined (0 events):
No events

Internal exceptions (10 events):
Event: 0.488 Thread 0x00000274d6b88000 Exception <a 'java/lang/NullPointerException'{0x0000000087b239f8}> (0x0000000087b239f8) thrown at [./open/src/hotspot/share/interpreter/linkResolver.cpp, line 1354]
Event: 0.488 Thread 0x00000274d6b88000 Exception <a 'java/lang/NullPointerException'{0x0000000087b23cc8}> (0x0000000087b23cc8) thrown at [./open/src/hotspot/share/interpreter/linkResolver.cpp, line 1354]
Event: 0.488 Thread 0x00000274d6b88000 Exception <a 'java/lang/NullPointerException'{0x0000000087b23f98}> (0x0000000087b23f98) thrown at [./open/src/hotspot/share/interpreter/linkResolver.cpp, line 1354]
Event: 0.488 Thread 0x00000274d6b88000 Exception <a 'java/lang/NullPointerException'{0x0000000087b24268}> (0x0000000087b24268) thrown at [./open/src/hotspot/share/interpreter/linkResolver.cpp, line 1354]
Event: 1.277 Thread 0x00000274d6b88000 Exception <a 'java/lang/NoClassDefFoundError'{0x000000008789ae48}: javax/enterprise/inject/Typed> (0x000000008789ae48) thrown at [./open/src/hotspot/share/classfile/systemDictionary.cpp, line 215]
Event: 3.344 Thread 0x00000274d6b88000 Exception <a 'java/lang/NoClassDefFoundError'{0x0000000086fba130}: com/google/inject/servlet/ServletModuleTargetVisitor> (0x0000000086fba130) thrown at [./open/src/hotspot/share/classfile/systemDictionary.cpp, line 215]
Event: 3.344 Thread 0x00000274d6b88000 Exception <a 'java/lang/NoClassDefFoundError'{0x0000000086fba130}> (0x0000000086fba130) thrown at [./open/src/hotspot/share/prims/jvm.cpp, line 1309]
Event: 3.659 Thread 0x00000274d6b88000 Exception <a 'java/lang/NoSuchMethodError'{0x0000000086d07d08}: java.lang.invoke.DirectMethodHandle$Holder.invokeStaticInit(Ljava/lang/Object;IIII)Ljava/lang/Object;> (0x0000000086d07d08) thrown at [./open/src/hotspot/share/interpreter/linkResolver.cpp, l
Event: 3.948 Thread 0x00000274d6b88000 Implicit null exception at 0x00000274e5d350f4 to 0x00000274e5d35600
Event: 3.948 Thread 0x00000274d6b88000 Implicit null exception at 0x00000274e5d282f4 to 0x00000274e5d287e0

Events (10 events):
Event: 5.026 Executing VM operation: RevokeBias done
Event: 5.026 Executing VM operation: RevokeBias
Event: 5.026 Executing VM operation: RevokeBias done
Event: 5.027 Executing VM operation: RevokeBias
Event: 5.027 Executing VM operation: RevokeBias done
Event: 5.027 Executing VM operation: RevokeBias
Event: 5.027 Executing VM operation: RevokeBias done
Event: 5.130 Thread 0x00000274d6b88000 Uncommon trap: trap_request=0xffffff4d fr.pc=0x00000274e5de9c88 relative=0x0000000000000088
Event: 5.130 Thread 0x00000274d6b88000 DEOPT PACKING pc=0x00000274e5de9c88 sp=0x000000ccb21fdc10
Event: 5.130 Thread 0x00000274d6b88000 DEOPT UNPACKING pc=0x00000274de2483af sp=0x000000ccb21fdb98 mode 2


Dynamic libraries:
0x00007ff654ec0000 - 0x00007ff654ecf000 	C:\Program Files\Java\jdk-11.0.16\bin\java.exe
0x00007ffbf1eb0000 - 0x00007ffbf20a8000 	C:\Windows\SYSTEM32\ntdll.dll
0x00007ffbf0220000 - 0x00007ffbf02dd000 	C:\Windows\System32\KERNEL32.DLL
0x00007ffbef6c0000 - 0x00007ffbef992000 	C:\Windows\System32\KERNELBASE.dll
0x00007ffbef5c0000 - 0x00007ffbef6c0000 	C:\Windows\System32\ucrtbase.dll
0x00007ffbcd3f0000 - 0x00007ffbcd405000 	C:\Program Files\Java\jdk-11.0.16\bin\VCRUNTIME140.dll
0x00007ffbcefe0000 - 0x00007ffbceff8000 	C:\Program Files\Java\jdk-11.0.16\bin\jli.dll
0x00007ffbf0600000 - 0x00007ffbf06ae000 	C:\Windows\System32\ADVAPI32.dll
0x00007ffbeffe0000 - 0x00007ffbf007e000 	C:\Windows\System32\msvcrt.dll
0x00007ffbf1420000 - 0x00007ffbf14bc000 	C:\Windows\System32\sechost.dll
0x00007ffbf14c0000 - 0x00007ffbf15e5000 	C:\Windows\System32\RPCRT4.dll
0x00007ffbf0080000 - 0x00007ffbf021d000 	C:\Windows\System32\USER32.dll
0x00007ffbefb00000 - 0x00007ffbefb22000 	C:\Windows\System32\win32u.dll
0x00007ffbd78d0000 - 0x00007ffbd7b6a000 	C:\Windows\WinSxS\amd64_microsoft.windows.common-controls_6595b64144ccf1df_6.0.19041.1110_none_60b5254171f9507e\COMCTL32.dll
0x00007ffbf16f0000 - 0x00007ffbf171b000 	C:\Windows\System32\GDI32.dll
0x00007ffbef9a0000 - 0x00007ffbefaaf000 	C:\Windows\System32\gdi32full.dll
0x00007ffbefdd0000 - 0x00007ffbefe6d000 	C:\Windows\System32\msvcp_win.dll
0x00007ffbe5d70000 - 0x00007ffbe5d7a000 	C:\Windows\SYSTEM32\VERSION.dll
0x00007ffbf1610000 - 0x00007ffbf1640000 	C:\Windows\System32\IMM32.DLL
0x00007ffbc7c10000 - 0x00007ffbc7cab000 	C:\Program Files\Java\jdk-11.0.16\bin\msvcp140.dll
0x00007ffb91f50000 - 0x00007ffb92a68000 	C:\Program Files\Java\jdk-11.0.16\bin\server\jvm.dll
0x00007ffbf1600000 - 0x00007ffbf1608000 	C:\Windows\System32\PSAPI.DLL
0x00007ffbe7120000 - 0x00007ffbe7129000 	C:\Windows\SYSTEM32\WSOCK32.dll
0x00007ffbf0e10000 - 0x00007ffbf0e7b000 	C:\Windows\System32\WS2_32.dll
0x00007ffbcc830000 - 0x00007ffbcc857000 	C:\Windows\SYSTEM32\WINMM.dll
0x00007ffbed460000 - 0x00007ffbed472000 	C:\Windows\SYSTEM32\kernel.appcore.dll
0x00007ffbd2d10000 - 0x00007ffbd2d20000 	C:\Program Files\Java\jdk-11.0.16\bin\verify.dll
0x00007ffbe1d70000 - 0x00007ffbe1f54000 	C:\Windows\SYSTEM32\DBGHELP.DLL
0x00007ffbe24c0000 - 0x00007ffbe24ec000 	C:\Windows\SYSTEM32\dbgcore.DLL
0x00007ffbefd40000 - 0x00007ffbefdc2000 	C:\Windows\System32\bcryptPrimitives.dll
0x00007ffbcbe10000 - 0x00007ffbcbe38000 	C:\Program Files\Java\jdk-11.0.16\bin\java.dll
0x00007ffbd2cf0000 - 0x00007ffbd2cfa000 	C:\Program Files\Java\jdk-11.0.16\bin\jimage.dll
0x00007ffbcbdf0000 - 0x00007ffbcbe06000 	C:\Program Files\Java\jdk-11.0.16\bin\zip.dll
0x00007ffbf1720000 - 0x00007ffbf1e63000 	C:\Windows\System32\SHELL32.dll
0x00007ffbed660000 - 0x00007ffbeddf1000 	C:\Windows\SYSTEM32\windows.storage.dll
0x00007ffbf0e80000 - 0x00007ffbf11d4000 	C:\Windows\System32\combase.dll
0x00007ffbeee60000 - 0x00007ffbeee90000 	C:\Windows\SYSTEM32\Wldp.dll
0x00007ffbf1640000 - 0x00007ffbf16ed000 	C:\Windows\System32\SHCORE.dll
0x00007ffbf06b0000 - 0x00007ffbf0705000 	C:\Windows\System32\shlwapi.dll
0x00007ffbef500000 - 0x00007ffbef51f000 	C:\Windows\SYSTEM32\profapi.dll
0x00007ffbcb6e0000 - 0x00007ffbcb6f9000 	C:\Program Files\Java\jdk-11.0.16\bin\net.dll
0x00007ffbe6d20000 - 0x00007ffbe6e2d000 	C:\Windows\SYSTEM32\WINHTTP.dll
0x00007ffbeec40000 - 0x00007ffbeecaa000 	C:\Windows\system32\mswsock.dll
0x00007ffbcb6c0000 - 0x00007ffbcb6d2000 	C:\Program Files\Java\jdk-11.0.16\bin\nio.dll
0x0000000069ac0000 - 0x0000000069ae4000 	C:\Users\sfjbs\Downloads\micro service-20221001T123314Z-001\micro service\apache-maven-3.8.5-bin\apache-maven-3.8.5\lib\jansi-native\Windows\x86_64\jansi.dll

dbghelp: loaded successfully - version: 4.0.5 - missing functions: none
symbol engine: initialized successfully - sym options: 0x614 - pdb path: .;C:\Program Files\Java\jdk-11.0.16\bin;C:\Windows\SYSTEM32;C:\Windows\WinSxS\amd64_microsoft.windows.common-controls_6595b64144ccf1df_6.0.19041.1110_none_60b5254171f9507e;C:\Program Files\Java\jdk-11.0.16\bin\server;C:\Users\sfjbs\Downloads\micro service-20221001T123314Z-001\micro service\apache-maven-3.8.5-bin\apache-maven-3.8.5\lib\jansi-native\Windows\x86_64

VM Arguments:
jvm_args: -Dclassworlds.conf=C:\Users\sfjbs\Downloads\micro service-20221001T123314Z-001\micro service\apache-maven-3.8.5-bin\apache-maven-3.8.5\bin\m2.conf -Dmaven.home=C:\Users\sfjbs\Downloads\micro service-20221001T123314Z-001\micro service\apache-maven-3.8.5-bin\apache-maven-3.8.5 -Dlibrary.jansi.path=C:\Users\sfjbs\Downloads\micro service-20221001T123314Z-001\micro service\apache-maven-3.8.5-bin\apache-maven-3.8.5\lib\jansi-native -Dmaven.multiModuleProjectDirectory=C:\Users\sfjbs\IdeaProjects\training\sriprabha\Day12\fourth-artemis-demo\artemis-demo-consumer 
java_command: org.codehaus.plexus.classworlds.launcher.Launcher spring-boot:run
java_class_path (initial): C:\Users\sfjbs\Downloads\micro service-20221001T123314Z-001\micro service\apache-maven-3.8.5-bin\apache-maven-3.8.5\boot\plexus-classworlds-2.6.0.jar
Launcher Type: SUN_STANDARD

[Global flags]
     intx CICompilerCount                          = 2                                         {product} {ergonomic}
     uint ConcGCThreads                            = 1                                         {product} {ergonomic}
     uint G1ConcRefinementThreads                  = 2                                         {product} {ergonomic}
   size_t G1HeapRegionSize                         = 1048576                                   {product} {ergonomic}
    uintx GCDrainStackTargetSize                   = 64                                        {product} {ergonomic}
   size_t InitialHeapSize                          = 134217728                                 {product} {ergonomic}
   size_t MarkStackSize                            = 4194304                                   {product} {ergonomic}
   size_t MaxHeapSize                              = 2147483648                                {product} {ergonomic}
   size_t MaxNewSize                               = 1287651328                                {product} {ergonomic}
   size_t MinHeapDeltaBytes                        = 1048576                                   {product} {ergonomic}
    uintx NonNMethodCodeHeapSize                   = 5825164                                {pd product} {ergonomic}
    uintx NonProfiledCodeHeapSize                  = 122916538                              {pd product} {ergonomic}
    uintx ProfiledCodeHeapSize                     = 122916538                              {pd product} {ergonomic}
    uintx ReservedCodeCacheSize                    = 251658240                              {pd product} {ergonomic}
     bool SegmentedCodeCache                       = true                                      {product} {ergonomic}
     bool UseCompressedClassPointers               = true                                 {lp64_product} {ergonomic}
     bool UseCompressedOops                        = true                                 {lp64_product} {ergonomic}
     bool UseG1GC                                  = true                                      {product} {ergonomic}
     bool UseLargePagesIndividualAllocation        = false                                  {pd product} {ergonomic}

Logging:
Log output configuration:
 #0: stdout all=warning uptime,level,tags
 #1: stderr all=off uptime,level,tags

Environment Variables:
PATH=C:\Program Files\Common Files\Oracle\Java\javapath;C:\Windows\system32;C:\Windows;C:\Windows\System32\Wbem;C:\Windows\System32\WindowsPowerShell\v1.0\;C:\Windows\System32\OpenSSH\;C:\Users\sfjbs\Downloads\micro service-20221001T123314Z-001\micro service\apache-maven-3.8.5-bin\apache-maven-3.8.5\bin;C:\Users\sfjbs\Downloads\micro service-20221001T123314Z-001\micro service\apache-maven-3.8.5-bin\apache-maven-3.8.5\lib;C:\Program Files\Docker\Docker\resources\bin;C:\ProgramData\DockerDesktop\version-bin;C:\Program Files\Git\cmd;C:\Users\sfjbs\AppData\Local\Microsoft\WindowsApps;C:\Users\sfjbs\Downloads\micro service-20221001T123314Z-001\micro service\apache-maven-3.8.5-bin\apache-maven-3.8.5\bin;C:\Users\sfjbs\Downloads\micro service-20221001T123314Z-001\micro service\apache-maven-3.8.5-bin\apache-maven-3.8.5\lib;;C:\Program Files\JetBrains\IntelliJ IDEA Community Edition 2022.2.1\bin;
USERNAME=sfjbs
OS=Windows_NT
PROCESSOR_IDENTIFIER=Intel64 Family 6 Model 85 Stepping 7, GenuineIntel



---------------  S Y S T E M  ---------------

OS: Windows 10 , 64 bit Build 19041 (10.0.19041.1889)
Hyper-V role detected

CPU:total 2 (initial active 2) (1 cores per cpu, 2 threads per core) family 6 model 85 stepping 7 microcode 0xffffffff, cmov, cx8, fxsr, mmx, sse, sse2, sse3, ssse3, sse4.1, sse4.2, popcnt, avx, avx2, aes, clmul, erms, rtm, 3dnowpref, lzcnt, ht, tsc, bmi1, bmi2, adx, evex, fma

Memory: 4k page, system-wide physical 8190M (306M free)
TotalPageFile size 10238M (AvailPageFile size 4M)
current process WorkingSet (physical memory assigned to process): 130M, peak: 130M
current process commit charge ("private bytes"): 264M, peak: 264M

vm_info: Java HotSpot(TM) 64-Bit Server VM (11.0.16+11-LTS-199) for windows-amd64 JRE (11.0.16+11-LTS-199), built on Jun 28 2022 08:23:17 by "mach5one" with MS VC++ 15.9 (VS2017)

END.
