#
# There is insufficient memory for the Java Runtime Environment to continue.
# Native memory allocation (mmap) failed to map 268435456 bytes for Failed to commit area from 0x0000000700000000 to 0x0000000710000000 of length 268435456.
# Possible reasons:
#   The system is out of physical RAM or swap space
#   The process is running with CompressedOops enabled, and the Java Heap may be blocking the growth of the native heap
# Possible solutions:
#   Reduce memory load on the system
#   Increase physical memory or swap space
#   Check if swap backing store is full
#   Decrease Java heap size (-Xmx/-Xms)
#   Decrease number of Java threads
#   Decrease Java thread stack sizes (-Xss)
#   Set larger code cache with -XX:ReservedCodeCacheSize=
# This output file may be truncated or incomplete.
#
#  Out of Memory Error (./open/src/hotspot/os/windows/os_windows.cpp:3287), pid=417840, tid=424716
#
# JRE version:  (11.0.16+11) (build )
# Java VM: Java HotSpot(TM) 64-Bit Server VM (11.0.16+11-LTS-199, mixed mode, sharing, tiered, compressed oops, g1 gc, windows-amd64)
# No core dump will be written. Minidumps are not enabled by default on client versions of Windows
#

---------------  S U M M A R Y ------------

Command Line: C:\Users\sfjbs\AppData\Local\Temp\surefire7461897739523096516\surefirebooter14393168135818564939.jar C:\Users\sfjbs\AppData\Local\Temp\surefire7461897739523096516 2022-10-10T11-09-50_657-jvmRun1 surefire12641766622153507946tmp surefire_011252478167657394161tmp

Host: Intel(R) Xeon(R) Platinum 8272CL CPU @ 2.60GHz, 4 cores, 15G,  Windows 10 , 64 bit Build 19041 (10.0.19041.1889)
Time: Mon Oct 10 11:09:51 2022 Coordinated Universal Time elapsed time: 0.018626 seconds (0d 0h 0m 0s)

---------------  T H R E A D  ---------------

Current thread (0x00000150e3f46800):  JavaThread "Unknown thread" [_thread_in_vm, id=424716, stack(0x0000000e06800000,0x0000000e06900000)]

Stack: [0x0000000e06800000,0x0000000e06900000]
Native frames: (J=compiled Java code, j=interpreted, Vv=VM code, C=native code)
V  [jvm.dll+0x62a3ea]
V  [jvm.dll+0x76418f]
V  [jvm.dll+0x765839]
V  [jvm.dll+0x765ec3]
V  [jvm.dll+0x23da98]
V  [jvm.dll+0x62770a]
V  [jvm.dll+0x61c475]
V  [jvm.dll+0x2f2aac]
V  [jvm.dll+0x2f2932]
V  [jvm.dll+0x2f7656]
V  [jvm.dll+0x33a1cf]
V  [jvm.dll+0x339c00]
V  [jvm.dll+0x2d00c8]
V  [jvm.dll+0x2d1236]
V  [jvm.dll+0x73e757]
V  [jvm.dll+0x73ffef]
V  [jvm.dll+0x346ef9]
V  [jvm.dll+0x723f90]
V  [jvm.dll+0x3b5adf]
V  [jvm.dll+0x3b7bf1]
C  [jli.dll+0x5207]
C  [ucrtbase.dll+0x21bb2]
C  [KERNEL32.DLL+0x17034]
C  [ntdll.dll+0x526a1]


---------------  P R O C E S S  ---------------

Threads class SMR info:
_java_thread_list=0x00000150e3e42970, length=0, elements={
}

Java Threads: ( => current thread )

Other Threads:
  0x00000150e3f5c800 GCTaskThread "GC Thread#0" [stack: 0x0000000e06900000,0x0000000e06a00000] [id=420568]
  0x00000150e3fb8000 ConcurrentGCThread "G1 Main Marker" [stack: 0x0000000e06a00000,0x0000000e06b00000] [id=418348]
  0x00000150e3fba800 ConcurrentGCThread "G1 Conc#0" [stack: 0x0000000e06b00000,0x0000000e06c00000] [id=420388]

[error occurred during error reporting (printing all threads), id 0xc0000005, EXCEPTION_ACCESS_VIOLATION (0xc0000005) at pc=0x00007fff1d56f357]

VM state:not at safepoint (not fully initialized)

VM Mutex/Monitor currently owned by a thread:  ([mutex/lock_event])
[0x00000150e3f41fa0] Heap_lock - owner thread: 0x00000150e3f46800

Heap address: 0x0000000700000000, size: 4096 MB, Compressed Oops mode: Non-zero based: 0x0000000700000000
Narrow klass base: 0x0000000000000000, Narrow klass shift: 0

GC Heap History (0 events):
No events

Deoptimization events (0 events):
No events

Classes redefined (0 events):
No events

Internal exceptions (0 events):
No events

Events (0 events):
No events


Dynamic libraries:
0x00007ff628c80000 - 0x00007ff628c8f000 	C:\Program Files\Java\jdk-11.0.16\bin\java.exe
0x00007fff80010000 - 0x00007fff80208000 	C:\Windows\SYSTEM32\ntdll.dll
0x00007fff7e570000 - 0x00007fff7e62d000 	C:\Windows\System32\KERNEL32.DLL
0x00007fff7da50000 - 0x00007fff7dd1e000 	C:\Windows\System32\KERNELBASE.dll
0x00007fff7d730000 - 0x00007fff7d830000 	C:\Windows\System32\ucrtbase.dll
0x00007fff5d0b0000 - 0x00007fff5d0c8000 	C:\Program Files\Java\jdk-11.0.16\bin\jli.dll
0x00007fff5ca50000 - 0x00007fff5ca65000 	C:\Program Files\Java\jdk-11.0.16\bin\VCRUNTIME140.dll
0x00007fff7f050000 - 0x00007fff7f0fe000 	C:\Windows\System32\ADVAPI32.dll
0x00007fff7ee00000 - 0x00007fff7ee9e000 	C:\Windows\System32\msvcrt.dll
0x00007fff7e690000 - 0x00007fff7e72c000 	C:\Windows\System32\sechost.dll
0x00007fff7e730000 - 0x00007fff7e855000 	C:\Windows\System32\RPCRT4.dll
0x00007fff7eb20000 - 0x00007fff7ecc0000 	C:\Windows\System32\USER32.dll
0x00007fff7d830000 - 0x00007fff7d852000 	C:\Windows\System32\win32u.dll
0x00007fff7e870000 - 0x00007fff7e89a000 	C:\Windows\System32\GDI32.dll
0x00007fff7d8b0000 - 0x00007fff7d9bb000 	C:\Windows\System32\gdi32full.dll
0x00007fff7de70000 - 0x00007fff7df0d000 	C:\Windows\System32\msvcp_win.dll
0x00007fff657f0000 - 0x00007fff65a8a000 	C:\Windows\WinSxS\amd64_microsoft.windows.common-controls_6595b64144ccf1df_6.0.19041.1110_none_60b5254171f9507e\COMCTL32.dll
0x00007fff75650000 - 0x00007fff7565a000 	C:\Windows\SYSTEM32\VERSION.dll
0x00007fff7e4e0000 - 0x00007fff7e510000 	C:\Windows\System32\IMM32.DLL
0x00007fff5a330000 - 0x00007fff5a3cb000 	C:\Program Files\Java\jdk-11.0.16\bin\msvcp140.dll
0x00007fff1d290000 - 0x00007fff1dda8000 	C:\Program Files\Java\jdk-11.0.16\bin\server\jvm.dll
0x00007fff7f100000 - 0x00007fff7f108000 	C:\Windows\System32\PSAPI.DLL
0x00007fff65190000 - 0x00007fff65199000 	C:\Windows\SYSTEM32\WSOCK32.dll
0x00007fff5ba60000 - 0x00007fff5ba87000 	C:\Windows\SYSTEM32\WINMM.dll
0x00007fff7e8a0000 - 0x00007fff7e90b000 	C:\Windows\System32\WS2_32.dll
0x00007fff7b600000 - 0x00007fff7b612000 	C:\Windows\SYSTEM32\kernel.appcore.dll
0x00007fff5d5c0000 - 0x00007fff5d5d0000 	C:\Program Files\Java\jdk-11.0.16\bin\verify.dll
0x00007fff75df0000 - 0x00007fff75fd4000 	C:\Windows\SYSTEM32\DBGHELP.DLL
0x00007fff75dc0000 - 0x00007fff75dec000 	C:\Windows\SYSTEM32\dbgcore.DLL
0x00007fff7d9c0000 - 0x00007fff7da42000 	C:\Windows\System32\bcryptPrimitives.dll
0x00007fff5a180000 - 0x00007fff5a1a8000 	C:\Program Files\Java\jdk-11.0.16\bin\java.dll
0x00007fff5d0a0000 - 0x00007fff5d0aa000 	C:\Program Files\Java\jdk-11.0.16\bin\jimage.dll
0x00007fff55bd0000 - 0x00007fff55be6000 	C:\Program Files\Java\jdk-11.0.16\bin\zip.dll

dbghelp: loaded successfully - version: 4.0.5 - missing functions: none
symbol engine: initialized successfully - sym options: 0x614 - pdb path: .;C:\Program Files\Java\jdk-11.0.16\bin;C:\Windows\SYSTEM32;C:\Windows\WinSxS\amd64_microsoft.windows.common-controls_6595b64144ccf1df_6.0.19041.1110_none_60b5254171f9507e;C:\Program Files\Java\jdk-11.0.16\bin\server

VM Arguments:
java_command: C:\Users\sfjbs\AppData\Local\Temp\surefire7461897739523096516\surefirebooter14393168135818564939.jar C:\Users\sfjbs\AppData\Local\Temp\surefire7461897739523096516 2022-10-10T11-09-50_657-jvmRun1 surefire12641766622153507946tmp surefire_011252478167657394161tmp
java_class_path (initial): C:\Users\sfjbs\AppData\Local\Temp\surefire7461897739523096516\surefirebooter14393168135818564939.jar
Launcher Type: SUN_STANDARD

[Global flags]
     intx CICompilerCount                          = 3                                         {product} {ergonomic}
     uint ConcGCThreads                            = 1                                         {product} {ergonomic}
     uint G1ConcRefinementThreads                  = 4                                         {product} {ergonomic}
   size_t G1HeapRegionSize                         = 1048576                                   {product} {ergonomic}
    uintx GCDrainStackTargetSize                   = 64                                        {product} {ergonomic}
   size_t InitialHeapSize                          = 268435456                                 {product} {ergonomic}
   size_t MarkStackSize                            = 4194304                                   {product} {ergonomic}
   size_t MaxHeapSize                              = 4294967296                                {product} {ergonomic}
   size_t MinHeapDeltaBytes                        = 1048576                                   {product} {ergonomic}
    uintx NonNMethodCodeHeapSize                   = 5830732                                {pd product} {ergonomic}
    uintx NonProfiledCodeHeapSize                  = 122913754                              {pd product} {ergonomic}
    uintx ProfiledCodeHeapSize                     = 122913754                              {pd product} {ergonomic}
    uintx ReservedCodeCacheSize                    = 251658240                              {pd product} {ergonomic}
     bool SegmentedCodeCache                       = true                                      {product} {ergonomic}
     bool UseCompressedClassPointers               = true                                 {lp64_product} {ergonomic}
     bool UseCompressedOops                        = true                                 {lp64_product} {ergonomic}
     bool UseG1GC                                  = true                                      {product} {ergonomic}
     bool UseLargePagesIndividualAllocation        = false                                  {pd product} {ergonomic}

Logging:
Log output configuration:
 #0: stdout all=warning uptime,level,tags
 #1: stderr all=off uptime,level,tags

Environment Variables:
PATH=C:\Program Files\Common Files\Oracle\Java\javapath;C:\Windows\system32;C:\Windows;C:\Windows\System32\Wbem;C:\Windows\System32\WindowsPowerShell\v1.0\;C:\Windows\System32\OpenSSH\;C:\Users\sfjbs\Downloads\micro service-20221001T105859Z-001\micro service\apache-maven-3.8.5-bin\apache-maven-3.8.5\bin;C:\Users\sfjbs\Downloads\micro service-20221001T105859Z-001\micro service\apache-maven-3.8.5-bin\apache-maven-3.8.5\lib;C:\Program Files\Git\cmd;C:\Program Files\Docker\Docker\resources\bin;C:\ProgramData\DockerDesktop\version-bin;C:\Users\sfjbs\AppData\Local\Microsoft\WindowsApps;C:\Users\sfjbs\Downloads\micro service-20221001T105859Z-001\micro service\apache-maven-3.8.5-bin\apache-maven-3.8.5\bin;C:\Users\sfjbs\Downloads\micro service-20221001T105859Z-001\micro service\apache-maven-3.8.5-bin\apache-maven-3.8.5\lib;;C:\Program Files\JetBrains\IntelliJ IDEA Community Edition 2022.2.1\bin;
USERNAME=sfjbs
OS=Windows_NT
PROCESSOR_IDENTIFIER=Intel64 Family 6 Model 85 Stepping 7, GenuineIntel



---------------  S Y S T E M  ---------------

OS: Windows 10 , 64 bit Build 19041 (10.0.19041.1889)
Hyper-V role detected

CPU:total 4 (initial active 4) (2 cores per cpu, 2 threads per core) family 6 model 85 stepping 7 microcode 0xffffffff, cmov, cx8, fxsr, mmx, sse, sse2, sse3, ssse3, sse4.1, sse4.2, popcnt, avx, avx2, aes, clmul, erms, rtm, 3dnowpref, lzcnt, ht, tsc, bmi1, bmi2, adx, evex, fma

Memory: 4k page, system-wide physical 16382M (953M free)
TotalPageFile size 20478M (AvailPageFile size 67M)
current process WorkingSet (physical memory assigned to process): 9M, peak: 9M
current process commit charge ("private bytes"): 52M, peak: 308M

vm_info: Java HotSpot(TM) 64-Bit Server VM (11.0.16+11-LTS-199) for windows-amd64 JRE (11.0.16+11-LTS-199), built on Jun 28 2022 08:23:17 by "mach5one" with MS VC++ 15.9 (VS2017)

END.
