#
# There is insufficient memory for the Java Runtime Environment to continue.
# Native memory allocation (malloc) failed to allocate 354896 bytes for Chunk::new
# Possible reasons:
#   The system is out of physical RAM or swap space
#   The process is running with CompressedOops enabled, and the Java Heap may be blocking the growth of the native heap
# Possible solutions:
#   Reduce memory load on the system
#   Increase physical memory or swap space
#   Check if swap backing store is full
#   Decrease Java heap size (-Xmx/-Xms)
#   Decrease number of Java threads
#   Decrease Java thread stack sizes (-Xss)
#   Set larger code cache with -XX:ReservedCodeCacheSize=
#   JVM is running with Unscaled Compressed Oops mode in which the Java heap is
#     placed in the first 4GB address space. The Java Heap base address is the
#     maximum limit for the native heap growth. Please use -XX:HeapBaseMinAddress
#     to set the Java Heap base and to place the Java Heap above 4GB virtual address.
# This output file may be truncated or incomplete.
#
#  Out of Memory Error (./open/src/hotspot/share/memory/arena.cpp:197), pid=44544, tid=49416
#
# JRE version: Java(TM) SE Runtime Environment 18.9 (11.0.16+11) (build 11.0.16+11-LTS-199)
# Java VM: Java HotSpot(TM) 64-Bit Server VM 18.9 (11.0.16+11-LTS-199, mixed mode, tiered, compressed oops, g1 gc, windows-amd64)
# No core dump will be written. Minidumps are not enabled by default on client versions of Windows
#

---------------  S U M M A R Y ------------

Command Line: -Dclassworlds.conf=C:\Users\sfjbs\Downloads\micro service-20221001T123314Z-001\micro service\apache-maven-3.8.5-bin\apache-maven-3.8.5\bin\m2.conf -Dmaven.home=C:\Users\sfjbs\Downloads\micro service-20221001T123314Z-001\micro service\apache-maven-3.8.5-bin\apache-maven-3.8.5 -Dlibrary.jansi.path=C:\Users\sfjbs\Downloads\micro service-20221001T123314Z-001\micro service\apache-maven-3.8.5-bin\apache-maven-3.8.5\lib\jansi-native -Dmaven.multiModuleProjectDirectory=C:\Users\sfjbs\Downloads\project\Harshad\day13\pension-management-system org.codehaus.plexus.classworlds.launcher.Launcher clean install

Host: Intel(R) Xeon(R) Platinum 8272CL CPU @ 2.60GHz, 2 cores, 7G,  Windows 10 , 64 bit Build 19041 (10.0.19041.1889)
Time: Sat Oct 29 08:20:30 2022 Coordinated Universal Time elapsed time: 3.092049 seconds (0d 0h 0m 3s)

---------------  T H R E A D  ---------------

Current thread (0x0000018dfe991800):  JavaThread "C2 CompilerThread0" daemon [_thread_in_native, id=49416, stack(0x0000003bc2100000,0x0000003bc2200000)]


Current CompileTask:
C2:   3092 1014   !   4       sun.nio.cs.StreamDecoder::read (196 bytes)

Stack: [0x0000003bc2100000,0x0000003bc2200000]
Native frames: (J=compiled Java code, j=interpreted, Vv=VM code, C=native code)
V  [jvm.dll+0x62a3ea]
V  [jvm.dll+0x76418f]
V  [jvm.dll+0x765839]
V  [jvm.dll+0x765ec3]
V  [jvm.dll+0x23da98]
V  [jvm.dll+0xb2a1c]
V  [jvm.dll+0xb2fdc]
V  [jvm.dll+0x341487]
V  [jvm.dll+0x30ec83]
V  [jvm.dll+0x30dfca]
V  [jvm.dll+0x1f84a5]
V  [jvm.dll+0x1f768d]
V  [jvm.dll+0x177c81]
V  [jvm.dll+0x207006]
V  [jvm.dll+0x20519b]
V  [jvm.dll+0x729fa0]
V  [jvm.dll+0x722b74]
V  [jvm.dll+0x629286]
C  [ucrtbase.dll+0x21bb2]
C  [KERNEL32.DLL+0x17034]
C  [ntdll.dll+0x526a1]


---------------  P R O C E S S  ---------------

Threads class SMR info:
_java_thread_list=0x0000018dff44a7c0, length=10, elements={
0x0000018defe87000, 0x0000018dfe970800, 0x0000018dfe97a000, 0x0000018dfe98b800,
0x0000018dfe98e000, 0x0000018dfe990800, 0x0000018dfe991800, 0x0000018dfe994000,
0x0000018dfe997000, 0x0000018dff456800
}

Java Threads: ( => current thread )
  0x0000018defe87000 JavaThread "main" [_thread_in_vm, id=9852, stack(0x0000003bc1500000,0x0000003bc1600000)]
  0x0000018dfe970800 JavaThread "Reference Handler" daemon [_thread_blocked, id=59696, stack(0x0000003bc1c00000,0x0000003bc1d00000)]
  0x0000018dfe97a000 JavaThread "Finalizer" daemon [_thread_blocked, id=13260, stack(0x0000003bc1d00000,0x0000003bc1e00000)]
  0x0000018dfe98b800 JavaThread "Signal Dispatcher" daemon [_thread_blocked, id=58712, stack(0x0000003bc1e00000,0x0000003bc1f00000)]
  0x0000018dfe98e000 JavaThread "Attach Listener" daemon [_thread_blocked, id=13944, stack(0x0000003bc1f00000,0x0000003bc2000000)]
  0x0000018dfe990800 JavaThread "Service Thread" daemon [_thread_blocked, id=8556, stack(0x0000003bc2000000,0x0000003bc2100000)]
=>0x0000018dfe991800 JavaThread "C2 CompilerThread0" daemon [_thread_in_native, id=49416, stack(0x0000003bc2100000,0x0000003bc2200000)]
  0x0000018dfe994000 JavaThread "C1 CompilerThread0" daemon [_thread_blocked, id=14124, stack(0x0000003bc2200000,0x0000003bc2300000)]
  0x0000018dfe997000 JavaThread "Sweeper thread" daemon [_thread_blocked, id=61188, stack(0x0000003bc2300000,0x0000003bc2400000)]
  0x0000018dff456800 JavaThread "Common-Cleaner" daemon [_thread_blocked, id=47768, stack(0x0000003bc2500000,0x0000003bc2600000)]

Other Threads:
  0x0000018dfe96d800 VMThread "VM Thread" [stack: 0x0000003bc1b00000,0x0000003bc1c00000] [id=60676]
  0x0000018dff453800 WatcherThread [stack: 0x0000003bc2400000,0x0000003bc2500000] [id=62412]
  0x0000018defe9b800 GCTaskThread "GC Thread#0" [stack: 0x0000003bc1600000,0x0000003bc1700000] [id=40268]
  0x0000018dffc0d800 GCTaskThread "GC Thread#1" [stack: 0x0000003bc2600000,0x0000003bc2700000] [id=62008]
  0x0000018defecb800 ConcurrentGCThread "G1 Main Marker" [stack: 0x0000003bc1700000,0x0000003bc1800000] [id=6840]
  0x0000018defece800 ConcurrentGCThread "G1 Conc#0" [stack: 0x0000003bc1800000,0x0000003bc1900000] [id=41736]
  0x0000018deff56800 ConcurrentGCThread "G1 Refine#0" [stack: 0x0000003bc1900000,0x0000003bc1a00000] [id=28736]
  0x0000018deff58800 ConcurrentGCThread "G1 Young RemSet Sampling" [stack: 0x0000003bc1a00000,0x0000003bc1b00000] [id=11988]

Threads with active compile tasks:
C2 CompilerThread0     3160 1014   !   4       sun.nio.cs.StreamDecoder::read (196 bytes)

VM state:not at safepoint (normal execution)

VM Mutex/Monitor currently owned by a thread: None

Heap address: 0x0000000080000000, size: 2048 MB, Compressed Oops mode: 32-bit
Narrow klass base: 0x0000000000000000, Narrow klass shift: 3
Compressed class space size: 1073741824 Address: 0x0000000100000000

Heap:
 garbage-first heap   total 131072K, used 14419K [0x0000000080000000, 0x0000000100000000)
  region size 1024K, 13 young (13312K), 1 survivors (1024K)
 Metaspace       used 12365K, capacity 12596K, committed 12672K, reserved 1064960K
  class space    used 1248K, capacity 1348K, committed 1408K, reserved 1048576K
Heap Regions: E=young(eden), S=young(survivor), O=old, HS=humongous(starts), HC=humongous(continues), CS=collection set, F=free, A=archive, TAMS=top-at-mark-start (previous, next)
|   0|0x0000000080000000, 0x0000000080100000, 0x0000000080100000|100%| O|  |TAMS 0x0000000080000000, 0x0000000080000000| Untracked 
|   1|0x0000000080100000, 0x0000000080200000, 0x0000000080200000|100%| O|  |TAMS 0x0000000080100000, 0x0000000080100000| Untracked 
|   2|0x0000000080200000, 0x000000008021c800, 0x0000000080300000| 11%| O|  |TAMS 0x0000000080200000, 0x0000000080200000| Untracked 
|   3|0x0000000080300000, 0x0000000080300000, 0x0000000080400000|  0%| F|  |TAMS 0x0000000080300000, 0x0000000080300000| Untracked 
|   4|0x0000000080400000, 0x0000000080400000, 0x0000000080500000|  0%| F|  |TAMS 0x0000000080400000, 0x0000000080400000| Untracked 
|   5|0x0000000080500000, 0x0000000080500000, 0x0000000080600000|  0%| F|  |TAMS 0x0000000080500000, 0x0000000080500000| Untracked 
|   6|0x0000000080600000, 0x0000000080600000, 0x0000000080700000|  0%| F|  |TAMS 0x0000000080600000, 0x0000000080600000| Untracked 
|   7|0x0000000080700000, 0x0000000080700000, 0x0000000080800000|  0%| F|  |TAMS 0x0000000080700000, 0x0000000080700000| Untracked 
|   8|0x0000000080800000, 0x0000000080800000, 0x0000000080900000|  0%| F|  |TAMS 0x0000000080800000, 0x0000000080800000| Untracked 
|   9|0x0000000080900000, 0x0000000080900000, 0x0000000080a00000|  0%| F|  |TAMS 0x0000000080900000, 0x0000000080900000| Untracked 
|  10|0x0000000080a00000, 0x0000000080a00000, 0x0000000080b00000|  0%| F|  |TAMS 0x0000000080a00000, 0x0000000080a00000| Untracked 
|  11|0x0000000080b00000, 0x0000000080b00000, 0x0000000080c00000|  0%| F|  |TAMS 0x0000000080b00000, 0x0000000080b00000| Untracked 
|  12|0x0000000080c00000, 0x0000000080c00000, 0x0000000080d00000|  0%| F|  |TAMS 0x0000000080c00000, 0x0000000080c00000| Untracked 
|  13|0x0000000080d00000, 0x0000000080d00000, 0x0000000080e00000|  0%| F|  |TAMS 0x0000000080d00000, 0x0000000080d00000| Untracked 
|  14|0x0000000080e00000, 0x0000000080e00000, 0x0000000080f00000|  0%| F|  |TAMS 0x0000000080e00000, 0x0000000080e00000| Untracked 
|  15|0x0000000080f00000, 0x0000000080f00000, 0x0000000081000000|  0%| F|  |TAMS 0x0000000080f00000, 0x0000000080f00000| Untracked 
|  16|0x0000000081000000, 0x0000000081000000, 0x0000000081100000|  0%| F|  |TAMS 0x0000000081000000, 0x0000000081000000| Untracked 
|  17|0x0000000081100000, 0x0000000081100000, 0x0000000081200000|  0%| F|  |TAMS 0x0000000081100000, 0x0000000081100000| Untracked 
|  18|0x0000000081200000, 0x0000000081200000, 0x0000000081300000|  0%| F|  |TAMS 0x0000000081200000, 0x0000000081200000| Untracked 
|  19|0x0000000081300000, 0x0000000081300000, 0x0000000081400000|  0%| F|  |TAMS 0x0000000081300000, 0x0000000081300000| Untracked 
|  20|0x0000000081400000, 0x0000000081400000, 0x0000000081500000|  0%| F|  |TAMS 0x0000000081400000, 0x0000000081400000| Untracked 
|  21|0x0000000081500000, 0x0000000081500000, 0x0000000081600000|  0%| F|  |TAMS 0x0000000081500000, 0x0000000081500000| Untracked 
|  22|0x0000000081600000, 0x0000000081600000, 0x0000000081700000|  0%| F|  |TAMS 0x0000000081600000, 0x0000000081600000| Untracked 
|  23|0x0000000081700000, 0x0000000081700000, 0x0000000081800000|  0%| F|  |TAMS 0x0000000081700000, 0x0000000081700000| Untracked 
|  24|0x0000000081800000, 0x0000000081800000, 0x0000000081900000|  0%| F|  |TAMS 0x0000000081800000, 0x0000000081800000| Untracked 
|  25|0x0000000081900000, 0x0000000081900000, 0x0000000081a00000|  0%| F|  |TAMS 0x0000000081900000, 0x0000000081900000| Untracked 
|  26|0x0000000081a00000, 0x0000000081a00000, 0x0000000081b00000|  0%| F|  |TAMS 0x0000000081a00000, 0x0000000081a00000| Untracked 
|  27|0x0000000081b00000, 0x0000000081b00000, 0x0000000081c00000|  0%| F|  |TAMS 0x0000000081b00000, 0x0000000081b00000| Untracked 
|  28|0x0000000081c00000, 0x0000000081c00000, 0x0000000081d00000|  0%| F|  |TAMS 0x0000000081c00000, 0x0000000081c00000| Untracked 
|  29|0x0000000081d00000, 0x0000000081d00000, 0x0000000081e00000|  0%| F|  |TAMS 0x0000000081d00000, 0x0000000081d00000| Untracked 
|  30|0x0000000081e00000, 0x0000000081e00000, 0x0000000081f00000|  0%| F|  |TAMS 0x0000000081e00000, 0x0000000081e00000| Untracked 
|  31|0x0000000081f00000, 0x0000000081f00000, 0x0000000082000000|  0%| F|  |TAMS 0x0000000081f00000, 0x0000000081f00000| Untracked 
|  32|0x0000000082000000, 0x0000000082000000, 0x0000000082100000|  0%| F|  |TAMS 0x0000000082000000, 0x0000000082000000| Untracked 
|  33|0x0000000082100000, 0x0000000082100000, 0x0000000082200000|  0%| F|  |TAMS 0x0000000082100000, 0x0000000082100000| Untracked 
|  34|0x0000000082200000, 0x0000000082200000, 0x0000000082300000|  0%| F|  |TAMS 0x0000000082200000, 0x0000000082200000| Untracked 
|  35|0x0000000082300000, 0x0000000082300000, 0x0000000082400000|  0%| F|  |TAMS 0x0000000082300000, 0x0000000082300000| Untracked 
|  36|0x0000000082400000, 0x0000000082400000, 0x0000000082500000|  0%| F|  |TAMS 0x0000000082400000, 0x0000000082400000| Untracked 
|  37|0x0000000082500000, 0x0000000082500000, 0x0000000082600000|  0%| F|  |TAMS 0x0000000082500000, 0x0000000082500000| Untracked 
|  38|0x0000000082600000, 0x0000000082600000, 0x0000000082700000|  0%| F|  |TAMS 0x0000000082600000, 0x0000000082600000| Untracked 
|  39|0x0000000082700000, 0x0000000082700000, 0x0000000082800000|  0%| F|  |TAMS 0x0000000082700000, 0x0000000082700000| Untracked 
|  40|0x0000000082800000, 0x0000000082800000, 0x0000000082900000|  0%| F|  |TAMS 0x0000000082800000, 0x0000000082800000| Untracked 
|  41|0x0000000082900000, 0x0000000082900000, 0x0000000082a00000|  0%| F|  |TAMS 0x0000000082900000, 0x0000000082900000| Untracked 
|  42|0x0000000082a00000, 0x0000000082a00000, 0x0000000082b00000|  0%| F|  |TAMS 0x0000000082a00000, 0x0000000082a00000| Untracked 
|  43|0x0000000082b00000, 0x0000000082b00000, 0x0000000082c00000|  0%| F|  |TAMS 0x0000000082b00000, 0x0000000082b00000| Untracked 
|  44|0x0000000082c00000, 0x0000000082c00000, 0x0000000082d00000|  0%| F|  |TAMS 0x0000000082c00000, 0x0000000082c00000| Untracked 
|  45|0x0000000082d00000, 0x0000000082d00000, 0x0000000082e00000|  0%| F|  |TAMS 0x0000000082d00000, 0x0000000082d00000| Untracked 
|  46|0x0000000082e00000, 0x0000000082e00000, 0x0000000082f00000|  0%| F|  |TAMS 0x0000000082e00000, 0x0000000082e00000| Untracked 
|  47|0x0000000082f00000, 0x0000000082f00000, 0x0000000083000000|  0%| F|  |TAMS 0x0000000082f00000, 0x0000000082f00000| Untracked 
|  48|0x0000000083000000, 0x0000000083000000, 0x0000000083100000|  0%| F|  |TAMS 0x0000000083000000, 0x0000000083000000| Untracked 
|  49|0x0000000083100000, 0x0000000083100000, 0x0000000083200000|  0%| F|  |TAMS 0x0000000083100000, 0x0000000083100000| Untracked 
|  50|0x0000000083200000, 0x0000000083200000, 0x0000000083300000|  0%| F|  |TAMS 0x0000000083200000, 0x0000000083200000| Untracked 
|  51|0x0000000083300000, 0x0000000083300000, 0x0000000083400000|  0%| F|  |TAMS 0x0000000083300000, 0x0000000083300000| Untracked 
|  52|0x0000000083400000, 0x0000000083400000, 0x0000000083500000|  0%| F|  |TAMS 0x0000000083400000, 0x0000000083400000| Untracked 
|  53|0x0000000083500000, 0x0000000083500000, 0x0000000083600000|  0%| F|  |TAMS 0x0000000083500000, 0x0000000083500000| Untracked 
|  54|0x0000000083600000, 0x0000000083600000, 0x0000000083700000|  0%| F|  |TAMS 0x0000000083600000, 0x0000000083600000| Untracked 
|  55|0x0000000083700000, 0x0000000083700000, 0x0000000083800000|  0%| F|  |TAMS 0x0000000083700000, 0x0000000083700000| Untracked 
|  56|0x0000000083800000, 0x0000000083800000, 0x0000000083900000|  0%| F|  |TAMS 0x0000000083800000, 0x0000000083800000| Untracked 
|  57|0x0000000083900000, 0x0000000083900000, 0x0000000083a00000|  0%| F|  |TAMS 0x0000000083900000, 0x0000000083900000| Untracked 
|  58|0x0000000083a00000, 0x0000000083a00000, 0x0000000083b00000|  0%| F|  |TAMS 0x0000000083a00000, 0x0000000083a00000| Untracked 
|  59|0x0000000083b00000, 0x0000000083b00000, 0x0000000083c00000|  0%| F|  |TAMS 0x0000000083b00000, 0x0000000083b00000| Untracked 
|  60|0x0000000083c00000, 0x0000000083c00000, 0x0000000083d00000|  0%| F|  |TAMS 0x0000000083c00000, 0x0000000083c00000| Untracked 
|  61|0x0000000083d00000, 0x0000000083d00000, 0x0000000083e00000|  0%| F|  |TAMS 0x0000000083d00000, 0x0000000083d00000| Untracked 
|  62|0x0000000083e00000, 0x0000000083e00000, 0x0000000083f00000|  0%| F|  |TAMS 0x0000000083e00000, 0x0000000083e00000| Untracked 
|  63|0x0000000083f00000, 0x0000000083f00000, 0x0000000084000000|  0%| F|  |TAMS 0x0000000083f00000, 0x0000000083f00000| Untracked 
|  64|0x0000000084000000, 0x0000000084000000, 0x0000000084100000|  0%| F|  |TAMS 0x0000000084000000, 0x0000000084000000| Untracked 
|  65|0x0000000084100000, 0x0000000084100000, 0x0000000084200000|  0%| F|  |TAMS 0x0000000084100000, 0x0000000084100000| Untracked 
|  66|0x0000000084200000, 0x0000000084200000, 0x0000000084300000|  0%| F|  |TAMS 0x0000000084200000, 0x0000000084200000| Untracked 
|  67|0x0000000084300000, 0x0000000084300000, 0x0000000084400000|  0%| F|  |TAMS 0x0000000084300000, 0x0000000084300000| Untracked 
|  68|0x0000000084400000, 0x0000000084400000, 0x0000000084500000|  0%| F|  |TAMS 0x0000000084400000, 0x0000000084400000| Untracked 
|  69|0x0000000084500000, 0x0000000084500000, 0x0000000084600000|  0%| F|  |TAMS 0x0000000084500000, 0x0000000084500000| Untracked 
|  70|0x0000000084600000, 0x0000000084600000, 0x0000000084700000|  0%| F|  |TAMS 0x0000000084600000, 0x0000000084600000| Untracked 
|  71|0x0000000084700000, 0x0000000084700000, 0x0000000084800000|  0%| F|  |TAMS 0x0000000084700000, 0x0000000084700000| Untracked 
|  72|0x0000000084800000, 0x0000000084800000, 0x0000000084900000|  0%| F|  |TAMS 0x0000000084800000, 0x0000000084800000| Untracked 
|  73|0x0000000084900000, 0x0000000084900000, 0x0000000084a00000|  0%| F|  |TAMS 0x0000000084900000, 0x0000000084900000| Untracked 
|  74|0x0000000084a00000, 0x0000000084a00000, 0x0000000084b00000|  0%| F|  |TAMS 0x0000000084a00000, 0x0000000084a00000| Untracked 
|  75|0x0000000084b00000, 0x0000000084b00000, 0x0000000084c00000|  0%| F|  |TAMS 0x0000000084b00000, 0x0000000084b00000| Untracked 
|  76|0x0000000084c00000, 0x0000000084c00000, 0x0000000084d00000|  0%| F|  |TAMS 0x0000000084c00000, 0x0000000084c00000| Untracked 
|  77|0x0000000084d00000, 0x0000000084d00000, 0x0000000084e00000|  0%| F|  |TAMS 0x0000000084d00000, 0x0000000084d00000| Untracked 
|  78|0x0000000084e00000, 0x0000000084e00000, 0x0000000084f00000|  0%| F|  |TAMS 0x0000000084e00000, 0x0000000084e00000| Untracked 
|  79|0x0000000084f00000, 0x0000000084f00000, 0x0000000085000000|  0%| F|  |TAMS 0x0000000084f00000, 0x0000000084f00000| Untracked 
|  80|0x0000000085000000, 0x0000000085000000, 0x0000000085100000|  0%| F|  |TAMS 0x0000000085000000, 0x0000000085000000| Untracked 
|  81|0x0000000085100000, 0x0000000085100000, 0x0000000085200000|  0%| F|  |TAMS 0x0000000085100000, 0x0000000085100000| Untracked 
|  82|0x0000000085200000, 0x0000000085200000, 0x0000000085300000|  0%| F|  |TAMS 0x0000000085200000, 0x0000000085200000| Untracked 
|  83|0x0000000085300000, 0x0000000085300000, 0x0000000085400000|  0%| F|  |TAMS 0x0000000085300000, 0x0000000085300000| Untracked 
|  84|0x0000000085400000, 0x0000000085400000, 0x0000000085500000|  0%| F|  |TAMS 0x0000000085400000, 0x0000000085400000| Untracked 
|  85|0x0000000085500000, 0x0000000085500000, 0x0000000085600000|  0%| F|  |TAMS 0x0000000085500000, 0x0000000085500000| Untracked 
|  86|0x0000000085600000, 0x0000000085600000, 0x0000000085700000|  0%| F|  |TAMS 0x0000000085600000, 0x0000000085600000| Untracked 
|  87|0x0000000085700000, 0x0000000085700000, 0x0000000085800000|  0%| F|  |TAMS 0x0000000085700000, 0x0000000085700000| Untracked 
|  88|0x0000000085800000, 0x0000000085800000, 0x0000000085900000|  0%| F|  |TAMS 0x0000000085800000, 0x0000000085800000| Untracked 
|  89|0x0000000085900000, 0x0000000085900000, 0x0000000085a00000|  0%| F|  |TAMS 0x0000000085900000, 0x0000000085900000| Untracked 
|  90|0x0000000085a00000, 0x0000000085a00000, 0x0000000085b00000|  0%| F|  |TAMS 0x0000000085a00000, 0x0000000085a00000| Untracked 
|  91|0x0000000085b00000, 0x0000000085b00000, 0x0000000085c00000|  0%| F|  |TAMS 0x0000000085b00000, 0x0000000085b00000| Untracked 
|  92|0x0000000085c00000, 0x0000000085c00000, 0x0000000085d00000|  0%| F|  |TAMS 0x0000000085c00000, 0x0000000085c00000| Untracked 
|  93|0x0000000085d00000, 0x0000000085d00000, 0x0000000085e00000|  0%| F|  |TAMS 0x0000000085d00000, 0x0000000085d00000| Untracked 
|  94|0x0000000085e00000, 0x0000000085e00000, 0x0000000085f00000|  0%| F|  |TAMS 0x0000000085e00000, 0x0000000085e00000| Untracked 
|  95|0x0000000085f00000, 0x0000000085f00000, 0x0000000086000000|  0%| F|  |TAMS 0x0000000085f00000, 0x0000000085f00000| Untracked 
|  96|0x0000000086000000, 0x0000000086000000, 0x0000000086100000|  0%| F|  |TAMS 0x0000000086000000, 0x0000000086000000| Untracked 
|  97|0x0000000086100000, 0x0000000086100000, 0x0000000086200000|  0%| F|  |TAMS 0x0000000086100000, 0x0000000086100000| Untracked 
|  98|0x0000000086200000, 0x0000000086200000, 0x0000000086300000|  0%| F|  |TAMS 0x0000000086200000, 0x0000000086200000| Untracked 
|  99|0x0000000086300000, 0x0000000086300000, 0x0000000086400000|  0%| F|  |TAMS 0x0000000086300000, 0x0000000086300000| Untracked 
| 100|0x0000000086400000, 0x0000000086400000, 0x0000000086500000|  0%| F|  |TAMS 0x0000000086400000, 0x0000000086400000| Untracked 
| 101|0x0000000086500000, 0x0000000086500000, 0x0000000086600000|  0%| F|  |TAMS 0x0000000086500000, 0x0000000086500000| Untracked 
| 102|0x0000000086600000, 0x0000000086600000, 0x0000000086700000|  0%| F|  |TAMS 0x0000000086600000, 0x0000000086600000| Untracked 
| 103|0x0000000086700000, 0x0000000086700000, 0x0000000086800000|  0%| F|  |TAMS 0x0000000086700000, 0x0000000086700000| Untracked 
| 104|0x0000000086800000, 0x0000000086800000, 0x0000000086900000|  0%| F|  |TAMS 0x0000000086800000, 0x0000000086800000| Untracked 
| 105|0x0000000086900000, 0x0000000086900000, 0x0000000086a00000|  0%| F|  |TAMS 0x0000000086900000, 0x0000000086900000| Untracked 
| 106|0x0000000086a00000, 0x0000000086a00000, 0x0000000086b00000|  0%| F|  |TAMS 0x0000000086a00000, 0x0000000086a00000| Untracked 
| 107|0x0000000086b00000, 0x0000000086b00000, 0x0000000086c00000|  0%| F|  |TAMS 0x0000000086b00000, 0x0000000086b00000| Untracked 
| 108|0x0000000086c00000, 0x0000000086c00000, 0x0000000086d00000|  0%| F|  |TAMS 0x0000000086c00000, 0x0000000086c00000| Untracked 
| 109|0x0000000086d00000, 0x0000000086d00000, 0x0000000086e00000|  0%| F|  |TAMS 0x0000000086d00000, 0x0000000086d00000| Untracked 
| 110|0x0000000086e00000, 0x0000000086e00000, 0x0000000086f00000|  0%| F|  |TAMS 0x0000000086e00000, 0x0000000086e00000| Untracked 
| 111|0x0000000086f00000, 0x0000000086f00000, 0x0000000087000000|  0%| F|  |TAMS 0x0000000086f00000, 0x0000000086f00000| Untracked 
| 112|0x0000000087000000, 0x0000000087000000, 0x0000000087100000|  0%| F|  |TAMS 0x0000000087000000, 0x0000000087000000| Untracked 
| 113|0x0000000087100000, 0x0000000087100000, 0x0000000087200000|  0%| F|  |TAMS 0x0000000087100000, 0x0000000087100000| Untracked 
| 114|0x0000000087200000, 0x0000000087200000, 0x0000000087300000|  0%| F|  |TAMS 0x0000000087200000, 0x0000000087200000| Untracked 
| 115|0x0000000087300000, 0x00000000873c5068, 0x0000000087400000| 76%| E|  |TAMS 0x0000000087300000, 0x0000000087300000| Complete 
| 116|0x0000000087400000, 0x0000000087500000, 0x0000000087500000|100%| E|CS|TAMS 0x0000000087400000, 0x0000000087400000| Complete 
| 117|0x0000000087500000, 0x0000000087600000, 0x0000000087600000|100%| E|CS|TAMS 0x0000000087500000, 0x0000000087500000| Complete 
| 118|0x0000000087600000, 0x0000000087700000, 0x0000000087700000|100%| E|CS|TAMS 0x0000000087600000, 0x0000000087600000| Complete 
| 119|0x0000000087700000, 0x0000000087800000, 0x0000000087800000|100%| E|CS|TAMS 0x0000000087700000, 0x0000000087700000| Complete 
| 120|0x0000000087800000, 0x0000000087900000, 0x0000000087900000|100%| E|CS|TAMS 0x0000000087800000, 0x0000000087800000| Complete 
| 121|0x0000000087900000, 0x0000000087a00000, 0x0000000087a00000|100%| E|CS|TAMS 0x0000000087900000, 0x0000000087900000| Complete 
| 122|0x0000000087a00000, 0x0000000087af85c0, 0x0000000087b00000| 97%| S|CS|TAMS 0x0000000087a00000, 0x0000000087a00000| Complete 
| 123|0x0000000087b00000, 0x0000000087c00000, 0x0000000087c00000|100%| E|CS|TAMS 0x0000000087b00000, 0x0000000087b00000| Complete 
| 124|0x0000000087c00000, 0x0000000087d00000, 0x0000000087d00000|100%| E|CS|TAMS 0x0000000087c00000, 0x0000000087c00000| Complete 
| 125|0x0000000087d00000, 0x0000000087e00000, 0x0000000087e00000|100%| E|CS|TAMS 0x0000000087d00000, 0x0000000087d00000| Complete 
| 126|0x0000000087e00000, 0x0000000087f00000, 0x0000000087f00000|100%| E|CS|TAMS 0x0000000087e00000, 0x0000000087e00000| Complete 
| 127|0x0000000087f00000, 0x0000000088000000, 0x0000000088000000|100%| E|CS|TAMS 0x0000000087f00000, 0x0000000087f00000| Complete 

Card table byte_map: [0x0000018df7d60000,0x0000018df8160000] _byte_map_base: 0x0000018df7960000

Marking Bits (Prev, Next): (CMBitMap*) 0x0000018defec2d58, (CMBitMap*) 0x0000018defec2d90
 Prev Bits: [0x0000018df8560000, 0x0000018dfa560000)
 Next Bits: [0x0000018dfa560000, 0x0000018dfc560000)

Polling page: 0x0000018dee4f0000

Metaspace:

Usage:
  Non-class:     10.98 MB capacity,    10.86 MB ( 99%) used,   118.87 KB (  1%) free+waste,    12.06 KB ( <1%) overhead. 
      Class:      1.32 MB capacity,     1.22 MB ( 93%) used,    94.47 KB (  7%) free+waste,     5.25 KB ( <1%) overhead. 
       Both:     12.30 MB capacity,    12.08 MB ( 98%) used,   213.34 KB (  2%) free+waste,    17.31 KB ( <1%) overhead. 

Virtual space:
  Non-class space:       16.00 MB reserved,      11.00 MB ( 69%) committed 
      Class space:        1.00 GB reserved,       1.38 MB ( <1%) committed 
             Both:        1.02 GB reserved,      12.38 MB (  1%) committed 

Chunk freelists:
   Non-Class:  2.00 KB
       Class:  3.50 KB
        Both:  5.50 KB

CodeHeap 'non-profiled nmethods': size=120064Kb used=274Kb max_used=274Kb free=119789Kb
 bounds [0x0000018d87ac0000, 0x0000018d87d30000, 0x0000018d8f000000]
CodeHeap 'profiled nmethods': size=120000Kb used=2225Kb max_used=2225Kb free=117774Kb
 bounds [0x0000018d80590000, 0x0000018d80800000, 0x0000018d87ac0000]
CodeHeap 'non-nmethods': size=5696Kb used=1096Kb max_used=1112Kb free=4599Kb
 bounds [0x0000018d80000000, 0x0000018d80270000, 0x0000018d80590000]
 total_blobs=1428 nmethods=1039 adapters=301
 compilation: enabled
              stopped_count=0, restarted_count=0
 full_count=0

Compilation events (10 events):
Event: 2.955 Thread 0x0000018dfe994000 1009   !   3       sun.nio.cs.StreamDecoder::read0 (116 bytes)
Event: 2.955 Thread 0x0000018dfe994000 nmethod 1009 0x0000018d80798990 code [0x0000018d80798b40, 0x0000018d807990e8]
Event: 2.955 Thread 0x0000018dfe994000 1005       3       java.nio.CharBuffer::<init> (22 bytes)
Event: 2.955 Thread 0x0000018dfe994000 nmethod 1005 0x0000018d80799290 code [0x0000018d80799440, 0x0000018d807995e8]
Event: 2.955 Thread 0x0000018dfe994000 1008   !   3       java.nio.CharBuffer::wrap (20 bytes)
Event: 2.956 Thread 0x0000018dfe994000 nmethod 1008 0x0000018d80799690 code [0x0000018d80799860, 0x0000018d80799c38]
Event: 2.958 Thread 0x0000018dfe994000 1018       3       org.codehaus.plexus.util.xml.pull.MXParser::nextImpl (1202 bytes)
Event: 2.964 Thread 0x0000018dfe994000 nmethod 1018 0x0000018d80799e90 code [0x0000018d8079a580, 0x0000018d8079e038]
Event: 2.964 Thread 0x0000018dfe994000 1019       3       org.codehaus.plexus.util.xml.pull.MXParser::isS (30 bytes)
Event: 2.964 Thread 0x0000018dfe994000 nmethod 1019 0x0000018d8079f190 code [0x0000018d8079f320, 0x0000018d8079f538]

GC Heap History (4 events):
Event: 1.517 GC heap before
{Heap before GC invocations=0 (full 0):
 garbage-first heap   total 131072K, used 6144K [0x0000000080000000, 0x0000000100000000)
  region size 1024K, 7 young (7168K), 0 survivors (0K)
 Metaspace       used 7769K, capacity 7933K, committed 8064K, reserved 1056768K
  class space    used 680K, capacity 772K, committed 896K, reserved 1048576K
}
Event: 1.530 GC heap after
{Heap after GC invocations=1 (full 0):
 garbage-first heap   total 131072K, used 2149K [0x0000000080000000, 0x0000000100000000)
  region size 1024K, 1 young (1024K), 1 survivors (1024K)
 Metaspace       used 7769K, capacity 7933K, committed 8064K, reserved 1056768K
  class space    used 680K, capacity 772K, committed 896K, reserved 1048576K
}
Event: 2.246 GC heap before
{Heap before GC invocations=1 (full 0):
 garbage-first heap   total 131072K, used 7269K [0x0000000080000000, 0x0000000100000000)
  region size 1024K, 6 young (6144K), 1 survivors (1024K)
 Metaspace       used 10268K, capacity 10440K, committed 10624K, reserved 1058816K
  class space    used 963K, capacity 1056K, committed 1152K, reserved 1048576K
}
Event: 2.250 GC heap after
{Heap after GC invocations=2 (full 0):
 garbage-first heap   total 131072K, used 3155K [0x0000000080000000, 0x0000000100000000)
  region size 1024K, 1 young (1024K), 1 survivors (1024K)
 Metaspace       used 10268K, capacity 10440K, committed 10624K, reserved 1058816K
  class space    used 963K, capacity 1056K, committed 1152K, reserved 1048576K
}

Deoptimization events (6 events):
Event: 0.327 Thread 0x0000018defe87000 Uncommon trap: reason=unstable_if action=reinterpret pc=0x0000018d87ac3e10 method=java.lang.String.hashCode()I @ 14 c2
Event: 1.209 Thread 0x0000018defe87000 Uncommon trap: reason=unstable_if action=reinterpret pc=0x0000018d87adc214 method=java.util.zip.ZipFile$Source.isMetaName([BII)Z @ 43 c2
Event: 1.825 Thread 0x0000018defe87000 Uncommon trap: reason=unstable_if action=reinterpret pc=0x0000018d87ac8ad4 method=java.lang.StringLatin1.canEncode(I)Z @ 4 c2
Event: 1.825 Thread 0x0000018defe87000 Uncommon trap: reason=unstable_if action=reinterpret pc=0x0000018d87ac93b8 method=java.lang.AbstractStringBuilder.isLatin1()Z @ 10 c2
Event: 1.836 Thread 0x0000018defe87000 Uncommon trap: reason=unstable_if action=reinterpret pc=0x0000018d87ac75b4 method=java.lang.StringLatin1.canEncode(I)Z @ 4 c2
Event: 2.932 Thread 0x0000018defe87000 Uncommon trap: reason=unstable_if action=reinterpret pc=0x0000018d87afd7e0 method=java.util.HashMap.putVal(ILjava/lang/Object;Ljava/lang/Object;ZZ)Ljava/lang/Object; @ 181 c2

Classes redefined (0 events):
No events

Internal exceptions (10 events):
Event: 0.960 Thread 0x0000018defe87000 Exception <a 'java/lang/NullPointerException'{0x0000000087cb8ec8}> (0x0000000087cb8ec8) thrown at [./open/src/hotspot/share/interpreter/linkResolver.cpp, line 1354]
Event: 1.002 Thread 0x0000018defe87000 Exception <a 'java/lang/NullPointerException'{0x0000000087cffc28}> (0x0000000087cffc28) thrown at [./open/src/hotspot/share/interpreter/linkResolver.cpp, line 1354]
Event: 1.002 Thread 0x0000018defe87000 Exception <a 'java/lang/NullPointerException'{0x0000000087b001a0}> (0x0000000087b001a0) thrown at [./open/src/hotspot/share/interpreter/linkResolver.cpp, line 1354]
Event: 1.002 Thread 0x0000018defe87000 Exception <a 'java/lang/NullPointerException'{0x0000000087b00470}> (0x0000000087b00470) thrown at [./open/src/hotspot/share/interpreter/linkResolver.cpp, line 1354]
Event: 1.007 Thread 0x0000018defe87000 Exception <a 'java/lang/NullPointerException'{0x0000000087b07b10}> (0x0000000087b07b10) thrown at [./open/src/hotspot/share/interpreter/linkResolver.cpp, line 1354]
Event: 1.018 Thread 0x0000018defe87000 Exception <a 'java/lang/NullPointerException'{0x0000000087b1ef68}> (0x0000000087b1ef68) thrown at [./open/src/hotspot/share/interpreter/linkResolver.cpp, line 1354]
Event: 1.018 Thread 0x0000018defe87000 Exception <a 'java/lang/NullPointerException'{0x0000000087b1f238}> (0x0000000087b1f238) thrown at [./open/src/hotspot/share/interpreter/linkResolver.cpp, line 1354]
Event: 1.018 Thread 0x0000018defe87000 Exception <a 'java/lang/NullPointerException'{0x0000000087b1f508}> (0x0000000087b1f508) thrown at [./open/src/hotspot/share/interpreter/linkResolver.cpp, line 1354]
Event: 1.018 Thread 0x0000018defe87000 Exception <a 'java/lang/NullPointerException'{0x0000000087b1f7d8}> (0x0000000087b1f7d8) thrown at [./open/src/hotspot/share/interpreter/linkResolver.cpp, line 1354]
Event: 2.924 Thread 0x0000018defe87000 Exception <a 'java/lang/NoClassDefFoundError'{0x0000000087813bf0}: javax/enterprise/inject/Typed> (0x0000000087813bf0) thrown at [./open/src/hotspot/share/classfile/systemDictionary.cpp, line 215]

Events (10 events):
Event: 2.964 loading class org/eclipse/sisu/plexus/RequirementImpl
Event: 2.964 loading class org/eclipse/sisu/plexus/RequirementImpl done
Event: 2.965 loading class org/codehaus/plexus/component/annotations/Requirement
Event: 2.965 loading class org/codehaus/plexus/component/annotations/Requirement done
Event: 2.965 loading class org/eclipse/sisu/space/NamedClass
Event: 2.965 loading class org/eclipse/sisu/space/NamedClass done
Event: 2.966 loading class org/eclipse/sisu/space/AbstractDeferredClass
Event: 2.966 loading class org/eclipse/sisu/space/AbstractDeferredClass done
Event: 2.967 loading class org/eclipse/sisu/plexus/Hints
Event: 2.967 loading class org/eclipse/sisu/plexus/Hints done


Dynamic libraries:
0x00007ff655df0000 - 0x00007ff655dff000 	C:\Program Files\Java\jdk-11.0.16\bin\java.exe
0x00007ffb1d330000 - 0x00007ffb1d528000 	C:\Windows\SYSTEM32\ntdll.dll
0x00007ffb1cde0000 - 0x00007ffb1ce9d000 	C:\Windows\System32\KERNEL32.DLL
0x00007ffb1b0b0000 - 0x00007ffb1b382000 	C:\Windows\System32\KERNELBASE.dll
0x00007ffb1afb0000 - 0x00007ffb1b0b0000 	C:\Windows\System32\ucrtbase.dll
0x00007ffb02110000 - 0x00007ffb02128000 	C:\Program Files\Java\jdk-11.0.16\bin\jli.dll
0x00007ffb1c0b0000 - 0x00007ffb1c15e000 	C:\Windows\System32\ADVAPI32.dll
0x00007ffb1cab0000 - 0x00007ffb1cb4e000 	C:\Windows\System32\msvcrt.dll
0x00007ffb1beb0000 - 0x00007ffb1bf4c000 	C:\Windows\System32\sechost.dll
0x00007ffb1bae0000 - 0x00007ffb1bc05000 	C:\Windows\System32\RPCRT4.dll
0x00007ffb1bc40000 - 0x00007ffb1bddd000 	C:\Windows\System32\USER32.dll
0x00007ffb1af10000 - 0x00007ffb1af32000 	C:\Windows\System32\win32u.dll
0x00007ffb1bc10000 - 0x00007ffb1bc3b000 	C:\Windows\System32\GDI32.dll
0x00007ffb1add0000 - 0x00007ffb1aedf000 	C:\Windows\System32\gdi32full.dll
0x00007ffb1aca0000 - 0x00007ffb1ad3d000 	C:\Windows\System32\msvcp_win.dll
0x00007ffb020f0000 - 0x00007ffb02105000 	C:\Program Files\Java\jdk-11.0.16\bin\VCRUNTIME140.dll
0x00007ffb02880000 - 0x00007ffb02b1a000 	C:\Windows\WinSxS\amd64_microsoft.windows.common-controls_6595b64144ccf1df_6.0.19041.1110_none_60b5254171f9507e\COMCTL32.dll
0x00007ffb12c40000 - 0x00007ffb12c4a000 	C:\Windows\SYSTEM32\VERSION.dll
0x00007ffb1be80000 - 0x00007ffb1beb0000 	C:\Windows\System32\IMM32.DLL
0x00007ffae03a0000 - 0x00007ffae043b000 	C:\Program Files\Java\jdk-11.0.16\bin\msvcp140.dll
0x00007ffab2df0000 - 0x00007ffab3908000 	C:\Program Files\Java\jdk-11.0.16\bin\server\jvm.dll
0x00007ffb1cb60000 - 0x00007ffb1cb68000 	C:\Windows\System32\PSAPI.DLL
0x00007ffb06da0000 - 0x00007ffb06da9000 	C:\Windows\SYSTEM32\WSOCK32.dll
0x00007ffb1c040000 - 0x00007ffb1c0ab000 	C:\Windows\System32\WS2_32.dll
0x00007ffaf7cf0000 - 0x00007ffaf7d17000 	C:\Windows\SYSTEM32\WINMM.dll
0x00007ffb188e0000 - 0x00007ffb188f2000 	C:\Windows\SYSTEM32\kernel.appcore.dll
0x00007ffb06c60000 - 0x00007ffb06c70000 	C:\Program Files\Java\jdk-11.0.16\bin\verify.dll
0x00007ffb09860000 - 0x00007ffb09a44000 	C:\Windows\SYSTEM32\DBGHELP.DLL
0x00007ffb09830000 - 0x00007ffb0985c000 	C:\Windows\SYSTEM32\dbgcore.DLL
0x00007ffb1ad40000 - 0x00007ffb1adc2000 	C:\Windows\System32\bcryptPrimitives.dll
0x00007ffb01c00000 - 0x00007ffb01c28000 	C:\Program Files\Java\jdk-11.0.16\bin\java.dll
0x00007ffb06c40000 - 0x00007ffb06c4a000 	C:\Program Files\Java\jdk-11.0.16\bin\jimage.dll
0x00007ffafeb50000 - 0x00007ffafeb66000 	C:\Program Files\Java\jdk-11.0.16\bin\zip.dll
0x00007ffb1b390000 - 0x00007ffb1bad3000 	C:\Windows\System32\SHELL32.dll
0x00007ffb18ae0000 - 0x00007ffb19271000 	C:\Windows\SYSTEM32\windows.storage.dll
0x00007ffb1c160000 - 0x00007ffb1c4b4000 	C:\Windows\System32\combase.dll
0x00007ffb1a2e0000 - 0x00007ffb1a310000 	C:\Windows\SYSTEM32\Wldp.dll
0x00007ffb1cf60000 - 0x00007ffb1d00d000 	C:\Windows\System32\SHCORE.dll
0x00007ffb1cd80000 - 0x00007ffb1cdd5000 	C:\Windows\System32\shlwapi.dll
0x00007ffb1a980000 - 0x00007ffb1a99f000 	C:\Windows\SYSTEM32\profapi.dll
0x00007ffafc800000 - 0x00007ffafc819000 	C:\Program Files\Java\jdk-11.0.16\bin\net.dll
0x00007ffb124d0000 - 0x00007ffb125dd000 	C:\Windows\SYSTEM32\WINHTTP.dll
0x00007ffb1a0c0000 - 0x00007ffb1a12a000 	C:\Windows\system32\mswsock.dll
0x00007ffafbbd0000 - 0x00007ffafbbe2000 	C:\Program Files\Java\jdk-11.0.16\bin\nio.dll
0x0000000069ac0000 - 0x0000000069ae4000 	C:\Users\sfjbs\Downloads\micro service-20221001T123314Z-001\micro service\apache-maven-3.8.5-bin\apache-maven-3.8.5\lib\jansi-native\Windows\x86_64\jansi.dll

dbghelp: loaded successfully - version: 4.0.5 - missing functions: none
symbol engine: initialized successfully - sym options: 0x614 - pdb path: .;C:\Program Files\Java\jdk-11.0.16\bin;C:\Windows\SYSTEM32;C:\Windows\WinSxS\amd64_microsoft.windows.common-controls_6595b64144ccf1df_6.0.19041.1110_none_60b5254171f9507e;C:\Program Files\Java\jdk-11.0.16\bin\server;C:\Users\sfjbs\Downloads\micro service-20221001T123314Z-001\micro service\apache-maven-3.8.5-bin\apache-maven-3.8.5\lib\jansi-native\Windows\x86_64

VM Arguments:
jvm_args: -Dclassworlds.conf=C:\Users\sfjbs\Downloads\micro service-20221001T123314Z-001\micro service\apache-maven-3.8.5-bin\apache-maven-3.8.5\bin\m2.conf -Dmaven.home=C:\Users\sfjbs\Downloads\micro service-20221001T123314Z-001\micro service\apache-maven-3.8.5-bin\apache-maven-3.8.5 -Dlibrary.jansi.path=C:\Users\sfjbs\Downloads\micro service-20221001T123314Z-001\micro service\apache-maven-3.8.5-bin\apache-maven-3.8.5\lib\jansi-native -Dmaven.multiModuleProjectDirectory=C:\Users\sfjbs\Downloads\project\Harshad\day13\pension-management-system 
java_command: org.codehaus.plexus.classworlds.launcher.Launcher clean install
java_class_path (initial): C:\Users\sfjbs\Downloads\micro service-20221001T123314Z-001\micro service\apache-maven-3.8.5-bin\apache-maven-3.8.5\boot\plexus-classworlds-2.6.0.jar
Launcher Type: SUN_STANDARD

[Global flags]
     intx CICompilerCount                          = 2                                         {product} {ergonomic}
     uint ConcGCThreads                            = 1                                         {product} {ergonomic}
     uint G1ConcRefinementThreads                  = 2                                         {product} {ergonomic}
   size_t G1HeapRegionSize                         = 1048576                                   {product} {ergonomic}
    uintx GCDrainStackTargetSize                   = 64                                        {product} {ergonomic}
   size_t InitialHeapSize                          = 134217728                                 {product} {ergonomic}
   size_t MarkStackSize                            = 4194304                                   {product} {ergonomic}
   size_t MaxHeapSize                              = 2147483648                                {product} {ergonomic}
   size_t MaxNewSize                               = 1287651328                                {product} {ergonomic}
   size_t MinHeapDeltaBytes                        = 1048576                                   {product} {ergonomic}
    uintx NonNMethodCodeHeapSize                   = 5825164                                {pd product} {ergonomic}
    uintx NonProfiledCodeHeapSize                  = 122916538                              {pd product} {ergonomic}
    uintx ProfiledCodeHeapSize                     = 122916538                              {pd product} {ergonomic}
    uintx ReservedCodeCacheSize                    = 251658240                              {pd product} {ergonomic}
     bool SegmentedCodeCache                       = true                                      {product} {ergonomic}
     bool UseCompressedClassPointers               = true                                 {lp64_product} {ergonomic}
     bool UseCompressedOops                        = true                                 {lp64_product} {ergonomic}
     bool UseG1GC                                  = true                                      {product} {ergonomic}
     bool UseLargePagesIndividualAllocation        = false                                  {pd product} {ergonomic}

Logging:
Log output configuration:
 #0: stdout all=warning uptime,level,tags
 #1: stderr all=off uptime,level,tags

Environment Variables:
PATH=C:\Program Files\Common Files\Oracle\Java\javapath;C:\Windows\system32;C:\Windows;C:\Windows\System32\Wbem;C:\Windows\System32\WindowsPowerShell\v1.0\;C:\Windows\System32\OpenSSH\;C:\Users\sfjbs\Downloads\micro service-20221001T123314Z-001\micro service\apache-maven-3.8.5-bin\apache-maven-3.8.5\bin;C:\Users\sfjbs\Downloads\micro service-20221001T123314Z-001\micro service\apache-maven-3.8.5-bin\apache-maven-3.8.5\lib;C:\Program Files\Docker\Docker\resources\bin;C:\ProgramData\DockerDesktop\version-bin;C:\Program Files\Git\cmd;C:\Users\sfjbs\AppData\Local\Microsoft\WindowsApps;C:\Users\sfjbs\Downloads\micro service-20221001T123314Z-001\micro service\apache-maven-3.8.5-bin\apache-maven-3.8.5\bin;C:\Users\sfjbs\Downloads\micro service-20221001T123314Z-001\micro service\apache-maven-3.8.5-bin\apache-maven-3.8.5\lib;;C:\Program Files\JetBrains\IntelliJ IDEA Community Edition 2022.2.1\bin;
USERNAME=sfjbs
OS=Windows_NT
PROCESSOR_IDENTIFIER=Intel64 Family 6 Model 85 Stepping 7, GenuineIntel



---------------  S Y S T E M  ---------------

OS: Windows 10 , 64 bit Build 19041 (10.0.19041.1889)
Hyper-V role detected

CPU:total 2 (initial active 2) (1 cores per cpu, 2 threads per core) family 6 model 85 stepping 7 microcode 0xffffffff, cmov, cx8, fxsr, mmx, sse, sse2, sse3, ssse3, sse4.1, sse4.2, popcnt, avx, avx2, aes, clmul, erms, rtm, 3dnowpref, lzcnt, ht, tsc, bmi1, bmi2, adx, evex, fma

Memory: 4k page, system-wide physical 8190M (757M free)
TotalPageFile size 10238M (AvailPageFile size 1M)
current process WorkingSet (physical memory assigned to process): 66M, peak: 66M
current process commit charge ("private bytes"): 209M, peak: 209M

vm_info: Java HotSpot(TM) 64-Bit Server VM (11.0.16+11-LTS-199) for windows-amd64 JRE (11.0.16+11-LTS-199), built on Jun 28 2022 08:23:17 by "mach5one" with MS VC++ 15.9 (VS2017)

END.
