#
# There is insufficient memory for the Java Runtime Environment to continue.
# Native memory allocation (malloc) failed to allocate 1272 bytes for AllocateHeap
# Possible reasons:
#   The system is out of physical RAM or swap space
#   The process is running with CompressedOops enabled, and the Java Heap may be blocking the growth of the native heap
# Possible solutions:
#   Reduce memory load on the system
#   Increase physical memory or swap space
#   Check if swap backing store is full
#   Decrease Java heap size (-Xmx/-Xms)
#   Decrease number of Java threads
#   Decrease Java thread stack sizes (-Xss)
#   Set larger code cache with -XX:ReservedCodeCacheSize=
#   JVM is running with Unscaled Compressed Oops mode in which the Java heap is
#     placed in the first 4GB address space. The Java Heap base address is the
#     maximum limit for the native heap growth. Please use -XX:HeapBaseMinAddress
#     to set the Java Heap base and to place the Java Heap above 4GB virtual address.
# This output file may be truncated or incomplete.
#
#  Out of Memory Error (./open/src/hotspot/share/memory/allocation.cpp:46), pid=16796, tid=19336
#
# JRE version: Java(TM) SE Runtime Environment 18.9 (11.0.16+11) (build 11.0.16+11-LTS-199)
# Java VM: Java HotSpot(TM) 64-Bit Server VM 18.9 (11.0.16+11-LTS-199, mixed mode, tiered, compressed oops, g1 gc, windows-amd64)
# No core dump will be written. Minidumps are not enabled by default on client versions of Windows
#

---------------  S U M M A R Y ------------

Command Line: -Xverify:none -XX:TieredStopAtLevel=1 com.eureka.app.gateway.GatwayApplication

Host: Intel(R) Xeon(R) CPU E5-2673 v3 @ 2.40GHz, 2 cores, 7G,  Windows 10 , 64 bit Build 19041 (10.0.19041.1889)
Time: Thu Oct 20 09:56:29 2022 Coordinated Universal Time elapsed time: 552.254317 seconds (0d 0h 9m 12s)

---------------  T H R E A D  ---------------

Current thread (0x00000211bf6af000):  JavaThread "C1 CompilerThread0" daemon [_thread_in_vm, id=19336, stack(0x0000001c71700000,0x0000001c71800000)]


Current CompileTask:
C1: 552254 7496       1       com.fasterxml.jackson.databind.deser.std.MapDeserializer::createContextual (407 bytes)

Stack: [0x0000001c71700000,0x0000001c71800000]
Native frames: (J=compiled Java code, j=interpreted, Vv=VM code, C=native code)
V  [jvm.dll+0x62a3ea]
V  [jvm.dll+0x76418f]
V  [jvm.dll+0x765839]
V  [jvm.dll+0x765ec3]
V  [jvm.dll+0x23da98]
V  [jvm.dll+0xb1494]
V  [jvm.dll+0x618466]
V  [jvm.dll+0x1d13e4]
V  [jvm.dll+0x20d4e5]
V  [jvm.dll+0x602364]
V  [jvm.dll+0x6053f5]
V  [jvm.dll+0x19578b]
V  [jvm.dll+0x11856d]
V  [jvm.dll+0x117734]
V  [jvm.dll+0x119607]
V  [jvm.dll+0x207006]
V  [jvm.dll+0x20519b]
V  [jvm.dll+0x729fa0]
V  [jvm.dll+0x722b74]
V  [jvm.dll+0x629286]
C  [ucrtbase.dll+0x21bb2]
C  [KERNEL32.DLL+0x17034]
C  [ntdll.dll+0x526a1]


---------------  P R O C E S S  ---------------

Threads class SMR info:
_java_thread_list=0x00000211c235abe0, length=32, elements={
0x00000211bf689800, 0x00000211bf68b800, 0x00000211bf6a8000, 0x00000211bf6aa000,
0x00000211bf6ab000, 0x00000211bf6af000, 0x00000211bf6d1000, 0x00000211c011d000,
0x00000211c1e51800, 0x00000211c1fd4800, 0x00000211c1fe7800, 0x00000211c225d000,
0x00000211c2367000, 0x00000211c2325800, 0x00000211c2326800, 0x00000211c058e800,
0x00000211c0041000, 0x00000211c0040800, 0x00000211c0042000, 0x00000211c003f800,
0x00000211c003c000, 0x00000211c0042800, 0x00000211c003d000, 0x00000211c003e000,
0x00000211c003e800, 0x00000211c20e2000, 0x00000211c20e7000, 0x00000211c20e1000,
0x00000211c20e3000, 0x00000211c20e6000, 0x00000211c20e7800, 0x00000211c20e3800
}

Java Threads: ( => current thread )
  0x00000211bf689800 JavaThread "Reference Handler" daemon [_thread_blocked, id=16352, stack(0x0000001c71200000,0x0000001c71300000)]
  0x00000211bf68b800 JavaThread "Finalizer" daemon [_thread_blocked, id=19216, stack(0x0000001c71300000,0x0000001c71400000)]
  0x00000211bf6a8000 JavaThread "Signal Dispatcher" daemon [_thread_blocked, id=11600, stack(0x0000001c71400000,0x0000001c71500000)]
  0x00000211bf6aa000 JavaThread "Attach Listener" daemon [_thread_blocked, id=19196, stack(0x0000001c71500000,0x0000001c71600000)]
  0x00000211bf6ab000 JavaThread "Service Thread" daemon [_thread_blocked, id=17924, stack(0x0000001c71600000,0x0000001c71700000)]
=>0x00000211bf6af000 JavaThread "C1 CompilerThread0" daemon [_thread_in_vm, id=19336, stack(0x0000001c71700000,0x0000001c71800000)]
  0x00000211bf6d1000 JavaThread "Sweeper thread" daemon [_thread_blocked, id=15236, stack(0x0000001c71800000,0x0000001c71900000)]
  0x00000211c011d000 JavaThread "Common-Cleaner" daemon [_thread_blocked, id=19268, stack(0x0000001c71a00000,0x0000001c71b00000)]
  0x00000211c1e51800 JavaThread "Catalina-utility-1" [_thread_blocked, id=8416, stack(0x0000001c71c00000,0x0000001c71d00000)]
  0x00000211c1fd4800 JavaThread "Catalina-utility-2" [_thread_blocked, id=7704, stack(0x0000001c71d00000,0x0000001c71e00000)]
  0x00000211c1fe7800 JavaThread "container-0" [_thread_blocked, id=16620, stack(0x0000001c71e00000,0x0000001c71f00000)]
  0x00000211c225d000 JavaThread "spring.cloud.inetutils" daemon [_thread_blocked, id=17284, stack(0x0000001c71f00000,0x0000001c72000000)]
  0x00000211c2367000 JavaThread "AsyncResolver-bootstrap-0" daemon [_thread_blocked, id=8796, stack(0x0000001c72000000,0x0000001c72100000)]
  0x00000211c2325800 JavaThread "DiscoveryClient-0" daemon [_thread_blocked, id=16800, stack(0x0000001c72100000,0x0000001c72200000)]
  0x00000211c2326800 JavaThread "DiscoveryClient-1" daemon [_thread_blocked, id=7596, stack(0x0000001c72200000,0x0000001c72300000)]
  0x00000211c058e800 JavaThread "DiscoveryClient-InstanceInfoReplicator-0" daemon [_thread_blocked, id=16468, stack(0x0000001c72300000,0x0000001c72400000)]
  0x00000211c0041000 JavaThread "http-nio-9091-exec-1" daemon [_thread_blocked, id=8200, stack(0x0000001c72400000,0x0000001c72500000)]
  0x00000211c0040800 JavaThread "http-nio-9091-exec-2" daemon [_thread_blocked, id=16320, stack(0x0000001c72500000,0x0000001c72600000)]
  0x00000211c0042000 JavaThread "http-nio-9091-exec-3" daemon [_thread_blocked, id=17480, stack(0x0000001c72600000,0x0000001c72700000)]
  0x00000211c003f800 JavaThread "http-nio-9091-exec-4" daemon [_thread_blocked, id=18968, stack(0x0000001c72700000,0x0000001c72800000)]
  0x00000211c003c000 JavaThread "http-nio-9091-exec-5" daemon [_thread_blocked, id=19460, stack(0x0000001c72800000,0x0000001c72900000)]
  0x00000211c0042800 JavaThread "http-nio-9091-exec-6" daemon [_thread_blocked, id=19464, stack(0x0000001c72900000,0x0000001c72a00000)]
  0x00000211c003d000 JavaThread "http-nio-9091-exec-7" daemon [_thread_blocked, id=19496, stack(0x0000001c72a00000,0x0000001c72b00000)]
  0x00000211c003e000 JavaThread "http-nio-9091-exec-8" daemon [_thread_blocked, id=19500, stack(0x0000001c72b00000,0x0000001c72c00000)]
  0x00000211c003e800 JavaThread "http-nio-9091-exec-9" daemon [_thread_blocked, id=19504, stack(0x0000001c72c00000,0x0000001c72d00000)]
  0x00000211c20e2000 JavaThread "http-nio-9091-exec-10" daemon [_thread_blocked, id=19508, stack(0x0000001c72d00000,0x0000001c72e00000)]
  0x00000211c20e7000 JavaThread "http-nio-9091-Poller" daemon [_thread_in_native, id=19512, stack(0x0000001c72e00000,0x0000001c72f00000)]
  0x00000211c20e1000 JavaThread "http-nio-9091-Acceptor" daemon [_thread_in_native, id=19516, stack(0x0000001c72f00000,0x0000001c73000000)]
  0x00000211c20e3000 JavaThread "DiscoveryClient-HeartbeatExecutor-0" daemon [_thread_in_native, id=19708, stack(0x0000001c73000000,0x0000001c73100000)]
  0x00000211c20e6000 JavaThread "DestroyJavaVM" [_thread_blocked, id=17708, stack(0x0000001c70a00000,0x0000001c70b00000)]
  0x00000211c20e7800 JavaThread "DiscoveryClient-CacheRefreshExecutor-0" daemon [_thread_blocked, id=20188, stack(0x0000001c73300000,0x0000001c73400000)]
  0x00000211c20e3800 JavaThread "AsyncResolver-bootstrap-executor-0" daemon [_thread_blocked, id=20336, stack(0x0000001c73100000,0x0000001c73200000)]

Other Threads:
  0x00000211bf685800 VMThread "VM Thread" [stack: 0x0000001c71100000,0x0000001c71200000] [id=9524]
  0x00000211c011c000 WatcherThread [stack: 0x0000001c71900000,0x0000001c71a00000] [id=8356]
  0x00000211a23d9000 GCTaskThread "GC Thread#0" [stack: 0x0000001c70c00000,0x0000001c70d00000] [id=16228]
  0x00000211c052c800 GCTaskThread "GC Thread#1" [stack: 0x0000001c71b00000,0x0000001c71c00000] [id=16464]
  0x00000211a2409000 ConcurrentGCThread "G1 Main Marker" [stack: 0x0000001c70d00000,0x0000001c70e00000] [id=18164]
  0x00000211a240a800 ConcurrentGCThread "G1 Conc#0" [stack: 0x0000001c70e00000,0x0000001c70f00000] [id=19264]
  0x00000211a2492800 ConcurrentGCThread "G1 Refine#0" [stack: 0x0000001c70f00000,0x0000001c71000000] [id=18912]
  0x00000211a2493800 ConcurrentGCThread "G1 Young RemSet Sampling" [stack: 0x0000001c71000000,0x0000001c71100000] [id=15264]

Threads with active compile tasks:
C1 CompilerThread0   552323 7496       1       com.fasterxml.jackson.databind.deser.std.MapDeserializer::createContextual (407 bytes)

VM state:not at safepoint (normal execution)

VM Mutex/Monitor currently owned by a thread:  ([mutex/lock_event])
[0x00000211a23be080] CodeCache_lock - owner thread: 0x00000211bf6af000
[0x00000211a23c03b0] Compile_lock - owner thread: 0x00000211bf6af000
[0x00000211a23bec10] MethodCompileQueue_lock - owner thread: 0x00000211bf6af000

Heap address: 0x0000000080000000, size: 2048 MB, Compressed Oops mode: 32-bit
Narrow klass base: 0x0000000000000000, Narrow klass shift: 3
Compressed class space size: 1073741824 Address: 0x0000000100000000

Heap:
 garbage-first heap   total 195584K, used 37230K [0x0000000080000000, 0x0000000100000000)
  region size 1024K, 16 young (16384K), 6 survivors (6144K)
 Metaspace       used 47204K, capacity 48992K, committed 49104K, reserved 1091584K
  class space    used 6177K, capacity 6893K, committed 6988K, reserved 1048576K
Heap Regions: E=young(eden), S=young(survivor), O=old, HS=humongous(starts), HC=humongous(continues), CS=collection set, F=free, A=archive, TAMS=top-at-mark-start (previous, next)
|   0|0x0000000080000000, 0x0000000080100000, 0x0000000080100000|100%| O|  |TAMS 0x0000000080100000, 0x0000000080000000| Untracked 
|   1|0x0000000080100000, 0x0000000080200000, 0x0000000080200000|100%| O|  |TAMS 0x0000000080200000, 0x0000000080100000| Untracked 
|   2|0x0000000080200000, 0x0000000080300000, 0x0000000080300000|100%| O|  |TAMS 0x0000000080300000, 0x0000000080200000| Untracked 
|   3|0x0000000080300000, 0x0000000080400000, 0x0000000080400000|100%| O|  |TAMS 0x0000000080400000, 0x0000000080300000| Untracked 
|   4|0x0000000080400000, 0x0000000080500000, 0x0000000080500000|100%| O|  |TAMS 0x0000000080500000, 0x0000000080400000| Untracked 
|   5|0x0000000080500000, 0x0000000080600000, 0x0000000080600000|100%| O|  |TAMS 0x0000000080600000, 0x0000000080500000| Untracked 
|   6|0x0000000080600000, 0x0000000080700000, 0x0000000080700000|100%| O|  |TAMS 0x0000000080700000, 0x0000000080600000| Untracked 
|   7|0x0000000080700000, 0x0000000080800000, 0x0000000080800000|100%| O|  |TAMS 0x0000000080800000, 0x0000000080700000| Untracked 
|   8|0x0000000080800000, 0x0000000080900000, 0x0000000080900000|100%| O|  |TAMS 0x0000000080900000, 0x0000000080800000| Untracked 
|   9|0x0000000080900000, 0x0000000080a00000, 0x0000000080a00000|100%| O|  |TAMS 0x0000000080a00000, 0x0000000080900000| Untracked 
|  10|0x0000000080a00000, 0x0000000080b00000, 0x0000000080b00000|100%| O|  |TAMS 0x0000000080b00000, 0x0000000080a00000| Untracked 
|  11|0x0000000080b00000, 0x0000000080c00000, 0x0000000080c00000|100%| O|  |TAMS 0x0000000080c00000, 0x0000000080b00000| Untracked 
|  12|0x0000000080c00000, 0x0000000080d00000, 0x0000000080d00000|100%| O|  |TAMS 0x0000000080d00000, 0x0000000080c00000| Untracked 
|  13|0x0000000080d00000, 0x0000000080e00000, 0x0000000080e00000|100%| O|  |TAMS 0x0000000080d1e200, 0x0000000080d00000| Untracked 
|  14|0x0000000080e00000, 0x0000000080f00000, 0x0000000080f00000|100%| O|  |TAMS 0x0000000080e00000, 0x0000000080e00000| Untracked 
|  15|0x0000000080f00000, 0x0000000081000000, 0x0000000081000000|100%| O|  |TAMS 0x0000000080f00000, 0x0000000080f00000| Untracked 
|  16|0x0000000081000000, 0x0000000081100000, 0x0000000081100000|100%| O|  |TAMS 0x0000000081000000, 0x0000000081000000| Untracked 
|  17|0x0000000081100000, 0x0000000081200000, 0x0000000081200000|100%| O|  |TAMS 0x0000000081100000, 0x0000000081100000| Untracked 
|  18|0x0000000081200000, 0x0000000081300000, 0x0000000081300000|100%| O|  |TAMS 0x0000000081200000, 0x0000000081200000| Untracked 
|  19|0x0000000081300000, 0x0000000081400000, 0x0000000081400000|100%| O|  |TAMS 0x0000000081300000, 0x0000000081300000| Untracked 
|  20|0x0000000081400000, 0x0000000081500000, 0x0000000081500000|100%| O|  |TAMS 0x0000000081400000, 0x0000000081400000| Untracked 
|  21|0x0000000081500000, 0x000000008155b800, 0x0000000081600000| 35%| O|  |TAMS 0x0000000081500000, 0x0000000081500000| Untracked 
|  22|0x0000000081600000, 0x0000000081600000, 0x0000000081700000|  0%| F|  |TAMS 0x0000000081600000, 0x0000000081600000| Untracked 
|  23|0x0000000081700000, 0x0000000081700000, 0x0000000081800000|  0%| F|  |TAMS 0x0000000081700000, 0x0000000081700000| Untracked 
|  24|0x0000000081800000, 0x0000000081800000, 0x0000000081900000|  0%| F|  |TAMS 0x0000000081800000, 0x0000000081800000| Untracked 
|  25|0x0000000081900000, 0x0000000081900000, 0x0000000081a00000|  0%| F|  |TAMS 0x0000000081900000, 0x0000000081900000| Untracked 
|  26|0x0000000081a00000, 0x0000000081a00000, 0x0000000081b00000|  0%| F|  |TAMS 0x0000000081a00000, 0x0000000081a00000| Untracked 
|  27|0x0000000081b00000, 0x0000000081b00000, 0x0000000081c00000|  0%| F|  |TAMS 0x0000000081b00000, 0x0000000081b00000| Untracked 
|  28|0x0000000081c00000, 0x0000000081c00000, 0x0000000081d00000|  0%| F|  |TAMS 0x0000000081c00000, 0x0000000081c00000| Untracked 
|  29|0x0000000081d00000, 0x0000000081d00000, 0x0000000081e00000|  0%| F|  |TAMS 0x0000000081d00000, 0x0000000081d00000| Untracked 
|  30|0x0000000081e00000, 0x0000000081e00000, 0x0000000081f00000|  0%| F|  |TAMS 0x0000000081e00000, 0x0000000081e00000| Untracked 
|  31|0x0000000081f00000, 0x0000000081f00000, 0x0000000082000000|  0%| F|  |TAMS 0x0000000081f00000, 0x0000000081f00000| Untracked 
|  32|0x0000000082000000, 0x0000000082000000, 0x0000000082100000|  0%| F|  |TAMS 0x0000000082000000, 0x0000000082000000| Untracked 
|  33|0x0000000082100000, 0x0000000082100000, 0x0000000082200000|  0%| F|  |TAMS 0x0000000082100000, 0x0000000082100000| Untracked 
|  34|0x0000000082200000, 0x0000000082200000, 0x0000000082300000|  0%| F|  |TAMS 0x0000000082200000, 0x0000000082200000| Untracked 
|  35|0x0000000082300000, 0x0000000082300000, 0x0000000082400000|  0%| F|  |TAMS 0x0000000082300000, 0x0000000082300000| Untracked 
|  36|0x0000000082400000, 0x0000000082400000, 0x0000000082500000|  0%| F|  |TAMS 0x0000000082400000, 0x0000000082400000| Untracked 
|  37|0x0000000082500000, 0x0000000082500000, 0x0000000082600000|  0%| F|  |TAMS 0x0000000082500000, 0x0000000082500000| Untracked 
|  38|0x0000000082600000, 0x0000000082600000, 0x0000000082700000|  0%| F|  |TAMS 0x0000000082600000, 0x0000000082600000| Untracked 
|  39|0x0000000082700000, 0x0000000082700000, 0x0000000082800000|  0%| F|  |TAMS 0x0000000082700000, 0x0000000082700000| Untracked 
|  40|0x0000000082800000, 0x0000000082800000, 0x0000000082900000|  0%| F|  |TAMS 0x0000000082800000, 0x0000000082800000| Untracked 
|  41|0x0000000082900000, 0x0000000082900000, 0x0000000082a00000|  0%| F|  |TAMS 0x0000000082900000, 0x0000000082900000| Untracked 
|  42|0x0000000082a00000, 0x0000000082a00000, 0x0000000082b00000|  0%| F|  |TAMS 0x0000000082a00000, 0x0000000082a00000| Untracked 
|  43|0x0000000082b00000, 0x0000000082b00000, 0x0000000082c00000|  0%| F|  |TAMS 0x0000000082b00000, 0x0000000082b00000| Untracked 
|  44|0x0000000082c00000, 0x0000000082c00000, 0x0000000082d00000|  0%| F|  |TAMS 0x0000000082c00000, 0x0000000082c00000| Untracked 
|  45|0x0000000082d00000, 0x0000000082d00000, 0x0000000082e00000|  0%| F|  |TAMS 0x0000000082d00000, 0x0000000082d00000| Untracked 
|  46|0x0000000082e00000, 0x0000000082e00000, 0x0000000082f00000|  0%| F|  |TAMS 0x0000000082e00000, 0x0000000082e00000| Untracked 
|  47|0x0000000082f00000, 0x0000000082f00000, 0x0000000083000000|  0%| F|  |TAMS 0x0000000082f00000, 0x0000000082f00000| Untracked 
|  48|0x0000000083000000, 0x0000000083000000, 0x0000000083100000|  0%| F|  |TAMS 0x0000000083000000, 0x0000000083000000| Untracked 
|  49|0x0000000083100000, 0x0000000083100000, 0x0000000083200000|  0%| F|  |TAMS 0x0000000083100000, 0x0000000083100000| Untracked 
|  50|0x0000000083200000, 0x0000000083200000, 0x0000000083300000|  0%| F|  |TAMS 0x0000000083200000, 0x0000000083200000| Untracked 
|  51|0x0000000083300000, 0x0000000083300000, 0x0000000083400000|  0%| F|  |TAMS 0x0000000083300000, 0x0000000083300000| Untracked 
|  52|0x0000000083400000, 0x0000000083400000, 0x0000000083500000|  0%| F|  |TAMS 0x0000000083400000, 0x0000000083400000| Untracked 
|  53|0x0000000083500000, 0x0000000083500000, 0x0000000083600000|  0%| F|  |TAMS 0x0000000083500000, 0x0000000083500000| Untracked 
|  54|0x0000000083600000, 0x0000000083600000, 0x0000000083700000|  0%| F|  |TAMS 0x0000000083600000, 0x0000000083600000| Untracked 
|  55|0x0000000083700000, 0x0000000083700000, 0x0000000083800000|  0%| F|  |TAMS 0x0000000083700000, 0x0000000083700000| Untracked 
|  56|0x0000000083800000, 0x0000000083800000, 0x0000000083900000|  0%| F|  |TAMS 0x0000000083800000, 0x0000000083800000| Untracked 
|  57|0x0000000083900000, 0x0000000083900000, 0x0000000083a00000|  0%| F|  |TAMS 0x0000000083900000, 0x0000000083900000| Untracked 
|  58|0x0000000083a00000, 0x0000000083a00000, 0x0000000083b00000|  0%| F|  |TAMS 0x0000000083a00000, 0x0000000083a00000| Untracked 
|  59|0x0000000083b00000, 0x0000000083b00000, 0x0000000083c00000|  0%| F|  |TAMS 0x0000000083b00000, 0x0000000083b00000| Untracked 
|  60|0x0000000083c00000, 0x0000000083c00000, 0x0000000083d00000|  0%| F|  |TAMS 0x0000000083c00000, 0x0000000083c00000| Untracked 
|  61|0x0000000083d00000, 0x0000000083d00000, 0x0000000083e00000|  0%| F|  |TAMS 0x0000000083d00000, 0x0000000083d00000| Untracked 
|  62|0x0000000083e00000, 0x0000000083e00000, 0x0000000083f00000|  0%| F|  |TAMS 0x0000000083e00000, 0x0000000083e00000| Untracked 
|  63|0x0000000083f00000, 0x0000000083f00000, 0x0000000084000000|  0%| F|  |TAMS 0x0000000083f00000, 0x0000000083f00000| Untracked 
|  64|0x0000000084000000, 0x0000000084000000, 0x0000000084100000|  0%| F|  |TAMS 0x0000000084000000, 0x0000000084000000| Untracked 
|  65|0x0000000084100000, 0x0000000084100000, 0x0000000084200000|  0%| F|  |TAMS 0x0000000084100000, 0x0000000084100000| Untracked 
|  66|0x0000000084200000, 0x0000000084200000, 0x0000000084300000|  0%| F|  |TAMS 0x0000000084200000, 0x0000000084200000| Untracked 
|  67|0x0000000084300000, 0x0000000084300000, 0x0000000084400000|  0%| F|  |TAMS 0x0000000084300000, 0x0000000084300000| Untracked 
|  68|0x0000000084400000, 0x0000000084400000, 0x0000000084500000|  0%| F|  |TAMS 0x0000000084400000, 0x0000000084400000| Untracked 
|  69|0x0000000084500000, 0x0000000084500000, 0x0000000084600000|  0%| F|  |TAMS 0x0000000084500000, 0x0000000084500000| Untracked 
|  70|0x0000000084600000, 0x0000000084600000, 0x0000000084700000|  0%| F|  |TAMS 0x0000000084600000, 0x0000000084600000| Untracked 
|  71|0x0000000084700000, 0x0000000084800000, 0x0000000084800000|100%| S|CS|TAMS 0x0000000084700000, 0x0000000084700000| Complete 
|  72|0x0000000084800000, 0x0000000084900000, 0x0000000084900000|100%| S|CS|TAMS 0x0000000084800000, 0x0000000084800000| Complete 
|  73|0x0000000084900000, 0x0000000084a00000, 0x0000000084a00000|100%| S|CS|TAMS 0x0000000084900000, 0x0000000084900000| Complete 
|  74|0x0000000084a00000, 0x0000000084b00000, 0x0000000084b00000|100%| S|CS|TAMS 0x0000000084a00000, 0x0000000084a00000| Complete 
|  75|0x0000000084b00000, 0x0000000084c00000, 0x0000000084c00000|100%| S|CS|TAMS 0x0000000084b00000, 0x0000000084b00000| Complete 
|  76|0x0000000084c00000, 0x0000000084d00000, 0x0000000084d00000|100%| S|CS|TAMS 0x0000000084c00000, 0x0000000084c00000| Complete 
|  77|0x0000000084d00000, 0x0000000084d00000, 0x0000000084e00000|  0%| F|  |TAMS 0x0000000084d00000, 0x0000000084d00000| Untracked 
|  78|0x0000000084e00000, 0x0000000084e00000, 0x0000000084f00000|  0%| F|  |TAMS 0x0000000084e00000, 0x0000000084e00000| Untracked 
|  79|0x0000000084f00000, 0x0000000084f00000, 0x0000000085000000|  0%| F|  |TAMS 0x0000000084f00000, 0x0000000084f00000| Untracked 
|  80|0x0000000085000000, 0x0000000085000000, 0x0000000085100000|  0%| F|  |TAMS 0x0000000085000000, 0x0000000085000000| Untracked 
|  81|0x0000000085100000, 0x0000000085100000, 0x0000000085200000|  0%| F|  |TAMS 0x0000000085100000, 0x0000000085100000| Untracked 
|  82|0x0000000085200000, 0x0000000085200000, 0x0000000085300000|  0%| F|  |TAMS 0x0000000085200000, 0x0000000085200000| Untracked 
|  83|0x0000000085300000, 0x0000000085300000, 0x0000000085400000|  0%| F|  |TAMS 0x0000000085300000, 0x0000000085300000| Untracked 
|  84|0x0000000085400000, 0x0000000085400000, 0x0000000085500000|  0%| F|  |TAMS 0x0000000085400000, 0x0000000085400000| Untracked 
|  85|0x0000000085500000, 0x0000000085500000, 0x0000000085600000|  0%| F|  |TAMS 0x0000000085500000, 0x0000000085500000| Untracked 
|  86|0x0000000085600000, 0x0000000085600000, 0x0000000085700000|  0%| F|  |TAMS 0x0000000085600000, 0x0000000085600000| Untracked 
|  87|0x0000000085700000, 0x0000000085700000, 0x0000000085800000|  0%| F|  |TAMS 0x0000000085700000, 0x0000000085700000| Untracked 
|  88|0x0000000085800000, 0x0000000085800000, 0x0000000085900000|  0%| F|  |TAMS 0x0000000085800000, 0x0000000085800000| Untracked 
|  89|0x0000000085900000, 0x0000000085900000, 0x0000000085a00000|  0%| F|  |TAMS 0x0000000085900000, 0x0000000085900000| Untracked 
|  90|0x0000000085a00000, 0x0000000085a00000, 0x0000000085b00000|  0%| F|  |TAMS 0x0000000085a00000, 0x0000000085a00000| Untracked 
|  91|0x0000000085b00000, 0x0000000085b00000, 0x0000000085c00000|  0%| F|  |TAMS 0x0000000085b00000, 0x0000000085b00000| Untracked 
|  92|0x0000000085c00000, 0x0000000085c00000, 0x0000000085d00000|  0%| F|  |TAMS 0x0000000085c00000, 0x0000000085c00000| Untracked 
|  93|0x0000000085d00000, 0x0000000085d00000, 0x0000000085e00000|  0%| F|  |TAMS 0x0000000085d00000, 0x0000000085d00000| Untracked 
|  94|0x0000000085e00000, 0x0000000085e00000, 0x0000000085f00000|  0%| F|  |TAMS 0x0000000085e00000, 0x0000000085e00000| Untracked 
|  95|0x0000000085f00000, 0x0000000085f00000, 0x0000000086000000|  0%| F|  |TAMS 0x0000000085f00000, 0x0000000085f00000| Untracked 
|  96|0x0000000086000000, 0x0000000086000000, 0x0000000086100000|  0%| F|  |TAMS 0x0000000086000000, 0x0000000086000000| Untracked 
|  97|0x0000000086100000, 0x0000000086100000, 0x0000000086200000|  0%| F|  |TAMS 0x0000000086100000, 0x0000000086100000| Untracked 
|  98|0x0000000086200000, 0x0000000086200000, 0x0000000086300000|  0%| F|  |TAMS 0x0000000086200000, 0x0000000086200000| Untracked 
|  99|0x0000000086300000, 0x0000000086300000, 0x0000000086400000|  0%| F|  |TAMS 0x0000000086300000, 0x0000000086300000| Untracked 
| 100|0x0000000086400000, 0x0000000086400000, 0x0000000086500000|  0%| F|  |TAMS 0x0000000086400000, 0x0000000086400000| Untracked 
| 101|0x0000000086500000, 0x0000000086500000, 0x0000000086600000|  0%| F|  |TAMS 0x0000000086500000, 0x0000000086500000| Untracked 
| 102|0x0000000086600000, 0x0000000086600000, 0x0000000086700000|  0%| F|  |TAMS 0x0000000086600000, 0x0000000086600000| Untracked 
| 103|0x0000000086700000, 0x0000000086700000, 0x0000000086800000|  0%| F|  |TAMS 0x0000000086700000, 0x0000000086700000| Untracked 
| 104|0x0000000086800000, 0x0000000086800000, 0x0000000086900000|  0%| F|  |TAMS 0x0000000086800000, 0x0000000086800000| Untracked 
| 105|0x0000000086900000, 0x0000000086900000, 0x0000000086a00000|  0%| F|  |TAMS 0x0000000086900000, 0x0000000086900000| Untracked 
| 106|0x0000000086a00000, 0x0000000086a00000, 0x0000000086b00000|  0%| F|  |TAMS 0x0000000086a00000, 0x0000000086a00000| Untracked 
| 107|0x0000000086b00000, 0x0000000086b00000, 0x0000000086c00000|  0%| F|  |TAMS 0x0000000086b00000, 0x0000000086b00000| Untracked 
| 108|0x0000000086c00000, 0x0000000086c00000, 0x0000000086d00000|  0%| F|  |TAMS 0x0000000086c00000, 0x0000000086c00000| Untracked 
| 109|0x0000000086d00000, 0x0000000086d00000, 0x0000000086e00000|  0%| F|  |TAMS 0x0000000086d00000, 0x0000000086d00000| Untracked 
| 110|0x0000000086e00000, 0x0000000086e00000, 0x0000000086f00000|  0%| F|  |TAMS 0x0000000086e00000, 0x0000000086e00000| Untracked 
| 111|0x0000000086f00000, 0x0000000086f00000, 0x0000000087000000|  0%| F|  |TAMS 0x0000000086f00000, 0x0000000086f00000| Untracked 
| 112|0x0000000087000000, 0x0000000087000000, 0x0000000087100000|  0%| F|  |TAMS 0x0000000087000000, 0x0000000087000000| Untracked 
| 113|0x0000000087100000, 0x0000000087100000, 0x0000000087200000|  0%| F|  |TAMS 0x0000000087100000, 0x0000000087100000| Untracked 
| 114|0x0000000087200000, 0x0000000087200000, 0x0000000087300000|  0%| F|  |TAMS 0x0000000087200000, 0x0000000087200000| Untracked 
| 115|0x0000000087300000, 0x0000000087300000, 0x0000000087400000|  0%| F|  |TAMS 0x0000000087300000, 0x0000000087300000| Untracked 
| 116|0x0000000087400000, 0x0000000087400000, 0x0000000087500000|  0%| F|  |TAMS 0x0000000087400000, 0x0000000087400000| Untracked 
| 117|0x0000000087500000, 0x0000000087500000, 0x0000000087600000|  0%| F|  |TAMS 0x0000000087500000, 0x0000000087500000| Untracked 
| 118|0x0000000087600000, 0x0000000087600000, 0x0000000087700000|  0%| F|  |TAMS 0x0000000087600000, 0x0000000087600000| Untracked 
| 119|0x0000000087700000, 0x0000000087700000, 0x0000000087800000|  0%| F|  |TAMS 0x0000000087700000, 0x0000000087700000| Untracked 
| 120|0x0000000087800000, 0x0000000087800000, 0x0000000087900000|  0%| F|  |TAMS 0x0000000087800000, 0x0000000087800000| Untracked 
| 121|0x0000000087900000, 0x0000000087900000, 0x0000000087a00000|  0%| F|  |TAMS 0x0000000087900000, 0x0000000087900000| Untracked 
| 122|0x0000000087a00000, 0x0000000087a00000, 0x0000000087b00000|  0%| F|  |TAMS 0x0000000087a00000, 0x0000000087a00000| Untracked 
| 123|0x0000000087b00000, 0x0000000087b00000, 0x0000000087c00000|  0%| F|  |TAMS 0x0000000087b00000, 0x0000000087b00000| Untracked 
| 124|0x0000000087c00000, 0x0000000087c00000, 0x0000000087d00000|  0%| F|  |TAMS 0x0000000087c00000, 0x0000000087c00000| Untracked 
| 125|0x0000000087d00000, 0x0000000087d00000, 0x0000000087e00000|  0%| F|  |TAMS 0x0000000087d00000, 0x0000000087d00000| Untracked 
| 126|0x0000000087e00000, 0x0000000087e00000, 0x0000000087f00000|  0%| F|  |TAMS 0x0000000087e00000, 0x0000000087e00000| Untracked 
| 127|0x0000000087f00000, 0x0000000087f00000, 0x0000000088000000|  0%| F|  |TAMS 0x0000000087f00000, 0x0000000087f00000| Untracked 
| 128|0x0000000088000000, 0x0000000088000000, 0x0000000088100000|  0%| F|  |TAMS 0x0000000088000000, 0x0000000088000000| Untracked 
| 129|0x0000000088100000, 0x0000000088100000, 0x0000000088200000|  0%| F|  |TAMS 0x0000000088100000, 0x0000000088100000| Untracked 
| 130|0x0000000088200000, 0x0000000088200000, 0x0000000088300000|  0%| F|  |TAMS 0x0000000088200000, 0x0000000088200000| Untracked 
| 131|0x0000000088300000, 0x0000000088300000, 0x0000000088400000|  0%| F|  |TAMS 0x0000000088300000, 0x0000000088300000| Untracked 
| 132|0x0000000088400000, 0x0000000088400000, 0x0000000088500000|  0%| F|  |TAMS 0x0000000088400000, 0x0000000088400000| Untracked 
| 133|0x0000000088500000, 0x0000000088500000, 0x0000000088600000|  0%| F|  |TAMS 0x0000000088500000, 0x0000000088500000| Untracked 
| 134|0x0000000088600000, 0x0000000088600000, 0x0000000088700000|  0%| F|  |TAMS 0x0000000088600000, 0x0000000088600000| Untracked 
| 135|0x0000000088700000, 0x0000000088700000, 0x0000000088800000|  0%| F|  |TAMS 0x0000000088700000, 0x0000000088700000| Untracked 
| 136|0x0000000088800000, 0x0000000088800000, 0x0000000088900000|  0%| F|  |TAMS 0x0000000088800000, 0x0000000088800000| Untracked 
| 137|0x0000000088900000, 0x0000000088900000, 0x0000000088a00000|  0%| F|  |TAMS 0x0000000088900000, 0x0000000088900000| Untracked 
| 138|0x0000000088a00000, 0x0000000088a00000, 0x0000000088b00000|  0%| F|  |TAMS 0x0000000088a00000, 0x0000000088a00000| Untracked 
| 139|0x0000000088b00000, 0x0000000088b00000, 0x0000000088c00000|  0%| F|  |TAMS 0x0000000088b00000, 0x0000000088b00000| Untracked 
| 140|0x0000000088c00000, 0x0000000088c00000, 0x0000000088d00000|  0%| F|  |TAMS 0x0000000088c00000, 0x0000000088c00000| Untracked 
| 141|0x0000000088d00000, 0x0000000088d00000, 0x0000000088e00000|  0%| F|  |TAMS 0x0000000088d00000, 0x0000000088d00000| Untracked 
| 142|0x0000000088e00000, 0x0000000088e00000, 0x0000000088f00000|  0%| F|  |TAMS 0x0000000088e00000, 0x0000000088e00000| Untracked 
| 143|0x0000000088f00000, 0x0000000088f00000, 0x0000000089000000|  0%| F|  |TAMS 0x0000000088f00000, 0x0000000088f00000| Untracked 
| 144|0x0000000089000000, 0x0000000089000000, 0x0000000089100000|  0%| F|  |TAMS 0x0000000089000000, 0x0000000089000000| Untracked 
| 145|0x0000000089100000, 0x0000000089100000, 0x0000000089200000|  0%| F|  |TAMS 0x0000000089100000, 0x0000000089100000| Untracked 
| 146|0x0000000089200000, 0x0000000089200000, 0x0000000089300000|  0%| F|  |TAMS 0x0000000089200000, 0x0000000089200000| Untracked 
| 147|0x0000000089300000, 0x0000000089300000, 0x0000000089400000|  0%| F|  |TAMS 0x0000000089300000, 0x0000000089300000| Untracked 
| 148|0x0000000089400000, 0x0000000089400000, 0x0000000089500000|  0%| F|  |TAMS 0x0000000089400000, 0x0000000089400000| Untracked 
| 149|0x0000000089500000, 0x0000000089500000, 0x0000000089600000|  0%| F|  |TAMS 0x0000000089500000, 0x0000000089500000| Untracked 
| 150|0x0000000089600000, 0x0000000089600000, 0x0000000089700000|  0%| F|  |TAMS 0x0000000089600000, 0x0000000089600000| Untracked 
| 151|0x0000000089700000, 0x0000000089700000, 0x0000000089800000|  0%| F|  |TAMS 0x0000000089700000, 0x0000000089700000| Untracked 
| 152|0x0000000089800000, 0x0000000089800000, 0x0000000089900000|  0%| F|  |TAMS 0x0000000089800000, 0x0000000089800000| Untracked 
| 153|0x0000000089900000, 0x0000000089900000, 0x0000000089a00000|  0%| F|  |TAMS 0x0000000089900000, 0x0000000089900000| Untracked 
| 154|0x0000000089a00000, 0x0000000089a00000, 0x0000000089b00000|  0%| F|  |TAMS 0x0000000089a00000, 0x0000000089a00000| Untracked 
| 155|0x0000000089b00000, 0x0000000089b00000, 0x0000000089c00000|  0%| F|  |TAMS 0x0000000089b00000, 0x0000000089b00000| Untracked 
| 156|0x0000000089c00000, 0x0000000089c00000, 0x0000000089d00000|  0%| F|  |TAMS 0x0000000089c00000, 0x0000000089c00000| Untracked 
| 157|0x0000000089d00000, 0x0000000089d00000, 0x0000000089e00000|  0%| F|  |TAMS 0x0000000089d00000, 0x0000000089d00000| Untracked 
| 158|0x0000000089e00000, 0x0000000089e00000, 0x0000000089f00000|  0%| F|  |TAMS 0x0000000089e00000, 0x0000000089e00000| Untracked 
| 159|0x0000000089f00000, 0x0000000089f00000, 0x000000008a000000|  0%| F|  |TAMS 0x0000000089f00000, 0x0000000089f00000| Untracked 
| 160|0x000000008a000000, 0x000000008a000000, 0x000000008a100000|  0%| F|  |TAMS 0x000000008a000000, 0x000000008a000000| Untracked 
| 161|0x000000008a100000, 0x000000008a100000, 0x000000008a200000|  0%| F|  |TAMS 0x000000008a100000, 0x000000008a100000| Untracked 
| 162|0x000000008a200000, 0x000000008a200000, 0x000000008a300000|  0%| F|  |TAMS 0x000000008a200000, 0x000000008a200000| Untracked 
| 163|0x000000008a300000, 0x000000008a300000, 0x000000008a400000|  0%| F|  |TAMS 0x000000008a300000, 0x000000008a300000| Untracked 
| 164|0x000000008a400000, 0x000000008a400000, 0x000000008a500000|  0%| F|  |TAMS 0x000000008a400000, 0x000000008a400000| Untracked 
| 165|0x000000008a500000, 0x000000008a500000, 0x000000008a600000|  0%| F|  |TAMS 0x000000008a500000, 0x000000008a500000| Untracked 
| 166|0x000000008a600000, 0x000000008a600000, 0x000000008a700000|  0%| F|  |TAMS 0x000000008a600000, 0x000000008a600000| Untracked 
| 167|0x000000008a700000, 0x000000008a700000, 0x000000008a800000|  0%| F|  |TAMS 0x000000008a700000, 0x000000008a700000| Untracked 
| 168|0x000000008a800000, 0x000000008a800000, 0x000000008a900000|  0%| F|  |TAMS 0x000000008a800000, 0x000000008a800000| Untracked 
| 169|0x000000008a900000, 0x000000008a900000, 0x000000008aa00000|  0%| F|  |TAMS 0x000000008a900000, 0x000000008a900000| Untracked 
| 170|0x000000008aa00000, 0x000000008aa00000, 0x000000008ab00000|  0%| F|  |TAMS 0x000000008aa00000, 0x000000008aa00000| Untracked 
| 171|0x000000008ab00000, 0x000000008ab00000, 0x000000008ac00000|  0%| F|  |TAMS 0x000000008ab00000, 0x000000008ab00000| Untracked 
| 172|0x000000008ac00000, 0x000000008ac00000, 0x000000008ad00000|  0%| F|  |TAMS 0x000000008ac00000, 0x000000008ac00000| Untracked 
| 173|0x000000008ad00000, 0x000000008ad00000, 0x000000008ae00000|  0%| F|  |TAMS 0x000000008ad00000, 0x000000008ad00000| Untracked 
| 174|0x000000008ae00000, 0x000000008ae00000, 0x000000008af00000|  0%| F|  |TAMS 0x000000008ae00000, 0x000000008ae00000| Untracked 
| 175|0x000000008af00000, 0x000000008af00000, 0x000000008b000000|  0%| F|  |TAMS 0x000000008af00000, 0x000000008af00000| Untracked 
| 176|0x000000008b000000, 0x000000008b000000, 0x000000008b100000|  0%| F|  |TAMS 0x000000008b000000, 0x000000008b000000| Untracked 
| 177|0x000000008b100000, 0x000000008b100000, 0x000000008b200000|  0%| F|  |TAMS 0x000000008b100000, 0x000000008b100000| Untracked 
| 178|0x000000008b200000, 0x000000008b200000, 0x000000008b300000|  0%| F|  |TAMS 0x000000008b200000, 0x000000008b200000| Untracked 
| 179|0x000000008b300000, 0x000000008b300000, 0x000000008b400000|  0%| F|  |TAMS 0x000000008b300000, 0x000000008b300000| Untracked 
| 180|0x000000008b400000, 0x000000008b400000, 0x000000008b500000|  0%| F|  |TAMS 0x000000008b400000, 0x000000008b400000| Untracked 
| 181|0x000000008b500000, 0x000000008b600000, 0x000000008b600000|100%| E|  |TAMS 0x000000008b500000, 0x000000008b500000| Complete 
| 182|0x000000008b600000, 0x000000008b700000, 0x000000008b700000|100%| E|CS|TAMS 0x000000008b600000, 0x000000008b600000| Complete 
| 183|0x000000008b700000, 0x000000008b800000, 0x000000008b800000|100%| E|CS|TAMS 0x000000008b700000, 0x000000008b700000| Complete 
| 184|0x000000008b800000, 0x000000008b900000, 0x000000008b900000|100%| E|CS|TAMS 0x000000008b800000, 0x000000008b800000| Complete 
| 185|0x000000008b900000, 0x000000008ba00000, 0x000000008ba00000|100%| E|CS|TAMS 0x000000008b900000, 0x000000008b900000| Complete 
| 186|0x000000008ba00000, 0x000000008bb00000, 0x000000008bb00000|100%| E|CS|TAMS 0x000000008ba00000, 0x000000008ba00000| Complete 
| 187|0x000000008bb00000, 0x000000008bc00000, 0x000000008bc00000|100%| E|CS|TAMS 0x000000008bb00000, 0x000000008bb00000| Complete 
| 188|0x000000008bc00000, 0x000000008bd00000, 0x000000008bd00000|100%| E|CS|TAMS 0x000000008bc00000, 0x000000008bc00000| Complete 
| 189|0x000000008bd00000, 0x000000008be00000, 0x000000008be00000|100%| E|CS|TAMS 0x000000008bd00000, 0x000000008bd00000| Complete 
| 190|0x000000008be00000, 0x000000008bf00000, 0x000000008bf00000|100%| E|CS|TAMS 0x000000008be00000, 0x000000008be00000| Complete 

Card table byte_map: [0x00000211b8a70000,0x00000211b8e70000] _byte_map_base: 0x00000211b8670000

Marking Bits (Prev, Next): (CMBitMap*) 0x00000211a24004c8, (CMBitMap*) 0x00000211a2400500
 Prev Bits: [0x00000211b9270000, 0x00000211bb270000)
 Next Bits: [0x00000211bb270000, 0x00000211bd270000)

Polling page: 0x00000211a02a0000

Metaspace:

Usage:
  Non-class:     41.11 MB capacity,    40.07 MB ( 97%) used,   871.57 KB (  2%) free+waste,   200.06 KB ( <1%) overhead. 
      Class:      6.73 MB capacity,     6.03 MB ( 90%) used,   612.01 KB (  9%) free+waste,   103.88 KB (  2%) overhead. 
       Both:     47.84 MB capacity,    46.10 MB ( 96%) used,     1.45 MB (  3%) free+waste,   303.94 KB ( <1%) overhead. 

Virtual space:
  Non-class space:       42.00 MB reserved,      41.13 MB ( 98%) committed 
      Class space:        1.00 GB reserved,       6.82 MB ( <1%) committed 
             Both:        1.04 GB reserved,      47.95 MB (  4%) committed 

Chunk freelists:
   Non-Class:  2.13 KB
       Class:  0 bytes
        Both:  2.13 KB

CodeHeap 'non-profiled nmethods': size=239488Kb used=12316Kb max_used=12316Kb free=227171Kb
 bounds [0x00000211aa090000, 0x00000211aaca0000, 0x00000211b8a70000]
CodeHeap 'non-nmethods': size=6272Kb used=1185Kb max_used=1185Kb free=5086Kb
 bounds [0x00000211a9a70000, 0x00000211a9ce0000, 0x00000211aa090000]
 total_blobs=8032 nmethods=7495 adapters=462
 compilation: enabled
              stopped_count=0, restarted_count=0
 full_count=0

Compilation events (10 events):
Event: 552.156 Thread 0x00000211bf6af000 nmethod 7491 0x00000211aac92210 code [0x00000211aac923c0, 0x00000211aac924d8]
Event: 552.156 Thread 0x00000211bf6af000 7492       1       com.fasterxml.jackson.databind.deser.impl.JavaUtilCollectionsDeserializers::_findUtilCollectionsImmutableTypeName (21 bytes)
Event: 552.156 Thread 0x00000211bf6af000 nmethod 7492 0x00000211aac92590 code [0x00000211aac92740, 0x00000211aac92858]
Event: 552.156 Thread 0x00000211bf6af000 7493       1       com.fasterxml.jackson.databind.module.SimpleDeserializers::findEnumDeserializer (72 bytes)
Event: 552.157 Thread 0x00000211bf6af000 nmethod 7493 0x00000211aac92910 code [0x00000211aac92b40, 0x00000211aac930b8]
Event: 552.157 Thread 0x00000211bf6af000 7494       1       com.fasterxml.jackson.databind.deser.AbstractDeserializer::createContextual (284 bytes)
Event: 552.160 Thread 0x00000211bf6af000 nmethod 7494 0x00000211aac93390 code [0x00000211aac93720, 0x00000211aac94618]
Event: 552.160 Thread 0x00000211bf6af000 7495       1       com.fasterxml.jackson.databind.deser.AbstractDeserializer::<init> (63 bytes)
Event: 552.161 Thread 0x00000211bf6af000 nmethod 7495 0x00000211aac95210 code [0x00000211aac953a0, 0x00000211aac955f8]
Event: 552.161 Thread 0x00000211bf6af000 7496       1       com.fasterxml.jackson.databind.deser.std.MapDeserializer::createContextual (407 bytes)

GC Heap History (10 events):
Event: 9.542 GC heap before
{Heap before GC invocations=10 (full 0):
 garbage-first heap   total 195584K, used 19781K [0x0000000080000000, 0x0000000100000000)
  region size 1024K, 13 young (13312K), 12 survivors (12288K)
 Metaspace       used 34670K, capacity 35864K, committed 36048K, reserved 1081344K
  class space    used 4406K, capacity 4900K, committed 4940K, reserved 1048576K
}
Event: 9.583 GC heap after
{Heap after GC invocations=11 (full 0):
 garbage-first heap   total 195584K, used 20088K [0x0000000080000000, 0x0000000100000000)
  region size 1024K, 7 young (7168K), 7 survivors (7168K)
 Metaspace       used 34670K, capacity 35864K, committed 36048K, reserved 1081344K
  class space    used 4406K, capacity 4900K, committed 4940K, reserved 1048576K
}
Event: 11.835 GC heap before
{Heap before GC invocations=12 (full 0):
 garbage-first heap   total 195584K, used 113272K [0x0000000080000000, 0x0000000100000000)
  region size 1024K, 98 young (100352K), 7 survivors (7168K)
 Metaspace       used 38494K, capacity 40039K, committed 40144K, reserved 1083392K
  class space    used 5011K, capacity 5666K, committed 5708K, reserved 1048576K
}
Event: 11.873 GC heap after
{Heap after GC invocations=13 (full 0):
 garbage-first heap   total 195584K, used 25720K [0x0000000080000000, 0x0000000100000000)
  region size 1024K, 12 young (12288K), 12 survivors (12288K)
 Metaspace       used 38494K, capacity 40039K, committed 40144K, reserved 1083392K
  class space    used 5011K, capacity 5666K, committed 5708K, reserved 1048576K
}
Event: 45.510 GC heap before
{Heap before GC invocations=13 (full 0):
 garbage-first heap   total 195584K, used 130168K [0x0000000080000000, 0x0000000100000000)
  region size 1024K, 114 young (116736K), 12 survivors (12288K)
 Metaspace       used 46918K, capacity 48696K, committed 48720K, reserved 1091584K
  class space    used 6144K, capacity 6844K, committed 6860K, reserved 1048576K
}
Event: 45.564 GC heap after
{Heap after GC invocations=14 (full 0):
 garbage-first heap   total 195584K, used 28365K [0x0000000080000000, 0x0000000100000000)
  region size 1024K, 10 young (10240K), 10 survivors (10240K)
 Metaspace       used 46918K, capacity 48696K, committed 48720K, reserved 1091584K
  class space    used 6144K, capacity 6844K, committed 6860K, reserved 1048576K
}
Event: 402.433 GC heap before
{Heap before GC invocations=14 (full 0):
 garbage-first heap   total 195584K, used 134861K [0x0000000080000000, 0x0000000100000000)
  region size 1024K, 114 young (116736K), 10 survivors (10240K)
 Metaspace       used 47164K, capacity 48922K, committed 49104K, reserved 1091584K
  class space    used 6176K, capacity 6891K, committed 6988K, reserved 1048576K
}
Event: 402.472 GC heap after
{Heap after GC invocations=15 (full 0):
 garbage-first heap   total 195584K, used 28013K [0x0000000080000000, 0x0000000100000000)
  region size 1024K, 6 young (6144K), 6 survivors (6144K)
 Metaspace       used 47164K, capacity 48922K, committed 49104K, reserved 1091584K
  class space    used 6176K, capacity 6891K, committed 6988K, reserved 1048576K
}
Event: 543.235 GC heap before
{Heap before GC invocations=15 (full 0):
 garbage-first heap   total 195584K, used 138605K [0x0000000080000000, 0x0000000100000000)
  region size 1024K, 114 young (116736K), 6 survivors (6144K)
 Metaspace       used 47204K, capacity 48992K, committed 49104K, reserved 1091584K
  class space    used 6177K, capacity 6893K, committed 6988K, reserved 1048576K
}
Event: 543.259 GC heap after
{Heap after GC invocations=16 (full 0):
 garbage-first heap   total 195584K, used 28014K [0x0000000080000000, 0x0000000100000000)
  region size 1024K, 6 young (6144K), 6 survivors (6144K)
 Metaspace       used 47204K, capacity 48992K, committed 49104K, reserved 1091584K
  class space    used 6177K, capacity 6893K, committed 6988K, reserved 1048576K
}

Deoptimization events (0 events):
No events

Classes redefined (0 events):
No events

Internal exceptions (10 events):
Event: 540.081 Thread 0x00000211c20e3000 Exception <a 'java/net/ConnectException'{0x0000000084e6b760}: Connection refused: connect> (0x0000000084e6b760) thrown at [./open/src/hotspot/share/prims/jni.cpp, line 632]
Event: 541.973 Thread 0x00000211c20e3000 Exception <a 'java/net/ConnectException'{0x0000000084d835f0}: Connection refused: connect> (0x0000000084d835f0) thrown at [./open/src/hotspot/share/prims/jni.cpp, line 632]
Event: 543.273 Thread 0x00000211c20e3000 Exception <a 'java/net/ConnectException'{0x000000008bd5b5a0}: Connection refused: connect> (0x000000008bd5b5a0) thrown at [./open/src/hotspot/share/prims/jni.cpp, line 632]
Event: 544.579 Thread 0x00000211c20e3000 Exception <a 'java/net/ConnectException'{0x000000008bcd7a08}: Connection refused: connect> (0x000000008bcd7a08) thrown at [./open/src/hotspot/share/prims/jni.cpp, line 632]
Event: 545.810 Thread 0x00000211c20e3000 Exception <a 'java/net/ConnectException'{0x000000008bbed820}: Connection refused: connect> (0x000000008bbed820) thrown at [./open/src/hotspot/share/prims/jni.cpp, line 632]
Event: 547.089 Thread 0x00000211c20e3000 Exception <a 'java/net/ConnectException'{0x000000008b904e40}: Connection refused: connect> (0x000000008b904e40) thrown at [./open/src/hotspot/share/prims/jni.cpp, line 632]
Event: 548.478 Thread 0x00000211c20e3000 Exception <a 'java/net/ConnectException'{0x000000008b81aa50}: Connection refused: connect> (0x000000008b81aa50) thrown at [./open/src/hotspot/share/prims/jni.cpp, line 632]
Event: 549.668 Thread 0x00000211c20e3000 Exception <a 'java/net/ConnectException'{0x000000008b7306c0}: Connection refused: connect> (0x000000008b7306c0) thrown at [./open/src/hotspot/share/prims/jni.cpp, line 632]
Event: 550.989 Thread 0x00000211c20e3000 Exception <a 'java/net/ConnectException'{0x000000008b6462d8}: Connection refused: connect> (0x000000008b6462d8) thrown at [./open/src/hotspot/share/prims/jni.cpp, line 632]
Event: 552.155 Thread 0x00000211c20e3000 Exception <a 'java/net/ConnectException'{0x000000008b55e680}: Connection refused: connect> (0x000000008b55e680) thrown at [./open/src/hotspot/share/prims/jni.cpp, line 632]

Events (10 events):
Event: 552.141 loading class com/fasterxml/jackson/datatype/joda$JodaModule
Event: 552.141 loading class com/fasterxml/jackson/datatype/joda$JodaModule done
Event: 552.142 loading class com/fasterxml/jackson/datatype/joda/JodaModule
Event: 552.142 loading class com/fasterxml/jackson/datatype/joda/JodaModule done
Event: 552.142 loading class com/fasterxml/jackson/datatype/joda$JodaModule
Event: 552.142 loading class com/fasterxml/jackson/datatype/joda$JodaModule done
Event: 552.143 loading class com/fasterxml/jackson/datatype/joda/JodaModule
Event: 552.143 loading class com/fasterxml/jackson/datatype/joda/JodaModule done
Event: 552.143 loading class com/fasterxml/jackson/datatype/joda$JodaModule
Event: 552.143 loading class com/fasterxml/jackson/datatype/joda$JodaModule done


Dynamic libraries:
0x00007ff65d830000 - 0x00007ff65d83f000 	C:\Program Files\Java\jdk-11.0.16\bin\java.exe
0x00007ffa64c90000 - 0x00007ffa64e88000 	C:\Windows\SYSTEM32\ntdll.dll
0x00007ffa64270000 - 0x00007ffa6432d000 	C:\Windows\System32\KERNEL32.DLL
0x00007ffa625f0000 - 0x00007ffa628c2000 	C:\Windows\System32\KERNELBASE.dll
0x00007ffa62440000 - 0x00007ffa62540000 	C:\Windows\System32\ucrtbase.dll
0x00007ffa3b9d0000 - 0x00007ffa3b9e8000 	C:\Program Files\Java\jdk-11.0.16\bin\jli.dll
0x00007ffa635d0000 - 0x00007ffa6367e000 	C:\Windows\System32\ADVAPI32.dll
0x00007ffa63380000 - 0x00007ffa6341e000 	C:\Windows\System32\msvcrt.dll
0x00007ffa63e50000 - 0x00007ffa63eec000 	C:\Windows\System32\sechost.dll
0x00007ffa63d20000 - 0x00007ffa63e45000 	C:\Windows\System32\RPCRT4.dll
0x00007ffa630b0000 - 0x00007ffa6324d000 	C:\Windows\System32\USER32.dll
0x00007ffa623a0000 - 0x00007ffa623c2000 	C:\Windows\System32\win32u.dll
0x00007ffa64340000 - 0x00007ffa6436b000 	C:\Windows\System32\GDI32.dll
0x00007ffa62a00000 - 0x00007ffa62b0f000 	C:\Windows\System32\gdi32full.dll
0x00007ffa628d0000 - 0x00007ffa6296d000 	C:\Windows\System32\msvcp_win.dll
0x00007ffa3b250000 - 0x00007ffa3b265000 	C:\Program Files\Java\jdk-11.0.16\bin\VCRUNTIME140.dll
0x00007ffa44b60000 - 0x00007ffa44dfa000 	C:\Windows\WinSxS\amd64_microsoft.windows.common-controls_6595b64144ccf1df_6.0.19041.1110_none_60b5254171f9507e\COMCTL32.dll
0x00007ffa59690000 - 0x00007ffa5969a000 	C:\Windows\SYSTEM32\VERSION.dll
0x00007ffa644b0000 - 0x00007ffa644e0000 	C:\Windows\System32\IMM32.DLL
0x00007ffa093d0000 - 0x00007ffa0946b000 	C:\Program Files\Java\jdk-11.0.16\bin\msvcp140.dll
0x00007ffa048a0000 - 0x00007ffa053b8000 	C:\Program Files\Java\jdk-11.0.16\bin\server\jvm.dll
0x00007ffa64c40000 - 0x00007ffa64c48000 	C:\Windows\System32\PSAPI.DLL
0x00007ffa5bfa0000 - 0x00007ffa5bfa9000 	C:\Windows\SYSTEM32\WSOCK32.dll
0x00007ffa64070000 - 0x00007ffa640db000 	C:\Windows\System32\WS2_32.dll
0x00007ffa42680000 - 0x00007ffa426a7000 	C:\Windows\SYSTEM32\WINMM.dll
0x00007ffa60240000 - 0x00007ffa60252000 	C:\Windows\SYSTEM32\kernel.appcore.dll
0x00007ffa458a0000 - 0x00007ffa458b0000 	C:\Program Files\Java\jdk-11.0.16\bin\verify.dll
0x00007ffa54800000 - 0x00007ffa549e4000 	C:\Windows\SYSTEM32\DBGHELP.DLL
0x00007ffa547b0000 - 0x00007ffa547dc000 	C:\Windows\SYSTEM32\dbgcore.DLL
0x00007ffa62970000 - 0x00007ffa629f2000 	C:\Windows\System32\bcryptPrimitives.dll
0x00007ffa3b220000 - 0x00007ffa3b248000 	C:\Program Files\Java\jdk-11.0.16\bin\java.dll
0x00007ffa440b0000 - 0x00007ffa440ba000 	C:\Program Files\Java\jdk-11.0.16\bin\jimage.dll
0x00007ffa3b200000 - 0x00007ffa3b216000 	C:\Program Files\Java\jdk-11.0.16\bin\zip.dll
0x00007ffa644f0000 - 0x00007ffa64c33000 	C:\Windows\System32\SHELL32.dll
0x00007ffa60440000 - 0x00007ffa60bd1000 	C:\Windows\SYSTEM32\windows.storage.dll
0x00007ffa62d50000 - 0x00007ffa630a4000 	C:\Windows\System32\combase.dll
0x00007ffa61c40000 - 0x00007ffa61c70000 	C:\Windows\SYSTEM32\Wldp.dll
0x00007ffa640e0000 - 0x00007ffa6418d000 	C:\Windows\System32\SHCORE.dll
0x00007ffa63b90000 - 0x00007ffa63be5000 	C:\Windows\System32\shlwapi.dll
0x00007ffa622e0000 - 0x00007ffa622ff000 	C:\Windows\SYSTEM32\profapi.dll
0x00007ffa36af0000 - 0x00007ffa36b09000 	C:\Program Files\Java\jdk-11.0.16\bin\net.dll
0x00007ffa5a110000 - 0x00007ffa5a21d000 	C:\Windows\SYSTEM32\WINHTTP.dll
0x00007ffa61a20000 - 0x00007ffa61a8a000 	C:\Windows\system32\mswsock.dll
0x00007ffa357c0000 - 0x00007ffa357d2000 	C:\Program Files\Java\jdk-11.0.16\bin\nio.dll
0x00007ffa61730000 - 0x00007ffa6176b000 	C:\Windows\SYSTEM32\IPHLPAPI.DLL
0x00007ffa644e0000 - 0x00007ffa644e8000 	C:\Windows\System32\NSI.dll
0x00007ffa5bed0000 - 0x00007ffa5bee7000 	C:\Windows\SYSTEM32\dhcpcsvc6.DLL
0x00007ffa5ae40000 - 0x00007ffa5ae5d000 	C:\Windows\SYSTEM32\dhcpcsvc.DLL
0x00007ffa61770000 - 0x00007ffa6183a000 	C:\Windows\SYSTEM32\DNSAPI.dll
0x00007ffa59580000 - 0x00007ffa5958a000 	C:\Windows\System32\rasadhlp.dll
0x00007ffa5a540000 - 0x00007ffa5a5c0000 	C:\Windows\System32\fwpuclnt.dll
0x00007ffa62b10000 - 0x00007ffa62b37000 	C:\Windows\System32\bcrypt.dll
0x00007ffa4b150000 - 0x00007ffa4b159000 	C:\Program Files\Java\jdk-11.0.16\bin\management.dll
0x00007ffa4a900000 - 0x00007ffa4a90b000 	C:\Program Files\Java\jdk-11.0.16\bin\management_ext.dll
0x00007ffa4f490000 - 0x00007ffa4f4a7000 	C:\Windows\system32\napinsp.dll
0x00007ffa4b0f0000 - 0x00007ffa4b10b000 	C:\Windows\system32\pnrpnsp.dll
0x00007ffa49010000 - 0x00007ffa49025000 	C:\Windows\system32\wshbth.dll
0x00007ffa5b4a0000 - 0x00007ffa5b4bd000 	C:\Windows\system32\NLAapi.dll
0x00007ffa48ff0000 - 0x00007ffa49002000 	C:\Windows\System32\winrnr.dll
0x00007ffa61c80000 - 0x00007ffa61c98000 	C:\Windows\SYSTEM32\CRYPTSP.dll
0x00007ffa61360000 - 0x00007ffa61394000 	C:\Windows\system32\rsaenh.dll
0x00007ffa622a0000 - 0x00007ffa622ce000 	C:\Windows\SYSTEM32\USERENV.dll
0x00007ffa61bb0000 - 0x00007ffa61bbc000 	C:\Windows\SYSTEM32\CRYPTBASE.dll
0x00007ffa37290000 - 0x00007ffa372b5000 	C:\Program Files\Java\jdk-11.0.16\bin\sunec.dll
0x00007ffa5ce00000 - 0x00007ffa5ce0d000 	C:\Program Files\Java\jdk-11.0.16\bin\sunmscapi.dll
0x00007ffa62b40000 - 0x00007ffa62c96000 	C:\Windows\System32\CRYPT32.dll
0x00007ffa61d90000 - 0x00007ffa61db7000 	C:\Windows\SYSTEM32\ncrypt.dll
0x00007ffa61d50000 - 0x00007ffa61d8b000 	C:\Windows\SYSTEM32\NTASN1.dll

dbghelp: loaded successfully - version: 4.0.5 - missing functions: none
symbol engine: initialized successfully - sym options: 0x614 - pdb path: .;C:\Program Files\Java\jdk-11.0.16\bin;C:\Windows\SYSTEM32;C:\Windows\WinSxS\amd64_microsoft.windows.common-controls_6595b64144ccf1df_6.0.19041.1110_none_60b5254171f9507e;C:\Program Files\Java\jdk-11.0.16\bin\server

VM Arguments:
jvm_args: -Xverify:none -XX:TieredStopAtLevel=1 
java_command: com.eureka.app.gateway.GatwayApplication
java_class_path (initial): C:\Users\sfjbs\Desktop\training\Triveni\Day11\eureka-app\gatway-service\target\classes;C:\Users\sfjbs\.m2\repository\org\springframework\boot\spring-boot\2.7.0\spring-boot-2.7.0.jar;C:\Users\sfjbs\.m2\repository\org\springframework\boot\spring-boot-autoconfigure\2.7.0\spring-boot-autoconfigure-2.7.0.jar;C:\Users\sfjbs\.m2\repository\ch\qos\logback\logback-classic\1.2.11\logback-classic-1.2.11.jar;C:\Users\sfjbs\.m2\repository\ch\qos\logback\logback-core\1.2.11\logback-core-1.2.11.jar;C:\Users\sfjbs\.m2\repository\org\apache\logging\log4j\log4j-to-slf4j\2.17.2\log4j-to-slf4j-2.17.2.jar;C:\Users\sfjbs\.m2\repository\org\apache\logging\log4j\log4j-api\2.17.2\log4j-api-2.17.2.jar;C:\Users\sfjbs\.m2\repository\org\slf4j\jul-to-slf4j\1.7.36\jul-to-slf4j-1.7.36.jar;C:\Users\sfjbs\.m2\repository\jakarta\annotation\jakarta.annotation-api\1.3.5\jakarta.annotation-api-1.3.5.jar;C:\Users\sfjbs\.m2\repository\org\yaml\snakeyaml\1.30\snakeyaml-1.30.jar;C:\Users\sfjbs\.m2\repository\org\springframework\boot\spring-boot-actuator-autoconfigure\2.7.0\spring-boot-actuator-autoconfigure-2.7.0.jar;C:\Users\sfjbs\.m2\repository\org\springframework\boot\spring-boot-actuator\2.7.0\spring-boot-actuator-2.7.0.jar;C:\Users\sfjbs\.m2\repository\com\fasterxml\jackson\core\jackson-databind\2.13.3\jackson-databind-2.13.3.jar;C:\Users\sfjbs\.m2\repository\com\fasterxml\jackson\datatype\jackson-datatype-jsr310\2.13.3\jackson-datatype-jsr310-2.13.3.jar;C:\Users\sfjbs\.m2\repository\io\micrometer\micrometer-core\1.9.0\micrometer-core-1.9.0.jar;C:\Users\sfjbs\.m2\repository\org\hdrhistogram\HdrHistogram\2.1.12\HdrHistogram-2.1.12.jar;C:\Users\sfjbs\.m2\repository\org\latencyutils\LatencyUtils\2.0.3\LatencyUtils-2.0.3.jar;C:\Users\sfjbs\.m2\repository\org\springframework\data\spring-data-rest-webmvc\3.7.0\spring-data-rest-webmvc-3.7.0.jar;C:\Users\sfjbs\.m2\repository\org\springframework\data\spring-data-rest-core\3.7.0\spring-data-rest-core-3.7.0.jar;C:\Users\sfjbs\.m2\rep
Launcher Type: SUN_STANDARD

[Global flags]
     bool BytecodeVerificationLocal                = false                                     {product} {command line}
     bool BytecodeVerificationRemote               = false                                     {product} {command line}
     intx CICompilerCount                          = 2                                         {product} {ergonomic}
     uint ConcGCThreads                            = 1                                         {product} {ergonomic}
     uint G1ConcRefinementThreads                  = 2                                         {product} {ergonomic}
   size_t G1HeapRegionSize                         = 1048576                                   {product} {ergonomic}
    uintx GCDrainStackTargetSize                   = 64                                        {product} {ergonomic}
   size_t InitialHeapSize                          = 134217728                                 {product} {ergonomic}
   size_t MarkStackSize                            = 4194304                                   {product} {ergonomic}
   size_t MaxHeapSize                              = 2147483648                                {product} {ergonomic}
   size_t MaxNewSize                               = 1287651328                                {product} {ergonomic}
   size_t MinHeapDeltaBytes                        = 1048576                                   {product} {ergonomic}
    uintx NonNMethodCodeHeapSize                   = 6396312                                {pd product} {ergonomic}
    uintx NonProfiledCodeHeapSize                  = 245261928                              {pd product} {ergonomic}
    uintx ProfiledCodeHeapSize                     = 0                                      {pd product} {ergonomic}
    uintx ReservedCodeCacheSize                    = 251658240                              {pd product} {ergonomic}
     bool SegmentedCodeCache                       = true                                      {product} {ergonomic}
     intx TieredStopAtLevel                        = 1                                         {product} {command line}
     bool UseCompressedClassPointers               = true                                 {lp64_product} {ergonomic}
     bool UseCompressedOops                        = true                                 {lp64_product} {ergonomic}
     bool UseG1GC                                  = true                                      {product} {ergonomic}
     bool UseLargePagesIndividualAllocation        = false                                  {pd product} {ergonomic}

Logging:
Log output configuration:
 #0: stdout all=warning uptime,level,tags
 #1: stderr all=off uptime,level,tags

Environment Variables:
PATH=C:\Program Files\Common Files\Oracle\Java\javapath;C:\Windows\system32;C:\Windows;C:\Windows\System32\Wbem;C:\Windows\System32\WindowsPowerShell\v1.0\;C:\Windows\System32\OpenSSH\;C:\Users\sfjbs\Downloads\micro service-20221001T123314Z-001\micro service\apache-maven-3.8.5-bin\apache-maven-3.8.5\bin;C:\Users\sfjbs\Downloads\micro service-20221001T123314Z-001\micro service\apache-maven-3.8.5-bin\apache-maven-3.8.5\lib;C:\Program Files\Docker\Docker\resources\bin;C:\ProgramData\DockerDesktop\version-bin;C:\Program Files\Git\cmd;C:\Users\sfjbs\AppData\Local\Microsoft\WindowsApps;C:\Users\sfjbs\Downloads\micro service-20221001T123314Z-001\micro service\apache-maven-3.8.5-bin\apache-maven-3.8.5\bin;C:\Users\sfjbs\Downloads\micro service-20221001T123314Z-001\micro service\apache-maven-3.8.5-bin\apache-maven-3.8.5\lib;;C:\Program Files\JetBrains\IntelliJ IDEA Community Edition 2022.2.1\bin;
USERNAME=sfjbs
OS=Windows_NT
PROCESSOR_IDENTIFIER=Intel64 Family 6 Model 63 Stepping 2, GenuineIntel



---------------  S Y S T E M  ---------------

OS: Windows 10 , 64 bit Build 19041 (10.0.19041.1889)
Hyper-V role detected

CPU:total 2 (initial active 2) (1 cores per cpu, 2 threads per core) family 6 model 63 stepping 2 microcode 0xffffffff, cmov, cx8, fxsr, mmx, sse, sse2, sse3, ssse3, sse4.1, sse4.2, popcnt, avx, avx2, aes, clmul, erms, lzcnt, ht, tsc, bmi1, bmi2, fma

Memory: 4k page, system-wide physical 8190M (301M free)
TotalPageFile size 10238M (AvailPageFile size 0M)
current process WorkingSet (physical memory assigned to process): 213M, peak: 278M
current process commit charge ("private bytes"): 335M, peak: 337M

vm_info: Java HotSpot(TM) 64-Bit Server VM (11.0.16+11-LTS-199) for windows-amd64 JRE (11.0.16+11-LTS-199), built on Jun 28 2022 08:23:17 by "mach5one" with MS VC++ 15.9 (VS2017)

END.
