#
# There is insufficient memory for the Java Runtime Environment to continue.
# Native memory allocation (mmap) failed to map 44040192 bytes for Failed to commit area from 0x0000000089a00000 to 0x000000008c400000 of length 44040192.
# Possible reasons:
#   The system is out of physical RAM or swap space
#   The process is running with CompressedOops enabled, and the Java Heap may be blocking the growth of the native heap
# Possible solutions:
#   Reduce memory load on the system
#   Increase physical memory or swap space
#   Check if swap backing store is full
#   Decrease Java heap size (-Xmx/-Xms)
#   Decrease number of Java threads
#   Decrease Java thread stack sizes (-Xss)
#   Set larger code cache with -XX:ReservedCodeCacheSize=
#   JVM is running with Unscaled Compressed Oops mode in which the Java heap is
#     placed in the first 4GB address space. The Java Heap base address is the
#     maximum limit for the native heap growth. Please use -XX:HeapBaseMinAddress
#     to set the Java Heap base and to place the Java Heap above 4GB virtual address.
# This output file may be truncated or incomplete.
#
#  Out of Memory Error (./open/src/hotspot/os/windows/os_windows.cpp:3287), pid=172312, tid=176680
#
# JRE version: Java(TM) SE Runtime Environment 18.9 (11.0.16+11) (build 11.0.16+11-LTS-199)
# Java VM: Java HotSpot(TM) 64-Bit Server VM 18.9 (11.0.16+11-LTS-199, mixed mode, tiered, compressed oops, g1 gc, windows-amd64)
# No core dump will be written. Minidumps are not enabled by default on client versions of Windows
#

---------------  S U M M A R Y ------------

Command Line: -Dclassworlds.conf=C:\Users\sfjbs\Downloads\micro service-20221001T105859Z-001\micro service\apache-maven-3.8.5-bin\apache-maven-3.8.5\bin\m2.conf -Dmaven.home=C:\Users\sfjbs\Downloads\micro service-20221001T105859Z-001\micro service\apache-maven-3.8.5-bin\apache-maven-3.8.5 -Dlibrary.jansi.path=C:\Users\sfjbs\Downloads\micro service-20221001T105859Z-001\micro service\apache-maven-3.8.5-bin\apache-maven-3.8.5\lib\jansi-native -Dmaven.multiModuleProjectDirectory=C:\Users\sfjbs\Documents\eureka-app\eureka-server org.codehaus.plexus.classworlds.launcher.Launcher clean install

Host: Intel(R) Xeon(R) Platinum 8370C CPU @ 2.80GHz, 2 cores, 7G,  Windows 10 , 64 bit Build 19041 (10.0.19041.1889)
Time: Thu Oct 20 09:06:35 2022 Coordinated Universal Time elapsed time: 19.021017 seconds (0d 0h 0m 19s)

---------------  T H R E A D  ---------------

Current thread (0x0000024ebe509000):  VMThread "VM Thread" [stack: 0x000000b573800000,0x000000b573900000] [id=176680]

Stack: [0x000000b573800000,0x000000b573900000]
[error occurred during error reporting (printing stack bounds), id 0xc0000005, EXCEPTION_ACCESS_VIOLATION (0xc0000005) at pc=0x0000024ea80f10e7]

Native frames: (J=compiled Java code, j=interpreted, Vv=VM code, C=native code)
V  [jvm.dll+0x62a3ea]
V  [jvm.dll+0x76418f]
V  [jvm.dll+0x765839]
V  [jvm.dll+0x765e25]
V  [jvm.dll+0x765ddb]
V  [jvm.dll+0x6298d3]
V  [jvm.dll+0x629fe8]
C  [ntdll.dll+0xa241f]
C  [ntdll.dll+0x514a4]
C  [ntdll.dll+0xa0f4e]
C  0x0000024ea80f10e7

VM_Operation (0x000000b573ffe940): CollectForMetadataAllocation, mode: safepoint, requested by thread 0x0000024ebe535000


---------------  P R O C E S S  ---------------

Threads class SMR info:
_java_thread_list=0x0000024ec1908230, length=10, elements={
0x0000024ea0a16800, 0x0000024ebe50c800, 0x0000024ebe516800, 0x0000024ebe528800,
0x0000024ebe52b800, 0x0000024ebe52e000, 0x0000024ebe530800, 0x0000024ebe535000,
0x0000024ebeef6000, 0x0000024ebeef6800
}

Java Threads: ( => current thread )
  0x0000024ea0a16800 JavaThread "main" [_thread_blocked, id=177108, stack(0x000000b573200000,0x000000b573300000)]
  0x0000024ebe50c800 JavaThread "Reference Handler" daemon [_thread_blocked, id=175624, stack(0x000000b573900000,0x000000b573a00000)]
  0x0000024ebe516800 JavaThread "Finalizer" daemon [_thread_blocked, id=175844, stack(0x000000b573a00000,0x000000b573b00000)]
  0x0000024ebe528800 JavaThread "Signal Dispatcher" daemon [_thread_blocked, id=175856, stack(0x000000b573b00000,0x000000b573c00000)]
  0x0000024ebe52b800 JavaThread "Attach Listener" daemon [_thread_blocked, id=170392, stack(0x000000b573c00000,0x000000b573d00000)]
  0x0000024ebe52e000 JavaThread "Service Thread" daemon [_thread_blocked, id=176660, stack(0x000000b573d00000,0x000000b573e00000)]
  0x0000024ebe530800 JavaThread "C2 CompilerThread0" daemon [_thread_in_native, id=176076, stack(0x000000b573e00000,0x000000b573f00000)]
  0x0000024ebe535000 JavaThread "C1 CompilerThread0" daemon [_thread_blocked, id=176944, stack(0x000000b573f00000,0x000000b574000000)]
  0x0000024ebeef6000 JavaThread "Sweeper thread" daemon [_thread_blocked, id=163684, stack(0x000000b574000000,0x000000b574100000)]
  0x0000024ebeef6800 JavaThread "Common-Cleaner" daemon [_thread_blocked, id=175796, stack(0x000000b574200000,0x000000b574300000)]

Other Threads:
=>0x0000024ebe509000 VMThread "VM Thread" [stack: 0x000000b573800000,0x000000b573900000] [id=176680]
  0x0000024ebf00c000 WatcherThread [stack: 0x000000b574100000,0x000000b574200000] [id=175628]
  0x0000024ea0a2b000 GCTaskThread "GC Thread#0" [stack: 0x000000b573300000,0x000000b573400000] [id=176432]
  0x0000024ebf414000 GCTaskThread "GC Thread#1" [stack: 0x000000b574300000,0x000000b574400000] [id=175004]
  0x0000024ea0a5b800 ConcurrentGCThread "G1 Main Marker" [stack: 0x000000b573400000,0x000000b573500000] [id=165724]
  0x0000024ea0a5e000 ConcurrentGCThread "G1 Conc#0" [stack: 0x000000b573500000,0x000000b573600000] [id=176796]
  0x0000024ea0ae5000 ConcurrentGCThread "G1 Refine#0" [stack: 0x000000b573600000,0x000000b573700000] [id=173896]
  0x0000024ea0ae7000 ConcurrentGCThread "G1 Young RemSet Sampling" [stack: 0x000000b573700000,0x000000b573800000] [id=175652]

Threads with active compile tasks:
C2 CompilerThread0    19031 5626   !   4       org.apache.maven.model.ModelBase::clone (397 bytes)
C1 CompilerThread0    19031 5648       3       java.net.URI::toString (60 bytes)

VM state:at safepoint (normal execution)

VM Mutex/Monitor currently owned by a thread:  ([mutex/lock_event])
[0x0000024ea0a11db0] Threads_lock - owner thread: 0x0000024ebe509000
[0x0000024ea0a115d0] Heap_lock - owner thread: 0x0000024ebe535000
[0x0000024ea0a12590] MethodData_lock - owner thread: 0x0000024ebe535000

Heap address: 0x0000000080000000, size: 2048 MB, Compressed Oops mode: 32-bit
Narrow klass base: 0x0000000000000000, Narrow klass shift: 3
Compressed class space size: 1073741824 Address: 0x0000000100000000

Heap:
 garbage-first heap   total 200704K, used 24518K [0x0000000080000000, 0x0000000100000000)
  region size 1024K, 4 young (4096K), 4 survivors (4096K)
 Metaspace       used 34930K, capacity 35713K, committed 35840K, reserved 1081344K
  class space    used 3710K, capacity 4017K, committed 4096K, reserved 1048576K
Heap Regions: E=young(eden), S=young(survivor), O=old, HS=humongous(starts), HC=humongous(continues), CS=collection set, F=free, A=archive, TAMS=top-at-mark-start (previous, next)
|   0|0x0000000080000000, 0x00000000800ffff8, 0x0000000080100000| 99%| O|  |TAMS 0x00000000800ffff8, 0x00000000800ffff8| Untracked 
|   1|0x0000000080100000, 0x0000000080200000, 0x0000000080200000|100%| O|  |TAMS 0x0000000080200000, 0x0000000080200000| Untracked 
|   2|0x0000000080200000, 0x0000000080300000, 0x0000000080300000|100%| O|  |TAMS 0x00000000802f6600, 0x0000000080300000| Untracked 
|   3|0x0000000080300000, 0x0000000080400000, 0x0000000080400000|100%| O|  |TAMS 0x0000000080300000, 0x0000000080400000| Untracked 
|   4|0x0000000080400000, 0x0000000080500000, 0x0000000080500000|100%| O|  |TAMS 0x0000000080400000, 0x0000000080500000| Untracked 
|   5|0x0000000080500000, 0x0000000080600000, 0x0000000080600000|100%| O|  |TAMS 0x0000000080500000, 0x0000000080600000| Untracked 
|   6|0x0000000080600000, 0x0000000080700000, 0x0000000080700000|100%| O|  |TAMS 0x0000000080600000, 0x0000000080700000| Untracked 
|   7|0x0000000080700000, 0x0000000080800000, 0x0000000080800000|100%| O|  |TAMS 0x0000000080700000, 0x0000000080800000| Untracked 
|   8|0x0000000080800000, 0x0000000080900000, 0x0000000080900000|100%| O|  |TAMS 0x0000000080800000, 0x0000000080900000| Untracked 
|   9|0x0000000080900000, 0x0000000080a00000, 0x0000000080a00000|100%| O|  |TAMS 0x0000000080900000, 0x0000000080a00000| Untracked 
|  10|0x0000000080a00000, 0x0000000080b00000, 0x0000000080b00000|100%| O|  |TAMS 0x0000000080a00000, 0x0000000080b00000| Untracked 
|  11|0x0000000080b00000, 0x0000000080c00000, 0x0000000080c00000|100%| O|  |TAMS 0x0000000080b00000, 0x0000000080c00000| Untracked 
|  12|0x0000000080c00000, 0x0000000080d00000, 0x0000000080d00000|100%| O|  |TAMS 0x0000000080c00000, 0x0000000080d00000| Untracked 
|  13|0x0000000080d00000, 0x0000000080e00000, 0x0000000080e00000|100%| O|  |TAMS 0x0000000080d00000, 0x0000000080e00000| Untracked 
|  14|0x0000000080e00000, 0x0000000080e00000, 0x0000000080f00000|  0%| F|  |TAMS 0x0000000080e00000, 0x0000000080e00000| Untracked 
|  15|0x0000000080f00000, 0x0000000080f00000, 0x0000000081000000|  0%| F|  |TAMS 0x0000000080f00000, 0x0000000080f00000| Untracked 
|  16|0x0000000081000000, 0x0000000081000000, 0x0000000081100000|  0%| F|  |TAMS 0x0000000081000000, 0x0000000081000000| Untracked 
|  17|0x0000000081100000, 0x0000000081100000, 0x0000000081200000|  0%| F|  |TAMS 0x0000000081100000, 0x0000000081100000| Untracked 
|  18|0x0000000081200000, 0x0000000081200000, 0x0000000081300000|  0%| F|  |TAMS 0x0000000081200000, 0x0000000081200000| Untracked 
|  19|0x0000000081300000, 0x0000000081300000, 0x0000000081400000|  0%| F|  |TAMS 0x0000000081300000, 0x0000000081300000| Untracked 
|  20|0x0000000081400000, 0x0000000081400000, 0x0000000081500000|  0%| F|  |TAMS 0x0000000081400000, 0x0000000081400000| Untracked 
|  21|0x0000000081500000, 0x0000000081500000, 0x0000000081600000|  0%| F|  |TAMS 0x0000000081500000, 0x0000000081500000| Untracked 
|  22|0x0000000081600000, 0x0000000081600000, 0x0000000081700000|  0%| F|  |TAMS 0x0000000081600000, 0x0000000081600000| Untracked 
|  23|0x0000000081700000, 0x0000000081700000, 0x0000000081800000|  0%| F|  |TAMS 0x0000000081700000, 0x0000000081700000| Untracked 
|  24|0x0000000081800000, 0x0000000081800000, 0x0000000081900000|  0%| F|  |TAMS 0x0000000081800000, 0x0000000081800000| Untracked 
|  25|0x0000000081900000, 0x0000000081900000, 0x0000000081a00000|  0%| F|  |TAMS 0x0000000081900000, 0x0000000081900000| Untracked 
|  26|0x0000000081a00000, 0x0000000081a00000, 0x0000000081b00000|  0%| F|  |TAMS 0x0000000081a00000, 0x0000000081a00000| Untracked 
|  27|0x0000000081b00000, 0x0000000081b00000, 0x0000000081c00000|  0%| F|  |TAMS 0x0000000081b00000, 0x0000000081b00000| Untracked 
|  28|0x0000000081c00000, 0x0000000081c00000, 0x0000000081d00000|  0%| F|  |TAMS 0x0000000081c00000, 0x0000000081c00000| Untracked 
|  29|0x0000000081d00000, 0x0000000081d00000, 0x0000000081e00000|  0%| F|  |TAMS 0x0000000081d00000, 0x0000000081d00000| Untracked 
|  30|0x0000000081e00000, 0x0000000081e00000, 0x0000000081f00000|  0%| F|  |TAMS 0x0000000081e00000, 0x0000000081e00000| Untracked 
|  31|0x0000000081f00000, 0x0000000081f00000, 0x0000000082000000|  0%| F|  |TAMS 0x0000000081f00000, 0x0000000081f00000| Untracked 
|  32|0x0000000082000000, 0x0000000082000000, 0x0000000082100000|  0%| F|  |TAMS 0x0000000082000000, 0x0000000082000000| Untracked 
|  33|0x0000000082100000, 0x0000000082100000, 0x0000000082200000|  0%| F|  |TAMS 0x0000000082100000, 0x0000000082100000| Untracked 
|  34|0x0000000082200000, 0x0000000082200000, 0x0000000082300000|  0%| F|  |TAMS 0x0000000082200000, 0x0000000082200000| Untracked 
|  35|0x0000000082300000, 0x0000000082300000, 0x0000000082400000|  0%| F|  |TAMS 0x0000000082300000, 0x0000000082300000| Untracked 
|  36|0x0000000082400000, 0x0000000082400000, 0x0000000082500000|  0%| F|  |TAMS 0x0000000082400000, 0x0000000082400000| Untracked 
|  37|0x0000000082500000, 0x0000000082500000, 0x0000000082600000|  0%| F|  |TAMS 0x0000000082500000, 0x0000000082500000| Untracked 
|  38|0x0000000082600000, 0x0000000082600000, 0x0000000082700000|  0%| F|  |TAMS 0x0000000082600000, 0x0000000082600000| Untracked 
|  39|0x0000000082700000, 0x0000000082700000, 0x0000000082800000|  0%| F|  |TAMS 0x0000000082700000, 0x0000000082700000| Untracked 
|  40|0x0000000082800000, 0x0000000082800000, 0x0000000082900000|  0%| F|  |TAMS 0x0000000082800000, 0x0000000082800000| Untracked 
|  41|0x0000000082900000, 0x0000000082900000, 0x0000000082a00000|  0%| F|  |TAMS 0x0000000082900000, 0x0000000082900000| Untracked 
|  42|0x0000000082a00000, 0x0000000082a00000, 0x0000000082b00000|  0%| F|  |TAMS 0x0000000082a00000, 0x0000000082a00000| Untracked 
|  43|0x0000000082b00000, 0x0000000082b00000, 0x0000000082c00000|  0%| F|  |TAMS 0x0000000082b00000, 0x0000000082b00000| Untracked 
|  44|0x0000000082c00000, 0x0000000082d00000, 0x0000000082d00000|100%| O|  |TAMS 0x0000000082c00000, 0x0000000082d00000| Untracked 
|  45|0x0000000082d00000, 0x0000000082e00000, 0x0000000082e00000|100%| O|  |TAMS 0x0000000082d00000, 0x0000000082e00000| Untracked 
|  46|0x0000000082e00000, 0x0000000082f00000, 0x0000000082f00000|100%| O|  |TAMS 0x0000000082e00000, 0x0000000082f00000| Untracked 
|  47|0x0000000082f00000, 0x0000000083000000, 0x0000000083000000|100%| O|  |TAMS 0x0000000082f00000, 0x0000000083000000| Untracked 
|  48|0x0000000083000000, 0x0000000083100000, 0x0000000083100000|100%| O|  |TAMS 0x0000000083000000, 0x0000000083100000| Untracked 
|  49|0x0000000083100000, 0x00000000831f1a00, 0x0000000083200000| 94%| O|  |TAMS 0x0000000083100000, 0x00000000831f1a00| Untracked 
|  50|0x0000000083200000, 0x0000000083200000, 0x0000000083300000|  0%| F|  |TAMS 0x0000000083200000, 0x0000000083200000| Untracked 
|  51|0x0000000083300000, 0x0000000083300000, 0x0000000083400000|  0%| F|  |TAMS 0x0000000083300000, 0x0000000083300000| Untracked 
|  52|0x0000000083400000, 0x0000000083400000, 0x0000000083500000|  0%| F|  |TAMS 0x0000000083400000, 0x0000000083400000| Untracked 
|  53|0x0000000083500000, 0x0000000083500000, 0x0000000083600000|  0%| F|  |TAMS 0x0000000083500000, 0x0000000083500000| Untracked 
|  54|0x0000000083600000, 0x0000000083600000, 0x0000000083700000|  0%| F|  |TAMS 0x0000000083600000, 0x0000000083600000| Untracked 
|  55|0x0000000083700000, 0x0000000083700000, 0x0000000083800000|  0%| F|  |TAMS 0x0000000083700000, 0x0000000083700000| Untracked 
|  56|0x0000000083800000, 0x0000000083800000, 0x0000000083900000|  0%| F|  |TAMS 0x0000000083800000, 0x0000000083800000| Untracked 
|  57|0x0000000083900000, 0x0000000083900000, 0x0000000083a00000|  0%| F|  |TAMS 0x0000000083900000, 0x0000000083900000| Untracked 
|  58|0x0000000083a00000, 0x0000000083a00000, 0x0000000083b00000|  0%| F|  |TAMS 0x0000000083a00000, 0x0000000083a00000| Untracked 
|  59|0x0000000083b00000, 0x0000000083b00000, 0x0000000083c00000|  0%| F|  |TAMS 0x0000000083b00000, 0x0000000083b00000| Untracked 
|  60|0x0000000083c00000, 0x0000000083c00000, 0x0000000083d00000|  0%| F|  |TAMS 0x0000000083c00000, 0x0000000083c00000| Untracked 
|  61|0x0000000083d00000, 0x0000000083d00000, 0x0000000083e00000|  0%| F|  |TAMS 0x0000000083d00000, 0x0000000083d00000| Untracked 
|  62|0x0000000083e00000, 0x0000000083e00000, 0x0000000083f00000|  0%| F|  |TAMS 0x0000000083e00000, 0x0000000083e00000| Untracked 
|  63|0x0000000083f00000, 0x0000000083f00000, 0x0000000084000000|  0%| F|  |TAMS 0x0000000083f00000, 0x0000000083f00000| Untracked 
|  64|0x0000000084000000, 0x0000000084000000, 0x0000000084100000|  0%| F|  |TAMS 0x0000000084000000, 0x0000000084000000| Untracked 
|  65|0x0000000084100000, 0x0000000084100000, 0x0000000084200000|  0%| F|  |TAMS 0x0000000084100000, 0x0000000084100000| Untracked 
|  66|0x0000000084200000, 0x0000000084200000, 0x0000000084300000|  0%| F|  |TAMS 0x0000000084200000, 0x0000000084200000| Untracked 
|  67|0x0000000084300000, 0x0000000084300000, 0x0000000084400000|  0%| F|  |TAMS 0x0000000084300000, 0x0000000084300000| Untracked 
|  68|0x0000000084400000, 0x0000000084400000, 0x0000000084500000|  0%| F|  |TAMS 0x0000000084400000, 0x0000000084400000| Untracked 
|  69|0x0000000084500000, 0x0000000084500000, 0x0000000084600000|  0%| F|  |TAMS 0x0000000084500000, 0x0000000084500000| Untracked 
|  70|0x0000000084600000, 0x0000000084600000, 0x0000000084700000|  0%| F|  |TAMS 0x0000000084600000, 0x0000000084600000| Untracked 
|  71|0x0000000084700000, 0x0000000084700000, 0x0000000084800000|  0%| F|  |TAMS 0x0000000084700000, 0x0000000084700000| Untracked 
|  72|0x0000000084800000, 0x0000000084800000, 0x0000000084900000|  0%| F|  |TAMS 0x0000000084800000, 0x0000000084800000| Untracked 
|  73|0x0000000084900000, 0x0000000084900000, 0x0000000084a00000|  0%| F|  |TAMS 0x0000000084900000, 0x0000000084900000| Untracked 
|  74|0x0000000084a00000, 0x0000000084a00000, 0x0000000084b00000|  0%| F|  |TAMS 0x0000000084a00000, 0x0000000084a00000| Untracked 
|  75|0x0000000084b00000, 0x0000000084b00000, 0x0000000084c00000|  0%| F|  |TAMS 0x0000000084b00000, 0x0000000084b00000| Untracked 
|  76|0x0000000084c00000, 0x0000000084c00000, 0x0000000084d00000|  0%| F|  |TAMS 0x0000000084c00000, 0x0000000084c00000| Untracked 
|  77|0x0000000084d00000, 0x0000000084d00000, 0x0000000084e00000|  0%| F|  |TAMS 0x0000000084d00000, 0x0000000084d00000| Untracked 
|  78|0x0000000084e00000, 0x0000000084e00000, 0x0000000084f00000|  0%| F|  |TAMS 0x0000000084e00000, 0x0000000084e00000| Untracked 
|  79|0x0000000084f00000, 0x0000000084f00000, 0x0000000085000000|  0%| F|  |TAMS 0x0000000084f00000, 0x0000000084f00000| Untracked 
|  80|0x0000000085000000, 0x0000000085100000, 0x0000000085100000|100%| S|CS|TAMS 0x0000000085000000, 0x0000000085000000| Complete 
|  81|0x0000000085100000, 0x0000000085200000, 0x0000000085200000|100%| S|CS|TAMS 0x0000000085100000, 0x0000000085100000| Complete 
|  82|0x0000000085200000, 0x0000000085300000, 0x0000000085300000|100%| S|CS|TAMS 0x0000000085200000, 0x0000000085200000| Complete 
|  83|0x0000000085300000, 0x0000000085400000, 0x0000000085400000|100%| S|CS|TAMS 0x0000000085300000, 0x0000000085300000| Complete 
|  84|0x0000000085400000, 0x0000000085400000, 0x0000000085500000|  0%| F|  |TAMS 0x0000000085400000, 0x0000000085400000| Untracked 
|  85|0x0000000085500000, 0x0000000085500000, 0x0000000085600000|  0%| F|  |TAMS 0x0000000085500000, 0x0000000085500000| Untracked 
|  86|0x0000000085600000, 0x0000000085600000, 0x0000000085700000|  0%| F|  |TAMS 0x0000000085600000, 0x0000000085600000| Untracked 
|  87|0x0000000085700000, 0x0000000085700000, 0x0000000085800000|  0%| F|  |TAMS 0x0000000085700000, 0x0000000085700000| Untracked 
|  88|0x0000000085800000, 0x0000000085800000, 0x0000000085900000|  0%| F|  |TAMS 0x0000000085800000, 0x0000000085800000| Untracked 
|  89|0x0000000085900000, 0x0000000085900000, 0x0000000085a00000|  0%| F|  |TAMS 0x0000000085900000, 0x0000000085900000| Untracked 
|  90|0x0000000085a00000, 0x0000000085a00000, 0x0000000085b00000|  0%| F|  |TAMS 0x0000000085a00000, 0x0000000085a00000| Untracked 
|  91|0x0000000085b00000, 0x0000000085b00000, 0x0000000085c00000|  0%| F|  |TAMS 0x0000000085b00000, 0x0000000085b00000| Untracked 
|  92|0x0000000085c00000, 0x0000000085c00000, 0x0000000085d00000|  0%| F|  |TAMS 0x0000000085c00000, 0x0000000085c00000| Untracked 
|  93|0x0000000085d00000, 0x0000000085d00000, 0x0000000085e00000|  0%| F|  |TAMS 0x0000000085d00000, 0x0000000085d00000| Untracked 
|  94|0x0000000085e00000, 0x0000000085e00000, 0x0000000085f00000|  0%| F|  |TAMS 0x0000000085e00000, 0x0000000085e00000| Untracked 
|  95|0x0000000085f00000, 0x0000000085f00000, 0x0000000086000000|  0%| F|  |TAMS 0x0000000085f00000, 0x0000000085f00000| Untracked 
|  96|0x0000000086000000, 0x0000000086000000, 0x0000000086100000|  0%| F|  |TAMS 0x0000000086000000, 0x0000000086000000| Untracked 
|  97|0x0000000086100000, 0x0000000086100000, 0x0000000086200000|  0%| F|  |TAMS 0x0000000086100000, 0x0000000086100000| Untracked 
|  98|0x0000000086200000, 0x0000000086200000, 0x0000000086300000|  0%| F|  |TAMS 0x0000000086200000, 0x0000000086200000| Untracked 
|  99|0x0000000086300000, 0x0000000086300000, 0x0000000086400000|  0%| F|  |TAMS 0x0000000086300000, 0x0000000086300000| Untracked 
| 100|0x0000000086400000, 0x0000000086400000, 0x0000000086500000|  0%| F|  |TAMS 0x0000000086400000, 0x0000000086400000| Untracked 
| 101|0x0000000086500000, 0x0000000086500000, 0x0000000086600000|  0%| F|  |TAMS 0x0000000086500000, 0x0000000086500000| Untracked 
| 102|0x0000000086600000, 0x0000000086600000, 0x0000000086700000|  0%| F|  |TAMS 0x0000000086600000, 0x0000000086600000| Untracked 
| 103|0x0000000086700000, 0x0000000086700000, 0x0000000086800000|  0%| F|  |TAMS 0x0000000086700000, 0x0000000086700000| Untracked 
| 104|0x0000000086800000, 0x0000000086800000, 0x0000000086900000|  0%| F|  |TAMS 0x0000000086800000, 0x0000000086800000| Untracked 
| 105|0x0000000086900000, 0x0000000086900000, 0x0000000086a00000|  0%| F|  |TAMS 0x0000000086900000, 0x0000000086900000| Untracked 
| 106|0x0000000086a00000, 0x0000000086a00000, 0x0000000086b00000|  0%| F|  |TAMS 0x0000000086a00000, 0x0000000086a00000| Untracked 
| 107|0x0000000086b00000, 0x0000000086b00000, 0x0000000086c00000|  0%| F|  |TAMS 0x0000000086b00000, 0x0000000086b00000| Untracked 
| 108|0x0000000086c00000, 0x0000000086c00000, 0x0000000086d00000|  0%| F|  |TAMS 0x0000000086c00000, 0x0000000086c00000| Untracked 
| 109|0x0000000086d00000, 0x0000000086d00000, 0x0000000086e00000|  0%| F|  |TAMS 0x0000000086d00000, 0x0000000086d00000| Untracked 
| 110|0x0000000086e00000, 0x0000000086e00000, 0x0000000086f00000|  0%| F|  |TAMS 0x0000000086e00000, 0x0000000086e00000| Untracked 
| 111|0x0000000086f00000, 0x0000000086f00000, 0x0000000087000000|  0%| F|  |TAMS 0x0000000086f00000, 0x0000000086f00000| Untracked 
| 112|0x0000000087000000, 0x0000000087000000, 0x0000000087100000|  0%| F|  |TAMS 0x0000000087000000, 0x0000000087000000| Untracked 
| 113|0x0000000087100000, 0x0000000087100000, 0x0000000087200000|  0%| F|  |TAMS 0x0000000087100000, 0x0000000087100000| Untracked 
| 114|0x0000000087200000, 0x0000000087200000, 0x0000000087300000|  0%| F|  |TAMS 0x0000000087200000, 0x0000000087200000| Untracked 
| 115|0x0000000087300000, 0x0000000087300000, 0x0000000087400000|  0%| F|  |TAMS 0x0000000087300000, 0x0000000087300000| Untracked 
| 116|0x0000000087400000, 0x0000000087400000, 0x0000000087500000|  0%| F|  |TAMS 0x0000000087400000, 0x0000000087400000| Untracked 
| 117|0x0000000087500000, 0x0000000087500000, 0x0000000087600000|  0%| F|  |TAMS 0x0000000087500000, 0x0000000087500000| Untracked 
| 118|0x0000000087600000, 0x0000000087600000, 0x0000000087700000|  0%| F|  |TAMS 0x0000000087600000, 0x0000000087600000| Untracked 
| 119|0x0000000087700000, 0x0000000087700000, 0x0000000087800000|  0%| F|  |TAMS 0x0000000087700000, 0x0000000087700000| Untracked 
| 120|0x0000000087800000, 0x0000000087800000, 0x0000000087900000|  0%| F|  |TAMS 0x0000000087800000, 0x0000000087800000| Untracked 
| 121|0x0000000087900000, 0x0000000087900000, 0x0000000087a00000|  0%| F|  |TAMS 0x0000000087900000, 0x0000000087900000| Untracked 
| 122|0x0000000087a00000, 0x0000000087a00000, 0x0000000087b00000|  0%| F|  |TAMS 0x0000000087a00000, 0x0000000087a00000| Untracked 
| 123|0x0000000087b00000, 0x0000000087b00000, 0x0000000087c00000|  0%| F|  |TAMS 0x0000000087b00000, 0x0000000087b00000| Untracked 
| 124|0x0000000087c00000, 0x0000000087c00000, 0x0000000087d00000|  0%| F|  |TAMS 0x0000000087c00000, 0x0000000087c00000| Untracked 
| 125|0x0000000087d00000, 0x0000000087d00000, 0x0000000087e00000|  0%| F|  |TAMS 0x0000000087d00000, 0x0000000087d00000| Untracked 
| 126|0x0000000087e00000, 0x0000000087e00000, 0x0000000087f00000|  0%| F|  |TAMS 0x0000000087e00000, 0x0000000087e00000| Untracked 
| 127|0x0000000087f00000, 0x0000000087f00000, 0x0000000088000000|  0%| F|  |TAMS 0x0000000087f00000, 0x0000000087f00000| Untracked 
| 128|0x0000000088000000, 0x0000000088000000, 0x0000000088100000|  0%| F|  |TAMS 0x0000000088000000, 0x0000000088000000| Untracked 
| 129|0x0000000088100000, 0x0000000088100000, 0x0000000088200000|  0%| F|  |TAMS 0x0000000088100000, 0x0000000088100000| Untracked 
| 130|0x0000000088200000, 0x0000000088200000, 0x0000000088300000|  0%| F|  |TAMS 0x0000000088200000, 0x0000000088200000| Untracked 
| 131|0x0000000088300000, 0x0000000088300000, 0x0000000088400000|  0%| F|  |TAMS 0x0000000088300000, 0x0000000088300000| Untracked 
| 132|0x0000000088400000, 0x0000000088400000, 0x0000000088500000|  0%| F|  |TAMS 0x0000000088400000, 0x0000000088400000| Untracked 
| 133|0x0000000088500000, 0x0000000088500000, 0x0000000088600000|  0%| F|  |TAMS 0x0000000088500000, 0x0000000088500000| Untracked 
| 134|0x0000000088600000, 0x0000000088600000, 0x0000000088700000|  0%| F|  |TAMS 0x0000000088600000, 0x0000000088600000| Untracked 
| 135|0x0000000088700000, 0x0000000088700000, 0x0000000088800000|  0%| F|  |TAMS 0x0000000088700000, 0x0000000088700000| Untracked 
| 136|0x0000000088800000, 0x0000000088800000, 0x0000000088900000|  0%| F|  |TAMS 0x0000000088800000, 0x0000000088800000| Untracked 
| 137|0x0000000088900000, 0x0000000088900000, 0x0000000088a00000|  0%| F|  |TAMS 0x0000000088900000, 0x0000000088900000| Untracked 
| 138|0x0000000088a00000, 0x0000000088a00000, 0x0000000088b00000|  0%| F|  |TAMS 0x0000000088a00000, 0x0000000088a00000| Untracked 
| 139|0x0000000088b00000, 0x0000000088b00000, 0x0000000088c00000|  0%| F|  |TAMS 0x0000000088b00000, 0x0000000088b00000| Untracked 
| 140|0x0000000088c00000, 0x0000000088c00000, 0x0000000088d00000|  0%| F|  |TAMS 0x0000000088c00000, 0x0000000088c00000| Untracked 
| 141|0x0000000088d00000, 0x0000000088d00000, 0x0000000088e00000|  0%| F|  |TAMS 0x0000000088d00000, 0x0000000088d00000| Untracked 
| 142|0x0000000088e00000, 0x0000000088e00000, 0x0000000088f00000|  0%| F|  |TAMS 0x0000000088e00000, 0x0000000088e00000| Untracked 
| 143|0x0000000088f00000, 0x0000000088f00000, 0x0000000089000000|  0%| F|  |TAMS 0x0000000088f00000, 0x0000000088f00000| Untracked 
| 144|0x0000000089000000, 0x0000000089000000, 0x0000000089100000|  0%| F|  |TAMS 0x0000000089000000, 0x0000000089000000| Untracked 
| 145|0x0000000089100000, 0x0000000089100000, 0x0000000089200000|  0%| F|  |TAMS 0x0000000089100000, 0x0000000089100000| Untracked 
| 146|0x0000000089200000, 0x0000000089200000, 0x0000000089300000|  0%| F|  |TAMS 0x0000000089200000, 0x0000000089200000| Untracked 
| 147|0x0000000089300000, 0x0000000089300000, 0x0000000089400000|  0%| F|  |TAMS 0x0000000089300000, 0x0000000089300000| Untracked 
| 148|0x0000000089400000, 0x0000000089400000, 0x0000000089500000|  0%| F|  |TAMS 0x0000000089400000, 0x0000000089400000| Untracked 
| 149|0x0000000089500000, 0x0000000089500000, 0x0000000089600000|  0%| F|  |TAMS 0x0000000089500000, 0x0000000089500000| Untracked 
| 150|0x0000000089600000, 0x0000000089600000, 0x0000000089700000|  0%| F|  |TAMS 0x0000000089600000, 0x0000000089600000| Untracked 
| 151|0x0000000089700000, 0x0000000089700000, 0x0000000089800000|  0%| F|  |TAMS 0x0000000089700000, 0x0000000089700000| Untracked 
| 152|0x0000000089800000, 0x0000000089800000, 0x0000000089900000|  0%| F|  |TAMS 0x0000000089800000, 0x0000000089800000| Untracked 
| 153|0x0000000089900000, 0x0000000089900000, 0x0000000089a00000|  0%| F|  |TAMS 0x0000000089900000, 0x0000000089900000| Untracked 

Card table byte_map: [0x0000024eb7900000,0x0000024eb7d00000] _byte_map_base: 0x0000024eb7500000

Marking Bits (Prev, Next): (CMBitMap*) 0x0000024ea0a52d30, (CMBitMap*) 0x0000024ea0a52cf8
 Prev Bits: [0x0000024eba100000, 0x0000024ebc100000)
 Next Bits: [0x0000024eb8100000, 0x0000024eba100000)

Polling page: 0x0000024ea80d0000

Metaspace:

Usage:
  Non-class:     30.95 MB capacity,    30.49 MB ( 98%) used,   418.65 KB (  1%) free+waste,    57.25 KB ( <1%) overhead. 
      Class:      3.92 MB capacity,     3.62 MB ( 92%) used,   281.36 KB (  7%) free+waste,    25.06 KB ( <1%) overhead. 
       Both:     34.88 MB capacity,    34.11 MB ( 98%) used,   700.01 KB (  2%) free+waste,    82.31 KB ( <1%) overhead. 

Virtual space:
  Non-class space:       32.00 MB reserved,      31.00 MB ( 97%) committed 
      Class space:        1.00 GB reserved,       4.00 MB ( <1%) committed 
             Both:        1.03 GB reserved,      35.00 MB (  3%) committed 

Chunk freelists:
   Non-Class:  6.00 KB
       Class:  1.88 KB
        Both:  7.88 KB

CodeHeap 'non-profiled nmethods': size=120064Kb used=3475Kb max_used=3475Kb free=116589Kb
 bounds [0x0000024eafbb0000, 0x0000024eaff20000, 0x0000024eb70f0000]
CodeHeap 'profiled nmethods': size=120000Kb used=13533Kb max_used=13533Kb free=106466Kb
 bounds [0x0000024ea8680000, 0x0000024ea93c0000, 0x0000024eafbb0000]
CodeHeap 'non-nmethods': size=5696Kb used=1168Kb max_used=1209Kb free=4527Kb
 bounds [0x0000024ea80f0000, 0x0000024ea8360000, 0x0000024ea8680000]
 total_blobs=6128 nmethods=5628 adapters=411
 compilation: enabled
              stopped_count=0, restarted_count=0
 full_count=0

Compilation events (10 events):
Event: 18.984 Thread 0x0000024ebe535000 nmethod 5643 0x0000024ea93b3290 code [0x0000024ea93b3440, 0x0000024ea93b3568]
Event: 18.987 Thread 0x0000024ebe535000 5644       3       java.net.URI$Parser::scan (53 bytes)
Event: 18.988 Thread 0x0000024ebe535000 nmethod 5644 0x0000024ea93b3610 code [0x0000024ea93b38a0, 0x0000024ea93b44f8]
Event: 18.988 Thread 0x0000024ebe535000 5645       3       java.net.URI$Parser::checkChar (14 bytes)
Event: 18.988 Thread 0x0000024ebe535000 nmethod 5645 0x0000024ea93b4a10 code [0x0000024ea93b4bc0, 0x0000024ea93b4d08]
Event: 18.988 Thread 0x0000024ebe535000 5646       3       java.net.URI$Parser::parseHierarchical (178 bytes)
Event: 18.990 Thread 0x0000024ebe535000 nmethod 5646 0x0000024ea93b4e10 code [0x0000024ea93b51e0, 0x0000024ea93b6988]
Event: 18.991 Thread 0x0000024ebe535000 5647       3       java.net.URI::<init> (13 bytes)
Event: 18.991 Thread 0x0000024ebe535000 nmethod 5647 0x0000024ea93b7310 code [0x0000024ea93b74c0, 0x0000024ea93b7608]
Event: 18.991 Thread 0x0000024ebe535000 5648       3       java.net.URI::toString (60 bytes)

GC Heap History (10 events):
Event: 2.571 GC heap after
{Heap after GC invocations=4 (full 0):
 garbage-first heap   total 131072K, used 4318K [0x0000000080000000, 0x0000000100000000)
  region size 1024K, 3 young (3072K), 3 survivors (3072K)
 Metaspace       used 14468K, capacity 14649K, committed 14976K, reserved 1062912K
  class space    used 1510K, capacity 1583K, committed 1664K, reserved 1048576K
}
Event: 4.739 GC heap before
{Heap before GC invocations=4 (full 0):
 garbage-first heap   total 131072K, used 34014K [0x0000000080000000, 0x0000000100000000)
  region size 1024K, 32 young (32768K), 3 survivors (3072K)
 Metaspace       used 19781K, capacity 20127K, committed 20224K, reserved 1067008K
  class space    used 2124K, capacity 2244K, committed 2304K, reserved 1048576K
}
Event: 4.773 GC heap after
{Heap after GC invocations=5 (full 0):
 garbage-first heap   total 157696K, used 6667K [0x0000000080000000, 0x0000000100000000)
  region size 1024K, 4 young (4096K), 4 survivors (4096K)
 Metaspace       used 19781K, capacity 20127K, committed 20224K, reserved 1067008K
  class space    used 2124K, capacity 2244K, committed 2304K, reserved 1048576K
}
Event: 8.108 GC heap before
{Heap before GC invocations=5 (full 0):
 garbage-first heap   total 157696K, used 71179K [0x0000000080000000, 0x0000000100000000)
  region size 1024K, 68 young (69632K), 4 survivors (4096K)
 Metaspace       used 20913K, capacity 21203K, committed 21248K, reserved 1069056K
  class space    used 2170K, capacity 2282K, committed 2304K, reserved 1048576K
}
Event: 8.142 GC heap after
{Heap after GC invocations=6 (full 0):
 garbage-first heap   total 157696K, used 14615K [0x0000000080000000, 0x0000000100000000)
  region size 1024K, 12 young (12288K), 12 survivors (12288K)
 Metaspace       used 20913K, capacity 21203K, committed 21248K, reserved 1069056K
  class space    used 2170K, capacity 2282K, committed 2304K, reserved 1048576K
}
Event: 11.192 GC heap before
{Heap before GC invocations=7 (full 0):
 garbage-first heap   total 157696K, used 82199K [0x0000000080000000, 0x0000000100000000)
  region size 1024K, 78 young (79872K), 12 survivors (12288K)
 Metaspace       used 22389K, capacity 22812K, committed 22912K, reserved 1069056K
  class space    used 2271K, capacity 2432K, committed 2432K, reserved 1048576K
}
Event: 11.258 GC heap after
{Heap after GC invocations=8 (full 0):
 garbage-first heap   total 157696K, used 19149K [0x0000000080000000, 0x0000000100000000)
  region size 1024K, 6 young (6144K), 6 survivors (6144K)
 Metaspace       used 22389K, capacity 22812K, committed 22912K, reserved 1069056K
  class space    used 2271K, capacity 2432K, committed 2432K, reserved 1048576K
}
Event: 16.024 GC heap before
{Heap before GC invocations=8 (full 0):
 garbage-first heap   total 157696K, used 105165K [0x0000000080000000, 0x0000000100000000)
  region size 1024K, 89 young (91136K), 6 survivors (6144K)
 Metaspace       used 31982K, capacity 32604K, committed 32896K, reserved 1079296K
  class space    used 3371K, capacity 3603K, committed 3712K, reserved 1048576K
}
Event: 16.044 GC heap after
{Heap after GC invocations=9 (full 0):
 garbage-first heap   total 157696K, used 25293K [0x0000000080000000, 0x0000000100000000)
  region size 1024K, 12 young (12288K), 12 survivors (12288K)
 Metaspace       used 31982K, capacity 32604K, committed 32896K, reserved 1079296K
  class space    used 3371K, capacity 3603K, committed 3712K, reserved 1048576K
}
Event: 18.991 GC heap before
{Heap before GC invocations=9 (full 0):
 garbage-first heap   total 157696K, used 126669K [0x0000000080000000, 0x0000000100000000)
  region size 1024K, 82 young (83968K), 12 survivors (12288K)
 Metaspace       used 34930K, capacity 35713K, committed 35840K, reserved 1081344K
  class space    used 3710K, capacity 4017K, committed 4096K, reserved 1048576K
}

Deoptimization events (10 events):
Event: 18.478 Thread 0x0000024ebeef7800 Uncommon trap: reason=bimorphic_or_optimized_type_check action=maybe_recompile pc=0x0000024eafe788dc method=java.util.concurrent.locks.AbstractQueuedSynchronizer.release(I)Z @ 2 c2
Event: 18.479 Thread 0x0000024ebeef7800 Uncommon trap: reason=bimorphic_or_optimized_type_check action=maybe_recompile pc=0x0000024eafe788dc method=java.util.concurrent.locks.AbstractQueuedSynchronizer.release(I)Z @ 2 c2
Event: 18.479 Thread 0x0000024ebeef7800 Uncommon trap: reason=bimorphic_or_optimized_type_check action=maybe_recompile pc=0x0000024eafe788dc method=java.util.concurrent.locks.AbstractQueuedSynchronizer.release(I)Z @ 2 c2
Event: 18.486 Thread 0x0000024ea0a16800 Uncommon trap: reason=class_check action=maybe_recompile pc=0x0000024eafdad890 method=java.util.Collections$3.hasMoreElements()Z @ 4 c2
Event: 18.486 Thread 0x0000024ea0a16800 Uncommon trap: reason=class_check action=maybe_recompile pc=0x0000024eafdd78f4 method=java.util.Collections$3.nextElement()Ljava/lang/Object; @ 4 c2
Event: 18.486 Thread 0x0000024ea0a16800 Uncommon trap: reason=class_check action=maybe_recompile pc=0x0000024eafdad890 method=java.util.Collections$3.hasMoreElements()Z @ 4 c2
Event: 18.487 Thread 0x0000024ea0a16800 Uncommon trap: reason=class_check action=maybe_recompile pc=0x0000024eafdd78f4 method=java.util.Collections$3.nextElement()Ljava/lang/Object; @ 4 c2
Event: 18.931 Thread 0x0000024ea0a16800 Uncommon trap: reason=unstable_if action=reinterpret pc=0x0000024eafd2f7e0 method=org.apache.maven.model.validation.DefaultModelValidator.validateEffectiveDependency(Lorg/apache/maven/model/building/ModelProblemCollector;Lorg/apache/maven/model/Dependency
Event: 18.932 Thread 0x0000024ea0a16800 Uncommon trap: reason=unstable_if action=reinterpret pc=0x0000024eafd5cfec method=org.apache.maven.repository.internal.ArtifactDescriptorReaderDelegate.convert(Lorg/apache/maven/model/Dependency;Lorg/eclipse/aether/artifact/ArtifactTypeRegistry;)Lorg/ecli
Event: 18.932 Thread 0x0000024ea0a16800 Uncommon trap: reason=unstable_if action=reinterpret pc=0x0000024eafd4ed5c method=org.eclipse.aether.artifact.DefaultArtifact.merge(Ljava/util/Map;Ljava/util/Map;)Ljava/util/Map; @ 1 c2

Classes redefined (0 events):
No events

Internal exceptions (10 events):
Event: 15.586 Thread 0x0000024ea0a16800 Exception <a 'sun/nio/fs/WindowsException'{0x0000000085430798}> (0x0000000085430798) thrown at [./open/src/hotspot/share/prims/jni.cpp, line 611]
Event: 15.586 Thread 0x0000024ea0a16800 Exception <a 'sun/nio/fs/WindowsException'{0x0000000085430f50}> (0x0000000085430f50) thrown at [./open/src/hotspot/share/prims/jni.cpp, line 611]
Event: 15.586 Thread 0x0000024ea0a16800 Exception <a 'sun/nio/fs/WindowsException'{0x0000000085431678}> (0x0000000085431678) thrown at [./open/src/hotspot/share/prims/jni.cpp, line 611]
Event: 15.586 Thread 0x0000024ea0a16800 Exception <a 'sun/nio/fs/WindowsException'{0x0000000085431978}> (0x0000000085431978) thrown at [./open/src/hotspot/share/prims/jni.cpp, line 611]
Event: 15.586 Thread 0x0000024ea0a16800 Exception <a 'sun/nio/fs/WindowsException'{0x0000000085432608}> (0x0000000085432608) thrown at [./open/src/hotspot/share/prims/jni.cpp, line 611]
Event: 15.586 Thread 0x0000024ea0a16800 Exception <a 'sun/nio/fs/WindowsException'{0x00000000854328d8}> (0x00000000854328d8) thrown at [./open/src/hotspot/share/prims/jni.cpp, line 611]
Event: 15.587 Thread 0x0000024ea0a16800 Exception <a 'sun/nio/fs/WindowsException'{0x0000000085433558}> (0x0000000085433558) thrown at [./open/src/hotspot/share/prims/jni.cpp, line 611]
Event: 16.217 Thread 0x0000024ea0a16800 Exception <a 'java/lang/NoSuchMethodError'{0x00000000891d47c8}: org.apache.maven.execution.MavenExecutionRequest.getFailureBehavior()Ljava/lang/String;> (0x00000000891d47c8) thrown at [./open/src/hotspot/share/interpreter/linkResolver.cpp, line 864]
Event: 16.220 Thread 0x0000024ebeefa000 Exception <a 'java/lang/NoSuchMethodError'{0x0000000089148470}: java.lang.invoke.DirectMethodHandle$Holder.invokeStaticInit(Ljava/lang/Object;Ljava/lang/Object;JLjava/lang/Object;)Ljava/lang/Object;> (0x0000000089148470) thrown at [./open/src/hotspot/shar
Event: 16.221 Thread 0x0000024ebeefa000 Exception <a 'java/lang/NoSuchMethodError'{0x0000000089154590}: java.lang.invoke.Invokers$Holder.linkToTargetMethod(Ljava/lang/Object;JLjava/lang/Object;)Ljava/lang/Object;> (0x0000000089154590) thrown at [./open/src/hotspot/share/interpreter/linkResolver

Events (10 events):
Event: 18.931 Thread 0x0000024ea0a16800 DEOPT UNPACKING pc=0x0000024ea80f83af sp=0x000000b5732fc960 mode 2
Event: 18.932 Thread 0x0000024ea0a16800 Uncommon trap: trap_request=0xffffff4d fr.pc=0x0000024eafd5cfec relative=0x00000000000031cc
Event: 18.932 Thread 0x0000024ea0a16800 DEOPT PACKING pc=0x0000024eafd5cfec sp=0x000000b5732fd0f0
Event: 18.932 Thread 0x0000024ea0a16800 DEOPT UNPACKING pc=0x0000024ea80f83af sp=0x000000b5732fd0e0 mode 2
Event: 18.932 Thread 0x0000024ea0a16800 Uncommon trap: trap_request=0xffffff4d fr.pc=0x0000024eafd4ed5c relative=0x000000000000079c
Event: 18.932 Thread 0x0000024ea0a16800 DEOPT PACKING pc=0x0000024eafd4ed5c sp=0x000000b5732fcfd0
Event: 18.932 Thread 0x0000024ea0a16800 DEOPT UNPACKING pc=0x0000024ea80f83af sp=0x000000b5732fcfa8 mode 2
Event: 18.932 loading class java/util/AbstractMap$SimpleImmutableEntry
Event: 18.932 loading class java/util/AbstractMap$SimpleImmutableEntry done
Event: 18.991 Executing VM operation: CollectForMetadataAllocation


Dynamic libraries:
0x00007ff731eb0000 - 0x00007ff731ebf000 	C:\Program Files\Java\jdk-11.0.16\bin\java.exe
0x00007fffd4d10000 - 0x00007fffd4f08000 	C:\Windows\SYSTEM32\ntdll.dll
0x00007fffd47f0000 - 0x00007fffd48ad000 	C:\Windows\System32\KERNEL32.DLL
0x00007fffd2420000 - 0x00007fffd26f2000 	C:\Windows\System32\KERNELBASE.dll
0x00007fffd2700000 - 0x00007fffd2800000 	C:\Windows\System32\ucrtbase.dll
0x00007fffbce80000 - 0x00007fffbce95000 	C:\Program Files\Java\jdk-11.0.16\bin\VCRUNTIME140.dll
0x00007fffbc010000 - 0x00007fffbc028000 	C:\Program Files\Java\jdk-11.0.16\bin\jli.dll
0x00007fffd2d70000 - 0x00007fffd2e1e000 	C:\Windows\System32\ADVAPI32.dll
0x00007fffd4ad0000 - 0x00007fffd4b6e000 	C:\Windows\System32\msvcrt.dll
0x00007fffd2f60000 - 0x00007fffd2ffc000 	C:\Windows\System32\sechost.dll
0x00007fffd32e0000 - 0x00007fffd3405000 	C:\Windows\System32\RPCRT4.dll
0x00007fffd4590000 - 0x00007fffd472d000 	C:\Windows\System32\USER32.dll
0x00007fffd28a0000 - 0x00007fffd28c2000 	C:\Windows\System32\win32u.dll
0x00007fffd3420000 - 0x00007fffd344b000 	C:\Windows\System32\GDI32.dll
0x00007fffd29b0000 - 0x00007fffd2abf000 	C:\Windows\System32\gdi32full.dll
0x00007fffd2800000 - 0x00007fffd289d000 	C:\Windows\System32\msvcp_win.dll
0x00007fffb4a30000 - 0x00007fffb4cca000 	C:\Windows\WinSxS\amd64_microsoft.windows.common-controls_6595b64144ccf1df_6.0.19041.1110_none_60b5254171f9507e\COMCTL32.dll
0x00007fffcf3c0000 - 0x00007fffcf3ca000 	C:\Windows\SYSTEM32\VERSION.dll
0x00007fffd4730000 - 0x00007fffd4760000 	C:\Windows\System32\IMM32.DLL
0x00007fffb3980000 - 0x00007fffb3a1b000 	C:\Program Files\Java\jdk-11.0.16\bin\msvcp140.dll
0x00007fff7dbb0000 - 0x00007fff7e6c8000 	C:\Program Files\Java\jdk-11.0.16\bin\server\jvm.dll
0x00007fffd3410000 - 0x00007fffd3418000 	C:\Windows\System32\PSAPI.DLL
0x00007fffcc100000 - 0x00007fffcc109000 	C:\Windows\SYSTEM32\WSOCK32.dll
0x00007fffd4930000 - 0x00007fffd499b000 	C:\Windows\System32\WS2_32.dll
0x00007fffaf1d0000 - 0x00007fffaf1f7000 	C:\Windows\SYSTEM32\WINMM.dll
0x00007fffd02c0000 - 0x00007fffd02d2000 	C:\Windows\SYSTEM32\kernel.appcore.dll
0x00007fffc4c50000 - 0x00007fffc4c60000 	C:\Program Files\Java\jdk-11.0.16\bin\verify.dll
0x00007fffc8c20000 - 0x00007fffc8e04000 	C:\Windows\SYSTEM32\DBGHELP.DLL
0x00007fffca510000 - 0x00007fffca53c000 	C:\Windows\SYSTEM32\dbgcore.DLL
0x00007fffd2ac0000 - 0x00007fffd2b42000 	C:\Windows\System32\bcryptPrimitives.dll
0x00007fffbbb60000 - 0x00007fffbbb88000 	C:\Program Files\Java\jdk-11.0.16\bin\java.dll
0x00007fffc4be0000 - 0x00007fffc4bea000 	C:\Program Files\Java\jdk-11.0.16\bin\jimage.dll
0x00007fffb5c70000 - 0x00007fffb5c86000 	C:\Program Files\Java\jdk-11.0.16\bin\zip.dll
0x00007fffd3e40000 - 0x00007fffd4583000 	C:\Windows\System32\SHELL32.dll
0x00007fffd04c0000 - 0x00007fffd0c51000 	C:\Windows\SYSTEM32\windows.storage.dll
0x00007fffd3580000 - 0x00007fffd38d4000 	C:\Windows\System32\combase.dll
0x00007fffd1cc0000 - 0x00007fffd1cf0000 	C:\Windows\SYSTEM32\Wldp.dll
0x00007fffd4b70000 - 0x00007fffd4c1d000 	C:\Windows\System32\SHCORE.dll
0x00007fffd3000000 - 0x00007fffd3055000 	C:\Windows\System32\shlwapi.dll
0x00007fffd2360000 - 0x00007fffd237f000 	C:\Windows\SYSTEM32\profapi.dll
0x00007fffb5b80000 - 0x00007fffb5b99000 	C:\Program Files\Java\jdk-11.0.16\bin\net.dll
0x00007fffcc800000 - 0x00007fffcc90d000 	C:\Windows\SYSTEM32\WINHTTP.dll
0x00007fffd1aa0000 - 0x00007fffd1b0a000 	C:\Windows\system32\mswsock.dll
0x00007fffb5910000 - 0x00007fffb5922000 	C:\Program Files\Java\jdk-11.0.16\bin\nio.dll
0x0000000069ac0000 - 0x0000000069ae4000 	C:\Users\sfjbs\Downloads\micro service-20221001T105859Z-001\micro service\apache-maven-3.8.5-bin\apache-maven-3.8.5\lib\jansi-native\Windows\x86_64\jansi.dll

dbghelp: loaded successfully - version: 4.0.5 - missing functions: none
symbol engine: initialized successfully - sym options: 0x614 - pdb path: .;C:\Program Files\Java\jdk-11.0.16\bin;C:\Windows\SYSTEM32;C:\Windows\WinSxS\amd64_microsoft.windows.common-controls_6595b64144ccf1df_6.0.19041.1110_none_60b5254171f9507e;C:\Program Files\Java\jdk-11.0.16\bin\server;C:\Users\sfjbs\Downloads\micro service-20221001T105859Z-001\micro service\apache-maven-3.8.5-bin\apache-maven-3.8.5\lib\jansi-native\Windows\x86_64

VM Arguments:
jvm_args: -Dclassworlds.conf=C:\Users\sfjbs\Downloads\micro service-20221001T105859Z-001\micro service\apache-maven-3.8.5-bin\apache-maven-3.8.5\bin\m2.conf -Dmaven.home=C:\Users\sfjbs\Downloads\micro service-20221001T105859Z-001\micro service\apache-maven-3.8.5-bin\apache-maven-3.8.5 -Dlibrary.jansi.path=C:\Users\sfjbs\Downloads\micro service-20221001T105859Z-001\micro service\apache-maven-3.8.5-bin\apache-maven-3.8.5\lib\jansi-native -Dmaven.multiModuleProjectDirectory=C:\Users\sfjbs\Documents\eureka-app\eureka-server 
java_command: org.codehaus.plexus.classworlds.launcher.Launcher clean install
java_class_path (initial): C:\Users\sfjbs\Downloads\micro service-20221001T105859Z-001\micro service\apache-maven-3.8.5-bin\apache-maven-3.8.5\boot\plexus-classworlds-2.6.0.jar
Launcher Type: SUN_STANDARD

[Global flags]
     intx CICompilerCount                          = 2                                         {product} {ergonomic}
     uint ConcGCThreads                            = 1                                         {product} {ergonomic}
     uint G1ConcRefinementThreads                  = 2                                         {product} {ergonomic}
   size_t G1HeapRegionSize                         = 1048576                                   {product} {ergonomic}
    uintx GCDrainStackTargetSize                   = 64                                        {product} {ergonomic}
   size_t InitialHeapSize                          = 134217728                                 {product} {ergonomic}
   size_t MarkStackSize                            = 4194304                                   {product} {ergonomic}
   size_t MaxHeapSize                              = 2147483648                                {product} {ergonomic}
   size_t MaxNewSize                               = 1287651328                                {product} {ergonomic}
   size_t MinHeapDeltaBytes                        = 1048576                                   {product} {ergonomic}
    uintx NonNMethodCodeHeapSize                   = 5825164                                {pd product} {ergonomic}
    uintx NonProfiledCodeHeapSize                  = 122916538                              {pd product} {ergonomic}
    uintx ProfiledCodeHeapSize                     = 122916538                              {pd product} {ergonomic}
    uintx ReservedCodeCacheSize                    = 251658240                              {pd product} {ergonomic}
     bool SegmentedCodeCache                       = true                                      {product} {ergonomic}
     bool UseCompressedClassPointers               = true                                 {lp64_product} {ergonomic}
     bool UseCompressedOops                        = true                                 {lp64_product} {ergonomic}
     bool UseG1GC                                  = true                                      {product} {ergonomic}
     bool UseLargePagesIndividualAllocation        = false                                  {pd product} {ergonomic}

Logging:
Log output configuration:
 #0: stdout all=warning uptime,level,tags
 #1: stderr all=off uptime,level,tags

Environment Variables:
PATH=C:\Program Files\Common Files\Oracle\Java\javapath;C:\Windows\system32;C:\Windows;C:\Windows\System32\Wbem;C:\Windows\System32\WindowsPowerShell\v1.0\;C:\Windows\System32\OpenSSH\;C:\Users\sfjbs\Downloads\micro service-20221001T105859Z-001\micro service\apache-maven-3.8.5-bin\apache-maven-3.8.5\bin;C:\Users\sfjbs\Downloads\micro service-20221001T105859Z-001\micro service\apache-maven-3.8.5-bin\apache-maven-3.8.5\lib;C:\Program Files\Git\cmd;C:\Program Files\Docker\Docker\resources\bin;C:\ProgramData\DockerDesktop\version-bin;C:\Users\sfjbs\AppData\Local\Microsoft\WindowsApps;C:\Users\sfjbs\Downloads\micro service-20221001T105859Z-001\micro service\apache-maven-3.8.5-bin\apache-maven-3.8.5\bin;C:\Users\sfjbs\Downloads\micro service-20221001T105859Z-001\micro service\apache-maven-3.8.5-bin\apache-maven-3.8.5\lib;;C:\Program Files\JetBrains\IntelliJ IDEA Community Edition 2022.2.1\bin;
USERNAME=sfjbs
OS=Windows_NT
PROCESSOR_IDENTIFIER=Intel64 Family 6 Model 106 Stepping 6, GenuineIntel



---------------  S Y S T E M  ---------------

OS: Windows 10 , 64 bit Build 19041 (10.0.19041.1889)
Hyper-V role detected

CPU:total 2 (initial active 2) (1 cores per cpu, 2 threads per core) family 6 model 106 stepping 6 microcode 0xffffffff, cmov, cx8, fxsr, mmx, sse, sse2, sse3, ssse3, sse4.1, sse4.2, popcnt, avx, avx2, aes, clmul, erms, rtm, 3dnowpref, lzcnt, ht, tsc, bmi1, bmi2, adx, evex, fma

Memory: 4k page, system-wide physical 8190M (402M free)
TotalPageFile size 10238M (AvailPageFile size 20M)
current process WorkingSet (physical memory assigned to process): 275M, peak: 275M
current process commit charge ("private bytes"): 304M, peak: 346M

vm_info: Java HotSpot(TM) 64-Bit Server VM (11.0.16+11-LTS-199) for windows-amd64 JRE (11.0.16+11-LTS-199), built on Jun 28 2022 08:23:17 by "mach5one" with MS VC++ 15.9 (VS2017)

END.
