#
# There is insufficient memory for the Java Runtime Environment to continue.
# Native memory allocation (malloc) failed to allocate 1048176 bytes for Chunk::new
# Possible reasons:
#   The system is out of physical RAM or swap space
#   The process is running with CompressedOops enabled, and the Java Heap may be blocking the growth of the native heap
# Possible solutions:
#   Reduce memory load on the system
#   Increase physical memory or swap space
#   Check if swap backing store is full
#   Decrease Java heap size (-Xmx/-Xms)
#   Decrease number of Java threads
#   Decrease Java thread stack sizes (-Xss)
#   Set larger code cache with -XX:ReservedCodeCacheSize=
#   JVM is running with Unscaled Compressed Oops mode in which the Java heap is
#     placed in the first 4GB address space. The Java Heap base address is the
#     maximum limit for the native heap growth. Please use -XX:HeapBaseMinAddress
#     to set the Java Heap base and to place the Java Heap above 4GB virtual address.
# This output file may be truncated or incomplete.
#
#  Out of Memory Error (./open/src/hotspot/share/memory/arena.cpp:197), pid=75924, tid=74904
#
# JRE version: Java(TM) SE Runtime Environment 18.9 (11.0.16+11) (build 11.0.16+11-LTS-199)
# Java VM: Java HotSpot(TM) 64-Bit Server VM 18.9 (11.0.16+11-LTS-199, mixed mode, tiered, compressed oops, g1 gc, windows-amd64)
# No core dump will be written. Minidumps are not enabled by default on client versions of Windows
#

---------------  S U M M A R Y ------------

Command Line: -Dclassworlds.conf=C:\Users\sfjbs\Downloads\micro service-20221001T123314Z-001\micro service\apache-maven-3.8.5-bin\apache-maven-3.8.5\bin\m2.conf -Dmaven.home=C:\Users\sfjbs\Downloads\micro service-20221001T123314Z-001\micro service\apache-maven-3.8.5-bin\apache-maven-3.8.5 -Dlibrary.jansi.path=C:\Users\sfjbs\Downloads\micro service-20221001T123314Z-001\micro service\apache-maven-3.8.5-bin\apache-maven-3.8.5\lib\jansi-native -Dmaven.multiModuleProjectDirectory=C:\Users\sfjbs\IdeaProjects\training\Harshad\day13\pension-management-system org.codehaus.plexus.classworlds.launcher.Launcher clean install -DskipTests

Host: Intel(R) Xeon(R) Platinum 8370C CPU @ 2.80GHz, 2 cores, 7G,  Windows 10 , 64 bit Build 19041 (10.0.19041.1889)
Time: Wed Oct 26 15:51:29 2022 Coordinated Universal Time elapsed time: 2.995417 seconds (0d 0h 0m 2s)

---------------  T H R E A D  ---------------

Current thread (0x00000257a8003800):  JavaThread "C2 CompilerThread0" daemon [_thread_in_native, id=74904, stack(0x000000bf7d200000,0x000000bf7d300000)]


Current CompileTask:
C2:   2995 1774   !   4       java.net.URL::<init> (543 bytes)

Stack: [0x000000bf7d200000,0x000000bf7d300000]
Native frames: (J=compiled Java code, j=interpreted, Vv=VM code, C=native code)
V  [jvm.dll+0x62a3ea]
V  [jvm.dll+0x76418f]
V  [jvm.dll+0x765839]
V  [jvm.dll+0x765ec3]
V  [jvm.dll+0x23da98]
V  [jvm.dll+0xb2a1c]
V  [jvm.dll+0xb2fdc]
V  [jvm.dll+0x341487]
V  [jvm.dll+0x18ca39]
V  [jvm.dll+0x1f85b2]
V  [jvm.dll+0x1f768d]
V  [jvm.dll+0x177c81]
V  [jvm.dll+0x207006]
V  [jvm.dll+0x20519b]
V  [jvm.dll+0x729fa0]
V  [jvm.dll+0x722b74]
V  [jvm.dll+0x629286]
C  [ucrtbase.dll+0x21bb2]
C  [KERNEL32.DLL+0x17034]
C  [ntdll.dll+0x526a1]


---------------  P R O C E S S  ---------------

Threads class SMR info:
_java_thread_list=0x00000257a8aa3b90, length=10, elements={
0x000002578a4f8000, 0x00000257a7fde000, 0x00000257a7fea000, 0x00000257a7ffb000,
0x00000257a7fff000, 0x00000257a8000000, 0x00000257a8003800, 0x00000257a8012000,
0x00000257a8013000, 0x00000257a8ac7000
}

Java Threads: ( => current thread )
  0x000002578a4f8000 JavaThread "main" [_thread_in_vm, id=76120, stack(0x000000bf7c600000,0x000000bf7c700000)]
  0x00000257a7fde000 JavaThread "Reference Handler" daemon [_thread_blocked, id=76064, stack(0x000000bf7cd00000,0x000000bf7ce00000)]
  0x00000257a7fea000 JavaThread "Finalizer" daemon [_thread_blocked, id=75732, stack(0x000000bf7ce00000,0x000000bf7cf00000)]
  0x00000257a7ffb000 JavaThread "Signal Dispatcher" daemon [_thread_blocked, id=76072, stack(0x000000bf7cf00000,0x000000bf7d000000)]
  0x00000257a7fff000 JavaThread "Attach Listener" daemon [_thread_blocked, id=70304, stack(0x000000bf7d000000,0x000000bf7d100000)]
  0x00000257a8000000 JavaThread "Service Thread" daemon [_thread_blocked, id=75072, stack(0x000000bf7d100000,0x000000bf7d200000)]
=>0x00000257a8003800 JavaThread "C2 CompilerThread0" daemon [_thread_in_native, id=74904, stack(0x000000bf7d200000,0x000000bf7d300000)]
  0x00000257a8012000 JavaThread "C1 CompilerThread0" daemon [_thread_blocked, id=74960, stack(0x000000bf7d300000,0x000000bf7d400000)]
  0x00000257a8013000 JavaThread "Sweeper thread" daemon [_thread_blocked, id=75268, stack(0x000000bf7d400000,0x000000bf7d500000)]
  0x00000257a8ac7000 JavaThread "Common-Cleaner" daemon [_thread_blocked, id=76196, stack(0x000000bf7d600000,0x000000bf7d700000)]

Other Threads:
  0x00000257a7fdb800 VMThread "VM Thread" [stack: 0x000000bf7cc00000,0x000000bf7cd00000] [id=76092]
  0x00000257a8ac4000 WatcherThread [stack: 0x000000bf7d500000,0x000000bf7d600000] [id=74940]
  0x000002578a50d000 GCTaskThread "GC Thread#0" [stack: 0x000000bf7c700000,0x000000bf7c800000] [id=76124]
  0x00000257a8d68800 GCTaskThread "GC Thread#1" [stack: 0x000000bf7d700000,0x000000bf7d800000] [id=76216]
  0x000002578a53d000 ConcurrentGCThread "G1 Main Marker" [stack: 0x000000bf7c800000,0x000000bf7c900000] [id=76104]
  0x000002578a53f800 ConcurrentGCThread "G1 Conc#0" [stack: 0x000000bf7c900000,0x000000bf7ca00000] [id=76068]
  0x000002578a5c9800 ConcurrentGCThread "G1 Refine#0" [stack: 0x000000bf7ca00000,0x000000bf7cb00000] [id=76096]
  0x000002578a5ca800 ConcurrentGCThread "G1 Young RemSet Sampling" [stack: 0x000000bf7cb00000,0x000000bf7cc00000] [id=76100]

Threads with active compile tasks:
C2 CompilerThread0     3030 1774   !   4       java.net.URL::<init> (543 bytes)

VM state:not at safepoint (normal execution)

VM Mutex/Monitor currently owned by a thread: None

Heap address: 0x0000000080000000, size: 2048 MB, Compressed Oops mode: 32-bit
Narrow klass base: 0x0000000000000000, Narrow klass shift: 3
Compressed class space size: 1073741824 Address: 0x0000000100000000

Heap:
 garbage-first heap   total 131072K, used 26060K [0x0000000080000000, 0x0000000100000000)
  region size 1024K, 25 young (25600K), 3 survivors (3072K)
 Metaspace       used 18499K, capacity 18871K, committed 19072K, reserved 1067008K
  class space    used 2013K, capacity 2146K, committed 2176K, reserved 1048576K
Heap Regions: E=young(eden), S=young(survivor), O=old, HS=humongous(starts), HC=humongous(continues), CS=collection set, F=free, A=archive, TAMS=top-at-mark-start (previous, next)
|   0|0x0000000080000000, 0x0000000080100000, 0x0000000080100000|100%| O|  |TAMS 0x0000000080000000, 0x0000000080000000| Untracked 
|   1|0x0000000080100000, 0x0000000080200000, 0x0000000080200000|100%| O|  |TAMS 0x0000000080100000, 0x0000000080100000| Untracked 
|   2|0x0000000080200000, 0x0000000080235600, 0x0000000080300000| 20%| O|  |TAMS 0x0000000080200000, 0x0000000080200000| Untracked 
|   3|0x0000000080300000, 0x0000000080300000, 0x0000000080400000|  0%| F|  |TAMS 0x0000000080300000, 0x0000000080300000| Untracked 
|   4|0x0000000080400000, 0x0000000080400000, 0x0000000080500000|  0%| F|  |TAMS 0x0000000080400000, 0x0000000080400000| Untracked 
|   5|0x0000000080500000, 0x0000000080500000, 0x0000000080600000|  0%| F|  |TAMS 0x0000000080500000, 0x0000000080500000| Untracked 
|   6|0x0000000080600000, 0x0000000080600000, 0x0000000080700000|  0%| F|  |TAMS 0x0000000080600000, 0x0000000080600000| Untracked 
|   7|0x0000000080700000, 0x0000000080700000, 0x0000000080800000|  0%| F|  |TAMS 0x0000000080700000, 0x0000000080700000| Untracked 
|   8|0x0000000080800000, 0x0000000080800000, 0x0000000080900000|  0%| F|  |TAMS 0x0000000080800000, 0x0000000080800000| Untracked 
|   9|0x0000000080900000, 0x0000000080900000, 0x0000000080a00000|  0%| F|  |TAMS 0x0000000080900000, 0x0000000080900000| Untracked 
|  10|0x0000000080a00000, 0x0000000080a00000, 0x0000000080b00000|  0%| F|  |TAMS 0x0000000080a00000, 0x0000000080a00000| Untracked 
|  11|0x0000000080b00000, 0x0000000080b00000, 0x0000000080c00000|  0%| F|  |TAMS 0x0000000080b00000, 0x0000000080b00000| Untracked 
|  12|0x0000000080c00000, 0x0000000080c00000, 0x0000000080d00000|  0%| F|  |TAMS 0x0000000080c00000, 0x0000000080c00000| Untracked 
|  13|0x0000000080d00000, 0x0000000080d00000, 0x0000000080e00000|  0%| F|  |TAMS 0x0000000080d00000, 0x0000000080d00000| Untracked 
|  14|0x0000000080e00000, 0x0000000080e00000, 0x0000000080f00000|  0%| F|  |TAMS 0x0000000080e00000, 0x0000000080e00000| Untracked 
|  15|0x0000000080f00000, 0x0000000080f00000, 0x0000000081000000|  0%| F|  |TAMS 0x0000000080f00000, 0x0000000080f00000| Untracked 
|  16|0x0000000081000000, 0x0000000081000000, 0x0000000081100000|  0%| F|  |TAMS 0x0000000081000000, 0x0000000081000000| Untracked 
|  17|0x0000000081100000, 0x0000000081100000, 0x0000000081200000|  0%| F|  |TAMS 0x0000000081100000, 0x0000000081100000| Untracked 
|  18|0x0000000081200000, 0x0000000081200000, 0x0000000081300000|  0%| F|  |TAMS 0x0000000081200000, 0x0000000081200000| Untracked 
|  19|0x0000000081300000, 0x0000000081300000, 0x0000000081400000|  0%| F|  |TAMS 0x0000000081300000, 0x0000000081300000| Untracked 
|  20|0x0000000081400000, 0x0000000081400000, 0x0000000081500000|  0%| F|  |TAMS 0x0000000081400000, 0x0000000081400000| Untracked 
|  21|0x0000000081500000, 0x0000000081500000, 0x0000000081600000|  0%| F|  |TAMS 0x0000000081500000, 0x0000000081500000| Untracked 
|  22|0x0000000081600000, 0x0000000081600000, 0x0000000081700000|  0%| F|  |TAMS 0x0000000081600000, 0x0000000081600000| Untracked 
|  23|0x0000000081700000, 0x0000000081700000, 0x0000000081800000|  0%| F|  |TAMS 0x0000000081700000, 0x0000000081700000| Untracked 
|  24|0x0000000081800000, 0x0000000081800000, 0x0000000081900000|  0%| F|  |TAMS 0x0000000081800000, 0x0000000081800000| Untracked 
|  25|0x0000000081900000, 0x0000000081900000, 0x0000000081a00000|  0%| F|  |TAMS 0x0000000081900000, 0x0000000081900000| Untracked 
|  26|0x0000000081a00000, 0x0000000081a00000, 0x0000000081b00000|  0%| F|  |TAMS 0x0000000081a00000, 0x0000000081a00000| Untracked 
|  27|0x0000000081b00000, 0x0000000081b00000, 0x0000000081c00000|  0%| F|  |TAMS 0x0000000081b00000, 0x0000000081b00000| Untracked 
|  28|0x0000000081c00000, 0x0000000081c00000, 0x0000000081d00000|  0%| F|  |TAMS 0x0000000081c00000, 0x0000000081c00000| Untracked 
|  29|0x0000000081d00000, 0x0000000081d00000, 0x0000000081e00000|  0%| F|  |TAMS 0x0000000081d00000, 0x0000000081d00000| Untracked 
|  30|0x0000000081e00000, 0x0000000081e00000, 0x0000000081f00000|  0%| F|  |TAMS 0x0000000081e00000, 0x0000000081e00000| Untracked 
|  31|0x0000000081f00000, 0x0000000081f00000, 0x0000000082000000|  0%| F|  |TAMS 0x0000000081f00000, 0x0000000081f00000| Untracked 
|  32|0x0000000082000000, 0x0000000082000000, 0x0000000082100000|  0%| F|  |TAMS 0x0000000082000000, 0x0000000082000000| Untracked 
|  33|0x0000000082100000, 0x0000000082100000, 0x0000000082200000|  0%| F|  |TAMS 0x0000000082100000, 0x0000000082100000| Untracked 
|  34|0x0000000082200000, 0x0000000082200000, 0x0000000082300000|  0%| F|  |TAMS 0x0000000082200000, 0x0000000082200000| Untracked 
|  35|0x0000000082300000, 0x0000000082300000, 0x0000000082400000|  0%| F|  |TAMS 0x0000000082300000, 0x0000000082300000| Untracked 
|  36|0x0000000082400000, 0x0000000082400000, 0x0000000082500000|  0%| F|  |TAMS 0x0000000082400000, 0x0000000082400000| Untracked 
|  37|0x0000000082500000, 0x0000000082500000, 0x0000000082600000|  0%| F|  |TAMS 0x0000000082500000, 0x0000000082500000| Untracked 
|  38|0x0000000082600000, 0x0000000082600000, 0x0000000082700000|  0%| F|  |TAMS 0x0000000082600000, 0x0000000082600000| Untracked 
|  39|0x0000000082700000, 0x0000000082700000, 0x0000000082800000|  0%| F|  |TAMS 0x0000000082700000, 0x0000000082700000| Untracked 
|  40|0x0000000082800000, 0x0000000082800000, 0x0000000082900000|  0%| F|  |TAMS 0x0000000082800000, 0x0000000082800000| Untracked 
|  41|0x0000000082900000, 0x0000000082900000, 0x0000000082a00000|  0%| F|  |TAMS 0x0000000082900000, 0x0000000082900000| Untracked 
|  42|0x0000000082a00000, 0x0000000082a00000, 0x0000000082b00000|  0%| F|  |TAMS 0x0000000082a00000, 0x0000000082a00000| Untracked 
|  43|0x0000000082b00000, 0x0000000082b00000, 0x0000000082c00000|  0%| F|  |TAMS 0x0000000082b00000, 0x0000000082b00000| Untracked 
|  44|0x0000000082c00000, 0x0000000082c00000, 0x0000000082d00000|  0%| F|  |TAMS 0x0000000082c00000, 0x0000000082c00000| Untracked 
|  45|0x0000000082d00000, 0x0000000082d00000, 0x0000000082e00000|  0%| F|  |TAMS 0x0000000082d00000, 0x0000000082d00000| Untracked 
|  46|0x0000000082e00000, 0x0000000082e00000, 0x0000000082f00000|  0%| F|  |TAMS 0x0000000082e00000, 0x0000000082e00000| Untracked 
|  47|0x0000000082f00000, 0x0000000082f00000, 0x0000000083000000|  0%| F|  |TAMS 0x0000000082f00000, 0x0000000082f00000| Untracked 
|  48|0x0000000083000000, 0x0000000083000000, 0x0000000083100000|  0%| F|  |TAMS 0x0000000083000000, 0x0000000083000000| Untracked 
|  49|0x0000000083100000, 0x0000000083100000, 0x0000000083200000|  0%| F|  |TAMS 0x0000000083100000, 0x0000000083100000| Untracked 
|  50|0x0000000083200000, 0x0000000083200000, 0x0000000083300000|  0%| F|  |TAMS 0x0000000083200000, 0x0000000083200000| Untracked 
|  51|0x0000000083300000, 0x0000000083300000, 0x0000000083400000|  0%| F|  |TAMS 0x0000000083300000, 0x0000000083300000| Untracked 
|  52|0x0000000083400000, 0x0000000083400000, 0x0000000083500000|  0%| F|  |TAMS 0x0000000083400000, 0x0000000083400000| Untracked 
|  53|0x0000000083500000, 0x0000000083500000, 0x0000000083600000|  0%| F|  |TAMS 0x0000000083500000, 0x0000000083500000| Untracked 
|  54|0x0000000083600000, 0x0000000083600000, 0x0000000083700000|  0%| F|  |TAMS 0x0000000083600000, 0x0000000083600000| Untracked 
|  55|0x0000000083700000, 0x0000000083700000, 0x0000000083800000|  0%| F|  |TAMS 0x0000000083700000, 0x0000000083700000| Untracked 
|  56|0x0000000083800000, 0x0000000083800000, 0x0000000083900000|  0%| F|  |TAMS 0x0000000083800000, 0x0000000083800000| Untracked 
|  57|0x0000000083900000, 0x0000000083900000, 0x0000000083a00000|  0%| F|  |TAMS 0x0000000083900000, 0x0000000083900000| Untracked 
|  58|0x0000000083a00000, 0x0000000083a00000, 0x0000000083b00000|  0%| F|  |TAMS 0x0000000083a00000, 0x0000000083a00000| Untracked 
|  59|0x0000000083b00000, 0x0000000083b00000, 0x0000000083c00000|  0%| F|  |TAMS 0x0000000083b00000, 0x0000000083b00000| Untracked 
|  60|0x0000000083c00000, 0x0000000083c00000, 0x0000000083d00000|  0%| F|  |TAMS 0x0000000083c00000, 0x0000000083c00000| Untracked 
|  61|0x0000000083d00000, 0x0000000083d00000, 0x0000000083e00000|  0%| F|  |TAMS 0x0000000083d00000, 0x0000000083d00000| Untracked 
|  62|0x0000000083e00000, 0x0000000083e00000, 0x0000000083f00000|  0%| F|  |TAMS 0x0000000083e00000, 0x0000000083e00000| Untracked 
|  63|0x0000000083f00000, 0x0000000083f00000, 0x0000000084000000|  0%| F|  |TAMS 0x0000000083f00000, 0x0000000083f00000| Untracked 
|  64|0x0000000084000000, 0x0000000084000000, 0x0000000084100000|  0%| F|  |TAMS 0x0000000084000000, 0x0000000084000000| Untracked 
|  65|0x0000000084100000, 0x0000000084100000, 0x0000000084200000|  0%| F|  |TAMS 0x0000000084100000, 0x0000000084100000| Untracked 
|  66|0x0000000084200000, 0x0000000084200000, 0x0000000084300000|  0%| F|  |TAMS 0x0000000084200000, 0x0000000084200000| Untracked 
|  67|0x0000000084300000, 0x0000000084300000, 0x0000000084400000|  0%| F|  |TAMS 0x0000000084300000, 0x0000000084300000| Untracked 
|  68|0x0000000084400000, 0x0000000084400000, 0x0000000084500000|  0%| F|  |TAMS 0x0000000084400000, 0x0000000084400000| Untracked 
|  69|0x0000000084500000, 0x0000000084500000, 0x0000000084600000|  0%| F|  |TAMS 0x0000000084500000, 0x0000000084500000| Untracked 
|  70|0x0000000084600000, 0x0000000084600000, 0x0000000084700000|  0%| F|  |TAMS 0x0000000084600000, 0x0000000084600000| Untracked 
|  71|0x0000000084700000, 0x0000000084700000, 0x0000000084800000|  0%| F|  |TAMS 0x0000000084700000, 0x0000000084700000| Untracked 
|  72|0x0000000084800000, 0x0000000084800000, 0x0000000084900000|  0%| F|  |TAMS 0x0000000084800000, 0x0000000084800000| Untracked 
|  73|0x0000000084900000, 0x0000000084900000, 0x0000000084a00000|  0%| F|  |TAMS 0x0000000084900000, 0x0000000084900000| Untracked 
|  74|0x0000000084a00000, 0x0000000084a00000, 0x0000000084b00000|  0%| F|  |TAMS 0x0000000084a00000, 0x0000000084a00000| Untracked 
|  75|0x0000000084b00000, 0x0000000084b00000, 0x0000000084c00000|  0%| F|  |TAMS 0x0000000084b00000, 0x0000000084b00000| Untracked 
|  76|0x0000000084c00000, 0x0000000084c00000, 0x0000000084d00000|  0%| F|  |TAMS 0x0000000084c00000, 0x0000000084c00000| Untracked 
|  77|0x0000000084d00000, 0x0000000084d00000, 0x0000000084e00000|  0%| F|  |TAMS 0x0000000084d00000, 0x0000000084d00000| Untracked 
|  78|0x0000000084e00000, 0x0000000084e00000, 0x0000000084f00000|  0%| F|  |TAMS 0x0000000084e00000, 0x0000000084e00000| Untracked 
|  79|0x0000000084f00000, 0x0000000084f00000, 0x0000000085000000|  0%| F|  |TAMS 0x0000000084f00000, 0x0000000084f00000| Untracked 
|  80|0x0000000085000000, 0x0000000085000000, 0x0000000085100000|  0%| F|  |TAMS 0x0000000085000000, 0x0000000085000000| Untracked 
|  81|0x0000000085100000, 0x0000000085100000, 0x0000000085200000|  0%| F|  |TAMS 0x0000000085100000, 0x0000000085100000| Untracked 
|  82|0x0000000085200000, 0x0000000085200000, 0x0000000085300000|  0%| F|  |TAMS 0x0000000085200000, 0x0000000085200000| Untracked 
|  83|0x0000000085300000, 0x0000000085300000, 0x0000000085400000|  0%| F|  |TAMS 0x0000000085300000, 0x0000000085300000| Untracked 
|  84|0x0000000085400000, 0x0000000085400000, 0x0000000085500000|  0%| F|  |TAMS 0x0000000085400000, 0x0000000085400000| Untracked 
|  85|0x0000000085500000, 0x0000000085500000, 0x0000000085600000|  0%| F|  |TAMS 0x0000000085500000, 0x0000000085500000| Untracked 
|  86|0x0000000085600000, 0x0000000085600000, 0x0000000085700000|  0%| F|  |TAMS 0x0000000085600000, 0x0000000085600000| Untracked 
|  87|0x0000000085700000, 0x0000000085700000, 0x0000000085800000|  0%| F|  |TAMS 0x0000000085700000, 0x0000000085700000| Untracked 
|  88|0x0000000085800000, 0x0000000085800000, 0x0000000085900000|  0%| F|  |TAMS 0x0000000085800000, 0x0000000085800000| Untracked 
|  89|0x0000000085900000, 0x0000000085900000, 0x0000000085a00000|  0%| F|  |TAMS 0x0000000085900000, 0x0000000085900000| Untracked 
|  90|0x0000000085a00000, 0x0000000085a00000, 0x0000000085b00000|  0%| F|  |TAMS 0x0000000085a00000, 0x0000000085a00000| Untracked 
|  91|0x0000000085b00000, 0x0000000085b00000, 0x0000000085c00000|  0%| F|  |TAMS 0x0000000085b00000, 0x0000000085b00000| Untracked 
|  92|0x0000000085c00000, 0x0000000085c00000, 0x0000000085d00000|  0%| F|  |TAMS 0x0000000085c00000, 0x0000000085c00000| Untracked 
|  93|0x0000000085d00000, 0x0000000085d00000, 0x0000000085e00000|  0%| F|  |TAMS 0x0000000085d00000, 0x0000000085d00000| Untracked 
|  94|0x0000000085e00000, 0x0000000085e00000, 0x0000000085f00000|  0%| F|  |TAMS 0x0000000085e00000, 0x0000000085e00000| Untracked 
|  95|0x0000000085f00000, 0x0000000085f00000, 0x0000000086000000|  0%| F|  |TAMS 0x0000000085f00000, 0x0000000085f00000| Untracked 
|  96|0x0000000086000000, 0x0000000086000000, 0x0000000086100000|  0%| F|  |TAMS 0x0000000086000000, 0x0000000086000000| Untracked 
|  97|0x0000000086100000, 0x0000000086100000, 0x0000000086200000|  0%| F|  |TAMS 0x0000000086100000, 0x0000000086100000| Untracked 
|  98|0x0000000086200000, 0x0000000086200000, 0x0000000086300000|  0%| F|  |TAMS 0x0000000086200000, 0x0000000086200000| Untracked 
|  99|0x0000000086300000, 0x0000000086300000, 0x0000000086400000|  0%| F|  |TAMS 0x0000000086300000, 0x0000000086300000| Untracked 
| 100|0x0000000086400000, 0x0000000086400000, 0x0000000086500000|  0%| F|  |TAMS 0x0000000086400000, 0x0000000086400000| Untracked 
| 101|0x0000000086500000, 0x0000000086500000, 0x0000000086600000|  0%| F|  |TAMS 0x0000000086500000, 0x0000000086500000| Untracked 
| 102|0x0000000086600000, 0x0000000086600000, 0x0000000086700000|  0%| F|  |TAMS 0x0000000086600000, 0x0000000086600000| Untracked 
| 103|0x0000000086700000, 0x0000000086800000, 0x0000000086800000|100%| E|  |TAMS 0x0000000086700000, 0x0000000086700000| Complete 
| 104|0x0000000086800000, 0x0000000086900000, 0x0000000086900000|100%| E|CS|TAMS 0x0000000086800000, 0x0000000086800000| Complete 
| 105|0x0000000086900000, 0x000000008693dc30, 0x0000000086a00000| 24%| S|CS|TAMS 0x0000000086900000, 0x0000000086900000| Complete 
| 106|0x0000000086a00000, 0x0000000086b00000, 0x0000000086b00000|100%| S|CS|TAMS 0x0000000086a00000, 0x0000000086a00000| Complete 
| 107|0x0000000086b00000, 0x0000000086c00000, 0x0000000086c00000|100%| S|CS|TAMS 0x0000000086b00000, 0x0000000086b00000| Complete 
| 108|0x0000000086c00000, 0x0000000086d00000, 0x0000000086d00000|100%| E|CS|TAMS 0x0000000086c00000, 0x0000000086c00000| Complete 
| 109|0x0000000086d00000, 0x0000000086e00000, 0x0000000086e00000|100%| E|CS|TAMS 0x0000000086d00000, 0x0000000086d00000| Complete 
| 110|0x0000000086e00000, 0x0000000086f00000, 0x0000000086f00000|100%| E|CS|TAMS 0x0000000086e00000, 0x0000000086e00000| Complete 
| 111|0x0000000086f00000, 0x0000000087000000, 0x0000000087000000|100%| E|CS|TAMS 0x0000000086f00000, 0x0000000086f00000| Complete 
| 112|0x0000000087000000, 0x0000000087100000, 0x0000000087100000|100%| E|CS|TAMS 0x0000000087000000, 0x0000000087000000| Complete 
| 113|0x0000000087100000, 0x0000000087200000, 0x0000000087200000|100%| E|CS|TAMS 0x0000000087100000, 0x0000000087100000| Complete 
| 114|0x0000000087200000, 0x0000000087300000, 0x0000000087300000|100%| E|CS|TAMS 0x0000000087200000, 0x0000000087200000| Complete 
| 115|0x0000000087300000, 0x0000000087400000, 0x0000000087400000|100%| E|CS|TAMS 0x0000000087300000, 0x0000000087300000| Complete 
| 116|0x0000000087400000, 0x0000000087500000, 0x0000000087500000|100%| E|CS|TAMS 0x0000000087400000, 0x0000000087400000| Complete 
| 117|0x0000000087500000, 0x0000000087600000, 0x0000000087600000|100%| E|CS|TAMS 0x0000000087500000, 0x0000000087500000| Complete 
| 118|0x0000000087600000, 0x0000000087700000, 0x0000000087700000|100%| E|CS|TAMS 0x0000000087600000, 0x0000000087600000| Complete 
| 119|0x0000000087700000, 0x0000000087800000, 0x0000000087800000|100%| E|CS|TAMS 0x0000000087700000, 0x0000000087700000| Complete 
| 120|0x0000000087800000, 0x0000000087900000, 0x0000000087900000|100%| E|CS|TAMS 0x0000000087800000, 0x0000000087800000| Complete 
| 121|0x0000000087900000, 0x0000000087a00000, 0x0000000087a00000|100%| E|CS|TAMS 0x0000000087900000, 0x0000000087900000| Complete 
| 122|0x0000000087a00000, 0x0000000087b00000, 0x0000000087b00000|100%| E|CS|TAMS 0x0000000087a00000, 0x0000000087a00000| Complete 
| 123|0x0000000087b00000, 0x0000000087c00000, 0x0000000087c00000|100%| E|CS|TAMS 0x0000000087b00000, 0x0000000087b00000| Complete 
| 124|0x0000000087c00000, 0x0000000087d00000, 0x0000000087d00000|100%| E|CS|TAMS 0x0000000087c00000, 0x0000000087c00000| Complete 
| 125|0x0000000087d00000, 0x0000000087e00000, 0x0000000087e00000|100%| E|CS|TAMS 0x0000000087d00000, 0x0000000087d00000| Complete 
| 126|0x0000000087e00000, 0x0000000087f00000, 0x0000000087f00000|100%| E|CS|TAMS 0x0000000087e00000, 0x0000000087e00000| Complete 
| 127|0x0000000087f00000, 0x0000000088000000, 0x0000000088000000|100%| E|CS|TAMS 0x0000000087f00000, 0x0000000087f00000| Complete 

Card table byte_map: [0x00000257a13c0000,0x00000257a17c0000] _byte_map_base: 0x00000257a0fc0000

Marking Bits (Prev, Next): (CMBitMap*) 0x000002578a534258, (CMBitMap*) 0x000002578a534290
 Prev Bits: [0x00000257a1bc0000, 0x00000257a3bc0000)
 Next Bits: [0x00000257a3bc0000, 0x00000257a5bc0000)

Polling page: 0x0000025788bc0000

Metaspace:

Usage:
  Non-class:     16.33 MB capacity,    16.16 MB ( 99%) used,   158.99 KB ( <1%) free+waste,    20.06 KB ( <1%) overhead. 
      Class:      2.10 MB capacity,     1.97 MB ( 94%) used,   117.91 KB (  5%) free+waste,     8.38 KB ( <1%) overhead. 
       Both:     18.43 MB capacity,    18.13 MB ( 98%) used,   276.91 KB (  1%) free+waste,    28.44 KB ( <1%) overhead. 

Virtual space:
  Non-class space:       18.00 MB reserved,      16.50 MB ( 92%) committed 
      Class space:        1.00 GB reserved,       2.13 MB ( <1%) committed 
             Both:        1.02 GB reserved,      18.63 MB (  2%) committed 

Chunk freelists:
   Non-Class:  5.38 KB
       Class:  3.75 KB
        Both:  9.13 KB

CodeHeap 'non-profiled nmethods': size=120064Kb used=685Kb max_used=685Kb free=119378Kb
 bounds [0x0000025799670000, 0x00000257998e0000, 0x00000257a0bb0000]
CodeHeap 'profiled nmethods': size=120000Kb used=4175Kb max_used=4175Kb free=115824Kb
 bounds [0x0000025792140000, 0x0000025792560000, 0x0000025799670000]
CodeHeap 'non-nmethods': size=5696Kb used=1113Kb max_used=1120Kb free=4582Kb
 bounds [0x0000025791bb0000, 0x0000025791e20000, 0x0000025792140000]
 total_blobs=2425 nmethods=2014 adapters=322
 compilation: enabled
              stopped_count=0, restarted_count=0
 full_count=0

Compilation events (10 events):
Event: 2.973 Thread 0x00000257a8012000 2003       3       org.eclipse.sisu.inject.InjectorBindings::publishWildcardMatches (81 bytes)
Event: 2.974 Thread 0x00000257a8012000 nmethod 2003 0x000002579254c790 code [0x000002579254c9e0, 0x000002579254d2f8]
Event: 2.974 Thread 0x00000257a8012000 2004       3       com.google.inject.spi.Dependency::get (15 bytes)
Event: 2.974 Thread 0x00000257a8012000 nmethod 2004 0x000002579254d710 code [0x000002579254d900, 0x000002579254de18]
Event: 2.975 Thread 0x00000257a8012000 2005       3       java.util.concurrent.ConcurrentHashMap$EntryIterator::next (5 bytes)
Event: 2.975 Thread 0x00000257a8012000 nmethod 2005 0x000002579254e010 code [0x000002579254e1c0, 0x000002579254e2e8]
Event: 2.975 Thread 0x00000257a8012000 2006       3       java.util.concurrent.ConcurrentHashMap$MapEntry::<init> (20 bytes)
Event: 2.976 Thread 0x00000257a8012000 nmethod 2006 0x000002579254e390 code [0x000002579254e540, 0x000002579254e7b8]
Event: 2.984 Thread 0x00000257a8012000 2007       3       java.lang.String::toCharArray (25 bytes)
Event: 2.984 Thread 0x00000257a8012000 nmethod 2007 0x000002579254e890 code [0x000002579254ea60, 0x000002579254ef18]

GC Heap History (8 events):
Event: 0.646 GC heap before
{Heap before GC invocations=0 (full 0):
 garbage-first heap   total 131072K, used 7168K [0x0000000080000000, 0x0000000100000000)
  region size 1024K, 7 young (7168K), 0 survivors (0K)
 Metaspace       used 7785K, capacity 7933K, committed 8064K, reserved 1056768K
  class space    used 678K, capacity 772K, committed 896K, reserved 1048576K
}
Event: 0.656 GC heap after
{Heap after GC invocations=1 (full 0):
 garbage-first heap   total 131072K, used 2094K [0x0000000080000000, 0x0000000100000000)
  region size 1024K, 1 young (1024K), 1 survivors (1024K)
 Metaspace       used 7785K, capacity 7933K, committed 8064K, reserved 1056768K
  class space    used 678K, capacity 772K, committed 896K, reserved 1048576K
}
Event: 0.921 GC heap before
{Heap before GC invocations=1 (full 0):
 garbage-first heap   total 131072K, used 7214K [0x0000000080000000, 0x0000000100000000)
  region size 1024K, 6 young (6144K), 1 survivors (1024K)
 Metaspace       used 10224K, capacity 10376K, committed 10624K, reserved 1058816K
  class space    used 958K, capacity 1056K, committed 1152K, reserved 1048576K
}
Event: 0.926 GC heap after
{Heap after GC invocations=2 (full 0):
 garbage-first heap   total 131072K, used 3222K [0x0000000080000000, 0x0000000100000000)
  region size 1024K, 1 young (1024K), 1 survivors (1024K)
 Metaspace       used 10224K, capacity 10376K, committed 10624K, reserved 1058816K
  class space    used 958K, capacity 1056K, committed 1152K, reserved 1048576K
}
Event: 1.519 GC heap before
{Heap before GC invocations=2 (full 0):
 garbage-first heap   total 131072K, used 16534K [0x0000000080000000, 0x0000000100000000)
  region size 1024K, 14 young (14336K), 1 survivors (1024K)
 Metaspace       used 12396K, capacity 12532K, committed 12672K, reserved 1060864K
  class space    used 1254K, capacity 1348K, committed 1408K, reserved 1048576K
}
Event: 1.527 GC heap after
{Heap after GC invocations=3 (full 0):
 garbage-first heap   total 131072K, used 3862K [0x0000000080000000, 0x0000000100000000)
  region size 1024K, 2 young (2048K), 2 survivors (2048K)
 Metaspace       used 12396K, capacity 12532K, committed 12672K, reserved 1060864K
  class space    used 1254K, capacity 1348K, committed 1408K, reserved 1048576K
}
Event: 2.048 GC heap before
{Heap before GC invocations=3 (full 0):
 garbage-first heap   total 131072K, used 22294K [0x0000000080000000, 0x0000000100000000)
  region size 1024K, 20 young (20480K), 2 survivors (2048K)
 Metaspace       used 14440K, capacity 14585K, committed 14720K, reserved 1062912K
  class space    used 1510K, capacity 1583K, committed 1664K, reserved 1048576K
}
Event: 2.054 GC heap after
{Heap after GC invocations=4 (full 0):
 garbage-first heap   total 131072K, used 4556K [0x0000000080000000, 0x0000000100000000)
  region size 1024K, 3 young (3072K), 3 survivors (3072K)
 Metaspace       used 14440K, capacity 14585K, committed 14720K, reserved 1062912K
  class space    used 1510K, capacity 1583K, committed 1664K, reserved 1048576K
}

Deoptimization events (10 events):
Event: 1.688 Thread 0x000002578a4f8000 Uncommon trap: reason=bimorphic_or_optimized_type_check action=maybe_recompile pc=0x00000257996b94ac method=java.util.HashMap.getNode(ILjava/lang/Object;)Ljava/util/HashMap$Node; @ 126 c2
Event: 1.692 Thread 0x000002578a4f8000 Uncommon trap: reason=bimorphic_or_optimized_type_check action=maybe_recompile pc=0x00000257996b94ac method=java.util.HashMap.getNode(ILjava/lang/Object;)Ljava/util/HashMap$Node; @ 126 c2
Event: 1.717 Thread 0x000002578a4f8000 Uncommon trap: reason=unstable_if action=reinterpret pc=0x00000257996b93dc method=java.util.HashMap.getNode(ILjava/lang/Object;)Ljava/util/HashMap$Node; @ 129 c2
Event: 1.717 Thread 0x000002578a4f8000 Uncommon trap: reason=class_check action=maybe_recompile pc=0x00000257996c3f78 method=java.util.HashMap.putVal(ILjava/lang/Object;Ljava/lang/Object;ZZ)Ljava/lang/Object; @ 203 c2
Event: 1.717 Thread 0x000002578a4f8000 Uncommon trap: reason=unstable_if action=reinterpret pc=0x00000257996ab968 method=java.util.HashMap.getNode(ILjava/lang/Object;)Ljava/util/HashMap$Node; @ 129 c2
Event: 1.734 Thread 0x000002578a4f8000 Uncommon trap: reason=class_check action=maybe_recompile pc=0x00000257996c3f78 method=java.util.HashMap.putVal(ILjava/lang/Object;Ljava/lang/Object;ZZ)Ljava/lang/Object; @ 203 c2
Event: 1.748 Thread 0x000002578a4f8000 Uncommon trap: reason=class_check action=maybe_recompile pc=0x00000257996c3f78 method=java.util.HashMap.putVal(ILjava/lang/Object;Ljava/lang/Object;ZZ)Ljava/lang/Object; @ 203 c2
Event: 1.825 Thread 0x000002578a4f8000 Uncommon trap: reason=unstable_if action=reinterpret pc=0x00000257996c8730 method=java.lang.String.<init>([CIILjava/lang/Void;)V @ 5 c2
Event: 1.933 Thread 0x000002578a4f8000 Uncommon trap: reason=class_check action=maybe_recompile pc=0x00000257996c3f78 method=java.util.HashMap.putVal(ILjava/lang/Object;Ljava/lang/Object;ZZ)Ljava/lang/Object; @ 203 c2
Event: 2.890 Thread 0x000002578a4f8000 Uncommon trap: reason=unstable_if action=reinterpret pc=0x000002579968aa5c method=java.lang.String.startsWith(Ljava/lang/String;I)Z @ 1 c2

Classes redefined (0 events):
No events

Internal exceptions (10 events):
Event: 0.360 Thread 0x000002578a4f8000 Exception <a 'java/lang/NullPointerException'{0x0000000087b15a88}> (0x0000000087b15a88) thrown at [./open/src/hotspot/share/interpreter/linkResolver.cpp, line 1354]
Event: 0.363 Thread 0x000002578a4f8000 Exception <a 'java/lang/NullPointerException'{0x0000000087b1cec8}> (0x0000000087b1cec8) thrown at [./open/src/hotspot/share/interpreter/linkResolver.cpp, line 1354]
Event: 0.366 Thread 0x000002578a4f8000 Exception <a 'java/lang/NullPointerException'{0x0000000087b348a0}> (0x0000000087b348a0) thrown at [./open/src/hotspot/share/interpreter/linkResolver.cpp, line 1354]
Event: 0.366 Thread 0x000002578a4f8000 Exception <a 'java/lang/NullPointerException'{0x0000000087b34b70}> (0x0000000087b34b70) thrown at [./open/src/hotspot/share/interpreter/linkResolver.cpp, line 1354]
Event: 0.366 Thread 0x000002578a4f8000 Exception <a 'java/lang/NullPointerException'{0x0000000087b34e40}> (0x0000000087b34e40) thrown at [./open/src/hotspot/share/interpreter/linkResolver.cpp, line 1354]
Event: 0.366 Thread 0x000002578a4f8000 Exception <a 'java/lang/NullPointerException'{0x0000000087b35110}> (0x0000000087b35110) thrown at [./open/src/hotspot/share/interpreter/linkResolver.cpp, line 1354]
Event: 1.163 Thread 0x000002578a4f8000 Exception <a 'java/lang/NoClassDefFoundError'{0x000000008782c280}: javax/enterprise/inject/Typed> (0x000000008782c280) thrown at [./open/src/hotspot/share/classfile/systemDictionary.cpp, line 215]
Event: 2.771 Thread 0x000002578a4f8000 Exception <a 'java/lang/NoClassDefFoundError'{0x0000000086e4a990}: com/google/inject/servlet/ServletModuleTargetVisitor> (0x0000000086e4a990) thrown at [./open/src/hotspot/share/classfile/systemDictionary.cpp, line 215]
Event: 2.771 Thread 0x000002578a4f8000 Exception <a 'java/lang/NoClassDefFoundError'{0x0000000086e4a990}> (0x0000000086e4a990) thrown at [./open/src/hotspot/share/prims/jvm.cpp, line 1309]
Event: 2.897 Thread 0x000002578a4f8000 Exception <a 'java/lang/NoSuchMethodError'{0x0000000086d980c0}: java.lang.invoke.DirectMethodHandle$Holder.invokeStaticInit(Ljava/lang/Object;IIII)Ljava/lang/Object;> (0x0000000086d980c0) thrown at [./open/src/hotspot/share/interpreter/linkResolver.cpp, l

Events (10 events):
Event: 2.980 loading class org/apache/maven/settings/io/xpp3/SettingsXpp3Reader$ContentTransformer
Event: 2.980 loading class org/apache/maven/settings/io/xpp3/SettingsXpp3Reader$ContentTransformer done
Event: 2.981 loading class org/apache/maven/settings/io/xpp3/SettingsXpp3Reader$1
Event: 2.981 loading class org/apache/maven/settings/io/xpp3/SettingsXpp3Reader$1 done
Event: 2.982 loading class org/codehaus/plexus/util/xml/pull/EntityReplacementMap
Event: 2.982 loading class org/codehaus/plexus/util/xml/pull/EntityReplacementMap done
Event: 2.988 loading class org/apache/maven/settings/io/xpp3/SettingsXpp3Writer
Event: 2.988 loading class org/apache/maven/settings/io/xpp3/SettingsXpp3Writer done
Event: 2.989 loading class org/codehaus/plexus/util/xml/pull/XmlSerializer
Event: 2.989 loading class org/codehaus/plexus/util/xml/pull/XmlSerializer done


Dynamic libraries:
0x00007ff79d9d0000 - 0x00007ff79d9df000 	C:\Program Files\Java\jdk-11.0.16\bin\java.exe
0x00007ffec5d10000 - 0x00007ffec5f08000 	C:\Windows\SYSTEM32\ntdll.dll
0x00007ffec52c0000 - 0x00007ffec537d000 	C:\Windows\System32\KERNEL32.DLL
0x00007ffec3570000 - 0x00007ffec383e000 	C:\Windows\System32\KERNELBASE.dll
0x00007ffec3840000 - 0x00007ffec3940000 	C:\Windows\System32\ucrtbase.dll
0x00007ffead850000 - 0x00007ffead868000 	C:\Program Files\Java\jdk-11.0.16\bin\jli.dll
0x00007ffec3f70000 - 0x00007ffec401e000 	C:\Windows\System32\ADVAPI32.dll
0x00007ffeb2200000 - 0x00007ffeb2215000 	C:\Program Files\Java\jdk-11.0.16\bin\VCRUNTIME140.dll
0x00007ffec5b60000 - 0x00007ffec5bfe000 	C:\Windows\System32\msvcrt.dll
0x00007ffec3df0000 - 0x00007ffec3e8c000 	C:\Windows\System32\sechost.dll
0x00007ffec5a10000 - 0x00007ffec5b35000 	C:\Windows\System32\RPCRT4.dll
0x00007ffec5850000 - 0x00007ffec59f0000 	C:\Windows\System32\USER32.dll
0x00007ffec3540000 - 0x00007ffec3562000 	C:\Windows\System32\win32u.dll
0x00007ffec4050000 - 0x00007ffec407a000 	C:\Windows\System32\GDI32.dll
0x00007ffec3b50000 - 0x00007ffec3c5b000 	C:\Windows\System32\gdi32full.dll
0x00007ffec3430000 - 0x00007ffec34cd000 	C:\Windows\System32\msvcp_win.dll
0x00007ffeac530000 - 0x00007ffeac7ca000 	C:\Windows\WinSxS\amd64_microsoft.windows.common-controls_6595b64144ccf1df_6.0.19041.1110_none_60b5254171f9507e\COMCTL32.dll
0x00007ffebb850000 - 0x00007ffebb85a000 	C:\Windows\SYSTEM32\VERSION.dll
0x00007ffec4020000 - 0x00007ffec4050000 	C:\Windows\System32\IMM32.DLL
0x00007ffeab250000 - 0x00007ffeab2eb000 	C:\Program Files\Java\jdk-11.0.16\bin\msvcp140.dll
0x00007ffe96240000 - 0x00007ffe96d58000 	C:\Program Files\Java\jdk-11.0.16\bin\server\jvm.dll
0x00007ffec49f0000 - 0x00007ffec49f8000 	C:\Windows\System32\PSAPI.DLL
0x00007ffe9a7c0000 - 0x00007ffe9a7c9000 	C:\Windows\SYSTEM32\WSOCK32.dll
0x00007ffea12b0000 - 0x00007ffea12d7000 	C:\Windows\SYSTEM32\WINMM.dll
0x00007ffec4980000 - 0x00007ffec49eb000 	C:\Windows\System32\WS2_32.dll
0x00007ffec1300000 - 0x00007ffec1312000 	C:\Windows\SYSTEM32\kernel.appcore.dll
0x00007ffeb5bf0000 - 0x00007ffeb5c00000 	C:\Program Files\Java\jdk-11.0.16\bin\verify.dll
0x00007ffeb5950000 - 0x00007ffeb5b34000 	C:\Windows\SYSTEM32\DBGHELP.DLL
0x00007ffeb6af0000 - 0x00007ffeb6b1c000 	C:\Windows\SYSTEM32\dbgcore.DLL
0x00007ffec3c60000 - 0x00007ffec3ce2000 	C:\Windows\System32\bcryptPrimitives.dll
0x00007ffeab880000 - 0x00007ffeab8a8000 	C:\Program Files\Java\jdk-11.0.16\bin\java.dll
0x00007ffeb22f0000 - 0x00007ffeb22fa000 	C:\Program Files\Java\jdk-11.0.16\bin\jimage.dll
0x00007ffeabd10000 - 0x00007ffeabd26000 	C:\Program Files\Java\jdk-11.0.16\bin\zip.dll
0x00007ffec4a00000 - 0x00007ffec5143000 	C:\Windows\System32\SHELL32.dll
0x00007ffec1500000 - 0x00007ffec1c95000 	C:\Windows\SYSTEM32\windows.storage.dll
0x00007ffec4080000 - 0x00007ffec43d4000 	C:\Windows\System32\combase.dll
0x00007ffec2ce0000 - 0x00007ffec2d10000 	C:\Windows\SYSTEM32\Wldp.dll
0x00007ffec43e0000 - 0x00007ffec448d000 	C:\Windows\System32\SHCORE.dll
0x00007ffec4640000 - 0x00007ffec4695000 	C:\Windows\System32\shlwapi.dll
0x00007ffec3370000 - 0x00007ffec338f000 	C:\Windows\SYSTEM32\profapi.dll
0x00007ffeab860000 - 0x00007ffeab879000 	C:\Program Files\Java\jdk-11.0.16\bin\net.dll
0x00007ffebac40000 - 0x00007ffebad4a000 	C:\Windows\SYSTEM32\WINHTTP.dll
0x00007ffec2ac0000 - 0x00007ffec2b2a000 	C:\Windows\system32\mswsock.dll
0x00007ffeab840000 - 0x00007ffeab852000 	C:\Program Files\Java\jdk-11.0.16\bin\nio.dll
0x0000000069ac0000 - 0x0000000069ae4000 	C:\Users\sfjbs\Downloads\micro service-20221001T123314Z-001\micro service\apache-maven-3.8.5-bin\apache-maven-3.8.5\lib\jansi-native\Windows\x86_64\jansi.dll

dbghelp: loaded successfully - version: 4.0.5 - missing functions: none
symbol engine: initialized successfully - sym options: 0x614 - pdb path: .;C:\Program Files\Java\jdk-11.0.16\bin;C:\Windows\SYSTEM32;C:\Windows\WinSxS\amd64_microsoft.windows.common-controls_6595b64144ccf1df_6.0.19041.1110_none_60b5254171f9507e;C:\Program Files\Java\jdk-11.0.16\bin\server;C:\Users\sfjbs\Downloads\micro service-20221001T123314Z-001\micro service\apache-maven-3.8.5-bin\apache-maven-3.8.5\lib\jansi-native\Windows\x86_64

VM Arguments:
jvm_args: -Dclassworlds.conf=C:\Users\sfjbs\Downloads\micro service-20221001T123314Z-001\micro service\apache-maven-3.8.5-bin\apache-maven-3.8.5\bin\m2.conf -Dmaven.home=C:\Users\sfjbs\Downloads\micro service-20221001T123314Z-001\micro service\apache-maven-3.8.5-bin\apache-maven-3.8.5 -Dlibrary.jansi.path=C:\Users\sfjbs\Downloads\micro service-20221001T123314Z-001\micro service\apache-maven-3.8.5-bin\apache-maven-3.8.5\lib\jansi-native -Dmaven.multiModuleProjectDirectory=C:\Users\sfjbs\IdeaProjects\training\Harshad\day13\pension-management-system 
java_command: org.codehaus.plexus.classworlds.launcher.Launcher clean install -DskipTests
java_class_path (initial): C:\Users\sfjbs\Downloads\micro service-20221001T123314Z-001\micro service\apache-maven-3.8.5-bin\apache-maven-3.8.5\boot\plexus-classworlds-2.6.0.jar
Launcher Type: SUN_STANDARD

[Global flags]
     intx CICompilerCount                          = 2                                         {product} {ergonomic}
     uint ConcGCThreads                            = 1                                         {product} {ergonomic}
     uint G1ConcRefinementThreads                  = 2                                         {product} {ergonomic}
   size_t G1HeapRegionSize                         = 1048576                                   {product} {ergonomic}
    uintx GCDrainStackTargetSize                   = 64                                        {product} {ergonomic}
   size_t InitialHeapSize                          = 134217728                                 {product} {ergonomic}
   size_t MarkStackSize                            = 4194304                                   {product} {ergonomic}
   size_t MaxHeapSize                              = 2147483648                                {product} {ergonomic}
   size_t MaxNewSize                               = 1287651328                                {product} {ergonomic}
   size_t MinHeapDeltaBytes                        = 1048576                                   {product} {ergonomic}
    uintx NonNMethodCodeHeapSize                   = 5825164                                {pd product} {ergonomic}
    uintx NonProfiledCodeHeapSize                  = 122916538                              {pd product} {ergonomic}
    uintx ProfiledCodeHeapSize                     = 122916538                              {pd product} {ergonomic}
    uintx ReservedCodeCacheSize                    = 251658240                              {pd product} {ergonomic}
     bool SegmentedCodeCache                       = true                                      {product} {ergonomic}
     bool UseCompressedClassPointers               = true                                 {lp64_product} {ergonomic}
     bool UseCompressedOops                        = true                                 {lp64_product} {ergonomic}
     bool UseG1GC                                  = true                                      {product} {ergonomic}
     bool UseLargePagesIndividualAllocation        = false                                  {pd product} {ergonomic}

Logging:
Log output configuration:
 #0: stdout all=warning uptime,level,tags
 #1: stderr all=off uptime,level,tags

Environment Variables:
PATH=C:\Program Files\Common Files\Oracle\Java\javapath;C:\Windows\system32;C:\Windows;C:\Windows\System32\Wbem;C:\Windows\System32\WindowsPowerShell\v1.0\;C:\Windows\System32\OpenSSH\;C:\Users\sfjbs\Downloads\micro service-20221001T123314Z-001\micro service\apache-maven-3.8.5-bin\apache-maven-3.8.5\bin;C:\Users\sfjbs\Downloads\micro service-20221001T123314Z-001\micro service\apache-maven-3.8.5-bin\apache-maven-3.8.5\lib;C:\Program Files\Docker\Docker\resources\bin;C:\ProgramData\DockerDesktop\version-bin;C:\Program Files\Git\cmd;C:\Users\sfjbs\AppData\Local\Microsoft\WindowsApps;C:\Users\sfjbs\Downloads\micro service-20221001T123314Z-001\micro service\apache-maven-3.8.5-bin\apache-maven-3.8.5\bin;C:\Users\sfjbs\Downloads\micro service-20221001T123314Z-001\micro service\apache-maven-3.8.5-bin\apache-maven-3.8.5\lib;;C:\Program Files\JetBrains\IntelliJ IDEA Community Edition 2022.2.1\bin;
USERNAME=sfjbs
OS=Windows_NT
PROCESSOR_IDENTIFIER=Intel64 Family 6 Model 106 Stepping 6, GenuineIntel



---------------  S Y S T E M  ---------------

OS: Windows 10 , 64 bit Build 19041 (10.0.19041.1889)
Hyper-V role detected

CPU:total 2 (initial active 2) (1 cores per cpu, 2 threads per core) family 6 model 106 stepping 6 microcode 0xffffffff, cmov, cx8, fxsr, mmx, sse, sse2, sse3, ssse3, sse4.1, sse4.2, popcnt, avx, avx2, aes, clmul, erms, rtm, 3dnowpref, lzcnt, ht, tsc, bmi1, bmi2, adx, evex, fma

Memory: 4k page, system-wide physical 8190M (403M free)
TotalPageFile size 10238M (AvailPageFile size 5M)
current process WorkingSet (physical memory assigned to process): 98M, peak: 98M
current process commit charge ("private bytes"): 230M, peak: 231M

vm_info: Java HotSpot(TM) 64-Bit Server VM (11.0.16+11-LTS-199) for windows-amd64 JRE (11.0.16+11-LTS-199), built on Jun 28 2022 08:23:17 by "mach5one" with MS VC++ 15.9 (VS2017)

END.
