#
# There is insufficient memory for the Java Runtime Environment to continue.
# Native memory allocation (mmap) failed to map 99614720 bytes for Failed to commit area from 0x0000000089a00000 to 0x000000008f900000 of length 99614720.
# Possible reasons:
#   The system is out of physical RAM or swap space
#   The process is running with CompressedOops enabled, and the Java Heap may be blocking the growth of the native heap
# Possible solutions:
#   Reduce memory load on the system
#   Increase physical memory or swap space
#   Check if swap backing store is full
#   Decrease Java heap size (-Xmx/-Xms)
#   Decrease number of Java threads
#   Decrease Java thread stack sizes (-Xss)
#   Set larger code cache with -XX:ReservedCodeCacheSize=
#   JVM is running with Unscaled Compressed Oops mode in which the Java heap is
#     placed in the first 4GB address space. The Java Heap base address is the
#     maximum limit for the native heap growth. Please use -XX:HeapBaseMinAddress
#     to set the Java Heap base and to place the Java Heap above 4GB virtual address.
# This output file may be truncated or incomplete.
#
#  Out of Memory Error (./open/src/hotspot/os/windows/os_windows.cpp:3287), pid=56124, tid=98212
#
# JRE version: Java(TM) SE Runtime Environment 18.9 (11.0.16+11) (build 11.0.16+11-LTS-199)
# Java VM: Java HotSpot(TM) 64-Bit Server VM 18.9 (11.0.16+11-LTS-199, mixed mode, tiered, compressed oops, g1 gc, windows-amd64)
# No core dump will be written. Minidumps are not enabled by default on client versions of Windows
#

---------------  S U M M A R Y ------------

Command Line: -Xverify:none -XX:TieredStopAtLevel=1 com.pension.app.PensionMicroserviceApplication

Host: Intel(R) Xeon(R) Platinum 8370C CPU @ 2.80GHz, 2 cores, 7G,  Windows 10 , 64 bit Build 19041 (10.0.19041.1889)
Time: Thu Oct 27 03:04:00 2022 Coordinated Universal Time elapsed time: 7.851428 seconds (0d 0h 0m 7s)

---------------  T H R E A D  ---------------

Current thread (0x0000025ab0f7f800):  VMThread "VM Thread" [stack: 0x0000007f39400000,0x0000007f39500000] [id=98212]

Stack: [0x0000007f39400000,0x0000007f39500000]
[error occurred during error reporting (printing stack bounds), id 0xc0000005, EXCEPTION_ACCESS_VIOLATION (0xc0000005) at pc=0x0000025a9ab710e7]

Native frames: (J=compiled Java code, j=interpreted, Vv=VM code, C=native code)
V  [jvm.dll+0x62a3ea]
V  [jvm.dll+0x76418f]
V  [jvm.dll+0x765839]
V  [jvm.dll+0x765e25]
V  [jvm.dll+0x765ddb]
V  [jvm.dll+0x6298d3]
V  [jvm.dll+0x629fe8]
C  [ntdll.dll+0xa235f]
C  [ntdll.dll+0x514a4]
C  [ntdll.dll+0xa0e8e]
C  0x0000025a9ab710e7

VM_Operation (0x0000007f38eface0): G1CollectForAllocation, mode: safepoint, requested by thread 0x0000025a91cdf800


---------------  P R O C E S S  ---------------

Threads class SMR info:
_java_thread_list=0x0000025ab20b8770, length=15, elements={
0x0000025a91cdf800, 0x0000025ab0f94000, 0x0000025ab0f82000, 0x0000025ab0fa2800,
0x0000025ab0fa6800, 0x0000025ab0fa7800, 0x0000025ab0faa000, 0x0000025ab0fad800,
0x0000025ab1a2b000, 0x0000025ab3790800, 0x0000025ab3791000, 0x0000025ab3792000,
0x0000025ab38ee800, 0x0000025ab3a37800, 0x0000025ab3cd5800
}

Java Threads: ( => current thread )
  0x0000025a91cdf800 JavaThread "main" [_thread_blocked, id=105956, stack(0x0000007f38e00000,0x0000007f38f00000)]
  0x0000025ab0f94000 JavaThread "Reference Handler" daemon [_thread_blocked, id=105728, stack(0x0000007f39500000,0x0000007f39600000)]
  0x0000025ab0f82000 JavaThread "Finalizer" daemon [_thread_blocked, id=103436, stack(0x0000007f39600000,0x0000007f39700000)]
  0x0000025ab0fa2800 JavaThread "Signal Dispatcher" daemon [_thread_blocked, id=104156, stack(0x0000007f39700000,0x0000007f39800000)]
  0x0000025ab0fa6800 JavaThread "Attach Listener" daemon [_thread_blocked, id=105712, stack(0x0000007f39800000,0x0000007f39900000)]
  0x0000025ab0fa7800 JavaThread "Service Thread" daemon [_thread_blocked, id=105520, stack(0x0000007f39900000,0x0000007f39a00000)]
  0x0000025ab0faa000 JavaThread "C1 CompilerThread0" daemon [_thread_blocked, id=102448, stack(0x0000007f39a00000,0x0000007f39b00000)]
  0x0000025ab0fad800 JavaThread "Sweeper thread" daemon [_thread_blocked, id=105664, stack(0x0000007f39b00000,0x0000007f39c00000)]
  0x0000025ab1a2b000 JavaThread "Common-Cleaner" daemon [_thread_blocked, id=103024, stack(0x0000007f39d00000,0x0000007f39e00000)]
  0x0000025ab3790800 JavaThread "Catalina-utility-1" [_thread_blocked, id=84444, stack(0x0000007f39f00000,0x0000007f3a000000)]
  0x0000025ab3791000 JavaThread "Catalina-utility-2" [_thread_blocked, id=106096, stack(0x0000007f3a000000,0x0000007f3a100000)]
  0x0000025ab3792000 JavaThread "container-0" [_thread_blocked, id=105812, stack(0x0000007f3a100000,0x0000007f3a200000)]
  0x0000025ab38ee800 JavaThread "mysql-cj-abandoned-connection-cleanup" daemon [_thread_blocked, id=106256, stack(0x0000007f3a200000,0x0000007f3a300000)]
  0x0000025ab3a37800 JavaThread "HikariPool-1 housekeeper" daemon [_thread_blocked, id=105844, stack(0x0000007f3a400000,0x0000007f3a500000)]
  0x0000025ab3cd5800 JavaThread "HikariPool-1 connection adder" daemon [_thread_blocked, id=5856, stack(0x0000007f3a500000,0x0000007f3a600000)]

Other Threads:
=>0x0000025ab0f7f800 VMThread "VM Thread" [stack: 0x0000007f39400000,0x0000007f39500000] [id=98212]
  0x0000025ab1a26000 WatcherThread [stack: 0x0000007f39c00000,0x0000007f39d00000] [id=56148]
  0x0000025a91cf5800 GCTaskThread "GC Thread#0" [stack: 0x0000007f38f00000,0x0000007f39000000] [id=104108]
  0x0000025ab1d08800 GCTaskThread "GC Thread#1" [stack: 0x0000007f39e00000,0x0000007f39f00000] [id=106084]
  0x0000025a91d25800 ConcurrentGCThread "G1 Main Marker" [stack: 0x0000007f39000000,0x0000007f39100000] [id=100540]
  0x0000025a91d28000 ConcurrentGCThread "G1 Conc#0" [stack: 0x0000007f39100000,0x0000007f39200000] [id=84348]
  0x0000025a91daf800 ConcurrentGCThread "G1 Refine#0" [stack: 0x0000007f39200000,0x0000007f39300000] [id=105400]
  0x0000025a91db0800 ConcurrentGCThread "G1 Young RemSet Sampling" [stack: 0x0000007f39300000,0x0000007f39400000] [id=101312]

Threads with active compile tasks:

VM state:at safepoint (normal execution)

VM Mutex/Monitor currently owned by a thread:  ([mutex/lock_event])
[0x0000025a91cdbe10] Threads_lock - owner thread: 0x0000025ab0f7f800
[0x0000025a91cda670] Heap_lock - owner thread: 0x0000025a91cdf800

Heap address: 0x0000000080000000, size: 2048 MB, Compressed Oops mode: 32-bit
Narrow klass base: 0x0000000000000000, Narrow klass shift: 3
Compressed class space size: 1073741824 Address: 0x0000000100000000

Heap:
 garbage-first heap   total 254976K, used 19601K [0x0000000080000000, 0x0000000100000000)
  region size 1024K, 9 young (9216K), 9 survivors (9216K)
 Metaspace       used 48652K, capacity 49930K, committed 50096K, reserved 1093632K
  class space    used 6378K, capacity 6910K, committed 6912K, reserved 1048576K
Heap Regions: E=young(eden), S=young(survivor), O=old, HS=humongous(starts), HC=humongous(continues), CS=collection set, F=free, A=archive, TAMS=top-at-mark-start (previous, next)
|   0|0x0000000080000000, 0x0000000080100000, 0x0000000080100000|100%|HS|  |TAMS 0x0000000080100000, 0x0000000080000000| Complete 
|   1|0x0000000080100000, 0x0000000080200000, 0x0000000080200000|100%| O|  |TAMS 0x0000000080200000, 0x0000000080100000| Untracked 
|   2|0x0000000080200000, 0x0000000080300000, 0x0000000080300000|100%| O|  |TAMS 0x0000000080300000, 0x0000000080200000| Untracked 
|   3|0x0000000080300000, 0x0000000080400000, 0x0000000080400000|100%| O|  |TAMS 0x0000000080400000, 0x0000000080300000| Untracked 
|   4|0x0000000080400000, 0x0000000080500000, 0x0000000080500000|100%| O|  |TAMS 0x0000000080500000, 0x0000000080400000| Untracked 
|   5|0x0000000080500000, 0x0000000080600000, 0x0000000080600000|100%| O|  |TAMS 0x00000000805daa00, 0x0000000080500000| Untracked 
|   6|0x0000000080600000, 0x0000000080700000, 0x0000000080700000|100%| O|  |TAMS 0x0000000080600000, 0x0000000080600000| Untracked 
|   7|0x0000000080700000, 0x0000000080800000, 0x0000000080800000|100%| O|  |TAMS 0x0000000080700000, 0x0000000080700000| Untracked 
|   8|0x0000000080800000, 0x0000000080900000, 0x0000000080900000|100%| O|  |TAMS 0x0000000080800000, 0x0000000080800000| Untracked 
|   9|0x0000000080900000, 0x0000000080a00000, 0x0000000080a00000|100%| O|  |TAMS 0x0000000080900000, 0x0000000080900000| Untracked 
|  10|0x0000000080a00000, 0x0000000080aa4600, 0x0000000080b00000| 64%| O|  |TAMS 0x0000000080a00000, 0x0000000080a00000| Untracked 
|  11|0x0000000080b00000, 0x0000000080b00000, 0x0000000080c00000|  0%| F|  |TAMS 0x0000000080b00000, 0x0000000080b00000| Untracked 
|  12|0x0000000080c00000, 0x0000000080c00000, 0x0000000080d00000|  0%| F|  |TAMS 0x0000000080c00000, 0x0000000080c00000| Untracked 
|  13|0x0000000080d00000, 0x0000000080d00000, 0x0000000080e00000|  0%| F|  |TAMS 0x0000000080d00000, 0x0000000080d00000| Untracked 
|  14|0x0000000080e00000, 0x0000000080e00000, 0x0000000080f00000|  0%| F|  |TAMS 0x0000000080e00000, 0x0000000080e00000| Untracked 
|  15|0x0000000080f00000, 0x0000000080f00000, 0x0000000081000000|  0%| F|  |TAMS 0x0000000080f00000, 0x0000000080f00000| Untracked 
|  16|0x0000000081000000, 0x0000000081000000, 0x0000000081100000|  0%| F|  |TAMS 0x0000000081000000, 0x0000000081000000| Untracked 
|  17|0x0000000081100000, 0x0000000081100000, 0x0000000081200000|  0%| F|  |TAMS 0x0000000081100000, 0x0000000081100000| Untracked 
|  18|0x0000000081200000, 0x0000000081200000, 0x0000000081300000|  0%| F|  |TAMS 0x0000000081200000, 0x0000000081200000| Untracked 
|  19|0x0000000081300000, 0x0000000081300000, 0x0000000081400000|  0%| F|  |TAMS 0x0000000081300000, 0x0000000081300000| Untracked 
|  20|0x0000000081400000, 0x0000000081400000, 0x0000000081500000|  0%| F|  |TAMS 0x0000000081400000, 0x0000000081400000| Untracked 
|  21|0x0000000081500000, 0x0000000081500000, 0x0000000081600000|  0%| F|  |TAMS 0x0000000081500000, 0x0000000081500000| Untracked 
|  22|0x0000000081600000, 0x0000000081600000, 0x0000000081700000|  0%| F|  |TAMS 0x0000000081600000, 0x0000000081600000| Untracked 
|  23|0x0000000081700000, 0x0000000081700000, 0x0000000081800000|  0%| F|  |TAMS 0x0000000081700000, 0x0000000081700000| Untracked 
|  24|0x0000000081800000, 0x0000000081800000, 0x0000000081900000|  0%| F|  |TAMS 0x0000000081800000, 0x0000000081800000| Untracked 
|  25|0x0000000081900000, 0x0000000081900000, 0x0000000081a00000|  0%| F|  |TAMS 0x0000000081900000, 0x0000000081900000| Untracked 
|  26|0x0000000081a00000, 0x0000000081a00000, 0x0000000081b00000|  0%| F|  |TAMS 0x0000000081a00000, 0x0000000081a00000| Untracked 
|  27|0x0000000081b00000, 0x0000000081b00000, 0x0000000081c00000|  0%| F|  |TAMS 0x0000000081b00000, 0x0000000081b00000| Untracked 
|  28|0x0000000081c00000, 0x0000000081c00000, 0x0000000081d00000|  0%| F|  |TAMS 0x0000000081c00000, 0x0000000081c00000| Untracked 
|  29|0x0000000081d00000, 0x0000000081d00000, 0x0000000081e00000|  0%| F|  |TAMS 0x0000000081d00000, 0x0000000081d00000| Untracked 
|  30|0x0000000081e00000, 0x0000000081e00000, 0x0000000081f00000|  0%| F|  |TAMS 0x0000000081e00000, 0x0000000081e00000| Untracked 
|  31|0x0000000081f00000, 0x0000000081f00000, 0x0000000082000000|  0%| F|  |TAMS 0x0000000081f00000, 0x0000000081f00000| Untracked 
|  32|0x0000000082000000, 0x0000000082000000, 0x0000000082100000|  0%| F|  |TAMS 0x0000000082000000, 0x0000000082000000| Untracked 
|  33|0x0000000082100000, 0x0000000082100000, 0x0000000082200000|  0%| F|  |TAMS 0x0000000082100000, 0x0000000082100000| Untracked 
|  34|0x0000000082200000, 0x0000000082200000, 0x0000000082300000|  0%| F|  |TAMS 0x0000000082200000, 0x0000000082200000| Untracked 
|  35|0x0000000082300000, 0x0000000082300000, 0x0000000082400000|  0%| F|  |TAMS 0x0000000082300000, 0x0000000082300000| Untracked 
|  36|0x0000000082400000, 0x0000000082400000, 0x0000000082500000|  0%| F|  |TAMS 0x0000000082400000, 0x0000000082400000| Untracked 
|  37|0x0000000082500000, 0x0000000082500000, 0x0000000082600000|  0%| F|  |TAMS 0x0000000082500000, 0x0000000082500000| Untracked 
|  38|0x0000000082600000, 0x0000000082600000, 0x0000000082700000|  0%| F|  |TAMS 0x0000000082600000, 0x0000000082600000| Untracked 
|  39|0x0000000082700000, 0x0000000082700000, 0x0000000082800000|  0%| F|  |TAMS 0x0000000082700000, 0x0000000082700000| Untracked 
|  40|0x0000000082800000, 0x0000000082800000, 0x0000000082900000|  0%| F|  |TAMS 0x0000000082800000, 0x0000000082800000| Untracked 
|  41|0x0000000082900000, 0x0000000082900000, 0x0000000082a00000|  0%| F|  |TAMS 0x0000000082900000, 0x0000000082900000| Untracked 
|  42|0x0000000082a00000, 0x0000000082a00000, 0x0000000082b00000|  0%| F|  |TAMS 0x0000000082a00000, 0x0000000082a00000| Untracked 
|  43|0x0000000082b00000, 0x0000000082b00000, 0x0000000082c00000|  0%| F|  |TAMS 0x0000000082b00000, 0x0000000082b00000| Untracked 
|  44|0x0000000082c00000, 0x0000000082c00000, 0x0000000082d00000|  0%| F|  |TAMS 0x0000000082c00000, 0x0000000082c00000| Untracked 
|  45|0x0000000082d00000, 0x0000000082d00000, 0x0000000082e00000|  0%| F|  |TAMS 0x0000000082d00000, 0x0000000082d00000| Untracked 
|  46|0x0000000082e00000, 0x0000000082e00000, 0x0000000082f00000|  0%| F|  |TAMS 0x0000000082e00000, 0x0000000082e00000| Untracked 
|  47|0x0000000082f00000, 0x0000000082f00000, 0x0000000083000000|  0%| F|  |TAMS 0x0000000082f00000, 0x0000000082f00000| Untracked 
|  48|0x0000000083000000, 0x0000000083000000, 0x0000000083100000|  0%| F|  |TAMS 0x0000000083000000, 0x0000000083000000| Untracked 
|  49|0x0000000083100000, 0x0000000083100000, 0x0000000083200000|  0%| F|  |TAMS 0x0000000083100000, 0x0000000083100000| Untracked 
|  50|0x0000000083200000, 0x0000000083200000, 0x0000000083300000|  0%| F|  |TAMS 0x0000000083200000, 0x0000000083200000| Untracked 
|  51|0x0000000083300000, 0x0000000083300000, 0x0000000083400000|  0%| F|  |TAMS 0x0000000083300000, 0x0000000083300000| Untracked 
|  52|0x0000000083400000, 0x0000000083400000, 0x0000000083500000|  0%| F|  |TAMS 0x0000000083400000, 0x0000000083400000| Untracked 
|  53|0x0000000083500000, 0x0000000083580000, 0x0000000083600000| 50%| S|CS|TAMS 0x0000000083500000, 0x0000000083500000| Complete 
|  54|0x0000000083600000, 0x0000000083700000, 0x0000000083700000|100%| S|CS|TAMS 0x0000000083600000, 0x0000000083600000| Complete 
|  55|0x0000000083700000, 0x0000000083800000, 0x0000000083800000|100%| S|CS|TAMS 0x0000000083700000, 0x0000000083700000| Complete 
|  56|0x0000000083800000, 0x0000000083900000, 0x0000000083900000|100%| S|CS|TAMS 0x0000000083800000, 0x0000000083800000| Complete 
|  57|0x0000000083900000, 0x0000000083a00000, 0x0000000083a00000|100%| S|CS|TAMS 0x0000000083900000, 0x0000000083900000| Complete 
|  58|0x0000000083a00000, 0x0000000083b00000, 0x0000000083b00000|100%| S|CS|TAMS 0x0000000083a00000, 0x0000000083a00000| Complete 
|  59|0x0000000083b00000, 0x0000000083c00000, 0x0000000083c00000|100%| S|CS|TAMS 0x0000000083b00000, 0x0000000083b00000| Complete 
|  60|0x0000000083c00000, 0x0000000083d00000, 0x0000000083d00000|100%| S|CS|TAMS 0x0000000083c00000, 0x0000000083c00000| Complete 
|  61|0x0000000083d00000, 0x0000000083e00000, 0x0000000083e00000|100%| S|CS|TAMS 0x0000000083d00000, 0x0000000083d00000| Complete 
|  62|0x0000000083e00000, 0x0000000083e00000, 0x0000000083f00000|  0%| F|  |TAMS 0x0000000083e00000, 0x0000000083e00000| Untracked 
|  63|0x0000000083f00000, 0x0000000083f00000, 0x0000000084000000|  0%| F|  |TAMS 0x0000000083f00000, 0x0000000083f00000| Untracked 
|  64|0x0000000084000000, 0x0000000084000000, 0x0000000084100000|  0%| F|  |TAMS 0x0000000084000000, 0x0000000084000000| Untracked 
|  65|0x0000000084100000, 0x0000000084100000, 0x0000000084200000|  0%| F|  |TAMS 0x0000000084100000, 0x0000000084100000| Untracked 
|  66|0x0000000084200000, 0x0000000084200000, 0x0000000084300000|  0%| F|  |TAMS 0x0000000084200000, 0x0000000084200000| Untracked 
|  67|0x0000000084300000, 0x0000000084300000, 0x0000000084400000|  0%| F|  |TAMS 0x0000000084300000, 0x0000000084300000| Untracked 
|  68|0x0000000084400000, 0x0000000084400000, 0x0000000084500000|  0%| F|  |TAMS 0x0000000084400000, 0x0000000084400000| Untracked 
|  69|0x0000000084500000, 0x0000000084500000, 0x0000000084600000|  0%| F|  |TAMS 0x0000000084500000, 0x0000000084500000| Untracked 
|  70|0x0000000084600000, 0x0000000084600000, 0x0000000084700000|  0%| F|  |TAMS 0x0000000084600000, 0x0000000084600000| Untracked 
|  71|0x0000000084700000, 0x0000000084700000, 0x0000000084800000|  0%| F|  |TAMS 0x0000000084700000, 0x0000000084700000| Untracked 
|  72|0x0000000084800000, 0x0000000084800000, 0x0000000084900000|  0%| F|  |TAMS 0x0000000084800000, 0x0000000084800000| Untracked 
|  73|0x0000000084900000, 0x0000000084900000, 0x0000000084a00000|  0%| F|  |TAMS 0x0000000084900000, 0x0000000084900000| Untracked 
|  74|0x0000000084a00000, 0x0000000084a00000, 0x0000000084b00000|  0%| F|  |TAMS 0x0000000084a00000, 0x0000000084a00000| Untracked 
|  75|0x0000000084b00000, 0x0000000084b00000, 0x0000000084c00000|  0%| F|  |TAMS 0x0000000084b00000, 0x0000000084b00000| Untracked 
|  76|0x0000000084c00000, 0x0000000084c00000, 0x0000000084d00000|  0%| F|  |TAMS 0x0000000084c00000, 0x0000000084c00000| Untracked 
|  77|0x0000000084d00000, 0x0000000084d00000, 0x0000000084e00000|  0%| F|  |TAMS 0x0000000084d00000, 0x0000000084d00000| Untracked 
|  78|0x0000000084e00000, 0x0000000084e00000, 0x0000000084f00000|  0%| F|  |TAMS 0x0000000084e00000, 0x0000000084e00000| Untracked 
|  79|0x0000000084f00000, 0x0000000084f00000, 0x0000000085000000|  0%| F|  |TAMS 0x0000000084f00000, 0x0000000084f00000| Untracked 
|  80|0x0000000085000000, 0x0000000085000000, 0x0000000085100000|  0%| F|  |TAMS 0x0000000085000000, 0x0000000085000000| Untracked 
|  81|0x0000000085100000, 0x0000000085100000, 0x0000000085200000|  0%| F|  |TAMS 0x0000000085100000, 0x0000000085100000| Untracked 
|  82|0x0000000085200000, 0x0000000085200000, 0x0000000085300000|  0%| F|  |TAMS 0x0000000085200000, 0x0000000085200000| Untracked 
|  83|0x0000000085300000, 0x0000000085300000, 0x0000000085400000|  0%| F|  |TAMS 0x0000000085300000, 0x0000000085300000| Untracked 
|  84|0x0000000085400000, 0x0000000085400000, 0x0000000085500000|  0%| F|  |TAMS 0x0000000085400000, 0x0000000085400000| Untracked 
|  85|0x0000000085500000, 0x0000000085500000, 0x0000000085600000|  0%| F|  |TAMS 0x0000000085500000, 0x0000000085500000| Untracked 
|  86|0x0000000085600000, 0x0000000085600000, 0x0000000085700000|  0%| F|  |TAMS 0x0000000085600000, 0x0000000085600000| Untracked 
|  87|0x0000000085700000, 0x0000000085700000, 0x0000000085800000|  0%| F|  |TAMS 0x0000000085700000, 0x0000000085700000| Untracked 
|  88|0x0000000085800000, 0x0000000085800000, 0x0000000085900000|  0%| F|  |TAMS 0x0000000085800000, 0x0000000085800000| Untracked 
|  89|0x0000000085900000, 0x0000000085900000, 0x0000000085a00000|  0%| F|  |TAMS 0x0000000085900000, 0x0000000085900000| Untracked 
|  90|0x0000000085a00000, 0x0000000085a00000, 0x0000000085b00000|  0%| F|  |TAMS 0x0000000085a00000, 0x0000000085a00000| Untracked 
|  91|0x0000000085b00000, 0x0000000085b00000, 0x0000000085c00000|  0%| F|  |TAMS 0x0000000085b00000, 0x0000000085b00000| Untracked 
|  92|0x0000000085c00000, 0x0000000085c00000, 0x0000000085d00000|  0%| F|  |TAMS 0x0000000085c00000, 0x0000000085c00000| Untracked 
|  93|0x0000000085d00000, 0x0000000085d00000, 0x0000000085e00000|  0%| F|  |TAMS 0x0000000085d00000, 0x0000000085d00000| Untracked 
|  94|0x0000000085e00000, 0x0000000085e00000, 0x0000000085f00000|  0%| F|  |TAMS 0x0000000085e00000, 0x0000000085e00000| Untracked 
|  95|0x0000000085f00000, 0x0000000085f00000, 0x0000000086000000|  0%| F|  |TAMS 0x0000000085f00000, 0x0000000085f00000| Untracked 
|  96|0x0000000086000000, 0x0000000086000000, 0x0000000086100000|  0%| F|  |TAMS 0x0000000086000000, 0x0000000086000000| Untracked 
|  97|0x0000000086100000, 0x0000000086100000, 0x0000000086200000|  0%| F|  |TAMS 0x0000000086100000, 0x0000000086100000| Untracked 
|  98|0x0000000086200000, 0x0000000086200000, 0x0000000086300000|  0%| F|  |TAMS 0x0000000086200000, 0x0000000086200000| Untracked 
|  99|0x0000000086300000, 0x0000000086300000, 0x0000000086400000|  0%| F|  |TAMS 0x0000000086300000, 0x0000000086300000| Untracked 
| 100|0x0000000086400000, 0x0000000086400000, 0x0000000086500000|  0%| F|  |TAMS 0x0000000086400000, 0x0000000086400000| Untracked 
| 101|0x0000000086500000, 0x0000000086500000, 0x0000000086600000|  0%| F|  |TAMS 0x0000000086500000, 0x0000000086500000| Untracked 
| 102|0x0000000086600000, 0x0000000086600000, 0x0000000086700000|  0%| F|  |TAMS 0x0000000086600000, 0x0000000086600000| Untracked 
| 103|0x0000000086700000, 0x0000000086700000, 0x0000000086800000|  0%| F|  |TAMS 0x0000000086700000, 0x0000000086700000| Untracked 
| 104|0x0000000086800000, 0x0000000086800000, 0x0000000086900000|  0%| F|  |TAMS 0x0000000086800000, 0x0000000086800000| Untracked 
| 105|0x0000000086900000, 0x0000000086900000, 0x0000000086a00000|  0%| F|  |TAMS 0x0000000086900000, 0x0000000086900000| Untracked 
| 106|0x0000000086a00000, 0x0000000086a00000, 0x0000000086b00000|  0%| F|  |TAMS 0x0000000086a00000, 0x0000000086a00000| Untracked 
| 107|0x0000000086b00000, 0x0000000086b00000, 0x0000000086c00000|  0%| F|  |TAMS 0x0000000086b00000, 0x0000000086b00000| Untracked 
| 108|0x0000000086c00000, 0x0000000086c00000, 0x0000000086d00000|  0%| F|  |TAMS 0x0000000086c00000, 0x0000000086c00000| Untracked 
| 109|0x0000000086d00000, 0x0000000086d00000, 0x0000000086e00000|  0%| F|  |TAMS 0x0000000086d00000, 0x0000000086d00000| Untracked 
| 110|0x0000000086e00000, 0x0000000086e00000, 0x0000000086f00000|  0%| F|  |TAMS 0x0000000086e00000, 0x0000000086e00000| Untracked 
| 111|0x0000000086f00000, 0x0000000086f00000, 0x0000000087000000|  0%| F|  |TAMS 0x0000000086f00000, 0x0000000086f00000| Untracked 
| 112|0x0000000087000000, 0x0000000087000000, 0x0000000087100000|  0%| F|  |TAMS 0x0000000087000000, 0x0000000087000000| Untracked 
| 113|0x0000000087100000, 0x0000000087100000, 0x0000000087200000|  0%| F|  |TAMS 0x0000000087100000, 0x0000000087100000| Untracked 
| 114|0x0000000087200000, 0x0000000087200000, 0x0000000087300000|  0%| F|  |TAMS 0x0000000087200000, 0x0000000087200000| Untracked 
| 115|0x0000000087300000, 0x0000000087300000, 0x0000000087400000|  0%| F|  |TAMS 0x0000000087300000, 0x0000000087300000| Untracked 
| 116|0x0000000087400000, 0x0000000087400000, 0x0000000087500000|  0%| F|  |TAMS 0x0000000087400000, 0x0000000087400000| Untracked 
| 117|0x0000000087500000, 0x0000000087500000, 0x0000000087600000|  0%| F|  |TAMS 0x0000000087500000, 0x0000000087500000| Untracked 
| 118|0x0000000087600000, 0x0000000087600000, 0x0000000087700000|  0%| F|  |TAMS 0x0000000087600000, 0x0000000087600000| Untracked 
| 119|0x0000000087700000, 0x0000000087700000, 0x0000000087800000|  0%| F|  |TAMS 0x0000000087700000, 0x0000000087700000| Untracked 
| 120|0x0000000087800000, 0x0000000087800000, 0x0000000087900000|  0%| F|  |TAMS 0x0000000087800000, 0x0000000087800000| Untracked 
| 121|0x0000000087900000, 0x0000000087900000, 0x0000000087a00000|  0%| F|  |TAMS 0x0000000087900000, 0x0000000087900000| Untracked 
| 122|0x0000000087a00000, 0x0000000087a00000, 0x0000000087b00000|  0%| F|  |TAMS 0x0000000087a00000, 0x0000000087a00000| Untracked 
| 123|0x0000000087b00000, 0x0000000087b00000, 0x0000000087c00000|  0%| F|  |TAMS 0x0000000087b00000, 0x0000000087b00000| Untracked 
| 124|0x0000000087c00000, 0x0000000087c00000, 0x0000000087d00000|  0%| F|  |TAMS 0x0000000087c00000, 0x0000000087c00000| Untracked 
| 125|0x0000000087d00000, 0x0000000087d00000, 0x0000000087e00000|  0%| F|  |TAMS 0x0000000087d00000, 0x0000000087d00000| Untracked 
| 126|0x0000000087e00000, 0x0000000087e00000, 0x0000000087f00000|  0%| F|  |TAMS 0x0000000087e00000, 0x0000000087e00000| Untracked 
| 127|0x0000000087f00000, 0x0000000087f00000, 0x0000000088000000|  0%| F|  |TAMS 0x0000000087f00000, 0x0000000087f00000| Untracked 
| 128|0x0000000088000000, 0x0000000088000000, 0x0000000088100000|  0%| F|  |TAMS 0x0000000088000000, 0x0000000088000000| Untracked 
| 129|0x0000000088100000, 0x0000000088100000, 0x0000000088200000|  0%| F|  |TAMS 0x0000000088100000, 0x0000000088100000| Untracked 
| 130|0x0000000088200000, 0x0000000088200000, 0x0000000088300000|  0%| F|  |TAMS 0x0000000088200000, 0x0000000088200000| Untracked 
| 131|0x0000000088300000, 0x0000000088300000, 0x0000000088400000|  0%| F|  |TAMS 0x0000000088300000, 0x0000000088300000| Untracked 
| 132|0x0000000088400000, 0x0000000088400000, 0x0000000088500000|  0%| F|  |TAMS 0x0000000088400000, 0x0000000088400000| Untracked 
| 133|0x0000000088500000, 0x0000000088500000, 0x0000000088600000|  0%| F|  |TAMS 0x0000000088500000, 0x0000000088500000| Untracked 
| 134|0x0000000088600000, 0x0000000088600000, 0x0000000088700000|  0%| F|  |TAMS 0x0000000088600000, 0x0000000088600000| Untracked 
| 135|0x0000000088700000, 0x0000000088700000, 0x0000000088800000|  0%| F|  |TAMS 0x0000000088700000, 0x0000000088700000| Untracked 
| 136|0x0000000088800000, 0x0000000088800000, 0x0000000088900000|  0%| F|  |TAMS 0x0000000088800000, 0x0000000088800000| Untracked 
| 137|0x0000000088900000, 0x0000000088900000, 0x0000000088a00000|  0%| F|  |TAMS 0x0000000088900000, 0x0000000088900000| Untracked 
| 138|0x0000000088a00000, 0x0000000088a00000, 0x0000000088b00000|  0%| F|  |TAMS 0x0000000088a00000, 0x0000000088a00000| Untracked 
| 139|0x0000000088b00000, 0x0000000088b00000, 0x0000000088c00000|  0%| F|  |TAMS 0x0000000088b00000, 0x0000000088b00000| Untracked 
| 140|0x0000000088c00000, 0x0000000088c00000, 0x0000000088d00000|  0%| F|  |TAMS 0x0000000088c00000, 0x0000000088c00000| Untracked 
| 141|0x0000000088d00000, 0x0000000088d00000, 0x0000000088e00000|  0%| F|  |TAMS 0x0000000088d00000, 0x0000000088d00000| Untracked 
| 142|0x0000000088e00000, 0x0000000088e00000, 0x0000000088f00000|  0%| F|  |TAMS 0x0000000088e00000, 0x0000000088e00000| Untracked 
| 143|0x0000000088f00000, 0x0000000088f00000, 0x0000000089000000|  0%| F|  |TAMS 0x0000000088f00000, 0x0000000088f00000| Untracked 
| 144|0x0000000089000000, 0x0000000089000000, 0x0000000089100000|  0%| F|  |TAMS 0x0000000089000000, 0x0000000089000000| Untracked 
| 145|0x0000000089100000, 0x0000000089100000, 0x0000000089200000|  0%| F|  |TAMS 0x0000000089100000, 0x0000000089100000| Untracked 
| 146|0x0000000089200000, 0x0000000089200000, 0x0000000089300000|  0%| F|  |TAMS 0x0000000089200000, 0x0000000089200000| Untracked 
| 147|0x0000000089300000, 0x0000000089300000, 0x0000000089400000|  0%| F|  |TAMS 0x0000000089300000, 0x0000000089300000| Untracked 
| 148|0x0000000089400000, 0x0000000089400000, 0x0000000089500000|  0%| F|  |TAMS 0x0000000089400000, 0x0000000089400000| Untracked 
| 149|0x0000000089500000, 0x0000000089500000, 0x0000000089600000|  0%| F|  |TAMS 0x0000000089500000, 0x0000000089500000| Untracked 
| 150|0x0000000089600000, 0x0000000089600000, 0x0000000089700000|  0%| F|  |TAMS 0x0000000089600000, 0x0000000089600000| Untracked 
| 151|0x0000000089700000, 0x0000000089700000, 0x0000000089800000|  0%| F|  |TAMS 0x0000000089700000, 0x0000000089700000| Untracked 
| 152|0x0000000089800000, 0x0000000089800000, 0x0000000089900000|  0%| F|  |TAMS 0x0000000089800000, 0x0000000089800000| Untracked 
| 153|0x0000000089900000, 0x0000000089900000, 0x0000000089a00000|  0%| F|  |TAMS 0x0000000089900000, 0x0000000089900000| Untracked 

Card table byte_map: [0x0000025aaa370000,0x0000025aaa770000] _byte_map_base: 0x0000025aa9f70000

Marking Bits (Prev, Next): (CMBitMap*) 0x0000025a91d1cdd8, (CMBitMap*) 0x0000025a91d1ce10
 Prev Bits: [0x0000025aaab70000, 0x0000025aacb70000)
 Next Bits: [0x0000025aacb70000, 0x0000025aaeb70000)

Polling page: 0x0000025a91dc0000

Metaspace:

Usage:
  Non-class:     42.01 MB capacity,    41.28 MB ( 98%) used,   594.18 KB (  1%) free+waste,   152.25 KB ( <1%) overhead. 
      Class:      6.75 MB capacity,     6.23 MB ( 92%) used,   453.78 KB (  7%) free+waste,    77.75 KB (  1%) overhead. 
       Both:     48.76 MB capacity,    47.51 MB ( 97%) used,     1.02 MB (  2%) free+waste,   230.00 KB ( <1%) overhead. 

Virtual space:
  Non-class space:       44.00 MB reserved,      42.17 MB ( 96%) committed 
      Class space:        1.00 GB reserved,       6.75 MB ( <1%) committed 
             Both:        1.04 GB reserved,      48.92 MB (  5%) committed 

Chunk freelists:
   Non-Class:  4.50 KB
       Class:  256 bytes
        Both:  4.75 KB

CodeHeap 'non-profiled nmethods': size=239488Kb used=5897Kb max_used=5897Kb free=233590Kb
 bounds [0x0000025a9b190000, 0x0000025a9b760000, 0x0000025aa9b70000]
CodeHeap 'non-nmethods': size=6272Kb used=1217Kb max_used=1217Kb free=5054Kb
 bounds [0x0000025a9ab70000, 0x0000025a9ade0000, 0x0000025a9b190000]
 total_blobs=4446 nmethods=3880 adapters=492
 compilation: enabled
              stopped_count=0, restarted_count=0
 full_count=0

Compilation events (10 events):
Event: 7.465 Thread 0x0000025ab0faa000 3876       1       sun.security.util.ECParameters::engineGetParameterSpec (105 bytes)
Event: 7.466 Thread 0x0000025ab0faa000 nmethod 3876 0x0000025a9b750690 code [0x0000025a9b750900, 0x0000025a9b750f98]
Event: 7.466 Thread 0x0000025ab0faa000 3877       1       sun.security.util.ECKeySizeParameterSpec::<init> (10 bytes)
Event: 7.466 Thread 0x0000025ab0faa000 nmethod 3877 0x0000025a9b751310 code [0x0000025a9b7514a0, 0x0000025a9b751558]
Event: 7.588 Thread 0x0000025ab0faa000 3878       1       java.lang.PublicMethods$Key::equals (52 bytes)
Event: 7.589 Thread 0x0000025ab0faa000 nmethod 3878 0x0000025a9b751610 code [0x0000025a9b7517c0, 0x0000025a9b751988]
Event: 7.591 Thread 0x0000025ab0faa000 3879       1       java.util.regex.Pattern$Ques::match (196 bytes)
Event: 7.591 Thread 0x0000025ab0faa000 nmethod 3879 0x0000025a9b751a90 code [0x0000025a9b751cc0, 0x0000025a9b752138]
Event: 7.611 Thread 0x0000025ab0faa000 3880       1       org.apache.logging.slf4j.SLF4JLogger::getMarker (13 bytes)
Event: 7.612 Thread 0x0000025ab0faa000 nmethod 3880 0x0000025a9b752390 code [0x0000025a9b752520, 0x0000025a9b7525e8]

GC Heap History (10 events):
Event: 1.558 GC heap after
{Heap after GC invocations=4 (full 0):
 garbage-first heap   total 131072K, used 8004K [0x0000000080000000, 0x0000000100000000)
  region size 1024K, 3 young (3072K), 3 survivors (3072K)
 Metaspace       used 15396K, capacity 15785K, committed 16000K, reserved 1062912K
  class space    used 1725K, capacity 1884K, committed 1920K, reserved 1048576K
}
Event: 2.045 GC heap before
{Heap before GC invocations=4 (full 0):
 garbage-first heap   total 131072K, used 36676K [0x0000000080000000, 0x0000000100000000)
  region size 1024K, 31 young (31744K), 3 survivors (3072K)
 Metaspace       used 20214K, capacity 20749K, committed 21120K, reserved 1067008K
  class space    used 2347K, capacity 2569K, committed 2688K, reserved 1048576K
}
Event: 2.056 GC heap after
{Heap after GC invocations=5 (full 0):
 garbage-first heap   total 157696K, used 9288K [0x0000000080000000, 0x0000000100000000)
  region size 1024K, 4 young (4096K), 4 survivors (4096K)
 Metaspace       used 20214K, capacity 20749K, committed 21120K, reserved 1067008K
  class space    used 2347K, capacity 2569K, committed 2688K, reserved 1048576K
}
Event: 2.102 GC heap before
{Heap before GC invocations=5 (full 0):
 garbage-first heap   total 157696K, used 12360K [0x0000000080000000, 0x0000000100000000)
  region size 1024K, 9 young (9216K), 4 survivors (4096K)
 Metaspace       used 20581K, capacity 21107K, committed 21296K, reserved 1069056K
  class space    used 2386K, capacity 2603K, committed 2688K, reserved 1048576K
}
Event: 2.111 GC heap after
{Heap after GC invocations=6 (full 0):
 garbage-first heap   total 157696K, used 9346K [0x0000000080000000, 0x0000000100000000)
  region size 1024K, 4 young (4096K), 4 survivors (4096K)
 Metaspace       used 20581K, capacity 21107K, committed 21296K, reserved 1069056K
  class space    used 2386K, capacity 2603K, committed 2688K, reserved 1048576K
}
Event: 3.603 GC heap before
{Heap before GC invocations=7 (full 0):
 garbage-first heap   total 157696K, used 60546K [0x0000000080000000, 0x0000000100000000)
  region size 1024K, 54 young (55296K), 4 survivors (4096K)
 Metaspace       used 24541K, capacity 25247K, committed 25520K, reserved 1071104K
  class space    used 2991K, capacity 3299K, committed 3328K, reserved 1048576K
}
Event: 3.630 GC heap after
{Heap after GC invocations=8 (full 0):
 garbage-first heap   total 157696K, used 11413K [0x0000000080000000, 0x0000000100000000)
  region size 1024K, 6 young (6144K), 6 survivors (6144K)
 Metaspace       used 24541K, capacity 25247K, committed 25520K, reserved 1071104K
  class space    used 2991K, capacity 3299K, committed 3328K, reserved 1048576K
}
Event: 5.264 GC heap before
{Heap before GC invocations=8 (full 0):
 garbage-first heap   total 157696K, used 88213K [0x0000000080000000, 0x0000000100000000)
  region size 1024K, 82 young (83968K), 6 survivors (6144K)
 Metaspace       used 34691K, capacity 35766K, committed 35920K, reserved 1081344K
  class space    used 4418K, capacity 4868K, committed 4992K, reserved 1048576K
}
Event: 5.333 GC heap after
{Heap after GC invocations=9 (full 0):
 garbage-first heap   total 157696K, used 15667K [0x0000000080000000, 0x0000000100000000)
  region size 1024K, 10 young (10240K), 10 survivors (10240K)
 Metaspace       used 34691K, capacity 35766K, committed 35920K, reserved 1081344K
  class space    used 4418K, capacity 4868K, committed 4992K, reserved 1048576K
}
Event: 7.695 GC heap before
{Heap before GC invocations=10 (full 0):
 garbage-first heap   total 157696K, used 99635K [0x0000000080000000, 0x0000000100000000)
  region size 1024K, 92 young (94208K), 10 survivors (10240K)
 Metaspace       used 48652K, capacity 49930K, committed 50096K, reserved 1093632K
  class space    used 6378K, capacity 6910K, committed 6912K, reserved 1048576K
}

Deoptimization events (0 events):
No events

Classes redefined (0 events):
No events

Internal exceptions (10 events):
Event: 4.361 Thread 0x0000025a91cdf800 Exception <a 'java/lang/NoSuchMethodError'{0x000000008808dac8}: java.lang.invoke.DirectMethodHandle$Holder.invokeStaticInit(Ljava/lang/Object;Ljava/lang/Object;IIII)Ljava/lang/Object;> (0x000000008808dac8) thrown at [./open/src/hotspot/share/interpreter/l
Event: 4.761 Thread 0x0000025a91cdf800 Exception <a 'java/io/FileNotFoundException'{0x0000000087354bc8}> (0x0000000087354bc8) thrown at [./open/src/hotspot/share/prims/jni.cpp, line 611]
Event: 4.792 Thread 0x0000025a91cdf800 Exception <a 'java/lang/NoSuchMethodError'{0x000000008711f298}: java.lang.invoke.DirectMethodHandle$Holder.invokeInterface(Ljava/lang/Object;Ljava/lang/Object;Ljava/lang/Object;Ljava/lang/Object;)I> (0x000000008711f298) thrown at [./open/src/hotspot/share
Event: 4.860 Thread 0x0000025a91cdf800 Exception <a 'java/io/FileNotFoundException'{0x0000000086fee8b0}> (0x0000000086fee8b0) thrown at [./open/src/hotspot/share/prims/jni.cpp, line 611]
Event: 5.849 Thread 0x0000025a91cdf800 Exception <a 'sun/nio/fs/WindowsException'{0x000000008838f5a0}> (0x000000008838f5a0) thrown at [./open/src/hotspot/share/prims/jni.cpp, line 611]
Event: 5.861 Thread 0x0000025a91cdf800 Exception <a 'java/lang/NoSuchMethodError'{0x00000000883b3e58}: java.lang.invoke.DirectMethodHandle$Holder.invokeStaticInit(Ljava/lang/Object;Ljava/lang/Object;Ljava/lang/Object;Ljava/lang/Object;)I> (0x00000000883b3e58) thrown at [./open/src/hotspot/shar
Event: 6.675 Thread 0x0000025a91cdf800 Exception <a 'java/lang/NoSuchMethodError'{0x0000000087908f88}: java.lang.invoke.DirectMethodHandle$Holder.invokeStaticInit(Ljava/lang/Object;Ljava/lang/Object;Ljava/lang/Object;Ljava/lang/Object;)Ljava/lang/Object;> (0x0000000087908f88) thrown at [./open
Event: 6.884 Thread 0x0000025a91cdf800 Exception <a 'java/lang/NoSuchMethodError'{0x0000000086cfd3d8}: java.lang.invoke.DirectMethodHandle$Holder.newInvokeSpecial(Ljava/lang/Object;Ljava/lang/Object;ILjava/lang/Object;Ljava/lang/Object;)Ljava/lang/Object;> (0x0000000086cfd3d8) thrown at [./ope
Event: 7.458 Thread 0x0000025a91cdf800 Exception <a 'java/lang/NoSuchMethodError'{0x0000000084d2e600}: java.lang.invoke.DirectMethodHandle$Holder.invokeInterface(Ljava/lang/Object;Ljava/lang/Object;)V> (0x0000000084d2e600) thrown at [./open/src/hotspot/share/interpreter/linkResolver.cpp, line 
Event: 7.539 Thread 0x0000025a91cdf800 Exception <a 'java/lang/NoSuchMethodError'{0x0000000084cdbdd0}: java.lang.invoke.DirectMethodHandle$Holder.invokeStaticInit(Ljava/lang/Object;Ljava/lang/Object;Ljava/lang/Object;Ljava/lang/Object;II)Ljava/lang/Object;> (0x0000000084cdbdd0) thrown at [./op

Events (10 events):
Event: 7.692 loading class org/hibernate/metamodel/model/domain/internal/AbstractIdentifiableType done
Event: 7.692 loading class org/hibernate/metamodel/model/domain/internal/AbstractManagedType
Event: 7.692 loading class org/hibernate/metamodel/model/domain/internal/AbstractManagedType done
Event: 7.693 loading class org/hibernate/metamodel/model/domain/internal/AbstractType
Event: 7.693 loading class org/hibernate/metamodel/model/domain/internal/AbstractType done
Event: 7.695 loading class org/hibernate/metamodel/model/domain/internal/AbstractIdentifiableType$InFlightAccessImpl
Event: 7.695 loading class org/hibernate/metamodel/model/domain/internal/AbstractIdentifiableType$InFlightAccessImpl done
Event: 7.695 loading class org/hibernate/metamodel/model/domain/spi/IdentifiableTypeDescriptor$InFlightAccess
Event: 7.695 loading class org/hibernate/metamodel/model/domain/spi/IdentifiableTypeDescriptor$InFlightAccess done
Event: 7.695 Executing VM operation: G1CollectForAllocation


Dynamic libraries:
0x00007ff61a910000 - 0x00007ff61a91f000 	C:\Program Files\Java\jdk-11.0.16\bin\java.exe
0x00007ffc2b990000 - 0x00007ffc2bb88000 	C:\Windows\SYSTEM32\ntdll.dll
0x00007ffc2aa00000 - 0x00007ffc2aabd000 	C:\Windows\System32\KERNEL32.DLL
0x00007ffc290b0000 - 0x00007ffc2937e000 	C:\Windows\System32\KERNELBASE.dll
0x00007ffc298c0000 - 0x00007ffc299c0000 	C:\Windows\System32\ucrtbase.dll
0x00007ffc170c0000 - 0x00007ffc170d8000 	C:\Program Files\Java\jdk-11.0.16\bin\jli.dll
0x00007ffc29f60000 - 0x00007ffc2a00e000 	C:\Windows\System32\ADVAPI32.dll
0x00007ffc2a010000 - 0x00007ffc2a0ae000 	C:\Windows\System32\msvcrt.dll
0x00007ffc2a0b0000 - 0x00007ffc2a14c000 	C:\Windows\System32\sechost.dll
0x00007ffc29a50000 - 0x00007ffc29b75000 	C:\Windows\System32\RPCRT4.dll
0x00007ffc2b7b0000 - 0x00007ffc2b950000 	C:\Windows\System32\USER32.dll
0x00007ffc294f0000 - 0x00007ffc29512000 	C:\Windows\System32\win32u.dll
0x00007ffc2a150000 - 0x00007ffc2a17a000 	C:\Windows\System32\GDI32.dll
0x00007ffc29520000 - 0x00007ffc2962b000 	C:\Windows\System32\gdi32full.dll
0x00007ffc296c0000 - 0x00007ffc2975d000 	C:\Windows\System32\msvcp_win.dll
0x00007ffc1a100000 - 0x00007ffc1a115000 	C:\Program Files\Java\jdk-11.0.16\bin\VCRUNTIME140.dll
0x00007ffc11fb0000 - 0x00007ffc1224a000 	C:\Windows\WinSxS\amd64_microsoft.windows.common-controls_6595b64144ccf1df_6.0.19041.1110_none_60b5254171f9507e\COMCTL32.dll
0x00007ffc211e0000 - 0x00007ffc211ea000 	C:\Windows\SYSTEM32\VERSION.dll
0x00007ffc29be0000 - 0x00007ffc29c10000 	C:\Windows\System32\IMM32.DLL
0x00007ffc16fb0000 - 0x00007ffc1704b000 	C:\Program Files\Java\jdk-11.0.16\bin\msvcp140.dll
0x00007ffbfdf90000 - 0x00007ffbfeaa8000 	C:\Program Files\Java\jdk-11.0.16\bin\server\jvm.dll
0x00007ffc2a4f0000 - 0x00007ffc2a4f8000 	C:\Windows\System32\PSAPI.DLL
0x00007ffc0c480000 - 0x00007ffc0c489000 	C:\Windows\SYSTEM32\WSOCK32.dll
0x00007ffc2a180000 - 0x00007ffc2a1eb000 	C:\Windows\System32\WS2_32.dll
0x00007ffc09630000 - 0x00007ffc09657000 	C:\Windows\SYSTEM32\WINMM.dll
0x00007ffc26f80000 - 0x00007ffc26f92000 	C:\Windows\SYSTEM32\kernel.appcore.dll
0x00007ffc24a80000 - 0x00007ffc24a90000 	C:\Program Files\Java\jdk-11.0.16\bin\verify.dll
0x00007ffc18a20000 - 0x00007ffc18c04000 	C:\Windows\SYSTEM32\DBGHELP.DLL
0x00007ffc19f70000 - 0x00007ffc19f9c000 	C:\Windows\SYSTEM32\dbgcore.DLL
0x00007ffc29630000 - 0x00007ffc296b2000 	C:\Windows\System32\bcryptPrimitives.dll
0x00007ffc17090000 - 0x00007ffc170b8000 	C:\Program Files\Java\jdk-11.0.16\bin\java.dll
0x00007ffc22e80000 - 0x00007ffc22e8a000 	C:\Program Files\Java\jdk-11.0.16\bin\jimage.dll
0x00007ffc16f90000 - 0x00007ffc16fa6000 	C:\Program Files\Java\jdk-11.0.16\bin\zip.dll
0x00007ffc2ab70000 - 0x00007ffc2b2b3000 	C:\Windows\System32\SHELL32.dll
0x00007ffc27180000 - 0x00007ffc27915000 	C:\Windows\SYSTEM32\windows.storage.dll
0x00007ffc2b2c0000 - 0x00007ffc2b614000 	C:\Windows\System32\combase.dll
0x00007ffc28960000 - 0x00007ffc28990000 	C:\Windows\SYSTEM32\Wldp.dll
0x00007ffc2aac0000 - 0x00007ffc2ab6d000 	C:\Windows\System32\SHCORE.dll
0x00007ffc299f0000 - 0x00007ffc29a45000 	C:\Windows\System32\shlwapi.dll
0x00007ffc28ff0000 - 0x00007ffc2900f000 	C:\Windows\SYSTEM32\profapi.dll
0x00007ffc15c40000 - 0x00007ffc15c59000 	C:\Program Files\Java\jdk-11.0.16\bin\net.dll
0x00007ffc20670000 - 0x00007ffc2077a000 	C:\Windows\SYSTEM32\WINHTTP.dll
0x00007ffc28740000 - 0x00007ffc287aa000 	C:\Windows\system32\mswsock.dll
0x00007ffc15c20000 - 0x00007ffc15c32000 	C:\Program Files\Java\jdk-11.0.16\bin\nio.dll
0x00007ffc1a0f0000 - 0x00007ffc1a0f9000 	C:\Program Files\Java\jdk-11.0.16\bin\management.dll
0x00007ffc15c10000 - 0x00007ffc15c1b000 	C:\Program Files\Java\jdk-11.0.16\bin\management_ext.dll
0x00007ffc0ddb0000 - 0x00007ffc0ddc7000 	C:\Windows\system32\napinsp.dll
0x00007ffc0dd90000 - 0x00007ffc0ddab000 	C:\Windows\system32\pnrpnsp.dll
0x00007ffc0dd70000 - 0x00007ffc0dd85000 	C:\Windows\system32\wshbth.dll
0x00007ffc24a60000 - 0x00007ffc24a7d000 	C:\Windows\system32\NLAapi.dll
0x00007ffc28450000 - 0x00007ffc2848b000 	C:\Windows\SYSTEM32\IPHLPAPI.DLL
0x00007ffc28490000 - 0x00007ffc2855a000 	C:\Windows\SYSTEM32\DNSAPI.dll
0x00007ffc2a580000 - 0x00007ffc2a588000 	C:\Windows\System32\NSI.dll
0x00007ffc0dd50000 - 0x00007ffc0dd62000 	C:\Windows\System32\winrnr.dll
0x00007ffc20640000 - 0x00007ffc2064a000 	C:\Windows\System32\rasadhlp.dll
0x00007ffc208f0000 - 0x00007ffc20970000 	C:\Windows\System32\fwpuclnt.dll
0x00007ffc299c0000 - 0x00007ffc299e7000 	C:\Windows\System32\bcrypt.dll
0x00007ffc289a0000 - 0x00007ffc289b8000 	C:\Windows\SYSTEM32\CRYPTSP.dll
0x00007ffc280e0000 - 0x00007ffc28114000 	C:\Windows\system32\rsaenh.dll
0x00007ffc28fb0000 - 0x00007ffc28fde000 	C:\Windows\SYSTEM32\USERENV.dll
0x00007ffc288d0000 - 0x00007ffc288dc000 	C:\Windows\SYSTEM32\CRYPTBASE.dll
0x00007ffc21a70000 - 0x00007ffc21a87000 	C:\Windows\SYSTEM32\dhcpcsvc6.DLL
0x00007ffc21950000 - 0x00007ffc2196d000 	C:\Windows\SYSTEM32\dhcpcsvc.DLL
0x00007ffc11480000 - 0x00007ffc114a5000 	C:\Program Files\Java\jdk-11.0.16\bin\sunec.dll
0x00007ffc15c00000 - 0x00007ffc15c0d000 	C:\Program Files\Java\jdk-11.0.16\bin\sunmscapi.dll
0x00007ffc29760000 - 0x00007ffc298b6000 	C:\Windows\System32\CRYPT32.dll
0x00007ffc28ab0000 - 0x00007ffc28ad7000 	C:\Windows\SYSTEM32\ncrypt.dll
0x00007ffc28a70000 - 0x00007ffc28aab000 	C:\Windows\SYSTEM32\NTASN1.dll

dbghelp: loaded successfully - version: 4.0.5 - missing functions: none
symbol engine: initialized successfully - sym options: 0x614 - pdb path: .;C:\Program Files\Java\jdk-11.0.16\bin;C:\Windows\SYSTEM32;C:\Windows\WinSxS\amd64_microsoft.windows.common-controls_6595b64144ccf1df_6.0.19041.1110_none_60b5254171f9507e;C:\Program Files\Java\jdk-11.0.16\bin\server

VM Arguments:
jvm_args: -Xverify:none -XX:TieredStopAtLevel=1 
java_command: com.pension.app.PensionMicroserviceApplication
java_class_path (initial): C:\Users\sfjbs\IdeaProjects\training\Harshad\day13\pension-management-system\target\classes;C:\Users\sfjbs\.m2\repository\org\springframework\boot\spring-boot\2.7.3\spring-boot-2.7.3.jar;C:\Users\sfjbs\.m2\repository\org\springframework\boot\spring-boot-autoconfigure\2.7.3\spring-boot-autoconfigure-2.7.3.jar;C:\Users\sfjbs\.m2\repository\ch\qos\logback\logback-classic\1.2.11\logback-classic-1.2.11.jar;C:\Users\sfjbs\.m2\repository\ch\qos\logback\logback-core\1.2.11\logback-core-1.2.11.jar;C:\Users\sfjbs\.m2\repository\org\apache\logging\log4j\log4j-to-slf4j\2.17.2\log4j-to-slf4j-2.17.2.jar;C:\Users\sfjbs\.m2\repository\org\apache\logging\log4j\log4j-api\2.17.2\log4j-api-2.17.2.jar;C:\Users\sfjbs\.m2\repository\org\slf4j\jul-to-slf4j\1.7.36\jul-to-slf4j-1.7.36.jar;C:\Users\sfjbs\.m2\repository\jakarta\annotation\jakarta.annotation-api\1.3.5\jakarta.annotation-api-1.3.5.jar;C:\Users\sfjbs\.m2\repository\org\yaml\snakeyaml\1.30\snakeyaml-1.30.jar;C:\Users\sfjbs\.m2\repository\com\fasterxml\jackson\core\jackson-databind\2.13.3\jackson-databind-2.13.3.jar;C:\Users\sfjbs\.m2\repository\com\fasterxml\jackson\core\jackson-annotations\2.13.3\jackson-annotations-2.13.3.jar;C:\Users\sfjbs\.m2\repository\com\fasterxml\jackson\core\jackson-core\2.13.3\jackson-core-2.13.3.jar;C:\Users\sfjbs\.m2\repository\com\fasterxml\jackson\datatype\jackson-datatype-jdk8\2.13.3\jackson-datatype-jdk8-2.13.3.jar;C:\Users\sfjbs\.m2\repository\com\fasterxml\jackson\datatype\jackson-datatype-jsr310\2.13.3\jackson-datatype-jsr310-2.13.3.jar;C:\Users\sfjbs\.m2\repository\com\fasterxml\jackson\module\jackson-module-parameter-names\2.13.3\jackson-module-parameter-names-2.13.3.jar;C:\Users\sfjbs\.m2\repository\org\apache\tomcat\embed\tomcat-embed-core\9.0.65\tomcat-embed-core-9.0.65.jar;C:\Users\sfjbs\.m2\repository\org\apache\tomcat\embed\tomcat-embed-el\9.0.65\tomcat-embed-el-9.0.65.jar;C:\Users\sfjbs\.m2\repository\org\apache\tomcat\embed\tomcat-embed-websocket\9.0.65\tom
Launcher Type: SUN_STANDARD

[Global flags]
     bool BytecodeVerificationLocal                = false                                     {product} {command line}
     bool BytecodeVerificationRemote               = false                                     {product} {command line}
     intx CICompilerCount                          = 2                                         {product} {ergonomic}
     uint ConcGCThreads                            = 1                                         {product} {ergonomic}
     uint G1ConcRefinementThreads                  = 2                                         {product} {ergonomic}
   size_t G1HeapRegionSize                         = 1048576                                   {product} {ergonomic}
    uintx GCDrainStackTargetSize                   = 64                                        {product} {ergonomic}
   size_t InitialHeapSize                          = 134217728                                 {product} {ergonomic}
   size_t MarkStackSize                            = 4194304                                   {product} {ergonomic}
   size_t MaxHeapSize                              = 2147483648                                {product} {ergonomic}
   size_t MaxNewSize                               = 1287651328                                {product} {ergonomic}
   size_t MinHeapDeltaBytes                        = 1048576                                   {product} {ergonomic}
    uintx NonNMethodCodeHeapSize                   = 6396312                                {pd product} {ergonomic}
    uintx NonProfiledCodeHeapSize                  = 245261928                              {pd product} {ergonomic}
    uintx ProfiledCodeHeapSize                     = 0                                      {pd product} {ergonomic}
    uintx ReservedCodeCacheSize                    = 251658240                              {pd product} {ergonomic}
     bool SegmentedCodeCache                       = true                                      {product} {ergonomic}
     intx TieredStopAtLevel                        = 1                                         {product} {command line}
     bool UseCompressedClassPointers               = true                                 {lp64_product} {ergonomic}
     bool UseCompressedOops                        = true                                 {lp64_product} {ergonomic}
     bool UseG1GC                                  = true                                      {product} {ergonomic}
     bool UseLargePagesIndividualAllocation        = false                                  {pd product} {ergonomic}

Logging:
Log output configuration:
 #0: stdout all=warning uptime,level,tags
 #1: stderr all=off uptime,level,tags

Environment Variables:
PATH=C:\Program Files\Common Files\Oracle\Java\javapath;C:\Windows\system32;C:\Windows;C:\Windows\System32\Wbem;C:\Windows\System32\WindowsPowerShell\v1.0\;C:\Windows\System32\OpenSSH\;C:\Users\sfjbs\Downloads\micro service-20221001T123314Z-001\micro service\apache-maven-3.8.5-bin\apache-maven-3.8.5\bin;C:\Users\sfjbs\Downloads\micro service-20221001T123314Z-001\micro service\apache-maven-3.8.5-bin\apache-maven-3.8.5\lib;C:\Program Files\Docker\Docker\resources\bin;C:\ProgramData\DockerDesktop\version-bin;C:\Program Files\Git\cmd;C:\Users\sfjbs\AppData\Local\Microsoft\WindowsApps;C:\Users\sfjbs\Downloads\micro service-20221001T123314Z-001\micro service\apache-maven-3.8.5-bin\apache-maven-3.8.5\bin;C:\Users\sfjbs\Downloads\micro service-20221001T123314Z-001\micro service\apache-maven-3.8.5-bin\apache-maven-3.8.5\lib;;C:\Program Files\JetBrains\IntelliJ IDEA Community Edition 2022.2.1\bin;
USERNAME=sfjbs
OS=Windows_NT
PROCESSOR_IDENTIFIER=Intel64 Family 6 Model 106 Stepping 6, GenuineIntel



---------------  S Y S T E M  ---------------

OS: Windows 10 , 64 bit Build 19041 (10.0.19041.1889)
Hyper-V role detected

CPU:total 2 (initial active 2) (1 cores per cpu, 2 threads per core) family 6 model 106 stepping 6 microcode 0xffffffff, cmov, cx8, fxsr, mmx, sse, sse2, sse3, ssse3, sse4.1, sse4.2, popcnt, avx, avx2, aes, clmul, erms, rtm, 3dnowpref, lzcnt, ht, tsc, bmi1, bmi2, adx, evex, fma

Memory: 4k page, system-wide physical 8190M (280M free)
TotalPageFile size 10238M (AvailPageFile size 91M)
current process WorkingSet (physical memory assigned to process): 215M, peak: 215M
current process commit charge ("private bytes"): 287M, peak: 382M

vm_info: Java HotSpot(TM) 64-Bit Server VM (11.0.16+11-LTS-199) for windows-amd64 JRE (11.0.16+11-LTS-199), built on Jun 28 2022 08:23:17 by "mach5one" with MS VC++ 15.9 (VS2017)

END.
