#
# There is insufficient memory for the Java Runtime Environment to continue.
# Native memory allocation (malloc) failed to allocate 1301888 bytes for Chunk::new
# Possible reasons:
#   The system is out of physical RAM or swap space
#   The process is running with CompressedOops enabled, and the Java Heap may be blocking the growth of the native heap
# Possible solutions:
#   Reduce memory load on the system
#   Increase physical memory or swap space
#   Check if swap backing store is full
#   Decrease Java heap size (-Xmx/-Xms)
#   Decrease number of Java threads
#   Decrease Java thread stack sizes (-Xss)
#   Set larger code cache with -XX:ReservedCodeCacheSize=
#   JVM is running with Unscaled Compressed Oops mode in which the Java heap is
#     placed in the first 4GB address space. The Java Heap base address is the
#     maximum limit for the native heap growth. Please use -XX:HeapBaseMinAddress
#     to set the Java Heap base and to place the Java Heap above 4GB virtual address.
# This output file may be truncated or incomplete.
#
#  Out of Memory Error (arena.cpp:189), pid=23008, tid=24320
#
# JRE version: OpenJDK Runtime Environment Corretto-17.0.5.8.1 (17.0.5+8) (build 17.0.5+8-LTS)
# Java VM: OpenJDK 64-Bit Server VM Corretto-17.0.5.8.1 (17.0.5+8-LTS, mixed mode, sharing, tiered, compressed oops, compressed class ptrs, g1 gc, windows-amd64)
# No core dump will be written. Minidumps are not enabled by default on client versions of Windows
#

---------------  S U M M A R Y ------------

Command Line: -ea -javaagent:C:\Users\sfjbs\AppData\Local\JetBrains\IdeaIC2022.2\testAgent\intellij-coverage-agent-1.0.673.jar=C:\Users\sfjbs\AppData\Local\Temp\coverage7args -Didea.new.sampling.coverage=true -Dcoverage.ignore.private.constructor.util.class=true -Didea.test.cyclic.buffer.size=1048576 -javaagent:C:\Program Files\JetBrains\IntelliJ IDEA Community Edition 2022.2.1\lib\idea_rt.jar=51030:C:\Program Files\JetBrains\IntelliJ IDEA Community Edition 2022.2.1\bin -Dfile.encoding=UTF-8 com.intellij.rt.junit.JUnitStarter -ideVersion5 -junit5 @w@C:\Users\sfjbs\AppData\Local\Temp\idea_working_dirs_junit.tmp @C:\Users\sfjbs\AppData\Local\Temp\idea_junit.tmp -socket51029

Host: Intel(R) Xeon(R) Platinum 8370C CPU @ 2.80GHz, 2 cores, 7G,  Windows 10 , 64 bit Build 19041 (10.0.19041.1889)
Time: Tue Nov  1 10:25:17 2022 Coordinated Universal Time elapsed time: 25.333376 seconds (0d 0h 0m 25s)

---------------  T H R E A D  ---------------

Current thread (0x000001cd6c484b50):  JavaThread "C2 CompilerThread0" daemon [_thread_in_native, id=24320, stack(0x000000aca0d00000,0x000000aca0e00000)]


Current CompileTask:
C2:  25333 6559       4       org.springframework.beans.factory.support.AbstractBeanFactory::isTypeMatch (1314 bytes)

Stack: [0x000000aca0d00000,0x000000aca0e00000]
Native frames: (J=compiled Java code, j=interpreted, Vv=VM code, C=native code)
V  [jvm.dll+0x646e0a]
V  [jvm.dll+0x7f7f14]
V  [jvm.dll+0x7f96ce]
V  [jvm.dll+0x7f9d23]
V  [jvm.dll+0x234c98]
V  [jvm.dll+0xbccfc]
V  [jvm.dll+0xbd2dc]
V  [jvm.dll+0x34d727]
V  [jvm.dll+0x1aff30]
V  [jvm.dll+0x20938f]
V  [jvm.dll+0x208837]
V  [jvm.dll+0x198a9d]
V  [jvm.dll+0x217bdd]
V  [jvm.dll+0x215e24]
V  [jvm.dll+0x7b06ab]
V  [jvm.dll+0x7aac5a]
V  [jvm.dll+0x645cd5]
C  [ucrtbase.dll+0x21bb2]
C  [KERNEL32.DLL+0x17034]
C  [ntdll.dll+0x526a1]


---------------  P R O C E S S  ---------------

Threads class SMR info:
_java_thread_list=0x000001cd7314d8a0, length=13, elements={
0x000001cd4edc4f60, 0x000001cd6c440070, 0x000001cd6c440b30, 0x000001cd6c450c80,
0x000001cd6c455560, 0x000001cd6c4565c0, 0x000001cd6c45eea0, 0x000001cd6c484b50,
0x000001cd6c485500, 0x000001cd6c486e10, 0x000001cd6c425ee0, 0x000001cd6d1d4920,
0x000001cd6d1d4df0
}

Java Threads: ( => current thread )
  0x000001cd4edc4f60 JavaThread "main" [_thread_in_Java, id=24496, stack(0x000000ac9ff00000,0x000000aca0000000)]
  0x000001cd6c440070 JavaThread "Reference Handler" daemon [_thread_blocked, id=24484, stack(0x000000aca0700000,0x000000aca0800000)]
  0x000001cd6c440b30 JavaThread "Finalizer" daemon [_thread_blocked, id=24436, stack(0x000000aca0800000,0x000000aca0900000)]
  0x000001cd6c450c80 JavaThread "Signal Dispatcher" daemon [_thread_blocked, id=24440, stack(0x000000aca0900000,0x000000aca0a00000)]
  0x000001cd6c455560 JavaThread "Attach Listener" daemon [_thread_blocked, id=24500, stack(0x000000aca0a00000,0x000000aca0b00000)]
  0x000001cd6c4565c0 JavaThread "Service Thread" daemon [_thread_blocked, id=22828, stack(0x000000aca0b00000,0x000000aca0c00000)]
  0x000001cd6c45eea0 JavaThread "Monitor Deflation Thread" daemon [_thread_blocked, id=23532, stack(0x000000aca0c00000,0x000000aca0d00000)]
=>0x000001cd6c484b50 JavaThread "C2 CompilerThread0" daemon [_thread_in_native, id=24320, stack(0x000000aca0d00000,0x000000aca0e00000)]
  0x000001cd6c485500 JavaThread "C1 CompilerThread0" daemon [_thread_blocked, id=23188, stack(0x000000aca0e00000,0x000000aca0f00000)]
  0x000001cd6c486e10 JavaThread "Sweeper thread" daemon [_thread_blocked, id=13320, stack(0x000000aca0f00000,0x000000aca1000000)]
  0x000001cd6c425ee0 JavaThread "Common-Cleaner" daemon [_thread_blocked, id=23276, stack(0x000000aca1000000,0x000000aca1100000)]
  0x000001cd6d1d4920 JavaThread "Monitor Ctrl-Break" daemon [_thread_in_native, id=24560, stack(0x000000aca1100000,0x000000aca1200000)]
  0x000001cd6d1d4df0 JavaThread "Notification Thread" daemon [_thread_blocked, id=24548, stack(0x000000aca1200000,0x000000aca1300000)]

Other Threads:
  0x000001cd6c43b260 VMThread "VM Thread" [stack: 0x000000aca0600000,0x000000aca0700000] [id=24512]
  0x000001cd6d1cfa00 WatcherThread [stack: 0x000000aca1300000,0x000000aca1400000] [id=12716]
  0x000001cd4ede5f70 GCTaskThread "GC Thread#0" [stack: 0x000000aca0100000,0x000000aca0200000] [id=24424]
  0x000001cd6d1e9490 GCTaskThread "GC Thread#1" [stack: 0x000000aca1400000,0x000000aca1500000] [id=10348]
  0x000001cd4ee34670 ConcurrentGCThread "G1 Main Marker" [stack: 0x000000aca0200000,0x000000aca0300000] [id=24472]
  0x000001cd4ee34e90 ConcurrentGCThread "G1 Conc#0" [stack: 0x000000aca0300000,0x000000aca0400000] [id=24456]
  0x000001cd4ee8dda0 ConcurrentGCThread "G1 Refine#0" [stack: 0x000000aca0400000,0x000000aca0500000] [id=24476]
  0x000001cd6d357cd0 ConcurrentGCThread "G1 Refine#1" [stack: 0x000000aca1500000,0x000000aca1600000] [id=22272]
  0x000001cd4ee8e6d0 ConcurrentGCThread "G1 Service" [stack: 0x000000aca0500000,0x000000aca0600000] [id=24492]

Threads with active compile tasks:
C2 CompilerThread0    25360 6559       4       org.springframework.beans.factory.support.AbstractBeanFactory::isTypeMatch (1314 bytes)

VM state: not at safepoint (normal execution)

VM Mutex/Monitor currently owned by a thread: None

Heap address: 0x0000000080000000, size: 2048 MB, Compressed Oops mode: 32-bit

CDS archive(s) mapped at: [0x0000000800000000-0x0000000800bc0000-0x0000000800bc0000), size 12320768, SharedBaseAddress: 0x0000000800000000, ArchiveRelocationMode: 0.
Compressed class space mapped at: 0x0000000800c00000-0x0000000840c00000, reserved size: 1073741824
Narrow klass base: 0x0000000800000000, Narrow klass shift: 0, Narrow klass range: 0x100000000

GC Precious Log:
 CPUs: 2 total, 2 available
 Memory: 8190M
 Large Page Support: Disabled
 NUMA Support: Disabled
 Compressed Oops: Enabled (32-bit)
 Heap Region Size: 1M
 Heap Min Capacity: 8M
 Heap Initial Capacity: 128M
 Heap Max Capacity: 2G
 Pre-touch: Disabled
 Parallel Workers: 2
 Concurrent Workers: 1
 Concurrent Refinement Workers: 2
 Periodic GC: Disabled

Heap:
 garbage-first heap   total 118784K, used 92401K [0x0000000080000000, 0x0000000100000000)
  region size 1024K, 42 young (43008K), 6 survivors (6144K)
 Metaspace       used 46338K, committed 46720K, reserved 1097728K
  class space    used 5773K, committed 5952K, reserved 1048576K

Heap Regions: E=young(eden), S=young(survivor), O=old, HS=humongous(starts), HC=humongous(continues), CS=collection set, F=free, OA=open archive, CA=closed archive, TAMS=top-at-mark-start (previous, next)
|   0|0x0000000080000000, 0x0000000080100000, 0x0000000080100000|100%| O|  |TAMS 0x0000000080100000, 0x0000000080000000| Untracked 
|   1|0x0000000080100000, 0x0000000080200000, 0x0000000080200000|100%| O|  |TAMS 0x0000000080200000, 0x0000000080100000| Untracked 
|   2|0x0000000080200000, 0x0000000080300000, 0x0000000080300000|100%| O|  |TAMS 0x0000000080300000, 0x0000000080200000| Untracked 
|   3|0x0000000080300000, 0x0000000080400000, 0x0000000080400000|100%| O|  |TAMS 0x0000000080400000, 0x0000000080300000| Untracked 
|   4|0x0000000080400000, 0x0000000080500000, 0x0000000080500000|100%|HS|  |TAMS 0x0000000080500000, 0x0000000080400000| Complete 
|   5|0x0000000080500000, 0x0000000080600000, 0x0000000080600000|100%| O|  |TAMS 0x0000000080600000, 0x0000000080500000| Untracked 
|   6|0x0000000080600000, 0x0000000080700000, 0x0000000080700000|100%| O|  |TAMS 0x0000000080700000, 0x0000000080600000| Untracked 
|   7|0x0000000080700000, 0x0000000080800000, 0x0000000080800000|100%| O|  |TAMS 0x0000000080800000, 0x0000000080700000| Untracked 
|   8|0x0000000080800000, 0x0000000080900000, 0x0000000080900000|100%| O|  |TAMS 0x0000000080900000, 0x0000000080800000| Untracked 
|   9|0x0000000080900000, 0x0000000080a00000, 0x0000000080a00000|100%| O|  |TAMS 0x0000000080a00000, 0x0000000080900000| Untracked 
|  10|0x0000000080a00000, 0x0000000080b00000, 0x0000000080b00000|100%| O|  |TAMS 0x0000000080b00000, 0x0000000080a00000| Untracked 
|  11|0x0000000080b00000, 0x0000000080c00000, 0x0000000080c00000|100%| O|  |TAMS 0x0000000080c00000, 0x0000000080b00000| Untracked 
|  12|0x0000000080c00000, 0x0000000080d00000, 0x0000000080d00000|100%| O|  |TAMS 0x0000000080d00000, 0x0000000080c00000| Untracked 
|  13|0x0000000080d00000, 0x0000000080e00000, 0x0000000080e00000|100%| O|  |TAMS 0x0000000080e00000, 0x0000000080d00000| Untracked 
|  14|0x0000000080e00000, 0x0000000080f00000, 0x0000000080f00000|100%| O|  |TAMS 0x0000000080f00000, 0x0000000080e00000| Untracked 
|  15|0x0000000080f00000, 0x0000000081000000, 0x0000000081000000|100%| O|  |TAMS 0x0000000081000000, 0x0000000080f00000| Untracked 
|  16|0x0000000081000000, 0x0000000081100000, 0x0000000081100000|100%| O|  |TAMS 0x0000000081100000, 0x0000000081000000| Untracked 
|  17|0x0000000081100000, 0x0000000081200000, 0x0000000081200000|100%| O|  |TAMS 0x0000000081200000, 0x0000000081100000| Untracked 
|  18|0x0000000081200000, 0x0000000081300000, 0x0000000081300000|100%| O|  |TAMS 0x0000000081300000, 0x0000000081200000| Untracked 
|  19|0x0000000081300000, 0x0000000081400000, 0x0000000081400000|100%| O|  |TAMS 0x0000000081400000, 0x0000000081300000| Untracked 
|  20|0x0000000081400000, 0x0000000081500000, 0x0000000081500000|100%| O|  |TAMS 0x0000000081500000, 0x0000000081400000| Untracked 
|  21|0x0000000081500000, 0x0000000081600000, 0x0000000081600000|100%| O|  |TAMS 0x0000000081600000, 0x0000000081500000| Untracked 
|  22|0x0000000081600000, 0x0000000081700000, 0x0000000081700000|100%| O|  |TAMS 0x0000000081700000, 0x0000000081600000| Untracked 
|  23|0x0000000081700000, 0x0000000081800000, 0x0000000081800000|100%| O|  |TAMS 0x0000000081800000, 0x0000000081700000| Untracked 
|  24|0x0000000081800000, 0x0000000081900000, 0x0000000081900000|100%| O|  |TAMS 0x0000000081900000, 0x0000000081800000| Untracked 
|  25|0x0000000081900000, 0x0000000081a00000, 0x0000000081a00000|100%| O|  |TAMS 0x0000000081a00000, 0x0000000081900000| Untracked 
|  26|0x0000000081a00000, 0x0000000081b00000, 0x0000000081b00000|100%| O|  |TAMS 0x0000000081b00000, 0x0000000081a00000| Untracked 
|  27|0x0000000081b00000, 0x0000000081c00000, 0x0000000081c00000|100%| O|  |TAMS 0x0000000081c00000, 0x0000000081b00000| Untracked 
|  28|0x0000000081c00000, 0x0000000081d00000, 0x0000000081d00000|100%| O|  |TAMS 0x0000000081d00000, 0x0000000081c00000| Untracked 
|  29|0x0000000081d00000, 0x0000000081e00000, 0x0000000081e00000|100%| O|  |TAMS 0x0000000081e00000, 0x0000000081d00000| Untracked 
|  30|0x0000000081e00000, 0x0000000081f00000, 0x0000000081f00000|100%| O|  |TAMS 0x0000000081f00000, 0x0000000081e00000| Untracked 
|  31|0x0000000081f00000, 0x0000000082000000, 0x0000000082000000|100%| O|  |TAMS 0x0000000082000000, 0x0000000081f00000| Untracked 
|  32|0x0000000082000000, 0x0000000082100000, 0x0000000082100000|100%| O|  |TAMS 0x0000000082100000, 0x0000000082000000| Untracked 
|  33|0x0000000082100000, 0x0000000082200000, 0x0000000082200000|100%| O|  |TAMS 0x0000000082200000, 0x0000000082100000| Untracked 
|  34|0x0000000082200000, 0x0000000082300000, 0x0000000082300000|100%| O|  |TAMS 0x0000000082300000, 0x0000000082200000| Untracked 
|  35|0x0000000082300000, 0x0000000082400000, 0x0000000082400000|100%| O|  |TAMS 0x0000000082400000, 0x0000000082300000| Untracked 
|  36|0x0000000082400000, 0x0000000082500000, 0x0000000082500000|100%| O|  |TAMS 0x0000000082500000, 0x0000000082400000| Untracked 
|  37|0x0000000082500000, 0x0000000082600000, 0x0000000082600000|100%| O|  |TAMS 0x0000000082600000, 0x0000000082500000| Untracked 
|  38|0x0000000082600000, 0x0000000082700000, 0x0000000082700000|100%| O|  |TAMS 0x0000000082700000, 0x0000000082600000| Untracked 
|  39|0x0000000082700000, 0x0000000082800000, 0x0000000082800000|100%| O|  |TAMS 0x0000000082800000, 0x0000000082700000| Untracked 
|  40|0x0000000082800000, 0x0000000082900000, 0x0000000082900000|100%| O|  |TAMS 0x00000000828f1400, 0x0000000082800000| Untracked 
|  41|0x0000000082900000, 0x0000000082a00000, 0x0000000082a00000|100%| O|  |TAMS 0x0000000082900000, 0x0000000082900000| Untracked 
|  42|0x0000000082a00000, 0x0000000082b00000, 0x0000000082b00000|100%| O|  |TAMS 0x0000000082a00000, 0x0000000082a00000| Untracked 
|  43|0x0000000082b00000, 0x0000000082c00000, 0x0000000082c00000|100%| O|  |TAMS 0x0000000082b00000, 0x0000000082b00000| Untracked 
|  44|0x0000000082c00000, 0x0000000082d00000, 0x0000000082d00000|100%| O|  |TAMS 0x0000000082c00000, 0x0000000082c00000| Untracked 
|  45|0x0000000082d00000, 0x0000000082e00000, 0x0000000082e00000|100%| O|  |TAMS 0x0000000082d00000, 0x0000000082d00000| Untracked 
|  46|0x0000000082e00000, 0x0000000082f00000, 0x0000000082f00000|100%| O|  |TAMS 0x0000000082e00000, 0x0000000082e00000| Untracked 
|  47|0x0000000082f00000, 0x0000000083000000, 0x0000000083000000|100%| O|  |TAMS 0x0000000082f00000, 0x0000000082f00000| Untracked 
|  48|0x0000000083000000, 0x0000000083100000, 0x0000000083100000|100%| O|  |TAMS 0x0000000083000000, 0x0000000083000000| Untracked 
|  49|0x0000000083100000, 0x000000008313c400, 0x0000000083200000| 23%| O|  |TAMS 0x0000000083100000, 0x0000000083100000| Untracked 
|  50|0x0000000083200000, 0x0000000083200000, 0x0000000083300000|  0%| F|  |TAMS 0x0000000083200000, 0x0000000083200000| Untracked 
|  51|0x0000000083300000, 0x0000000083300000, 0x0000000083400000|  0%| F|  |TAMS 0x0000000083300000, 0x0000000083300000| Untracked 
|  52|0x0000000083400000, 0x0000000083400000, 0x0000000083500000|  0%| F|  |TAMS 0x0000000083400000, 0x0000000083400000| Untracked 
|  53|0x0000000083500000, 0x0000000083500000, 0x0000000083600000|  0%| F|  |TAMS 0x0000000083500000, 0x0000000083500000| Untracked 
|  54|0x0000000083600000, 0x0000000083600000, 0x0000000083700000|  0%| F|  |TAMS 0x0000000083600000, 0x0000000083600000| Untracked 
|  55|0x0000000083700000, 0x0000000083700000, 0x0000000083800000|  0%| F|  |TAMS 0x0000000083700000, 0x0000000083700000| Untracked 
|  56|0x0000000083800000, 0x0000000083800000, 0x0000000083900000|  0%| F|  |TAMS 0x0000000083800000, 0x0000000083800000| Untracked 
|  57|0x0000000083900000, 0x0000000083900000, 0x0000000083a00000|  0%| F|  |TAMS 0x0000000083900000, 0x0000000083900000| Untracked 
|  58|0x0000000083a00000, 0x0000000083a00000, 0x0000000083b00000|  0%| F|  |TAMS 0x0000000083a00000, 0x0000000083a00000| Untracked 
|  59|0x0000000083b00000, 0x0000000083b00000, 0x0000000083c00000|  0%| F|  |TAMS 0x0000000083b00000, 0x0000000083b00000| Untracked 
|  60|0x0000000083c00000, 0x0000000083c00000, 0x0000000083d00000|  0%| F|  |TAMS 0x0000000083c00000, 0x0000000083c00000| Untracked 
|  61|0x0000000083d00000, 0x0000000083d00000, 0x0000000083e00000|  0%| F|  |TAMS 0x0000000083d00000, 0x0000000083d00000| Untracked 
|  62|0x0000000083e00000, 0x0000000083e00000, 0x0000000083f00000|  0%| F|  |TAMS 0x0000000083e00000, 0x0000000083e00000| Untracked 
|  63|0x0000000083f00000, 0x0000000083f00000, 0x0000000084000000|  0%| F|  |TAMS 0x0000000083f00000, 0x0000000083f00000| Untracked 
|  64|0x0000000084000000, 0x0000000084000000, 0x0000000084100000|  0%| F|  |TAMS 0x0000000084000000, 0x0000000084000000| Untracked 
|  65|0x0000000084100000, 0x0000000084100000, 0x0000000084200000|  0%| F|  |TAMS 0x0000000084100000, 0x0000000084100000| Untracked 
|  66|0x0000000084200000, 0x0000000084300000, 0x0000000084300000|100%| S|CS|TAMS 0x0000000084200000, 0x0000000084200000| Complete 
|  67|0x0000000084300000, 0x0000000084400000, 0x0000000084400000|100%| S|CS|TAMS 0x0000000084300000, 0x0000000084300000| Complete 
|  68|0x0000000084400000, 0x0000000084500000, 0x0000000084500000|100%| S|CS|TAMS 0x0000000084400000, 0x0000000084400000| Complete 
|  69|0x0000000084500000, 0x0000000084600000, 0x0000000084600000|100%| S|CS|TAMS 0x0000000084500000, 0x0000000084500000| Complete 
|  70|0x0000000084600000, 0x0000000084600000, 0x0000000084700000|  0%| F|  |TAMS 0x0000000084600000, 0x0000000084600000| Untracked 
|  71|0x0000000084700000, 0x0000000084800000, 0x0000000084800000|100%| S|CS|TAMS 0x0000000084700000, 0x0000000084700000| Complete 
|  72|0x0000000084800000, 0x0000000084900000, 0x0000000084900000|100%| S|CS|TAMS 0x0000000084800000, 0x0000000084800000| Complete 
|  73|0x0000000084900000, 0x0000000084900000, 0x0000000084a00000|  0%| F|  |TAMS 0x0000000084900000, 0x0000000084900000| Untracked 
|  74|0x0000000084a00000, 0x0000000084a00000, 0x0000000084b00000|  0%| F|  |TAMS 0x0000000084a00000, 0x0000000084a00000| Untracked 
|  75|0x0000000084b00000, 0x0000000084b00000, 0x0000000084c00000|  0%| F|  |TAMS 0x0000000084b00000, 0x0000000084b00000| Untracked 
|  76|0x0000000084c00000, 0x0000000084c00000, 0x0000000084d00000|  0%| F|  |TAMS 0x0000000084c00000, 0x0000000084c00000| Untracked 
|  77|0x0000000084d00000, 0x0000000084d00000, 0x0000000084e00000|  0%| F|  |TAMS 0x0000000084d00000, 0x0000000084d00000| Untracked 
|  78|0x0000000084e00000, 0x0000000084e00000, 0x0000000084f00000|  0%| F|  |TAMS 0x0000000084e00000, 0x0000000084e00000| Untracked 
|  79|0x0000000084f00000, 0x0000000084f80800, 0x0000000085000000| 50%| E|  |TAMS 0x0000000084f00000, 0x0000000084f00000| Complete 
|  80|0x0000000085000000, 0x0000000085100000, 0x0000000085100000|100%| E|CS|TAMS 0x0000000085000000, 0x0000000085000000| Complete 
|  81|0x0000000085100000, 0x0000000085200000, 0x0000000085200000|100%| E|CS|TAMS 0x0000000085100000, 0x0000000085100000| Complete 
|  82|0x0000000085200000, 0x0000000085300000, 0x0000000085300000|100%| E|CS|TAMS 0x0000000085200000, 0x0000000085200000| Complete 
|  83|0x0000000085300000, 0x0000000085400000, 0x0000000085400000|100%| E|CS|TAMS 0x0000000085300000, 0x0000000085300000| Complete 
|  84|0x0000000085400000, 0x0000000085500000, 0x0000000085500000|100%| E|CS|TAMS 0x0000000085400000, 0x0000000085400000| Complete 
|  85|0x0000000085500000, 0x0000000085600000, 0x0000000085600000|100%| E|CS|TAMS 0x0000000085500000, 0x0000000085500000| Complete 
|  86|0x0000000085600000, 0x0000000085700000, 0x0000000085700000|100%| E|CS|TAMS 0x0000000085600000, 0x0000000085600000| Complete 
|  87|0x0000000085700000, 0x0000000085800000, 0x0000000085800000|100%| E|CS|TAMS 0x0000000085700000, 0x0000000085700000| Complete 
|  88|0x0000000085800000, 0x0000000085900000, 0x0000000085900000|100%| E|CS|TAMS 0x0000000085800000, 0x0000000085800000| Complete 
|  89|0x0000000085900000, 0x0000000085a00000, 0x0000000085a00000|100%| E|CS|TAMS 0x0000000085900000, 0x0000000085900000| Complete 
|  90|0x0000000085a00000, 0x0000000085b00000, 0x0000000085b00000|100%| E|CS|TAMS 0x0000000085a00000, 0x0000000085a00000| Complete 
|  91|0x0000000085b00000, 0x0000000085c00000, 0x0000000085c00000|100%| E|CS|TAMS 0x0000000085b00000, 0x0000000085b00000| Complete 
|  92|0x0000000085c00000, 0x0000000085d00000, 0x0000000085d00000|100%| E|CS|TAMS 0x0000000085c00000, 0x0000000085c00000| Complete 
|  93|0x0000000085d00000, 0x0000000085e00000, 0x0000000085e00000|100%| E|CS|TAMS 0x0000000085d00000, 0x0000000085d00000| Complete 
|  94|0x0000000085e00000, 0x0000000085f00000, 0x0000000085f00000|100%| E|CS|TAMS 0x0000000085e00000, 0x0000000085e00000| Complete 
|  95|0x0000000085f00000, 0x0000000086000000, 0x0000000086000000|100%| E|CS|TAMS 0x0000000085f00000, 0x0000000085f00000| Complete 
|  96|0x0000000086000000, 0x0000000086100000, 0x0000000086100000|100%| E|CS|TAMS 0x0000000086000000, 0x0000000086000000| Complete 
|  97|0x0000000086100000, 0x0000000086200000, 0x0000000086200000|100%| E|CS|TAMS 0x0000000086100000, 0x0000000086100000| Complete 
|  98|0x0000000086200000, 0x0000000086300000, 0x0000000086300000|100%| E|CS|TAMS 0x0000000086200000, 0x0000000086200000| Complete 
|  99|0x0000000086300000, 0x0000000086400000, 0x0000000086400000|100%| E|CS|TAMS 0x0000000086300000, 0x0000000086300000| Complete 
| 100|0x0000000086400000, 0x0000000086500000, 0x0000000086500000|100%| E|CS|TAMS 0x0000000086400000, 0x0000000086400000| Complete 
| 101|0x0000000086500000, 0x0000000086600000, 0x0000000086600000|100%| E|CS|TAMS 0x0000000086500000, 0x0000000086500000| Complete 
| 102|0x0000000086600000, 0x0000000086700000, 0x0000000086700000|100%| E|CS|TAMS 0x0000000086600000, 0x0000000086600000| Complete 
| 103|0x0000000086700000, 0x0000000086800000, 0x0000000086800000|100%| E|CS|TAMS 0x0000000086700000, 0x0000000086700000| Complete 
| 104|0x0000000086800000, 0x0000000086900000, 0x0000000086900000|100%| E|CS|TAMS 0x0000000086800000, 0x0000000086800000| Complete 
| 105|0x0000000086900000, 0x0000000086a00000, 0x0000000086a00000|100%| E|CS|TAMS 0x0000000086900000, 0x0000000086900000| Complete 
| 106|0x0000000086a00000, 0x0000000086b00000, 0x0000000086b00000|100%| E|CS|TAMS 0x0000000086a00000, 0x0000000086a00000| Complete 
| 107|0x0000000086b00000, 0x0000000086c00000, 0x0000000086c00000|100%| E|CS|TAMS 0x0000000086b00000, 0x0000000086b00000| Complete 
| 108|0x0000000086c00000, 0x0000000086d00000, 0x0000000086d00000|100%| E|CS|TAMS 0x0000000086c00000, 0x0000000086c00000| Complete 
| 109|0x0000000086d00000, 0x0000000086e00000, 0x0000000086e00000|100%| E|CS|TAMS 0x0000000086d00000, 0x0000000086d00000| Complete 
| 110|0x0000000086e00000, 0x0000000086f00000, 0x0000000086f00000|100%| E|CS|TAMS 0x0000000086e00000, 0x0000000086e00000| Complete 
| 111|0x0000000086f00000, 0x0000000087000000, 0x0000000087000000|100%| E|CS|TAMS 0x0000000086f00000, 0x0000000086f00000| Complete 
| 112|0x0000000087000000, 0x0000000087100000, 0x0000000087100000|100%| E|CS|TAMS 0x0000000087000000, 0x0000000087000000| Complete 
| 113|0x0000000087100000, 0x0000000087200000, 0x0000000087200000|100%| E|CS|TAMS 0x0000000087100000, 0x0000000087100000| Complete 
| 114|0x0000000087200000, 0x0000000087300000, 0x0000000087300000|100%| E|CS|TAMS 0x0000000087200000, 0x0000000087200000| Complete 
| 115|0x0000000087300000, 0x0000000087400000, 0x0000000087400000|100%| E|CS|TAMS 0x0000000087300000, 0x0000000087300000| Complete 

Card table byte_map: [0x000001cd658c0000,0x000001cd65cc0000] _byte_map_base: 0x000001cd654c0000

Marking Bits (Prev, Next): (CMBitMap*) 0x000001cd4ee23f80, (CMBitMap*) 0x000001cd4ee23fc0
 Prev Bits: [0x000001cd660c0000, 0x000001cd680c0000)
 Next Bits: [0x000001cd680c0000, 0x000001cd6a0c0000)

Polling page: 0x000001cd4cd50000

Metaspace:

Usage:
  Non-class:     39.63 MB used.
      Class:      5.64 MB used.
       Both:     45.27 MB used.

Virtual space:
  Non-class space:       48.00 MB reserved,      39.81 MB ( 83%) committed,  6 nodes.
      Class space:        1.00 GB reserved,       5.81 MB ( <1%) committed,  1 nodes.
             Both:        1.05 GB reserved,      45.63 MB (  4%) committed. 

Chunk freelists:
   Non-Class:  3.25 MB
       Class:  2.03 MB
        Both:  5.28 MB

MaxMetaspaceSize: unlimited
CompressedClassSpaceSize: 1.00 GB
Initial GC threshold: 21.00 MB
Current GC threshold: 58.69 MB
CDS: on
MetaspaceReclaimPolicy: balanced
 - commit_granule_bytes: 65536.
 - commit_granule_words: 8192.
 - virtual_space_node_default_size: 1048576.
 - enlarge_chunks_in_place: 1.
 - new_chunks_are_fully_committed: 0.
 - uncommit_free_chunks: 1.
 - use_allocation_guard: 0.
 - handle_deallocations: 1.


Internal statistics:

num_allocs_failed_limit: 6.
num_arena_births: 468.
num_arena_deaths: 2.
num_vsnodes_births: 7.
num_vsnodes_deaths: 0.
num_space_committed: 730.
num_space_uncommitted: 0.
num_chunks_returned_to_freelist: 8.
num_chunks_taken_from_freelist: 2141.
num_chunk_merges: 6.
num_chunk_splits: 1489.
num_chunks_enlarged: 1147.
num_purges: 2.
num_inconsistent_stats: 0.

CodeHeap 'non-profiled nmethods': size=120064Kb used=3201Kb max_used=3477Kb free=116862Kb
 bounds [0x000001cd5e380000, 0x000001cd5e6f0000, 0x000001cd658c0000]
CodeHeap 'profiled nmethods': size=120000Kb used=9949Kb max_used=10645Kb free=110050Kb
 bounds [0x000001cd56e50000, 0x000001cd578c0000, 0x000001cd5e380000]
CodeHeap 'non-nmethods': size=5696Kb used=1246Kb max_used=1294Kb free=4449Kb
 bounds [0x000001cd568c0000, 0x000001cd56b30000, 0x000001cd56e50000]
 total_blobs=5543 nmethods=5001 adapters=454
 compilation: enabled
              stopped_count=0, restarted_count=0
 full_count=0

Compilation events (20 events):
Event: 25.132 Thread 0x000001cd6c485500 6573       3       org.springframework.context.annotation.ConfigurationClass::isImported (45 bytes)
Event: 25.132 Thread 0x000001cd6c485500 nmethod 6573 0x000001cd57279390 code [0x000001cd57279560, 0x000001cd572798b8]
Event: 25.139 Thread 0x000001cd6c485500 6575       3       org.springframework.core.annotation.TypeMappedAnnotation::getClassLoader (158 bytes)
Event: 25.141 Thread 0x000001cd6c485500 nmethod 6575 0x000001cd57154b90 code [0x000001cd57154f00, 0x000001cd57156a18]
Event: 25.149 Thread 0x000001cd6c485500 6576       3       org.springframework.boot.autoconfigure.condition.OnBeanCondition$Spec::access$000 (32 bytes)
Event: 25.149 Thread 0x000001cd6c485500 nmethod 6576 0x000001cd57278e10 code [0x000001cd57278fe0, 0x000001cd57279238]
Event: 25.157 Thread 0x000001cd6c485500 6578       3       org.springframework.beans.factory.support.AbstractBeanDefinition::<init> (278 bytes)
Event: 25.157 Thread 0x000001cd6c485500 nmethod 6578 0x000001cd57199690 code [0x000001cd571998a0, 0x000001cd5719a148]
Event: 25.272 Thread 0x000001cd6c485500 6579       3       org.springframework.boot.autoconfigure.condition.SpringBootCondition::getClassOrMethodName (121 bytes)
Event: 25.272 Thread 0x000001cd6c485500 nmethod 6579 0x000001cd57343910 code [0x000001cd57343bc0, 0x000001cd57344998]
Event: 25.274 Thread 0x000001cd6c485500 6580       3       org.springframework.boot.autoconfigure.condition.ConditionMessage$Builder::didNotFind (45 bytes)
Event: 25.275 Thread 0x000001cd6c485500 nmethod 6580 0x000001cd57343290 code [0x000001cd57343460, 0x000001cd57343778]
Event: 25.275 Thread 0x000001cd6c485500 6581       3       org.springframework.boot.autoconfigure.condition.SpringBootCondition::recordEvaluation (74 bytes)
Event: 25.275 Thread 0x000001cd6c485500 nmethod 6581 0x000001cd57342a10 code [0x000001cd57342c00, 0x000001cd57343048]
Event: 25.286 Thread 0x000001cd6c485500 6582       3       org.springframework.context.annotation.ConfigurationClassBeanDefinitionReader$TrackedConditionEvaluator::shouldSkip (284 bytes)
Event: 25.287 Thread 0x000001cd6c485500 nmethod 6582 0x000001cd5774d790 code [0x000001cd5774da60, 0x000001cd5774ea38]
Event: 25.289 Thread 0x000001cd6c485500 6583       3       org.springframework.core.ResolvableType::forMethodReturnType (56 bytes)
Event: 25.289 Thread 0x000001cd6c485500 nmethod 6583 0x000001cd57342310 code [0x000001cd57342500, 0x000001cd57342878]
Event: 25.314 Thread 0x000001cd6c485500 6584   !   3       org.springframework.context.annotation.ConfigurationClassUtils::checkConfigurationClassCandidate (618 bytes)
Event: 25.316 Thread 0x000001cd6c485500 nmethod 6584 0x000001cd574ac190 code [0x000001cd574ac680, 0x000001cd574af188]

GC Heap History (20 events):
Event: 14.564 GC heap before
{Heap before GC invocations=10 (full 0):
 garbage-first heap   total 81920K, used 65024K [0x0000000080000000, 0x0000000100000000)
  region size 1024K, 42 young (43008K), 5 survivors (5120K)
 Metaspace       used 24898K, committed 25152K, reserved 1073152K
  class space    used 2839K, committed 2944K, reserved 1048576K
}
Event: 14.582 GC heap after
{Heap after GC invocations=11 (full 0):
 garbage-first heap   total 98304K, used 29367K [0x0000000080000000, 0x0000000100000000)
  region size 1024K, 5 young (5120K), 5 survivors (5120K)
 Metaspace       used 24898K, committed 25152K, reserved 1073152K
  class space    used 2839K, committed 2944K, reserved 1048576K
}
Event: 15.589 GC heap before
{Heap before GC invocations=11 (full 0):
 garbage-first heap   total 98304K, used 78519K [0x0000000080000000, 0x0000000100000000)
  region size 1024K, 53 young (54272K), 5 survivors (5120K)
 Metaspace       used 28183K, committed 28480K, reserved 1081344K
  class space    used 3312K, committed 3456K, reserved 1048576K
}
Event: 15.605 GC heap after
{Heap after GC invocations=12 (full 0):
 garbage-first heap   total 98304K, used 33515K [0x0000000080000000, 0x0000000100000000)
  region size 1024K, 7 young (7168K), 7 survivors (7168K)
 Metaspace       used 28183K, committed 28480K, reserved 1081344K
  class space    used 3312K, committed 3456K, reserved 1048576K
}
Event: 16.431 GC heap before
{Heap before GC invocations=12 (full 0):
 garbage-first heap   total 98304K, used 77547K [0x0000000080000000, 0x0000000100000000)
  region size 1024K, 50 young (51200K), 7 survivors (7168K)
 Metaspace       used 30844K, committed 31168K, reserved 1081344K
  class space    used 3752K, committed 3904K, reserved 1048576K
}
Event: 16.447 GC heap after
{Heap after GC invocations=13 (full 0):
 garbage-first heap   total 98304K, used 38075K [0x0000000080000000, 0x0000000100000000)
  region size 1024K, 5 young (5120K), 5 survivors (5120K)
 Metaspace       used 30844K, committed 31168K, reserved 1081344K
  class space    used 3752K, committed 3904K, reserved 1048576K
}
Event: 17.667 GC heap before
{Heap before GC invocations=13 (full 0):
 garbage-first heap   total 98304K, used 76987K [0x0000000080000000, 0x0000000100000000)
  region size 1024K, 43 young (44032K), 5 survivors (5120K)
 Metaspace       used 33539K, committed 33920K, reserved 1081344K
  class space    used 4168K, committed 4352K, reserved 1048576K
}
Event: 17.680 GC heap after
{Heap after GC invocations=14 (full 0):
 garbage-first heap   total 98304K, used 42482K [0x0000000080000000, 0x0000000100000000)
  region size 1024K, 4 young (4096K), 4 survivors (4096K)
 Metaspace       used 33539K, committed 33920K, reserved 1081344K
  class space    used 4168K, committed 4352K, reserved 1048576K
}
Event: 18.646 GC heap before
{Heap before GC invocations=14 (full 0):
 garbage-first heap   total 98304K, used 78322K [0x0000000080000000, 0x0000000100000000)
  region size 1024K, 39 young (39936K), 4 survivors (4096K)
 Metaspace       used 35340K, committed 35712K, reserved 1081344K
  class space    used 4374K, committed 4544K, reserved 1048576K
}
Event: 18.660 GC heap after
{Heap after GC invocations=15 (full 0):
 garbage-first heap   total 118784K, used 45367K [0x0000000080000000, 0x0000000100000000)
  region size 1024K, 4 young (4096K), 4 survivors (4096K)
 Metaspace       used 35340K, committed 35712K, reserved 1081344K
  class space    used 4374K, committed 4544K, reserved 1048576K
}
Event: 18.831 GC heap before
{Heap before GC invocations=15 (full 0):
 garbage-first heap   total 118784K, used 51511K [0x0000000080000000, 0x0000000100000000)
  region size 1024K, 11 young (11264K), 4 survivors (4096K)
 Metaspace       used 35708K, committed 35968K, reserved 1081344K
  class space    used 4420K, committed 4544K, reserved 1048576K
}
Event: 18.844 GC heap after
{Heap after GC invocations=16 (full 0):
 garbage-first heap   total 118784K, used 45959K [0x0000000080000000, 0x0000000100000000)
  region size 1024K, 4 young (4096K), 4 survivors (4096K)
 Metaspace       used 35708K, committed 35968K, reserved 1081344K
  class space    used 4420K, committed 4544K, reserved 1048576K
}
Event: 21.281 GC heap before
{Heap before GC invocations=17 (full 0):
 garbage-first heap   total 118784K, used 95111K [0x0000000080000000, 0x0000000100000000)
  region size 1024K, 52 young (53248K), 4 survivors (4096K)
 Metaspace       used 37589K, committed 37824K, reserved 1089536K
  class space    used 4633K, committed 4736K, reserved 1048576K
}
Event: 21.298 GC heap after
{Heap after GC invocations=18 (full 0):
 garbage-first heap   total 118784K, used 49093K [0x0000000080000000, 0x0000000100000000)
  region size 1024K, 7 young (7168K), 7 survivors (7168K)
 Metaspace       used 37589K, committed 37824K, reserved 1089536K
  class space    used 4633K, committed 4736K, reserved 1048576K
}
Event: 22.446 GC heap before
{Heap before GC invocations=18 (full 0):
 garbage-first heap   total 118784K, used 96197K [0x0000000080000000, 0x0000000100000000)
  region size 1024K, 53 young (54272K), 7 survivors (7168K)
 Metaspace       used 39926K, committed 40256K, reserved 1089536K
  class space    used 4978K, committed 5120K, reserved 1048576K
}
Event: 22.463 GC heap after
{Heap after GC invocations=19 (full 0):
 garbage-first heap   total 118784K, used 50644K [0x0000000080000000, 0x0000000100000000)
  region size 1024K, 6 young (6144K), 6 survivors (6144K)
 Metaspace       used 39926K, committed 40256K, reserved 1089536K
  class space    used 4978K, committed 5120K, reserved 1048576K
}
Event: 23.046 GC heap before
{Heap before GC invocations=19 (full 0):
 garbage-first heap   total 118784K, used 96724K [0x0000000080000000, 0x0000000100000000)
  region size 1024K, 51 young (52224K), 6 survivors (6144K)
 Metaspace       used 42814K, committed 43200K, reserved 1089536K
  class space    used 5386K, committed 5568K, reserved 1048576K
}
Event: 23.061 GC heap after
{Heap after GC invocations=20 (full 0):
 garbage-first heap   total 118784K, used 53375K [0x0000000080000000, 0x0000000100000000)
  region size 1024K, 6 young (6144K), 6 survivors (6144K)
 Metaspace       used 42814K, committed 43200K, reserved 1089536K
  class space    used 5386K, committed 5568K, reserved 1048576K
}
Event: 24.521 GC heap before
{Heap before GC invocations=20 (full 0):
 garbage-first heap   total 118784K, used 96383K [0x0000000080000000, 0x0000000100000000)
  region size 1024K, 49 young (50176K), 6 survivors (6144K)
 Metaspace       used 44822K, committed 45184K, reserved 1089536K
  class space    used 5568K, committed 5696K, reserved 1048576K
}
Event: 24.538 GC heap after
{Heap after GC invocations=21 (full 0):
 garbage-first heap   total 118784K, used 56561K [0x0000000080000000, 0x0000000100000000)
  region size 1024K, 6 young (6144K), 6 survivors (6144K)
 Metaspace       used 44822K, committed 45184K, reserved 1089536K
  class space    used 5568K, committed 5696K, reserved 1048576K
}

Dll operation events (12 events):
Event: 0.146 Loaded shared library C:\Users\sfjbs\.jdks\corretto-17.0.5\bin\java.dll
Event: 0.148 Loaded shared library C:\Users\sfjbs\.jdks\corretto-17.0.5\bin\zip.dll
Event: 0.171 Loaded shared library C:\Users\sfjbs\.jdks\corretto-17.0.5\bin\jsvml.dll
Event: 0.546 Loaded shared library C:\Users\sfjbs\.jdks\corretto-17.0.5\bin\instrument.dll
Event: 0.563 Loaded shared library C:\Users\sfjbs\.jdks\corretto-17.0.5\bin\jimage.dll
Event: 0.689 Loaded shared library C:\Users\sfjbs\.jdks\corretto-17.0.5\bin\net.dll
Event: 0.695 Loaded shared library C:\Users\sfjbs\.jdks\corretto-17.0.5\bin\nio.dll
Event: 0.826 Loaded shared library C:\Users\sfjbs\.jdks\corretto-17.0.5\bin\zip.dll
Event: 1.046 Loaded shared library C:\Program Files\JetBrains\IntelliJ IDEA Community Edition 2022.2.1\bin\breakgen64.dll
Event: 1.974 Loaded shared library C:\Users\sfjbs\.jdks\corretto-17.0.5\bin\verify.dll
Event: 9.843 Loaded shared library C:\Users\sfjbs\.jdks\corretto-17.0.5\bin\management.dll
Event: 9.848 Loaded shared library C:\Users\sfjbs\.jdks\corretto-17.0.5\bin\management_ext.dll

Deoptimization events (20 events):
Event: 24.722 Thread 0x000001cd4edc4f60 Uncommon trap: trap_request=0xffffffbe fr.pc=0x000001cd5e4e2508 relative=0x0000000000001c28
Event: 24.722 Thread 0x000001cd4edc4f60 Uncommon trap: reason=profile_predicate action=maybe_recompile pc=0x000001cd5e4e2508 method=org.springframework.core.annotation.MergedAnnotationsCollection.find(Ljava/lang/Object;Ljava/util/function/Predicate;Lorg/springframework/core/annotation/MergedAnn
Event: 24.722 Thread 0x000001cd4edc4f60 DEOPT PACKING pc=0x000001cd5e4e2508 sp=0x000000ac9fffbeb0
Event: 24.722 Thread 0x000001cd4edc4f60 DEOPT UNPACKING pc=0x000001cd56915ba3 sp=0x000000ac9fffbeb8 mode 2
Event: 24.722 Thread 0x000001cd4edc4f60 Uncommon trap: trap_request=0xffffffbe fr.pc=0x000001cd5e4e2508 relative=0x0000000000001c28
Event: 24.722 Thread 0x000001cd4edc4f60 Uncommon trap: reason=profile_predicate action=maybe_recompile pc=0x000001cd5e4e2508 method=org.springframework.core.annotation.MergedAnnotationsCollection.find(Ljava/lang/Object;Ljava/util/function/Predicate;Lorg/springframework/core/annotation/MergedAnn
Event: 24.722 Thread 0x000001cd4edc4f60 DEOPT PACKING pc=0x000001cd5e4e2508 sp=0x000000ac9fffbeb0
Event: 24.722 Thread 0x000001cd4edc4f60 DEOPT UNPACKING pc=0x000001cd56915ba3 sp=0x000000ac9fffbeb8 mode 2
Event: 24.956 Thread 0x000001cd4edc4f60 Uncommon trap: trap_request=0xffffffde fr.pc=0x000001cd5e66ded4 relative=0x0000000000000cb4
Event: 24.956 Thread 0x000001cd4edc4f60 Uncommon trap: reason=class_check action=maybe_recompile pc=0x000001cd5e66ded4 method=org.springframework.util.ConcurrentReferenceHashMap$Segment.findInChain(Lorg/springframework/util/ConcurrentReferenceHashMap$Reference;Ljava/lang/Object;I)Lorg/springfra
Event: 24.956 Thread 0x000001cd4edc4f60 DEOPT PACKING pc=0x000001cd5e66ded4 sp=0x000000ac9fffbeb0
Event: 24.956 Thread 0x000001cd4edc4f60 DEOPT UNPACKING pc=0x000001cd56915ba3 sp=0x000000ac9fffbd68 mode 2
Event: 24.956 Thread 0x000001cd4edc4f60 Uncommon trap: trap_request=0xffffffde fr.pc=0x000001cd5e69202c relative=0x00000000000003cc
Event: 24.956 Thread 0x000001cd4edc4f60 Uncommon trap: reason=class_check action=maybe_recompile pc=0x000001cd5e69202c method=org.springframework.util.ConcurrentReferenceHashMap.get(Ljava/lang/Object;)Ljava/lang/Object; @ 50 c2
Event: 24.956 Thread 0x000001cd4edc4f60 DEOPT PACKING pc=0x000001cd5e69202c sp=0x000000ac9fffbf50
Event: 24.956 Thread 0x000001cd4edc4f60 DEOPT UNPACKING pc=0x000001cd56915ba3 sp=0x000000ac9fffbea0 mode 2
Event: 25.007 Thread 0x000001cd4edc4f60 DEOPT PACKING pc=0x000001cd571ca841 sp=0x000000ac9fffaf70
Event: 25.007 Thread 0x000001cd4edc4f60 DEOPT UNPACKING pc=0x000001cd569166e3 sp=0x000000ac9fffa420 mode 0
Event: 25.123 Thread 0x000001cd4edc4f60 DEOPT PACKING pc=0x000001cd576e0313 sp=0x000000ac9fffbd00
Event: 25.123 Thread 0x000001cd4edc4f60 DEOPT UNPACKING pc=0x000001cd569166e3 sp=0x000000ac9fffb278 mode 0

Classes unloaded (1 events):
Event: 18.918 Thread 0x000001cd6c43b260 Unloading class 0x0000000800fa4000 'net/bytebuddy/mirror/AccessibleObject'

Classes redefined (0 events):
No events

Internal exceptions (20 events):
Event: 22.399 Thread 0x000001cd4edc4f60 Exception <a 'java/lang/ClassNotFoundException'{0x00000000848dce80}: org/springframework/security/test/context/support/WithSecurityContextFactoryCustomizer> (0x00000000848dce80) 
thrown [s\src\hotspot\share\classfile\systemDictionary.cpp, line 256]
Event: 23.044 Thread 0x000001cd4edc4f60 Exception <a 'java/lang/IncompatibleClassChangeError'{0x0000000084773ea0}: Found class java.lang.Object, but interface was expected> (0x0000000084773ea0) 
thrown [s\src\hotspot\share\interpreter\linkResolver.cpp, line 826]
Event: 23.171 Thread 0x000001cd4edc4f60 Implicit null exception at 0x000001cd5e4432f6 to 0x000001cd5e4439ac
Event: 23.471 Thread 0x000001cd4edc4f60 Implicit null exception at 0x000001cd5e69df6a to 0x000001cd5e69e218
Event: 23.506 Thread 0x000001cd4edc4f60 Implicit null exception at 0x000001cd5e6a964d to 0x000001cd5e6a9cd4
Event: 23.642 Thread 0x000001cd4edc4f60 Exception <a 'java/lang/ClassNotFoundException'{0x00000000860285a8}: java/lang/ObjectCustomizer> (0x00000000860285a8) 
thrown [s\src\hotspot\share\classfile\systemDictionary.cpp, line 256]
Event: 23.643 Thread 0x000001cd4edc4f60 Exception <a 'java/lang/ClassNotFoundException'{0x0000000086031798}: org/springframework/context/annotation/ConfigurationClassPostProcessorCustomizer> (0x0000000086031798) 
thrown [s\src\hotspot\share\classfile\systemDictionary.cpp, line 256]
Event: 23.644 Thread 0x000001cd4edc4f60 Exception <a 'java/lang/ClassNotFoundException'{0x0000000086047840}: org/springframework/beans/factory/support/BeanDefinitionRegistryPostProcessorCustomizer> (0x0000000086047840) 
thrown [s\src\hotspot\share\classfile\systemDictionary.cpp, line 256]
Event: 23.645 Thread 0x000001cd4edc4f60 Exception <a 'java/lang/ClassNotFoundException'{0x000000008604e1a8}: org/springframework/beans/factory/config/BeanFactoryPostProcessorCustomizer> (0x000000008604e1a8) 
thrown [s\src\hotspot\share\classfile\systemDictionary.cpp, line 256]
Event: 23.645 Thread 0x000001cd4edc4f60 Exception <a 'java/lang/ClassNotFoundException'{0x0000000086054408}: org/springframework/core/PriorityOrderedCustomizer> (0x0000000086054408) 
thrown [s\src\hotspot\share\classfile\systemDictionary.cpp, line 256]
Event: 23.646 Thread 0x000001cd4edc4f60 Exception <a 'java/lang/ClassNotFoundException'{0x0000000086059860}: org/springframework/core/OrderedCustomizer> (0x0000000086059860) 
thrown [s\src\hotspot\share\classfile\systemDictionary.cpp, line 256]
Event: 23.646 Thread 0x000001cd4edc4f60 Exception <a 'java/lang/ClassNotFoundException'{0x000000008605fc40}: org/springframework/context/ResourceLoaderAwareCustomizer> (0x000000008605fc40) 
thrown [s\src\hotspot\share\classfile\systemDictionary.cpp, line 256]
Event: 23.646 Thread 0x000001cd4edc4f60 Exception <a 'java/lang/ClassNotFoundException'{0x0000000086066198}: org/springframework/beans/factory/AwareCustomizer> (0x0000000086066198) 
thrown [s\src\hotspot\share\classfile\systemDictionary.cpp, line 256]
Event: 23.647 Thread 0x000001cd4edc4f60 Exception <a 'java/lang/ClassNotFoundException'{0x000000008606ba78}: org/springframework/context/ApplicationStartupAwareCustomizer> (0x000000008606ba78) 
thrown [s\src\hotspot\share\classfile\systemDictionary.cpp, line 256]
Event: 23.647 Thread 0x000001cd4edc4f60 Exception <a 'java/lang/ClassNotFoundException'{0x0000000086072290}: org/springframework/beans/factory/AwareCustomizer> (0x0000000086072290) 
thrown [s\src\hotspot\share\classfile\systemDictionary.cpp, line 256]
Event: 23.647 Thread 0x000001cd4edc4f60 Exception <a 'java/lang/ClassNotFoundException'{0x0000000086077cd0}: org/springframework/beans/factory/BeanClassLoaderAwareCustomizer> (0x0000000086077cd0) 
thrown [s\src\hotspot\share\classfile\systemDictionary.cpp, line 256]
Event: 23.648 Thread 0x000001cd4edc4f60 Exception <a 'java/lang/ClassNotFoundException'{0x000000008607e250}: org/springframework/beans/factory/AwareCustomizer> (0x000000008607e250) 
thrown [s\src\hotspot\share\classfile\systemDictionary.cpp, line 256]
Event: 23.648 Thread 0x000001cd4edc4f60 Exception <a 'java/lang/ClassNotFoundException'{0x0000000086083c00}: org/springframework/context/EnvironmentAwareCustomizer> (0x0000000086083c00) 
thrown [s\src\hotspot\share\classfile\systemDictionary.cpp, line 256]
Event: 23.648 Thread 0x000001cd4edc4f60 Exception <a 'java/lang/ClassNotFoundException'{0x000000008608a118}: org/springframework/beans/factory/AwareCustomizer> (0x000000008608a118) 
thrown [s\src\hotspot\share\classfile\systemDictionary.cpp, line 256]
Event: 24.961 Thread 0x000001cd4edc4f60 Exception <a 'java/lang/NoSuchMethodError'{0x0000000085da0610}: 'java.lang.Object java.lang.invoke.DirectMethodHandle$Holder.invokeStatic(java.lang.Object, java.lang.Object, java.lang.Object, java.lang.Object, int)'> (0x0000000085da0610) 
thrown [s\src\hotspot\share\interpreter\linkResolver.cpp, line 759]

VM Operations (20 events):
Event: 22.688 Executing VM operation: HandshakeAllThreads
Event: 22.688 Executing VM operation: HandshakeAllThreads done
Event: 22.689 Executing VM operation: HandshakeAllThreads
Event: 22.689 Executing VM operation: HandshakeAllThreads done
Event: 22.725 Executing VM operation: HandshakeAllThreads
Event: 22.725 Executing VM operation: HandshakeAllThreads done
Event: 22.742 Executing VM operation: HandshakeAllThreads
Event: 22.742 Executing VM operation: HandshakeAllThreads done
Event: 23.045 Executing VM operation: G1CollectForAllocation
Event: 23.062 Executing VM operation: G1CollectForAllocation done
Event: 24.075 Executing VM operation: Cleanup
Event: 24.075 Executing VM operation: Cleanup done
Event: 24.521 Executing VM operation: G1CollectForAllocation
Event: 24.538 Executing VM operation: G1CollectForAllocation done
Event: 24.920 Executing VM operation: HandshakeAllThreads
Event: 24.920 Executing VM operation: HandshakeAllThreads done
Event: 24.921 Executing VM operation: HandshakeAllThreads
Event: 24.921 Executing VM operation: HandshakeAllThreads done
Event: 25.023 Executing VM operation: HandshakeAllThreads
Event: 25.024 Executing VM operation: HandshakeAllThreads done

Events (20 events):
Event: 25.288 loading class org/springframework/boot/autoconfigure/web/servlet/MultipartProperties
Event: 25.288 loading class org/springframework/boot/autoconfigure/web/servlet/MultipartProperties done
Event: 25.290 loading class org/springframework/boot/autoconfigure/web/servlet/MultipartAutoConfiguration
Event: 25.290 loading class org/springframework/boot/autoconfigure/web/servlet/MultipartAutoConfiguration done
Event: 25.292 loading class org/springframework/web/multipart/commons/CommonsMultipartResolver
Event: 25.292 loading class org/springframework/web/multipart/commons/CommonsMultipartResolver done
Event: 25.293 loading class org/springframework/web/multipart/commons/CommonsFileUploadSupport
Event: 25.293 loading class org/springframework/web/multipart/commons/CommonsFileUploadSupport done
Event: 25.325 loading class org/springframework/boot/autoconfigure/jdbc/DataSourceProperties$Xa
Event: 25.325 loading class org/springframework/boot/autoconfigure/jdbc/DataSourceProperties$Xa done
Event: 25.326 loading class org/springframework/boot/jdbc/EmbeddedDatabaseConnection
Event: 25.326 loading class org/springframework/boot/jdbc/EmbeddedDatabaseConnection done
Event: 25.327 loading class org/springframework/boot/autoconfigure/orm/jpa/HibernateProperties$Naming
Event: 25.327 loading class org/springframework/boot/autoconfigure/orm/jpa/HibernateProperties$Naming done
Event: 25.328 loading class org/springframework/boot/autoconfigure/orm/jpa/HibernatePropertiesCustomizer
Event: 25.328 loading class org/springframework/boot/autoconfigure/orm/jpa/HibernatePropertiesCustomizer done
Event: 25.328 loading class org/springframework/boot/autoconfigure/orm/jpa/HibernateSettings
Event: 25.328 loading class org/springframework/boot/autoconfigure/orm/jpa/HibernateSettings done
Event: 25.329 loading class org/springframework/orm/jpa/vendor/Database
Event: 25.329 loading class org/springframework/orm/jpa/vendor/Database done


Dynamic libraries:
0x00007ff721b00000 - 0x00007ff721b0d000 	C:\Users\sfjbs\.jdks\corretto-17.0.5\bin\java.exe
0x00007ffe2dd70000 - 0x00007ffe2df68000 	C:\Windows\SYSTEM32\ntdll.dll
0x00007ffe2d0c0000 - 0x00007ffe2d17d000 	C:\Windows\System32\KERNEL32.DLL
0x00007ffe2b8a0000 - 0x00007ffe2bb72000 	C:\Windows\System32\KERNELBASE.dll
0x00007ffe2b640000 - 0x00007ffe2b740000 	C:\Windows\System32\ucrtbase.dll
0x00007ffe16590000 - 0x00007ffe165a7000 	C:\Users\sfjbs\.jdks\corretto-17.0.5\bin\jli.dll
0x00007ffe2bed0000 - 0x00007ffe2c06d000 	C:\Windows\System32\USER32.dll
0x00007ffe2b5c0000 - 0x00007ffe2b5e2000 	C:\Windows\System32\win32u.dll
0x00007ffe2c770000 - 0x00007ffe2c79b000 	C:\Windows\System32\GDI32.dll
0x00007ffe2b4b0000 - 0x00007ffe2b5bf000 	C:\Windows\System32\gdi32full.dll
0x00007ffe2bbf0000 - 0x00007ffe2bc8d000 	C:\Windows\System32\msvcp_win.dll
0x00007ffe0fbc0000 - 0x00007ffe0fbd5000 	C:\Users\sfjbs\.jdks\corretto-17.0.5\bin\VCRUNTIME140.dll
0x00007ffe0ce20000 - 0x00007ffe0d0ba000 	C:\Windows\WinSxS\amd64_microsoft.windows.common-controls_6595b64144ccf1df_6.0.19041.1110_none_60b5254171f9507e\COMCTL32.dll
0x00007ffe2c150000 - 0x00007ffe2c1ee000 	C:\Windows\System32\msvcrt.dll
0x00007ffe2bdd0000 - 0x00007ffe2be00000 	C:\Windows\System32\IMM32.DLL
0x00007ffe0c6e0000 - 0x00007ffe0c77b000 	C:\Users\sfjbs\.jdks\corretto-17.0.5\bin\msvcp140.dll
0x00007ffddac80000 - 0x00007ffddb894000 	C:\Users\sfjbs\.jdks\corretto-17.0.5\bin\server\jvm.dll
0x00007ffe2ccb0000 - 0x00007ffe2cd5e000 	C:\Windows\System32\ADVAPI32.dll
0x00007ffe2c670000 - 0x00007ffe2c70c000 	C:\Windows\System32\sechost.dll
0x00007ffe2d1f0000 - 0x00007ffe2d315000 	C:\Windows\System32\RPCRT4.dll
0x00007ffe26e10000 - 0x00007ffe26e19000 	C:\Windows\SYSTEM32\WSOCK32.dll
0x00007ffe2d180000 - 0x00007ffe2d1eb000 	C:\Windows\System32\WS2_32.dll
0x00007ffe08910000 - 0x00007ffe08937000 	C:\Windows\SYSTEM32\WINMM.dll
0x00007ffe235f0000 - 0x00007ffe235fa000 	C:\Windows\SYSTEM32\VERSION.dll
0x00007ffe29320000 - 0x00007ffe29332000 	C:\Windows\SYSTEM32\kernel.appcore.dll
0x00007ffe26e90000 - 0x00007ffe26e9a000 	C:\Users\sfjbs\.jdks\corretto-17.0.5\bin\jimage.dll
0x00007ffe1d6c0000 - 0x00007ffe1d8a4000 	C:\Windows\SYSTEM32\DBGHELP.DLL
0x00007ffe1d690000 - 0x00007ffe1d6bc000 	C:\Windows\SYSTEM32\dbgcore.DLL
0x00007ffe2bd40000 - 0x00007ffe2bdc2000 	C:\Windows\System32\bcryptPrimitives.dll
0x00007ffe26ef0000 - 0x00007ffe26efe000 	C:\Users\sfjbs\.jdks\corretto-17.0.5\bin\instrument.dll
0x00007ffe0fb90000 - 0x00007ffe0fbb5000 	C:\Users\sfjbs\.jdks\corretto-17.0.5\bin\java.dll
0x00007ffe0f6a0000 - 0x00007ffe0f6b8000 	C:\Users\sfjbs\.jdks\corretto-17.0.5\bin\zip.dll
0x00007ffe05cc0000 - 0x00007ffe05d96000 	C:\Users\sfjbs\.jdks\corretto-17.0.5\bin\jsvml.dll
0x00007ffe2d500000 - 0x00007ffe2dc43000 	C:\Windows\System32\SHELL32.dll
0x00007ffe29520000 - 0x00007ffe29cb1000 	C:\Windows\SYSTEM32\windows.storage.dll
0x00007ffe2cd60000 - 0x00007ffe2d0b4000 	C:\Windows\System32\combase.dll
0x00007ffe2ad20000 - 0x00007ffe2ad50000 	C:\Windows\SYSTEM32\Wldp.dll
0x00007ffe2d450000 - 0x00007ffe2d4fd000 	C:\Windows\System32\SHCORE.dll
0x00007ffe2cbd0000 - 0x00007ffe2cc25000 	C:\Windows\System32\shlwapi.dll
0x00007ffe2b3c0000 - 0x00007ffe2b3df000 	C:\Windows\SYSTEM32\profapi.dll
0x00007ffe0fb70000 - 0x00007ffe0fb89000 	C:\Users\sfjbs\.jdks\corretto-17.0.5\bin\net.dll
0x00007ffe22f20000 - 0x00007ffe2302d000 	C:\Windows\SYSTEM32\WINHTTP.dll
0x00007ffe2ab00000 - 0x00007ffe2ab6a000 	C:\Windows\system32\mswsock.dll
0x00007ffe0f8e0000 - 0x00007ffe0f8f5000 	C:\Users\sfjbs\.jdks\corretto-17.0.5\bin\nio.dll
0x00007ffe0f500000 - 0x00007ffe0f51a000 	C:\Program Files\JetBrains\IntelliJ IDEA Community Edition 2022.2.1\bin\breakgen64.dll
0x00007ffe0f690000 - 0x00007ffe0f6a0000 	C:\Users\sfjbs\.jdks\corretto-17.0.5\bin\verify.dll
0x00007ffe19110000 - 0x00007ffe19119000 	C:\Users\sfjbs\.jdks\corretto-17.0.5\bin\management.dll
0x00007ffe190e0000 - 0x00007ffe190eb000 	C:\Users\sfjbs\.jdks\corretto-17.0.5\bin\management_ext.dll
0x00007ffe2c7a0000 - 0x00007ffe2c7a8000 	C:\Windows\System32\PSAPI.DLL
0x00007ffe10310000 - 0x00007ffe10327000 	C:\Windows\system32\napinsp.dll
0x00007ffe102f0000 - 0x00007ffe1030b000 	C:\Windows\system32\pnrpnsp.dll
0x00007ffe102d0000 - 0x00007ffe102e5000 	C:\Windows\system32\wshbth.dll
0x00007ffe26de0000 - 0x00007ffe26dfd000 	C:\Windows\system32\NLAapi.dll
0x00007ffe2a810000 - 0x00007ffe2a84b000 	C:\Windows\SYSTEM32\IPHLPAPI.DLL
0x00007ffe2a850000 - 0x00007ffe2a91a000 	C:\Windows\SYSTEM32\DNSAPI.dll
0x00007ffe2c660000 - 0x00007ffe2c668000 	C:\Windows\System32\NSI.dll
0x00007ffe102b0000 - 0x00007ffe102c2000 	C:\Windows\System32\winrnr.dll
0x00007ffe223f0000 - 0x00007ffe223fa000 	C:\Windows\System32\rasadhlp.dll
0x00007ffe22ea0000 - 0x00007ffe22f20000 	C:\Windows\System32\fwpuclnt.dll
0x00007ffe2b480000 - 0x00007ffe2b4a7000 	C:\Windows\System32\bcrypt.dll
0x00007ffe2ad60000 - 0x00007ffe2ad78000 	C:\Windows\SYSTEM32\CRYPTSP.dll
0x00007ffe2a440000 - 0x00007ffe2a474000 	C:\Windows\system32\rsaenh.dll
0x00007ffe2b380000 - 0x00007ffe2b3ae000 	C:\Windows\SYSTEM32\USERENV.dll
0x00007ffe2ac90000 - 0x00007ffe2ac9c000 	C:\Windows\SYSTEM32\CRYPTBASE.dll
0x00007ffe23dc0000 - 0x00007ffe23dd7000 	C:\Windows\SYSTEM32\dhcpcsvc6.DLL
0x00007ffe23da0000 - 0x00007ffe23dbd000 	C:\Windows\SYSTEM32\dhcpcsvc.DLL

dbghelp: loaded successfully - version: 4.0.5 - missing functions: none
symbol engine: initialized successfully - sym options: 0x614 - pdb path: .;C:\Users\sfjbs\.jdks\corretto-17.0.5\bin;C:\Windows\SYSTEM32;C:\Windows\WinSxS\amd64_microsoft.windows.common-controls_6595b64144ccf1df_6.0.19041.1110_none_60b5254171f9507e;C:\Users\sfjbs\.jdks\corretto-17.0.5\bin\server;C:\Program Files\JetBrains\IntelliJ IDEA Community Edition 2022.2.1\bin

VM Arguments:
jvm_args: -ea -javaagent:C:\Users\sfjbs\AppData\Local\JetBrains\IdeaIC2022.2\testAgent\intellij-coverage-agent-1.0.673.jar=C:\Users\sfjbs\AppData\Local\Temp\coverage7args -Didea.new.sampling.coverage=true -Dcoverage.ignore.private.constructor.util.class=true -Didea.test.cyclic.buffer.size=1048576 -javaagent:C:\Program Files\JetBrains\IntelliJ IDEA Community Edition 2022.2.1\lib\idea_rt.jar=51030:C:\Program Files\JetBrains\IntelliJ IDEA Community Edition 2022.2.1\bin -Dfile.encoding=UTF-8 
java_command: com.intellij.rt.junit.JUnitStarter -ideVersion5 -junit5 @w@C:\Users\sfjbs\AppData\Local\Temp\idea_working_dirs_junit.tmp @C:\Users\sfjbs\AppData\Local\Temp\idea_junit.tmp -socket51029
java_class_path (initial): C:\Users\sfjbs\.m2\repository\org\junit\platform\junit-platform-launcher\1.8.2\junit-platform-launcher-1.8.2.jar;C:\Users\sfjbs\.m2\repository\org\junit\vintage\junit-vintage-engine\5.9.0\junit-vintage-engine-5.9.0.jar;C:\Program Files\JetBrains\IntelliJ IDEA Community Edition 2022.2.1\lib\idea_rt.jar;C:\Program Files\JetBrains\IntelliJ IDEA Community Edition 2022.2.1\plugins\junit\lib\junit5-rt.jar;C:\Program Files\JetBrains\IntelliJ IDEA Community Edition 2022.2.1\plugins\junit\lib\junit-rt.jar;C:\Users\sfjbs\Documents\Mini Project\pension-management-system\target\test-classes;C:\Users\sfjbs\Documents\Mini Project\pension-management-system\target\classes;C:\Users\sfjbs\.m2\repository\org\springframework\boot\spring-boot-starter-web\2.7.5\spring-boot-starter-web-2.7.5.jar;C:\Users\sfjbs\.m2\repository\org\springframework\boot\spring-boot-starter\2.7.3\spring-boot-starter-2.7.3.jar;C:\Users\sfjbs\.m2\repository\org\springframework\boot\spring-boot\2.7.3\spring-boot-2.7.3.jar;C:\Users\sfjbs\.m2\repository\org\springframework\boot\spring-boot-autoconfigure\2.7.3\spring-boot-autoconfigure-2.7.3.jar;C:\Users\sfjbs\.m2\repository\org\springframework\boot\spring-boot-starter-logging\2.7.3\spring-boot-starter-logging-2.7.3.jar;C:\Users\sfjbs\.m2\repository\ch\qos\logback\logback-classic\1.2.11\logback-classic-1.2.11.jar;C:\Users\sfjbs\.m2\repository\ch\qos\logback\logback-core\1.2.11\logback-core-1.2.11.jar;C:\Users\sfjbs\.m2\repository\org\apache\logging\log4j\log4j-to-slf4j\2.17.2\log4j-to-slf4j-2.17.2.jar;C:\Users\sfjbs\.m2\repository\org\apache\logging\log4j\log4j-api\2.17.2\log4j-api-2.17.2.jar;C:\Users\sfjbs\.m2\repository\org\slf4j\jul-to-slf4j\1.7.36\jul-to-slf4j-1.7.36.jar;C:\Users\sfjbs\.m2\repository\jakarta\annotation\jakarta.annotation-api\1.3.5\jakarta.annotation-api-1.3.5.jar;C:\Users\sfjbs\.m2\repository\org\yaml\snakeyaml\1.30\snakeyaml-1.30.jar;C:\Users\sfjbs\.m2\repository\org\springframework\boot\spring-boot-starter-json\2.7
Launcher Type: SUN_STANDARD

[Global flags]
     intx CICompilerCount                          = 2                                         {product} {ergonomic}
     uint ConcGCThreads                            = 1                                         {product} {ergonomic}
     uint G1ConcRefinementThreads                  = 2                                         {product} {ergonomic}
   size_t G1HeapRegionSize                         = 1048576                                   {product} {ergonomic}
    uintx GCDrainStackTargetSize                   = 64                                        {product} {ergonomic}
   size_t InitialHeapSize                          = 134217728                                 {product} {ergonomic}
   size_t MarkStackSize                            = 4194304                                   {product} {ergonomic}
   size_t MaxHeapSize                              = 2147483648                                {product} {ergonomic}
   size_t MaxNewSize                               = 1287651328                                {product} {ergonomic}
   size_t MinHeapDeltaBytes                        = 1048576                                   {product} {ergonomic}
   size_t MinHeapSize                              = 8388608                                   {product} {ergonomic}
    uintx NonNMethodCodeHeapSize                   = 5826188                                {pd product} {ergonomic}
    uintx NonProfiledCodeHeapSize                  = 122916026                              {pd product} {ergonomic}
    uintx ProfiledCodeHeapSize                     = 122916026                              {pd product} {ergonomic}
    uintx ReservedCodeCacheSize                    = 251658240                              {pd product} {ergonomic}
     bool SegmentedCodeCache                       = true                                      {product} {ergonomic}
   size_t SoftMaxHeapSize                          = 2147483648                             {manageable} {ergonomic}
     bool UseCompressedClassPointers               = true                           {product lp64_product} {ergonomic}
     bool UseCompressedOops                        = true                           {product lp64_product} {ergonomic}
     bool UseG1GC                                  = true                                      {product} {ergonomic}
     bool UseLargePagesIndividualAllocation        = false                                  {pd product} {ergonomic}

Logging:
Log output configuration:
 #0: stdout all=warning uptime,level,tags
 #1: stderr all=off uptime,level,tags

Environment Variables:
PATH=C:\Program Files\Common Files\Oracle\Java\javapath;C:\Windows\system32;C:\Windows;C:\Windows\System32\Wbem;C:\Windows\System32\WindowsPowerShell\v1.0\;C:\Windows\System32\OpenSSH\;C:\Users\sfjbs\Downloads\micro service-20221001T105859Z-001\micro service\apache-maven-3.8.5-bin\apache-maven-3.8.5\bin;C:\Users\sfjbs\Downloads\micro service-20221001T105859Z-001\micro service\apache-maven-3.8.5-bin\apache-maven-3.8.5\lib;C:\Program Files\Git\cmd;C:\Program Files\Docker\Docker\resources\bin;C:\ProgramData\DockerDesktop\version-bin;C:\Users\sfjbs\AppData\Local\Microsoft\WindowsApps;C:\Users\sfjbs\Downloads\micro service-20221001T105859Z-001\micro service\apache-maven-3.8.5-bin\apache-maven-3.8.5\bin;C:\Users\sfjbs\Downloads\micro service-20221001T105859Z-001\micro service\apache-maven-3.8.5-bin\apache-maven-3.8.5\lib;;C:\Program Files\JetBrains\IntelliJ IDEA Community Edition 2022.2.1\bin;
USERNAME=sfjbs
OS=Windows_NT
PROCESSOR_IDENTIFIER=Intel64 Family 6 Model 106 Stepping 6, GenuineIntel
TMP=C:\Users\sfjbs\AppData\Local\Temp
TEMP=C:\Users\sfjbs\AppData\Local\Temp



---------------  S Y S T E M  ---------------

OS:
 Windows 10 , 64 bit Build 19041 (10.0.19041.1889)
OS uptime: 0 days 1:43 hours
Hyper-V role detected

CPU: total 2 (initial active 2) (1 cores per cpu, 2 threads per core) family 6 model 106 stepping 6 microcode 0xffffffff, cx8, cmov, fxsr, ht, mmx, 3dnowpref, sse, sse2, sse3, ssse3, sse4.1, sse4.2, popcnt, lzcnt, tsc, avx, avx2, aes, erms, clmul, bmi1, bmi2, rtm, adx, avx512f, avx512dq, avx512cd, avx512bw, avx512vl, fma, vzeroupper, clflush, clflushopt, hv

Memory: 4k page, system-wide physical 8190M (366M free)
TotalPageFile size 10238M (AvailPageFile size 4M)
current process WorkingSet (physical memory assigned to process): 291M, peak: 293M
current process commit charge ("private bytes"): 318M, peak: 320M

vm_info: OpenJDK 64-Bit Server VM (17.0.5+8-LTS) for windows-amd64 JRE (17.0.5+8-LTS), built on Oct 13 2022 05:18:14 by "Administrator" with MS VC++ 15.9 (VS2017)

END.
