#
# There is insufficient memory for the Java Runtime Environment to continue.
# Native memory allocation (mmap) failed to map 134217728 bytes for Failed to commit area from 0x0000000080000000 to 0x0000000088000000 of length 134217728.
# Possible reasons:
#   The system is out of physical RAM or swap space
#   The process is running with CompressedOops enabled, and the Java Heap may be blocking the growth of the native heap
# Possible solutions:
#   Reduce memory load on the system
#   Increase physical memory or swap space
#   Check if swap backing store is full
#   Decrease Java heap size (-Xmx/-Xms)
#   Decrease number of Java threads
#   Decrease Java thread stack sizes (-Xss)
#   Set larger code cache with -XX:ReservedCodeCacheSize=
# This output file may be truncated or incomplete.
#
#  Out of Memory Error (./open/src/hotspot/os/windows/os_windows.cpp:3287), pid=25812, tid=24672
#
# JRE version:  (11.0.16+11) (build )
# Java VM: Java HotSpot(TM) 64-Bit Server VM (11.0.16+11-LTS-199, mixed mode, sharing, tiered, compressed oops, g1 gc, windows-amd64)
# No core dump will be written. Minidumps are not enabled by default on client versions of Windows
#

---------------  S U M M A R Y ------------

Command Line: -Dclassworlds.conf=C:\Users\sfjbs\Downloads\micro service-20221001T105859Z-001\micro service\apache-maven-3.8.5-bin\apache-maven-3.8.5\bin\m2.conf -Dmaven.home=C:\Users\sfjbs\Downloads\micro service-20221001T105859Z-001\micro service\apache-maven-3.8.5-bin\apache-maven-3.8.5 -Dlibrary.jansi.path=C:\Users\sfjbs\Downloads\micro service-20221001T105859Z-001\micro service\apache-maven-3.8.5-bin\apache-maven-3.8.5\lib\jansi-native -Dmaven.multiModuleProjectDirectory=C:\Users\sfjbs\Documents\Mini Project\pension-management-system org.codehaus.plexus.classworlds.launcher.Launcher clean install -DskipTests

Host: Intel(R) Xeon(R) Platinum 8370C CPU @ 2.80GHz, 2 cores, 7G,  Windows 10 , 64 bit Build 19041 (10.0.19041.1889)
Time: Mon Oct 31 08:25:18 2022 Coordinated Universal Time elapsed time: 0.017430 seconds (0d 0h 0m 0s)

---------------  T H R E A D  ---------------

Current thread (0x000001ac95718000):  JavaThread "Unknown thread" [_thread_in_vm, id=24672, stack(0x00000071bf200000,0x00000071bf300000)]

Stack: [0x00000071bf200000,0x00000071bf300000]
Native frames: (J=compiled Java code, j=interpreted, Vv=VM code, C=native code)
V  [jvm.dll+0x62a3ea]
V  [jvm.dll+0x76418f]
V  [jvm.dll+0x765839]
V  [jvm.dll+0x765ec3]
V  [jvm.dll+0x23da98]
V  [jvm.dll+0x62770a]
V  [jvm.dll+0x61c475]
V  [jvm.dll+0x2f2aac]
V  [jvm.dll+0x2f2932]
V  [jvm.dll+0x2f7656]
V  [jvm.dll+0x33a1cf]
V  [jvm.dll+0x339c00]
V  [jvm.dll+0x2d00c8]
V  [jvm.dll+0x2d1236]
V  [jvm.dll+0x73e757]
V  [jvm.dll+0x73ffef]
V  [jvm.dll+0x346ef9]
V  [jvm.dll+0x723f90]
V  [jvm.dll+0x3b5adf]
V  [jvm.dll+0x3b7bf1]
C  [jli.dll+0x5207]
C  [ucrtbase.dll+0x21bb2]
C  [KERNEL32.DLL+0x17034]
C  [ntdll.dll+0x526a1]


---------------  P R O C E S S  ---------------

Threads class SMR info:
_java_thread_list=0x000001ac93e031e0, length=0, elements={
}

Java Threads: ( => current thread )

Other Threads:
  0x000001ac9572d000 GCTaskThread "GC Thread#0" [stack: 0x00000071bf300000,0x00000071bf400000] [id=25644]
  0x000001ac9575d800 ConcurrentGCThread "G1 Main Marker" [stack: 0x00000071bf400000,0x00000071bf500000] [id=10456]
  0x000001ac9575f800 ConcurrentGCThread "G1 Conc#0" [stack: 0x00000071bf500000,0x00000071bf600000] [id=27084]

[error occurred during error reporting (printing all threads), id 0xc0000005, EXCEPTION_ACCESS_VIOLATION (0xc0000005) at pc=0x00007fff2a8af357]

VM state:not at safepoint (not fully initialized)

VM Mutex/Monitor currently owned by a thread:  ([mutex/lock_event])
[0x000001ac95714b90] Heap_lock - owner thread: 0x000001ac95718000

Heap address: 0x0000000080000000, size: 2048 MB, Compressed Oops mode: Non-zero based: 0x0000000080000000
Narrow klass base: 0x0000000000000000, Narrow klass shift: 0

GC Heap History (0 events):
No events

Deoptimization events (0 events):
No events

Classes redefined (0 events):
No events

Internal exceptions (0 events):
No events

Events (0 events):
No events


Dynamic libraries:
0x00007ff7b3a80000 - 0x00007ff7b3a8f000 	C:\Program Files\Java\jdk-11.0.16\bin\java.exe
0x00007fff5be90000 - 0x00007fff5c088000 	C:\Windows\SYSTEM32\ntdll.dll
0x00007fff5a980000 - 0x00007fff5aa3d000 	C:\Windows\System32\KERNEL32.DLL
0x00007fff59800000 - 0x00007fff59ad2000 	C:\Windows\System32\KERNELBASE.dll
0x00007fff59d80000 - 0x00007fff59e80000 	C:\Windows\System32\ucrtbase.dll
0x00007fff54de0000 - 0x00007fff54df8000 	C:\Program Files\Java\jdk-11.0.16\bin\jli.dll
0x00007fff5a7f0000 - 0x00007fff5a89e000 	C:\Windows\System32\ADVAPI32.dll
0x00007fff5a590000 - 0x00007fff5a62e000 	C:\Windows\System32\msvcrt.dll
0x00007fff5a4f0000 - 0x00007fff5a58c000 	C:\Windows\System32\sechost.dll
0x00007fff5b7e0000 - 0x00007fff5b905000 	C:\Windows\System32\RPCRT4.dll
0x00007fff5ab50000 - 0x00007fff5aced000 	C:\Windows\System32\USER32.dll
0x00007fff597d0000 - 0x00007fff597f2000 	C:\Windows\System32\win32u.dll
0x00007fff5b7a0000 - 0x00007fff5b7cb000 	C:\Windows\System32\GDI32.dll
0x00007fff59c70000 - 0x00007fff59d7f000 	C:\Windows\System32\gdi32full.dll
0x00007fff596a0000 - 0x00007fff5973d000 	C:\Windows\System32\msvcp_win.dll
0x00007fff3f510000 - 0x00007fff3f525000 	C:\Program Files\Java\jdk-11.0.16\bin\VCRUNTIME140.dll
0x00007fff3c260000 - 0x00007fff3c4fa000 	C:\Windows\WinSxS\amd64_microsoft.windows.common-controls_6595b64144ccf1df_6.0.19041.1110_none_60b5254171f9507e\COMCTL32.dll
0x00007fff51860000 - 0x00007fff5186a000 	C:\Windows\SYSTEM32\VERSION.dll
0x00007fff59ef0000 - 0x00007fff59f20000 	C:\Windows\System32\IMM32.DLL
0x00007fff3efc0000 - 0x00007fff3f05b000 	C:\Program Files\Java\jdk-11.0.16\bin\msvcp140.dll
0x00007fff2a5d0000 - 0x00007fff2b0e8000 	C:\Program Files\Java\jdk-11.0.16\bin\server\jvm.dll
0x00007fff5b7d0000 - 0x00007fff5b7d8000 	C:\Windows\System32\PSAPI.DLL
0x00007fff44670000 - 0x00007fff44679000 	C:\Windows\SYSTEM32\WSOCK32.dll
0x00007fff5b9f0000 - 0x00007fff5ba5b000 	C:\Windows\System32\WS2_32.dll
0x00007fff3a180000 - 0x00007fff3a1a7000 	C:\Windows\SYSTEM32\WINMM.dll
0x00007fff57440000 - 0x00007fff57452000 	C:\Windows\SYSTEM32\kernel.appcore.dll
0x00007fff54ef0000 - 0x00007fff54f00000 	C:\Program Files\Java\jdk-11.0.16\bin\verify.dll
0x00007fff4b3e0000 - 0x00007fff4b5c4000 	C:\Windows\SYSTEM32\DBGHELP.DLL
0x00007fff4b790000 - 0x00007fff4b7bc000 	C:\Windows\SYSTEM32\dbgcore.DLL
0x00007fff59740000 - 0x00007fff597c2000 	C:\Windows\System32\bcryptPrimitives.dll
0x00007fff3f4e0000 - 0x00007fff3f508000 	C:\Program Files\Java\jdk-11.0.16\bin\java.dll
0x00007fff54e30000 - 0x00007fff54e3a000 	C:\Program Files\Java\jdk-11.0.16\bin\jimage.dll
0x00007fff3f4c0000 - 0x00007fff3f4d6000 	C:\Program Files\Java\jdk-11.0.16\bin\zip.dll

dbghelp: loaded successfully - version: 4.0.5 - missing functions: none
symbol engine: initialized successfully - sym options: 0x614 - pdb path: .;C:\Program Files\Java\jdk-11.0.16\bin;C:\Windows\SYSTEM32;C:\Windows\WinSxS\amd64_microsoft.windows.common-controls_6595b64144ccf1df_6.0.19041.1110_none_60b5254171f9507e;C:\Program Files\Java\jdk-11.0.16\bin\server

VM Arguments:
jvm_args: -Dclassworlds.conf=C:\Users\sfjbs\Downloads\micro service-20221001T105859Z-001\micro service\apache-maven-3.8.5-bin\apache-maven-3.8.5\bin\m2.conf -Dmaven.home=C:\Users\sfjbs\Downloads\micro service-20221001T105859Z-001\micro service\apache-maven-3.8.5-bin\apache-maven-3.8.5 -Dlibrary.jansi.path=C:\Users\sfjbs\Downloads\micro service-20221001T105859Z-001\micro service\apache-maven-3.8.5-bin\apache-maven-3.8.5\lib\jansi-native -Dmaven.multiModuleProjectDirectory=C:\Users\sfjbs\Documents\Mini Project\pension-management-system 
java_command: org.codehaus.plexus.classworlds.launcher.Launcher clean install -DskipTests
java_class_path (initial): C:\Users\sfjbs\Downloads\micro service-20221001T105859Z-001\micro service\apache-maven-3.8.5-bin\apache-maven-3.8.5\boot\plexus-classworlds-2.6.0.jar
Launcher Type: SUN_STANDARD

[Global flags]
     intx CICompilerCount                          = 2                                         {product} {ergonomic}
     uint ConcGCThreads                            = 1                                         {product} {ergonomic}
     uint G1ConcRefinementThreads                  = 2                                         {product} {ergonomic}
   size_t G1HeapRegionSize                         = 1048576                                   {product} {ergonomic}
    uintx GCDrainStackTargetSize                   = 64                                        {product} {ergonomic}
   size_t InitialHeapSize                          = 134217728                                 {product} {ergonomic}
   size_t MarkStackSize                            = 4194304                                   {product} {ergonomic}
   size_t MaxHeapSize                              = 2147483648                                {product} {ergonomic}
   size_t MinHeapDeltaBytes                        = 1048576                                   {product} {ergonomic}
    uintx NonNMethodCodeHeapSize                   = 5825164                                {pd product} {ergonomic}
    uintx NonProfiledCodeHeapSize                  = 122916538                              {pd product} {ergonomic}
    uintx ProfiledCodeHeapSize                     = 122916538                              {pd product} {ergonomic}
    uintx ReservedCodeCacheSize                    = 251658240                              {pd product} {ergonomic}
     bool SegmentedCodeCache                       = true                                      {product} {ergonomic}
     bool UseCompressedClassPointers               = true                                 {lp64_product} {ergonomic}
     bool UseCompressedOops                        = true                                 {lp64_product} {ergonomic}
     bool UseG1GC                                  = true                                      {product} {ergonomic}
     bool UseLargePagesIndividualAllocation        = false                                  {pd product} {ergonomic}

Logging:
Log output configuration:
 #0: stdout all=warning uptime,level,tags
 #1: stderr all=off uptime,level,tags

Environment Variables:
PATH=C:\Program Files\Common Files\Oracle\Java\javapath;C:\Windows\system32;C:\Windows;C:\Windows\System32\Wbem;C:\Windows\System32\WindowsPowerShell\v1.0\;C:\Windows\System32\OpenSSH\;C:\Users\sfjbs\Downloads\micro service-20221001T105859Z-001\micro service\apache-maven-3.8.5-bin\apache-maven-3.8.5\bin;C:\Users\sfjbs\Downloads\micro service-20221001T105859Z-001\micro service\apache-maven-3.8.5-bin\apache-maven-3.8.5\lib;C:\Program Files\Git\cmd;C:\Program Files\Docker\Docker\resources\bin;C:\ProgramData\DockerDesktop\version-bin;C:\Users\sfjbs\AppData\Local\Microsoft\WindowsApps;C:\Users\sfjbs\Downloads\micro service-20221001T105859Z-001\micro service\apache-maven-3.8.5-bin\apache-maven-3.8.5\bin;C:\Users\sfjbs\Downloads\micro service-20221001T105859Z-001\micro service\apache-maven-3.8.5-bin\apache-maven-3.8.5\lib;;C:\Program Files\JetBrains\IntelliJ IDEA Community Edition 2022.2.1\bin;
USERNAME=sfjbs
OS=Windows_NT
PROCESSOR_IDENTIFIER=Intel64 Family 6 Model 106 Stepping 6, GenuineIntel



---------------  S Y S T E M  ---------------

OS: Windows 10 , 64 bit Build 19041 (10.0.19041.1889)
Hyper-V role detected

CPU:total 2 (initial active 2) (1 cores per cpu, 2 threads per core) family 6 model 106 stepping 6 microcode 0xffffffff, cmov, cx8, fxsr, mmx, sse, sse2, sse3, ssse3, sse4.1, sse4.2, popcnt, avx, avx2, aes, clmul, erms, rtm, 3dnowpref, lzcnt, ht, tsc, bmi1, bmi2, adx, evex, fma

Memory: 4k page, system-wide physical 8190M (725M free)
TotalPageFile size 10238M (AvailPageFile size 34M)
current process WorkingSet (physical memory assigned to process): 9M, peak: 9M
current process commit charge ("private bytes"): 47M, peak: 175M

vm_info: Java HotSpot(TM) 64-Bit Server VM (11.0.16+11-LTS-199) for windows-amd64 JRE (11.0.16+11-LTS-199), built on Jun 28 2022 08:23:17 by "mach5one" with MS VC++ 15.9 (VS2017)

END.
