#
# There is insufficient memory for the Java Runtime Environment to continue.
# Native memory allocation (malloc) failed to allocate 351936 bytes for Chunk::new
# Possible reasons:
#   The system is out of physical RAM or swap space
#   The process is running with CompressedOops enabled, and the Java Heap may be blocking the growth of the native heap
# Possible solutions:
#   Reduce memory load on the system
#   Increase physical memory or swap space
#   Check if swap backing store is full
#   Decrease Java heap size (-Xmx/-Xms)
#   Decrease number of Java threads
#   Decrease Java thread stack sizes (-Xss)
#   Set larger code cache with -XX:ReservedCodeCacheSize=
#   JVM is running with Unscaled Compressed Oops mode in which the Java heap is
#     placed in the first 4GB address space. The Java Heap base address is the
#     maximum limit for the native heap growth. Please use -XX:HeapBaseMinAddress
#     to set the Java Heap base and to place the Java Heap above 4GB virtual address.
# This output file may be truncated or incomplete.
#
#  Out of Memory Error (./open/src/hotspot/share/memory/arena.cpp:197), pid=20024, tid=19968
#
# JRE version: Java(TM) SE Runtime Environment 18.9 (11.0.16+11) (build 11.0.16+11-LTS-199)
# Java VM: Java HotSpot(TM) 64-Bit Server VM 18.9 (11.0.16+11-LTS-199, mixed mode, tiered, compressed oops, g1 gc, windows-amd64)
# No core dump will be written. Minidumps are not enabled by default on client versions of Windows
#

---------------  S U M M A R Y ------------

Command Line: C:\Users\sfjbs\AppData\Local\Temp\surefire8742678373067975197\surefirebooter2829197346129120901.jar C:\Users\sfjbs\AppData\Local\Temp\surefire8742678373067975197 2022-11-01T09-57-30_026-jvmRun1 surefire3369939403668711128tmp surefire_018138511110085633972tmp

Host: Intel(R) Xeon(R) Platinum 8370C CPU @ 2.80GHz, 2 cores, 7G,  Windows 10 , 64 bit Build 19041 (10.0.19041.1889)
Time: Tue Nov  1 09:57:32 2022 Coordinated Universal Time elapsed time: 1.581405 seconds (0d 0h 0m 1s)

---------------  T H R E A D  ---------------

Current thread (0x0000019d6b551000):  JavaThread "C2 CompilerThread0" daemon [_thread_in_native, id=19968, stack(0x000000092d900000,0x000000092da00000)]


Current CompileTask:
C2:   1581  831       4       java.util.jar.JarFile::getEntry (22 bytes)

Stack: [0x000000092d900000,0x000000092da00000]
Native frames: (J=compiled Java code, j=interpreted, Vv=VM code, C=native code)
V  [jvm.dll+0x62a3ea]
V  [jvm.dll+0x76418f]
V  [jvm.dll+0x765839]
V  [jvm.dll+0x765ec3]
V  [jvm.dll+0x23da98]
V  [jvm.dll+0xb2a1c]
V  [jvm.dll+0xb2fdc]
V  [jvm.dll+0x2ae814]
V  [jvm.dll+0x53d97b]
V  [jvm.dll+0x1f9ff7]
V  [jvm.dll+0x1f756d]
V  [jvm.dll+0x177c81]
V  [jvm.dll+0x207006]
V  [jvm.dll+0x20519b]
V  [jvm.dll+0x729fa0]
V  [jvm.dll+0x722b74]
V  [jvm.dll+0x629286]
C  [ucrtbase.dll+0x21bb2]
C  [KERNEL32.DLL+0x17034]
C  [ntdll.dll+0x526a1]


---------------  P R O C E S S  ---------------

Threads class SMR info:
_java_thread_list=0x0000019d6c2c26b0, length=12, elements={
0x0000019d4e2b9800, 0x0000019d6b521000, 0x0000019d6b522800, 0x0000019d6b548800,
0x0000019d6b54c000, 0x0000019d6b54f000, 0x0000019d6b551000, 0x0000019d6b58a000,
0x0000019d6b58b000, 0x0000019d6bfad800, 0x0000019d6c0f0800, 0x0000019d6c2ce000
}

Java Threads: ( => current thread )
  0x0000019d4e2b9800 JavaThread "main" [_thread_in_vm, id=20020, stack(0x000000092cc00000,0x000000092cd00000)]
  0x0000019d6b521000 JavaThread "Reference Handler" daemon [_thread_blocked, id=20104, stack(0x000000092d400000,0x000000092d500000)]
  0x0000019d6b522800 JavaThread "Finalizer" daemon [_thread_blocked, id=20112, stack(0x000000092d500000,0x000000092d600000)]
  0x0000019d6b548800 JavaThread "Signal Dispatcher" daemon [_thread_blocked, id=20040, stack(0x000000092d600000,0x000000092d700000)]
  0x0000019d6b54c000 JavaThread "Attach Listener" daemon [_thread_blocked, id=19992, stack(0x000000092d700000,0x000000092d800000)]
  0x0000019d6b54f000 JavaThread "Service Thread" daemon [_thread_blocked, id=19988, stack(0x000000092d800000,0x000000092d900000)]
=>0x0000019d6b551000 JavaThread "C2 CompilerThread0" daemon [_thread_in_native, id=19968, stack(0x000000092d900000,0x000000092da00000)]
  0x0000019d6b58a000 JavaThread "C1 CompilerThread0" daemon [_thread_blocked, id=20052, stack(0x000000092da00000,0x000000092db00000)]
  0x0000019d6b58b000 JavaThread "Sweeper thread" daemon [_thread_blocked, id=19960, stack(0x000000092db00000,0x000000092dc00000)]
  0x0000019d6bfad800 JavaThread "Common-Cleaner" daemon [_thread_blocked, id=17596, stack(0x000000092dd00000,0x000000092de00000)]
  0x0000019d6c0f0800 JavaThread "surefire-forkedjvm-command-thread" daemon [_thread_in_native, id=19748, stack(0x000000092de00000,0x000000092df00000)]
  0x0000019d6c2ce000 JavaThread "surefire-forkedjvm-ping-30s" daemon [_thread_blocked, id=20084, stack(0x000000092df00000,0x000000092e000000)]

Other Threads:
  0x0000019d6b51e000 VMThread "VM Thread" [stack: 0x000000092d300000,0x000000092d400000] [id=20044]
  0x0000019d6bfac800 WatcherThread [stack: 0x000000092dc00000,0x000000092dd00000] [id=19980]
  0x0000019d4e2cd800 GCTaskThread "GC Thread#0" [stack: 0x000000092ce00000,0x000000092cf00000] [id=19964]
  0x0000019d6c3cf800 GCTaskThread "GC Thread#1" [stack: 0x000000092e000000,0x000000092e100000] [id=20088]
  0x0000019d4e2fb000 ConcurrentGCThread "G1 Main Marker" [stack: 0x000000092cf00000,0x000000092d000000] [id=19996]
  0x0000019d4e2fd800 ConcurrentGCThread "G1 Conc#0" [stack: 0x000000092d000000,0x000000092d100000] [id=20032]
  0x0000019d4e384000 ConcurrentGCThread "G1 Refine#0" [stack: 0x000000092d100000,0x000000092d200000] [id=20048]
  0x0000019d6c3be000 ConcurrentGCThread "G1 Refine#1" [stack: 0x000000092e100000,0x000000092e200000] [id=20208]
  0x0000019d4e385000 ConcurrentGCThread "G1 Young RemSet Sampling" [stack: 0x000000092d200000,0x000000092d300000] [id=20036]

Threads with active compile tasks:
C2 CompilerThread0     1597  831       4       java.util.jar.JarFile::getEntry (22 bytes)

VM state:not at safepoint (normal execution)

VM Mutex/Monitor currently owned by a thread: None

Heap address: 0x0000000080000000, size: 2048 MB, Compressed Oops mode: 32-bit
Narrow klass base: 0x0000000000000000, Narrow klass shift: 3
Compressed class space size: 1073741824 Address: 0x0000000100000000

Heap:
 garbage-first heap   total 131072K, used 13453K [0x0000000080000000, 0x0000000100000000)
  region size 1024K, 8 young (8192K), 1 survivors (1024K)
 Metaspace       used 10923K, capacity 11140K, committed 11392K, reserved 1058816K
  class space    used 1032K, capacity 1110K, committed 1152K, reserved 1048576K
Heap Regions: E=young(eden), S=young(survivor), O=old, HS=humongous(starts), HC=humongous(continues), CS=collection set, F=free, A=archive, TAMS=top-at-mark-start (previous, next)
|   0|0x0000000080000000, 0x0000000080100000, 0x0000000080100000|100%| O|  |TAMS 0x0000000080000000, 0x0000000080000000| Untracked 
|   1|0x0000000080100000, 0x0000000080200000, 0x0000000080200000|100%| O|  |TAMS 0x0000000080100000, 0x0000000080100000| Untracked 
|   2|0x0000000080200000, 0x0000000080300000, 0x0000000080300000|100%| O|  |TAMS 0x0000000080200000, 0x0000000080200000| Untracked 
|   3|0x0000000080300000, 0x0000000080400000, 0x0000000080400000|100%|HS|  |TAMS 0x0000000080300000, 0x0000000080300000| Complete 
|   4|0x0000000080400000, 0x0000000080500000, 0x0000000080500000|100%| O|  |TAMS 0x0000000080400000, 0x0000000080400000| Untracked 
|   5|0x0000000080500000, 0x0000000080600000, 0x0000000080600000|100%| O|  |TAMS 0x0000000080500000, 0x0000000080500000| Untracked 
|   6|0x0000000080600000, 0x0000000080623600, 0x0000000080700000| 13%| O|  |TAMS 0x0000000080600000, 0x0000000080600000| Untracked 
|   7|0x0000000080700000, 0x0000000080700000, 0x0000000080800000|  0%| F|  |TAMS 0x0000000080700000, 0x0000000080700000| Untracked 
|   8|0x0000000080800000, 0x0000000080800000, 0x0000000080900000|  0%| F|  |TAMS 0x0000000080800000, 0x0000000080800000| Untracked 
|   9|0x0000000080900000, 0x0000000080900000, 0x0000000080a00000|  0%| F|  |TAMS 0x0000000080900000, 0x0000000080900000| Untracked 
|  10|0x0000000080a00000, 0x0000000080a00000, 0x0000000080b00000|  0%| F|  |TAMS 0x0000000080a00000, 0x0000000080a00000| Untracked 
|  11|0x0000000080b00000, 0x0000000080b00000, 0x0000000080c00000|  0%| F|  |TAMS 0x0000000080b00000, 0x0000000080b00000| Untracked 
|  12|0x0000000080c00000, 0x0000000080c00000, 0x0000000080d00000|  0%| F|  |TAMS 0x0000000080c00000, 0x0000000080c00000| Untracked 
|  13|0x0000000080d00000, 0x0000000080d00000, 0x0000000080e00000|  0%| F|  |TAMS 0x0000000080d00000, 0x0000000080d00000| Untracked 
|  14|0x0000000080e00000, 0x0000000080e00000, 0x0000000080f00000|  0%| F|  |TAMS 0x0000000080e00000, 0x0000000080e00000| Untracked 
|  15|0x0000000080f00000, 0x0000000080f00000, 0x0000000081000000|  0%| F|  |TAMS 0x0000000080f00000, 0x0000000080f00000| Untracked 
|  16|0x0000000081000000, 0x0000000081000000, 0x0000000081100000|  0%| F|  |TAMS 0x0000000081000000, 0x0000000081000000| Untracked 
|  17|0x0000000081100000, 0x0000000081100000, 0x0000000081200000|  0%| F|  |TAMS 0x0000000081100000, 0x0000000081100000| Untracked 
|  18|0x0000000081200000, 0x0000000081200000, 0x0000000081300000|  0%| F|  |TAMS 0x0000000081200000, 0x0000000081200000| Untracked 
|  19|0x0000000081300000, 0x0000000081300000, 0x0000000081400000|  0%| F|  |TAMS 0x0000000081300000, 0x0000000081300000| Untracked 
|  20|0x0000000081400000, 0x0000000081400000, 0x0000000081500000|  0%| F|  |TAMS 0x0000000081400000, 0x0000000081400000| Untracked 
|  21|0x0000000081500000, 0x0000000081500000, 0x0000000081600000|  0%| F|  |TAMS 0x0000000081500000, 0x0000000081500000| Untracked 
|  22|0x0000000081600000, 0x0000000081600000, 0x0000000081700000|  0%| F|  |TAMS 0x0000000081600000, 0x0000000081600000| Untracked 
|  23|0x0000000081700000, 0x0000000081700000, 0x0000000081800000|  0%| F|  |TAMS 0x0000000081700000, 0x0000000081700000| Untracked 
|  24|0x0000000081800000, 0x0000000081800000, 0x0000000081900000|  0%| F|  |TAMS 0x0000000081800000, 0x0000000081800000| Untracked 
|  25|0x0000000081900000, 0x0000000081900000, 0x0000000081a00000|  0%| F|  |TAMS 0x0000000081900000, 0x0000000081900000| Untracked 
|  26|0x0000000081a00000, 0x0000000081a00000, 0x0000000081b00000|  0%| F|  |TAMS 0x0000000081a00000, 0x0000000081a00000| Untracked 
|  27|0x0000000081b00000, 0x0000000081b00000, 0x0000000081c00000|  0%| F|  |TAMS 0x0000000081b00000, 0x0000000081b00000| Untracked 
|  28|0x0000000081c00000, 0x0000000081c00000, 0x0000000081d00000|  0%| F|  |TAMS 0x0000000081c00000, 0x0000000081c00000| Untracked 
|  29|0x0000000081d00000, 0x0000000081d00000, 0x0000000081e00000|  0%| F|  |TAMS 0x0000000081d00000, 0x0000000081d00000| Untracked 
|  30|0x0000000081e00000, 0x0000000081e00000, 0x0000000081f00000|  0%| F|  |TAMS 0x0000000081e00000, 0x0000000081e00000| Untracked 
|  31|0x0000000081f00000, 0x0000000081f00000, 0x0000000082000000|  0%| F|  |TAMS 0x0000000081f00000, 0x0000000081f00000| Untracked 
|  32|0x0000000082000000, 0x0000000082000000, 0x0000000082100000|  0%| F|  |TAMS 0x0000000082000000, 0x0000000082000000| Untracked 
|  33|0x0000000082100000, 0x0000000082100000, 0x0000000082200000|  0%| F|  |TAMS 0x0000000082100000, 0x0000000082100000| Untracked 
|  34|0x0000000082200000, 0x0000000082200000, 0x0000000082300000|  0%| F|  |TAMS 0x0000000082200000, 0x0000000082200000| Untracked 
|  35|0x0000000082300000, 0x0000000082300000, 0x0000000082400000|  0%| F|  |TAMS 0x0000000082300000, 0x0000000082300000| Untracked 
|  36|0x0000000082400000, 0x0000000082400000, 0x0000000082500000|  0%| F|  |TAMS 0x0000000082400000, 0x0000000082400000| Untracked 
|  37|0x0000000082500000, 0x0000000082500000, 0x0000000082600000|  0%| F|  |TAMS 0x0000000082500000, 0x0000000082500000| Untracked 
|  38|0x0000000082600000, 0x0000000082600000, 0x0000000082700000|  0%| F|  |TAMS 0x0000000082600000, 0x0000000082600000| Untracked 
|  39|0x0000000082700000, 0x0000000082700000, 0x0000000082800000|  0%| F|  |TAMS 0x0000000082700000, 0x0000000082700000| Untracked 
|  40|0x0000000082800000, 0x0000000082800000, 0x0000000082900000|  0%| F|  |TAMS 0x0000000082800000, 0x0000000082800000| Untracked 
|  41|0x0000000082900000, 0x0000000082900000, 0x0000000082a00000|  0%| F|  |TAMS 0x0000000082900000, 0x0000000082900000| Untracked 
|  42|0x0000000082a00000, 0x0000000082a00000, 0x0000000082b00000|  0%| F|  |TAMS 0x0000000082a00000, 0x0000000082a00000| Untracked 
|  43|0x0000000082b00000, 0x0000000082b00000, 0x0000000082c00000|  0%| F|  |TAMS 0x0000000082b00000, 0x0000000082b00000| Untracked 
|  44|0x0000000082c00000, 0x0000000082c00000, 0x0000000082d00000|  0%| F|  |TAMS 0x0000000082c00000, 0x0000000082c00000| Untracked 
|  45|0x0000000082d00000, 0x0000000082d00000, 0x0000000082e00000|  0%| F|  |TAMS 0x0000000082d00000, 0x0000000082d00000| Untracked 
|  46|0x0000000082e00000, 0x0000000082e00000, 0x0000000082f00000|  0%| F|  |TAMS 0x0000000082e00000, 0x0000000082e00000| Untracked 
|  47|0x0000000082f00000, 0x0000000082f00000, 0x0000000083000000|  0%| F|  |TAMS 0x0000000082f00000, 0x0000000082f00000| Untracked 
|  48|0x0000000083000000, 0x0000000083000000, 0x0000000083100000|  0%| F|  |TAMS 0x0000000083000000, 0x0000000083000000| Untracked 
|  49|0x0000000083100000, 0x0000000083100000, 0x0000000083200000|  0%| F|  |TAMS 0x0000000083100000, 0x0000000083100000| Untracked 
|  50|0x0000000083200000, 0x0000000083200000, 0x0000000083300000|  0%| F|  |TAMS 0x0000000083200000, 0x0000000083200000| Untracked 
|  51|0x0000000083300000, 0x0000000083300000, 0x0000000083400000|  0%| F|  |TAMS 0x0000000083300000, 0x0000000083300000| Untracked 
|  52|0x0000000083400000, 0x0000000083400000, 0x0000000083500000|  0%| F|  |TAMS 0x0000000083400000, 0x0000000083400000| Untracked 
|  53|0x0000000083500000, 0x0000000083500000, 0x0000000083600000|  0%| F|  |TAMS 0x0000000083500000, 0x0000000083500000| Untracked 
|  54|0x0000000083600000, 0x0000000083600000, 0x0000000083700000|  0%| F|  |TAMS 0x0000000083600000, 0x0000000083600000| Untracked 
|  55|0x0000000083700000, 0x0000000083700000, 0x0000000083800000|  0%| F|  |TAMS 0x0000000083700000, 0x0000000083700000| Untracked 
|  56|0x0000000083800000, 0x0000000083800000, 0x0000000083900000|  0%| F|  |TAMS 0x0000000083800000, 0x0000000083800000| Untracked 
|  57|0x0000000083900000, 0x0000000083900000, 0x0000000083a00000|  0%| F|  |TAMS 0x0000000083900000, 0x0000000083900000| Untracked 
|  58|0x0000000083a00000, 0x0000000083a00000, 0x0000000083b00000|  0%| F|  |TAMS 0x0000000083a00000, 0x0000000083a00000| Untracked 
|  59|0x0000000083b00000, 0x0000000083b00000, 0x0000000083c00000|  0%| F|  |TAMS 0x0000000083b00000, 0x0000000083b00000| Untracked 
|  60|0x0000000083c00000, 0x0000000083c00000, 0x0000000083d00000|  0%| F|  |TAMS 0x0000000083c00000, 0x0000000083c00000| Untracked 
|  61|0x0000000083d00000, 0x0000000083d00000, 0x0000000083e00000|  0%| F|  |TAMS 0x0000000083d00000, 0x0000000083d00000| Untracked 
|  62|0x0000000083e00000, 0x0000000083e00000, 0x0000000083f00000|  0%| F|  |TAMS 0x0000000083e00000, 0x0000000083e00000| Untracked 
|  63|0x0000000083f00000, 0x0000000083f00000, 0x0000000084000000|  0%| F|  |TAMS 0x0000000083f00000, 0x0000000083f00000| Untracked 
|  64|0x0000000084000000, 0x0000000084000000, 0x0000000084100000|  0%| F|  |TAMS 0x0000000084000000, 0x0000000084000000| Untracked 
|  65|0x0000000084100000, 0x0000000084100000, 0x0000000084200000|  0%| F|  |TAMS 0x0000000084100000, 0x0000000084100000| Untracked 
|  66|0x0000000084200000, 0x0000000084200000, 0x0000000084300000|  0%| F|  |TAMS 0x0000000084200000, 0x0000000084200000| Untracked 
|  67|0x0000000084300000, 0x0000000084300000, 0x0000000084400000|  0%| F|  |TAMS 0x0000000084300000, 0x0000000084300000| Untracked 
|  68|0x0000000084400000, 0x0000000084400000, 0x0000000084500000|  0%| F|  |TAMS 0x0000000084400000, 0x0000000084400000| Untracked 
|  69|0x0000000084500000, 0x0000000084500000, 0x0000000084600000|  0%| F|  |TAMS 0x0000000084500000, 0x0000000084500000| Untracked 
|  70|0x0000000084600000, 0x0000000084600000, 0x0000000084700000|  0%| F|  |TAMS 0x0000000084600000, 0x0000000084600000| Untracked 
|  71|0x0000000084700000, 0x0000000084700000, 0x0000000084800000|  0%| F|  |TAMS 0x0000000084700000, 0x0000000084700000| Untracked 
|  72|0x0000000084800000, 0x0000000084800000, 0x0000000084900000|  0%| F|  |TAMS 0x0000000084800000, 0x0000000084800000| Untracked 
|  73|0x0000000084900000, 0x0000000084900000, 0x0000000084a00000|  0%| F|  |TAMS 0x0000000084900000, 0x0000000084900000| Untracked 
|  74|0x0000000084a00000, 0x0000000084a00000, 0x0000000084b00000|  0%| F|  |TAMS 0x0000000084a00000, 0x0000000084a00000| Untracked 
|  75|0x0000000084b00000, 0x0000000084b00000, 0x0000000084c00000|  0%| F|  |TAMS 0x0000000084b00000, 0x0000000084b00000| Untracked 
|  76|0x0000000084c00000, 0x0000000084c00000, 0x0000000084d00000|  0%| F|  |TAMS 0x0000000084c00000, 0x0000000084c00000| Untracked 
|  77|0x0000000084d00000, 0x0000000084d00000, 0x0000000084e00000|  0%| F|  |TAMS 0x0000000084d00000, 0x0000000084d00000| Untracked 
|  78|0x0000000084e00000, 0x0000000084e00000, 0x0000000084f00000|  0%| F|  |TAMS 0x0000000084e00000, 0x0000000084e00000| Untracked 
|  79|0x0000000084f00000, 0x0000000084f00000, 0x0000000085000000|  0%| F|  |TAMS 0x0000000084f00000, 0x0000000084f00000| Untracked 
|  80|0x0000000085000000, 0x0000000085000000, 0x0000000085100000|  0%| F|  |TAMS 0x0000000085000000, 0x0000000085000000| Untracked 
|  81|0x0000000085100000, 0x0000000085100000, 0x0000000085200000|  0%| F|  |TAMS 0x0000000085100000, 0x0000000085100000| Untracked 
|  82|0x0000000085200000, 0x0000000085200000, 0x0000000085300000|  0%| F|  |TAMS 0x0000000085200000, 0x0000000085200000| Untracked 
|  83|0x0000000085300000, 0x0000000085300000, 0x0000000085400000|  0%| F|  |TAMS 0x0000000085300000, 0x0000000085300000| Untracked 
|  84|0x0000000085400000, 0x0000000085400000, 0x0000000085500000|  0%| F|  |TAMS 0x0000000085400000, 0x0000000085400000| Untracked 
|  85|0x0000000085500000, 0x0000000085500000, 0x0000000085600000|  0%| F|  |TAMS 0x0000000085500000, 0x0000000085500000| Untracked 
|  86|0x0000000085600000, 0x0000000085600000, 0x0000000085700000|  0%| F|  |TAMS 0x0000000085600000, 0x0000000085600000| Untracked 
|  87|0x0000000085700000, 0x0000000085700000, 0x0000000085800000|  0%| F|  |TAMS 0x0000000085700000, 0x0000000085700000| Untracked 
|  88|0x0000000085800000, 0x0000000085800000, 0x0000000085900000|  0%| F|  |TAMS 0x0000000085800000, 0x0000000085800000| Untracked 
|  89|0x0000000085900000, 0x0000000085900000, 0x0000000085a00000|  0%| F|  |TAMS 0x0000000085900000, 0x0000000085900000| Untracked 
|  90|0x0000000085a00000, 0x0000000085a00000, 0x0000000085b00000|  0%| F|  |TAMS 0x0000000085a00000, 0x0000000085a00000| Untracked 
|  91|0x0000000085b00000, 0x0000000085b00000, 0x0000000085c00000|  0%| F|  |TAMS 0x0000000085b00000, 0x0000000085b00000| Untracked 
|  92|0x0000000085c00000, 0x0000000085c00000, 0x0000000085d00000|  0%| F|  |TAMS 0x0000000085c00000, 0x0000000085c00000| Untracked 
|  93|0x0000000085d00000, 0x0000000085d00000, 0x0000000085e00000|  0%| F|  |TAMS 0x0000000085d00000, 0x0000000085d00000| Untracked 
|  94|0x0000000085e00000, 0x0000000085e00000, 0x0000000085f00000|  0%| F|  |TAMS 0x0000000085e00000, 0x0000000085e00000| Untracked 
|  95|0x0000000085f00000, 0x0000000085f00000, 0x0000000086000000|  0%| F|  |TAMS 0x0000000085f00000, 0x0000000085f00000| Untracked 
|  96|0x0000000086000000, 0x0000000086000000, 0x0000000086100000|  0%| F|  |TAMS 0x0000000086000000, 0x0000000086000000| Untracked 
|  97|0x0000000086100000, 0x0000000086100000, 0x0000000086200000|  0%| F|  |TAMS 0x0000000086100000, 0x0000000086100000| Untracked 
|  98|0x0000000086200000, 0x0000000086200000, 0x0000000086300000|  0%| F|  |TAMS 0x0000000086200000, 0x0000000086200000| Untracked 
|  99|0x0000000086300000, 0x0000000086300000, 0x0000000086400000|  0%| F|  |TAMS 0x0000000086300000, 0x0000000086300000| Untracked 
| 100|0x0000000086400000, 0x0000000086400000, 0x0000000086500000|  0%| F|  |TAMS 0x0000000086400000, 0x0000000086400000| Untracked 
| 101|0x0000000086500000, 0x0000000086500000, 0x0000000086600000|  0%| F|  |TAMS 0x0000000086500000, 0x0000000086500000| Untracked 
| 102|0x0000000086600000, 0x0000000086600000, 0x0000000086700000|  0%| F|  |TAMS 0x0000000086600000, 0x0000000086600000| Untracked 
| 103|0x0000000086700000, 0x0000000086700000, 0x0000000086800000|  0%| F|  |TAMS 0x0000000086700000, 0x0000000086700000| Untracked 
| 104|0x0000000086800000, 0x0000000086800000, 0x0000000086900000|  0%| F|  |TAMS 0x0000000086800000, 0x0000000086800000| Untracked 
| 105|0x0000000086900000, 0x0000000086900000, 0x0000000086a00000|  0%| F|  |TAMS 0x0000000086900000, 0x0000000086900000| Untracked 
| 106|0x0000000086a00000, 0x0000000086a00000, 0x0000000086b00000|  0%| F|  |TAMS 0x0000000086a00000, 0x0000000086a00000| Untracked 
| 107|0x0000000086b00000, 0x0000000086b00000, 0x0000000086c00000|  0%| F|  |TAMS 0x0000000086b00000, 0x0000000086b00000| Untracked 
| 108|0x0000000086c00000, 0x0000000086c00000, 0x0000000086d00000|  0%| F|  |TAMS 0x0000000086c00000, 0x0000000086c00000| Untracked 
| 109|0x0000000086d00000, 0x0000000086d00000, 0x0000000086e00000|  0%| F|  |TAMS 0x0000000086d00000, 0x0000000086d00000| Untracked 
| 110|0x0000000086e00000, 0x0000000086e00000, 0x0000000086f00000|  0%| F|  |TAMS 0x0000000086e00000, 0x0000000086e00000| Untracked 
| 111|0x0000000086f00000, 0x0000000086f00000, 0x0000000087000000|  0%| F|  |TAMS 0x0000000086f00000, 0x0000000086f00000| Untracked 
| 112|0x0000000087000000, 0x0000000087000000, 0x0000000087100000|  0%| F|  |TAMS 0x0000000087000000, 0x0000000087000000| Untracked 
| 113|0x0000000087100000, 0x0000000087100000, 0x0000000087200000|  0%| F|  |TAMS 0x0000000087100000, 0x0000000087100000| Untracked 
| 114|0x0000000087200000, 0x0000000087200000, 0x0000000087300000|  0%| F|  |TAMS 0x0000000087200000, 0x0000000087200000| Untracked 
| 115|0x0000000087300000, 0x0000000087300000, 0x0000000087400000|  0%| F|  |TAMS 0x0000000087300000, 0x0000000087300000| Untracked 
| 116|0x0000000087400000, 0x0000000087400000, 0x0000000087500000|  0%| F|  |TAMS 0x0000000087400000, 0x0000000087400000| Untracked 
| 117|0x0000000087500000, 0x0000000087500000, 0x0000000087600000|  0%| F|  |TAMS 0x0000000087500000, 0x0000000087500000| Untracked 
| 118|0x0000000087600000, 0x0000000087600000, 0x0000000087700000|  0%| F|  |TAMS 0x0000000087600000, 0x0000000087600000| Untracked 
| 119|0x0000000087700000, 0x0000000087700000, 0x0000000087800000|  0%| F|  |TAMS 0x0000000087700000, 0x0000000087700000| Untracked 
| 120|0x0000000087800000, 0x0000000087827878, 0x0000000087900000| 15%| E|  |TAMS 0x0000000087800000, 0x0000000087800000| Complete 
| 121|0x0000000087900000, 0x0000000087a00000, 0x0000000087a00000|100%| E|CS|TAMS 0x0000000087900000, 0x0000000087900000| Complete 
| 122|0x0000000087a00000, 0x0000000087b00000, 0x0000000087b00000|100%| S|CS|TAMS 0x0000000087a00000, 0x0000000087a00000| Complete 
| 123|0x0000000087b00000, 0x0000000087c00000, 0x0000000087c00000|100%| E|CS|TAMS 0x0000000087b00000, 0x0000000087b00000| Complete 
| 124|0x0000000087c00000, 0x0000000087d00000, 0x0000000087d00000|100%| E|CS|TAMS 0x0000000087c00000, 0x0000000087c00000| Complete 
| 125|0x0000000087d00000, 0x0000000087e00000, 0x0000000087e00000|100%| E|CS|TAMS 0x0000000087d00000, 0x0000000087d00000| Complete 
| 126|0x0000000087e00000, 0x0000000087f00000, 0x0000000087f00000|100%| E|CS|TAMS 0x0000000087e00000, 0x0000000087e00000| Complete 
| 127|0x0000000087f00000, 0x0000000088000000, 0x0000000088000000|100%| E|CS|TAMS 0x0000000087f00000, 0x0000000087f00000| Complete 

Card table byte_map: [0x0000019d64970000,0x0000019d64d70000] _byte_map_base: 0x0000019d64570000

Marking Bits (Prev, Next): (CMBitMap*) 0x0000019d4c2fe868, (CMBitMap*) 0x0000019d4c2fe8a0
 Prev Bits: [0x0000019d65170000, 0x0000019d67170000)
 Next Bits: [0x0000019d67170000, 0x0000019d69170000)

Polling page: 0x0000019d4c170000

Metaspace:

Usage:
  Non-class:      9.79 MB capacity,     9.66 MB ( 99%) used,   119.42 KB (  1%) free+waste,    19.38 KB ( <1%) overhead. 
      Class:      1.08 MB capacity,     1.01 MB ( 93%) used,    67.79 KB (  6%) free+waste,    10.00 KB ( <1%) overhead. 
       Both:     10.88 MB capacity,    10.67 MB ( 98%) used,   187.21 KB (  2%) free+waste,    29.38 KB ( <1%) overhead. 

Virtual space:
  Non-class space:       10.00 MB reserved,      10.00 MB (100%) committed 
      Class space:        1.00 GB reserved,       1.13 MB ( <1%) committed 
             Both:        1.01 GB reserved,      11.13 MB (  1%) committed 

Chunk freelists:
   Non-Class:  2.25 KB
       Class:  1.25 KB
        Both:  3.50 KB

CodeHeap 'non-profiled nmethods': size=120064Kb used=264Kb max_used=264Kb free=119799Kb
 bounds [0x0000019d5d430000, 0x0000019d5d6a0000, 0x0000019d64970000]
CodeHeap 'profiled nmethods': size=120000Kb used=1663Kb max_used=1663Kb free=118337Kb
 bounds [0x0000019d55f00000, 0x0000019d56170000, 0x0000019d5d430000]
CodeHeap 'non-nmethods': size=5696Kb used=1095Kb max_used=1113Kb free=4600Kb
 bounds [0x0000019d55970000, 0x0000019d55be0000, 0x0000019d55f00000]
 total_blobs=1271 nmethods=882 adapters=301
 compilation: enabled
              stopped_count=0, restarted_count=0
 full_count=0

Compilation events (10 events):
Event: 1.552 Thread 0x0000019d6b58a000  881       3       java.lang.StringConcatHelper::prepend (16 bytes)
Event: 1.552 Thread 0x0000019d6b58a000 nmethod 881 0x0000019d5609b990 code [0x0000019d5609bb40, 0x0000019d5609bd68]
Event: 1.552 Thread 0x0000019d6b58a000  882       3       java.lang.String::codePointAt (50 bytes)
Event: 1.553 Thread 0x0000019d6b551000 nmethod 835 0x0000019d5d471490 code [0x0000019d5d471620, 0x0000019d5d471ab8]
Event: 1.553 Thread 0x0000019d6b551000  831       4       java.util.jar.JarFile::getEntry (22 bytes)
Event: 1.553 Thread 0x0000019d6b58a000 nmethod 882 0x0000019d5609bf10 code [0x0000019d5609c0e0, 0x0000019d5609c468]
Event: 1.554 Thread 0x0000019d6b58a000  883       3       java.util.regex.Pattern::isSupplementary (20 bytes)
Event: 1.554 Thread 0x0000019d6b58a000 nmethod 883 0x0000019d5609c610 code [0x0000019d5609c7c0, 0x0000019d5609ca38]
Event: 1.559 Thread 0x0000019d6b58a000  884       3       jdk.internal.org.objectweb.asm.Frame::type (416 bytes)
Event: 1.561 Thread 0x0000019d6b58a000 nmethod 884 0x0000019d5609cb10 code [0x0000019d5609cf20, 0x0000019d5609f098]

GC Heap History (4 events):
Event: 1.098 GC heap before
{Heap before GC invocations=0 (full 0):
 garbage-first heap   total 131072K, used 6144K [0x0000000080000000, 0x0000000100000000)
  region size 1024K, 7 young (7168K), 0 survivors (0K)
 Metaspace       used 9069K, capacity 9245K, committed 9344K, reserved 1058816K
  class space    used 813K, capacity 876K, committed 896K, reserved 1048576K
}
Event: 1.112 GC heap after
{Heap after GC invocations=1 (full 0):
 garbage-first heap   total 131072K, used 3522K [0x0000000080000000, 0x0000000100000000)
  region size 1024K, 1 young (1024K), 1 survivors (1024K)
 Metaspace       used 9069K, capacity 9245K, committed 9344K, reserved 1058816K
  class space    used 813K, capacity 876K, committed 896K, reserved 1048576K
}
Event: 1.305 GC heap before
{Heap before GC invocations=1 (full 0):
 garbage-first heap   total 131072K, used 8642K [0x0000000080000000, 0x0000000100000000)
  region size 1024K, 6 young (6144K), 1 survivors (1024K)
 Metaspace       used 10018K, capacity 10167K, committed 10240K, reserved 1058816K
  class space    used 923K, capacity 994K, committed 1024K, reserved 1048576K
}
Event: 1.309 GC heap after
{Heap after GC invocations=2 (full 0):
 garbage-first heap   total 131072K, used 7309K [0x0000000080000000, 0x0000000100000000)
  region size 1024K, 1 young (1024K), 1 survivors (1024K)
 Metaspace       used 10018K, capacity 10167K, committed 10240K, reserved 1058816K
  class space    used 923K, capacity 994K, committed 1024K, reserved 1048576K
}

Deoptimization events (8 events):
Event: 0.481 Thread 0x0000019d4e2b9800 Uncommon trap: reason=unstable_if action=reinterpret pc=0x0000019d5d43f200 method=java.lang.String.hashCode()I @ 14 c2
Event: 0.675 Thread 0x0000019d4e2b9800 Uncommon trap: reason=unstable_if action=reinterpret pc=0x0000019d5d44684c method=java.lang.StringLatin1.canEncode(I)Z @ 4 c2
Event: 0.676 Thread 0x0000019d4e2b9800 Uncommon trap: reason=unstable_if action=reinterpret pc=0x0000019d5d437400 method=java.lang.AbstractStringBuilder.isLatin1()Z @ 10 c2
Event: 0.865 Thread 0x0000019d4e2b9800 Uncommon trap: reason=unstable_if action=reinterpret pc=0x0000019d5d446f20 method=java.util.StringTokenizer.scanToken(I)I @ 42 c2
Event: 1.182 Thread 0x0000019d4e2b9800 Uncommon trap: reason=unstable_if action=reinterpret pc=0x0000019d5d459660 method=java.lang.StringCoding.hasNegatives([BII)Z @ 12 c2
Event: 1.271 Thread 0x0000019d4e2b9800 Uncommon trap: reason=unstable_if action=reinterpret pc=0x0000019d5d43ca8c method=java.util.Properties$LineReader.readLine()I @ 249 c2
Event: 1.271 Thread 0x0000019d4e2b9800 Uncommon trap: reason=unstable_if action=reinterpret pc=0x0000019d5d43b434 method=java.util.Properties$LineReader.readLine()I @ 249 c2
Event: 1.292 Thread 0x0000019d4e2b9800 Uncommon trap: reason=unstable_if action=reinterpret pc=0x0000019d5d452860 method=java.io.WinNTFileSystem.isSlash(C)Z @ 9 c2

Classes redefined (0 events):
No events

Internal exceptions (10 events):
Event: 1.008 Thread 0x0000019d6c2ce000 Exception <a 'java/lang/NoSuchMethodError'{0x0000000087bde040}: java.lang.invoke.DirectMethodHandle$Holder.invokeStaticInit(Ljava/lang/Object;Ljava/lang/Object;JLjava/lang/Object;)Ljava/lang/Object;> (0x0000000087bde040) thrown at [./open/src/hotspot/shar
Event: 1.008 Thread 0x0000019d6c2ce000 Exception <a 'java/lang/NoSuchMethodError'{0x0000000087be3f60}: java.lang.invoke.DirectMethodHandle$Holder.invokeStatic(Ljava/lang/Object;Ljava/lang/Object;J)Ljava/lang/Object;> (0x0000000087be3f60) thrown at [./open/src/hotspot/share/interpreter/linkReso
Event: 1.009 Thread 0x0000019d6c2ce000 Exception <a 'java/lang/NoSuchMethodError'{0x0000000087bea230}: java.lang.invoke.Invokers$Holder.linkToTargetMethod(Ljava/lang/Object;JLjava/lang/Object;)Ljava/lang/Object;> (0x0000000087bea230) thrown at [./open/src/hotspot/share/interpreter/linkResolver
Event: 1.026 Thread 0x0000019d6c2ce000 Exception <a 'java/lang/NoSuchMethodError'{0x0000000087a2f6a8}: java.lang.invoke.DirectMethodHandle$Holder.invokeSpecialIFC(Ljava/lang/Object;Ljava/lang/Object;I)I> (0x0000000087a2f6a8) thrown at [./open/src/hotspot/share/interpreter/linkResolver.cpp, lin
Event: 1.439 Thread 0x0000019d4e2b9800 Exception <a 'java/lang/NoSuchMethodError'{0x0000000087ef9cc8}: java.lang.invoke.DirectMethodHandle$Holder.invokeVirtual(Ljava/lang/Object;Ljava/lang/Object;)I> (0x0000000087ef9cc8) thrown at [./open/src/hotspot/share/interpreter/linkResolver.cpp, line 77
Event: 1.453 Thread 0x0000019d4e2b9800 Exception <a 'java/lang/NoSuchMethodError'{0x0000000087d27bf0}: java.lang.invoke.DirectMethodHandle$Holder.invokeStaticInit(Ljava/lang/Object;I)Ljava/lang/Object;> (0x0000000087d27bf0) thrown at [./open/src/hotspot/share/interpreter/linkResolver.cpp, line
Event: 1.499 Thread 0x0000019d4e2b9800 Exception <a 'java/lang/NoSuchMethodError'{0x0000000087cb70a0}: java.lang.invoke.DirectMethodHandle$Holder.invokeSpecialIFC(Ljava/lang/Object;Ljava/lang/Object;Ljava/lang/Object;Ljava/lang/Object;)I> (0x0000000087cb70a0) thrown at [./open/src/hotspot/shar
Event: 1.522 Thread 0x0000019d4e2b9800 Exception <a 'java/lang/NoSuchMethodError'{0x0000000087bee500}: java.lang.invoke.DirectMethodHandle$Holder.invokeInterface(Ljava/lang/Object;Ljava/lang/Object;)V> (0x0000000087bee500) thrown at [./open/src/hotspot/share/interpreter/linkResolver.cpp, line 
Event: 1.522 Thread 0x0000019d4e2b9800 Exception <a 'java/lang/IncompatibleClassChangeError'{0x0000000087bf1408}: Found class java.lang.Object, but interface was expected> (0x0000000087bf1408) thrown at [./open/src/hotspot/share/interpreter/linkResolver.cpp, line 838]
Event: 1.559 Thread 0x0000019d4e2b9800 Exception <a 'java/lang/NoSuchMethodError'{0x000000008780a880}: java.lang.invoke.DirectMethodHandle$Holder.invokeStaticInit(Ljava/lang/Object;Ljava/lang/Object;Ljava/lang/Object;)V> (0x000000008780a880) thrown at [./open/src/hotspot/share/interpreter/link

Events (10 events):
Event: 1.556 loading class java/nio/file/FileVisitor
Event: 1.556 loading class java/nio/file/FileVisitor done
Event: 1.556 loading class java/lang/InternalError
Event: 1.556 loading class java/lang/InternalError done
Event: 1.557 loading class org/junit/platform/commons/function/Try
Event: 1.557 loading class org/junit/platform/commons/function/Try done
Event: 1.557 loading class org/junit/platform/commons/function/Try
Event: 1.557 loading class org/junit/platform/commons/function/Try done
Event: 1.558 loading class org/junit/platform/commons/function/Try
Event: 1.558 loading class org/junit/platform/commons/function/Try done


Dynamic libraries:
0x00007ff7fe180000 - 0x00007ff7fe18f000 	C:\Program Files\Java\jdk-11.0.16\bin\java.exe
0x00007ffe2dd70000 - 0x00007ffe2df68000 	C:\Windows\SYSTEM32\ntdll.dll
0x00007ffe2d0c0000 - 0x00007ffe2d17d000 	C:\Windows\System32\KERNEL32.DLL
0x00007ffe2b8a0000 - 0x00007ffe2bb72000 	C:\Windows\System32\KERNELBASE.dll
0x00007ffe2b640000 - 0x00007ffe2b740000 	C:\Windows\System32\ucrtbase.dll
0x00007ffe0f400000 - 0x00007ffe0f418000 	C:\Program Files\Java\jdk-11.0.16\bin\jli.dll
0x00007ffe2ccb0000 - 0x00007ffe2cd5e000 	C:\Windows\System32\ADVAPI32.dll
0x00007ffe2c150000 - 0x00007ffe2c1ee000 	C:\Windows\System32\msvcrt.dll
0x00007ffe2c670000 - 0x00007ffe2c70c000 	C:\Windows\System32\sechost.dll
0x00007ffe2d1f0000 - 0x00007ffe2d315000 	C:\Windows\System32\RPCRT4.dll
0x00007ffe2bed0000 - 0x00007ffe2c06d000 	C:\Windows\System32\USER32.dll
0x00007ffe2b5c0000 - 0x00007ffe2b5e2000 	C:\Windows\System32\win32u.dll
0x00007ffe2c770000 - 0x00007ffe2c79b000 	C:\Windows\System32\GDI32.dll
0x00007ffe2b4b0000 - 0x00007ffe2b5bf000 	C:\Windows\System32\gdi32full.dll
0x00007ffe2bbf0000 - 0x00007ffe2bc8d000 	C:\Windows\System32\msvcp_win.dll
0x00007ffe0f500000 - 0x00007ffe0f515000 	C:\Program Files\Java\jdk-11.0.16\bin\VCRUNTIME140.dll
0x00007ffe0ce20000 - 0x00007ffe0d0ba000 	C:\Windows\WinSxS\amd64_microsoft.windows.common-controls_6595b64144ccf1df_6.0.19041.1110_none_60b5254171f9507e\COMCTL32.dll
0x00007ffe235f0000 - 0x00007ffe235fa000 	C:\Windows\SYSTEM32\VERSION.dll
0x00007ffe2bdd0000 - 0x00007ffe2be00000 	C:\Windows\System32\IMM32.DLL
0x00007ffe0c520000 - 0x00007ffe0c5bb000 	C:\Program Files\Java\jdk-11.0.16\bin\msvcp140.dll
0x00007ffdd97e0000 - 0x00007ffdda2f8000 	C:\Program Files\Java\jdk-11.0.16\bin\server\jvm.dll
0x00007ffe2c7a0000 - 0x00007ffe2c7a8000 	C:\Windows\System32\PSAPI.DLL
0x00007ffe26e10000 - 0x00007ffe26e19000 	C:\Windows\SYSTEM32\WSOCK32.dll
0x00007ffe2d180000 - 0x00007ffe2d1eb000 	C:\Windows\System32\WS2_32.dll
0x00007ffe08910000 - 0x00007ffe08937000 	C:\Windows\SYSTEM32\WINMM.dll
0x00007ffe29320000 - 0x00007ffe29332000 	C:\Windows\SYSTEM32\kernel.appcore.dll
0x00007ffe0f370000 - 0x00007ffe0f380000 	C:\Program Files\Java\jdk-11.0.16\bin\verify.dll
0x00007ffe1d6c0000 - 0x00007ffe1d8a4000 	C:\Windows\SYSTEM32\DBGHELP.DLL
0x00007ffe1d690000 - 0x00007ffe1d6bc000 	C:\Windows\SYSTEM32\dbgcore.DLL
0x00007ffe2bd40000 - 0x00007ffe2bdc2000 	C:\Windows\System32\bcryptPrimitives.dll
0x00007ffe0c650000 - 0x00007ffe0c678000 	C:\Program Files\Java\jdk-11.0.16\bin\java.dll
0x00007ffe0f360000 - 0x00007ffe0f36a000 	C:\Program Files\Java\jdk-11.0.16\bin\jimage.dll
0x00007ffe0ec50000 - 0x00007ffe0ec66000 	C:\Program Files\Java\jdk-11.0.16\bin\zip.dll
0x00007ffe2d500000 - 0x00007ffe2dc43000 	C:\Windows\System32\SHELL32.dll
0x00007ffe29520000 - 0x00007ffe29cb1000 	C:\Windows\SYSTEM32\windows.storage.dll
0x00007ffe2cd60000 - 0x00007ffe2d0b4000 	C:\Windows\System32\combase.dll
0x00007ffe2ad20000 - 0x00007ffe2ad50000 	C:\Windows\SYSTEM32\Wldp.dll
0x00007ffe2d450000 - 0x00007ffe2d4fd000 	C:\Windows\System32\SHCORE.dll
0x00007ffe2cbd0000 - 0x00007ffe2cc25000 	C:\Windows\System32\shlwapi.dll
0x00007ffe2b3c0000 - 0x00007ffe2b3df000 	C:\Windows\SYSTEM32\profapi.dll
0x00007ffe0c6c0000 - 0x00007ffe0c6d9000 	C:\Program Files\Java\jdk-11.0.16\bin\net.dll
0x00007ffe22f20000 - 0x00007ffe2302d000 	C:\Windows\SYSTEM32\WINHTTP.dll
0x00007ffe2ab00000 - 0x00007ffe2ab6a000 	C:\Windows\system32\mswsock.dll
0x00007ffe0c630000 - 0x00007ffe0c642000 	C:\Program Files\Java\jdk-11.0.16\bin\nio.dll
0x00007ffe0e2c0000 - 0x00007ffe0e2c9000 	C:\Program Files\Java\jdk-11.0.16\bin\management.dll
0x00007ffe0dc10000 - 0x00007ffe0dc1b000 	C:\Program Files\Java\jdk-11.0.16\bin\management_ext.dll

dbghelp: loaded successfully - version: 4.0.5 - missing functions: none
symbol engine: initialized successfully - sym options: 0x614 - pdb path: .;C:\Program Files\Java\jdk-11.0.16\bin;C:\Windows\SYSTEM32;C:\Windows\WinSxS\amd64_microsoft.windows.common-controls_6595b64144ccf1df_6.0.19041.1110_none_60b5254171f9507e;C:\Program Files\Java\jdk-11.0.16\bin\server

VM Arguments:
java_command: C:\Users\sfjbs\AppData\Local\Temp\surefire8742678373067975197\surefirebooter2829197346129120901.jar C:\Users\sfjbs\AppData\Local\Temp\surefire8742678373067975197 2022-11-01T09-57-30_026-jvmRun1 surefire3369939403668711128tmp surefire_018138511110085633972tmp
java_class_path (initial): C:\Users\sfjbs\AppData\Local\Temp\surefire8742678373067975197\surefirebooter2829197346129120901.jar
Launcher Type: SUN_STANDARD

[Global flags]
     intx CICompilerCount                          = 2                                         {product} {ergonomic}
     uint ConcGCThreads                            = 1                                         {product} {ergonomic}
     uint G1ConcRefinementThreads                  = 2                                         {product} {ergonomic}
   size_t G1HeapRegionSize                         = 1048576                                   {product} {ergonomic}
    uintx GCDrainStackTargetSize                   = 64                                        {product} {ergonomic}
   size_t InitialHeapSize                          = 134217728                                 {product} {ergonomic}
   size_t MarkStackSize                            = 4194304                                   {product} {ergonomic}
   size_t MaxHeapSize                              = 2147483648                                {product} {ergonomic}
   size_t MaxNewSize                               = 1287651328                                {product} {ergonomic}
   size_t MinHeapDeltaBytes                        = 1048576                                   {product} {ergonomic}
    uintx NonNMethodCodeHeapSize                   = 5825164                                {pd product} {ergonomic}
    uintx NonProfiledCodeHeapSize                  = 122916538                              {pd product} {ergonomic}
    uintx ProfiledCodeHeapSize                     = 122916538                              {pd product} {ergonomic}
    uintx ReservedCodeCacheSize                    = 251658240                              {pd product} {ergonomic}
     bool SegmentedCodeCache                       = true                                      {product} {ergonomic}
     bool UseCompressedClassPointers               = true                                 {lp64_product} {ergonomic}
     bool UseCompressedOops                        = true                                 {lp64_product} {ergonomic}
     bool UseG1GC                                  = true                                      {product} {ergonomic}
     bool UseLargePagesIndividualAllocation        = false                                  {pd product} {ergonomic}

Logging:
Log output configuration:
 #0: stdout all=warning uptime,level,tags
 #1: stderr all=off uptime,level,tags

Environment Variables:
PATH=C:\Program Files\Common Files\Oracle\Java\javapath;C:\Windows\system32;C:\Windows;C:\Windows\System32\Wbem;C:\Windows\System32\WindowsPowerShell\v1.0\;C:\Windows\System32\OpenSSH\;C:\Users\sfjbs\Downloads\micro service-20221001T105859Z-001\micro service\apache-maven-3.8.5-bin\apache-maven-3.8.5\bin;C:\Users\sfjbs\Downloads\micro service-20221001T105859Z-001\micro service\apache-maven-3.8.5-bin\apache-maven-3.8.5\lib;C:\Program Files\Git\cmd;C:\Program Files\Docker\Docker\resources\bin;C:\ProgramData\DockerDesktop\version-bin;C:\Users\sfjbs\AppData\Local\Microsoft\WindowsApps;C:\Users\sfjbs\Downloads\micro service-20221001T105859Z-001\micro service\apache-maven-3.8.5-bin\apache-maven-3.8.5\bin;C:\Users\sfjbs\Downloads\micro service-20221001T105859Z-001\micro service\apache-maven-3.8.5-bin\apache-maven-3.8.5\lib;;C:\Program Files\JetBrains\IntelliJ IDEA Community Edition 2022.2.1\bin;
USERNAME=sfjbs
OS=Windows_NT
PROCESSOR_IDENTIFIER=Intel64 Family 6 Model 106 Stepping 6, GenuineIntel



---------------  S Y S T E M  ---------------

OS: Windows 10 , 64 bit Build 19041 (10.0.19041.1889)
Hyper-V role detected

CPU:total 2 (initial active 2) (1 cores per cpu, 2 threads per core) family 6 model 106 stepping 6 microcode 0xffffffff, cmov, cx8, fxsr, mmx, sse, sse2, sse3, ssse3, sse4.1, sse4.2, popcnt, avx, avx2, aes, clmul, erms, rtm, 3dnowpref, lzcnt, ht, tsc, bmi1, bmi2, adx, evex, fma

Memory: 4k page, system-wide physical 8190M (495M free)
TotalPageFile size 10238M (AvailPageFile size 5M)
current process WorkingSet (physical memory assigned to process): 64M, peak: 64M
current process commit charge ("private bytes"): 209M, peak: 210M

vm_info: Java HotSpot(TM) 64-Bit Server VM (11.0.16+11-LTS-199) for windows-amd64 JRE (11.0.16+11-LTS-199), built on Jun 28 2022 08:23:17 by "mach5one" with MS VC++ 15.9 (VS2017)

END.
