#
# There is insufficient memory for the Java Runtime Environment to continue.
# Native memory allocation (malloc) failed to allocate 2162096 bytes for Chunk::new
# Possible reasons:
#   The system is out of physical RAM or swap space
#   The process is running with CompressedOops enabled, and the Java Heap may be blocking the growth of the native heap
# Possible solutions:
#   Reduce memory load on the system
#   Increase physical memory or swap space
#   Check if swap backing store is full
#   Decrease Java heap size (-Xmx/-Xms)
#   Decrease number of Java threads
#   Decrease Java thread stack sizes (-Xss)
#   Set larger code cache with -XX:ReservedCodeCacheSize=
#   JVM is running with Unscaled Compressed Oops mode in which the Java heap is
#     placed in the first 4GB address space. The Java Heap base address is the
#     maximum limit for the native heap growth. Please use -XX:HeapBaseMinAddress
#     to set the Java Heap base and to place the Java Heap above 4GB virtual address.
# This output file may be truncated or incomplete.
#
#  Out of Memory Error (arena.cpp:189), pid=23536, tid=26540
#
# JRE version: OpenJDK Runtime Environment Corretto-17.0.5.8.1 (17.0.5+8) (build 17.0.5+8-LTS)
# Java VM: OpenJDK 64-Bit Server VM Corretto-17.0.5.8.1 (17.0.5+8-LTS, mixed mode, sharing, tiered, compressed oops, compressed class ptrs, g1 gc, windows-amd64)
# No core dump will be written. Minidumps are not enabled by default on client versions of Windows
#

---------------  S U M M A R Y ------------

Command Line: -ea -javaagent:C:\Users\sfjbs\AppData\Local\JetBrains\IdeaIC2022.2\testAgent\intellij-coverage-agent-1.0.673.jar=C:\Users\sfjbs\AppData\Local\Temp\coverage8args -Didea.new.sampling.coverage=true -Dcoverage.ignore.private.constructor.util.class=true -Didea.test.cyclic.buffer.size=1048576 -javaagent:C:\Program Files\JetBrains\IntelliJ IDEA Community Edition 2022.2.1\lib\idea_rt.jar=51289:C:\Program Files\JetBrains\IntelliJ IDEA Community Edition 2022.2.1\bin -Dfile.encoding=UTF-8 com.intellij.rt.junit.JUnitStarter -ideVersion5 -junit5 @w@C:\Users\sfjbs\AppData\Local\Temp\idea_working_dirs_junit.tmp @C:\Users\sfjbs\AppData\Local\Temp\idea_junit.tmp -socket51288

Host: Intel(R) Xeon(R) Platinum 8370C CPU @ 2.80GHz, 2 cores, 7G,  Windows 10 , 64 bit Build 19041 (10.0.19041.1889)
Time: Tue Nov  1 10:42:33 2022 Coordinated Universal Time elapsed time: 13.913830 seconds (0d 0h 0m 13s)

---------------  T H R E A D  ---------------

Current thread (0x0000020e7f23c400):  JavaThread "C2 CompilerThread0" daemon [_thread_in_native, id=26540, stack(0x00000071e3e00000,0x00000071e3f00000)]


Current CompileTask:
C2:  13913 3165       4       org.jetbrains.coverage.org.objectweb.asm.Frame::execute (2318 bytes)

Stack: [0x00000071e3e00000,0x00000071e3f00000]
Native frames: (J=compiled Java code, j=interpreted, Vv=VM code, C=native code)
V  [jvm.dll+0x646e0a]
V  [jvm.dll+0x7f7f14]
V  [jvm.dll+0x7f96ce]
V  [jvm.dll+0x7f9d23]
V  [jvm.dll+0x234c98]
V  [jvm.dll+0xbccfc]
V  [jvm.dll+0xbd2dc]
V  [jvm.dll+0x34d6d2]
V  [jvm.dll+0x31821f]
V  [jvm.dll+0x31765a]
V  [jvm.dll+0x2092a5]
V  [jvm.dll+0x208837]
V  [jvm.dll+0x198a9d]
V  [jvm.dll+0x217bdd]
V  [jvm.dll+0x215e24]
V  [jvm.dll+0x7b06ab]
V  [jvm.dll+0x7aac5a]
V  [jvm.dll+0x645cd5]
C  [ucrtbase.dll+0x21bb2]
C  [KERNEL32.DLL+0x17034]
C  [ntdll.dll+0x526a1]


---------------  P R O C E S S  ---------------

Threads class SMR info:
_java_thread_list=0x0000020e071a4110, length=14, elements={
0x0000020e67ba4f60, 0x0000020e7f220070, 0x0000020e7f220b30, 0x0000020e7f230ce0,
0x0000020e7f2355c0, 0x0000020e7f235e80, 0x0000020e7f236740, 0x0000020e7f23c400,
0x0000020e7f2a0c00, 0x0000020e7f2abcb0, 0x0000020e7f205f70, 0x0000020e7fdd65a0,
0x0000020e7fdda680, 0x0000020e0701d5d0
}

Java Threads: ( => current thread )
  0x0000020e67ba4f60 JavaThread "main" [_thread_in_Java, id=26024, stack(0x00000071e3000000,0x00000071e3100000)]
  0x0000020e7f220070 JavaThread "Reference Handler" daemon [_thread_blocked, id=26456, stack(0x00000071e3800000,0x00000071e3900000)]
  0x0000020e7f220b30 JavaThread "Finalizer" daemon [_thread_blocked, id=25908, stack(0x00000071e3900000,0x00000071e3a00000)]
  0x0000020e7f230ce0 JavaThread "Signal Dispatcher" daemon [_thread_blocked, id=26544, stack(0x00000071e3a00000,0x00000071e3b00000)]
  0x0000020e7f2355c0 JavaThread "Attach Listener" daemon [_thread_blocked, id=25972, stack(0x00000071e3b00000,0x00000071e3c00000)]
  0x0000020e7f235e80 JavaThread "Service Thread" daemon [_thread_blocked, id=26200, stack(0x00000071e3c00000,0x00000071e3d00000)]
  0x0000020e7f236740 JavaThread "Monitor Deflation Thread" daemon [_thread_blocked, id=1572, stack(0x00000071e3d00000,0x00000071e3e00000)]
=>0x0000020e7f23c400 JavaThread "C2 CompilerThread0" daemon [_thread_in_native, id=26540, stack(0x00000071e3e00000,0x00000071e3f00000)]
  0x0000020e7f2a0c00 JavaThread "C1 CompilerThread0" daemon [_thread_blocked, id=26460, stack(0x00000071e3f00000,0x00000071e4000000)]
  0x0000020e7f2abcb0 JavaThread "Sweeper thread" daemon [_thread_blocked, id=26572, stack(0x00000071e4000000,0x00000071e4100000)]
  0x0000020e7f205f70 JavaThread "Common-Cleaner" daemon [_thread_blocked, id=26528, stack(0x00000071e4100000,0x00000071e4200000)]
  0x0000020e7fdd65a0 JavaThread "Monitor Ctrl-Break" daemon [_thread_in_native, id=25764, stack(0x00000071e4200000,0x00000071e4300000)]
  0x0000020e7fdda680 JavaThread "Notification Thread" daemon [_thread_blocked, id=25576, stack(0x00000071e4300000,0x00000071e4400000)]
  0x0000020e0701d5d0 JavaThread "background-preinit" [_thread_in_vm, id=7696, stack(0x00000071e4500000,0x00000071e4600000)]

Other Threads:
  0x0000020e7f21c270 VMThread "VM Thread" [stack: 0x00000071e3700000,0x00000071e3800000] [id=26124]
  0x0000020e67ba5d20 WatcherThread [stack: 0x00000071e4400000,0x00000071e4500000] [id=26048]
  0x0000020e67bc5f70 GCTaskThread "GC Thread#0" [stack: 0x00000071e3200000,0x00000071e3300000] [id=16420]
  0x0000020e7ffea570 GCTaskThread "GC Thread#1" [stack: 0x00000071e4600000,0x00000071e4700000] [id=26576]
  0x0000020e67c14670 ConcurrentGCThread "G1 Main Marker" [stack: 0x00000071e3300000,0x00000071e3400000] [id=26216]
  0x0000020e67c14e90 ConcurrentGCThread "G1 Conc#0" [stack: 0x00000071e3400000,0x00000071e3500000] [id=20396]
  0x0000020e67c6dda0 ConcurrentGCThread "G1 Refine#0" [stack: 0x00000071e3500000,0x00000071e3600000] [id=25988]
  0x0000020e7fffe8a0 ConcurrentGCThread "G1 Refine#1" [stack: 0x00000071e4700000,0x00000071e4800000] [id=5572]
  0x0000020e67c6e6d0 ConcurrentGCThread "G1 Service" [stack: 0x00000071e3600000,0x00000071e3700000] [id=16788]

Threads with active compile tasks:
C2 CompilerThread0    13943 3165       4       org.jetbrains.coverage.org.objectweb.asm.Frame::execute (2318 bytes)

VM state: not at safepoint (normal execution)

VM Mutex/Monitor currently owned by a thread: None

Heap address: 0x0000000080000000, size: 2048 MB, Compressed Oops mode: 32-bit

CDS archive(s) mapped at: [0x0000000800000000-0x0000000800bc0000-0x0000000800bc0000), size 12320768, SharedBaseAddress: 0x0000000800000000, ArchiveRelocationMode: 0.
Compressed class space mapped at: 0x0000000800c00000-0x0000000840c00000, reserved size: 1073741824
Narrow klass base: 0x0000000800000000, Narrow klass shift: 0, Narrow klass range: 0x100000000

GC Precious Log:
 CPUs: 2 total, 2 available
 Memory: 8190M
 Large Page Support: Disabled
 NUMA Support: Disabled
 Compressed Oops: Enabled (32-bit)
 Heap Region Size: 1M
 Heap Min Capacity: 8M
 Heap Initial Capacity: 128M
 Heap Max Capacity: 2G
 Pre-touch: Disabled
 Parallel Workers: 2
 Concurrent Workers: 1
 Concurrent Refinement Workers: 2
 Periodic GC: Disabled

Heap:
 garbage-first heap   total 131072K, used 67891K [0x0000000080000000, 0x0000000100000000)
  region size 1024K, 55 young (56320K), 9 survivors (9216K)
 Metaspace       used 20653K, committed 20864K, reserved 1073152K
  class space    used 2297K, committed 2368K, reserved 1048576K

Heap Regions: E=young(eden), S=young(survivor), O=old, HS=humongous(starts), HC=humongous(continues), CS=collection set, F=free, OA=open archive, CA=closed archive, TAMS=top-at-mark-start (previous, next)
|   0|0x0000000080000000, 0x0000000080100000, 0x0000000080100000|100%| O|  |TAMS 0x0000000080000000, 0x0000000080000000| Untracked 
|   1|0x0000000080100000, 0x0000000080200000, 0x0000000080200000|100%| O|  |TAMS 0x0000000080100000, 0x0000000080100000| Untracked 
|   2|0x0000000080200000, 0x0000000080300000, 0x0000000080300000|100%|HS|  |TAMS 0x0000000080200000, 0x0000000080200000| Complete 
|   3|0x0000000080300000, 0x0000000080400000, 0x0000000080400000|100%| O|  |TAMS 0x0000000080300000, 0x0000000080300000| Untracked 
|   4|0x0000000080400000, 0x0000000080500000, 0x0000000080500000|100%| O|  |TAMS 0x0000000080400000, 0x0000000080400000| Untracked 
|   5|0x0000000080500000, 0x0000000080600000, 0x0000000080600000|100%| O|  |TAMS 0x0000000080500000, 0x0000000080500000| Untracked 
|   6|0x0000000080600000, 0x0000000080700000, 0x0000000080700000|100%| O|  |TAMS 0x0000000080600000, 0x0000000080600000| Untracked 
|   7|0x0000000080700000, 0x0000000080800000, 0x0000000080800000|100%| O|  |TAMS 0x0000000080700000, 0x0000000080700000| Untracked 
|   8|0x0000000080800000, 0x0000000080900000, 0x0000000080900000|100%| O|  |TAMS 0x0000000080800000, 0x0000000080800000| Untracked 
|   9|0x0000000080900000, 0x0000000080a00000, 0x0000000080a00000|100%| O|  |TAMS 0x0000000080900000, 0x0000000080900000| Untracked 
|  10|0x0000000080a00000, 0x0000000080b00000, 0x0000000080b00000|100%| O|  |TAMS 0x0000000080a00000, 0x0000000080a00000| Untracked 
|  11|0x0000000080b00000, 0x0000000080c00000, 0x0000000080c00000|100%| O|  |TAMS 0x0000000080b00000, 0x0000000080b00000| Untracked 
|  12|0x0000000080c00000, 0x0000000080cccc00, 0x0000000080d00000| 79%| O|  |TAMS 0x0000000080c00000, 0x0000000080c00000| Untracked 
|  13|0x0000000080d00000, 0x0000000080d00000, 0x0000000080e00000|  0%| F|  |TAMS 0x0000000080d00000, 0x0000000080d00000| Untracked 
|  14|0x0000000080e00000, 0x0000000080e00000, 0x0000000080f00000|  0%| F|  |TAMS 0x0000000080e00000, 0x0000000080e00000| Untracked 
|  15|0x0000000080f00000, 0x0000000080f00000, 0x0000000081000000|  0%| F|  |TAMS 0x0000000080f00000, 0x0000000080f00000| Untracked 
|  16|0x0000000081000000, 0x0000000081000000, 0x0000000081100000|  0%| F|  |TAMS 0x0000000081000000, 0x0000000081000000| Untracked 
|  17|0x0000000081100000, 0x0000000081100000, 0x0000000081200000|  0%| F|  |TAMS 0x0000000081100000, 0x0000000081100000| Untracked 
|  18|0x0000000081200000, 0x0000000081200000, 0x0000000081300000|  0%| F|  |TAMS 0x0000000081200000, 0x0000000081200000| Untracked 
|  19|0x0000000081300000, 0x0000000081300000, 0x0000000081400000|  0%| F|  |TAMS 0x0000000081300000, 0x0000000081300000| Untracked 
|  20|0x0000000081400000, 0x0000000081400000, 0x0000000081500000|  0%| F|  |TAMS 0x0000000081400000, 0x0000000081400000| Untracked 
|  21|0x0000000081500000, 0x0000000081500000, 0x0000000081600000|  0%| F|  |TAMS 0x0000000081500000, 0x0000000081500000| Untracked 
|  22|0x0000000081600000, 0x0000000081600000, 0x0000000081700000|  0%| F|  |TAMS 0x0000000081600000, 0x0000000081600000| Untracked 
|  23|0x0000000081700000, 0x0000000081700000, 0x0000000081800000|  0%| F|  |TAMS 0x0000000081700000, 0x0000000081700000| Untracked 
|  24|0x0000000081800000, 0x0000000081800000, 0x0000000081900000|  0%| F|  |TAMS 0x0000000081800000, 0x0000000081800000| Untracked 
|  25|0x0000000081900000, 0x0000000081900000, 0x0000000081a00000|  0%| F|  |TAMS 0x0000000081900000, 0x0000000081900000| Untracked 
|  26|0x0000000081a00000, 0x0000000081a00000, 0x0000000081b00000|  0%| F|  |TAMS 0x0000000081a00000, 0x0000000081a00000| Untracked 
|  27|0x0000000081b00000, 0x0000000081b00000, 0x0000000081c00000|  0%| F|  |TAMS 0x0000000081b00000, 0x0000000081b00000| Untracked 
|  28|0x0000000081c00000, 0x0000000081c00000, 0x0000000081d00000|  0%| F|  |TAMS 0x0000000081c00000, 0x0000000081c00000| Untracked 
|  29|0x0000000081d00000, 0x0000000081d00000, 0x0000000081e00000|  0%| F|  |TAMS 0x0000000081d00000, 0x0000000081d00000| Untracked 
|  30|0x0000000081e00000, 0x0000000081e00000, 0x0000000081f00000|  0%| F|  |TAMS 0x0000000081e00000, 0x0000000081e00000| Untracked 
|  31|0x0000000081f00000, 0x0000000081f00000, 0x0000000082000000|  0%| F|  |TAMS 0x0000000081f00000, 0x0000000081f00000| Untracked 
|  32|0x0000000082000000, 0x0000000082000000, 0x0000000082100000|  0%| F|  |TAMS 0x0000000082000000, 0x0000000082000000| Untracked 
|  33|0x0000000082100000, 0x0000000082100000, 0x0000000082200000|  0%| F|  |TAMS 0x0000000082100000, 0x0000000082100000| Untracked 
|  34|0x0000000082200000, 0x0000000082200000, 0x0000000082300000|  0%| F|  |TAMS 0x0000000082200000, 0x0000000082200000| Untracked 
|  35|0x0000000082300000, 0x0000000082300000, 0x0000000082400000|  0%| F|  |TAMS 0x0000000082300000, 0x0000000082300000| Untracked 
|  36|0x0000000082400000, 0x0000000082400000, 0x0000000082500000|  0%| F|  |TAMS 0x0000000082400000, 0x0000000082400000| Untracked 
|  37|0x0000000082500000, 0x0000000082500000, 0x0000000082600000|  0%| F|  |TAMS 0x0000000082500000, 0x0000000082500000| Untracked 
|  38|0x0000000082600000, 0x0000000082600000, 0x0000000082700000|  0%| F|  |TAMS 0x0000000082600000, 0x0000000082600000| Untracked 
|  39|0x0000000082700000, 0x0000000082700000, 0x0000000082800000|  0%| F|  |TAMS 0x0000000082700000, 0x0000000082700000| Untracked 
|  40|0x0000000082800000, 0x0000000082800000, 0x0000000082900000|  0%| F|  |TAMS 0x0000000082800000, 0x0000000082800000| Untracked 
|  41|0x0000000082900000, 0x0000000082900000, 0x0000000082a00000|  0%| F|  |TAMS 0x0000000082900000, 0x0000000082900000| Untracked 
|  42|0x0000000082a00000, 0x0000000082a00000, 0x0000000082b00000|  0%| F|  |TAMS 0x0000000082a00000, 0x0000000082a00000| Untracked 
|  43|0x0000000082b00000, 0x0000000082b00000, 0x0000000082c00000|  0%| F|  |TAMS 0x0000000082b00000, 0x0000000082b00000| Untracked 
|  44|0x0000000082c00000, 0x0000000082c00000, 0x0000000082d00000|  0%| F|  |TAMS 0x0000000082c00000, 0x0000000082c00000| Untracked 
|  45|0x0000000082d00000, 0x0000000082d00000, 0x0000000082e00000|  0%| F|  |TAMS 0x0000000082d00000, 0x0000000082d00000| Untracked 
|  46|0x0000000082e00000, 0x0000000082e80000, 0x0000000082f00000| 50%| S|CS|TAMS 0x0000000082e00000, 0x0000000082e00000| Complete 
|  47|0x0000000082f00000, 0x0000000083000000, 0x0000000083000000|100%| S|CS|TAMS 0x0000000082f00000, 0x0000000082f00000| Complete 
|  48|0x0000000083000000, 0x0000000083100000, 0x0000000083100000|100%| S|CS|TAMS 0x0000000083000000, 0x0000000083000000| Complete 
|  49|0x0000000083100000, 0x0000000083200000, 0x0000000083200000|100%| S|CS|TAMS 0x0000000083100000, 0x0000000083100000| Complete 
|  50|0x0000000083200000, 0x0000000083300000, 0x0000000083300000|100%| S|CS|TAMS 0x0000000083200000, 0x0000000083200000| Complete 
|  51|0x0000000083300000, 0x0000000083400000, 0x0000000083400000|100%| S|CS|TAMS 0x0000000083300000, 0x0000000083300000| Complete 
|  52|0x0000000083400000, 0x0000000083400000, 0x0000000083500000|  0%| F|  |TAMS 0x0000000083400000, 0x0000000083400000| Untracked 
|  53|0x0000000083500000, 0x0000000083500000, 0x0000000083600000|  0%| F|  |TAMS 0x0000000083500000, 0x0000000083500000| Untracked 
|  54|0x0000000083600000, 0x0000000083600000, 0x0000000083700000|  0%| F|  |TAMS 0x0000000083600000, 0x0000000083600000| Untracked 
|  55|0x0000000083700000, 0x0000000083700000, 0x0000000083800000|  0%| F|  |TAMS 0x0000000083700000, 0x0000000083700000| Untracked 
|  56|0x0000000083800000, 0x0000000083800000, 0x0000000083900000|  0%| F|  |TAMS 0x0000000083800000, 0x0000000083800000| Untracked 
|  57|0x0000000083900000, 0x0000000083900000, 0x0000000083a00000|  0%| F|  |TAMS 0x0000000083900000, 0x0000000083900000| Untracked 
|  58|0x0000000083a00000, 0x0000000083b00000, 0x0000000083b00000|100%| S|CS|TAMS 0x0000000083a00000, 0x0000000083a00000| Complete 
|  59|0x0000000083b00000, 0x0000000083c00000, 0x0000000083c00000|100%| S|CS|TAMS 0x0000000083b00000, 0x0000000083b00000| Complete 
|  60|0x0000000083c00000, 0x0000000083d00000, 0x0000000083d00000|100%| S|CS|TAMS 0x0000000083c00000, 0x0000000083c00000| Complete 
|  61|0x0000000083d00000, 0x0000000083d00000, 0x0000000083e00000|  0%| F|  |TAMS 0x0000000083d00000, 0x0000000083d00000| Untracked 
|  62|0x0000000083e00000, 0x0000000083e00000, 0x0000000083f00000|  0%| F|  |TAMS 0x0000000083e00000, 0x0000000083e00000| Untracked 
|  63|0x0000000083f00000, 0x0000000083f00000, 0x0000000084000000|  0%| F|  |TAMS 0x0000000083f00000, 0x0000000083f00000| Untracked 
|  64|0x0000000084000000, 0x0000000084000000, 0x0000000084100000|  0%| F|  |TAMS 0x0000000084000000, 0x0000000084000000| Untracked 
|  65|0x0000000084100000, 0x0000000084100000, 0x0000000084200000|  0%| F|  |TAMS 0x0000000084100000, 0x0000000084100000| Untracked 
|  66|0x0000000084200000, 0x0000000084200000, 0x0000000084300000|  0%| F|  |TAMS 0x0000000084200000, 0x0000000084200000| Untracked 
|  67|0x0000000084300000, 0x0000000084300000, 0x0000000084400000|  0%| F|  |TAMS 0x0000000084300000, 0x0000000084300000| Untracked 
|  68|0x0000000084400000, 0x0000000084400000, 0x0000000084500000|  0%| F|  |TAMS 0x0000000084400000, 0x0000000084400000| Untracked 
|  69|0x0000000084500000, 0x0000000084500000, 0x0000000084600000|  0%| F|  |TAMS 0x0000000084500000, 0x0000000084500000| Untracked 
|  70|0x0000000084600000, 0x0000000084600000, 0x0000000084700000|  0%| F|  |TAMS 0x0000000084600000, 0x0000000084600000| Untracked 
|  71|0x0000000084700000, 0x0000000084700000, 0x0000000084800000|  0%| F|  |TAMS 0x0000000084700000, 0x0000000084700000| Untracked 
|  72|0x0000000084800000, 0x0000000084800000, 0x0000000084900000|  0%| F|  |TAMS 0x0000000084800000, 0x0000000084800000| Untracked 
|  73|0x0000000084900000, 0x0000000084900000, 0x0000000084a00000|  0%| F|  |TAMS 0x0000000084900000, 0x0000000084900000| Untracked 
|  74|0x0000000084a00000, 0x0000000084a00000, 0x0000000084b00000|  0%| F|  |TAMS 0x0000000084a00000, 0x0000000084a00000| Untracked 
|  75|0x0000000084b00000, 0x0000000084b00000, 0x0000000084c00000|  0%| F|  |TAMS 0x0000000084b00000, 0x0000000084b00000| Untracked 
|  76|0x0000000084c00000, 0x0000000084c00000, 0x0000000084d00000|  0%| F|  |TAMS 0x0000000084c00000, 0x0000000084c00000| Untracked 
|  77|0x0000000084d00000, 0x0000000084d00000, 0x0000000084e00000|  0%| F|  |TAMS 0x0000000084d00000, 0x0000000084d00000| Untracked 
|  78|0x0000000084e00000, 0x0000000084e00000, 0x0000000084f00000|  0%| F|  |TAMS 0x0000000084e00000, 0x0000000084e00000| Untracked 
|  79|0x0000000084f00000, 0x0000000084f00000, 0x0000000085000000|  0%| F|  |TAMS 0x0000000084f00000, 0x0000000084f00000| Untracked 
|  80|0x0000000085000000, 0x0000000085000000, 0x0000000085100000|  0%| F|  |TAMS 0x0000000085000000, 0x0000000085000000| Untracked 
|  81|0x0000000085100000, 0x0000000085100000, 0x0000000085200000|  0%| F|  |TAMS 0x0000000085100000, 0x0000000085100000| Untracked 
|  82|0x0000000085200000, 0x0000000085280800, 0x0000000085300000| 50%| E|  |TAMS 0x0000000085200000, 0x0000000085200000| Complete 
|  83|0x0000000085300000, 0x0000000085400000, 0x0000000085400000|100%| E|CS|TAMS 0x0000000085300000, 0x0000000085300000| Complete 
|  84|0x0000000085400000, 0x0000000085500000, 0x0000000085500000|100%| E|CS|TAMS 0x0000000085400000, 0x0000000085400000| Complete 
|  85|0x0000000085500000, 0x0000000085600000, 0x0000000085600000|100%| E|CS|TAMS 0x0000000085500000, 0x0000000085500000| Complete 
|  86|0x0000000085600000, 0x0000000085700000, 0x0000000085700000|100%| E|CS|TAMS 0x0000000085600000, 0x0000000085600000| Complete 
|  87|0x0000000085700000, 0x0000000085800000, 0x0000000085800000|100%| E|CS|TAMS 0x0000000085700000, 0x0000000085700000| Complete 
|  88|0x0000000085800000, 0x0000000085900000, 0x0000000085900000|100%| E|CS|TAMS 0x0000000085800000, 0x0000000085800000| Complete 
|  89|0x0000000085900000, 0x0000000085a00000, 0x0000000085a00000|100%| E|CS|TAMS 0x0000000085900000, 0x0000000085900000| Complete 
|  90|0x0000000085a00000, 0x0000000085b00000, 0x0000000085b00000|100%| E|CS|TAMS 0x0000000085a00000, 0x0000000085a00000| Complete 
|  91|0x0000000085b00000, 0x0000000085c00000, 0x0000000085c00000|100%| E|CS|TAMS 0x0000000085b00000, 0x0000000085b00000| Complete 
|  92|0x0000000085c00000, 0x0000000085d00000, 0x0000000085d00000|100%| E|CS|TAMS 0x0000000085c00000, 0x0000000085c00000| Complete 
|  93|0x0000000085d00000, 0x0000000085e00000, 0x0000000085e00000|100%| E|CS|TAMS 0x0000000085d00000, 0x0000000085d00000| Complete 
|  94|0x0000000085e00000, 0x0000000085f00000, 0x0000000085f00000|100%| E|CS|TAMS 0x0000000085e00000, 0x0000000085e00000| Complete 
|  95|0x0000000085f00000, 0x0000000086000000, 0x0000000086000000|100%| E|CS|TAMS 0x0000000085f00000, 0x0000000085f00000| Complete 
|  96|0x0000000086000000, 0x0000000086100000, 0x0000000086100000|100%| E|CS|TAMS 0x0000000086000000, 0x0000000086000000| Complete 
|  97|0x0000000086100000, 0x0000000086200000, 0x0000000086200000|100%| E|CS|TAMS 0x0000000086100000, 0x0000000086100000| Complete 
|  98|0x0000000086200000, 0x0000000086300000, 0x0000000086300000|100%| E|CS|TAMS 0x0000000086200000, 0x0000000086200000| Complete 
|  99|0x0000000086300000, 0x0000000086400000, 0x0000000086400000|100%| E|CS|TAMS 0x0000000086300000, 0x0000000086300000| Complete 
| 100|0x0000000086400000, 0x0000000086500000, 0x0000000086500000|100%| E|CS|TAMS 0x0000000086400000, 0x0000000086400000| Complete 
| 101|0x0000000086500000, 0x0000000086600000, 0x0000000086600000|100%| E|CS|TAMS 0x0000000086500000, 0x0000000086500000| Complete 
| 102|0x0000000086600000, 0x0000000086700000, 0x0000000086700000|100%| E|CS|TAMS 0x0000000086600000, 0x0000000086600000| Complete 
| 103|0x0000000086700000, 0x0000000086800000, 0x0000000086800000|100%| E|CS|TAMS 0x0000000086700000, 0x0000000086700000| Complete 
| 104|0x0000000086800000, 0x0000000086900000, 0x0000000086900000|100%| E|CS|TAMS 0x0000000086800000, 0x0000000086800000| Complete 
| 105|0x0000000086900000, 0x0000000086a00000, 0x0000000086a00000|100%| E|CS|TAMS 0x0000000086900000, 0x0000000086900000| Complete 
| 106|0x0000000086a00000, 0x0000000086b00000, 0x0000000086b00000|100%| E|CS|TAMS 0x0000000086a00000, 0x0000000086a00000| Complete 
| 107|0x0000000086b00000, 0x0000000086c00000, 0x0000000086c00000|100%| E|CS|TAMS 0x0000000086b00000, 0x0000000086b00000| Complete 
| 108|0x0000000086c00000, 0x0000000086d00000, 0x0000000086d00000|100%| E|CS|TAMS 0x0000000086c00000, 0x0000000086c00000| Complete 
| 109|0x0000000086d00000, 0x0000000086e00000, 0x0000000086e00000|100%| E|CS|TAMS 0x0000000086d00000, 0x0000000086d00000| Complete 
| 110|0x0000000086e00000, 0x0000000086f00000, 0x0000000086f00000|100%| E|CS|TAMS 0x0000000086e00000, 0x0000000086e00000| Complete 
| 111|0x0000000086f00000, 0x0000000087000000, 0x0000000087000000|100%| E|CS|TAMS 0x0000000086f00000, 0x0000000086f00000| Complete 
| 112|0x0000000087000000, 0x0000000087100000, 0x0000000087100000|100%| E|CS|TAMS 0x0000000087000000, 0x0000000087000000| Complete 
| 113|0x0000000087100000, 0x0000000087200000, 0x0000000087200000|100%| E|CS|TAMS 0x0000000087100000, 0x0000000087100000| Complete 
| 114|0x0000000087200000, 0x0000000087300000, 0x0000000087300000|100%| E|CS|TAMS 0x0000000087200000, 0x0000000087200000| Complete 
| 115|0x0000000087300000, 0x0000000087400000, 0x0000000087400000|100%| E|CS|TAMS 0x0000000087300000, 0x0000000087300000| Complete 
| 116|0x0000000087400000, 0x0000000087500000, 0x0000000087500000|100%| E|CS|TAMS 0x0000000087400000, 0x0000000087400000| Complete 
| 117|0x0000000087500000, 0x0000000087600000, 0x0000000087600000|100%| E|CS|TAMS 0x0000000087500000, 0x0000000087500000| Complete 
| 118|0x0000000087600000, 0x0000000087700000, 0x0000000087700000|100%| E|CS|TAMS 0x0000000087600000, 0x0000000087600000| Complete 
| 119|0x0000000087700000, 0x0000000087800000, 0x0000000087800000|100%| E|CS|TAMS 0x0000000087700000, 0x0000000087700000| Complete 
| 120|0x0000000087800000, 0x0000000087900000, 0x0000000087900000|100%| E|CS|TAMS 0x0000000087800000, 0x0000000087800000| Complete 
| 121|0x0000000087900000, 0x0000000087a00000, 0x0000000087a00000|100%| E|CS|TAMS 0x0000000087900000, 0x0000000087900000| Complete 
| 122|0x0000000087a00000, 0x0000000087b00000, 0x0000000087b00000|100%| E|CS|TAMS 0x0000000087a00000, 0x0000000087a00000| Complete 
| 123|0x0000000087b00000, 0x0000000087c00000, 0x0000000087c00000|100%| E|CS|TAMS 0x0000000087b00000, 0x0000000087b00000| Complete 
| 124|0x0000000087c00000, 0x0000000087d00000, 0x0000000087d00000|100%| E|CS|TAMS 0x0000000087c00000, 0x0000000087c00000| Complete 
| 125|0x0000000087d00000, 0x0000000087e00000, 0x0000000087e00000|100%| E|CS|TAMS 0x0000000087d00000, 0x0000000087d00000| Complete 
| 126|0x0000000087e00000, 0x0000000087f00000, 0x0000000087f00000|100%| E|CS|TAMS 0x0000000087e00000, 0x0000000087e00000| Complete 
| 127|0x0000000087f00000, 0x0000000088000000, 0x0000000088000000|100%| E|CS|TAMS 0x0000000087f00000, 0x0000000087f00000| Complete 

Card table byte_map: [0x0000020e7e6a0000,0x0000020e7eaa0000] _byte_map_base: 0x0000020e7e2a0000

Marking Bits (Prev, Next): (CMBitMap*) 0x0000020e67c03f80, (CMBitMap*) 0x0000020e67c03fc0
 Prev Bits: [0x0000020e00000000, 0x0000020e02000000)
 Next Bits: [0x0000020e02000000, 0x0000020e04000000)

Polling page: 0x0000020e659a0000

Metaspace:

Usage:
  Non-class:     17.93 MB used.
      Class:      2.24 MB used.
       Both:     20.18 MB used.

Virtual space:
  Non-class space:       24.00 MB reserved,      18.06 MB ( 75%) committed,  3 nodes.
      Class space:        1.00 GB reserved,       2.38 MB ( <1%) committed,  1 nodes.
             Both:        1.02 GB reserved,      20.44 MB (  2%) committed. 

Chunk freelists:
   Non-Class:  1.26 MB
       Class:  1.56 MB
        Both:  2.83 MB

MaxMetaspaceSize: unlimited
CompressedClassSpaceSize: 1.00 GB
Initial GC threshold: 21.00 MB
Current GC threshold: 21.00 MB
CDS: on
MetaspaceReclaimPolicy: balanced
 - commit_granule_bytes: 65536.
 - commit_granule_words: 8192.
 - virtual_space_node_default_size: 1048576.
 - enlarge_chunks_in_place: 1.
 - new_chunks_are_fully_committed: 0.
 - uncommit_free_chunks: 1.
 - use_allocation_guard: 0.
 - handle_deallocations: 1.


Internal statistics:

num_allocs_failed_limit: 0.
num_arena_births: 198.
num_arena_deaths: 0.
num_vsnodes_births: 4.
num_vsnodes_deaths: 0.
num_space_committed: 327.
num_space_uncommitted: 0.
num_chunks_returned_to_freelist: 0.
num_chunks_taken_from_freelist: 824.
num_chunk_merges: 0.
num_chunk_splits: 576.
num_chunks_enlarged: 469.
num_purges: 0.
num_inconsistent_stats: 0.

CodeHeap 'non-profiled nmethods': size=120064Kb used=2306Kb max_used=2306Kb free=117757Kb
 bounds [0x0000020e77160000, 0x0000020e773d0000, 0x0000020e7e6a0000]
CodeHeap 'profiled nmethods': size=120000Kb used=7111Kb max_used=7111Kb free=112888Kb
 bounds [0x0000020e6fc30000, 0x0000020e70330000, 0x0000020e77160000]
CodeHeap 'non-nmethods': size=5696Kb used=1205Kb max_used=1246Kb free=4490Kb
 bounds [0x0000020e6f6a0000, 0x0000020e6f910000, 0x0000020e6fc30000]
 total_blobs=3730 nmethods=3239 adapters=403
 compilation: enabled
              stopped_count=0, restarted_count=0
 full_count=0

Compilation events (20 events):
Event: 13.880 Thread 0x0000020e7f2a0c00 3240       2       org.springframework.core.io.AbstractResource::<init> (32 bytes)
Event: 13.880 Thread 0x0000020e7f2a0c00 nmethod 3240 0x0000020e70312110 code [0x0000020e703122c0, 0x0000020e703124a8]
Event: 13.884 Thread 0x0000020e7f2a0c00 3241       2       org.springframework.asm.ClassReader::readElementValues (257 bytes)
Event: 13.885 Thread 0x0000020e7f2a0c00 nmethod 3241 0x0000020e70312590 code [0x0000020e703127a0, 0x0000020e70312e78]
Event: 13.885 Thread 0x0000020e7f2a0c00 3242       2       org.springframework.core.annotation.TypeMappedAnnotation::isPresent (29 bytes)
Event: 13.885 Thread 0x0000020e7f2a0c00 nmethod 3242 0x0000020e70313290 code [0x0000020e70313440, 0x0000020e70313628]
Event: 13.885 Thread 0x0000020e7f2a0c00 3243       2       java.util.LinkedHashMap::<init> (11 bytes)
Event: 13.885 Thread 0x0000020e7f2a0c00 nmethod 3243 0x0000020e70313710 code [0x0000020e703138c0, 0x0000020e70313a08]
Event: 13.886 Thread 0x0000020e7f2a0c00 3244       2       org.springframework.asm.Type::getTypeInternal (363 bytes)
Event: 13.887 Thread 0x0000020e7f2a0c00 nmethod 3244 0x0000020e70313b10 code [0x0000020e70313de0, 0x0000020e70314a98]
Event: 13.887 Thread 0x0000020e7f2a0c00 3245       2       org.springframework.asm.Type::getClassName (350 bytes)
Event: 13.888 Thread 0x0000020e7f2a0c00 nmethod 3245 0x0000020e70315090 code [0x0000020e70315360, 0x0000020e70315de8]
Event: 13.892 Thread 0x0000020e7f2a0c00 3246       2       org.springframework.asm.ClassReader::readMethod (2579 bytes)
Event: 13.898 Thread 0x0000020e7f2a0c00 nmethod 3246 0x0000020e70316290 code [0x0000020e703168c0, 0x0000020e7031aab8]
Event: 13.898 Thread 0x0000020e7f2a0c00 3247       2       org.springframework.core.type.classreading.SimpleAnnotationMetadataReadingVisitor::isBridge (40 bytes)
Event: 13.898 Thread 0x0000020e7f2a0c00 nmethod 3247 0x0000020e7031cf90 code [0x0000020e7031d140, 0x0000020e7031d348]
Event: 13.907 Thread 0x0000020e7f2a0c00 3248       2       org.springframework.core.type.classreading.SimpleAnnotationMetadataReadingVisitor$$Lambda$413/0x0000000800d3d768::<init> (10 bytes)
Event: 13.907 Thread 0x0000020e7f2a0c00 nmethod 3248 0x0000020e7031d490 code [0x0000020e7031d620, 0x0000020e7031d778]
Event: 13.907 Thread 0x0000020e7f2a0c00 3249       3       java.security.SecureClassLoader$CodeSourceKey::equals (60 bytes)
Event: 13.908 Thread 0x0000020e7f2a0c00 nmethod 3249 0x0000020e7031d810 code [0x0000020e7031da00, 0x0000020e7031e098]

GC Heap History (14 events):
Event: 1.915 GC heap before
{Heap before GC invocations=0 (full 0):
 garbage-first heap   total 131072K, used 5120K [0x0000000080000000, 0x0000000100000000)
  region size 1024K, 6 young (6144K), 0 survivors (0K)
 Metaspace       used 1639K, committed 1728K, reserved 1056768K
  class space    used 132K, committed 192K, reserved 1048576K
}
Event: 1.935 GC heap after
{Heap after GC invocations=1 (full 0):
 garbage-first heap   total 131072K, used 2878K [0x0000000080000000, 0x0000000100000000)
  region size 1024K, 1 young (1024K), 1 survivors (1024K)
 Metaspace       used 1639K, committed 1728K, reserved 1056768K
  class space    used 132K, committed 192K, reserved 1048576K
}
Event: 2.101 GC heap before
{Heap before GC invocations=1 (full 0):
 garbage-first heap   total 131072K, used 7998K [0x0000000080000000, 0x0000000100000000)
  region size 1024K, 6 young (6144K), 1 survivors (1024K)
 Metaspace       used 1979K, committed 2176K, reserved 1056768K
  class space    used 150K, committed 256K, reserved 1048576K
}
Event: 2.106 GC heap after
{Heap after GC invocations=2 (full 0):
 garbage-first heap   total 131072K, used 7734K [0x0000000080000000, 0x0000000100000000)
  region size 1024K, 1 young (1024K), 1 survivors (1024K)
 Metaspace       used 1979K, committed 2176K, reserved 1056768K
  class space    used 150K, committed 256K, reserved 1048576K
}
Event: 2.482 GC heap before
{Heap before GC invocations=2 (full 0):
 garbage-first heap   total 131072K, used 13878K [0x0000000080000000, 0x0000000100000000)
  region size 1024K, 7 young (7168K), 1 survivors (1024K)
 Metaspace       used 3007K, committed 3136K, reserved 1056768K
  class space    used 236K, committed 320K, reserved 1048576K
}
Event: 2.487 GC heap after
{Heap after GC invocations=3 (full 0):
 garbage-first heap   total 131072K, used 8606K [0x0000000080000000, 0x0000000100000000)
  region size 1024K, 1 young (1024K), 1 survivors (1024K)
 Metaspace       used 3007K, committed 3136K, reserved 1056768K
  class space    used 236K, committed 320K, reserved 1048576K
}
Event: 3.113 GC heap before
{Heap before GC invocations=3 (full 0):
 garbage-first heap   total 131072K, used 22942K [0x0000000080000000, 0x0000000100000000)
  region size 1024K, 15 young (15360K), 1 survivors (1024K)
 Metaspace       used 4151K, committed 4288K, reserved 1056768K
  class space    used 378K, committed 448K, reserved 1048576K
}
Event: 3.116 GC heap after
{Heap after GC invocations=4 (full 0):
 garbage-first heap   total 131072K, used 9296K [0x0000000080000000, 0x0000000100000000)
  region size 1024K, 2 young (2048K), 2 survivors (2048K)
 Metaspace       used 4151K, committed 4288K, reserved 1056768K
  class space    used 378K, committed 448K, reserved 1048576K
}
Event: 8.286 GC heap before
{Heap before GC invocations=4 (full 0):
 garbage-first heap   total 131072K, used 85072K [0x0000000080000000, 0x0000000100000000)
  region size 1024K, 76 young (77824K), 2 survivors (2048K)
 Metaspace       used 10098K, committed 10240K, reserved 1064960K
  class space    used 1102K, committed 1152K, reserved 1048576K
}
Event: 8.299 GC heap after
{Heap after GC invocations=5 (full 0):
 garbage-first heap   total 131072K, used 13190K [0x0000000080000000, 0x0000000100000000)
  region size 1024K, 6 young (6144K), 6 survivors (6144K)
 Metaspace       used 10098K, committed 10240K, reserved 1064960K
  class space    used 1102K, committed 1152K, reserved 1048576K
}
Event: 12.241 GC heap before
{Heap before GC invocations=5 (full 0):
 garbage-first heap   total 131072K, used 84870K [0x0000000080000000, 0x0000000100000000)
  region size 1024K, 76 young (77824K), 6 survivors (6144K)
 Metaspace       used 14577K, committed 14848K, reserved 1064960K
  class space    used 1667K, committed 1792K, reserved 1048576K
}
Event: 12.262 GC heap after
{Heap after GC invocations=6 (full 0):
 garbage-first heap   total 131072K, used 17484K [0x0000000080000000, 0x0000000100000000)
  region size 1024K, 9 young (9216K), 9 survivors (9216K)
 Metaspace       used 14577K, committed 14848K, reserved 1064960K
  class space    used 1667K, committed 1792K, reserved 1048576K
}
Event: 13.319 GC heap before
{Heap before GC invocations=6 (full 0):
 garbage-first heap   total 131072K, used 86092K [0x0000000080000000, 0x0000000100000000)
  region size 1024K, 76 young (77824K), 9 survivors (9216K)
 Metaspace       used 18235K, committed 18496K, reserved 1073152K
  class space    used 2095K, committed 2240K, reserved 1048576K
}
Event: 13.341 GC heap after
{Heap after GC invocations=7 (full 0):
 garbage-first heap   total 131072K, used 21811K [0x0000000080000000, 0x0000000100000000)
  region size 1024K, 9 young (9216K), 9 survivors (9216K)
 Metaspace       used 18235K, committed 18496K, reserved 1073152K
  class space    used 2095K, committed 2240K, reserved 1048576K
}

Dll operation events (12 events):
Event: 0.137 Loaded shared library C:\Users\sfjbs\.jdks\corretto-17.0.5\bin\java.dll
Event: 0.138 Loaded shared library C:\Users\sfjbs\.jdks\corretto-17.0.5\bin\zip.dll
Event: 0.159 Loaded shared library C:\Users\sfjbs\.jdks\corretto-17.0.5\bin\jsvml.dll
Event: 1.215 Loaded shared library C:\Users\sfjbs\.jdks\corretto-17.0.5\bin\instrument.dll
Event: 1.278 Loaded shared library C:\Users\sfjbs\.jdks\corretto-17.0.5\bin\jimage.dll
Event: 1.473 Loaded shared library C:\Users\sfjbs\.jdks\corretto-17.0.5\bin\net.dll
Event: 1.480 Loaded shared library C:\Users\sfjbs\.jdks\corretto-17.0.5\bin\nio.dll
Event: 1.489 Loaded shared library C:\Users\sfjbs\.jdks\corretto-17.0.5\bin\zip.dll
Event: 1.521 Loaded shared library C:\Program Files\JetBrains\IntelliJ IDEA Community Edition 2022.2.1\bin\breakgen64.dll
Event: 2.846 Loaded shared library C:\Users\sfjbs\.jdks\corretto-17.0.5\bin\verify.dll
Event: 12.392 Loaded shared library C:\Users\sfjbs\.jdks\corretto-17.0.5\bin\management.dll
Event: 12.404 Loaded shared library C:\Users\sfjbs\.jdks\corretto-17.0.5\bin\management_ext.dll

Deoptimization events (20 events):
Event: 13.054 Thread 0x0000020e67ba4f60 DEOPT PACKING pc=0x0000020e7013a188 sp=0x00000071e30f81f0
Event: 13.054 Thread 0x0000020e67ba4f60 DEOPT UNPACKING pc=0x0000020e6f6f66e3 sp=0x00000071e30f76f8 mode 0
Event: 13.192 Thread 0x0000020e0701d5d0 DEOPT PACKING pc=0x0000020e7010c788 sp=0x00000071e45f8510
Event: 13.192 Thread 0x0000020e0701d5d0 DEOPT UNPACKING pc=0x0000020e6f6f66e3 sp=0x00000071e45f79e8 mode 0
Event: 13.297 Thread 0x0000020e67ba4f60 Uncommon trap: trap_request=0xffffff45 fr.pc=0x0000020e7721f13c relative=0x0000000000000f1c
Event: 13.297 Thread 0x0000020e67ba4f60 Uncommon trap: reason=unstable_if action=reinterpret pc=0x0000020e7721f13c method=java.util.concurrent.ConcurrentHashMap.putVal(Ljava/lang/Object;Ljava/lang/Object;Z)Ljava/lang/Object; @ 231 c2
Event: 13.297 Thread 0x0000020e67ba4f60 DEOPT PACKING pc=0x0000020e7721f13c sp=0x00000071e30fc0e0
Event: 13.297 Thread 0x0000020e67ba4f60 DEOPT UNPACKING pc=0x0000020e6f6f5ba3 sp=0x00000071e30fc050 mode 2
Event: 13.311 Thread 0x0000020e0701d5d0 Uncommon trap: trap_request=0xffffff45 fr.pc=0x0000020e77329398 relative=0x00000000000020d8
Event: 13.311 Thread 0x0000020e0701d5d0 Uncommon trap: reason=unstable_if action=reinterpret pc=0x0000020e77329398 method=org.jetbrains.coverage.org.objectweb.asm.ClassReader.computeImplicitFrame(Lorg/jetbrains/coverage/org/objectweb/asm/Context;)V @ 264 c2
Event: 13.311 Thread 0x0000020e0701d5d0 DEOPT PACKING pc=0x0000020e77329398 sp=0x00000071e45f8dd0
Event: 13.311 Thread 0x0000020e0701d5d0 DEOPT UNPACKING pc=0x0000020e6f6f5ba3 sp=0x00000071e45f8db0 mode 2
Event: 13.674 Thread 0x0000020e0701d5d0 Uncommon trap: trap_request=0xffffff45 fr.pc=0x0000020e772c11f4 relative=0x00000000000074b4
Event: 13.674 Thread 0x0000020e0701d5d0 Uncommon trap: reason=unstable_if action=reinterpret pc=0x0000020e772c11f4 method=org.jetbrains.coverage.org.objectweb.asm.Frame.pop(Ljava/lang/String;)V @ 36 c2
Event: 13.674 Thread 0x0000020e0701d5d0 DEOPT PACKING pc=0x0000020e772c11f4 sp=0x00000071e45f71a0
Event: 13.674 Thread 0x0000020e0701d5d0 DEOPT UNPACKING pc=0x0000020e6f6f5ba3 sp=0x00000071e45f70e0 mode 2
Event: 13.681 Thread 0x0000020e0701d5d0 Uncommon trap: trap_request=0xffffff45 fr.pc=0x0000020e77244704 relative=0x0000000000000664
Event: 13.681 Thread 0x0000020e0701d5d0 Uncommon trap: reason=unstable_if action=reinterpret pc=0x0000020e77244704 method=org.jetbrains.coverage.org.objectweb.asm.Frame.pop(Ljava/lang/String;)V @ 36 c2
Event: 13.681 Thread 0x0000020e0701d5d0 DEOPT PACKING pc=0x0000020e77244704 sp=0x00000071e45f7070
Event: 13.681 Thread 0x0000020e0701d5d0 DEOPT UNPACKING pc=0x0000020e6f6f5ba3 sp=0x00000071e45f7010 mode 2

Classes unloaded (0 events):
No events

Classes redefined (0 events):
No events

Internal exceptions (20 events):
Event: 12.286 Thread 0x0000020e67ba4f60 Exception <a 'java/lang/NoSuchMethodError'{0x0000000087e23eb8}: 'java.lang.Object java.lang.invoke.DirectMethodHandle$Holder.newInvokeSpecial(java.lang.Object, int, java.lang.Object)'> (0x0000000087e23eb8) 
thrown [s\src\hotspot\share\interpreter\linkResolver.cpp, line 759]
Event: 12.378 Thread 0x0000020e67ba4f60 Exception <a 'java/lang/NoSuchMethodError'{0x0000000087c415e8}: 'void java.lang.invoke.DirectMethodHandle$Holder.invokeStaticInit(java.lang.Object, java.lang.Object)'> (0x0000000087c415e8) 
thrown [s\src\hotspot\share\interpreter\linkResolver.cpp, line 759]
Event: 12.501 Thread 0x0000020e67ba4f60 Exception <a 'java/lang/NoSuchMethodError'{0x0000000087bafde0}: 'void java.lang.invoke.DirectMethodHandle$Holder.invokeVirtual(java.lang.Object, java.lang.Object, java.lang.Object, java.lang.Object)'> (0x0000000087bafde0) 
thrown [s\src\hotspot\share\interpreter\linkResolver.cpp, line 759]
Event: 12.681 Thread 0x0000020e0701d5d0 Exception <a 'java/lang/NoClassDefFoundError'{0x00000000873254c8}: javax/validation/Validation> (0x00000000873254c8) 
thrown [s\src\hotspot\share\classfile\systemDictionary.cpp, line 245]
Event: 13.013 Thread 0x0000020e67ba4f60 Implicit null exception at 0x0000020e771a6e0d to 0x0000020e771a71f4
Event: 13.016 Thread 0x0000020e67ba4f60 Implicit null exception at 0x0000020e7726ce11 to 0x0000020e7726d250
Event: 13.490 Thread 0x0000020e67ba4f60 Exception <a 'java/lang/ClassNotFoundException'{0x000000008709b728}: java/lang/ObjectCustomizer> (0x000000008709b728) 
thrown [s\src\hotspot\share\classfile\systemDictionary.cpp, line 256]
Event: 13.587 Thread 0x0000020e67ba4f60 Exception <a 'java/lang/ClassNotFoundException'{0x00000000870ca4d0}: org/springframework/context/annotation/ConfigurationClassPostProcessorCustomizer> (0x00000000870ca4d0) 
thrown [s\src\hotspot\share\classfile\systemDictionary.cpp, line 256]
Event: 13.591 Thread 0x0000020e67ba4f60 Exception <a 'java/lang/ClassNotFoundException'{0x00000000870e2ac8}: org/springframework/beans/factory/support/BeanDefinitionRegistryPostProcessorCustomizer> (0x00000000870e2ac8) 
thrown [s\src\hotspot\share\classfile\systemDictionary.cpp, line 256]
Event: 13.591 Thread 0x0000020e67ba4f60 Exception <a 'java/lang/ClassNotFoundException'{0x00000000870e9798}: org/springframework/beans/factory/config/BeanFactoryPostProcessorCustomizer> (0x00000000870e9798) 
thrown [s\src\hotspot\share\classfile\systemDictionary.cpp, line 256]
Event: 13.593 Thread 0x0000020e67ba4f60 Exception <a 'java/lang/ClassNotFoundException'{0x00000000870f0150}: org/springframework/core/PriorityOrderedCustomizer> (0x00000000870f0150) 
thrown [s\src\hotspot\share\classfile\systemDictionary.cpp, line 256]
Event: 13.593 Thread 0x0000020e67ba4f60 Exception <a 'java/lang/ClassNotFoundException'{0x00000000870f5720}: org/springframework/core/OrderedCustomizer> (0x00000000870f5720) 
thrown [s\src\hotspot\share\classfile\systemDictionary.cpp, line 256]
Event: 13.594 Thread 0x0000020e67ba4f60 Exception <a 'java/lang/ClassNotFoundException'{0x00000000870fbfc8}: org/springframework/context/ResourceLoaderAwareCustomizer> (0x00000000870fbfc8) 
thrown [s\src\hotspot\share\classfile\systemDictionary.cpp, line 256]
Event: 13.595 Thread 0x0000020e67ba4f60 Exception <a 'java/lang/ClassNotFoundException'{0x0000000086b83408}: org/springframework/beans/factory/AwareCustomizer> (0x0000000086b83408) 
thrown [s\src\hotspot\share\classfile\systemDictionary.cpp, line 256]
Event: 13.595 Thread 0x0000020e67ba4f60 Exception <a 'java/lang/ClassNotFoundException'{0x0000000086b88e00}: org/springframework/context/ApplicationStartupAwareCustomizer> (0x0000000086b88e00) 
thrown [s\src\hotspot\share\classfile\systemDictionary.cpp, line 256]
Event: 13.596 Thread 0x0000020e67ba4f60 Exception <a 'java/lang/ClassNotFoundException'{0x0000000086b8fa78}: org/springframework/beans/factory/AwareCustomizer> (0x0000000086b8fa78) 
thrown [s\src\hotspot\share\classfile\systemDictionary.cpp, line 256]
Event: 13.596 Thread 0x0000020e67ba4f60 Exception <a 'java/lang/ClassNotFoundException'{0x0000000086b954f8}: org/springframework/beans/factory/BeanClassLoaderAwareCustomizer> (0x0000000086b954f8) 
thrown [s\src\hotspot\share\classfile\systemDictionary.cpp, line 256]
Event: 13.597 Thread 0x0000020e67ba4f60 Exception <a 'java/lang/ClassNotFoundException'{0x0000000086b9bed0}: org/springframework/beans/factory/AwareCustomizer> (0x0000000086b9bed0) 
thrown [s\src\hotspot\share\classfile\systemDictionary.cpp, line 256]
Event: 13.597 Thread 0x0000020e67ba4f60 Exception <a 'java/lang/ClassNotFoundException'{0x0000000086ba1630}: org/springframework/context/EnvironmentAwareCustomizer> (0x0000000086ba1630) 
thrown [s\src\hotspot\share\classfile\systemDictionary.cpp, line 256]
Event: 13.598 Thread 0x0000020e67ba4f60 Exception <a 'java/lang/ClassNotFoundException'{0x0000000086ba7fa0}: org/springframework/beans/factory/AwareCustomizer> (0x0000000086ba7fa0) 
thrown [s\src\hotspot\share\classfile\systemDictionary.cpp, line 256]

VM Operations (20 events):
Event: 12.213 Executing VM operation: HandshakeAllThreads
Event: 12.213 Executing VM operation: HandshakeAllThreads done
Event: 12.241 Executing VM operation: G1CollectForAllocation
Event: 12.262 Executing VM operation: G1CollectForAllocation done
Event: 12.267 Executing VM operation: HandshakeAllThreads
Event: 12.267 Executing VM operation: HandshakeAllThreads done
Event: 12.335 Executing VM operation: HandshakeAllThreads
Event: 12.335 Executing VM operation: HandshakeAllThreads done
Event: 12.423 Executing VM operation: HandshakeAllThreads
Event: 12.423 Executing VM operation: HandshakeAllThreads done
Event: 13.285 Executing VM operation: HandshakeAllThreads
Event: 13.285 Executing VM operation: HandshakeAllThreads done
Event: 13.285 Executing VM operation: Cleanup
Event: 13.288 Executing VM operation: Cleanup done
Event: 13.319 Executing VM operation: G1CollectForAllocation
Event: 13.345 Executing VM operation: G1CollectForAllocation done
Event: 13.501 Executing VM operation: HandshakeAllThreads
Event: 13.509 Executing VM operation: HandshakeAllThreads done
Event: 13.720 Executing VM operation: HandshakeAllThreads
Event: 13.733 Executing VM operation: HandshakeAllThreads done

Events (20 events):
Event: 13.839 loading class org/springframework/context/annotation/ComponentScanAnnotationParser$1
Event: 13.839 loading class org/springframework/context/annotation/ComponentScanAnnotationParser$1 done
Event: 13.840 loading class org/springframework/web/context/support/ServletContextResource
Event: 13.840 loading class org/springframework/web/context/support/ServletContextResource done
Event: 13.847 loading class org/springframework/boot/test/context/TestComponent
Event: 13.847 loading class org/springframework/boot/test/context/TestComponent done
Event: 13.849 loading class org/springframework/boot/test/autoconfigure/filter/FilterAnnotations
Event: 13.849 loading class org/springframework/boot/test/autoconfigure/filter/FilterAnnotations done
Event: 13.861 loading class org/springframework/data/repository/NoRepositoryBean
Event: 13.861 loading class org/springframework/data/repository/NoRepositoryBean done
Event: 13.865 loading class org/springframework/boot/autoconfigure/AutoConfiguration
Event: 13.865 loading class org/springframework/boot/autoconfigure/AutoConfiguration done
Event: 13.882 loading class org/springframework/beans/factory/support/BeanDefinitionResource
Event: 13.882 loading class org/springframework/beans/factory/support/BeanDefinitionResource done
Event: 13.902 loading class com/fasterxml/jackson/core/sym/ByteQuadsCanonicalizer$TableInfo
Event: 13.902 loading class com/fasterxml/jackson/core/sym/ByteQuadsCanonicalizer$TableInfo done
Event: 13.909 loading class com/fasterxml/jackson/databind/util/RootNameLookup
Event: 13.909 loading class com/fasterxml/jackson/databind/util/RootNameLookup done
Event: 13.909 loading class com/fasterxml/jackson/databind/introspect/SimpleMixInResolver
Event: 13.909 loading class com/fasterxml/jackson/databind/introspect/SimpleMixInResolver done


Dynamic libraries:
0x00007ff721b00000 - 0x00007ff721b0d000 	C:\Users\sfjbs\.jdks\corretto-17.0.5\bin\java.exe
0x00007ffe2dd70000 - 0x00007ffe2df68000 	C:\Windows\SYSTEM32\ntdll.dll
0x00007ffe2d0c0000 - 0x00007ffe2d17d000 	C:\Windows\System32\KERNEL32.DLL
0x00007ffe2b8a0000 - 0x00007ffe2bb72000 	C:\Windows\System32\KERNELBASE.dll
0x00007ffe2b640000 - 0x00007ffe2b740000 	C:\Windows\System32\ucrtbase.dll
0x00007ffe0fd50000 - 0x00007ffe0fd67000 	C:\Users\sfjbs\.jdks\corretto-17.0.5\bin\jli.dll
0x00007ffe2bed0000 - 0x00007ffe2c06d000 	C:\Windows\System32\USER32.dll
0x00007ffe2b5c0000 - 0x00007ffe2b5e2000 	C:\Windows\System32\win32u.dll
0x00007ffe2c770000 - 0x00007ffe2c79b000 	C:\Windows\System32\GDI32.dll
0x00007ffe2b4b0000 - 0x00007ffe2b5bf000 	C:\Windows\System32\gdi32full.dll
0x00007ffe2bbf0000 - 0x00007ffe2bc8d000 	C:\Windows\System32\msvcp_win.dll
0x00007ffe0f8e0000 - 0x00007ffe0f8f5000 	C:\Users\sfjbs\.jdks\corretto-17.0.5\bin\VCRUNTIME140.dll
0x00007ffe0ce20000 - 0x00007ffe0d0ba000 	C:\Windows\WinSxS\amd64_microsoft.windows.common-controls_6595b64144ccf1df_6.0.19041.1110_none_60b5254171f9507e\COMCTL32.dll
0x00007ffe2c150000 - 0x00007ffe2c1ee000 	C:\Windows\System32\msvcrt.dll
0x00007ffe2bdd0000 - 0x00007ffe2be00000 	C:\Windows\System32\IMM32.DLL
0x00007ffe06060000 - 0x00007ffe060fb000 	C:\Users\sfjbs\.jdks\corretto-17.0.5\bin\msvcp140.dll
0x00007ffddac80000 - 0x00007ffddb894000 	C:\Users\sfjbs\.jdks\corretto-17.0.5\bin\server\jvm.dll
0x00007ffe2ccb0000 - 0x00007ffe2cd5e000 	C:\Windows\System32\ADVAPI32.dll
0x00007ffe2c670000 - 0x00007ffe2c70c000 	C:\Windows\System32\sechost.dll
0x00007ffe2d1f0000 - 0x00007ffe2d315000 	C:\Windows\System32\RPCRT4.dll
0x00007ffe26e90000 - 0x00007ffe26e99000 	C:\Windows\SYSTEM32\WSOCK32.dll
0x00007ffe2d180000 - 0x00007ffe2d1eb000 	C:\Windows\System32\WS2_32.dll
0x00007ffe08910000 - 0x00007ffe08937000 	C:\Windows\SYSTEM32\WINMM.dll
0x00007ffe235f0000 - 0x00007ffe235fa000 	C:\Windows\SYSTEM32\VERSION.dll
0x00007ffe29320000 - 0x00007ffe29332000 	C:\Windows\SYSTEM32\kernel.appcore.dll
0x00007ffe16500000 - 0x00007ffe1650a000 	C:\Users\sfjbs\.jdks\corretto-17.0.5\bin\jimage.dll
0x00007ffe1d6c0000 - 0x00007ffe1d8a4000 	C:\Windows\SYSTEM32\DBGHELP.DLL
0x00007ffe1d690000 - 0x00007ffe1d6bc000 	C:\Windows\SYSTEM32\dbgcore.DLL
0x00007ffe2bd40000 - 0x00007ffe2bdc2000 	C:\Windows\System32\bcryptPrimitives.dll
0x00007ffe0dbc0000 - 0x00007ffe0dbce000 	C:\Users\sfjbs\.jdks\corretto-17.0.5\bin\instrument.dll
0x00007ffe0f690000 - 0x00007ffe0f6b5000 	C:\Users\sfjbs\.jdks\corretto-17.0.5\bin\java.dll
0x00007ffe0f400000 - 0x00007ffe0f418000 	C:\Users\sfjbs\.jdks\corretto-17.0.5\bin\zip.dll
0x00007ffe05f80000 - 0x00007ffe06056000 	C:\Users\sfjbs\.jdks\corretto-17.0.5\bin\jsvml.dll
0x00007ffe2d500000 - 0x00007ffe2dc43000 	C:\Windows\System32\SHELL32.dll
0x00007ffe29520000 - 0x00007ffe29cb1000 	C:\Windows\SYSTEM32\windows.storage.dll
0x00007ffe2cd60000 - 0x00007ffe2d0b4000 	C:\Windows\System32\combase.dll
0x00007ffe2ad20000 - 0x00007ffe2ad50000 	C:\Windows\SYSTEM32\Wldp.dll
0x00007ffe2d450000 - 0x00007ffe2d4fd000 	C:\Windows\System32\SHCORE.dll
0x00007ffe2cbd0000 - 0x00007ffe2cc25000 	C:\Windows\System32\shlwapi.dll
0x00007ffe2b3c0000 - 0x00007ffe2b3df000 	C:\Windows\SYSTEM32\profapi.dll
0x00007ffe0f570000 - 0x00007ffe0f589000 	C:\Users\sfjbs\.jdks\corretto-17.0.5\bin\net.dll
0x00007ffe22f20000 - 0x00007ffe2302d000 	C:\Windows\SYSTEM32\WINHTTP.dll
0x00007ffe2ab00000 - 0x00007ffe2ab6a000 	C:\Windows\system32\mswsock.dll
0x00007ffe0f500000 - 0x00007ffe0f515000 	C:\Users\sfjbs\.jdks\corretto-17.0.5\bin\nio.dll
0x00007ffe08aa0000 - 0x00007ffe08aba000 	C:\Program Files\JetBrains\IntelliJ IDEA Community Edition 2022.2.1\bin\breakgen64.dll
0x00007ffe16590000 - 0x00007ffe165a0000 	C:\Users\sfjbs\.jdks\corretto-17.0.5\bin\verify.dll
0x00007ffe089e0000 - 0x00007ffe089e9000 	C:\Users\sfjbs\.jdks\corretto-17.0.5\bin\management.dll
0x00007ffe089a0000 - 0x00007ffe089ab000 	C:\Users\sfjbs\.jdks\corretto-17.0.5\bin\management_ext.dll
0x00007ffe2c7a0000 - 0x00007ffe2c7a8000 	C:\Windows\System32\PSAPI.DLL
0x00007ffe10310000 - 0x00007ffe10327000 	C:\Windows\system32\napinsp.dll
0x00007ffe102f0000 - 0x00007ffe1030b000 	C:\Windows\system32\pnrpnsp.dll
0x00007ffe102d0000 - 0x00007ffe102e5000 	C:\Windows\system32\wshbth.dll
0x00007ffe26de0000 - 0x00007ffe26dfd000 	C:\Windows\system32\NLAapi.dll
0x00007ffe2a810000 - 0x00007ffe2a84b000 	C:\Windows\SYSTEM32\IPHLPAPI.DLL
0x00007ffe2a850000 - 0x00007ffe2a91a000 	C:\Windows\SYSTEM32\DNSAPI.dll
0x00007ffe2c660000 - 0x00007ffe2c668000 	C:\Windows\System32\NSI.dll
0x00007ffe102b0000 - 0x00007ffe102c2000 	C:\Windows\System32\winrnr.dll
0x00007ffe223f0000 - 0x00007ffe223fa000 	C:\Windows\System32\rasadhlp.dll
0x00007ffe22ea0000 - 0x00007ffe22f20000 	C:\Windows\System32\fwpuclnt.dll
0x00007ffe2b480000 - 0x00007ffe2b4a7000 	C:\Windows\System32\bcrypt.dll

dbghelp: loaded successfully - version: 4.0.5 - missing functions: none
symbol engine: initialized successfully - sym options: 0x614 - pdb path: .;C:\Users\sfjbs\.jdks\corretto-17.0.5\bin;C:\Windows\SYSTEM32;C:\Windows\WinSxS\amd64_microsoft.windows.common-controls_6595b64144ccf1df_6.0.19041.1110_none_60b5254171f9507e;C:\Users\sfjbs\.jdks\corretto-17.0.5\bin\server;C:\Program Files\JetBrains\IntelliJ IDEA Community Edition 2022.2.1\bin

VM Arguments:
jvm_args: -ea -javaagent:C:\Users\sfjbs\AppData\Local\JetBrains\IdeaIC2022.2\testAgent\intellij-coverage-agent-1.0.673.jar=C:\Users\sfjbs\AppData\Local\Temp\coverage8args -Didea.new.sampling.coverage=true -Dcoverage.ignore.private.constructor.util.class=true -Didea.test.cyclic.buffer.size=1048576 -javaagent:C:\Program Files\JetBrains\IntelliJ IDEA Community Edition 2022.2.1\lib\idea_rt.jar=51289:C:\Program Files\JetBrains\IntelliJ IDEA Community Edition 2022.2.1\bin -Dfile.encoding=UTF-8 
java_command: com.intellij.rt.junit.JUnitStarter -ideVersion5 -junit5 @w@C:\Users\sfjbs\AppData\Local\Temp\idea_working_dirs_junit.tmp @C:\Users\sfjbs\AppData\Local\Temp\idea_junit.tmp -socket51288
java_class_path (initial): C:\Users\sfjbs\.m2\repository\org\junit\platform\junit-platform-launcher\1.8.2\junit-platform-launcher-1.8.2.jar;C:\Users\sfjbs\.m2\repository\org\junit\vintage\junit-vintage-engine\5.9.0\junit-vintage-engine-5.9.0.jar;C:\Program Files\JetBrains\IntelliJ IDEA Community Edition 2022.2.1\lib\idea_rt.jar;C:\Program Files\JetBrains\IntelliJ IDEA Community Edition 2022.2.1\plugins\junit\lib\junit5-rt.jar;C:\Program Files\JetBrains\IntelliJ IDEA Community Edition 2022.2.1\plugins\junit\lib\junit-rt.jar;C:\Users\sfjbs\Documents\Mini Project\pension-management-system\target\test-classes;C:\Users\sfjbs\Documents\Mini Project\pension-management-system\target\classes;C:\Users\sfjbs\.m2\repository\org\springframework\boot\spring-boot-starter-web\2.7.5\spring-boot-starter-web-2.7.5.jar;C:\Users\sfjbs\.m2\repository\org\springframework\boot\spring-boot-starter\2.7.3\spring-boot-starter-2.7.3.jar;C:\Users\sfjbs\.m2\repository\org\springframework\boot\spring-boot\2.7.3\spring-boot-2.7.3.jar;C:\Users\sfjbs\.m2\repository\org\springframework\boot\spring-boot-autoconfigure\2.7.3\spring-boot-autoconfigure-2.7.3.jar;C:\Users\sfjbs\.m2\repository\org\springframework\boot\spring-boot-starter-logging\2.7.3\spring-boot-starter-logging-2.7.3.jar;C:\Users\sfjbs\.m2\repository\ch\qos\logback\logback-classic\1.2.11\logback-classic-1.2.11.jar;C:\Users\sfjbs\.m2\repository\ch\qos\logback\logback-core\1.2.11\logback-core-1.2.11.jar;C:\Users\sfjbs\.m2\repository\org\apache\logging\log4j\log4j-to-slf4j\2.17.2\log4j-to-slf4j-2.17.2.jar;C:\Users\sfjbs\.m2\repository\org\apache\logging\log4j\log4j-api\2.17.2\log4j-api-2.17.2.jar;C:\Users\sfjbs\.m2\repository\org\slf4j\jul-to-slf4j\1.7.36\jul-to-slf4j-1.7.36.jar;C:\Users\sfjbs\.m2\repository\jakarta\annotation\jakarta.annotation-api\1.3.5\jakarta.annotation-api-1.3.5.jar;C:\Users\sfjbs\.m2\repository\org\yaml\snakeyaml\1.30\snakeyaml-1.30.jar;C:\Users\sfjbs\.m2\repository\org\springframework\boot\spring-boot-starter-json\2.7
Launcher Type: SUN_STANDARD

[Global flags]
     intx CICompilerCount                          = 2                                         {product} {ergonomic}
     uint ConcGCThreads                            = 1                                         {product} {ergonomic}
     uint G1ConcRefinementThreads                  = 2                                         {product} {ergonomic}
   size_t G1HeapRegionSize                         = 1048576                                   {product} {ergonomic}
    uintx GCDrainStackTargetSize                   = 64                                        {product} {ergonomic}
   size_t InitialHeapSize                          = 134217728                                 {product} {ergonomic}
   size_t MarkStackSize                            = 4194304                                   {product} {ergonomic}
   size_t MaxHeapSize                              = 2147483648                                {product} {ergonomic}
   size_t MaxNewSize                               = 1287651328                                {product} {ergonomic}
   size_t MinHeapDeltaBytes                        = 1048576                                   {product} {ergonomic}
   size_t MinHeapSize                              = 8388608                                   {product} {ergonomic}
    uintx NonNMethodCodeHeapSize                   = 5826188                                {pd product} {ergonomic}
    uintx NonProfiledCodeHeapSize                  = 122916026                              {pd product} {ergonomic}
    uintx ProfiledCodeHeapSize                     = 122916026                              {pd product} {ergonomic}
    uintx ReservedCodeCacheSize                    = 251658240                              {pd product} {ergonomic}
     bool SegmentedCodeCache                       = true                                      {product} {ergonomic}
   size_t SoftMaxHeapSize                          = 2147483648                             {manageable} {ergonomic}
     bool UseCompressedClassPointers               = true                           {product lp64_product} {ergonomic}
     bool UseCompressedOops                        = true                           {product lp64_product} {ergonomic}
     bool UseG1GC                                  = true                                      {product} {ergonomic}
     bool UseLargePagesIndividualAllocation        = false                                  {pd product} {ergonomic}

Logging:
Log output configuration:
 #0: stdout all=warning uptime,level,tags
 #1: stderr all=off uptime,level,tags

Environment Variables:
PATH=C:\Program Files\Common Files\Oracle\Java\javapath;C:\Windows\system32;C:\Windows;C:\Windows\System32\Wbem;C:\Windows\System32\WindowsPowerShell\v1.0\;C:\Windows\System32\OpenSSH\;C:\Users\sfjbs\Downloads\micro service-20221001T105859Z-001\micro service\apache-maven-3.8.5-bin\apache-maven-3.8.5\bin;C:\Users\sfjbs\Downloads\micro service-20221001T105859Z-001\micro service\apache-maven-3.8.5-bin\apache-maven-3.8.5\lib;C:\Program Files\Git\cmd;C:\Program Files\Docker\Docker\resources\bin;C:\ProgramData\DockerDesktop\version-bin;C:\Users\sfjbs\AppData\Local\Microsoft\WindowsApps;C:\Users\sfjbs\Downloads\micro service-20221001T105859Z-001\micro service\apache-maven-3.8.5-bin\apache-maven-3.8.5\bin;C:\Users\sfjbs\Downloads\micro service-20221001T105859Z-001\micro service\apache-maven-3.8.5-bin\apache-maven-3.8.5\lib;;C:\Program Files\JetBrains\IntelliJ IDEA Community Edition 2022.2.1\bin;
USERNAME=sfjbs
OS=Windows_NT
PROCESSOR_IDENTIFIER=Intel64 Family 6 Model 106 Stepping 6, GenuineIntel
TMP=C:\Users\sfjbs\AppData\Local\Temp
TEMP=C:\Users\sfjbs\AppData\Local\Temp



---------------  S Y S T E M  ---------------

OS:
 Windows 10 , 64 bit Build 19041 (10.0.19041.1889)
OS uptime: 0 days 2:01 hours
Hyper-V role detected

CPU: total 2 (initial active 2) (1 cores per cpu, 2 threads per core) family 6 model 106 stepping 6 microcode 0xffffffff, cx8, cmov, fxsr, ht, mmx, 3dnowpref, sse, sse2, sse3, ssse3, sse4.1, sse4.2, popcnt, lzcnt, tsc, avx, avx2, aes, erms, clmul, bmi1, bmi2, rtm, adx, avx512f, avx512dq, avx512cd, avx512bw, avx512vl, fma, vzeroupper, clflush, clflushopt, hv

Memory: 4k page, system-wide physical 8190M (425M free)
TotalPageFile size 10238M (AvailPageFile size 4M)
current process WorkingSet (physical memory assigned to process): 200M, peak: 200M
current process commit charge ("private bytes"): 264M, peak: 265M

vm_info: OpenJDK 64-Bit Server VM (17.0.5+8-LTS) for windows-amd64 JRE (17.0.5+8-LTS), built on Oct 13 2022 05:18:14 by "Administrator" with MS VC++ 15.9 (VS2017)

END.
