#
# There is insufficient memory for the Java Runtime Environment to continue.
# Native memory allocation (mmap) failed to map 153092096 bytes for G1 virtual space
# Possible reasons:
#   The system is out of physical RAM or swap space
#   The process is running with CompressedOops enabled, and the Java Heap may be blocking the growth of the native heap
# Possible solutions:
#   Reduce memory load on the system
#   Increase physical memory or swap space
#   Check if swap backing store is full
#   Decrease Java heap size (-Xmx/-Xms)
#   Decrease number of Java threads
#   Decrease Java thread stack sizes (-Xss)
#   Set larger code cache with -XX:ReservedCodeCacheSize=
#   JVM is running with Unscaled Compressed Oops mode in which the Java heap is
#     placed in the first 4GB address space. The Java Heap base address is the
#     maximum limit for the native heap growth. Please use -XX:HeapBaseMinAddress
#     to set the Java Heap base and to place the Java Heap above 4GB virtual address.
# This output file may be truncated or incomplete.
#
#  Out of Memory Error (os_windows.cpp:3548), pid=22200, tid=25124
#
# JRE version: OpenJDK Runtime Environment Corretto-17.0.5.8.1 (17.0.5+8) (build 17.0.5+8-LTS)
# Java VM: OpenJDK 64-Bit Server VM Corretto-17.0.5.8.1 (17.0.5+8-LTS, mixed mode, sharing, tiered, compressed oops, compressed class ptrs, g1 gc, windows-amd64)
# No core dump will be written. Minidumps are not enabled by default on client versions of Windows
#

---------------  S U M M A R Y ------------

Command Line: -ea -javaagent:C:\Users\sfjbs\AppData\Local\JetBrains\IdeaIC2022.2\testAgent\intellij-coverage-agent-1.0.673.jar=C:\Users\sfjbs\AppData\Local\Temp\coverage4args -Didea.new.sampling.coverage=true -Dcoverage.ignore.private.constructor.util.class=true -Didea.test.cyclic.buffer.size=1048576 -javaagent:C:\Program Files\JetBrains\IntelliJ IDEA Community Edition 2022.2.1\lib\idea_rt.jar=56168:C:\Program Files\JetBrains\IntelliJ IDEA Community Edition 2022.2.1\bin -Dfile.encoding=UTF-8 com.intellij.rt.junit.JUnitStarter -ideVersion5 -junit5 @w@C:\Users\sfjbs\AppData\Local\Temp\idea_working_dirs_junit.tmp @C:\Users\sfjbs\AppData\Local\Temp\idea_junit.tmp -socket56167

Host: Intel(R) Xeon(R) Platinum 8370C CPU @ 2.80GHz, 2 cores, 7G,  Windows 10 , 64 bit Build 19041 (10.0.19041.1889)
Time: Tue Nov  1 07:15:08 2022 Coordinated Universal Time elapsed time: 31.214782 seconds (0d 0h 0m 31s)

---------------  T H R E A D  ---------------

Current thread (0x000002377c0fdbc0):  VMThread "VM Thread" [stack: 0x0000003d01400000,0x0000003d01500000] [id=25124]

Stack: [0x0000003d01400000,0x0000003d01500000]
Native frames: (J=compiled Java code, j=interpreted, Vv=VM code, C=native code)
V  [jvm.dll+0x646e0a]
V  [jvm.dll+0x7f7f14]
V  [jvm.dll+0x7f96ce]
V  [jvm.dll+0x7f9d23]
V  [jvm.dll+0x234c98]
V  [jvm.dll+0x643d6a]
V  [jvm.dll+0x63849a]
V  [jvm.dll+0x2f2ed9]
V  [jvm.dll+0x2fa066]
V  [jvm.dll+0x345a2a]
V  [jvm.dll+0x345c6f]
V  [jvm.dll+0x2c9378]
V  [jvm.dll+0x2c7867]
V  [jvm.dll+0x2c6e4c]
V  [jvm.dll+0x309f6b]
V  [jvm.dll+0x7fe15b]
V  [jvm.dll+0x7fee38]
V  [jvm.dll+0x7ff365]
V  [jvm.dll+0x7ff734]
V  [jvm.dll+0x7ff7fe]
V  [jvm.dll+0x7aac5a]
V  [jvm.dll+0x645cd5]
C  [ucrtbase.dll+0x21bb2]
C  [KERNEL32.DLL+0x17034]
C  [ntdll.dll+0x526a1]

VM_Operation (0x0000003d00ef7b70): G1CollectForAllocation, mode: safepoint, requested by thread 0x000002375ea85f20


---------------  P R O C E S S  ---------------

Threads class SMR info:
_java_thread_list=0x0000023705c12c30, length=16, elements={
0x000002375ea85f20, 0x000002377c102230, 0x000002377c102cf0, 0x000002377c111f00,
0x000002377c1167e0, 0x000002377c1170a0, 0x000002377c117960, 0x000002377c11d570,
0x000002377c121c00, 0x000002377c13b500, 0x000002377c0ee1f0, 0x000002377ce0ca70,
0x000002377ce10b50, 0x000002377e64ce90, 0x0000023703cf5560, 0x0000023703cf7710
}

Java Threads: ( => current thread )
  0x000002375ea85f20 JavaThread "main" [_thread_blocked, id=29956, stack(0x0000003d00e00000,0x0000003d00f00000)]
  0x000002377c102230 JavaThread "Reference Handler" daemon [_thread_blocked, id=29604, stack(0x0000003d01500000,0x0000003d01600000)]
  0x000002377c102cf0 JavaThread "Finalizer" daemon [_thread_blocked, id=20660, stack(0x0000003d01600000,0x0000003d01700000)]
  0x000002377c111f00 JavaThread "Signal Dispatcher" daemon [_thread_blocked, id=28224, stack(0x0000003d01700000,0x0000003d01800000)]
  0x000002377c1167e0 JavaThread "Attach Listener" daemon [_thread_blocked, id=29708, stack(0x0000003d01800000,0x0000003d01900000)]
  0x000002377c1170a0 JavaThread "Service Thread" daemon [_thread_blocked, id=28372, stack(0x0000003d01900000,0x0000003d01a00000)]
  0x000002377c117960 JavaThread "Monitor Deflation Thread" daemon [_thread_blocked, id=29324, stack(0x0000003d01a00000,0x0000003d01b00000)]
  0x000002377c11d570 JavaThread "C2 CompilerThread0" daemon [_thread_in_native, id=30272, stack(0x0000003d01b00000,0x0000003d01c00000)]
  0x000002377c121c00 JavaThread "C1 CompilerThread0" daemon [_thread_blocked, id=27508, stack(0x0000003d01c00000,0x0000003d01d00000)]
  0x000002377c13b500 JavaThread "Sweeper thread" daemon [_thread_blocked, id=20036, stack(0x0000003d01d00000,0x0000003d01e00000)]
  0x000002377c0ee1f0 JavaThread "Common-Cleaner" daemon [_thread_blocked, id=30024, stack(0x0000003d01e00000,0x0000003d01f00000)]
  0x000002377ce0ca70 JavaThread "Monitor Ctrl-Break" daemon [_thread_in_native, id=20744, stack(0x0000003d01f00000,0x0000003d02000000)]
  0x000002377ce10b50 JavaThread "Notification Thread" daemon [_thread_blocked, id=3952, stack(0x0000003d02000000,0x0000003d02100000)]
  0x000002377e64ce90 JavaThread "mysql-cj-abandoned-connection-cleanup" daemon [_thread_blocked, id=26060, stack(0x0000003d02400000,0x0000003d02500000)]
  0x0000023703cf5560 JavaThread "HikariPool-1 housekeeper" daemon [_thread_blocked, id=14508, stack(0x0000003d02600000,0x0000003d02700000)]
  0x0000023703cf7710 JavaThread "HikariPool-1 connection adder" daemon [_thread_in_native, id=28884, stack(0x0000003d02700000,0x0000003d02800000)]

Other Threads:
=>0x000002377c0fdbc0 VMThread "VM Thread" [stack: 0x0000003d01400000,0x0000003d01500000] [id=25124]
  0x000002375ea86de0 WatcherThread [stack: 0x0000003d02100000,0x0000003d02200000] [id=24404]
  0x000002375eaa74f0 GCTaskThread "GC Thread#0" [stack: 0x0000003d00f00000,0x0000003d01000000] [id=29320]
  0x000002377cdcd0a0 GCTaskThread "GC Thread#1" [stack: 0x0000003d02200000,0x0000003d02300000] [id=30492]
  0x000002375eaf5610 ConcurrentGCThread "G1 Main Marker" [stack: 0x0000003d01000000,0x0000003d01100000] [id=26896]
  0x000002375eaf5f30 ConcurrentGCThread "G1 Conc#0" [stack: 0x0000003d01100000,0x0000003d01200000] [id=29572]
  0x000002377bfb20a0 ConcurrentGCThread "G1 Refine#0" [stack: 0x0000003d01200000,0x0000003d01300000] [id=30216]
  0x000002377cff6c40 ConcurrentGCThread "G1 Refine#1" [stack: 0x0000003d02300000,0x0000003d02400000] [id=28808]
  0x000002377bfb28d0 ConcurrentGCThread "G1 Service" [stack: 0x0000003d01300000,0x0000003d01400000] [id=23464]

Threads with active compile tasks:
C2 CompilerThread0    31249 7470       4       java.beans.MethodRef::set (58 bytes)

VM state: at safepoint (normal execution)

VM Mutex/Monitor currently owned by a thread:  ([mutex/lock_event])
[0x000002375ea81f60] Threads_lock - owner thread: 0x000002377c0fdbc0
[0x000002375ea80e80] Heap_lock - owner thread: 0x000002375ea85f20

Heap address: 0x0000000080000000, size: 2048 MB, Compressed Oops mode: 32-bit

CDS archive(s) mapped at: [0x0000000800000000-0x0000000800bc0000-0x0000000800bc0000), size 12320768, SharedBaseAddress: 0x0000000800000000, ArchiveRelocationMode: 0.
Compressed class space mapped at: 0x0000000800c00000-0x0000000840c00000, reserved size: 1073741824
Narrow klass base: 0x0000000800000000, Narrow klass shift: 0, Narrow klass range: 0x100000000

GC Precious Log:
 CPUs: 2 total, 2 available
 Memory: 8190M
 Large Page Support: Disabled
 NUMA Support: Disabled
 Compressed Oops: Enabled (32-bit)
 Heap Region Size: 1M
 Heap Min Capacity: 8M
 Heap Initial Capacity: 128M
 Heap Max Capacity: 2G
 Pre-touch: Disabled
 Parallel Workers: 2
 Concurrent Workers: 1
 Concurrent Refinement Workers: 2
 Periodic GC: Disabled

Heap:
 garbage-first heap   total 157696K, used 79687K [0x0000000080000000, 0x0000000100000000)
  region size 1024K, 1 young (1024K), 1 survivors (1024K)
 Metaspace       used 67872K, committed 68352K, reserved 1114112K
  class space    used 8366K, committed 8576K, reserved 1048576K

Heap Regions: E=young(eden), S=young(survivor), O=old, HS=humongous(starts), HC=humongous(continues), CS=collection set, F=free, OA=open archive, CA=closed archive, TAMS=top-at-mark-start (previous, next)
|   0|0x0000000080000000, 0x0000000080100000, 0x0000000080100000|100%| O|  |TAMS 0x0000000080100000, 0x0000000080000000| Untracked 
|   1|0x0000000080100000, 0x0000000080200000, 0x0000000080200000|100%| O|  |TAMS 0x0000000080200000, 0x0000000080100000| Untracked 
|   2|0x0000000080200000, 0x0000000080300000, 0x0000000080300000|100%| O|  |TAMS 0x0000000080300000, 0x0000000080200000| Untracked 
|   3|0x0000000080300000, 0x0000000080400000, 0x0000000080400000|100%| O|  |TAMS 0x0000000080400000, 0x0000000080300000| Untracked 
|   4|0x0000000080400000, 0x0000000080500000, 0x0000000080500000|100%|HS|  |TAMS 0x0000000080500000, 0x0000000080400000| Complete 
|   5|0x0000000080500000, 0x0000000080600000, 0x0000000080600000|100%| O|  |TAMS 0x0000000080600000, 0x0000000080500000| Untracked 
|   6|0x0000000080600000, 0x0000000080700000, 0x0000000080700000|100%| O|  |TAMS 0x0000000080700000, 0x0000000080600000| Untracked 
|   7|0x0000000080700000, 0x0000000080800000, 0x0000000080800000|100%| O|  |TAMS 0x0000000080800000, 0x0000000080700000| Untracked 
|   8|0x0000000080800000, 0x0000000080900000, 0x0000000080900000|100%| O|  |TAMS 0x0000000080900000, 0x0000000080800000| Untracked 
|   9|0x0000000080900000, 0x0000000080a00000, 0x0000000080a00000|100%| O|  |TAMS 0x0000000080a00000, 0x0000000080900000| Untracked 
|  10|0x0000000080a00000, 0x0000000080b00000, 0x0000000080b00000|100%| O|  |TAMS 0x0000000080b00000, 0x0000000080a00000| Untracked 
|  11|0x0000000080b00000, 0x0000000080c00000, 0x0000000080c00000|100%| O|  |TAMS 0x0000000080c00000, 0x0000000080b00000| Untracked 
|  12|0x0000000080c00000, 0x0000000080d00000, 0x0000000080d00000|100%| O|  |TAMS 0x0000000080d00000, 0x0000000080c00000| Untracked 
|  13|0x0000000080d00000, 0x0000000080e00000, 0x0000000080e00000|100%| O|  |TAMS 0x0000000080e00000, 0x0000000080d00000| Untracked 
|  14|0x0000000080e00000, 0x0000000080f00000, 0x0000000080f00000|100%| O|  |TAMS 0x0000000080f00000, 0x0000000080e00000| Untracked 
|  15|0x0000000080f00000, 0x0000000081000000, 0x0000000081000000|100%| O|  |TAMS 0x0000000081000000, 0x0000000080f00000| Untracked 
|  16|0x0000000081000000, 0x0000000081100000, 0x0000000081100000|100%| O|  |TAMS 0x0000000081100000, 0x0000000081000000| Untracked 
|  17|0x0000000081100000, 0x0000000081200000, 0x0000000081200000|100%| O|  |TAMS 0x0000000081200000, 0x0000000081100000| Untracked 
|  18|0x0000000081200000, 0x0000000081300000, 0x0000000081300000|100%| O|  |TAMS 0x0000000081300000, 0x0000000081200000| Untracked 
|  19|0x0000000081300000, 0x0000000081400000, 0x0000000081400000|100%| O|  |TAMS 0x0000000081400000, 0x0000000081300000| Untracked 
|  20|0x0000000081400000, 0x0000000081500000, 0x0000000081500000|100%| O|  |TAMS 0x0000000081500000, 0x0000000081400000| Untracked 
|  21|0x0000000081500000, 0x0000000081600000, 0x0000000081600000|100%| O|  |TAMS 0x0000000081600000, 0x0000000081500000| Untracked 
|  22|0x0000000081600000, 0x0000000081700000, 0x0000000081700000|100%| O|  |TAMS 0x0000000081700000, 0x0000000081600000| Untracked 
|  23|0x0000000081700000, 0x0000000081800000, 0x0000000081800000|100%| O|  |TAMS 0x0000000081800000, 0x0000000081700000| Untracked 
|  24|0x0000000081800000, 0x0000000081900000, 0x0000000081900000|100%| O|  |TAMS 0x0000000081900000, 0x0000000081800000| Untracked 
|  25|0x0000000081900000, 0x0000000081a00000, 0x0000000081a00000|100%| O|  |TAMS 0x0000000081a00000, 0x0000000081900000| Untracked 
|  26|0x0000000081a00000, 0x0000000081b00000, 0x0000000081b00000|100%| O|  |TAMS 0x0000000081b00000, 0x0000000081a00000| Untracked 
|  27|0x0000000081b00000, 0x0000000081c00000, 0x0000000081c00000|100%| O|  |TAMS 0x0000000081c00000, 0x0000000081b00000| Untracked 
|  28|0x0000000081c00000, 0x0000000081d00000, 0x0000000081d00000|100%| O|  |TAMS 0x0000000081d00000, 0x0000000081c00000| Untracked 
|  29|0x0000000081d00000, 0x0000000081e00000, 0x0000000081e00000|100%| O|  |TAMS 0x0000000081e00000, 0x0000000081d00000| Untracked 
|  30|0x0000000081e00000, 0x0000000081f00000, 0x0000000081f00000|100%| O|  |TAMS 0x0000000081f00000, 0x0000000081e00000| Untracked 
|  31|0x0000000081f00000, 0x0000000082000000, 0x0000000082000000|100%| O|  |TAMS 0x0000000082000000, 0x0000000081f00000| Untracked 
|  32|0x0000000082000000, 0x0000000082100000, 0x0000000082100000|100%| O|  |TAMS 0x0000000082100000, 0x0000000082000000| Untracked 
|  33|0x0000000082100000, 0x0000000082200000, 0x0000000082200000|100%| O|  |TAMS 0x0000000082200000, 0x0000000082100000| Untracked 
|  34|0x0000000082200000, 0x0000000082300000, 0x0000000082300000|100%| O|  |TAMS 0x0000000082300000, 0x0000000082200000| Untracked 
|  35|0x0000000082300000, 0x0000000082400000, 0x0000000082400000|100%| O|  |TAMS 0x0000000082400000, 0x0000000082300000| Untracked 
|  36|0x0000000082400000, 0x0000000082500000, 0x0000000082500000|100%| O|  |TAMS 0x0000000082500000, 0x0000000082400000| Untracked 
|  37|0x0000000082500000, 0x0000000082600000, 0x0000000082600000|100%| O|  |TAMS 0x0000000082600000, 0x0000000082500000| Untracked 
|  38|0x0000000082600000, 0x0000000082700000, 0x0000000082700000|100%| O|  |TAMS 0x0000000082700000, 0x0000000082600000| Untracked 
|  39|0x0000000082700000, 0x0000000082800000, 0x0000000082800000|100%| O|  |TAMS 0x0000000082800000, 0x0000000082700000| Untracked 
|  40|0x0000000082800000, 0x0000000082800000, 0x0000000082900000|  0%| F|  |TAMS 0x0000000082800000, 0x0000000082800000| Untracked 
|  41|0x0000000082900000, 0x0000000082a00000, 0x0000000082a00000|100%| O|  |TAMS 0x0000000082a00000, 0x0000000082900000| Untracked 
|  42|0x0000000082a00000, 0x0000000082b00000, 0x0000000082b00000|100%| O|  |TAMS 0x0000000082b00000, 0x0000000082a00000| Untracked 
|  43|0x0000000082b00000, 0x0000000082c00000, 0x0000000082c00000|100%| O|  |TAMS 0x0000000082c00000, 0x0000000082b00000| Untracked 
|  44|0x0000000082c00000, 0x0000000082d00000, 0x0000000082d00000|100%| O|  |TAMS 0x0000000082d00000, 0x0000000082c00000| Untracked 
|  45|0x0000000082d00000, 0x0000000082e00000, 0x0000000082e00000|100%| O|  |TAMS 0x0000000082e00000, 0x0000000082d00000| Untracked 
|  46|0x0000000082e00000, 0x0000000082f00000, 0x0000000082f00000|100%| O|  |TAMS 0x0000000082f00000, 0x0000000082e00000| Untracked 
|  47|0x0000000082f00000, 0x0000000083000000, 0x0000000083000000|100%| O|  |TAMS 0x0000000083000000, 0x0000000082f00000| Untracked 
|  48|0x0000000083000000, 0x0000000083100000, 0x0000000083100000|100%| O|  |TAMS 0x0000000083100000, 0x0000000083000000| Untracked 
|  49|0x0000000083100000, 0x0000000083200000, 0x0000000083200000|100%| O|  |TAMS 0x0000000083200000, 0x0000000083100000| Untracked 
|  50|0x0000000083200000, 0x0000000083300000, 0x0000000083300000|100%| O|  |TAMS 0x0000000083300000, 0x0000000083200000| Untracked 
|  51|0x0000000083300000, 0x0000000083400000, 0x0000000083400000|100%| O|  |TAMS 0x0000000083400000, 0x0000000083300000| Untracked 
|  52|0x0000000083400000, 0x0000000083500000, 0x0000000083500000|100%| O|  |TAMS 0x0000000083500000, 0x0000000083400000| Untracked 
|  53|0x0000000083500000, 0x0000000083600000, 0x0000000083600000|100%| O|  |TAMS 0x0000000083600000, 0x0000000083500000| Untracked 
|  54|0x0000000083600000, 0x0000000083700000, 0x0000000083700000|100%| O|  |TAMS 0x0000000083700000, 0x0000000083600000| Untracked 
|  55|0x0000000083700000, 0x0000000083800000, 0x0000000083800000|100%| O|  |TAMS 0x0000000083800000, 0x0000000083700000| Untracked 
|  56|0x0000000083800000, 0x0000000083800000, 0x0000000083900000|  0%| F|  |TAMS 0x0000000083800000, 0x0000000083800000| Untracked 
|  57|0x0000000083900000, 0x0000000083a00000, 0x0000000083a00000|100%| O|  |TAMS 0x0000000083900000, 0x0000000083900000| Untracked 
|  58|0x0000000083a00000, 0x0000000083b00000, 0x0000000083b00000|100%| O|  |TAMS 0x0000000083b00000, 0x0000000083a00000| Untracked 
|  59|0x0000000083b00000, 0x0000000083c00000, 0x0000000083c00000|100%| O|  |TAMS 0x0000000083c00000, 0x0000000083b00000| Untracked 
|  60|0x0000000083c00000, 0x0000000083d00000, 0x0000000083d00000|100%| O|  |TAMS 0x0000000083d00000, 0x0000000083c00000| Untracked 
|  61|0x0000000083d00000, 0x0000000083e00000, 0x0000000083e00000|100%| O|  |TAMS 0x0000000083e00000, 0x0000000083d00000| Untracked 
|  62|0x0000000083e00000, 0x0000000083f00000, 0x0000000083f00000|100%| O|  |TAMS 0x0000000083f00000, 0x0000000083e00000| Untracked 
|  63|0x0000000083f00000, 0x0000000084000000, 0x0000000084000000|100%| O|  |TAMS 0x0000000084000000, 0x0000000083f00000| Untracked 
|  64|0x0000000084000000, 0x0000000084100000, 0x0000000084100000|100%| O|  |TAMS 0x0000000084100000, 0x0000000084000000| Untracked 
|  65|0x0000000084100000, 0x0000000084200000, 0x0000000084200000|100%| O|  |TAMS 0x0000000084200000, 0x0000000084100000| Untracked 
|  66|0x0000000084200000, 0x0000000084300000, 0x0000000084300000|100%| O|  |TAMS 0x0000000084300000, 0x0000000084200000| Untracked 
|  67|0x0000000084300000, 0x0000000084400000, 0x0000000084400000|100%| O|  |TAMS 0x0000000084400000, 0x0000000084300000| Untracked 
|  68|0x0000000084400000, 0x0000000084500000, 0x0000000084500000|100%| O|  |TAMS 0x0000000084500000, 0x0000000084400000| Untracked 
|  69|0x0000000084500000, 0x0000000084600000, 0x0000000084600000|100%| O|  |TAMS 0x0000000084600000, 0x0000000084500000| Untracked 
|  70|0x0000000084600000, 0x0000000084700000, 0x0000000084700000|100%| O|  |TAMS 0x00000000846b8200, 0x0000000084600000| Untracked 
|  71|0x0000000084700000, 0x0000000084800000, 0x0000000084800000|100%| O|  |TAMS 0x0000000084700000, 0x0000000084700000| Untracked 
|  72|0x0000000084800000, 0x0000000084900000, 0x0000000084900000|100%| O|  |TAMS 0x0000000084800000, 0x0000000084800000| Untracked 
|  73|0x0000000084900000, 0x0000000084a00000, 0x0000000084a00000|100%| O|  |TAMS 0x0000000084900000, 0x0000000084900000| Untracked 
|  74|0x0000000084a00000, 0x0000000084b00000, 0x0000000084b00000|100%| O|  |TAMS 0x0000000084a00000, 0x0000000084a00000| Untracked 
|  75|0x0000000084b00000, 0x0000000084c00000, 0x0000000084c00000|100%| O|  |TAMS 0x0000000084b00000, 0x0000000084b00000| Untracked 
|  76|0x0000000084c00000, 0x0000000084d00000, 0x0000000084d00000|100%| O|  |TAMS 0x0000000084c00000, 0x0000000084c00000| Untracked 
|  77|0x0000000084d00000, 0x0000000084e00000, 0x0000000084e00000|100%| O|  |TAMS 0x0000000084d00000, 0x0000000084d00000| Untracked 
|  78|0x0000000084e00000, 0x0000000084ed1c00, 0x0000000084f00000| 81%| O|  |TAMS 0x0000000084e00000, 0x0000000084e00000| Untracked 
|  79|0x0000000084f00000, 0x0000000084f00000, 0x0000000085000000|  0%| F|  |TAMS 0x0000000084f00000, 0x0000000084f00000| Untracked 
|  80|0x0000000085000000, 0x0000000085000000, 0x0000000085100000|  0%| F|  |TAMS 0x0000000085000000, 0x0000000085000000| Untracked 
|  81|0x0000000085100000, 0x0000000085100000, 0x0000000085200000|  0%| F|  |TAMS 0x0000000085100000, 0x0000000085100000| Untracked 
|  82|0x0000000085200000, 0x0000000085200000, 0x0000000085300000|  0%| F|  |TAMS 0x0000000085200000, 0x0000000085200000| Untracked 
|  83|0x0000000085300000, 0x0000000085300000, 0x0000000085400000|  0%| F|  |TAMS 0x0000000085300000, 0x0000000085300000| Untracked 
|  84|0x0000000085400000, 0x0000000085400000, 0x0000000085500000|  0%| F|  |TAMS 0x0000000085400000, 0x0000000085400000| Untracked 
|  85|0x0000000085500000, 0x0000000085500000, 0x0000000085600000|  0%| F|  |TAMS 0x0000000085500000, 0x0000000085500000| Untracked 
|  86|0x0000000085600000, 0x0000000085600000, 0x0000000085700000|  0%| F|  |TAMS 0x0000000085600000, 0x0000000085600000| Untracked 
|  87|0x0000000085700000, 0x0000000085700000, 0x0000000085800000|  0%| F|  |TAMS 0x0000000085700000, 0x0000000085700000| Untracked 
|  88|0x0000000085800000, 0x0000000085800000, 0x0000000085900000|  0%| F|  |TAMS 0x0000000085800000, 0x0000000085800000| Untracked 
|  89|0x0000000085900000, 0x0000000085900000, 0x0000000085a00000|  0%| F|  |TAMS 0x0000000085900000, 0x0000000085900000| Untracked 
|  90|0x0000000085a00000, 0x0000000085a00000, 0x0000000085b00000|  0%| F|  |TAMS 0x0000000085a00000, 0x0000000085a00000| Untracked 
|  91|0x0000000085b00000, 0x0000000085b00000, 0x0000000085c00000|  0%| F|  |TAMS 0x0000000085b00000, 0x0000000085b00000| Untracked 
|  92|0x0000000085c00000, 0x0000000085c00000, 0x0000000085d00000|  0%| F|  |TAMS 0x0000000085c00000, 0x0000000085c00000| Untracked 
|  93|0x0000000085d00000, 0x0000000085d00000, 0x0000000085e00000|  0%| F|  |TAMS 0x0000000085d00000, 0x0000000085d00000| Untracked 
|  94|0x0000000085e00000, 0x0000000085e00000, 0x0000000085f00000|  0%| F|  |TAMS 0x0000000085e00000, 0x0000000085e00000| Untracked 
|  95|0x0000000085f00000, 0x0000000085f00000, 0x0000000086000000|  0%| F|  |TAMS 0x0000000085f00000, 0x0000000085f00000| Untracked 
|  96|0x0000000086000000, 0x0000000086000000, 0x0000000086100000|  0%| F|  |TAMS 0x0000000086000000, 0x0000000086000000| Untracked 
|  97|0x0000000086100000, 0x0000000086100000, 0x0000000086200000|  0%| F|  |TAMS 0x0000000086100000, 0x0000000086100000| Untracked 
|  98|0x0000000086200000, 0x0000000086200000, 0x0000000086300000|  0%| F|  |TAMS 0x0000000086200000, 0x0000000086200000| Untracked 
|  99|0x0000000086300000, 0x0000000086300000, 0x0000000086400000|  0%| F|  |TAMS 0x0000000086300000, 0x0000000086300000| Untracked 
| 100|0x0000000086400000, 0x0000000086400000, 0x0000000086500000|  0%| F|  |TAMS 0x0000000086400000, 0x0000000086400000| Untracked 
| 101|0x0000000086500000, 0x0000000086500000, 0x0000000086600000|  0%| F|  |TAMS 0x0000000086500000, 0x0000000086500000| Untracked 
| 102|0x0000000086600000, 0x0000000086600000, 0x0000000086700000|  0%| F|  |TAMS 0x0000000086600000, 0x0000000086600000| Untracked 
| 103|0x0000000086700000, 0x0000000086700000, 0x0000000086800000|  0%| F|  |TAMS 0x0000000086700000, 0x0000000086700000| Untracked 
| 104|0x0000000086800000, 0x0000000086800000, 0x0000000086900000|  0%| F|  |TAMS 0x0000000086800000, 0x0000000086800000| Untracked 
| 105|0x0000000086900000, 0x0000000086900000, 0x0000000086a00000|  0%| F|  |TAMS 0x0000000086900000, 0x0000000086900000| Untracked 
| 106|0x0000000086a00000, 0x0000000086a00000, 0x0000000086b00000|  0%| F|  |TAMS 0x0000000086a00000, 0x0000000086a00000| Untracked 
| 107|0x0000000086b00000, 0x0000000086b00000, 0x0000000086c00000|  0%| F|  |TAMS 0x0000000086b00000, 0x0000000086b00000| Untracked 
| 108|0x0000000086c00000, 0x0000000086c00000, 0x0000000086d00000|  0%| F|  |TAMS 0x0000000086c00000, 0x0000000086c00000| Untracked 
| 109|0x0000000086d00000, 0x0000000086d00000, 0x0000000086e00000|  0%| F|  |TAMS 0x0000000086d00000, 0x0000000086d00000| Untracked 
| 110|0x0000000086e00000, 0x0000000086e00000, 0x0000000086f00000|  0%| F|  |TAMS 0x0000000086e00000, 0x0000000086e00000| Untracked 
| 111|0x0000000086f00000, 0x0000000086f00000, 0x0000000087000000|  0%| F|  |TAMS 0x0000000086f00000, 0x0000000086f00000| Untracked 
| 112|0x0000000087000000, 0x0000000087000000, 0x0000000087100000|  0%| F|  |TAMS 0x0000000087000000, 0x0000000087000000| Untracked 
| 113|0x0000000087100000, 0x0000000087100000, 0x0000000087200000|  0%| F|  |TAMS 0x0000000087100000, 0x0000000087100000| Untracked 
| 114|0x0000000087200000, 0x0000000087200000, 0x0000000087300000|  0%| F|  |TAMS 0x0000000087200000, 0x0000000087200000| Untracked 
| 115|0x0000000087300000, 0x0000000087300000, 0x0000000087400000|  0%| F|  |TAMS 0x0000000087300000, 0x0000000087300000| Untracked 
| 116|0x0000000087400000, 0x0000000087400000, 0x0000000087500000|  0%| F|  |TAMS 0x0000000087400000, 0x0000000087400000| Untracked 
| 117|0x0000000087500000, 0x0000000087500000, 0x0000000087600000|  0%| F|  |TAMS 0x0000000087500000, 0x0000000087500000| Untracked 
| 118|0x0000000087600000, 0x0000000087600000, 0x0000000087700000|  0%| F|  |TAMS 0x0000000087600000, 0x0000000087600000| Untracked 
| 119|0x0000000087700000, 0x0000000087700000, 0x0000000087800000|  0%| F|  |TAMS 0x0000000087700000, 0x0000000087700000| Untracked 
| 120|0x0000000087800000, 0x0000000087800000, 0x0000000087900000|  0%| F|  |TAMS 0x0000000087800000, 0x0000000087800000| Untracked 
| 121|0x0000000087900000, 0x0000000087900000, 0x0000000087a00000|  0%| F|  |TAMS 0x0000000087900000, 0x0000000087900000| Untracked 
| 122|0x0000000087a00000, 0x0000000087a00000, 0x0000000087b00000|  0%| F|  |TAMS 0x0000000087a00000, 0x0000000087a00000| Untracked 
| 123|0x0000000087b00000, 0x0000000087b00000, 0x0000000087c00000|  0%| F|  |TAMS 0x0000000087b00000, 0x0000000087b00000| Untracked 
| 124|0x0000000087c00000, 0x0000000087c00000, 0x0000000087d00000|  0%| F|  |TAMS 0x0000000087c00000, 0x0000000087c00000| Untracked 
| 125|0x0000000087d00000, 0x0000000087d00000, 0x0000000087e00000|  0%| F|  |TAMS 0x0000000087d00000, 0x0000000087d00000| Untracked 
| 126|0x0000000087e00000, 0x0000000087e00000, 0x0000000087f00000|  0%| F|  |TAMS 0x0000000087e00000, 0x0000000087e00000| Untracked 
| 127|0x0000000087f00000, 0x0000000087f00000, 0x0000000088000000|  0%| F|  |TAMS 0x0000000087f00000, 0x0000000087f00000| Untracked 
| 128|0x0000000088000000, 0x0000000088000000, 0x0000000088100000|  0%| F|  |TAMS 0x0000000088000000, 0x0000000088000000| Untracked 
| 129|0x0000000088100000, 0x0000000088100000, 0x0000000088200000|  0%| F|  |TAMS 0x0000000088100000, 0x0000000088100000| Untracked 
| 130|0x0000000088200000, 0x0000000088200000, 0x0000000088300000|  0%| F|  |TAMS 0x0000000088200000, 0x0000000088200000| Untracked 
| 131|0x0000000088300000, 0x0000000088300000, 0x0000000088400000|  0%| F|  |TAMS 0x0000000088300000, 0x0000000088300000| Untracked 
| 132|0x0000000088400000, 0x0000000088400000, 0x0000000088500000|  0%| F|  |TAMS 0x0000000088400000, 0x0000000088400000| Untracked 
| 133|0x0000000088500000, 0x0000000088500000, 0x0000000088600000|  0%| F|  |TAMS 0x0000000088500000, 0x0000000088500000| Untracked 
| 134|0x0000000088600000, 0x0000000088600000, 0x0000000088700000|  0%| F|  |TAMS 0x0000000088600000, 0x0000000088600000| Untracked 
| 135|0x0000000088700000, 0x0000000088700000, 0x0000000088800000|  0%| F|  |TAMS 0x0000000088700000, 0x0000000088700000| Untracked 
| 136|0x0000000088800000, 0x0000000088800000, 0x0000000088900000|  0%| F|  |TAMS 0x0000000088800000, 0x0000000088800000| Untracked 
| 137|0x0000000088900000, 0x0000000088900000, 0x0000000088a00000|  0%| F|  |TAMS 0x0000000088900000, 0x0000000088900000| Untracked 
| 138|0x0000000088a00000, 0x0000000088a00000, 0x0000000088b00000|  0%| F|  |TAMS 0x0000000088a00000, 0x0000000088a00000| Untracked 
| 139|0x0000000088b00000, 0x0000000088b00000, 0x0000000088c00000|  0%| F|  |TAMS 0x0000000088b00000, 0x0000000088b00000| Untracked 
| 140|0x0000000088c00000, 0x0000000088c00000, 0x0000000088d00000|  0%| F|  |TAMS 0x0000000088c00000, 0x0000000088c00000| Untracked 
| 141|0x0000000088d00000, 0x0000000088d00000, 0x0000000088e00000|  0%| F|  |TAMS 0x0000000088d00000, 0x0000000088d00000| Untracked 
| 142|0x0000000088e00000, 0x0000000088e00000, 0x0000000088f00000|  0%| F|  |TAMS 0x0000000088e00000, 0x0000000088e00000| Untracked 
| 143|0x0000000088f00000, 0x0000000088f00000, 0x0000000089000000|  0%| F|  |TAMS 0x0000000088f00000, 0x0000000088f00000| Untracked 
| 144|0x0000000089000000, 0x0000000089000000, 0x0000000089100000|  0%| F|  |TAMS 0x0000000089000000, 0x0000000089000000| Untracked 
| 145|0x0000000089100000, 0x0000000089100000, 0x0000000089200000|  0%| F|  |TAMS 0x0000000089100000, 0x0000000089100000| Untracked 
| 146|0x0000000089200000, 0x0000000089200000, 0x0000000089300000|  0%| F|  |TAMS 0x0000000089200000, 0x0000000089200000| Untracked 
| 147|0x0000000089300000, 0x0000000089300000, 0x0000000089400000|  0%| F|  |TAMS 0x0000000089300000, 0x0000000089300000| Untracked 
| 148|0x0000000089400000, 0x0000000089400000, 0x0000000089500000|  0%| F|  |TAMS 0x0000000089400000, 0x0000000089400000| Untracked 
| 149|0x0000000089500000, 0x0000000089500000, 0x0000000089600000|  0%| F|  |TAMS 0x0000000089500000, 0x0000000089500000| Untracked 
| 150|0x0000000089600000, 0x0000000089600000, 0x0000000089700000|  0%| F|  |TAMS 0x0000000089600000, 0x0000000089600000| Untracked 
| 151|0x0000000089700000, 0x0000000089700000, 0x0000000089800000|  0%| F|  |TAMS 0x0000000089700000, 0x0000000089700000| Untracked 
| 152|0x0000000089800000, 0x0000000089900000, 0x0000000089900000|100%| S|CS|TAMS 0x0000000089800000, 0x0000000089800000| Complete 
| 153|0x0000000089900000, 0x0000000089900000, 0x0000000089a00000|  0%| F|  |TAMS 0x0000000089900000, 0x0000000089900000| Untracked 

Card table byte_map: [0x0000023775580000,0x0000023775980000] _byte_map_base: 0x0000023775180000

Marking Bits (Prev, Next): (CMBitMap*) 0x000002375eae4ce0, (CMBitMap*) 0x000002375eae4d20
 Prev Bits: [0x0000023775d80000, 0x0000023777d80000)
 Next Bits: [0x0000023777d80000, 0x0000023779d80000)

Polling page: 0x000002375c9f0000

Metaspace:

Usage:
  Non-class:     58.11 MB used.
      Class:      8.17 MB used.
       Both:     66.28 MB used.

Virtual space:
  Non-class space:       64.00 MB reserved,      58.38 MB ( 91%) committed,  8 nodes.
      Class space:        1.00 GB reserved,       8.38 MB ( <1%) committed,  1 nodes.
             Both:        1.06 GB reserved,      66.75 MB (  6%) committed. 

Chunk freelists:
   Non-Class:  1.67 MB
       Class:  3.61 MB
        Both:  5.28 MB

MaxMetaspaceSize: unlimited
CompressedClassSpaceSize: 1.00 GB
Initial GC threshold: 21.00 MB
Current GC threshold: 107.13 MB
CDS: on
MetaspaceReclaimPolicy: balanced
 - commit_granule_bytes: 65536.
 - commit_granule_words: 8192.
 - virtual_space_node_default_size: 1048576.
 - enlarge_chunks_in_place: 1.
 - new_chunks_are_fully_committed: 0.
 - uncommit_free_chunks: 1.
 - use_allocation_guard: 0.
 - handle_deallocations: 1.


Internal statistics:

num_allocs_failed_limit: 6.
num_arena_births: 506.
num_arena_deaths: 2.
num_vsnodes_births: 9.
num_vsnodes_deaths: 0.
num_space_committed: 1068.
num_space_uncommitted: 0.
num_chunks_returned_to_freelist: 8.
num_chunks_taken_from_freelist: 2837.
num_chunk_merges: 6.
num_chunk_splits: 2044.
num_chunks_enlarged: 1634.
num_purges: 2.
num_inconsistent_stats: 0.

CodeHeap 'non-profiled nmethods': size=120064Kb used=4247Kb max_used=4247Kb free=115816Kb
 bounds [0x000002376e040000, 0x000002376e470000, 0x0000023775580000]
CodeHeap 'profiled nmethods': size=120000Kb used=12884Kb max_used=12884Kb free=107115Kb
 bounds [0x0000023766b10000, 0x00000237677b0000, 0x000002376e040000]
CodeHeap 'non-nmethods': size=5696Kb used=1342Kb max_used=1385Kb free=4353Kb
 bounds [0x0000023766580000, 0x00000237667f0000, 0x0000023766b10000]
 total_blobs=6599 nmethods=5948 adapters=562
 compilation: enabled
              stopped_count=0, restarted_count=0
 full_count=0

Compilation events (20 events):
Event: 31.088 Thread 0x000002377c121c00 7508       2       java.util.Collections$EmptyList::toArray (5 bytes)
Event: 31.088 Thread 0x000002377c121c00 nmethod 7508 0x00000237677a2210 code [0x00000237677a23a0, 0x00000237677a2538]
Event: 31.088 Thread 0x000002377c121c00 7509       3       org.springframework.transaction.annotation.AnnotationTransactionAttributeSource::determineTransactionAttribute (125 bytes)
Event: 31.089 Thread 0x000002377c121c00 nmethod 7509 0x00000237677a2610 code [0x00000237677a2840, 0x00000237677a30c8]
Event: 31.089 Thread 0x000002377c121c00 7510       3       org.springframework.transaction.annotation.SpringTransactionAnnotationParser::parseTransactionAnnotation (75 bytes)
Event: 31.089 Thread 0x000002377c121c00 nmethod 7510 0x00000237677a3390 code [0x00000237677a3580, 0x00000237677a3968]
Event: 31.089 Thread 0x000002377c121c00 7511       3       org.springframework.transaction.annotation.JtaTransactionAnnotationParser::parseTransactionAnnotation (73 bytes)
Event: 31.090 Thread 0x000002377c121c00 nmethod 7511 0x00000237677a3b10 code [0x00000237677a3d00, 0x00000237677a40c8]
Event: 31.109 Thread 0x000002377c121c00 7512   !   2       org.springframework.util.ReflectionUtils::getDeclaredFields (215 bytes)
Event: 31.110 Thread 0x000002377c121c00 nmethod 7512 0x00000237677a4290 code [0x00000237677a4560, 0x00000237677a4f58]
Event: 31.111 Thread 0x000002377c121c00 7513       2       org.springframework.util.ReflectionUtils::makeAccessible (90 bytes)
Event: 31.112 Thread 0x000002377c121c00 nmethod 7513 0x00000237677a5690 code [0x00000237677a5880, 0x00000237677a5c18]
Event: 31.143 Thread 0x000002377c121c00 7514       2       com.mysql.cj.result.StringValueFactory::createFromBytes (10 bytes)
Event: 31.143 Thread 0x000002377c121c00 nmethod 7514 0x00000237677a5e90 code [0x00000237677a6020, 0x00000237677a6148]
Event: 31.143 Thread 0x000002377c121c00 7515       2       com.mysql.cj.result.Field::getCollationIndex (32 bytes)
Event: 31.144 Thread 0x000002377c121c00 nmethod 7515 0x00000237677a6210 code [0x00000237677a63c0, 0x00000237677a65c8]
Event: 31.144 Thread 0x000002377c121c00 7516       2       com.mysql.cj.result.Field::getEncoding (32 bytes)
Event: 31.144 Thread 0x000002377c121c00 nmethod 7516 0x00000237677a6710 code [0x00000237677a68c0, 0x00000237677a6ac8]
Event: 31.144 Thread 0x000002377c121c00 7517       2       com.mysql.cj.protocol.result.AbstractResultsetRow::getValueFromBytes (115 bytes)
Event: 31.144 Thread 0x000002377c121c00 nmethod 7517 0x00000237677a6c10 code [0x00000237677a6e00, 0x00000237677a71b8]

GC Heap History (20 events):
Event: 21.639 GC heap after
{Heap after GC invocations=19 (full 0):
 garbage-first heap   total 128000K, used 54388K [0x0000000080000000, 0x0000000100000000)
  region size 1024K, 5 young (5120K), 5 survivors (5120K)
 Metaspace       used 42186K, committed 42496K, reserved 1089536K
  class space    used 5297K, committed 5440K, reserved 1048576K
}
Event: 23.207 GC heap before
{Heap before GC invocations=19 (full 0):
 garbage-first heap   total 128000K, used 104564K [0x0000000080000000, 0x0000000100000000)
  region size 1024K, 54 young (55296K), 5 survivors (5120K)
 Metaspace       used 44689K, committed 45056K, reserved 1089536K
  class space    used 5559K, committed 5696K, reserved 1048576K
}
Event: 23.243 GC heap after
{Heap after GC invocations=20 (full 0):
 garbage-first heap   total 128000K, used 58079K [0x0000000080000000, 0x0000000100000000)
  region size 1024K, 7 young (7168K), 7 survivors (7168K)
 Metaspace       used 44689K, committed 45056K, reserved 1089536K
  class space    used 5559K, committed 5696K, reserved 1048576K
}
Event: 24.359 GC heap before
{Heap before GC invocations=20 (full 0):
 garbage-first heap   total 128000K, used 104159K [0x0000000080000000, 0x0000000100000000)
  region size 1024K, 52 young (53248K), 7 survivors (7168K)
 Metaspace       used 46605K, committed 46976K, reserved 1097728K
  class space    used 5815K, committed 5952K, reserved 1048576K
}
Event: 24.377 GC heap after
{Heap after GC invocations=21 (full 0):
 garbage-first heap   total 128000K, used 60292K [0x0000000080000000, 0x0000000100000000)
  region size 1024K, 3 young (3072K), 3 survivors (3072K)
 Metaspace       used 46605K, committed 46976K, reserved 1097728K
  class space    used 5815K, committed 5952K, reserved 1048576K
}
Event: 25.309 GC heap before
{Heap before GC invocations=21 (full 0):
 garbage-first heap   total 128000K, used 105348K [0x0000000080000000, 0x0000000100000000)
  region size 1024K, 47 young (48128K), 3 survivors (3072K)
 Metaspace       used 48614K, committed 49024K, reserved 1097728K
  class space    used 6068K, committed 6272K, reserved 1048576K
}
Event: 25.326 GC heap after
{Heap after GC invocations=22 (full 0):
 garbage-first heap   total 153600K, used 65297K [0x0000000080000000, 0x0000000100000000)
  region size 1024K, 6 young (6144K), 6 survivors (6144K)
 Metaspace       used 48614K, committed 49024K, reserved 1097728K
  class space    used 6068K, committed 6272K, reserved 1048576K
}
Event: 26.612 GC heap before
{Heap before GC invocations=23 (full 0):
 garbage-first heap   total 153600K, used 124689K [0x0000000080000000, 0x0000000100000000)
  region size 1024K, 64 young (65536K), 6 survivors (6144K)
 Metaspace       used 52292K, committed 52672K, reserved 1097728K
  class space    used 6586K, committed 6784K, reserved 1048576K
}
Event: 26.630 GC heap after
{Heap after GC invocations=24 (full 0):
 garbage-first heap   total 153600K, used 68343K [0x0000000080000000, 0x0000000100000000)
  region size 1024K, 6 young (6144K), 6 survivors (6144K)
 Metaspace       used 52292K, committed 52672K, reserved 1097728K
  class space    used 6586K, committed 6784K, reserved 1048576K
}
Event: 26.652 GC heap before
{Heap before GC invocations=24 (full 0):
 garbage-first heap   total 153600K, used 69367K [0x0000000080000000, 0x0000000100000000)
  region size 1024K, 7 young (7168K), 6 survivors (6144K)
 Metaspace       used 52341K, committed 52736K, reserved 1097728K
  class space    used 6593K, committed 6784K, reserved 1048576K
}
Event: 26.664 GC heap after
{Heap after GC invocations=25 (full 0):
 garbage-first heap   total 153600K, used 68865K [0x0000000080000000, 0x0000000100000000)
  region size 1024K, 1 young (1024K), 1 survivors (1024K)
 Metaspace       used 52341K, committed 52736K, reserved 1097728K
  class space    used 6593K, committed 6784K, reserved 1048576K
}
Event: 28.172 GC heap before
{Heap before GC invocations=25 (full 0):
 garbage-first heap   total 153600K, used 126209K [0x0000000080000000, 0x0000000100000000)
  region size 1024K, 57 young (58368K), 1 survivors (1024K)
 Metaspace       used 59391K, committed 59840K, reserved 1105920K
  class space    used 7364K, committed 7552K, reserved 1048576K
}
Event: 28.183 GC heap after
{Heap after GC invocations=26 (full 0):
 garbage-first heap   total 153600K, used 72527K [0x0000000080000000, 0x0000000100000000)
  region size 1024K, 5 young (5120K), 5 survivors (5120K)
 Metaspace       used 59391K, committed 59840K, reserved 1105920K
  class space    used 7364K, committed 7552K, reserved 1048576K
}
Event: 29.094 GC heap before
{Heap before GC invocations=26 (full 0):
 garbage-first heap   total 153600K, used 125775K [0x0000000080000000, 0x0000000100000000)
  region size 1024K, 57 young (58368K), 5 survivors (5120K)
 Metaspace       used 62258K, committed 62592K, reserved 1105920K
  class space    used 7702K, committed 7872K, reserved 1048576K
}
Event: 29.111 GC heap after
{Heap after GC invocations=27 (full 0):
 garbage-first heap   total 153600K, used 75488K [0x0000000080000000, 0x0000000100000000)
  region size 1024K, 3 young (3072K), 3 survivors (3072K)
 Metaspace       used 62258K, committed 62592K, reserved 1105920K
  class space    used 7702K, committed 7872K, reserved 1048576K
}
Event: 29.903 GC heap before
{Heap before GC invocations=27 (full 0):
 garbage-first heap   total 153600K, used 127712K [0x0000000080000000, 0x0000000100000000)
  region size 1024K, 54 young (55296K), 3 survivors (3072K)
 Metaspace       used 65289K, committed 65728K, reserved 1114112K
  class space    used 8042K, committed 8256K, reserved 1048576K
}
Event: 29.917 GC heap after
{Heap after GC invocations=28 (full 0):
 garbage-first heap   total 153600K, used 78404K [0x0000000080000000, 0x0000000100000000)
  region size 1024K, 6 young (6144K), 6 survivors (6144K)
 Metaspace       used 65289K, committed 65728K, reserved 1114112K
  class space    used 8042K, committed 8256K, reserved 1048576K
}
Event: 31.164 GC heap before
{Heap before GC invocations=29 (full 0):
 garbage-first heap   total 153600K, used 127556K [0x0000000080000000, 0x0000000100000000)
  region size 1024K, 55 young (56320K), 6 survivors (6144K)
 Metaspace       used 67826K, committed 68288K, reserved 1114112K
  class space    used 8360K, committed 8576K, reserved 1048576K
}
Event: 31.182 GC heap after
{Heap after GC invocations=30 (full 0):
 garbage-first heap   total 153600K, used 80176K [0x0000000080000000, 0x0000000100000000)
  region size 1024K, 6 young (6144K), 6 survivors (6144K)
 Metaspace       used 67826K, committed 68288K, reserved 1114112K
  class space    used 8360K, committed 8576K, reserved 1048576K
}
Event: 31.196 GC heap before
{Heap before GC invocations=30 (full 0):
 garbage-first heap   total 153600K, used 80176K [0x0000000080000000, 0x0000000100000000)
  region size 1024K, 7 young (7168K), 6 survivors (6144K)
 Metaspace       used 67872K, committed 68352K, reserved 1114112K
  class space    used 8366K, committed 8576K, reserved 1048576K
}

Dll operation events (13 events):
Event: 0.031 Loaded shared library C:\Users\sfjbs\.jdks\corretto-17.0.5\bin\java.dll
Event: 0.033 Loaded shared library C:\Users\sfjbs\.jdks\corretto-17.0.5\bin\zip.dll
Event: 0.058 Loaded shared library C:\Users\sfjbs\.jdks\corretto-17.0.5\bin\jsvml.dll
Event: 0.257 Loaded shared library C:\Users\sfjbs\.jdks\corretto-17.0.5\bin\instrument.dll
Event: 0.274 Loaded shared library C:\Users\sfjbs\.jdks\corretto-17.0.5\bin\jimage.dll
Event: 0.365 Loaded shared library C:\Users\sfjbs\.jdks\corretto-17.0.5\bin\net.dll
Event: 0.367 Loaded shared library C:\Users\sfjbs\.jdks\corretto-17.0.5\bin\nio.dll
Event: 0.372 Loaded shared library C:\Users\sfjbs\.jdks\corretto-17.0.5\bin\zip.dll
Event: 0.384 Loaded shared library C:\Program Files\JetBrains\IntelliJ IDEA Community Edition 2022.2.1\bin\breakgen64.dll
Event: 1.283 Loaded shared library C:\Users\sfjbs\.jdks\corretto-17.0.5\bin\verify.dll
Event: 6.235 Loaded shared library C:\Users\sfjbs\.jdks\corretto-17.0.5\bin\management.dll
Event: 6.240 Loaded shared library C:\Users\sfjbs\.jdks\corretto-17.0.5\bin\management_ext.dll
Event: 27.527 Loaded shared library C:\Users\sfjbs\.jdks\corretto-17.0.5\bin\sunmscapi.dll

Deoptimization events (20 events):
Event: 30.581 Thread 0x000002375ea85f20 DEOPT PACKING pc=0x000002376e25439c sp=0x0000003d00efba30
Event: 30.581 Thread 0x000002375ea85f20 DEOPT UNPACKING pc=0x00000237665d5ba3 sp=0x0000003d00efb9d8 mode 2
Event: 30.583 Thread 0x000002375ea85f20 Uncommon trap: trap_request=0xffffffde fr.pc=0x000002376e25439c relative=0x0000000000003e5c
Event: 30.583 Thread 0x000002375ea85f20 Uncommon trap: reason=class_check action=maybe_recompile pc=0x000002376e25439c method=org.springframework.beans.factory.support.AbstractBeanFactory.isTypeMatch(Ljava/lang/String;Lorg/springframework/core/ResolvableType;Z)Z @ 143 c2
Event: 30.583 Thread 0x000002375ea85f20 DEOPT PACKING pc=0x000002376e25439c sp=0x0000003d00efafc0
Event: 30.583 Thread 0x000002375ea85f20 DEOPT UNPACKING pc=0x00000237665d5ba3 sp=0x0000003d00efaf68 mode 2
Event: 30.610 Thread 0x000002375ea85f20 Uncommon trap: trap_request=0xffffffde fr.pc=0x000002376e25439c relative=0x0000000000003e5c
Event: 30.610 Thread 0x000002375ea85f20 Uncommon trap: reason=class_check action=maybe_recompile pc=0x000002376e25439c method=org.springframework.beans.factory.support.AbstractBeanFactory.isTypeMatch(Ljava/lang/String;Lorg/springframework/core/ResolvableType;Z)Z @ 143 c2
Event: 30.610 Thread 0x000002375ea85f20 DEOPT PACKING pc=0x000002376e25439c sp=0x0000003d00efa530
Event: 30.610 Thread 0x000002375ea85f20 DEOPT UNPACKING pc=0x00000237665d5ba3 sp=0x0000003d00efa4d8 mode 2
Event: 30.611 Thread 0x000002375ea85f20 Uncommon trap: trap_request=0xffffffde fr.pc=0x000002376e25439c relative=0x0000000000003e5c
Event: 30.611 Thread 0x000002375ea85f20 Uncommon trap: reason=class_check action=maybe_recompile pc=0x000002376e25439c method=org.springframework.beans.factory.support.AbstractBeanFactory.isTypeMatch(Ljava/lang/String;Lorg/springframework/core/ResolvableType;Z)Z @ 143 c2
Event: 30.611 Thread 0x000002375ea85f20 DEOPT PACKING pc=0x000002376e25439c sp=0x0000003d00ef9bd0
Event: 30.611 Thread 0x000002375ea85f20 DEOPT UNPACKING pc=0x00000237665d5ba3 sp=0x0000003d00ef9b78 mode 2
Event: 30.640 Thread 0x000002375ea85f20 DEOPT PACKING pc=0x000002376704c9c9 sp=0x0000003d00efa600
Event: 30.640 Thread 0x000002375ea85f20 DEOPT UNPACKING pc=0x00000237665d66e3 sp=0x0000003d00ef9a98 mode 0
Event: 30.661 Thread 0x000002375ea85f20 Uncommon trap: trap_request=0xffffff45 fr.pc=0x000002376e312154 relative=0x00000000000001b4
Event: 30.661 Thread 0x000002375ea85f20 Uncommon trap: reason=unstable_if action=reinterpret pc=0x000002376e312154 method=java.util.ArrayDeque.addLast(Ljava/lang/Object;)V @ 42 c2
Event: 30.661 Thread 0x000002375ea85f20 DEOPT PACKING pc=0x000002376e312154 sp=0x0000003d00efa6b0
Event: 30.661 Thread 0x000002375ea85f20 DEOPT UNPACKING pc=0x00000237665d5ba3 sp=0x0000003d00efa660 mode 2

Classes unloaded (1 events):
Event: 19.111 Thread 0x000002377c0fdbc0 Unloading class 0x0000000800fa4000 'net/bytebuddy/mirror/AccessibleObject'

Classes redefined (0 events):
No events

Internal exceptions (20 events):
Event: 30.716 Thread 0x000002375ea85f20 Exception <a 'java/lang/ClassNotFoundException'{0x0000000086d28f30}: org/hibernate/query/QueryProducerCustomizer> (0x0000000086d28f30) 
thrown [s\src\hotspot\share\classfile\systemDictionary.cpp, line 256]
Event: 30.716 Thread 0x000002375ea85f20 Exception <a 'java/lang/ClassNotFoundException'{0x0000000086d3a6f0}: javax/persistence/EntityManagerCustomizer> (0x0000000086d3a6f0) 
thrown [s\src\hotspot\share\classfile\systemDictionary.cpp, line 256]
Event: 30.718 Thread 0x000002375ea85f20 Exception <a 'java/lang/ClassNotFoundException'{0x0000000086d69d60}: org/hibernate/jpa/HibernateEntityManagerCustomizer> (0x0000000086d69d60) 
thrown [s\src\hotspot\share\classfile\systemDictionary.cpp, line 256]
Event: 30.719 Thread 0x000002375ea85f20 Exception <a 'java/lang/ClassNotFoundException'{0x0000000086d778d0}: javax/persistence/EntityManagerCustomizer> (0x0000000086d778d0) 
thrown [s\src\hotspot\share\classfile\systemDictionary.cpp, line 256]
Event: 30.721 Thread 0x000002375ea85f20 Exception <a 'java/lang/ClassNotFoundException'{0x0000000086d976a0}: org/hibernate/query/QueryProducerCustomizer> (0x0000000086d976a0) 
thrown [s\src\hotspot\share\classfile\systemDictionary.cpp, line 256]
Event: 30.721 Thread 0x000002375ea85f20 Exception <a 'java/lang/ClassNotFoundException'{0x0000000086da4fc0}: org/springframework/orm/jpa/EntityManagerProxyCustomizer> (0x0000000086da4fc0) 
thrown [s\src\hotspot\share\classfile\systemDictionary.cpp, line 256]
Event: 30.722 Thread 0x000002375ea85f20 Exception <a 'java/lang/ClassNotFoundException'{0x0000000086dae738}: javax/persistence/EntityManagerCustomizer> (0x0000000086dae738) 
thrown [s\src\hotspot\share\classfile\systemDictionary.cpp, line 256]
Event: 30.737 Thread 0x000002375ea85f20 Exception <a 'java/lang/ClassNotFoundException'{0x0000000086c444f8}: java/lang/ObjectCustomizer> (0x0000000086c444f8) 
thrown [s\src\hotspot\share\classfile\systemDictionary.cpp, line 256]
Event: 30.738 Thread 0x000002375ea85f20 Exception <a 'java/lang/ClassNotFoundException'{0x0000000086c4dc50}: org/springframework/beans/factory/config/AbstractFactoryBeanCustomizer> (0x0000000086c4dc50) 
thrown [s\src\hotspot\share\classfile\systemDictionary.cpp, line 256]
Event: 30.739 Thread 0x000002375ea85f20 Exception <a 'java/lang/ClassNotFoundException'{0x0000000086c5c4a8}: org/springframework/data/jpa/repository/config/JpaMetamodelMappingContextFactoryBeanCustomizer> (0x0000000086c5c4a8) 
thrown [s\src\hotspot\share\classfile\systemDictionary.cpp, line 256]
Event: 31.028 Thread 0x000002375ea85f20 Exception <a 'java/lang/ClassNotFoundException'{0x0000000086c6dfd0}: org/springframework/context/ApplicationContextAwareCustomizer> (0x0000000086c6dfd0) 
thrown [s\src\hotspot\share\classfile\systemDictionary.cpp, line 256]
Event: 31.029 Thread 0x000002375ea85f20 Exception <a 'java/lang/ClassNotFoundException'{0x0000000086c753e8}: org/springframework/beans/factory/AwareCustomizer> (0x0000000086c753e8) 
thrown [s\src\hotspot\share\classfile\systemDictionary.cpp, line 256]
Event: 31.029 Thread 0x000002375ea85f20 Exception <a 'java/lang/ClassNotFoundException'{0x0000000086c7b520}: org/springframework/beans/factory/FactoryBeanCustomizer> (0x0000000086c7b520) 
thrown [s\src\hotspot\share\classfile\systemDictionary.cpp, line 256]
Event: 31.030 Thread 0x000002375ea85f20 Exception <a 'java/lang/ClassNotFoundException'{0x0000000086c84378}: org/springframework/beans/factory/BeanClassLoaderAwareCustomizer> (0x0000000086c84378) 
thrown [s\src\hotspot\share\classfile\systemDictionary.cpp, line 256]
Event: 31.030 Thread 0x000002375ea85f20 Exception <a 'java/lang/ClassNotFoundException'{0x0000000086c8b0f0}: org/springframework/beans/factory/AwareCustomizer> (0x0000000086c8b0f0) 
thrown [s\src\hotspot\share\classfile\systemDictionary.cpp, line 256]
Event: 31.031 Thread 0x000002375ea85f20 Exception <a 'java/lang/ClassNotFoundException'{0x0000000086c91218}: org/springframework/beans/factory/BeanFactoryAwareCustomizer> (0x0000000086c91218) 
thrown [s\src\hotspot\share\classfile\systemDictionary.cpp, line 256]
Event: 31.031 Thread 0x000002375ea85f20 Exception <a 'java/lang/ClassNotFoundException'{0x0000000086c98630}: org/springframework/beans/factory/AwareCustomizer> (0x0000000086c98630) 
thrown [s\src\hotspot\share\classfile\systemDictionary.cpp, line 256]
Event: 31.032 Thread 0x000002375ea85f20 Exception <a 'java/lang/ClassNotFoundException'{0x0000000086c9e758}: org/springframework/beans/factory/InitializingBeanCustomizer> (0x0000000086c9e758) 
thrown [s\src\hotspot\share\classfile\systemDictionary.cpp, line 256]
Event: 31.032 Thread 0x000002375ea85f20 Exception <a 'java/lang/ClassNotFoundException'{0x0000000086ca50a8}: org/springframework/beans/factory/DisposableBeanCustomizer> (0x0000000086ca50a8) 
thrown [s\src\hotspot\share\classfile\systemDictionary.cpp, line 256]
Event: 31.155 Thread 0x000002375ea85f20 Exception <a 'java/lang/IncompatibleClassChangeError'{0x00000000865458f0}: Found class java.lang.Object, but interface was expected> (0x00000000865458f0) 
thrown [s\src\hotspot\share\interpreter\linkResolver.cpp, line 826]

VM Operations (20 events):
Event: 27.626 Executing VM operation: HandshakeAllThreads done
Event: 27.933 Executing VM operation: HandshakeAllThreads
Event: 27.933 Executing VM operation: HandshakeAllThreads done
Event: 27.933 Executing VM operation: Cleanup
Event: 27.933 Executing VM operation: Cleanup done
Event: 28.172 Executing VM operation: G1CollectForAllocation
Event: 28.183 Executing VM operation: G1CollectForAllocation done
Event: 29.094 Executing VM operation: G1CollectForAllocation
Event: 29.116 Executing VM operation: G1CollectForAllocation done
Event: 29.903 Executing VM operation: G1CollectForAllocation
Event: 29.924 Executing VM operation: G1CollectForAllocation done
Event: 30.049 Executing VM operation: G1Concurrent
Event: 30.061 Executing VM operation: G1Concurrent done
Event: 30.125 Executing VM operation: G1Concurrent
Event: 30.125 Executing VM operation: G1Concurrent done
Event: 31.128 Executing VM operation: Cleanup
Event: 31.146 Executing VM operation: Cleanup done
Event: 31.164 Executing VM operation: G1CollectForAllocation
Event: 31.182 Executing VM operation: G1CollectForAllocation done
Event: 31.196 Executing VM operation: G1CollectForAllocation

Events (20 events):
Event: 31.187 loading class org/springframework/orm/jpa/EntityManagerFactoryUtils
Event: 31.187 loading class org/springframework/orm/jpa/EntityManagerFactoryUtils done
Event: 31.189 loading class org/springframework/transaction/support/TransactionSynchronization
Event: 31.189 loading class org/springframework/transaction/support/TransactionSynchronization done
Event: 31.190 loading class org/springframework/orm/jpa/JpaObjectRetrievalFailureException
Event: 31.190 loading class org/springframework/orm/jpa/JpaObjectRetrievalFailureException done
Event: 31.191 loading class org/springframework/dao/EmptyResultDataAccessException
Event: 31.191 loading class org/springframework/dao/EmptyResultDataAccessException done
Event: 31.191 loading class org/springframework/orm/jpa/JpaOptimisticLockingFailureException
Event: 31.191 loading class org/springframework/orm/jpa/JpaOptimisticLockingFailureException done
Event: 31.192 loading class org/springframework/transaction/support/TransactionSynchronizationManager
Event: 31.192 loading class org/springframework/transaction/support/TransactionSynchronizationManager done
Event: 31.193 loading class org/springframework/transaction/support/TransactionSynchronizationUtils
Event: 31.193 loading class org/springframework/transaction/support/TransactionSynchronizationUtils done
Event: 31.194 loading class org/springframework/core/InfrastructureProxy
Event: 31.194 loading class org/springframework/core/InfrastructureProxy done
Event: 31.194 loading class org/springframework/transaction/support/TransactionSynchronizationUtils$ScopedProxyUnwrapper
Event: 31.194 loading class org/springframework/transaction/support/TransactionSynchronizationUtils$ScopedProxyUnwrapper done
Event: 31.195 loading class org/hibernate/internal/SessionImpl
Event: 31.195 loading class org/hibernate/internal/SessionImpl done


Dynamic libraries:
0x00007ff789f70000 - 0x00007ff789f7d000 	C:\Users\sfjbs\.jdks\corretto-17.0.5\bin\java.exe
0x00007ffbab870000 - 0x00007ffbaba68000 	C:\Windows\SYSTEM32\ntdll.dll
0x00007ffba9f60000 - 0x00007ffbaa01d000 	C:\Windows\System32\KERNEL32.DLL
0x00007ffba8f80000 - 0x00007ffba9252000 	C:\Windows\System32\KERNELBASE.dll
0x00007ffba9660000 - 0x00007ffba9760000 	C:\Windows\System32\ucrtbase.dll
0x00007ffba0130000 - 0x00007ffba0147000 	C:\Users\sfjbs\.jdks\corretto-17.0.5\bin\jli.dll
0x00007ffb905e0000 - 0x00007ffb905f5000 	C:\Users\sfjbs\.jdks\corretto-17.0.5\bin\VCRUNTIME140.dll
0x00007ffbab690000 - 0x00007ffbab82d000 	C:\Windows\System32\USER32.dll
0x00007ffb89a60000 - 0x00007ffb89cfa000 	C:\Windows\WinSxS\amd64_microsoft.windows.common-controls_6595b64144ccf1df_6.0.19041.1110_none_60b5254171f9507e\COMCTL32.dll
0x00007ffba9630000 - 0x00007ffba9652000 	C:\Windows\System32\win32u.dll
0x00007ffbaa2e0000 - 0x00007ffbaa37e000 	C:\Windows\System32\msvcrt.dll
0x00007ffbab220000 - 0x00007ffbab24b000 	C:\Windows\System32\GDI32.dll
0x00007ffba94f0000 - 0x00007ffba95ff000 	C:\Windows\System32\gdi32full.dll
0x00007ffba93c0000 - 0x00007ffba945d000 	C:\Windows\System32\msvcp_win.dll
0x00007ffbaa890000 - 0x00007ffbaa8c0000 	C:\Windows\System32\IMM32.DLL
0x00007ffb87c90000 - 0x00007ffb87d2b000 	C:\Users\sfjbs\.jdks\corretto-17.0.5\bin\msvcp140.dll
0x00007ffb7abf0000 - 0x00007ffb7b804000 	C:\Users\sfjbs\.jdks\corretto-17.0.5\bin\server\jvm.dll
0x00007ffbaa380000 - 0x00007ffbaa42e000 	C:\Windows\System32\ADVAPI32.dll
0x00007ffbab0c0000 - 0x00007ffbab15c000 	C:\Windows\System32\sechost.dll
0x00007ffbaa0e0000 - 0x00007ffbaa205000 	C:\Windows\System32\RPCRT4.dll
0x00007ffba49c0000 - 0x00007ffba49c9000 	C:\Windows\SYSTEM32\WSOCK32.dll
0x00007ffbaa820000 - 0x00007ffbaa88b000 	C:\Windows\System32\WS2_32.dll
0x00007ffb86720000 - 0x00007ffb86747000 	C:\Windows\SYSTEM32\WINMM.dll
0x00007ffba0f50000 - 0x00007ffba0f5a000 	C:\Windows\SYSTEM32\VERSION.dll
0x00007ffba6e20000 - 0x00007ffba6e32000 	C:\Windows\SYSTEM32\kernel.appcore.dll
0x00007ffba1920000 - 0x00007ffba192a000 	C:\Users\sfjbs\.jdks\corretto-17.0.5\bin\jimage.dll
0x00007ffb9ad70000 - 0x00007ffb9af54000 	C:\Windows\SYSTEM32\DBGHELP.DLL
0x00007ffb9b0d0000 - 0x00007ffb9b0fc000 	C:\Windows\SYSTEM32\dbgcore.DLL
0x00007ffba9460000 - 0x00007ffba94e2000 	C:\Windows\System32\bcryptPrimitives.dll
0x00007ffb8d0d0000 - 0x00007ffb8d0de000 	C:\Users\sfjbs\.jdks\corretto-17.0.5\bin\instrument.dll
0x00007ffb90290000 - 0x00007ffb902b5000 	C:\Users\sfjbs\.jdks\corretto-17.0.5\bin\java.dll
0x00007ffb8cdc0000 - 0x00007ffb8cdd8000 	C:\Users\sfjbs\.jdks\corretto-17.0.5\bin\zip.dll
0x00007ffb7cda0000 - 0x00007ffb7ce76000 	C:\Users\sfjbs\.jdks\corretto-17.0.5\bin\jsvml.dll
0x00007ffbaa8c0000 - 0x00007ffbab003000 	C:\Windows\System32\SHELL32.dll
0x00007ffba7020000 - 0x00007ffba77b1000 	C:\Windows\SYSTEM32\windows.storage.dll
0x00007ffbab250000 - 0x00007ffbab5a4000 	C:\Windows\System32\combase.dll
0x00007ffba8820000 - 0x00007ffba8850000 	C:\Windows\SYSTEM32\Wldp.dll
0x00007ffbaa020000 - 0x00007ffbaa0cd000 	C:\Windows\System32\SHCORE.dll
0x00007ffbaa430000 - 0x00007ffbaa485000 	C:\Windows\System32\shlwapi.dll
0x00007ffba8ec0000 - 0x00007ffba8edf000 	C:\Windows\SYSTEM32\profapi.dll
0x00007ffb8cf70000 - 0x00007ffb8cf89000 	C:\Users\sfjbs\.jdks\corretto-17.0.5\bin\net.dll
0x00007ffba09a0000 - 0x00007ffba0aad000 	C:\Windows\SYSTEM32\WINHTTP.dll
0x00007ffba8600000 - 0x00007ffba866a000 	C:\Windows\system32\mswsock.dll
0x00007ffb8cde0000 - 0x00007ffb8cdf5000 	C:\Users\sfjbs\.jdks\corretto-17.0.5\bin\nio.dll
0x00007ffb8c700000 - 0x00007ffb8c71a000 	C:\Program Files\JetBrains\IntelliJ IDEA Community Edition 2022.2.1\bin\breakgen64.dll
0x00007ffb906c0000 - 0x00007ffb906d0000 	C:\Users\sfjbs\.jdks\corretto-17.0.5\bin\verify.dll
0x00007ffb8d030000 - 0x00007ffb8d039000 	C:\Users\sfjbs\.jdks\corretto-17.0.5\bin\management.dll
0x00007ffb8cd20000 - 0x00007ffb8cd2b000 	C:\Users\sfjbs\.jdks\corretto-17.0.5\bin\management_ext.dll
0x00007ffbaa0d0000 - 0x00007ffbaa0d8000 	C:\Windows\System32\PSAPI.DLL
0x00007ffb96800000 - 0x00007ffb96817000 	C:\Windows\system32\napinsp.dll
0x00007ffb967e0000 - 0x00007ffb967fb000 	C:\Windows\system32\pnrpnsp.dll
0x00007ffb96770000 - 0x00007ffb96785000 	C:\Windows\system32\wshbth.dll
0x00007ffba48e0000 - 0x00007ffba48fd000 	C:\Windows\system32\NLAapi.dll
0x00007ffba8310000 - 0x00007ffba834b000 	C:\Windows\SYSTEM32\IPHLPAPI.DLL
0x00007ffba8360000 - 0x00007ffba842a000 	C:\Windows\SYSTEM32\DNSAPI.dll
0x00007ffbab210000 - 0x00007ffbab218000 	C:\Windows\System32\NSI.dll
0x00007ffb94c50000 - 0x00007ffb94c62000 	C:\Windows\System32\winrnr.dll
0x00007ffba07a0000 - 0x00007ffba07aa000 	C:\Windows\System32\rasadhlp.dll
0x00007ffba0bb0000 - 0x00007ffba0c30000 	C:\Windows\System32\fwpuclnt.dll
0x00007ffba9600000 - 0x00007ffba9627000 	C:\Windows\System32\bcrypt.dll
0x00007ffba8860000 - 0x00007ffba8878000 	C:\Windows\SYSTEM32\CRYPTSP.dll
0x00007ffba7f40000 - 0x00007ffba7f74000 	C:\Windows\system32\rsaenh.dll
0x00007ffba8e40000 - 0x00007ffba8e6e000 	C:\Windows\SYSTEM32\USERENV.dll
0x00007ffba8790000 - 0x00007ffba879c000 	C:\Windows\SYSTEM32\CRYPTBASE.dll
0x00007ffba19c0000 - 0x00007ffba19d7000 	C:\Windows\SYSTEM32\dhcpcsvc6.DLL
0x00007ffba19a0000 - 0x00007ffba19bd000 	C:\Windows\SYSTEM32\dhcpcsvc.DLL
0x00007ffb90780000 - 0x00007ffb9078e000 	C:\Users\sfjbs\.jdks\corretto-17.0.5\bin\sunmscapi.dll
0x00007ffba9260000 - 0x00007ffba93b6000 	C:\Windows\System32\CRYPT32.dll
0x00007ffba8970000 - 0x00007ffba8997000 	C:\Windows\SYSTEM32\ncrypt.dll
0x00007ffba8930000 - 0x00007ffba896b000 	C:\Windows\SYSTEM32\NTASN1.dll

dbghelp: loaded successfully - version: 4.0.5 - missing functions: none
symbol engine: initialized successfully - sym options: 0x614 - pdb path: .;C:\Users\sfjbs\.jdks\corretto-17.0.5\bin;C:\Windows\SYSTEM32;C:\Windows\WinSxS\amd64_microsoft.windows.common-controls_6595b64144ccf1df_6.0.19041.1110_none_60b5254171f9507e;C:\Users\sfjbs\.jdks\corretto-17.0.5\bin\server;C:\Program Files\JetBrains\IntelliJ IDEA Community Edition 2022.2.1\bin

VM Arguments:
jvm_args: -ea -javaagent:C:\Users\sfjbs\AppData\Local\JetBrains\IdeaIC2022.2\testAgent\intellij-coverage-agent-1.0.673.jar=C:\Users\sfjbs\AppData\Local\Temp\coverage4args -Didea.new.sampling.coverage=true -Dcoverage.ignore.private.constructor.util.class=true -Didea.test.cyclic.buffer.size=1048576 -javaagent:C:\Program Files\JetBrains\IntelliJ IDEA Community Edition 2022.2.1\lib\idea_rt.jar=56168:C:\Program Files\JetBrains\IntelliJ IDEA Community Edition 2022.2.1\bin -Dfile.encoding=UTF-8 
java_command: com.intellij.rt.junit.JUnitStarter -ideVersion5 -junit5 @w@C:\Users\sfjbs\AppData\Local\Temp\idea_working_dirs_junit.tmp @C:\Users\sfjbs\AppData\Local\Temp\idea_junit.tmp -socket56167
java_class_path (initial): C:\Users\sfjbs\.m2\repository\org\junit\platform\junit-platform-launcher\1.8.2\junit-platform-launcher-1.8.2.jar;C:\Users\sfjbs\.m2\repository\org\junit\vintage\junit-vintage-engine\5.9.0\junit-vintage-engine-5.9.0.jar;C:\Program Files\JetBrains\IntelliJ IDEA Community Edition 2022.2.1\lib\idea_rt.jar;C:\Program Files\JetBrains\IntelliJ IDEA Community Edition 2022.2.1\plugins\junit\lib\junit5-rt.jar;C:\Program Files\JetBrains\IntelliJ IDEA Community Edition 2022.2.1\plugins\junit\lib\junit-rt.jar;C:\Users\sfjbs\Documents\Mini Project\pension-management-system\target\test-classes;C:\Users\sfjbs\Documents\Mini Project\pension-management-system\target\classes;C:\Users\sfjbs\.m2\repository\org\springframework\boot\spring-boot-starter-web\2.7.5\spring-boot-starter-web-2.7.5.jar;C:\Users\sfjbs\.m2\repository\org\springframework\boot\spring-boot-starter\2.7.3\spring-boot-starter-2.7.3.jar;C:\Users\sfjbs\.m2\repository\org\springframework\boot\spring-boot\2.7.3\spring-boot-2.7.3.jar;C:\Users\sfjbs\.m2\repository\org\springframework\boot\spring-boot-autoconfigure\2.7.3\spring-boot-autoconfigure-2.7.3.jar;C:\Users\sfjbs\.m2\repository\org\springframework\boot\spring-boot-starter-logging\2.7.3\spring-boot-starter-logging-2.7.3.jar;C:\Users\sfjbs\.m2\repository\ch\qos\logback\logback-classic\1.2.11\logback-classic-1.2.11.jar;C:\Users\sfjbs\.m2\repository\ch\qos\logback\logback-core\1.2.11\logback-core-1.2.11.jar;C:\Users\sfjbs\.m2\repository\org\apache\logging\log4j\log4j-to-slf4j\2.17.2\log4j-to-slf4j-2.17.2.jar;C:\Users\sfjbs\.m2\repository\org\apache\logging\log4j\log4j-api\2.17.2\log4j-api-2.17.2.jar;C:\Users\sfjbs\.m2\repository\org\slf4j\jul-to-slf4j\1.7.36\jul-to-slf4j-1.7.36.jar;C:\Users\sfjbs\.m2\repository\jakarta\annotation\jakarta.annotation-api\1.3.5\jakarta.annotation-api-1.3.5.jar;C:\Users\sfjbs\.m2\repository\org\yaml\snakeyaml\1.30\snakeyaml-1.30.jar;C:\Users\sfjbs\.m2\repository\org\springframework\boot\spring-boot-starter-json\2.7
Launcher Type: SUN_STANDARD

[Global flags]
     intx CICompilerCount                          = 2                                         {product} {ergonomic}
     uint ConcGCThreads                            = 1                                         {product} {ergonomic}
     uint G1ConcRefinementThreads                  = 2                                         {product} {ergonomic}
   size_t G1HeapRegionSize                         = 1048576                                   {product} {ergonomic}
    uintx GCDrainStackTargetSize                   = 64                                        {product} {ergonomic}
   size_t InitialHeapSize                          = 134217728                                 {product} {ergonomic}
   size_t MarkStackSize                            = 4194304                                   {product} {ergonomic}
   size_t MaxHeapSize                              = 2147483648                                {product} {ergonomic}
   size_t MaxNewSize                               = 1287651328                                {product} {ergonomic}
   size_t MinHeapDeltaBytes                        = 1048576                                   {product} {ergonomic}
   size_t MinHeapSize                              = 8388608                                   {product} {ergonomic}
    uintx NonNMethodCodeHeapSize                   = 5826188                                {pd product} {ergonomic}
    uintx NonProfiledCodeHeapSize                  = 122916026                              {pd product} {ergonomic}
    uintx ProfiledCodeHeapSize                     = 122916026                              {pd product} {ergonomic}
    uintx ReservedCodeCacheSize                    = 251658240                              {pd product} {ergonomic}
     bool SegmentedCodeCache                       = true                                      {product} {ergonomic}
   size_t SoftMaxHeapSize                          = 2147483648                             {manageable} {ergonomic}
     bool UseCompressedClassPointers               = true                           {product lp64_product} {ergonomic}
     bool UseCompressedOops                        = true                           {product lp64_product} {ergonomic}
     bool UseG1GC                                  = true                                      {product} {ergonomic}
     bool UseLargePagesIndividualAllocation        = false                                  {pd product} {ergonomic}

Logging:
Log output configuration:
 #0: stdout all=warning uptime,level,tags
 #1: stderr all=off uptime,level,tags

Environment Variables:
PATH=C:\Program Files\Common Files\Oracle\Java\javapath;C:\Windows\system32;C:\Windows;C:\Windows\System32\Wbem;C:\Windows\System32\WindowsPowerShell\v1.0\;C:\Windows\System32\OpenSSH\;C:\Users\sfjbs\Downloads\micro service-20221001T105859Z-001\micro service\apache-maven-3.8.5-bin\apache-maven-3.8.5\bin;C:\Users\sfjbs\Downloads\micro service-20221001T105859Z-001\micro service\apache-maven-3.8.5-bin\apache-maven-3.8.5\lib;C:\Program Files\Git\cmd;C:\Program Files\Docker\Docker\resources\bin;C:\ProgramData\DockerDesktop\version-bin;C:\Users\sfjbs\AppData\Local\Microsoft\WindowsApps;C:\Users\sfjbs\Downloads\micro service-20221001T105859Z-001\micro service\apache-maven-3.8.5-bin\apache-maven-3.8.5\bin;C:\Users\sfjbs\Downloads\micro service-20221001T105859Z-001\micro service\apache-maven-3.8.5-bin\apache-maven-3.8.5\lib;;C:\Program Files\JetBrains\IntelliJ IDEA Community Edition 2022.2.1\bin;
USERNAME=sfjbs
OS=Windows_NT
PROCESSOR_IDENTIFIER=Intel64 Family 6 Model 106 Stepping 6, GenuineIntel
TMP=C:\Users\sfjbs\AppData\Local\Temp
TEMP=C:\Users\sfjbs\AppData\Local\Temp



---------------  S Y S T E M  ---------------

OS:
 Windows 10 , 64 bit Build 19041 (10.0.19041.1889)
OS uptime: 0 days 13:33 hours
Hyper-V role detected

CPU: total 2 (initial active 2) (1 cores per cpu, 2 threads per core) family 6 model 106 stepping 6 microcode 0xffffffff, cx8, cmov, fxsr, ht, mmx, 3dnowpref, sse, sse2, sse3, ssse3, sse4.1, sse4.2, popcnt, lzcnt, tsc, avx, avx2, aes, erms, clmul, bmi1, bmi2, rtm, adx, avx512f, avx512dq, avx512cd, avx512bw, avx512vl, fma, vzeroupper, clflush, clflushopt, hv

Memory: 4k page, system-wide physical 8190M (320M free)
TotalPageFile size 10238M (AvailPageFile size 35M)
current process WorkingSet (physical memory assigned to process): 374M, peak: 374M
current process commit charge ("private bytes"): 404M, peak: 550M

vm_info: OpenJDK 64-Bit Server VM (17.0.5+8-LTS) for windows-amd64 JRE (17.0.5+8-LTS), built on Oct 13 2022 05:18:14 by "Administrator" with MS VC++ 15.9 (VS2017)

END.
