#
# There is insufficient memory for the Java Runtime Environment to continue.
# Native memory allocation (malloc) failed to allocate 32784 bytes for Chunk::new
# Possible reasons:
#   The system is out of physical RAM or swap space
#   The process is running with CompressedOops enabled, and the Java Heap may be blocking the growth of the native heap
# Possible solutions:
#   Reduce memory load on the system
#   Increase physical memory or swap space
#   Check if swap backing store is full
#   Decrease Java heap size (-Xmx/-Xms)
#   Decrease number of Java threads
#   Decrease Java thread stack sizes (-Xss)
#   Set larger code cache with -XX:ReservedCodeCacheSize=
#   JVM is running with Unscaled Compressed Oops mode in which the Java heap is
#     placed in the first 4GB address space. The Java Heap base address is the
#     maximum limit for the native heap growth. Please use -XX:HeapBaseMinAddress
#     to set the Java Heap base and to place the Java Heap above 4GB virtual address.
# This output file may be truncated or incomplete.
#
#  Out of Memory Error (./open/src/hotspot/share/memory/arena.cpp:197), pid=30908, tid=31296
#
# JRE version: Java(TM) SE Runtime Environment 18.9 (11.0.16+11) (build 11.0.16+11-LTS-199)
# Java VM: Java HotSpot(TM) 64-Bit Server VM 18.9 (11.0.16+11-LTS-199, mixed mode, tiered, compressed oops, g1 gc, windows-amd64)
# No core dump will be written. Minidumps are not enabled by default on client versions of Windows
#

---------------  S U M M A R Y ------------

Command Line: -Dclassworlds.conf=C:\Users\sfjbs\Downloads\micro service-20221001T105859Z-001\micro service\apache-maven-3.8.5-bin\apache-maven-3.8.5\bin\m2.conf -Dmaven.home=C:\Users\sfjbs\Downloads\micro service-20221001T105859Z-001\micro service\apache-maven-3.8.5-bin\apache-maven-3.8.5 -Dlibrary.jansi.path=C:\Users\sfjbs\Downloads\micro service-20221001T105859Z-001\micro service\apache-maven-3.8.5-bin\apache-maven-3.8.5\lib\jansi-native -Dmaven.multiModuleProjectDirectory=C:\Users\sfjbs\Documents\Mini Project\pension-management-system org.codehaus.plexus.classworlds.launcher.Launcher clean install

Host: Intel(R) Xeon(R) Platinum 8370C CPU @ 2.80GHz, 2 cores, 7G,  Windows 10 , 64 bit Build 19041 (10.0.19041.1889)
Time: Tue Nov  1 11:20:57 2022 Coordinated Universal Time elapsed time: 16.378291 seconds (0d 0h 0m 16s)

---------------  T H R E A D  ---------------

Current thread (0x000001f29da31800):  JavaThread "C2 CompilerThread0" daemon [_thread_in_native, id=31296, stack(0x0000006be5e00000,0x0000006be5f00000)]


Current CompileTask:
C2:  16378 6424       4       java.util.jar.JarFile::getEntry (22 bytes)

Stack: [0x0000006be5e00000,0x0000006be5f00000]
Native frames: (J=compiled Java code, j=interpreted, Vv=VM code, C=native code)
V  [jvm.dll+0x62a3ea]
V  [jvm.dll+0x76418f]
V  [jvm.dll+0x765839]
V  [jvm.dll+0x765ec3]
V  [jvm.dll+0x23da98]
V  [jvm.dll+0xb2a1c]
V  [jvm.dll+0xb2fdc]
V  [jvm.dll+0xb2b2b]
V  [jvm.dll+0x60a6ef]
V  [jvm.dll+0x1ff45b]
V  [jvm.dll+0x654188]
V  [jvm.dll+0x1f9a3a]
V  [jvm.dll+0x1f756d]
V  [jvm.dll+0x177c81]
V  [jvm.dll+0x207006]
V  [jvm.dll+0x20519b]
V  [jvm.dll+0x729fa0]
V  [jvm.dll+0x722b74]
V  [jvm.dll+0x629286]
C  [ucrtbase.dll+0x21bb2]
C  [KERNEL32.DLL+0x17034]
C  [ntdll.dll+0x526a1]


---------------  P R O C E S S  ---------------

Threads class SMR info:
_java_thread_list=0x000001f29fd06240, length=21, elements={
0x000001f2fe2f7000, 0x000001f29da0f800, 0x000001f29da19000, 0x000001f29da2a800,
0x000001f29da2e000, 0x000001f29da2f800, 0x000001f29da31800, 0x000001f29da39000,
0x000001f29da42800, 0x000001f29e4fb000, 0x000001f29ed1d800, 0x000001f29ec78000,
0x000001f29ffc3800, 0x000001f2a2b5d800, 0x000001f2a173d000, 0x000001f2a110a000,
0x000001f2a0df6800, 0x000001f29fa78800, 0x000001f2a0cb2800, 0x000001f29ffac000,
0x000001f29ffad800
}

Java Threads: ( => current thread )
  0x000001f2fe2f7000 JavaThread "main" [_thread_in_native, id=31500, stack(0x0000006be5200000,0x0000006be5300000)]
  0x000001f29da0f800 JavaThread "Reference Handler" daemon [_thread_blocked, id=12064, stack(0x0000006be5900000,0x0000006be5a00000)]
  0x000001f29da19000 JavaThread "Finalizer" daemon [_thread_blocked, id=31084, stack(0x0000006be5a00000,0x0000006be5b00000)]
  0x000001f29da2a800 JavaThread "Signal Dispatcher" daemon [_thread_blocked, id=30912, stack(0x0000006be5b00000,0x0000006be5c00000)]
  0x000001f29da2e000 JavaThread "Attach Listener" daemon [_thread_blocked, id=30412, stack(0x0000006be5c00000,0x0000006be5d00000)]
  0x000001f29da2f800 JavaThread "Service Thread" daemon [_thread_blocked, id=31280, stack(0x0000006be5d00000,0x0000006be5e00000)]
=>0x000001f29da31800 JavaThread "C2 CompilerThread0" daemon [_thread_in_native, id=31296, stack(0x0000006be5e00000,0x0000006be5f00000)]
  0x000001f29da39000 JavaThread "C1 CompilerThread0" daemon [_thread_blocked, id=31144, stack(0x0000006be5f00000,0x0000006be6000000)]
  0x000001f29da42800 JavaThread "Sweeper thread" daemon [_thread_blocked, id=31376, stack(0x0000006be6000000,0x0000006be6100000)]
  0x000001f29e4fb000 JavaThread "Common-Cleaner" daemon [_thread_blocked, id=31372, stack(0x0000006be6200000,0x0000006be6300000)]
  0x000001f29ed1d800 JavaThread "resolver-1" daemon [_thread_blocked, id=30568, stack(0x0000006be6400000,0x0000006be6500000)]
  0x000001f29ec78000 JavaThread "resolver-2" daemon [_thread_blocked, id=28216, stack(0x0000006be6500000,0x0000006be6600000)]
  0x000001f29ffc3800 JavaThread "resolver-3" daemon [_thread_blocked, id=29220, stack(0x0000006be6600000,0x0000006be6700000)]
  0x000001f2a2b5d800 JavaThread "resolver-4" daemon [_thread_blocked, id=31588, stack(0x0000006be6700000,0x0000006be6800000)]
  0x000001f2a173d000 JavaThread "resolver-5" daemon [_thread_blocked, id=31176, stack(0x0000006be6800000,0x0000006be6900000)]
  0x000001f2a110a000 JavaThread "timeout-check-timer" daemon [_thread_blocked, id=31024, stack(0x0000006be6900000,0x0000006be6a00000)]
  0x000001f2a0df6800 JavaThread "ping-timer-10s" daemon [_thread_blocked, id=26672, stack(0x0000006be6a00000,0x0000006be6b00000)]
  0x000001f29fa78800 JavaThread "ThreadedStreamConsumer" daemon [_thread_in_native, id=30932, stack(0x0000006be6b00000,0x0000006be6c00000)]
  0x000001f2a0cb2800 JavaThread "Thread-2" [_thread_blocked, id=31032, stack(0x0000006be6c00000,0x0000006be6d00000)]
  0x000001f29ffac000 JavaThread "Thread-3" [_thread_in_native, id=26864, stack(0x0000006be6d00000,0x0000006be6e00000)]
  0x000001f29ffad800 JavaThread "Thread-4" [_thread_in_native, id=29808, stack(0x0000006be6e00000,0x0000006be6f00000)]

Other Threads:
  0x000001f29da0c800 VMThread "VM Thread" [stack: 0x0000006be5800000,0x0000006be5900000] [id=31660]
  0x000001f29e4f4800 WatcherThread [stack: 0x0000006be6100000,0x0000006be6200000] [id=30884]
  0x000001f2fe30b800 GCTaskThread "GC Thread#0" [stack: 0x0000006be5300000,0x0000006be5400000] [id=18492]
  0x000001f29e99f800 GCTaskThread "GC Thread#1" [stack: 0x0000006be6300000,0x0000006be6400000] [id=31172]
  0x000001f2fe33c800 ConcurrentGCThread "G1 Main Marker" [stack: 0x0000006be5400000,0x0000006be5500000] [id=30976]
  0x000001f2fe33e800 ConcurrentGCThread "G1 Conc#0" [stack: 0x0000006be5500000,0x0000006be5600000] [id=15904]
  0x000001f2fe3c6800 ConcurrentGCThread "G1 Refine#0" [stack: 0x0000006be5600000,0x0000006be5700000] [id=30824]
  0x000001f2fe3c8800 ConcurrentGCThread "G1 Young RemSet Sampling" [stack: 0x0000006be5700000,0x0000006be5800000] [id=24104]

Threads with active compile tasks:
C2 CompilerThread0    16398 6424       4       java.util.jar.JarFile::getEntry (22 bytes)

VM state:not at safepoint (normal execution)

VM Mutex/Monitor currently owned by a thread: None

Heap address: 0x0000000080000000, size: 2048 MB, Compressed Oops mode: 32-bit
Narrow klass base: 0x0000000000000000, Narrow klass shift: 3
Compressed class space size: 1073741824 Address: 0x0000000100000000

Heap:
 garbage-first heap   total 192512K, used 28666K [0x0000000080000000, 0x0000000100000000)
  region size 1024K, 8 young (8192K), 3 survivors (3072K)
 Metaspace       used 35756K, capacity 36441K, committed 36736K, reserved 1081344K
  class space    used 3692K, capacity 3998K, committed 4096K, reserved 1048576K
Heap Regions: E=young(eden), S=young(survivor), O=old, HS=humongous(starts), HC=humongous(continues), CS=collection set, F=free, A=archive, TAMS=top-at-mark-start (previous, next)
|   0|0x0000000080000000, 0x0000000080100000, 0x0000000080100000|100%| O|  |TAMS 0x0000000080100000, 0x0000000080000000| Untracked 
|   1|0x0000000080100000, 0x0000000080200000, 0x0000000080200000|100%| O|  |TAMS 0x0000000080200000, 0x0000000080100000| Untracked 
|   2|0x0000000080200000, 0x0000000080200000, 0x0000000080300000|  0%| F|  |TAMS 0x0000000080200000, 0x0000000080200000| Untracked 
|   3|0x0000000080300000, 0x0000000080400000, 0x0000000080400000|100%|HS|  |TAMS 0x0000000080400000, 0x0000000080300000| Complete 
|   4|0x0000000080400000, 0x0000000080500000, 0x0000000080500000|100%| O|  |TAMS 0x0000000080500000, 0x0000000080400000| Untracked 
|   5|0x0000000080500000, 0x0000000080600000, 0x0000000080600000|100%| O|  |TAMS 0x0000000080600000, 0x0000000080500000| Untracked 
|   6|0x0000000080600000, 0x0000000080700000, 0x0000000080700000|100%| O|  |TAMS 0x0000000080700000, 0x0000000080600000| Untracked 
|   7|0x0000000080700000, 0x0000000080800000, 0x0000000080800000|100%| O|  |TAMS 0x0000000080800000, 0x0000000080700000| Untracked 
|   8|0x0000000080800000, 0x0000000080900000, 0x0000000080900000|100%| O|  |TAMS 0x0000000080900000, 0x0000000080800000| Untracked 
|   9|0x0000000080900000, 0x0000000080a00000, 0x0000000080a00000|100%| O|  |TAMS 0x0000000080a00000, 0x0000000080900000| Untracked 
|  10|0x0000000080a00000, 0x0000000080b00000, 0x0000000080b00000|100%| O|  |TAMS 0x0000000080b00000, 0x0000000080a00000| Untracked 
|  11|0x0000000080b00000, 0x0000000080c00000, 0x0000000080c00000|100%| O|  |TAMS 0x0000000080c00000, 0x0000000080b00000| Untracked 
|  12|0x0000000080c00000, 0x0000000080d00000, 0x0000000080d00000|100%| O|  |TAMS 0x0000000080d00000, 0x0000000080c00000| Untracked 
|  13|0x0000000080d00000, 0x0000000080e00000, 0x0000000080e00000|100%| O|  |TAMS 0x0000000080e00000, 0x0000000080d00000| Untracked 
|  14|0x0000000080e00000, 0x0000000080e00000, 0x0000000080f00000|  0%| F|  |TAMS 0x0000000080e00000, 0x0000000080e00000| Untracked 
|  15|0x0000000080f00000, 0x0000000081000000, 0x0000000081000000|100%|HS|  |TAMS 0x0000000081000000, 0x0000000080f00000| Complete 
|  16|0x0000000081000000, 0x0000000081100000, 0x0000000081100000|100%| O|  |TAMS 0x0000000081100000, 0x0000000081000000| Untracked 
|  17|0x0000000081100000, 0x0000000081200000, 0x0000000081200000|100%| O|  |TAMS 0x0000000081200000, 0x0000000081100000| Untracked 
|  18|0x0000000081200000, 0x0000000081300000, 0x0000000081300000|100%| O|  |TAMS 0x0000000081300000, 0x0000000081200000| Untracked 
|  19|0x0000000081300000, 0x0000000081400000, 0x0000000081400000|100%| O|  |TAMS 0x0000000081400000, 0x0000000081300000| Untracked 
|  20|0x0000000081400000, 0x0000000081500000, 0x0000000081500000|100%| O|  |TAMS 0x0000000081500000, 0x0000000081400000| Untracked 
|  21|0x0000000081500000, 0x0000000081500000, 0x0000000081600000|  0%| F|  |TAMS 0x0000000081500000, 0x0000000081500000| Untracked 
|  22|0x0000000081600000, 0x0000000081600000, 0x0000000081700000|  0%| F|  |TAMS 0x0000000081600000, 0x0000000081600000| Untracked 
|  23|0x0000000081700000, 0x0000000081700000, 0x0000000081800000|  0%| F|  |TAMS 0x0000000081700000, 0x0000000081700000| Untracked 
|  24|0x0000000081800000, 0x0000000081900000, 0x0000000081900000|100%| O|  |TAMS 0x0000000081900000, 0x0000000081800000| Untracked 
|  25|0x0000000081900000, 0x0000000081a00000, 0x0000000081a00000|100%| O|  |TAMS 0x0000000081a00000, 0x0000000081900000| Untracked 
|  26|0x0000000081a00000, 0x0000000081a00000, 0x0000000081b00000|  0%| F|  |TAMS 0x0000000081a00000, 0x0000000081a00000| Untracked 
|  27|0x0000000081b00000, 0x0000000081b00000, 0x0000000081c00000|  0%| F|  |TAMS 0x0000000081b00000, 0x0000000081b00000| Untracked 
|  28|0x0000000081c00000, 0x0000000081c00000, 0x0000000081d00000|  0%| F|  |TAMS 0x0000000081c00000, 0x0000000081c00000| Untracked 
|  29|0x0000000081d00000, 0x0000000081d00000, 0x0000000081e00000|  0%| F|  |TAMS 0x0000000081d00000, 0x0000000081d00000| Untracked 
|  30|0x0000000081e00000, 0x0000000081e00000, 0x0000000081f00000|  0%| F|  |TAMS 0x0000000081e00000, 0x0000000081e00000| Untracked 
|  31|0x0000000081f00000, 0x0000000081f00000, 0x0000000082000000|  0%| F|  |TAMS 0x0000000081f00000, 0x0000000081f00000| Untracked 
|  32|0x0000000082000000, 0x0000000082000000, 0x0000000082100000|  0%| F|  |TAMS 0x0000000082000000, 0x0000000082000000| Untracked 
|  33|0x0000000082100000, 0x0000000082100000, 0x0000000082200000|  0%| F|  |TAMS 0x0000000082100000, 0x0000000082100000| Untracked 
|  34|0x0000000082200000, 0x0000000082200000, 0x0000000082300000|  0%| F|  |TAMS 0x0000000082200000, 0x0000000082200000| Untracked 
|  35|0x0000000082300000, 0x0000000082300000, 0x0000000082400000|  0%| F|  |TAMS 0x0000000082300000, 0x0000000082300000| Untracked 
|  36|0x0000000082400000, 0x0000000082400000, 0x0000000082500000|  0%| F|  |TAMS 0x0000000082400000, 0x0000000082400000| Untracked 
|  37|0x0000000082500000, 0x0000000082500000, 0x0000000082600000|  0%| F|  |TAMS 0x0000000082500000, 0x0000000082500000| Untracked 
|  38|0x0000000082600000, 0x0000000082600000, 0x0000000082700000|  0%| F|  |TAMS 0x0000000082600000, 0x0000000082600000| Untracked 
|  39|0x0000000082700000, 0x0000000082700000, 0x0000000082800000|  0%| F|  |TAMS 0x0000000082700000, 0x0000000082700000| Untracked 
|  40|0x0000000082800000, 0x0000000082800000, 0x0000000082900000|  0%| F|  |TAMS 0x0000000082800000, 0x0000000082800000| Untracked 
|  41|0x0000000082900000, 0x0000000082900000, 0x0000000082a00000|  0%| F|  |TAMS 0x0000000082900000, 0x0000000082900000| Untracked 
|  42|0x0000000082a00000, 0x0000000082a00000, 0x0000000082b00000|  0%| F|  |TAMS 0x0000000082a00000, 0x0000000082a00000| Untracked 
|  43|0x0000000082b00000, 0x0000000082b00000, 0x0000000082c00000|  0%| F|  |TAMS 0x0000000082b00000, 0x0000000082b00000| Untracked 
|  44|0x0000000082c00000, 0x0000000082c00000, 0x0000000082d00000|  0%| F|  |TAMS 0x0000000082c00000, 0x0000000082c00000| Untracked 
|  45|0x0000000082d00000, 0x0000000082d00000, 0x0000000082e00000|  0%| F|  |TAMS 0x0000000082d00000, 0x0000000082d00000| Untracked 
|  46|0x0000000082e00000, 0x0000000082e00000, 0x0000000082f00000|  0%| F|  |TAMS 0x0000000082e00000, 0x0000000082e00000| Untracked 
|  47|0x0000000082f00000, 0x0000000082f00000, 0x0000000083000000|  0%| F|  |TAMS 0x0000000082f00000, 0x0000000082f00000| Untracked 
|  48|0x0000000083000000, 0x0000000083000000, 0x0000000083100000|  0%| F|  |TAMS 0x0000000083000000, 0x0000000083000000| Untracked 
|  49|0x0000000083100000, 0x0000000083100000, 0x0000000083200000|  0%| F|  |TAMS 0x0000000083100000, 0x0000000083100000| Untracked 
|  50|0x0000000083200000, 0x0000000083200000, 0x0000000083300000|  0%| F|  |TAMS 0x0000000083200000, 0x0000000083200000| Untracked 
|  51|0x0000000083300000, 0x0000000083300000, 0x0000000083400000|  0%| F|  |TAMS 0x0000000083300000, 0x0000000083300000| Untracked 
|  52|0x0000000083400000, 0x0000000083400000, 0x0000000083500000|  0%| F|  |TAMS 0x0000000083400000, 0x0000000083400000| Untracked 
|  53|0x0000000083500000, 0x0000000083500000, 0x0000000083600000|  0%| F|  |TAMS 0x0000000083500000, 0x0000000083500000| Untracked 
|  54|0x0000000083600000, 0x0000000083600000, 0x0000000083700000|  0%| F|  |TAMS 0x0000000083600000, 0x0000000083600000| Untracked 
|  55|0x0000000083700000, 0x0000000083700000, 0x0000000083800000|  0%| F|  |TAMS 0x0000000083700000, 0x0000000083700000| Untracked 
|  56|0x0000000083800000, 0x0000000083800000, 0x0000000083900000|  0%| F|  |TAMS 0x0000000083800000, 0x0000000083800000| Untracked 
|  57|0x0000000083900000, 0x0000000083900000, 0x0000000083a00000|  0%| F|  |TAMS 0x0000000083900000, 0x0000000083900000| Untracked 
|  58|0x0000000083a00000, 0x0000000083a00000, 0x0000000083b00000|  0%| F|  |TAMS 0x0000000083a00000, 0x0000000083a00000| Untracked 
|  59|0x0000000083b00000, 0x0000000083b00000, 0x0000000083c00000|  0%| F|  |TAMS 0x0000000083b00000, 0x0000000083b00000| Untracked 
|  60|0x0000000083c00000, 0x0000000083c00000, 0x0000000083d00000|  0%| F|  |TAMS 0x0000000083c00000, 0x0000000083c00000| Untracked 
|  61|0x0000000083d00000, 0x0000000083d00000, 0x0000000083e00000|  0%| F|  |TAMS 0x0000000083d00000, 0x0000000083d00000| Untracked 
|  62|0x0000000083e00000, 0x0000000083e00000, 0x0000000083f00000|  0%| F|  |TAMS 0x0000000083e00000, 0x0000000083e00000| Untracked 
|  63|0x0000000083f00000, 0x0000000083f00000, 0x0000000084000000|  0%| F|  |TAMS 0x0000000083f00000, 0x0000000083f00000| Untracked 
|  64|0x0000000084000000, 0x0000000084000000, 0x0000000084100000|  0%| F|  |TAMS 0x0000000084000000, 0x0000000084000000| Untracked 
|  65|0x0000000084100000, 0x0000000084100000, 0x0000000084200000|  0%| F|  |TAMS 0x0000000084100000, 0x0000000084100000| Untracked 
|  66|0x0000000084200000, 0x0000000084200000, 0x0000000084300000|  0%| F|  |TAMS 0x0000000084200000, 0x0000000084200000| Untracked 
|  67|0x0000000084300000, 0x0000000084300000, 0x0000000084400000|  0%| F|  |TAMS 0x0000000084300000, 0x0000000084300000| Untracked 
|  68|0x0000000084400000, 0x0000000084400000, 0x0000000084500000|  0%| F|  |TAMS 0x0000000084400000, 0x0000000084400000| Untracked 
|  69|0x0000000084500000, 0x0000000084500000, 0x0000000084600000|  0%| F|  |TAMS 0x0000000084500000, 0x0000000084500000| Untracked 
|  70|0x0000000084600000, 0x0000000084600000, 0x0000000084700000|  0%| F|  |TAMS 0x0000000084600000, 0x0000000084600000| Untracked 
|  71|0x0000000084700000, 0x0000000084700000, 0x0000000084800000|  0%| F|  |TAMS 0x0000000084700000, 0x0000000084700000| Untracked 
|  72|0x0000000084800000, 0x0000000084800000, 0x0000000084900000|  0%| F|  |TAMS 0x0000000084800000, 0x0000000084800000| Untracked 
|  73|0x0000000084900000, 0x0000000084900000, 0x0000000084a00000|  0%| F|  |TAMS 0x0000000084900000, 0x0000000084900000| Untracked 
|  74|0x0000000084a00000, 0x0000000084a00000, 0x0000000084b00000|  0%| F|  |TAMS 0x0000000084a00000, 0x0000000084a00000| Untracked 
|  75|0x0000000084b00000, 0x0000000084b00000, 0x0000000084c00000|  0%| F|  |TAMS 0x0000000084b00000, 0x0000000084b00000| Untracked 
|  76|0x0000000084c00000, 0x0000000084c00000, 0x0000000084d00000|  0%| F|  |TAMS 0x0000000084c00000, 0x0000000084c00000| Untracked 
|  77|0x0000000084d00000, 0x0000000084d00000, 0x0000000084e00000|  0%| F|  |TAMS 0x0000000084d00000, 0x0000000084d00000| Untracked 
|  78|0x0000000084e00000, 0x0000000084e00000, 0x0000000084f00000|  0%| F|  |TAMS 0x0000000084e00000, 0x0000000084e00000| Untracked 
|  79|0x0000000084f00000, 0x0000000084f00000, 0x0000000085000000|  0%| F|  |TAMS 0x0000000084f00000, 0x0000000084f00000| Untracked 
|  80|0x0000000085000000, 0x0000000085000000, 0x0000000085100000|  0%| F|  |TAMS 0x0000000085000000, 0x0000000085000000| Untracked 
|  81|0x0000000085100000, 0x0000000085100000, 0x0000000085200000|  0%| F|  |TAMS 0x0000000085100000, 0x0000000085100000| Untracked 
|  82|0x0000000085200000, 0x0000000085200000, 0x0000000085300000|  0%| F|  |TAMS 0x0000000085200000, 0x0000000085200000| Untracked 
|  83|0x0000000085300000, 0x0000000085300000, 0x0000000085400000|  0%| F|  |TAMS 0x0000000085300000, 0x0000000085300000| Untracked 
|  84|0x0000000085400000, 0x0000000085400000, 0x0000000085500000|  0%| F|  |TAMS 0x0000000085400000, 0x0000000085400000| Untracked 
|  85|0x0000000085500000, 0x0000000085500000, 0x0000000085600000|  0%| F|  |TAMS 0x0000000085500000, 0x0000000085500000| Untracked 
|  86|0x0000000085600000, 0x0000000085600000, 0x0000000085700000|  0%| F|  |TAMS 0x0000000085600000, 0x0000000085600000| Untracked 
|  87|0x0000000085700000, 0x0000000085700000, 0x0000000085800000|  0%| F|  |TAMS 0x0000000085700000, 0x0000000085700000| Untracked 
|  88|0x0000000085800000, 0x0000000085800000, 0x0000000085900000|  0%| F|  |TAMS 0x0000000085800000, 0x0000000085800000| Untracked 
|  89|0x0000000085900000, 0x0000000085900000, 0x0000000085a00000|  0%| F|  |TAMS 0x0000000085900000, 0x0000000085900000| Untracked 
|  90|0x0000000085a00000, 0x0000000085a00000, 0x0000000085b00000|  0%| F|  |TAMS 0x0000000085a00000, 0x0000000085a00000| Untracked 
|  91|0x0000000085b00000, 0x0000000085b00000, 0x0000000085c00000|  0%| F|  |TAMS 0x0000000085b00000, 0x0000000085b00000| Untracked 
|  92|0x0000000085c00000, 0x0000000085c00000, 0x0000000085d00000|  0%| F|  |TAMS 0x0000000085c00000, 0x0000000085c00000| Untracked 
|  93|0x0000000085d00000, 0x0000000085d00000, 0x0000000085e00000|  0%| F|  |TAMS 0x0000000085d00000, 0x0000000085d00000| Untracked 
|  94|0x0000000085e00000, 0x0000000085e00000, 0x0000000085f00000|  0%| F|  |TAMS 0x0000000085e00000, 0x0000000085e00000| Untracked 
|  95|0x0000000085f00000, 0x0000000085f00000, 0x0000000086000000|  0%| F|  |TAMS 0x0000000085f00000, 0x0000000085f00000| Untracked 
|  96|0x0000000086000000, 0x0000000086000000, 0x0000000086100000|  0%| F|  |TAMS 0x0000000086000000, 0x0000000086000000| Untracked 
|  97|0x0000000086100000, 0x0000000086100000, 0x0000000086200000|  0%| F|  |TAMS 0x0000000086100000, 0x0000000086100000| Untracked 
|  98|0x0000000086200000, 0x0000000086200000, 0x0000000086300000|  0%| F|  |TAMS 0x0000000086200000, 0x0000000086200000| Untracked 
|  99|0x0000000086300000, 0x0000000086300000, 0x0000000086400000|  0%| F|  |TAMS 0x0000000086300000, 0x0000000086300000| Untracked 
| 100|0x0000000086400000, 0x0000000086400000, 0x0000000086500000|  0%| F|  |TAMS 0x0000000086400000, 0x0000000086400000| Untracked 
| 101|0x0000000086500000, 0x0000000086500000, 0x0000000086600000|  0%| F|  |TAMS 0x0000000086500000, 0x0000000086500000| Untracked 
| 102|0x0000000086600000, 0x0000000086600000, 0x0000000086700000|  0%| F|  |TAMS 0x0000000086600000, 0x0000000086600000| Untracked 
| 103|0x0000000086700000, 0x0000000086700000, 0x0000000086800000|  0%| F|  |TAMS 0x0000000086700000, 0x0000000086700000| Untracked 
| 104|0x0000000086800000, 0x0000000086800000, 0x0000000086900000|  0%| F|  |TAMS 0x0000000086800000, 0x0000000086800000| Untracked 
| 105|0x0000000086900000, 0x0000000086900000, 0x0000000086a00000|  0%| F|  |TAMS 0x0000000086900000, 0x0000000086900000| Untracked 
| 106|0x0000000086a00000, 0x0000000086a00000, 0x0000000086b00000|  0%| F|  |TAMS 0x0000000086a00000, 0x0000000086a00000| Untracked 
| 107|0x0000000086b00000, 0x0000000086b00000, 0x0000000086c00000|  0%| F|  |TAMS 0x0000000086b00000, 0x0000000086b00000| Untracked 
| 108|0x0000000086c00000, 0x0000000086c00000, 0x0000000086d00000|  0%| F|  |TAMS 0x0000000086c00000, 0x0000000086c00000| Untracked 
| 109|0x0000000086d00000, 0x0000000086d00000, 0x0000000086e00000|  0%| F|  |TAMS 0x0000000086d00000, 0x0000000086d00000| Untracked 
| 110|0x0000000086e00000, 0x0000000086e00000, 0x0000000086f00000|  0%| F|  |TAMS 0x0000000086e00000, 0x0000000086e00000| Untracked 
| 111|0x0000000086f00000, 0x0000000086f00000, 0x0000000087000000|  0%| F|  |TAMS 0x0000000086f00000, 0x0000000086f00000| Untracked 
| 112|0x0000000087000000, 0x0000000087000000, 0x0000000087100000|  0%| F|  |TAMS 0x0000000087000000, 0x0000000087000000| Untracked 
| 113|0x0000000087100000, 0x0000000087100000, 0x0000000087200000|  0%| F|  |TAMS 0x0000000087100000, 0x0000000087100000| Untracked 
| 114|0x0000000087200000, 0x0000000087200000, 0x0000000087300000|  0%| F|  |TAMS 0x0000000087200000, 0x0000000087200000| Untracked 
| 115|0x0000000087300000, 0x0000000087300000, 0x0000000087400000|  0%| F|  |TAMS 0x0000000087300000, 0x0000000087300000| Untracked 
| 116|0x0000000087400000, 0x0000000087400000, 0x0000000087500000|  0%| F|  |TAMS 0x0000000087400000, 0x0000000087400000| Untracked 
| 117|0x0000000087500000, 0x0000000087500000, 0x0000000087600000|  0%| F|  |TAMS 0x0000000087500000, 0x0000000087500000| Untracked 
| 118|0x0000000087600000, 0x0000000087600000, 0x0000000087700000|  0%| F|  |TAMS 0x0000000087600000, 0x0000000087600000| Untracked 
| 119|0x0000000087700000, 0x0000000087700000, 0x0000000087800000|  0%| F|  |TAMS 0x0000000087700000, 0x0000000087700000| Untracked 
| 120|0x0000000087800000, 0x0000000087800000, 0x0000000087900000|  0%| F|  |TAMS 0x0000000087800000, 0x0000000087800000| Untracked 
| 121|0x0000000087900000, 0x0000000087900000, 0x0000000087a00000|  0%| F|  |TAMS 0x0000000087900000, 0x0000000087900000| Untracked 
| 122|0x0000000087a00000, 0x0000000087a00000, 0x0000000087b00000|  0%| F|  |TAMS 0x0000000087a00000, 0x0000000087a00000| Untracked 
| 123|0x0000000087b00000, 0x0000000087b00000, 0x0000000087c00000|  0%| F|  |TAMS 0x0000000087b00000, 0x0000000087b00000| Untracked 
| 124|0x0000000087c00000, 0x0000000087c00000, 0x0000000087d00000|  0%| F|  |TAMS 0x0000000087c00000, 0x0000000087c00000| Untracked 
| 125|0x0000000087d00000, 0x0000000087d00000, 0x0000000087e00000|  0%| F|  |TAMS 0x0000000087d00000, 0x0000000087d00000| Untracked 
| 126|0x0000000087e00000, 0x0000000087e00000, 0x0000000087f00000|  0%| F|  |TAMS 0x0000000087e00000, 0x0000000087e00000| Untracked 
| 127|0x0000000087f00000, 0x0000000087f00000, 0x0000000088000000|  0%| F|  |TAMS 0x0000000087f00000, 0x0000000087f00000| Untracked 
| 128|0x0000000088000000, 0x0000000088000000, 0x0000000088100000|  0%| F|  |TAMS 0x0000000088000000, 0x0000000088000000| Untracked 
| 129|0x0000000088100000, 0x0000000088100000, 0x0000000088200000|  0%| F|  |TAMS 0x0000000088100000, 0x0000000088100000| Untracked 
| 130|0x0000000088200000, 0x0000000088200000, 0x0000000088300000|  0%| F|  |TAMS 0x0000000088200000, 0x0000000088200000| Untracked 
| 131|0x0000000088300000, 0x0000000088300000, 0x0000000088400000|  0%| F|  |TAMS 0x0000000088300000, 0x0000000088300000| Untracked 
| 132|0x0000000088400000, 0x0000000088400000, 0x0000000088500000|  0%| F|  |TAMS 0x0000000088400000, 0x0000000088400000| Untracked 
| 133|0x0000000088500000, 0x0000000088500000, 0x0000000088600000|  0%| F|  |TAMS 0x0000000088500000, 0x0000000088500000| Untracked 
| 134|0x0000000088600000, 0x0000000088600000, 0x0000000088700000|  0%| F|  |TAMS 0x0000000088600000, 0x0000000088600000| Untracked 
| 135|0x0000000088700000, 0x0000000088700000, 0x0000000088800000|  0%| F|  |TAMS 0x0000000088700000, 0x0000000088700000| Untracked 
| 136|0x0000000088800000, 0x0000000088800000, 0x0000000088900000|  0%| F|  |TAMS 0x0000000088800000, 0x0000000088800000| Untracked 
| 137|0x0000000088900000, 0x0000000088900000, 0x0000000088a00000|  0%| F|  |TAMS 0x0000000088900000, 0x0000000088900000| Untracked 
| 138|0x0000000088a00000, 0x0000000088a00000, 0x0000000088b00000|  0%| F|  |TAMS 0x0000000088a00000, 0x0000000088a00000| Untracked 
| 139|0x0000000088b00000, 0x0000000088b00000, 0x0000000088c00000|  0%| F|  |TAMS 0x0000000088b00000, 0x0000000088b00000| Untracked 
| 140|0x0000000088c00000, 0x0000000088c00000, 0x0000000088d00000|  0%| F|  |TAMS 0x0000000088c00000, 0x0000000088c00000| Untracked 
| 141|0x0000000088d00000, 0x0000000088d00000, 0x0000000088e00000|  0%| F|  |TAMS 0x0000000088d00000, 0x0000000088d00000| Untracked 
| 142|0x0000000088e00000, 0x0000000088e00000, 0x0000000088f00000|  0%| F|  |TAMS 0x0000000088e00000, 0x0000000088e00000| Untracked 
| 143|0x0000000088f00000, 0x0000000088f00000, 0x0000000089000000|  0%| F|  |TAMS 0x0000000088f00000, 0x0000000088f00000| Untracked 
| 144|0x0000000089000000, 0x0000000089000000, 0x0000000089100000|  0%| F|  |TAMS 0x0000000089000000, 0x0000000089000000| Untracked 
| 145|0x0000000089100000, 0x0000000089100000, 0x0000000089200000|  0%| F|  |TAMS 0x0000000089100000, 0x0000000089100000| Untracked 
| 146|0x0000000089200000, 0x0000000089200000, 0x0000000089300000|  0%| F|  |TAMS 0x0000000089200000, 0x0000000089200000| Untracked 
| 147|0x0000000089300000, 0x0000000089300000, 0x0000000089400000|  0%| F|  |TAMS 0x0000000089300000, 0x0000000089300000| Untracked 
| 148|0x0000000089400000, 0x0000000089400000, 0x0000000089500000|  0%| F|  |TAMS 0x0000000089400000, 0x0000000089400000| Untracked 
| 149|0x0000000089500000, 0x0000000089500000, 0x0000000089600000|  0%| F|  |TAMS 0x0000000089500000, 0x0000000089500000| Untracked 
| 150|0x0000000089600000, 0x0000000089600000, 0x0000000089700000|  0%| F|  |TAMS 0x0000000089600000, 0x0000000089600000| Untracked 
| 151|0x0000000089700000, 0x0000000089700000, 0x0000000089800000|  0%| F|  |TAMS 0x0000000089700000, 0x0000000089700000| Untracked 
| 152|0x0000000089800000, 0x0000000089800000, 0x0000000089900000|  0%| F|  |TAMS 0x0000000089800000, 0x0000000089800000| Untracked 
| 153|0x0000000089900000, 0x0000000089900000, 0x0000000089a00000|  0%| F|  |TAMS 0x0000000089900000, 0x0000000089900000| Untracked 
| 154|0x0000000089a00000, 0x0000000089a00000, 0x0000000089b00000|  0%| F|  |TAMS 0x0000000089a00000, 0x0000000089a00000| Untracked 
| 155|0x0000000089b00000, 0x0000000089b00000, 0x0000000089c00000|  0%| F|  |TAMS 0x0000000089b00000, 0x0000000089b00000| Untracked 
| 156|0x0000000089c00000, 0x0000000089c00000, 0x0000000089d00000|  0%| F|  |TAMS 0x0000000089c00000, 0x0000000089c00000| Untracked 
| 157|0x0000000089d00000, 0x0000000089d00000, 0x0000000089e00000|  0%| F|  |TAMS 0x0000000089d00000, 0x0000000089d00000| Untracked 
| 158|0x0000000089e00000, 0x0000000089e00000, 0x0000000089f00000|  0%| F|  |TAMS 0x0000000089e00000, 0x0000000089e00000| Untracked 
| 159|0x0000000089f00000, 0x0000000089f00000, 0x000000008a000000|  0%| F|  |TAMS 0x0000000089f00000, 0x0000000089f00000| Untracked 
| 160|0x000000008a000000, 0x000000008a000000, 0x000000008a100000|  0%| F|  |TAMS 0x000000008a000000, 0x000000008a000000| Untracked 
| 161|0x000000008a100000, 0x000000008a100000, 0x000000008a200000|  0%| F|  |TAMS 0x000000008a100000, 0x000000008a100000| Untracked 
| 162|0x000000008a200000, 0x000000008a200000, 0x000000008a300000|  0%| F|  |TAMS 0x000000008a200000, 0x000000008a200000| Untracked 
| 163|0x000000008a300000, 0x000000008a300000, 0x000000008a400000|  0%| F|  |TAMS 0x000000008a300000, 0x000000008a300000| Untracked 
| 164|0x000000008a400000, 0x000000008a400000, 0x000000008a500000|  0%| F|  |TAMS 0x000000008a400000, 0x000000008a400000| Untracked 
| 165|0x000000008a500000, 0x000000008a500000, 0x000000008a600000|  0%| F|  |TAMS 0x000000008a500000, 0x000000008a500000| Untracked 
| 166|0x000000008a600000, 0x000000008a600000, 0x000000008a700000|  0%| F|  |TAMS 0x000000008a600000, 0x000000008a600000| Untracked 
| 167|0x000000008a700000, 0x000000008a700000, 0x000000008a800000|  0%| F|  |TAMS 0x000000008a700000, 0x000000008a700000| Untracked 
| 168|0x000000008a800000, 0x000000008a8fe990, 0x000000008a900000| 99%| S|CS|TAMS 0x000000008a800000, 0x000000008a800000| Complete 
| 169|0x000000008a900000, 0x000000008aa00000, 0x000000008aa00000|100%| S|CS|TAMS 0x000000008a900000, 0x000000008a900000| Complete 
| 170|0x000000008aa00000, 0x000000008ab00000, 0x000000008ab00000|100%| S|CS|TAMS 0x000000008aa00000, 0x000000008aa00000| Complete 
| 171|0x000000008ab00000, 0x000000008ab00000, 0x000000008ac00000|  0%| F|  |TAMS 0x000000008ab00000, 0x000000008ab00000| Untracked 
| 172|0x000000008ac00000, 0x000000008ac00000, 0x000000008ad00000|  0%| F|  |TAMS 0x000000008ac00000, 0x000000008ac00000| Untracked 
| 173|0x000000008ad00000, 0x000000008ad00000, 0x000000008ae00000|  0%| F|  |TAMS 0x000000008ad00000, 0x000000008ad00000| Untracked 
| 174|0x000000008ae00000, 0x000000008ae00000, 0x000000008af00000|  0%| F|  |TAMS 0x000000008ae00000, 0x000000008ae00000| Untracked 
| 175|0x000000008af00000, 0x000000008af00000, 0x000000008b000000|  0%| F|  |TAMS 0x000000008af00000, 0x000000008af00000| Untracked 
| 176|0x000000008b000000, 0x000000008b000000, 0x000000008b100000|  0%| F|  |TAMS 0x000000008b000000, 0x000000008b000000| Untracked 
| 177|0x000000008b100000, 0x000000008b100000, 0x000000008b200000|  0%| F|  |TAMS 0x000000008b100000, 0x000000008b100000| Untracked 
| 178|0x000000008b200000, 0x000000008b200000, 0x000000008b300000|  0%| F|  |TAMS 0x000000008b200000, 0x000000008b200000| Untracked 
| 179|0x000000008b300000, 0x000000008b300000, 0x000000008b400000|  0%| F|  |TAMS 0x000000008b300000, 0x000000008b300000| Untracked 
| 180|0x000000008b400000, 0x000000008b400000, 0x000000008b500000|  0%| F|  |TAMS 0x000000008b400000, 0x000000008b400000| Untracked 
| 181|0x000000008b500000, 0x000000008b500000, 0x000000008b600000|  0%| F|  |TAMS 0x000000008b500000, 0x000000008b500000| Untracked 
| 182|0x000000008b600000, 0x000000008b600000, 0x000000008b700000|  0%| F|  |TAMS 0x000000008b600000, 0x000000008b600000| Untracked 
| 183|0x000000008b700000, 0x000000008b778d48, 0x000000008b800000| 47%| E|  |TAMS 0x000000008b700000, 0x000000008b700000| Complete 
| 184|0x000000008b800000, 0x000000008b900000, 0x000000008b900000|100%| E|CS|TAMS 0x000000008b800000, 0x000000008b800000| Complete 
| 185|0x000000008b900000, 0x000000008ba00000, 0x000000008ba00000|100%| E|CS|TAMS 0x000000008b900000, 0x000000008b900000| Complete 
| 186|0x000000008ba00000, 0x000000008bb00000, 0x000000008bb00000|100%| E|CS|TAMS 0x000000008ba00000, 0x000000008ba00000| Complete 
| 187|0x000000008bb00000, 0x000000008bc00000, 0x000000008bc00000|100%| E|CS|TAMS 0x000000008bb00000, 0x000000008bb00000| Complete 

Card table byte_map: [0x000001f296e00000,0x000001f297200000] _byte_map_base: 0x000001f296a00000

Marking Bits (Prev, Next): (CMBitMap*) 0x000001f2fe333768, (CMBitMap*) 0x000001f2fe3337a0
 Prev Bits: [0x000001f297600000, 0x000001f299600000)
 Next Bits: [0x000001f299600000, 0x000001f29b600000)

Polling page: 0x000001f280000000

Metaspace:

Usage:
  Non-class:     31.68 MB capacity,    31.31 MB ( 99%) used,   312.58 KB ( <1%) free+waste,    66.25 KB ( <1%) overhead. 
      Class:      3.90 MB capacity,     3.61 MB ( 92%) used,   277.00 KB (  7%) free+waste,    28.25 KB ( <1%) overhead. 
       Both:     35.59 MB capacity,    34.92 MB ( 98%) used,   589.58 KB (  2%) free+waste,    94.50 KB ( <1%) overhead. 

Virtual space:
  Non-class space:       32.00 MB reserved,      31.88 MB (>99%) committed 
      Class space:        1.00 GB reserved,       4.00 MB ( <1%) committed 
             Both:        1.03 GB reserved,      35.88 MB (  3%) committed 

Chunk freelists:
   Non-Class:  640 bytes
       Class:  256 bytes
        Both:  896 bytes

CodeHeap 'non-profiled nmethods': size=120064Kb used=3132Kb max_used=3132Kb free=116931Kb
 bounds [0x000001f28f0b0000, 0x000001f28f3c0000, 0x000001f2965f0000]
CodeHeap 'profiled nmethods': size=120000Kb used=15356Kb max_used=15356Kb free=104644Kb
 bounds [0x000001f287b80000, 0x000001f288a80000, 0x000001f28f0b0000]
CodeHeap 'non-nmethods': size=5696Kb used=1174Kb max_used=1214Kb free=4521Kb
 bounds [0x000001f2875f0000, 0x000001f287860000, 0x000001f287b80000]
 total_blobs=6883 nmethods=6376 adapters=418
 compilation: enabled
              stopped_count=0, restarted_count=0
 full_count=0

Compilation events (10 events):
Event: 15.240 Thread 0x000001f29da39000 nmethod 6419 0x000001f28f3bea90 code [0x000001f28f3bec20, 0x000001f28f3becd8]
Event: 15.750 Thread 0x000001f29da39000 6420       3       java.lang.invoke.VarHandleGuards::guard_LLL_Z (70 bytes)
Event: 15.751 Thread 0x000001f29da39000 nmethod 6420 0x000001f288a7c690 code [0x000001f288a7c920, 0x000001f288a7d7e8]
Event: 15.751 Thread 0x000001f29da39000 6421       3       java.lang.invoke.VarHandleObjects$FieldInstanceReadWrite::compareAndSet (38 bytes)
Event: 15.752 Thread 0x000001f29da39000 nmethod 6421 0x000001f288a7dd10 code [0x000001f288a7df60, 0x000001f288a7e8c8]
Event: 16.328 Thread 0x000001f29da31800 6422       4       java.nio.ByteBuffer::hasArray (20 bytes)
Event: 16.329 Thread 0x000001f29da31800 nmethod 6422 0x000001f28f3bed90 code [0x000001f28f3bef00, 0x000001f28f3bef98]
Event: 16.329 Thread 0x000001f29da39000 6423       3       sun.nio.cs.SingleByte$Decoder::decode (11 bytes)
Event: 16.329 Thread 0x000001f29da39000 nmethod 6423 0x000001f288a7ec90 code [0x000001f288a7ee20, 0x000001f288a7ef58]
Event: 16.335 Thread 0x000001f29da31800 6424       4       java.util.jar.JarFile::getEntry (22 bytes)

GC Heap History (10 events):
Event: 6.202 GC heap before
{Heap before GC invocations=5 (full 0):
 garbage-first heap   total 157696K, used 61361K [0x0000000080000000, 0x0000000100000000)
  region size 1024K, 59 young (60416K), 5 survivors (5120K)
 Metaspace       used 20912K, capacity 21212K, committed 21248K, reserved 1069056K
  class space    used 2167K, capacity 2285K, committed 2304K, reserved 1048576K
}
Event: 6.229 GC heap after
{Heap after GC invocations=6 (full 0):
 garbage-first heap   total 157696K, used 12109K [0x0000000080000000, 0x0000000100000000)
  region size 1024K, 10 young (10240K), 10 survivors (10240K)
 Metaspace       used 20912K, capacity 21212K, committed 21248K, reserved 1069056K
  class space    used 2167K, capacity 2285K, committed 2304K, reserved 1048576K
}
Event: 9.169 GC heap before
{Heap before GC invocations=7 (full 0):
 garbage-first heap   total 157696K, used 74573K [0x0000000080000000, 0x0000000100000000)
  region size 1024K, 69 young (70656K), 10 survivors (10240K)
 Metaspace       used 30523K, capacity 31140K, committed 31488K, reserved 1077248K
  class space    used 3235K, capacity 3457K, committed 3584K, reserved 1048576K
}
Event: 9.209 GC heap after
{Heap after GC invocations=8 (full 0):
 garbage-first heap   total 157696K, used 20988K [0x0000000080000000, 0x0000000100000000)
  region size 1024K, 9 young (9216K), 9 survivors (9216K)
 Metaspace       used 30523K, capacity 31140K, committed 31488K, reserved 1077248K
  class space    used 3235K, capacity 3457K, committed 3584K, reserved 1048576K
}
Event: 12.186 GC heap before
{Heap before GC invocations=8 (full 0):
 garbage-first heap   total 157696K, used 95740K [0x0000000080000000, 0x0000000100000000)
  region size 1024K, 79 young (80896K), 9 survivors (9216K)
 Metaspace       used 33185K, capacity 33853K, committed 34048K, reserved 1079296K
  class space    used 3481K, capacity 3714K, committed 3840K, reserved 1048576K
}
Event: 12.218 GC heap after
{Heap after GC invocations=9 (full 0):
 garbage-first heap   total 157696K, used 32768K [0x0000000080000000, 0x0000000100000000)
  region size 1024K, 10 young (10240K), 10 survivors (10240K)
 Metaspace       used 33185K, capacity 33853K, committed 34048K, reserved 1079296K
  class space    used 3481K, capacity 3714K, committed 3840K, reserved 1048576K
}
Event: 14.297 GC heap before
{Heap before GC invocations=9 (full 0):
 garbage-first heap   total 157696K, used 106496K [0x0000000080000000, 0x0000000100000000)
  region size 1024K, 81 young (82944K), 10 survivors (10240K)
 Metaspace       used 34858K, capacity 35556K, committed 35712K, reserved 1081344K
  class space    used 3609K, capacity 3894K, committed 3968K, reserved 1048576K
}
Event: 14.314 GC heap after
{Heap after GC invocations=10 (full 0):
 garbage-first heap   total 192512K, used 31232K [0x0000000080000000, 0x0000000100000000)
  region size 1024K, 6 young (6144K), 6 survivors (6144K)
 Metaspace       used 34858K, capacity 35556K, committed 35712K, reserved 1081344K
  class space    used 3609K, capacity 3894K, committed 3968K, reserved 1048576K
}
Event: 14.669 GC heap before
{Heap before GC invocations=10 (full 0):
 garbage-first heap   total 192512K, used 47616K [0x0000000080000000, 0x0000000100000000)
  region size 1024K, 23 young (23552K), 6 survivors (6144K)
 Metaspace       used 35093K, capacity 35749K, committed 35840K, reserved 1081344K
  class space    used 3620K, capacity 3894K, committed 3968K, reserved 1048576K
}
Event: 14.677 GC heap after
{Heap after GC invocations=11 (full 0):
 garbage-first heap   total 192512K, used 28666K [0x0000000080000000, 0x0000000100000000)
  region size 1024K, 3 young (3072K), 3 survivors (3072K)
 Metaspace       used 35093K, capacity 35749K, committed 35840K, reserved 1081344K
  class space    used 3620K, capacity 3894K, committed 3968K, reserved 1048576K
}

Deoptimization events (10 events):
Event: 14.942 Thread 0x000001f2fe2f7000 Uncommon trap: reason=class_check action=maybe_recompile pc=0x000001f28f1f8904 method=java.util.Collections$UnmodifiableMap$UnmodifiableEntrySet$UnmodifiableEntry.getKey()Ljava/lang/Object; @ 4 c2
Event: 14.942 Thread 0x000001f2fe2f7000 Uncommon trap: reason=class_check action=maybe_recompile pc=0x000001f28f200584 method=java.util.Collections$UnmodifiableMap$UnmodifiableEntrySet$UnmodifiableEntry.getValue()Ljava/lang/Object; @ 4 c2
Event: 14.942 Thread 0x000001f2fe2f7000 Uncommon trap: reason=class_check action=maybe_recompile pc=0x000001f28f1dfc10 method=java.util.Collections$UnmodifiableMap$UnmodifiableEntrySet$1.hasNext()Z @ 4 c2
Event: 14.942 Thread 0x000001f2fe2f7000 Uncommon trap: reason=class_check action=maybe_recompile pc=0x000001f28f1f8330 method=java.util.Collections$UnmodifiableMap$UnmodifiableEntrySet$1.next()Ljava/util/Map$Entry; @ 8 c2
Event: 14.942 Thread 0x000001f2fe2f7000 Uncommon trap: reason=class_check action=maybe_recompile pc=0x000001f28f1f8904 method=java.util.Collections$UnmodifiableMap$UnmodifiableEntrySet$UnmodifiableEntry.getKey()Ljava/lang/Object; @ 4 c2
Event: 14.942 Thread 0x000001f2fe2f7000 Uncommon trap: reason=class_check action=maybe_recompile pc=0x000001f28f200584 method=java.util.Collections$UnmodifiableMap$UnmodifiableEntrySet$UnmodifiableEntry.getValue()Ljava/lang/Object; @ 4 c2
Event: 14.942 Thread 0x000001f2fe2f7000 Uncommon trap: reason=class_check action=maybe_recompile pc=0x000001f28f1dfc10 method=java.util.Collections$UnmodifiableMap$UnmodifiableEntrySet$1.hasNext()Z @ 4 c2
Event: 14.942 Thread 0x000001f2fe2f7000 Uncommon trap: reason=class_check action=maybe_recompile pc=0x000001f28f1f8330 method=java.util.Collections$UnmodifiableMap$UnmodifiableEntrySet$1.next()Ljava/util/Map$Entry; @ 8 c2
Event: 14.942 Thread 0x000001f2fe2f7000 Uncommon trap: reason=class_check action=maybe_recompile pc=0x000001f28f1f8904 method=java.util.Collections$UnmodifiableMap$UnmodifiableEntrySet$UnmodifiableEntry.getKey()Ljava/lang/Object; @ 4 c2
Event: 14.942 Thread 0x000001f2fe2f7000 Uncommon trap: reason=class_check action=maybe_recompile pc=0x000001f28f200584 method=java.util.Collections$UnmodifiableMap$UnmodifiableEntrySet$UnmodifiableEntry.getValue()Ljava/lang/Object; @ 4 c2

Classes redefined (0 events):
No events

Internal exceptions (10 events):
Event: 12.999 Thread 0x000001f2fe2f7000 Exception <a 'sun/nio/fs/WindowsException'{0x0000000087059790}> (0x0000000087059790) thrown at [./open/src/hotspot/share/prims/jni.cpp, line 611]
Event: 13.013 Thread 0x000001f2fe2f7000 Exception <a 'sun/nio/fs/WindowsException'{0x00000000870a0950}> (0x00000000870a0950) thrown at [./open/src/hotspot/share/prims/jni.cpp, line 611]
Event: 13.721 Thread 0x000001f2fe2f7000 Exception <a 'java/lang/NoSuchMethodError'{0x000000008586cc68}: org.apache.maven.execution.MavenExecutionRequest.getFailureBehavior()Ljava/lang/String;> (0x000000008586cc68) thrown at [./open/src/hotspot/share/interpreter/linkResolver.cpp, line 864]
Event: 13.800 Thread 0x000001f29eb36000 Exception <a 'java/lang/NoSuchMethodError'{0x0000000085607a30}: java.lang.invoke.DirectMethodHandle$Holder.invokeStaticInit(Ljava/lang/Object;Ljava/lang/Object;JLjava/lang/Object;)Ljava/lang/Object;> (0x0000000085607a30) thrown at [./open/src/hotspot/shar
Event: 13.806 Thread 0x000001f29eb36000 Exception <a 'java/lang/NoSuchMethodError'{0x0000000085613b50}: java.lang.invoke.Invokers$Holder.linkToTargetMethod(Ljava/lang/Object;JLjava/lang/Object;)Ljava/lang/Object;> (0x0000000085613b50) thrown at [./open/src/hotspot/share/interpreter/linkResolver
Event: 14.236 Thread 0x000001f2fe2f7000 Exception <a 'java/lang/NoSuchMethodError'{0x00000000856d05f8}: java.lang.invoke.DirectMethodHandle$Holder.invokeStaticInit(Ljava/lang/Object;Ljava/lang/Object;IIII)Ljava/lang/Object;> (0x00000000856d05f8) thrown at [./open/src/hotspot/share/interpreter/l
Event: 14.963 Thread 0x000001f2fe2f7000 Exception <a 'java/lang/NoSuchMethodError'{0x000000008b831a20}: java.lang.invoke.DirectMethodHandle$Holder.invokeStatic(Ljava/lang/Object;J)V> (0x000000008b831a20) thrown at [./open/src/hotspot/share/interpreter/linkResolver.cpp, line 772]
Event: 14.964 Thread 0x000001f2fe2f7000 Exception <a 'java/lang/NoSuchMethodError'{0x000000008b836c30}: java.lang.invoke.DirectMethodHandle$Holder.invokeStatic(Ljava/lang/Object;J)Ljava/lang/Object;> (0x000000008b836c30) thrown at [./open/src/hotspot/share/interpreter/linkResolver.cpp, line 772
Event: 14.964 Thread 0x000001f2fe2f7000 Exception <a 'java/lang/NoSuchMethodError'{0x000000008b839f58}: java.lang.invoke.DirectMethodHandle$Holder.invokeSpecial(Ljava/lang/Object;Ljava/lang/Object;J)Ljava/lang/Object;> (0x000000008b839f58) thrown at [./open/src/hotspot/share/interpreter/linkRes
Event: 14.964 Thread 0x000001f2fe2f7000 Exception <a 'java/lang/NoSuchMethodError'{0x000000008b83ccc0}: java.lang.invoke.Invokers$Holder.linkToTargetMethod(JLjava/lang/Object;)Ljava/lang/Object;> (0x000000008b83ccc0) thrown at [./open/src/hotspot/share/interpreter/linkResolver.cpp, line 772]

Events (10 events):
Event: 16.337 Executing VM operation: RevokeBias
Event: 16.337 Executing VM operation: RevokeBias done
Event: 16.337 Executing VM operation: RevokeBias
Event: 16.337 Executing VM operation: RevokeBias done
Event: 16.339 loading class org/apache/maven/plugin/surefire/booterclient/output/InPluginProcessDumpSingleton
Event: 16.339 loading class org/apache/maven/plugin/surefire/booterclient/output/InPluginProcessDumpSingleton done
Event: 16.339 loading class org/apache/maven/plugin/surefire/booterclient/output/InPluginProcessDumpSingleton
Event: 16.339 loading class org/apache/maven/plugin/surefire/booterclient/output/InPluginProcessDumpSingleton done
Event: 16.339 loading class org/apache/maven/plugin/surefire/booterclient/output/InPluginProcessDumpSingleton
Event: 16.339 loading class org/apache/maven/plugin/surefire/booterclient/output/InPluginProcessDumpSingleton done


Dynamic libraries:
0x00007ff7b0470000 - 0x00007ff7b047f000 	C:\Program Files\Java\jdk-11.0.16\bin\java.exe
0x00007ffe2dd70000 - 0x00007ffe2df68000 	C:\Windows\SYSTEM32\ntdll.dll
0x00007ffe2d0c0000 - 0x00007ffe2d17d000 	C:\Windows\System32\KERNEL32.DLL
0x00007ffe2b8a0000 - 0x00007ffe2bb72000 	C:\Windows\System32\KERNELBASE.dll
0x00007ffe2b640000 - 0x00007ffe2b740000 	C:\Windows\System32\ucrtbase.dll
0x00007ffe0f5e0000 - 0x00007ffe0f5f5000 	C:\Program Files\Java\jdk-11.0.16\bin\VCRUNTIME140.dll
0x00007ffe0f5c0000 - 0x00007ffe0f5d8000 	C:\Program Files\Java\jdk-11.0.16\bin\jli.dll
0x00007ffe2ccb0000 - 0x00007ffe2cd5e000 	C:\Windows\System32\ADVAPI32.dll
0x00007ffe2c150000 - 0x00007ffe2c1ee000 	C:\Windows\System32\msvcrt.dll
0x00007ffe2c670000 - 0x00007ffe2c70c000 	C:\Windows\System32\sechost.dll
0x00007ffe2d1f0000 - 0x00007ffe2d315000 	C:\Windows\System32\RPCRT4.dll
0x00007ffe2bed0000 - 0x00007ffe2c06d000 	C:\Windows\System32\USER32.dll
0x00007ffe2b5c0000 - 0x00007ffe2b5e2000 	C:\Windows\System32\win32u.dll
0x00007ffe0ce20000 - 0x00007ffe0d0ba000 	C:\Windows\WinSxS\amd64_microsoft.windows.common-controls_6595b64144ccf1df_6.0.19041.1110_none_60b5254171f9507e\COMCTL32.dll
0x00007ffe2c770000 - 0x00007ffe2c79b000 	C:\Windows\System32\GDI32.dll
0x00007ffe2b4b0000 - 0x00007ffe2b5bf000 	C:\Windows\System32\gdi32full.dll
0x00007ffe2bbf0000 - 0x00007ffe2bc8d000 	C:\Windows\System32\msvcp_win.dll
0x00007ffe235f0000 - 0x00007ffe235fa000 	C:\Windows\SYSTEM32\VERSION.dll
0x00007ffe2bdd0000 - 0x00007ffe2be00000 	C:\Windows\System32\IMM32.DLL
0x00007ffe040b0000 - 0x00007ffe0414b000 	C:\Program Files\Java\jdk-11.0.16\bin\msvcp140.dll
0x00007ffdd7780000 - 0x00007ffdd8298000 	C:\Program Files\Java\jdk-11.0.16\bin\server\jvm.dll
0x00007ffe2c7a0000 - 0x00007ffe2c7a8000 	C:\Windows\System32\PSAPI.DLL
0x00007ffe26e90000 - 0x00007ffe26e99000 	C:\Windows\SYSTEM32\WSOCK32.dll
0x00007ffe2d180000 - 0x00007ffe2d1eb000 	C:\Windows\System32\WS2_32.dll
0x00007ffe08910000 - 0x00007ffe08937000 	C:\Windows\SYSTEM32\WINMM.dll
0x00007ffe29320000 - 0x00007ffe29332000 	C:\Windows\SYSTEM32\kernel.appcore.dll
0x00007ffe0f5b0000 - 0x00007ffe0f5c0000 	C:\Program Files\Java\jdk-11.0.16\bin\verify.dll
0x00007ffe1d6c0000 - 0x00007ffe1d8a4000 	C:\Windows\SYSTEM32\DBGHELP.DLL
0x00007ffe1d690000 - 0x00007ffe1d6bc000 	C:\Windows\SYSTEM32\dbgcore.DLL
0x00007ffe2bd40000 - 0x00007ffe2bdc2000 	C:\Windows\System32\bcryptPrimitives.dll
0x00007ffe0c510000 - 0x00007ffe0c538000 	C:\Program Files\Java\jdk-11.0.16\bin\java.dll
0x00007ffe0f5a0000 - 0x00007ffe0f5aa000 	C:\Program Files\Java\jdk-11.0.16\bin\jimage.dll
0x00007ffe08a30000 - 0x00007ffe08a46000 	C:\Program Files\Java\jdk-11.0.16\bin\zip.dll
0x00007ffe2d500000 - 0x00007ffe2dc43000 	C:\Windows\System32\SHELL32.dll
0x00007ffe29520000 - 0x00007ffe29cb1000 	C:\Windows\SYSTEM32\windows.storage.dll
0x00007ffe2cd60000 - 0x00007ffe2d0b4000 	C:\Windows\System32\combase.dll
0x00007ffe2ad20000 - 0x00007ffe2ad50000 	C:\Windows\SYSTEM32\Wldp.dll
0x00007ffe2d450000 - 0x00007ffe2d4fd000 	C:\Windows\System32\SHCORE.dll
0x00007ffe2cbd0000 - 0x00007ffe2cc25000 	C:\Windows\System32\shlwapi.dll
0x00007ffe2b3c0000 - 0x00007ffe2b3df000 	C:\Windows\SYSTEM32\profapi.dll
0x00007ffe08800000 - 0x00007ffe08819000 	C:\Program Files\Java\jdk-11.0.16\bin\net.dll
0x00007ffe22f20000 - 0x00007ffe2302d000 	C:\Windows\SYSTEM32\WINHTTP.dll
0x00007ffe2ab00000 - 0x00007ffe2ab6a000 	C:\Windows\system32\mswsock.dll
0x00007ffe06be0000 - 0x00007ffe06bf2000 	C:\Program Files\Java\jdk-11.0.16\bin\nio.dll
0x0000000069ac0000 - 0x0000000069ae4000 	C:\Users\sfjbs\Downloads\micro service-20221001T105859Z-001\micro service\apache-maven-3.8.5-bin\apache-maven-3.8.5\lib\jansi-native\Windows\x86_64\jansi.dll
0x00007ffe2ad60000 - 0x00007ffe2ad78000 	C:\Windows\SYSTEM32\CRYPTSP.dll
0x00007ffe2a440000 - 0x00007ffe2a474000 	C:\Windows\system32\rsaenh.dll
0x00007ffe2b480000 - 0x00007ffe2b4a7000 	C:\Windows\System32\bcrypt.dll
0x00007ffe2b380000 - 0x00007ffe2b3ae000 	C:\Windows\SYSTEM32\USERENV.dll
0x00007ffe2ac90000 - 0x00007ffe2ac9c000 	C:\Windows\SYSTEM32\CRYPTBASE.dll
0x00007ffe2a810000 - 0x00007ffe2a84b000 	C:\Windows\SYSTEM32\IPHLPAPI.DLL
0x00007ffe2c660000 - 0x00007ffe2c668000 	C:\Windows\System32\NSI.dll
0x00007ffe23dc0000 - 0x00007ffe23dd7000 	C:\Windows\SYSTEM32\dhcpcsvc6.DLL
0x00007ffe23da0000 - 0x00007ffe23dbd000 	C:\Windows\SYSTEM32\dhcpcsvc.DLL
0x00007ffe2a850000 - 0x00007ffe2a91a000 	C:\Windows\SYSTEM32\DNSAPI.dll

dbghelp: loaded successfully - version: 4.0.5 - missing functions: none
symbol engine: initialized successfully - sym options: 0x614 - pdb path: .;C:\Program Files\Java\jdk-11.0.16\bin;C:\Windows\SYSTEM32;C:\Windows\WinSxS\amd64_microsoft.windows.common-controls_6595b64144ccf1df_6.0.19041.1110_none_60b5254171f9507e;C:\Program Files\Java\jdk-11.0.16\bin\server;C:\Users\sfjbs\Downloads\micro service-20221001T105859Z-001\micro service\apache-maven-3.8.5-bin\apache-maven-3.8.5\lib\jansi-native\Windows\x86_64

VM Arguments:
jvm_args: -Dclassworlds.conf=C:\Users\sfjbs\Downloads\micro service-20221001T105859Z-001\micro service\apache-maven-3.8.5-bin\apache-maven-3.8.5\bin\m2.conf -Dmaven.home=C:\Users\sfjbs\Downloads\micro service-20221001T105859Z-001\micro service\apache-maven-3.8.5-bin\apache-maven-3.8.5 -Dlibrary.jansi.path=C:\Users\sfjbs\Downloads\micro service-20221001T105859Z-001\micro service\apache-maven-3.8.5-bin\apache-maven-3.8.5\lib\jansi-native -Dmaven.multiModuleProjectDirectory=C:\Users\sfjbs\Documents\Mini Project\pension-management-system 
java_command: org.codehaus.plexus.classworlds.launcher.Launcher clean install
java_class_path (initial): C:\Users\sfjbs\Downloads\micro service-20221001T105859Z-001\micro service\apache-maven-3.8.5-bin\apache-maven-3.8.5\boot\plexus-classworlds-2.6.0.jar
Launcher Type: SUN_STANDARD

[Global flags]
     intx CICompilerCount                          = 2                                         {product} {ergonomic}
     uint ConcGCThreads                            = 1                                         {product} {ergonomic}
     uint G1ConcRefinementThreads                  = 2                                         {product} {ergonomic}
   size_t G1HeapRegionSize                         = 1048576                                   {product} {ergonomic}
    uintx GCDrainStackTargetSize                   = 64                                        {product} {ergonomic}
   size_t InitialHeapSize                          = 134217728                                 {product} {ergonomic}
   size_t MarkStackSize                            = 4194304                                   {product} {ergonomic}
   size_t MaxHeapSize                              = 2147483648                                {product} {ergonomic}
   size_t MaxNewSize                               = 1287651328                                {product} {ergonomic}
   size_t MinHeapDeltaBytes                        = 1048576                                   {product} {ergonomic}
    uintx NonNMethodCodeHeapSize                   = 5825164                                {pd product} {ergonomic}
    uintx NonProfiledCodeHeapSize                  = 122916538                              {pd product} {ergonomic}
    uintx ProfiledCodeHeapSize                     = 122916538                              {pd product} {ergonomic}
    uintx ReservedCodeCacheSize                    = 251658240                              {pd product} {ergonomic}
     bool SegmentedCodeCache                       = true                                      {product} {ergonomic}
     bool UseCompressedClassPointers               = true                                 {lp64_product} {ergonomic}
     bool UseCompressedOops                        = true                                 {lp64_product} {ergonomic}
     bool UseG1GC                                  = true                                      {product} {ergonomic}
     bool UseLargePagesIndividualAllocation        = false                                  {pd product} {ergonomic}

Logging:
Log output configuration:
 #0: stdout all=warning uptime,level,tags
 #1: stderr all=off uptime,level,tags

Environment Variables:
PATH=C:\Program Files\Common Files\Oracle\Java\javapath;C:\Windows\system32;C:\Windows;C:\Windows\System32\Wbem;C:\Windows\System32\WindowsPowerShell\v1.0\;C:\Windows\System32\OpenSSH\;C:\Users\sfjbs\Downloads\micro service-20221001T105859Z-001\micro service\apache-maven-3.8.5-bin\apache-maven-3.8.5\bin;C:\Users\sfjbs\Downloads\micro service-20221001T105859Z-001\micro service\apache-maven-3.8.5-bin\apache-maven-3.8.5\lib;C:\Program Files\Git\cmd;C:\Program Files\Docker\Docker\resources\bin;C:\ProgramData\DockerDesktop\version-bin;C:\Users\sfjbs\AppData\Local\Microsoft\WindowsApps;C:\Users\sfjbs\Downloads\micro service-20221001T105859Z-001\micro service\apache-maven-3.8.5-bin\apache-maven-3.8.5\bin;C:\Users\sfjbs\Downloads\micro service-20221001T105859Z-001\micro service\apache-maven-3.8.5-bin\apache-maven-3.8.5\lib;;C:\Program Files\JetBrains\IntelliJ IDEA Community Edition 2022.2.1\bin;
USERNAME=sfjbs
OS=Windows_NT
PROCESSOR_IDENTIFIER=Intel64 Family 6 Model 106 Stepping 6, GenuineIntel



---------------  S Y S T E M  ---------------

OS: Windows 10 , 64 bit Build 19041 (10.0.19041.1889)
Hyper-V role detected

CPU:total 2 (initial active 2) (1 cores per cpu, 2 threads per core) family 6 model 106 stepping 6 microcode 0xffffffff, cmov, cx8, fxsr, mmx, sse, sse2, sse3, ssse3, sse4.1, sse4.2, popcnt, avx, avx2, aes, clmul, erms, rtm, 3dnowpref, lzcnt, ht, tsc, bmi1, bmi2, adx, evex, fma

Memory: 4k page, system-wide physical 8190M (445M free)
TotalPageFile size 10238M (AvailPageFile size 9M)
current process WorkingSet (physical memory assigned to process): 241M, peak: 264M
current process commit charge ("private bytes"): 323M, peak: 343M

vm_info: Java HotSpot(TM) 64-Bit Server VM (11.0.16+11-LTS-199) for windows-amd64 JRE (11.0.16+11-LTS-199), built on Jun 28 2022 08:23:17 by "mach5one" with MS VC++ 15.9 (VS2017)

END.
