#
# There is insufficient memory for the Java Runtime Environment to continue.
# Native memory allocation (malloc) failed to allocate 599936 bytes for Chunk::new
# Possible reasons:
#   The system is out of physical RAM or swap space
#   The process is running with CompressedOops enabled, and the Java Heap may be blocking the growth of the native heap
# Possible solutions:
#   Reduce memory load on the system
#   Increase physical memory or swap space
#   Check if swap backing store is full
#   Decrease Java heap size (-Xmx/-Xms)
#   Decrease number of Java threads
#   Decrease Java thread stack sizes (-Xss)
#   Set larger code cache with -XX:ReservedCodeCacheSize=
#   JVM is running with Unscaled Compressed Oops mode in which the Java heap is
#     placed in the first 4GB address space. The Java Heap base address is the
#     maximum limit for the native heap growth. Please use -XX:HeapBaseMinAddress
#     to set the Java Heap base and to place the Java Heap above 4GB virtual address.
# This output file may be truncated or incomplete.
#
#  Out of Memory Error (./open/src/hotspot/share/memory/arena.cpp:197), pid=21600, tid=17240
#
# JRE version: Java(TM) SE Runtime Environment 18.9 (11.0.16+11) (build 11.0.16+11-LTS-199)
# Java VM: Java HotSpot(TM) 64-Bit Server VM 18.9 (11.0.16+11-LTS-199, mixed mode, tiered, compressed oops, g1 gc, windows-amd64)
# No core dump will be written. Minidumps are not enabled by default on client versions of Windows
#

---------------  S U M M A R Y ------------

Command Line: C:\Users\sfjbs\AppData\Local\Temp\surefire3189837788213276165\surefirebooter10207797458950581974.jar C:\Users\sfjbs\AppData\Local\Temp\surefire3189837788213276165 2022-11-01T10-23-40_522-jvmRun1 surefire9050640934520778960tmp surefire_0208602870030384897tmp

Host: Intel(R) Xeon(R) Platinum 8370C CPU @ 2.80GHz, 2 cores, 7G,  Windows 10 , 64 bit Build 19041 (10.0.19041.1889)
Time: Tue Nov  1 10:23:46 2022 Coordinated Universal Time elapsed time: 3.804739 seconds (0d 0h 0m 3s)

---------------  T H R E A D  ---------------

Current thread (0x000001d0911c1000):  JavaThread "C2 CompilerThread0" daemon [_thread_in_native, id=17240, stack(0x000000482fe00000,0x000000482ff00000)]


Current CompileTask:
C2:   3804 1690       4       jdk.internal.loader.URLClassPath::getResource (74 bytes)

Stack: [0x000000482fe00000,0x000000482ff00000]
Native frames: (J=compiled Java code, j=interpreted, Vv=VM code, C=native code)
V  [jvm.dll+0x62a3ea]
V  [jvm.dll+0x76418f]
V  [jvm.dll+0x765839]
V  [jvm.dll+0x765ec3]
V  [jvm.dll+0x23da98]
V  [jvm.dll+0xb2a1c]
V  [jvm.dll+0xb2fdc]
V  [jvm.dll+0x2ae814]
V  [jvm.dll+0x53d97b]
V  [jvm.dll+0x200877]
V  [jvm.dll+0x1fa5ba]
V  [jvm.dll+0x1f756d]
V  [jvm.dll+0x177c81]
V  [jvm.dll+0x207006]
V  [jvm.dll+0x20519b]
V  [jvm.dll+0x729fa0]
V  [jvm.dll+0x722b74]
V  [jvm.dll+0x629286]
C  [ucrtbase.dll+0x21bb2]
C  [KERNEL32.DLL+0x17034]
C  [ntdll.dll+0x526a1]


---------------  P R O C E S S  ---------------

Threads class SMR info:
_java_thread_list=0x000001d091e1bb00, length=12, elements={
0x000001d0f3db9800, 0x000001d0911ac000, 0x000001d0911ad800, 0x000001d0911b9000,
0x000001d0911bc000, 0x000001d0911bd000, 0x000001d0911c1000, 0x000001d0911fa000,
0x000001d0911fb000, 0x000001d091b0d800, 0x000001d091c4f000, 0x000001d091d6f800
}

Java Threads: ( => current thread )
  0x000001d0f3db9800 JavaThread "main" [_thread_in_Java, id=20348, stack(0x000000482f100000,0x000000482f200000)]
  0x000001d0911ac000 JavaThread "Reference Handler" daemon [_thread_blocked, id=22952, stack(0x000000482f900000,0x000000482fa00000)]
  0x000001d0911ad800 JavaThread "Finalizer" daemon [_thread_blocked, id=22936, stack(0x000000482fa00000,0x000000482fb00000)]
  0x000001d0911b9000 JavaThread "Signal Dispatcher" daemon [_thread_blocked, id=22932, stack(0x000000482fb00000,0x000000482fc00000)]
  0x000001d0911bc000 JavaThread "Attach Listener" daemon [_thread_blocked, id=23476, stack(0x000000482fc00000,0x000000482fd00000)]
  0x000001d0911bd000 JavaThread "Service Thread" daemon [_thread_blocked, id=19876, stack(0x000000482fd00000,0x000000482fe00000)]
=>0x000001d0911c1000 JavaThread "C2 CompilerThread0" daemon [_thread_in_native, id=17240, stack(0x000000482fe00000,0x000000482ff00000)]
  0x000001d0911fa000 JavaThread "C1 CompilerThread0" daemon [_thread_blocked, id=23336, stack(0x000000482ff00000,0x0000004830000000)]
  0x000001d0911fb000 JavaThread "Sweeper thread" daemon [_thread_blocked, id=23536, stack(0x0000004830000000,0x0000004830100000)]
  0x000001d091b0d800 JavaThread "Common-Cleaner" daemon [_thread_blocked, id=20984, stack(0x0000004830200000,0x0000004830300000)]
  0x000001d091c4f000 JavaThread "surefire-forkedjvm-command-thread" daemon [_thread_in_native, id=23492, stack(0x0000004830300000,0x0000004830400000)]
  0x000001d091d6f800 JavaThread "surefire-forkedjvm-ping-30s" daemon [_thread_blocked, id=22888, stack(0x0000004830400000,0x0000004830500000)]

Other Threads:
  0x000001d091198800 VMThread "VM Thread" [stack: 0x000000482f800000,0x000000482f900000] [id=22832]
  0x000001d091b0c800 WatcherThread [stack: 0x0000004830100000,0x0000004830200000] [id=22836]
  0x000001d0f3dcd800 GCTaskThread "GC Thread#0" [stack: 0x000000482f300000,0x000000482f400000] [id=21528]
  0x000001d091fb5000 GCTaskThread "GC Thread#1" [stack: 0x0000004830500000,0x0000004830600000] [id=14588]
  0x000001d0f3dfb000 ConcurrentGCThread "G1 Main Marker" [stack: 0x000000482f400000,0x000000482f500000] [id=23108]
  0x000001d0f3dfd800 ConcurrentGCThread "G1 Conc#0" [stack: 0x000000482f500000,0x000000482f600000] [id=22560]
  0x000001d0f3e83000 ConcurrentGCThread "G1 Refine#0" [stack: 0x000000482f600000,0x000000482f700000] [id=17400]
  0x000001d091fc3800 ConcurrentGCThread "G1 Refine#1" [stack: 0x0000004830600000,0x0000004830700000] [id=23240]
  0x000001d0f3e85000 ConcurrentGCThread "G1 Young RemSet Sampling" [stack: 0x000000482f700000,0x000000482f800000] [id=14496]

Threads with active compile tasks:
C2 CompilerThread0     3837 1690       4       jdk.internal.loader.URLClassPath::getResource (74 bytes)

VM state:not at safepoint (normal execution)

VM Mutex/Monitor currently owned by a thread: None

Heap address: 0x0000000080000000, size: 2048 MB, Compressed Oops mode: 32-bit
Narrow klass base: 0x0000000000000000, Narrow klass shift: 3
Compressed class space size: 1073741824 Address: 0x0000000100000000

Heap:
 garbage-first heap   total 131072K, used 50112K [0x0000000080000000, 0x0000000100000000)
  region size 1024K, 44 young (45056K), 1 survivors (1024K)
 Metaspace       used 17079K, capacity 17639K, committed 17792K, reserved 1067008K
  class space    used 1834K, capacity 2055K, committed 2176K, reserved 1048576K
Heap Regions: E=young(eden), S=young(survivor), O=old, HS=humongous(starts), HC=humongous(continues), CS=collection set, F=free, A=archive, TAMS=top-at-mark-start (previous, next)
|   0|0x0000000080000000, 0x0000000080100000, 0x0000000080100000|100%| O|  |TAMS 0x0000000080000000, 0x0000000080000000| Untracked 
|   1|0x0000000080100000, 0x0000000080200000, 0x0000000080200000|100%| O|  |TAMS 0x0000000080100000, 0x0000000080100000| Untracked 
|   2|0x0000000080200000, 0x0000000080300000, 0x0000000080300000|100%| O|  |TAMS 0x0000000080200000, 0x0000000080200000| Untracked 
|   3|0x0000000080300000, 0x0000000080400000, 0x0000000080400000|100%|HS|  |TAMS 0x0000000080300000, 0x0000000080300000| Complete 
|   4|0x0000000080400000, 0x0000000080500000, 0x0000000080500000|100%| O|  |TAMS 0x0000000080400000, 0x0000000080400000| Untracked 
|   5|0x0000000080500000, 0x00000000805f0200, 0x0000000080600000| 93%| O|  |TAMS 0x0000000080500000, 0x0000000080500000| Untracked 
|   6|0x0000000080600000, 0x0000000080600000, 0x0000000080700000|  0%| F|  |TAMS 0x0000000080600000, 0x0000000080600000| Untracked 
|   7|0x0000000080700000, 0x0000000080700000, 0x0000000080800000|  0%| F|  |TAMS 0x0000000080700000, 0x0000000080700000| Untracked 
|   8|0x0000000080800000, 0x0000000080800000, 0x0000000080900000|  0%| F|  |TAMS 0x0000000080800000, 0x0000000080800000| Untracked 
|   9|0x0000000080900000, 0x0000000080900000, 0x0000000080a00000|  0%| F|  |TAMS 0x0000000080900000, 0x0000000080900000| Untracked 
|  10|0x0000000080a00000, 0x0000000080a00000, 0x0000000080b00000|  0%| F|  |TAMS 0x0000000080a00000, 0x0000000080a00000| Untracked 
|  11|0x0000000080b00000, 0x0000000080b00000, 0x0000000080c00000|  0%| F|  |TAMS 0x0000000080b00000, 0x0000000080b00000| Untracked 
|  12|0x0000000080c00000, 0x0000000080c00000, 0x0000000080d00000|  0%| F|  |TAMS 0x0000000080c00000, 0x0000000080c00000| Untracked 
|  13|0x0000000080d00000, 0x0000000080d00000, 0x0000000080e00000|  0%| F|  |TAMS 0x0000000080d00000, 0x0000000080d00000| Untracked 
|  14|0x0000000080e00000, 0x0000000080e00000, 0x0000000080f00000|  0%| F|  |TAMS 0x0000000080e00000, 0x0000000080e00000| Untracked 
|  15|0x0000000080f00000, 0x0000000080f00000, 0x0000000081000000|  0%| F|  |TAMS 0x0000000080f00000, 0x0000000080f00000| Untracked 
|  16|0x0000000081000000, 0x0000000081000000, 0x0000000081100000|  0%| F|  |TAMS 0x0000000081000000, 0x0000000081000000| Untracked 
|  17|0x0000000081100000, 0x0000000081100000, 0x0000000081200000|  0%| F|  |TAMS 0x0000000081100000, 0x0000000081100000| Untracked 
|  18|0x0000000081200000, 0x0000000081200000, 0x0000000081300000|  0%| F|  |TAMS 0x0000000081200000, 0x0000000081200000| Untracked 
|  19|0x0000000081300000, 0x0000000081300000, 0x0000000081400000|  0%| F|  |TAMS 0x0000000081300000, 0x0000000081300000| Untracked 
|  20|0x0000000081400000, 0x0000000081400000, 0x0000000081500000|  0%| F|  |TAMS 0x0000000081400000, 0x0000000081400000| Untracked 
|  21|0x0000000081500000, 0x0000000081500000, 0x0000000081600000|  0%| F|  |TAMS 0x0000000081500000, 0x0000000081500000| Untracked 
|  22|0x0000000081600000, 0x0000000081600000, 0x0000000081700000|  0%| F|  |TAMS 0x0000000081600000, 0x0000000081600000| Untracked 
|  23|0x0000000081700000, 0x0000000081700000, 0x0000000081800000|  0%| F|  |TAMS 0x0000000081700000, 0x0000000081700000| Untracked 
|  24|0x0000000081800000, 0x0000000081800000, 0x0000000081900000|  0%| F|  |TAMS 0x0000000081800000, 0x0000000081800000| Untracked 
|  25|0x0000000081900000, 0x0000000081900000, 0x0000000081a00000|  0%| F|  |TAMS 0x0000000081900000, 0x0000000081900000| Untracked 
|  26|0x0000000081a00000, 0x0000000081a00000, 0x0000000081b00000|  0%| F|  |TAMS 0x0000000081a00000, 0x0000000081a00000| Untracked 
|  27|0x0000000081b00000, 0x0000000081b00000, 0x0000000081c00000|  0%| F|  |TAMS 0x0000000081b00000, 0x0000000081b00000| Untracked 
|  28|0x0000000081c00000, 0x0000000081c00000, 0x0000000081d00000|  0%| F|  |TAMS 0x0000000081c00000, 0x0000000081c00000| Untracked 
|  29|0x0000000081d00000, 0x0000000081d00000, 0x0000000081e00000|  0%| F|  |TAMS 0x0000000081d00000, 0x0000000081d00000| Untracked 
|  30|0x0000000081e00000, 0x0000000081e00000, 0x0000000081f00000|  0%| F|  |TAMS 0x0000000081e00000, 0x0000000081e00000| Untracked 
|  31|0x0000000081f00000, 0x0000000081f00000, 0x0000000082000000|  0%| F|  |TAMS 0x0000000081f00000, 0x0000000081f00000| Untracked 
|  32|0x0000000082000000, 0x0000000082000000, 0x0000000082100000|  0%| F|  |TAMS 0x0000000082000000, 0x0000000082000000| Untracked 
|  33|0x0000000082100000, 0x0000000082100000, 0x0000000082200000|  0%| F|  |TAMS 0x0000000082100000, 0x0000000082100000| Untracked 
|  34|0x0000000082200000, 0x0000000082200000, 0x0000000082300000|  0%| F|  |TAMS 0x0000000082200000, 0x0000000082200000| Untracked 
|  35|0x0000000082300000, 0x0000000082300000, 0x0000000082400000|  0%| F|  |TAMS 0x0000000082300000, 0x0000000082300000| Untracked 
|  36|0x0000000082400000, 0x0000000082400000, 0x0000000082500000|  0%| F|  |TAMS 0x0000000082400000, 0x0000000082400000| Untracked 
|  37|0x0000000082500000, 0x0000000082500000, 0x0000000082600000|  0%| F|  |TAMS 0x0000000082500000, 0x0000000082500000| Untracked 
|  38|0x0000000082600000, 0x0000000082600000, 0x0000000082700000|  0%| F|  |TAMS 0x0000000082600000, 0x0000000082600000| Untracked 
|  39|0x0000000082700000, 0x0000000082700000, 0x0000000082800000|  0%| F|  |TAMS 0x0000000082700000, 0x0000000082700000| Untracked 
|  40|0x0000000082800000, 0x0000000082800000, 0x0000000082900000|  0%| F|  |TAMS 0x0000000082800000, 0x0000000082800000| Untracked 
|  41|0x0000000082900000, 0x0000000082900000, 0x0000000082a00000|  0%| F|  |TAMS 0x0000000082900000, 0x0000000082900000| Untracked 
|  42|0x0000000082a00000, 0x0000000082a00000, 0x0000000082b00000|  0%| F|  |TAMS 0x0000000082a00000, 0x0000000082a00000| Untracked 
|  43|0x0000000082b00000, 0x0000000082b00000, 0x0000000082c00000|  0%| F|  |TAMS 0x0000000082b00000, 0x0000000082b00000| Untracked 
|  44|0x0000000082c00000, 0x0000000082c00000, 0x0000000082d00000|  0%| F|  |TAMS 0x0000000082c00000, 0x0000000082c00000| Untracked 
|  45|0x0000000082d00000, 0x0000000082d00000, 0x0000000082e00000|  0%| F|  |TAMS 0x0000000082d00000, 0x0000000082d00000| Untracked 
|  46|0x0000000082e00000, 0x0000000082e00000, 0x0000000082f00000|  0%| F|  |TAMS 0x0000000082e00000, 0x0000000082e00000| Untracked 
|  47|0x0000000082f00000, 0x0000000082f00000, 0x0000000083000000|  0%| F|  |TAMS 0x0000000082f00000, 0x0000000082f00000| Untracked 
|  48|0x0000000083000000, 0x0000000083000000, 0x0000000083100000|  0%| F|  |TAMS 0x0000000083000000, 0x0000000083000000| Untracked 
|  49|0x0000000083100000, 0x0000000083100000, 0x0000000083200000|  0%| F|  |TAMS 0x0000000083100000, 0x0000000083100000| Untracked 
|  50|0x0000000083200000, 0x0000000083200000, 0x0000000083300000|  0%| F|  |TAMS 0x0000000083200000, 0x0000000083200000| Untracked 
|  51|0x0000000083300000, 0x0000000083300000, 0x0000000083400000|  0%| F|  |TAMS 0x0000000083300000, 0x0000000083300000| Untracked 
|  52|0x0000000083400000, 0x0000000083400000, 0x0000000083500000|  0%| F|  |TAMS 0x0000000083400000, 0x0000000083400000| Untracked 
|  53|0x0000000083500000, 0x0000000083500000, 0x0000000083600000|  0%| F|  |TAMS 0x0000000083500000, 0x0000000083500000| Untracked 
|  54|0x0000000083600000, 0x0000000083600000, 0x0000000083700000|  0%| F|  |TAMS 0x0000000083600000, 0x0000000083600000| Untracked 
|  55|0x0000000083700000, 0x0000000083700000, 0x0000000083800000|  0%| F|  |TAMS 0x0000000083700000, 0x0000000083700000| Untracked 
|  56|0x0000000083800000, 0x0000000083800000, 0x0000000083900000|  0%| F|  |TAMS 0x0000000083800000, 0x0000000083800000| Untracked 
|  57|0x0000000083900000, 0x0000000083900000, 0x0000000083a00000|  0%| F|  |TAMS 0x0000000083900000, 0x0000000083900000| Untracked 
|  58|0x0000000083a00000, 0x0000000083a00000, 0x0000000083b00000|  0%| F|  |TAMS 0x0000000083a00000, 0x0000000083a00000| Untracked 
|  59|0x0000000083b00000, 0x0000000083b00000, 0x0000000083c00000|  0%| F|  |TAMS 0x0000000083b00000, 0x0000000083b00000| Untracked 
|  60|0x0000000083c00000, 0x0000000083c00000, 0x0000000083d00000|  0%| F|  |TAMS 0x0000000083c00000, 0x0000000083c00000| Untracked 
|  61|0x0000000083d00000, 0x0000000083d00000, 0x0000000083e00000|  0%| F|  |TAMS 0x0000000083d00000, 0x0000000083d00000| Untracked 
|  62|0x0000000083e00000, 0x0000000083e00000, 0x0000000083f00000|  0%| F|  |TAMS 0x0000000083e00000, 0x0000000083e00000| Untracked 
|  63|0x0000000083f00000, 0x0000000083f00000, 0x0000000084000000|  0%| F|  |TAMS 0x0000000083f00000, 0x0000000083f00000| Untracked 
|  64|0x0000000084000000, 0x0000000084000000, 0x0000000084100000|  0%| F|  |TAMS 0x0000000084000000, 0x0000000084000000| Untracked 
|  65|0x0000000084100000, 0x0000000084100000, 0x0000000084200000|  0%| F|  |TAMS 0x0000000084100000, 0x0000000084100000| Untracked 
|  66|0x0000000084200000, 0x0000000084200000, 0x0000000084300000|  0%| F|  |TAMS 0x0000000084200000, 0x0000000084200000| Untracked 
|  67|0x0000000084300000, 0x0000000084300000, 0x0000000084400000|  0%| F|  |TAMS 0x0000000084300000, 0x0000000084300000| Untracked 
|  68|0x0000000084400000, 0x0000000084400000, 0x0000000084500000|  0%| F|  |TAMS 0x0000000084400000, 0x0000000084400000| Untracked 
|  69|0x0000000084500000, 0x0000000084500000, 0x0000000084600000|  0%| F|  |TAMS 0x0000000084500000, 0x0000000084500000| Untracked 
|  70|0x0000000084600000, 0x0000000084600000, 0x0000000084700000|  0%| F|  |TAMS 0x0000000084600000, 0x0000000084600000| Untracked 
|  71|0x0000000084700000, 0x0000000084700000, 0x0000000084800000|  0%| F|  |TAMS 0x0000000084700000, 0x0000000084700000| Untracked 
|  72|0x0000000084800000, 0x0000000084800000, 0x0000000084900000|  0%| F|  |TAMS 0x0000000084800000, 0x0000000084800000| Untracked 
|  73|0x0000000084900000, 0x0000000084900000, 0x0000000084a00000|  0%| F|  |TAMS 0x0000000084900000, 0x0000000084900000| Untracked 
|  74|0x0000000084a00000, 0x0000000084a00000, 0x0000000084b00000|  0%| F|  |TAMS 0x0000000084a00000, 0x0000000084a00000| Untracked 
|  75|0x0000000084b00000, 0x0000000084b00000, 0x0000000084c00000|  0%| F|  |TAMS 0x0000000084b00000, 0x0000000084b00000| Untracked 
|  76|0x0000000084c00000, 0x0000000084c00000, 0x0000000084d00000|  0%| F|  |TAMS 0x0000000084c00000, 0x0000000084c00000| Untracked 
|  77|0x0000000084d00000, 0x0000000084d00000, 0x0000000084e00000|  0%| F|  |TAMS 0x0000000084d00000, 0x0000000084d00000| Untracked 
|  78|0x0000000084e00000, 0x0000000084e00000, 0x0000000084f00000|  0%| F|  |TAMS 0x0000000084e00000, 0x0000000084e00000| Untracked 
|  79|0x0000000084f00000, 0x0000000084f00000, 0x0000000085000000|  0%| F|  |TAMS 0x0000000084f00000, 0x0000000084f00000| Untracked 
|  80|0x0000000085000000, 0x0000000085000000, 0x0000000085100000|  0%| F|  |TAMS 0x0000000085000000, 0x0000000085000000| Untracked 
|  81|0x0000000085100000, 0x0000000085100000, 0x0000000085200000|  0%| F|  |TAMS 0x0000000085100000, 0x0000000085100000| Untracked 
|  82|0x0000000085200000, 0x0000000085200000, 0x0000000085300000|  0%| F|  |TAMS 0x0000000085200000, 0x0000000085200000| Untracked 
|  83|0x0000000085300000, 0x000000008537f2c8, 0x0000000085400000| 49%| S|  |TAMS 0x0000000085300000, 0x0000000085300000| Complete 
|  84|0x0000000085400000, 0x0000000085500000, 0x0000000085500000|100%| E|CS|TAMS 0x0000000085400000, 0x0000000085400000| Complete 
|  85|0x0000000085500000, 0x0000000085600000, 0x0000000085600000|100%| E|CS|TAMS 0x0000000085500000, 0x0000000085500000| Complete 
|  86|0x0000000085600000, 0x0000000085700000, 0x0000000085700000|100%| E|CS|TAMS 0x0000000085600000, 0x0000000085600000| Complete 
|  87|0x0000000085700000, 0x0000000085800000, 0x0000000085800000|100%| E|CS|TAMS 0x0000000085700000, 0x0000000085700000| Complete 
|  88|0x0000000085800000, 0x0000000085900000, 0x0000000085900000|100%| E|CS|TAMS 0x0000000085800000, 0x0000000085800000| Complete 
|  89|0x0000000085900000, 0x0000000085a00000, 0x0000000085a00000|100%| E|CS|TAMS 0x0000000085900000, 0x0000000085900000| Complete 
|  90|0x0000000085a00000, 0x0000000085b00000, 0x0000000085b00000|100%| E|CS|TAMS 0x0000000085a00000, 0x0000000085a00000| Complete 
|  91|0x0000000085b00000, 0x0000000085c00000, 0x0000000085c00000|100%| E|CS|TAMS 0x0000000085b00000, 0x0000000085b00000| Complete 
|  92|0x0000000085c00000, 0x0000000085d00000, 0x0000000085d00000|100%| E|CS|TAMS 0x0000000085c00000, 0x0000000085c00000| Complete 
|  93|0x0000000085d00000, 0x0000000085e00000, 0x0000000085e00000|100%| E|CS|TAMS 0x0000000085d00000, 0x0000000085d00000| Complete 
|  94|0x0000000085e00000, 0x0000000085f00000, 0x0000000085f00000|100%| E|CS|TAMS 0x0000000085e00000, 0x0000000085e00000| Complete 
|  95|0x0000000085f00000, 0x0000000086000000, 0x0000000086000000|100%| E|CS|TAMS 0x0000000085f00000, 0x0000000085f00000| Complete 
|  96|0x0000000086000000, 0x0000000086100000, 0x0000000086100000|100%| E|CS|TAMS 0x0000000086000000, 0x0000000086000000| Complete 
|  97|0x0000000086100000, 0x0000000086200000, 0x0000000086200000|100%| E|CS|TAMS 0x0000000086100000, 0x0000000086100000| Complete 
|  98|0x0000000086200000, 0x0000000086300000, 0x0000000086300000|100%| E|CS|TAMS 0x0000000086200000, 0x0000000086200000| Complete 
|  99|0x0000000086300000, 0x0000000086400000, 0x0000000086400000|100%| E|CS|TAMS 0x0000000086300000, 0x0000000086300000| Complete 
| 100|0x0000000086400000, 0x0000000086500000, 0x0000000086500000|100%| E|CS|TAMS 0x0000000086400000, 0x0000000086400000| Complete 
| 101|0x0000000086500000, 0x0000000086600000, 0x0000000086600000|100%| E|CS|TAMS 0x0000000086500000, 0x0000000086500000| Complete 
| 102|0x0000000086600000, 0x0000000086700000, 0x0000000086700000|100%| E|CS|TAMS 0x0000000086600000, 0x0000000086600000| Complete 
| 103|0x0000000086700000, 0x0000000086800000, 0x0000000086800000|100%| E|CS|TAMS 0x0000000086700000, 0x0000000086700000| Complete 
| 104|0x0000000086800000, 0x0000000086900000, 0x0000000086900000|100%| E|CS|TAMS 0x0000000086800000, 0x0000000086800000| Complete 
| 105|0x0000000086900000, 0x0000000086a00000, 0x0000000086a00000|100%| E|CS|TAMS 0x0000000086900000, 0x0000000086900000| Complete 
| 106|0x0000000086a00000, 0x0000000086b00000, 0x0000000086b00000|100%| E|CS|TAMS 0x0000000086a00000, 0x0000000086a00000| Complete 
| 107|0x0000000086b00000, 0x0000000086c00000, 0x0000000086c00000|100%| E|CS|TAMS 0x0000000086b00000, 0x0000000086b00000| Complete 
| 108|0x0000000086c00000, 0x0000000086d00000, 0x0000000086d00000|100%| E|CS|TAMS 0x0000000086c00000, 0x0000000086c00000| Complete 
| 109|0x0000000086d00000, 0x0000000086e00000, 0x0000000086e00000|100%| E|CS|TAMS 0x0000000086d00000, 0x0000000086d00000| Complete 
| 110|0x0000000086e00000, 0x0000000086f00000, 0x0000000086f00000|100%| E|CS|TAMS 0x0000000086e00000, 0x0000000086e00000| Complete 
| 111|0x0000000086f00000, 0x0000000087000000, 0x0000000087000000|100%| E|CS|TAMS 0x0000000086f00000, 0x0000000086f00000| Complete 
| 112|0x0000000087000000, 0x0000000087100000, 0x0000000087100000|100%| E|CS|TAMS 0x0000000087000000, 0x0000000087000000| Complete 
| 113|0x0000000087100000, 0x0000000087200000, 0x0000000087200000|100%| E|CS|TAMS 0x0000000087100000, 0x0000000087100000| Complete 
| 114|0x0000000087200000, 0x0000000087300000, 0x0000000087300000|100%| E|CS|TAMS 0x0000000087200000, 0x0000000087200000| Complete 
| 115|0x0000000087300000, 0x0000000087400000, 0x0000000087400000|100%| E|CS|TAMS 0x0000000087300000, 0x0000000087300000| Complete 
| 116|0x0000000087400000, 0x0000000087500000, 0x0000000087500000|100%| E|CS|TAMS 0x0000000087400000, 0x0000000087400000| Complete 
| 117|0x0000000087500000, 0x0000000087600000, 0x0000000087600000|100%| E|CS|TAMS 0x0000000087500000, 0x0000000087500000| Complete 
| 118|0x0000000087600000, 0x0000000087700000, 0x0000000087700000|100%| E|CS|TAMS 0x0000000087600000, 0x0000000087600000| Complete 
| 119|0x0000000087700000, 0x0000000087800000, 0x0000000087800000|100%| E|CS|TAMS 0x0000000087700000, 0x0000000087700000| Complete 
| 120|0x0000000087800000, 0x0000000087900000, 0x0000000087900000|100%| E|CS|TAMS 0x0000000087800000, 0x0000000087800000| Complete 
| 121|0x0000000087900000, 0x0000000087a00000, 0x0000000087a00000|100%| E|CS|TAMS 0x0000000087900000, 0x0000000087900000| Complete 
| 122|0x0000000087a00000, 0x0000000087b00000, 0x0000000087b00000|100%| E|CS|TAMS 0x0000000087a00000, 0x0000000087a00000| Complete 
| 123|0x0000000087b00000, 0x0000000087c00000, 0x0000000087c00000|100%| E|CS|TAMS 0x0000000087b00000, 0x0000000087b00000| Complete 
| 124|0x0000000087c00000, 0x0000000087d00000, 0x0000000087d00000|100%| E|CS|TAMS 0x0000000087c00000, 0x0000000087c00000| Complete 
| 125|0x0000000087d00000, 0x0000000087e00000, 0x0000000087e00000|100%| E|CS|TAMS 0x0000000087d00000, 0x0000000087d00000| Complete 
| 126|0x0000000087e00000, 0x0000000087f00000, 0x0000000087f00000|100%| E|CS|TAMS 0x0000000087e00000, 0x0000000087e00000| Complete 
| 127|0x0000000087f00000, 0x0000000088000000, 0x0000000088000000|100%| E|CS|TAMS 0x0000000087f00000, 0x0000000087f00000| Complete 

Card table byte_map: [0x000001d0fb470000,0x000001d0fb870000] _byte_map_base: 0x000001d0fb070000

Marking Bits (Prev, Next): (CMBitMap*) 0x000001d0f1cce838, (CMBitMap*) 0x000001d0f1cce870
 Prev Bits: [0x000001d0fbc70000, 0x000001d0fdc70000)
 Next Bits: [0x000001d0fdc70000, 0x000001d0ffc70000)

Polling page: 0x000001d0f1b60000

Metaspace:

Usage:
  Non-class:     15.22 MB capacity,    14.89 MB ( 98%) used,   281.16 KB (  2%) free+waste,    58.06 KB ( <1%) overhead. 
      Class:      2.01 MB capacity,     1.79 MB ( 89%) used,   190.08 KB (  9%) free+waste,    30.31 KB (  1%) overhead. 
       Both:     17.23 MB capacity,    16.68 MB ( 97%) used,   471.24 KB (  3%) free+waste,    88.38 KB ( <1%) overhead. 

Virtual space:
  Non-class space:       18.00 MB reserved,      15.25 MB ( 85%) committed 
      Class space:        1.00 GB reserved,       2.13 MB ( <1%) committed 
             Both:        1.02 GB reserved,      17.38 MB (  2%) committed 

Chunk freelists:
   Non-Class:  4.00 KB
       Class:  3.13 KB
        Both:  7.13 KB

CodeHeap 'non-profiled nmethods': size=120064Kb used=639Kb max_used=639Kb free=119424Kb
 bounds [0x000001d087ac0000, 0x000001d087d30000, 0x000001d08f000000]
CodeHeap 'profiled nmethods': size=120000Kb used=3525Kb max_used=3525Kb free=116474Kb
 bounds [0x000001d080590000, 0x000001d080910000, 0x000001d087ac0000]
CodeHeap 'non-nmethods': size=5696Kb used=1106Kb max_used=1132Kb free=4589Kb
 bounds [0x000001d080000000, 0x000001d080270000, 0x000001d080590000]
 total_blobs=2108 nmethods=1700 adapters=320
 compilation: enabled
              stopped_count=0, restarted_count=0
 full_count=0

Compilation events (10 events):
Event: 3.795 Thread 0x000001d0911fa000 1698       3       org.springframework.test.context.TestContextAnnotationUtils::searchEnclosingClass (23 bytes)
Event: 3.795 Thread 0x000001d0911fa000 nmethod 1698 0x000001d0808fcf90 code [0x000001d0808fd1c0, 0x000001d0808fd9c8]
Event: 3.797 Thread 0x000001d0911fa000 1699       3       org.springframework.core.annotation.TypeMappedAnnotations$MergedAnnotationFinder::process (167 bytes)
Event: 3.798 Thread 0x000001d0911fa000 nmethod 1699 0x000001d0808fdc10 code [0x000001d0808fdf20, 0x000001d0808ff368]
Event: 3.799 Thread 0x000001d0911fa000 1700   !   3       com.sun.proxy.$Proxy17::hashCode (32 bytes)
Event: 3.799 Thread 0x000001d0911fa000 nmethod 1700 0x000001d0808ffb90 code [0x000001d0808ffd60, 0x000001d080900158]
Event: 3.799 Thread 0x000001d0911fa000 1701       3       org.springframework.core.annotation.TypeMappedAnnotations::get (8 bytes)
Event: 3.799 Thread 0x000001d0911fa000 nmethod 1701 0x000001d080900390 code [0x000001d080900540, 0x000001d080900688]
Event: 3.800 Thread 0x000001d0911fa000 1702       3       org.springframework.test.context.TestContextAnnotationUtils$$Lambda$333/0x00000001001b2840::test (8 bytes)
Event: 3.800 Thread 0x000001d0911fa000 nmethod 1702 0x000001d080900710 code [0x000001d080900960, 0x000001d0809012e8]

GC Heap History (4 events):
Event: 1.285 GC heap before
{Heap before GC invocations=0 (full 0):
 garbage-first heap   total 131072K, used 6144K [0x0000000080000000, 0x0000000100000000)
  region size 1024K, 7 young (7168K), 0 survivors (0K)
 Metaspace       used 9048K, capacity 9181K, committed 9344K, reserved 1058816K
  class space    used 813K, capacity 876K, committed 896K, reserved 1048576K
}
Event: 1.297 GC heap after
{Heap after GC invocations=1 (full 0):
 garbage-first heap   total 131072K, used 3538K [0x0000000080000000, 0x0000000100000000)
  region size 1024K, 1 young (1024K), 1 survivors (1024K)
 Metaspace       used 9048K, capacity 9181K, committed 9344K, reserved 1058816K
  class space    used 813K, capacity 876K, committed 896K, reserved 1048576K
}
Event: 1.576 GC heap before
{Heap before GC invocations=1 (full 0):
 garbage-first heap   total 131072K, used 8658K [0x0000000080000000, 0x0000000100000000)
  region size 1024K, 6 young (6144K), 1 survivors (1024K)
 Metaspace       used 9879K, capacity 10006K, committed 10240K, reserved 1058816K
  class space    used 912K, capacity 962K, committed 1024K, reserved 1048576K
}
Event: 1.580 GC heap after
{Heap after GC invocations=2 (full 0):
 garbage-first heap   total 131072K, used 7104K [0x0000000080000000, 0x0000000100000000)
  region size 1024K, 1 young (1024K), 1 survivors (1024K)
 Metaspace       used 9879K, capacity 10006K, committed 10240K, reserved 1058816K
  class space    used 912K, capacity 962K, committed 1024K, reserved 1048576K
}

Deoptimization events (10 events):
Event: 3.072 Thread 0x000001d0f3db9800 Uncommon trap: reason=class_check action=maybe_recompile pc=0x000001d087ae6f60 method=java.lang.String.equals(Ljava/lang/Object;)Z @ 8 c2
Event: 3.072 Thread 0x000001d0f3db9800 Uncommon trap: reason=class_check action=maybe_recompile pc=0x000001d087ae6f60 method=java.lang.String.equals(Ljava/lang/Object;)Z @ 8 c2
Event: 3.159 Thread 0x000001d0f3db9800 Uncommon trap: reason=bimorphic_or_optimized_type_check action=maybe_recompile pc=0x000001d087b12b64 method=java.util.HashMap.getNode(ILjava/lang/Object;)Ljava/util/HashMap$Node; @ 59 c2
Event: 3.170 Thread 0x000001d0f3db9800 Uncommon trap: reason=bimorphic_or_optimized_type_check action=maybe_recompile pc=0x000001d087b12b64 method=java.util.HashMap.getNode(ILjava/lang/Object;)Ljava/util/HashMap$Node; @ 59 c2
Event: 3.175 Thread 0x000001d0f3db9800 Uncommon trap: reason=bimorphic_or_optimized_type_check action=maybe_recompile pc=0x000001d087b12b64 method=java.util.HashMap.getNode(ILjava/lang/Object;)Ljava/util/HashMap$Node; @ 59 c2
Event: 3.178 Thread 0x000001d0f3db9800 Uncommon trap: reason=bimorphic_or_optimized_type_check action=maybe_recompile pc=0x000001d087b12b64 method=java.util.HashMap.getNode(ILjava/lang/Object;)Ljava/util/HashMap$Node; @ 59 c2
Event: 3.180 Thread 0x000001d0f3db9800 Uncommon trap: reason=bimorphic_or_optimized_type_check action=maybe_recompile pc=0x000001d087b11200 method=java.util.HashMap.getNode(ILjava/lang/Object;)Ljava/util/HashMap$Node; @ 59 c2
Event: 3.433 Thread 0x000001d0f3db9800 Uncommon trap: reason=unstable_if action=reinterpret pc=0x000001d087b19eb0 method=sun.reflect.generics.parser.SignatureParser.current()C @ 39 c2
Event: 3.520 Thread 0x000001d0f3db9800 Uncommon trap: reason=unstable_if action=reinterpret pc=0x000001d087af4b6c method=java.util.zip.ZipFile$Source.getEntryPos([BZ)I @ 156 c2
Event: 3.520 Thread 0x000001d0f3db9800 Uncommon trap: reason=unstable_if action=reinterpret pc=0x000001d087b37440 method=java.io.WinNTFileSystem.normalize(Ljava/lang/String;)Ljava/lang/String; @ 128 c2

Classes redefined (0 events):
No events

Internal exceptions (10 events):
Event: 2.407 Thread 0x000001d0f3db9800 Exception <a 'java/lang/NoSuchMethodError'{0x0000000086d44938}: java.lang.invoke.DirectMethodHandle$Holder.invokeSpecial(Ljava/lang/Object;Ljava/lang/Object;)V> (0x0000000086d44938) thrown at [./open/src/hotspot/share/interpreter/linkResolver.cpp, line 77
Event: 2.452 Thread 0x000001d0f3db9800 Exception <a 'java/lang/NoSuchMethodError'{0x0000000086cb3bb0}: java.lang.invoke.DirectMethodHandle$Holder.invokeStaticInit(Ljava/lang/Object;Ljava/lang/Object;)I> (0x0000000086cb3bb0) thrown at [./open/src/hotspot/share/interpreter/linkResolver.cpp, line
Event: 2.909 Thread 0x000001d0f3db9800 Exception <a 'java/lang/ClassNotFoundException'{0x000000008676ddf0}: javax/smartcardio/CardPermission> (0x000000008676ddf0) thrown at [./open/src/hotspot/share/classfile/systemDictionary.cpp, line 226]
Event: 2.915 Thread 0x000001d0f3db9800 Exception <a 'java/io/FileNotFoundException'{0x000000008677c930}> (0x000000008677c930) thrown at [./open/src/hotspot/share/prims/jni.cpp, line 611]
Event: 2.956 Thread 0x000001d0f3db9800 Exception <a 'java/lang/NoSuchMethodError'{0x00000000866d9a00}: org.slf4j.impl.StaticMDCBinder.getSingleton()Lorg/slf4j/impl/StaticMDCBinder;> (0x00000000866d9a00) thrown at [./open/src/hotspot/share/interpreter/linkResolver.cpp, line 772]
Event: 3.005 Thread 0x000001d0f3db9800 Exception <a 'java/lang/NoSuchMethodError'{0x00000000864aba10}: java.lang.invoke.DirectMethodHandle$Holder.invokeStaticInit(Ljava/lang/Object;Ljava/lang/Object;Ljava/lang/Object;)I> (0x00000000864aba10) thrown at [./open/src/hotspot/share/interpreter/link
Event: 3.059 Thread 0x000001d0f3db9800 Implicit null exception at 0x000001d087b23c1e to 0x000001d087b2471d
Event: 3.080 Thread 0x000001d0f3db9800 Exception <a 'java/lang/NoSuchMethodError'{0x0000000086241970}: java.lang.invoke.DirectMethodHandle$Holder.invokeInterface(Ljava/lang/Object;Ljava/lang/Object;)I> (0x0000000086241970) thrown at [./open/src/hotspot/share/interpreter/linkResolver.cpp, line 
Event: 3.237 Thread 0x000001d0f3db9800 Exception <a 'java/lang/NoSuchMethodError'{0x0000000085e90d28}: java.lang.invoke.DirectMethodHandle$Holder.invokeStatic(Ljava/lang/Object;Ljava/lang/Object;Ljava/lang/Object;Ljava/lang/Object;Ljava/lang/Object;)V> (0x0000000085e90d28) thrown at [./open/sr
Event: 3.519 Thread 0x000001d0f3db9800 Exception <a 'java/lang/NoSuchMethodError'{0x00000000858b5fb8}: java.lang.invoke.DirectMethodHandle$Holder.invokeVirtual(Ljava/lang/Object;Ljava/lang/Object;Ljava/lang/Object;)Ljava/lang/Object;> (0x00000000858b5fb8) thrown at [./open/src/hotspot/share/in

Events (10 events):
Event: 3.793 Thread 0x000001d0f3db9800 DEOPT PACKING pc=0x000001d0808b5798 sp=0x000000482f1fbfc0
Event: 3.793 Thread 0x000001d0f3db9800 DEOPT UNPACKING pc=0x000001d080027c0e sp=0x000000482f1fb4c8 mode 0
Event: 3.796 loading class org/springframework/boot/test/context/SpringBootTestArgs
Event: 3.796 loading class org/springframework/boot/test/context/SpringBootTestArgs done
Event: 3.796 loading class org/springframework/boot/test/context/SpringBootTestWebEnvironment
Event: 3.796 loading class org/springframework/boot/test/context/SpringBootTestWebEnvironment done
Event: 3.801 loading class org/springframework/test/context/TestExecutionListeners
Event: 3.801 loading class org/springframework/test/context/TestExecutionListeners done
Event: 3.802 loading class org/springframework/test/context/TestExecutionListener
Event: 3.802 loading class org/springframework/test/context/TestExecutionListener done


Dynamic libraries:
0x00007ff6c3750000 - 0x00007ff6c375f000 	C:\Program Files\Java\jdk-11.0.16\bin\java.exe
0x00007ffe2dd70000 - 0x00007ffe2df68000 	C:\Windows\SYSTEM32\ntdll.dll
0x00007ffe2d0c0000 - 0x00007ffe2d17d000 	C:\Windows\System32\KERNEL32.DLL
0x00007ffe2b8a0000 - 0x00007ffe2bb72000 	C:\Windows\System32\KERNELBASE.dll
0x00007ffe2b640000 - 0x00007ffe2b740000 	C:\Windows\System32\ucrtbase.dll
0x00007ffe0f360000 - 0x00007ffe0f378000 	C:\Program Files\Java\jdk-11.0.16\bin\jli.dll
0x00007ffe2ccb0000 - 0x00007ffe2cd5e000 	C:\Windows\System32\ADVAPI32.dll
0x00007ffe2c150000 - 0x00007ffe2c1ee000 	C:\Windows\System32\msvcrt.dll
0x00007ffe2c670000 - 0x00007ffe2c70c000 	C:\Windows\System32\sechost.dll
0x00007ffe2d1f0000 - 0x00007ffe2d315000 	C:\Windows\System32\RPCRT4.dll
0x00007ffe2bed0000 - 0x00007ffe2c06d000 	C:\Windows\System32\USER32.dll
0x00007ffe2b5c0000 - 0x00007ffe2b5e2000 	C:\Windows\System32\win32u.dll
0x00007ffe2c770000 - 0x00007ffe2c79b000 	C:\Windows\System32\GDI32.dll
0x00007ffe2b4b0000 - 0x00007ffe2b5bf000 	C:\Windows\System32\gdi32full.dll
0x00007ffe2bbf0000 - 0x00007ffe2bc8d000 	C:\Windows\System32\msvcp_win.dll
0x00007ffe0f400000 - 0x00007ffe0f415000 	C:\Program Files\Java\jdk-11.0.16\bin\VCRUNTIME140.dll
0x00007ffe0ce20000 - 0x00007ffe0d0ba000 	C:\Windows\WinSxS\amd64_microsoft.windows.common-controls_6595b64144ccf1df_6.0.19041.1110_none_60b5254171f9507e\COMCTL32.dll
0x00007ffe235f0000 - 0x00007ffe235fa000 	C:\Windows\SYSTEM32\VERSION.dll
0x00007ffe2bdd0000 - 0x00007ffe2be00000 	C:\Windows\System32\IMM32.DLL
0x00007ffe05ec0000 - 0x00007ffe05f5b000 	C:\Program Files\Java\jdk-11.0.16\bin\msvcp140.dll
0x00007ffdd97e0000 - 0x00007ffdda2f8000 	C:\Program Files\Java\jdk-11.0.16\bin\server\jvm.dll
0x00007ffe2c7a0000 - 0x00007ffe2c7a8000 	C:\Windows\System32\PSAPI.DLL
0x00007ffe26e10000 - 0x00007ffe26e19000 	C:\Windows\SYSTEM32\WSOCK32.dll
0x00007ffe2d180000 - 0x00007ffe2d1eb000 	C:\Windows\System32\WS2_32.dll
0x00007ffe08910000 - 0x00007ffe08937000 	C:\Windows\SYSTEM32\WINMM.dll
0x00007ffe29320000 - 0x00007ffe29332000 	C:\Windows\SYSTEM32\kernel.appcore.dll
0x00007ffe19110000 - 0x00007ffe19120000 	C:\Program Files\Java\jdk-11.0.16\bin\verify.dll
0x00007ffe1d6c0000 - 0x00007ffe1d8a4000 	C:\Windows\SYSTEM32\DBGHELP.DLL
0x00007ffe1d690000 - 0x00007ffe1d6bc000 	C:\Windows\SYSTEM32\dbgcore.DLL
0x00007ffe2bd40000 - 0x00007ffe2bdc2000 	C:\Windows\System32\bcryptPrimitives.dll
0x00007ffe09980000 - 0x00007ffe099a8000 	C:\Program Files\Java\jdk-11.0.16\bin\java.dll
0x00007ffe190e0000 - 0x00007ffe190ea000 	C:\Program Files\Java\jdk-11.0.16\bin\jimage.dll
0x00007ffe0ec50000 - 0x00007ffe0ec66000 	C:\Program Files\Java\jdk-11.0.16\bin\zip.dll
0x00007ffe2d500000 - 0x00007ffe2dc43000 	C:\Windows\System32\SHELL32.dll
0x00007ffe29520000 - 0x00007ffe29cb1000 	C:\Windows\SYSTEM32\windows.storage.dll
0x00007ffe2cd60000 - 0x00007ffe2d0b4000 	C:\Windows\System32\combase.dll
0x00007ffe2ad20000 - 0x00007ffe2ad50000 	C:\Windows\SYSTEM32\Wldp.dll
0x00007ffe2d450000 - 0x00007ffe2d4fd000 	C:\Windows\System32\SHCORE.dll
0x00007ffe2cbd0000 - 0x00007ffe2cc25000 	C:\Windows\System32\shlwapi.dll
0x00007ffe2b3c0000 - 0x00007ffe2b3df000 	C:\Windows\SYSTEM32\profapi.dll
0x00007ffe0c6c0000 - 0x00007ffe0c6d9000 	C:\Program Files\Java\jdk-11.0.16\bin\net.dll
0x00007ffe22f20000 - 0x00007ffe2302d000 	C:\Windows\SYSTEM32\WINHTTP.dll
0x00007ffe2ab00000 - 0x00007ffe2ab6a000 	C:\Windows\system32\mswsock.dll
0x00007ffe0c4f0000 - 0x00007ffe0c502000 	C:\Program Files\Java\jdk-11.0.16\bin\nio.dll
0x00007ffe26ef0000 - 0x00007ffe26ef9000 	C:\Program Files\Java\jdk-11.0.16\bin\management.dll
0x00007ffe16520000 - 0x00007ffe1652b000 	C:\Program Files\Java\jdk-11.0.16\bin\management_ext.dll

dbghelp: loaded successfully - version: 4.0.5 - missing functions: none
symbol engine: initialized successfully - sym options: 0x614 - pdb path: .;C:\Program Files\Java\jdk-11.0.16\bin;C:\Windows\SYSTEM32;C:\Windows\WinSxS\amd64_microsoft.windows.common-controls_6595b64144ccf1df_6.0.19041.1110_none_60b5254171f9507e;C:\Program Files\Java\jdk-11.0.16\bin\server

VM Arguments:
java_command: C:\Users\sfjbs\AppData\Local\Temp\surefire3189837788213276165\surefirebooter10207797458950581974.jar C:\Users\sfjbs\AppData\Local\Temp\surefire3189837788213276165 2022-11-01T10-23-40_522-jvmRun1 surefire9050640934520778960tmp surefire_0208602870030384897tmp
java_class_path (initial): C:\Users\sfjbs\AppData\Local\Temp\surefire3189837788213276165\surefirebooter10207797458950581974.jar
Launcher Type: SUN_STANDARD

[Global flags]
     intx CICompilerCount                          = 2                                         {product} {ergonomic}
     uint ConcGCThreads                            = 1                                         {product} {ergonomic}
     uint G1ConcRefinementThreads                  = 2                                         {product} {ergonomic}
   size_t G1HeapRegionSize                         = 1048576                                   {product} {ergonomic}
    uintx GCDrainStackTargetSize                   = 64                                        {product} {ergonomic}
   size_t InitialHeapSize                          = 134217728                                 {product} {ergonomic}
   size_t MarkStackSize                            = 4194304                                   {product} {ergonomic}
   size_t MaxHeapSize                              = 2147483648                                {product} {ergonomic}
   size_t MaxNewSize                               = 1287651328                                {product} {ergonomic}
   size_t MinHeapDeltaBytes                        = 1048576                                   {product} {ergonomic}
    uintx NonNMethodCodeHeapSize                   = 5825164                                {pd product} {ergonomic}
    uintx NonProfiledCodeHeapSize                  = 122916538                              {pd product} {ergonomic}
    uintx ProfiledCodeHeapSize                     = 122916538                              {pd product} {ergonomic}
    uintx ReservedCodeCacheSize                    = 251658240                              {pd product} {ergonomic}
     bool SegmentedCodeCache                       = true                                      {product} {ergonomic}
     bool UseCompressedClassPointers               = true                                 {lp64_product} {ergonomic}
     bool UseCompressedOops                        = true                                 {lp64_product} {ergonomic}
     bool UseG1GC                                  = true                                      {product} {ergonomic}
     bool UseLargePagesIndividualAllocation        = false                                  {pd product} {ergonomic}

Logging:
Log output configuration:
 #0: stdout all=warning uptime,level,tags
 #1: stderr all=off uptime,level,tags

Environment Variables:
PATH=C:\Program Files\Common Files\Oracle\Java\javapath;C:\Windows\system32;C:\Windows;C:\Windows\System32\Wbem;C:\Windows\System32\WindowsPowerShell\v1.0\;C:\Windows\System32\OpenSSH\;C:\Users\sfjbs\Downloads\micro service-20221001T105859Z-001\micro service\apache-maven-3.8.5-bin\apache-maven-3.8.5\bin;C:\Users\sfjbs\Downloads\micro service-20221001T105859Z-001\micro service\apache-maven-3.8.5-bin\apache-maven-3.8.5\lib;C:\Program Files\Git\cmd;C:\Program Files\Docker\Docker\resources\bin;C:\ProgramData\DockerDesktop\version-bin;C:\Users\sfjbs\AppData\Local\Microsoft\WindowsApps;C:\Users\sfjbs\Downloads\micro service-20221001T105859Z-001\micro service\apache-maven-3.8.5-bin\apache-maven-3.8.5\bin;C:\Users\sfjbs\Downloads\micro service-20221001T105859Z-001\micro service\apache-maven-3.8.5-bin\apache-maven-3.8.5\lib;;C:\Program Files\JetBrains\IntelliJ IDEA Community Edition 2022.2.1\bin;
USERNAME=sfjbs
OS=Windows_NT
PROCESSOR_IDENTIFIER=Intel64 Family 6 Model 106 Stepping 6, GenuineIntel



---------------  S Y S T E M  ---------------

OS: Windows 10 , 64 bit Build 19041 (10.0.19041.1889)
Hyper-V role detected

CPU:total 2 (initial active 2) (1 cores per cpu, 2 threads per core) family 6 model 106 stepping 6 microcode 0xffffffff, cmov, cx8, fxsr, mmx, sse, sse2, sse3, ssse3, sse4.1, sse4.2, popcnt, avx, avx2, aes, clmul, erms, rtm, 3dnowpref, lzcnt, ht, tsc, bmi1, bmi2, adx, evex, fma

Memory: 4k page, system-wide physical 8190M (342M free)
TotalPageFile size 10238M (AvailPageFile size 2M)
current process WorkingSet (physical memory assigned to process): 118M, peak: 118M
current process commit charge ("private bytes"): 224M, peak: 224M

vm_info: Java HotSpot(TM) 64-Bit Server VM (11.0.16+11-LTS-199) for windows-amd64 JRE (11.0.16+11-LTS-199), built on Jun 28 2022 08:23:17 by "mach5one" with MS VC++ 15.9 (VS2017)

END.
