#
# There is insufficient memory for the Java Runtime Environment to continue.
# Native memory allocation (mmap) failed to map 268435456 bytes for Failed to commit area from 0x0000000700000000 to 0x0000000710000000 of length 268435456.
# Possible reasons:
#   The system is out of physical RAM or swap space
#   The process is running with CompressedOops enabled, and the Java Heap may be blocking the growth of the native heap
# Possible solutions:
#   Reduce memory load on the system
#   Increase physical memory or swap space
#   Check if swap backing store is full
#   Decrease Java heap size (-Xmx/-Xms)
#   Decrease number of Java threads
#   Decrease Java thread stack sizes (-Xss)
#   Set larger code cache with -XX:ReservedCodeCacheSize=
# This output file may be truncated or incomplete.
#
#  Out of Memory Error (./open/src/hotspot/os/windows/os_windows.cpp:3287), pid=355224, tid=332044
#
# JRE version:  (11.0.16+11) (build )
# Java VM: Java HotSpot(TM) 64-Bit Server VM (11.0.16+11-LTS-199, mixed mode, sharing, tiered, compressed oops, g1 gc, windows-amd64)
# No core dump will be written. Minidumps are not enabled by default on client versions of Windows
#

---------------  S U M M A R Y ------------

Command Line: -Xverify:none -XX:TieredStopAtLevel=1 com.harini.calculator.SpringCalculatorApplication

Host: Intel(R) Xeon(R) Platinum 8272CL CPU @ 2.60GHz, 4 cores, 15G,  Windows 10 , 64 bit Build 19041 (10.0.19041.1889)
Time: Thu Oct 13 03:14:47 2022 Coordinated Universal Time elapsed time: 0.175919 seconds (0d 0h 0m 0s)

---------------  T H R E A D  ---------------

Current thread (0x000001e63adea000):  JavaThread "Unknown thread" [_thread_in_vm, id=332044, stack(0x00000070ab000000,0x00000070ab100000)]

Stack: [0x00000070ab000000,0x00000070ab100000]
Native frames: (J=compiled Java code, j=interpreted, Vv=VM code, C=native code)
V  [jvm.dll+0x62a3ea]
V  [jvm.dll+0x76418f]
V  [jvm.dll+0x765839]
V  [jvm.dll+0x765ec3]
V  [jvm.dll+0x23da98]
V  [jvm.dll+0x62770a]
V  [jvm.dll+0x61c475]
V  [jvm.dll+0x2f2aac]
V  [jvm.dll+0x2f2932]
V  [jvm.dll+0x2f7656]
V  [jvm.dll+0x33a1cf]
V  [jvm.dll+0x339c00]
V  [jvm.dll+0x2d00c8]
V  [jvm.dll+0x2d1236]
V  [jvm.dll+0x73e757]
V  [jvm.dll+0x73ffef]
V  [jvm.dll+0x346ef9]
V  [jvm.dll+0x723f90]
V  [jvm.dll+0x3b5adf]
V  [jvm.dll+0x3b7bf1]
C  [jli.dll+0x5207]
C  [ucrtbase.dll+0x21bb2]
C  [KERNEL32.DLL+0x17034]
C  [ntdll.dll+0x526a1]


---------------  P R O C E S S  ---------------

Threads class SMR info:
_java_thread_list=0x000001e638c82130, length=0, elements={
}

Java Threads: ( => current thread )

Other Threads:
  0x000001e63ae00000 GCTaskThread "GC Thread#0" [stack: 0x00000070ab100000,0x00000070ab200000] [id=355244]
  0x000001e63ae5c800 ConcurrentGCThread "G1 Main Marker" [stack: 0x00000070ab200000,0x00000070ab300000] [id=351356]
  0x000001e63ae5f000 ConcurrentGCThread "G1 Conc#0" [stack: 0x00000070ab300000,0x00000070ab400000] [id=353688]

[error occurred during error reporting (printing all threads), id 0xc0000005, EXCEPTION_ACCESS_VIOLATION (0xc0000005) at pc=0x00007ffd8e8ff357]

VM state:not at safepoint (not fully initialized)

VM Mutex/Monitor currently owned by a thread:  ([mutex/lock_event])
[0x000001e63ade6860] Heap_lock - owner thread: 0x000001e63adea000

Heap address: 0x0000000700000000, size: 4096 MB, Compressed Oops mode: Non-zero based: 0x0000000700000000
Narrow klass base: 0x0000000000000000, Narrow klass shift: 0

GC Heap History (0 events):
No events

Deoptimization events (0 events):
No events

Classes redefined (0 events):
No events

Internal exceptions (0 events):
No events

Events (0 events):
No events


Dynamic libraries:
0x00007ff7fa6e0000 - 0x00007ff7fa6ef000 	C:\Program Files\Java\jdk-11.0.16\bin\java.exe
0x00007ffde5370000 - 0x00007ffde5568000 	C:\Windows\SYSTEM32\ntdll.dll
0x00007ffde3580000 - 0x00007ffde363d000 	C:\Windows\System32\KERNEL32.DLL
0x00007ffde2da0000 - 0x00007ffde306e000 	C:\Windows\System32\KERNELBASE.dll
0x00007ffde2ca0000 - 0x00007ffde2da0000 	C:\Windows\System32\ucrtbase.dll
0x00007ffdcb300000 - 0x00007ffdcb315000 	C:\Program Files\Java\jdk-11.0.16\bin\VCRUNTIME140.dll
0x00007ffdcb320000 - 0x00007ffdcb338000 	C:\Program Files\Java\jdk-11.0.16\bin\jli.dll
0x00007ffde36e0000 - 0x00007ffde378e000 	C:\Windows\System32\ADVAPI32.dll
0x00007ffde4560000 - 0x00007ffde45fe000 	C:\Windows\System32\msvcrt.dll
0x00007ffde4fe0000 - 0x00007ffde507c000 	C:\Windows\System32\sechost.dll
0x00007ffde4690000 - 0x00007ffde47b5000 	C:\Windows\System32\RPCRT4.dll
0x00007ffde5080000 - 0x00007ffde5220000 	C:\Windows\System32\USER32.dll
0x00007ffde3310000 - 0x00007ffde3332000 	C:\Windows\System32\win32u.dll
0x00007ffde3650000 - 0x00007ffde367a000 	C:\Windows\System32\GDI32.dll
0x00007ffde30a0000 - 0x00007ffde31ab000 	C:\Windows\System32\gdi32full.dll
0x00007ffde2c00000 - 0x00007ffde2c9d000 	C:\Windows\System32\msvcp_win.dll
0x00007ffdc4a90000 - 0x00007ffdc4d2a000 	C:\Windows\WinSxS\amd64_microsoft.windows.common-controls_6595b64144ccf1df_6.0.19041.1110_none_60b5254171f9507e\COMCTL32.dll
0x00007ffddab10000 - 0x00007ffddab1a000 	C:\Windows\SYSTEM32\VERSION.dll
0x00007ffde4eb0000 - 0x00007ffde4ee0000 	C:\Windows\System32\IMM32.DLL
0x00007ffdcb030000 - 0x00007ffdcb0cb000 	C:\Program Files\Java\jdk-11.0.16\bin\msvcp140.dll
0x00007ffd8e620000 - 0x00007ffd8f138000 	C:\Program Files\Java\jdk-11.0.16\bin\server\jvm.dll
0x00007ffde3640000 - 0x00007ffde3648000 	C:\Windows\System32\PSAPI.DLL
0x00007ffdde4d0000 - 0x00007ffdde4d9000 	C:\Windows\SYSTEM32\WSOCK32.dll
0x00007ffde4c30000 - 0x00007ffde4c9b000 	C:\Windows\System32\WS2_32.dll
0x00007ffdc2e00000 - 0x00007ffdc2e27000 	C:\Windows\SYSTEM32\WINMM.dll
0x00007ffde0960000 - 0x00007ffde0972000 	C:\Windows\SYSTEM32\kernel.appcore.dll
0x00007ffdde4c0000 - 0x00007ffdde4d0000 	C:\Program Files\Java\jdk-11.0.16\bin\verify.dll
0x00007ffdd6cd0000 - 0x00007ffdd6eb4000 	C:\Windows\SYSTEM32\DBGHELP.DLL
0x00007ffdd85f0000 - 0x00007ffdd861c000 	C:\Windows\SYSTEM32\dbgcore.DLL
0x00007ffde3340000 - 0x00007ffde33c2000 	C:\Windows\System32\bcryptPrimitives.dll
0x00007ffdcb000000 - 0x00007ffdcb028000 	C:\Program Files\Java\jdk-11.0.16\bin\java.dll
0x00007ffdd2ce0000 - 0x00007ffdd2cea000 	C:\Program Files\Java\jdk-11.0.16\bin\jimage.dll
0x00007ffdcafe0000 - 0x00007ffdcaff6000 	C:\Program Files\Java\jdk-11.0.16\bin\zip.dll

dbghelp: loaded successfully - version: 4.0.5 - missing functions: none
symbol engine: initialized successfully - sym options: 0x614 - pdb path: .;C:\Program Files\Java\jdk-11.0.16\bin;C:\Windows\SYSTEM32;C:\Windows\WinSxS\amd64_microsoft.windows.common-controls_6595b64144ccf1df_6.0.19041.1110_none_60b5254171f9507e;C:\Program Files\Java\jdk-11.0.16\bin\server

VM Arguments:
jvm_args: -Xverify:none -XX:TieredStopAtLevel=1 
java_command: com.harini.calculator.SpringCalculatorApplication
java_class_path (initial): C:\Users\sfjbs\idea projects\training\Malliharini\day5\spring-calculator\target\classes;C:\Users\sfjbs\.m2\repository\org\springframework\boot\spring-boot\2.7.3\spring-boot-2.7.3.jar;C:\Users\sfjbs\.m2\repository\org\springframework\boot\spring-boot-autoconfigure\2.7.3\spring-boot-autoconfigure-2.7.3.jar;C:\Users\sfjbs\.m2\repository\ch\qos\logback\logback-classic\1.2.11\logback-classic-1.2.11.jar;C:\Users\sfjbs\.m2\repository\ch\qos\logback\logback-core\1.2.11\logback-core-1.2.11.jar;C:\Users\sfjbs\.m2\repository\org\apache\logging\log4j\log4j-to-slf4j\2.17.2\log4j-to-slf4j-2.17.2.jar;C:\Users\sfjbs\.m2\repository\org\apache\logging\log4j\log4j-api\2.17.2\log4j-api-2.17.2.jar;C:\Users\sfjbs\.m2\repository\org\slf4j\jul-to-slf4j\1.7.36\jul-to-slf4j-1.7.36.jar;C:\Users\sfjbs\.m2\repository\jakarta\annotation\jakarta.annotation-api\1.3.5\jakarta.annotation-api-1.3.5.jar;C:\Users\sfjbs\.m2\repository\org\yaml\snakeyaml\1.30\snakeyaml-1.30.jar;C:\Users\sfjbs\.m2\repository\com\fasterxml\jackson\core\jackson-databind\2.13.3\jackson-databind-2.13.3.jar;C:\Users\sfjbs\.m2\repository\com\fasterxml\jackson\core\jackson-annotations\2.13.3\jackson-annotations-2.13.3.jar;C:\Users\sfjbs\.m2\repository\com\fasterxml\jackson\core\jackson-core\2.13.3\jackson-core-2.13.3.jar;C:\Users\sfjbs\.m2\repository\com\fasterxml\jackson\datatype\jackson-datatype-jdk8\2.13.3\jackson-datatype-jdk8-2.13.3.jar;C:\Users\sfjbs\.m2\repository\com\fasterxml\jackson\datatype\jackson-datatype-jsr310\2.13.3\jackson-datatype-jsr310-2.13.3.jar;C:\Users\sfjbs\.m2\repository\com\fasterxml\jackson\module\jackson-module-parameter-names\2.13.3\jackson-module-parameter-names-2.13.3.jar;C:\Users\sfjbs\.m2\repository\org\apache\tomcat\embed\tomcat-embed-core\9.0.65\tomcat-embed-core-9.0.65.jar;C:\Users\sfjbs\.m2\repository\org\apache\tomcat\embed\tomcat-embed-el\9.0.65\tomcat-embed-el-9.0.65.jar;C:\Users\sfjbs\.m2\repository\org\apache\tomcat\embed\tomcat-embed-websocket\9.0.65\tomcat-
Launcher Type: SUN_STANDARD

[Global flags]
     bool BytecodeVerificationLocal                = false                                     {product} {command line}
     bool BytecodeVerificationRemote               = false                                     {product} {command line}
     intx CICompilerCount                          = 3                                         {product} {ergonomic}
     uint ConcGCThreads                            = 1                                         {product} {ergonomic}
     uint G1ConcRefinementThreads                  = 4                                         {product} {ergonomic}
   size_t G1HeapRegionSize                         = 1048576                                   {product} {ergonomic}
    uintx GCDrainStackTargetSize                   = 64                                        {product} {ergonomic}
   size_t InitialHeapSize                          = 268435456                                 {product} {ergonomic}
   size_t MarkStackSize                            = 4194304                                   {product} {ergonomic}
   size_t MaxHeapSize                              = 4294967296                                {product} {ergonomic}
   size_t MinHeapDeltaBytes                        = 1048576                                   {product} {ergonomic}
    uintx NonNMethodCodeHeapSize                   = 6973028                                {pd product} {ergonomic}
    uintx NonProfiledCodeHeapSize                  = 244685212                              {pd product} {ergonomic}
    uintx ProfiledCodeHeapSize                     = 0                                      {pd product} {ergonomic}
    uintx ReservedCodeCacheSize                    = 251658240                              {pd product} {ergonomic}
     bool SegmentedCodeCache                       = true                                      {product} {ergonomic}
     intx TieredStopAtLevel                        = 1                                         {product} {command line}
     bool UseCompressedClassPointers               = true                                 {lp64_product} {ergonomic}
     bool UseCompressedOops                        = true                                 {lp64_product} {ergonomic}
     bool UseG1GC                                  = true                                      {product} {ergonomic}
     bool UseLargePagesIndividualAllocation        = false                                  {pd product} {ergonomic}

Logging:
Log output configuration:
 #0: stdout all=warning uptime,level,tags
 #1: stderr all=off uptime,level,tags

Environment Variables:
PATH=C:\Program Files\Common Files\Oracle\Java\javapath;C:\Windows\system32;C:\Windows;C:\Windows\System32\Wbem;C:\Windows\System32\WindowsPowerShell\v1.0\;C:\Windows\System32\OpenSSH\;C:\Users\sfjbs\Downloads\micro service-20221001T105859Z-001\micro service\apache-maven-3.8.5-bin\apache-maven-3.8.5\bin;C:\Users\sfjbs\Downloads\micro service-20221001T105859Z-001\micro service\apache-maven-3.8.5-bin\apache-maven-3.8.5\lib;C:\Program Files\Git\cmd;C:\Program Files\Docker\Docker\resources\bin;C:\ProgramData\DockerDesktop\version-bin;C:\Users\sfjbs\AppData\Local\Microsoft\WindowsApps;C:\Users\sfjbs\Downloads\micro service-20221001T105859Z-001\micro service\apache-maven-3.8.5-bin\apache-maven-3.8.5\bin;C:\Users\sfjbs\Downloads\micro service-20221001T105859Z-001\micro service\apache-maven-3.8.5-bin\apache-maven-3.8.5\lib;;C:\Program Files\JetBrains\IntelliJ IDEA Community Edition 2022.2.1\bin;
USERNAME=sfjbs
OS=Windows_NT
PROCESSOR_IDENTIFIER=Intel64 Family 6 Model 85 Stepping 7, GenuineIntel



---------------  S Y S T E M  ---------------

OS: Windows 10 , 64 bit Build 19041 (10.0.19041.1889)
Hyper-V role detected

CPU:total 4 (initial active 4) (2 cores per cpu, 2 threads per core) family 6 model 85 stepping 7 microcode 0xffffffff, cmov, cx8, fxsr, mmx, sse, sse2, sse3, ssse3, sse4.1, sse4.2, popcnt, avx, avx2, aes, clmul, erms, rtm, 3dnowpref, lzcnt, ht, tsc, bmi1, bmi2, adx, evex, fma

Memory: 4k page, system-wide physical 16382M (962M free)
TotalPageFile size 20420M (AvailPageFile size 110M)
current process WorkingSet (physical memory assigned to process): 10M, peak: 10M
current process commit charge ("private bytes"): 49M, peak: 305M

vm_info: Java HotSpot(TM) 64-Bit Server VM (11.0.16+11-LTS-199) for windows-amd64 JRE (11.0.16+11-LTS-199), built on Jun 28 2022 08:23:17 by "mach5one" with MS VC++ 15.9 (VS2017)

END.
