#
# There is insufficient memory for the Java Runtime Environment to continue.
# Native memory allocation (mmap) failed to map 268435456 bytes for Failed to commit area from 0x0000000700000000 to 0x0000000710000000 of length 268435456.
# Possible reasons:
#   The system is out of physical RAM or swap space
#   The process is running with CompressedOops enabled, and the Java Heap may be blocking the growth of the native heap
# Possible solutions:
#   Reduce memory load on the system
#   Increase physical memory or swap space
#   Check if swap backing store is full
#   Decrease Java heap size (-Xmx/-Xms)
#   Decrease number of Java threads
#   Decrease Java thread stack sizes (-Xss)
#   Set larger code cache with -XX:ReservedCodeCacheSize=
# This output file may be truncated or incomplete.
#
#  Out of Memory Error (./open/src/hotspot/os/windows/os_windows.cpp:3287), pid=488428, tid=490888
#
# JRE version:  (11.0.16+11) (build )
# Java VM: Java HotSpot(TM) 64-Bit Server VM (11.0.16+11-LTS-199, mixed mode, sharing, tiered, compressed oops, g1 gc, windows-amd64)
# No core dump will be written. Minidumps are not enabled by default on client versions of Windows
#

---------------  S U M M A R Y ------------

Command Line: -Xverify:none -XX:TieredStopAtLevel=1 com.rama.app.Application

Host: Intel(R) Xeon(R) Platinum 8272CL CPU @ 2.60GHz, 4 cores, 15G,  Windows 10 , 64 bit Build 19041 (10.0.19041.1889)
Time: Tue Oct 11 11:04:18 2022 Coordinated Universal Time elapsed time: 0.064362 seconds (0d 0h 0m 0s)

---------------  T H R E A D  ---------------

Current thread (0x00000205303ac000):  JavaThread "Unknown thread" [_thread_in_vm, id=490888, stack(0x0000004f84e00000,0x0000004f84f00000)]

Stack: [0x0000004f84e00000,0x0000004f84f00000]
Native frames: (J=compiled Java code, j=interpreted, Vv=VM code, C=native code)
V  [jvm.dll+0x62a3ea]
V  [jvm.dll+0x76418f]
V  [jvm.dll+0x765839]
V  [jvm.dll+0x765ec3]
V  [jvm.dll+0x23da98]
V  [jvm.dll+0x62770a]
V  [jvm.dll+0x61c475]
V  [jvm.dll+0x2f2aac]
V  [jvm.dll+0x2f2932]
V  [jvm.dll+0x2f7656]
V  [jvm.dll+0x33a1cf]
V  [jvm.dll+0x339c00]
V  [jvm.dll+0x2d00c8]
V  [jvm.dll+0x2d1236]
V  [jvm.dll+0x73e757]
V  [jvm.dll+0x73ffef]
V  [jvm.dll+0x346ef9]
V  [jvm.dll+0x723f90]
V  [jvm.dll+0x3b5adf]
V  [jvm.dll+0x3b7bf1]
C  [jli.dll+0x5207]
C  [ucrtbase.dll+0x21bb2]
C  [KERNEL32.DLL+0x17034]
C  [ntdll.dll+0x526a1]


---------------  P R O C E S S  ---------------

Threads class SMR info:
_java_thread_list=0x00000205302d51f0, length=0, elements={
}

Java Threads: ( => current thread )

Other Threads:
  0x0000020532452000 GCTaskThread "GC Thread#0" [stack: 0x0000004f85000000,0x0000004f85100000] [id=492276]
  0x00000205324ae800 ConcurrentGCThread "G1 Main Marker" [stack: 0x0000004f85100000,0x0000004f85200000] [id=488752]
  0x00000205324b1800 ConcurrentGCThread "G1 Conc#0" [stack: 0x0000004f85200000,0x0000004f85300000] [id=489948]

[error occurred during error reporting (printing all threads), id 0xc0000005, EXCEPTION_ACCESS_VIOLATION (0xc0000005) at pc=0x00007ffdcefcf357]

VM state:not at safepoint (not fully initialized)

VM Mutex/Monitor currently owned by a thread:  ([mutex/lock_event])
[0x000002053243b200] Heap_lock - owner thread: 0x00000205303ac000

Heap address: 0x0000000700000000, size: 4096 MB, Compressed Oops mode: Non-zero based: 0x0000000700000000
Narrow klass base: 0x0000000000000000, Narrow klass shift: 0

GC Heap History (0 events):
No events

Deoptimization events (0 events):
No events

Classes redefined (0 events):
No events

Internal exceptions (0 events):
No events

Events (0 events):
No events


Dynamic libraries:
0x00007ff79df90000 - 0x00007ff79df9f000 	C:\Program Files\Java\jdk-11.0.16\bin\java.exe
0x00007ffe31c50000 - 0x00007ffe31e48000 	C:\Windows\SYSTEM32\ntdll.dll
0x00007ffe30000000 - 0x00007ffe300bd000 	C:\Windows\System32\KERNEL32.DLL
0x00007ffe2f960000 - 0x00007ffe2fc2e000 	C:\Windows\System32\KERNELBASE.dll
0x00007ffe2f830000 - 0x00007ffe2f930000 	C:\Windows\System32\ucrtbase.dll
0x00007ffe0dd70000 - 0x00007ffe0dd88000 	C:\Program Files\Java\jdk-11.0.16\bin\jli.dll
0x00007ffe31630000 - 0x00007ffe316de000 	C:\Windows\System32\ADVAPI32.dll
0x00007ffe30730000 - 0x00007ffe307ce000 	C:\Windows\System32\msvcrt.dll
0x00007ffe307d0000 - 0x00007ffe3086c000 	C:\Windows\System32\sechost.dll
0x00007ffe305a0000 - 0x00007ffe306c5000 	C:\Windows\System32\RPCRT4.dll
0x00007ffe308e0000 - 0x00007ffe30a80000 	C:\Windows\System32\USER32.dll
0x00007ffe2f930000 - 0x00007ffe2f952000 	C:\Windows\System32\win32u.dll
0x00007ffe30e50000 - 0x00007ffe30e7a000 	C:\Windows\System32\GDI32.dll
0x00007ffe2f610000 - 0x00007ffe2f71b000 	C:\Windows\System32\gdi32full.dll
0x00007ffe2f720000 - 0x00007ffe2f7bd000 	C:\Windows\System32\msvcp_win.dll
0x00007ffe0da70000 - 0x00007ffe0da85000 	C:\Program Files\Java\jdk-11.0.16\bin\VCRUNTIME140.dll
0x00007ffe17980000 - 0x00007ffe17c1a000 	C:\Windows\WinSxS\amd64_microsoft.windows.common-controls_6595b64144ccf1df_6.0.19041.1110_none_60b5254171f9507e\COMCTL32.dll
0x00007ffe27550000 - 0x00007ffe2755a000 	C:\Windows\SYSTEM32\VERSION.dll
0x00007ffe2fcb0000 - 0x00007ffe2fce0000 	C:\Windows\System32\IMM32.DLL
0x00007ffe02250000 - 0x00007ffe022eb000 	C:\Program Files\Java\jdk-11.0.16\bin\msvcp140.dll
0x00007ffdcecf0000 - 0x00007ffdcf808000 	C:\Program Files\Java\jdk-11.0.16\bin\server\jvm.dll
0x00007ffe31b60000 - 0x00007ffe31b68000 	C:\Windows\System32\PSAPI.DLL
0x00007ffe28820000 - 0x00007ffe28829000 	C:\Windows\SYSTEM32\WSOCK32.dll
0x00007ffe30870000 - 0x00007ffe308db000 	C:\Windows\System32\WS2_32.dll
0x00007ffe0cfd0000 - 0x00007ffe0cff7000 	C:\Windows\SYSTEM32\WINMM.dll
0x00007ffe2d240000 - 0x00007ffe2d252000 	C:\Windows\SYSTEM32\kernel.appcore.dll
0x00007ffe0df40000 - 0x00007ffe0df50000 	C:\Program Files\Java\jdk-11.0.16\bin\verify.dll
0x00007ffe27c80000 - 0x00007ffe27e64000 	C:\Windows\SYSTEM32\DBGHELP.DLL
0x00007ffe27be0000 - 0x00007ffe27c0c000 	C:\Windows\SYSTEM32\dbgcore.DLL
0x00007ffe2f370000 - 0x00007ffe2f3f2000 	C:\Windows\System32\bcryptPrimitives.dll
0x00007ffe0d7a0000 - 0x00007ffe0d7c8000 	C:\Program Files\Java\jdk-11.0.16\bin\java.dll
0x00007ffe0dd60000 - 0x00007ffe0dd6a000 	C:\Program Files\Java\jdk-11.0.16\bin\jimage.dll
0x00007ffe0d780000 - 0x00007ffe0d796000 	C:\Program Files\Java\jdk-11.0.16\bin\zip.dll

dbghelp: loaded successfully - version: 4.0.5 - missing functions: none
symbol engine: initialized successfully - sym options: 0x614 - pdb path: .;C:\Program Files\Java\jdk-11.0.16\bin;C:\Windows\SYSTEM32;C:\Windows\WinSxS\amd64_microsoft.windows.common-controls_6595b64144ccf1df_6.0.19041.1110_none_60b5254171f9507e;C:\Program Files\Java\jdk-11.0.16\bin\server

VM Arguments:
jvm_args: -Xverify:none -XX:TieredStopAtLevel=1 
java_command: com.rama.app.Application
java_class_path (initial): C:\Users\sfjbs\IdeaProjects\training\k4j\Day4\spring-boot-app\target\classes;C:\Users\sfjbs\.m2\repository\org\springframework\boot\spring-boot-starter-web\2.2.2.RELEASE\spring-boot-starter-web-2.2.2.RELEASE.jar;C:\Users\sfjbs\.m2\repository\org\springframework\boot\spring-boot-starter\2.2.2.RELEASE\spring-boot-starter-2.2.2.RELEASE.jar;C:\Users\sfjbs\.m2\repository\org\springframework\boot\spring-boot\2.2.2.RELEASE\spring-boot-2.2.2.RELEASE.jar;C:\Users\sfjbs\.m2\repository\org\springframework\boot\spring-boot-autoconfigure\2.2.2.RELEASE\spring-boot-autoconfigure-2.2.2.RELEASE.jar;C:\Users\sfjbs\.m2\repository\org\springframework\boot\spring-boot-starter-logging\2.2.2.RELEASE\spring-boot-starter-logging-2.2.2.RELEASE.jar;C:\Users\sfjbs\.m2\repository\ch\qos\logback\logback-classic\1.2.3\logback-classic-1.2.3.jar;C:\Users\sfjbs\.m2\repository\ch\qos\logback\logback-core\1.2.3\logback-core-1.2.3.jar;C:\Users\sfjbs\.m2\repository\org\slf4j\slf4j-api\1.7.29\slf4j-api-1.7.29.jar;C:\Users\sfjbs\.m2\repository\org\apache\logging\log4j\log4j-to-slf4j\2.12.1\log4j-to-slf4j-2.12.1.jar;C:\Users\sfjbs\.m2\repository\org\apache\logging\log4j\log4j-api\2.12.1\log4j-api-2.12.1.jar;C:\Users\sfjbs\.m2\repository\org\slf4j\jul-to-slf4j\1.7.29\jul-to-slf4j-1.7.29.jar;C:\Users\sfjbs\.m2\repository\jakarta\annotation\jakarta.annotation-api\1.3.5\jakarta.annotation-api-1.3.5.jar;C:\Users\sfjbs\.m2\repository\org\springframework\spring-core\5.2.2.RELEASE\spring-core-5.2.2.RELEASE.jar;C:\Users\sfjbs\.m2\repository\org\springframework\spring-jcl\5.2.2.RELEASE\spring-jcl-5.2.2.RELEASE.jar;C:\Users\sfjbs\.m2\repository\org\yaml\snakeyaml\1.25\snakeyaml-1.25.jar;C:\Users\sfjbs\.m2\repository\org\springframework\boot\spring-boot-starter-json\2.2.2.RELEASE\spring-boot-starter-json-2.2.2.RELEASE.jar;C:\Users\sfjbs\.m2\repository\com\fasterxml\jackson\core\jackson-databind\2.10.1\jackson-databind-2.10.1.jar;C:\Users\sfjbs\.m2\repository\com\fasterxml\jackson\core\jack
Launcher Type: SUN_STANDARD

[Global flags]
     bool BytecodeVerificationLocal                = false                                     {product} {command line}
     bool BytecodeVerificationRemote               = false                                     {product} {command line}
     intx CICompilerCount                          = 3                                         {product} {ergonomic}
     uint ConcGCThreads                            = 1                                         {product} {ergonomic}
     uint G1ConcRefinementThreads                  = 4                                         {product} {ergonomic}
   size_t G1HeapRegionSize                         = 1048576                                   {product} {ergonomic}
    uintx GCDrainStackTargetSize                   = 64                                        {product} {ergonomic}
   size_t InitialHeapSize                          = 268435456                                 {product} {ergonomic}
   size_t MarkStackSize                            = 4194304                                   {product} {ergonomic}
   size_t MaxHeapSize                              = 4294967296                                {product} {ergonomic}
   size_t MinHeapDeltaBytes                        = 1048576                                   {product} {ergonomic}
    uintx NonNMethodCodeHeapSize                   = 6973028                                {pd product} {ergonomic}
    uintx NonProfiledCodeHeapSize                  = 244685212                              {pd product} {ergonomic}
    uintx ProfiledCodeHeapSize                     = 0                                      {pd product} {ergonomic}
    uintx ReservedCodeCacheSize                    = 251658240                              {pd product} {ergonomic}
     bool SegmentedCodeCache                       = true                                      {product} {ergonomic}
     intx TieredStopAtLevel                        = 1                                         {product} {command line}
     bool UseCompressedClassPointers               = true                                 {lp64_product} {ergonomic}
     bool UseCompressedOops                        = true                                 {lp64_product} {ergonomic}
     bool UseG1GC                                  = true                                      {product} {ergonomic}
     bool UseLargePagesIndividualAllocation        = false                                  {pd product} {ergonomic}

Logging:
Log output configuration:
 #0: stdout all=warning uptime,level,tags
 #1: stderr all=off uptime,level,tags

Environment Variables:
PATH=C:\Program Files\Common Files\Oracle\Java\javapath;C:\Windows\system32;C:\Windows;C:\Windows\System32\Wbem;C:\Windows\System32\WindowsPowerShell\v1.0\;C:\Windows\System32\OpenSSH\;C:\Users\sfjbs\Downloads\micro service-20221001T105859Z-001\micro service\apache-maven-3.8.5-bin\apache-maven-3.8.5\bin;C:\Users\sfjbs\Downloads\micro service-20221001T105859Z-001\micro service\apache-maven-3.8.5-bin\apache-maven-3.8.5\lib;C:\Program Files\Git\cmd;C:\Program Files\Docker\Docker\resources\bin;C:\ProgramData\DockerDesktop\version-bin;C:\Users\sfjbs\AppData\Local\Microsoft\WindowsApps;C:\Users\sfjbs\Downloads\micro service-20221001T105859Z-001\micro service\apache-maven-3.8.5-bin\apache-maven-3.8.5\bin;C:\Users\sfjbs\Downloads\micro service-20221001T105859Z-001\micro service\apache-maven-3.8.5-bin\apache-maven-3.8.5\lib;;C:\Program Files\JetBrains\IntelliJ IDEA Community Edition 2022.2.1\bin;
USERNAME=sfjbs
OS=Windows_NT
PROCESSOR_IDENTIFIER=Intel64 Family 6 Model 85 Stepping 7, GenuineIntel



---------------  S Y S T E M  ---------------

OS: Windows 10 , 64 bit Build 19041 (10.0.19041.1889)
Hyper-V role detected

CPU:total 4 (initial active 4) (2 cores per cpu, 2 threads per core) family 6 model 85 stepping 7 microcode 0xffffffff, cmov, cx8, fxsr, mmx, sse, sse2, sse3, ssse3, sse4.1, sse4.2, popcnt, avx, avx2, aes, clmul, erms, rtm, 3dnowpref, lzcnt, ht, tsc, bmi1, bmi2, adx, evex, fma

Memory: 4k page, system-wide physical 16382M (1156M free)
TotalPageFile size 20478M (AvailPageFile size 134M)
current process WorkingSet (physical memory assigned to process): 9M, peak: 9M
current process commit charge ("private bytes"): 49M, peak: 305M

vm_info: Java HotSpot(TM) 64-Bit Server VM (11.0.16+11-LTS-199) for windows-amd64 JRE (11.0.16+11-LTS-199), built on Jun 28 2022 08:23:17 by "mach5one" with MS VC++ 15.9 (VS2017)

END.
