#
# There is insufficient memory for the Java Runtime Environment to continue.
# Native memory allocation (malloc) failed to allocate 32784 bytes for Chunk::new
# Possible reasons:
#   The system is out of physical RAM or swap space
#   The process is running with CompressedOops enabled, and the Java Heap may be blocking the growth of the native heap
# Possible solutions:
#   Reduce memory load on the system
#   Increase physical memory or swap space
#   Check if swap backing store is full
#   Decrease Java heap size (-Xmx/-Xms)
#   Decrease number of Java threads
#   Decrease Java thread stack sizes (-Xss)
#   Set larger code cache with -XX:ReservedCodeCacheSize=
#   JVM is running with Unscaled Compressed Oops mode in which the Java heap is
#     placed in the first 4GB address space. The Java Heap base address is the
#     maximum limit for the native heap growth. Please use -XX:HeapBaseMinAddress
#     to set the Java Heap base and to place the Java Heap above 4GB virtual address.
# This output file may be truncated or incomplete.
#
#  Out of Memory Error (./open/src/hotspot/share/memory/arena.cpp:197), pid=18848, tid=10232
#
# JRE version: Java(TM) SE Runtime Environment 18.9 (11.0.16+11) (build 11.0.16+11-LTS-199)
# Java VM: Java HotSpot(TM) 64-Bit Server VM 18.9 (11.0.16+11-LTS-199, mixed mode, tiered, compressed oops, g1 gc, windows-amd64)
# No core dump will be written. Minidumps are not enabled by default on client versions of Windows
#

---------------  S U M M A R Y ------------

Command Line: -Dclassworlds.conf=C:\Users\sfjbs\Downloads\micro service-20221001T123314Z-001\micro service\apache-maven-3.8.5-bin\apache-maven-3.8.5\bin\m2.conf -Dmaven.home=C:\Users\sfjbs\Downloads\micro service-20221001T123314Z-001\micro service\apache-maven-3.8.5-bin\apache-maven-3.8.5 -Dlibrary.jansi.path=C:\Users\sfjbs\Downloads\micro service-20221001T123314Z-001\micro service\apache-maven-3.8.5-bin\apache-maven-3.8.5\lib\jansi-native -Dmaven.multiModuleProjectDirectory=C:\Users\sfjbs\IdeaProjects\training\sriprabha\Day11\eureka-app\student-service org.codehaus.plexus.classworlds.launcher.Launcher spring-boot:run

Host: Intel(R) Xeon(R) Platinum 8272CL CPU @ 2.60GHz, 2 cores, 7G,  Windows 10 , 64 bit Build 19041 (10.0.19041.1889)
Time: Thu Oct 20 09:29:47 2022 Coordinated Universal Time elapsed time: 3.139813 seconds (0d 0h 0m 3s)

---------------  T H R E A D  ---------------

Current thread (0x00000159fe932000):  JavaThread "C2 CompilerThread0" daemon [_thread_in_native, id=10232, stack(0x00000044da600000,0x00000044da700000)]


Current CompileTask:
C2:   3139 2053       4       java.util.jar.JarFile::maybeInstantiateVerifier (112 bytes)

Stack: [0x00000044da600000,0x00000044da700000]
Native frames: (J=compiled Java code, j=interpreted, Vv=VM code, C=native code)
V  [jvm.dll+0x62a3ea]
V  [jvm.dll+0x76418f]
V  [jvm.dll+0x765839]
V  [jvm.dll+0x765ec3]
V  [jvm.dll+0x23da98]
V  [jvm.dll+0xb2a1c]
V  [jvm.dll+0xb2fdc]
V  [jvm.dll+0xb2b2b]
V  [jvm.dll+0x60a6ef]
V  [jvm.dll+0x52cbfe]
V  [jvm.dll+0x52c0d3]
V  [jvm.dll+0x52c083]
V  [jvm.dll+0x52ee86]
V  [jvm.dll+0x52e876]
V  [jvm.dll+0x52deee]
V  [jvm.dll+0x52df01]
V  [jvm.dll+0x52deb5]
V  [jvm.dll+0x53e0be]
V  [jvm.dll+0x1f9ff7]
V  [jvm.dll+0x1f756d]
V  [jvm.dll+0x177c81]
V  [jvm.dll+0x207006]
V  [jvm.dll+0x20519b]
V  [jvm.dll+0x729fa0]
V  [jvm.dll+0x722b74]
V  [jvm.dll+0x629286]
C  [ucrtbase.dll+0x21bb2]
C  [KERNEL32.DLL+0x17034]
C  [ntdll.dll+0x526a1]


---------------  P R O C E S S  ---------------

Threads class SMR info:
_java_thread_list=0x00000159ff3f7a20, length=10, elements={
0x00000159e169b800, 0x00000159fe90f000, 0x00000159fe918800, 0x00000159fe92b000,
0x00000159fe92e000, 0x00000159fe930000, 0x00000159fe932000, 0x00000159fe937000,
0x00000159fe943800, 0x00000159ff41c000
}

Java Threads: ( => current thread )
  0x00000159e169b800 JavaThread "main" [_thread_in_Java, id=8420, stack(0x00000044d9a00000,0x00000044d9b00000)]
  0x00000159fe90f000 JavaThread "Reference Handler" daemon [_thread_blocked, id=5176, stack(0x00000044da100000,0x00000044da200000)]
  0x00000159fe918800 JavaThread "Finalizer" daemon [_thread_blocked, id=19292, stack(0x00000044da200000,0x00000044da300000)]
  0x00000159fe92b000 JavaThread "Signal Dispatcher" daemon [_thread_blocked, id=18692, stack(0x00000044da300000,0x00000044da400000)]
  0x00000159fe92e000 JavaThread "Attach Listener" daemon [_thread_blocked, id=15324, stack(0x00000044da400000,0x00000044da500000)]
  0x00000159fe930000 JavaThread "Service Thread" daemon [_thread_blocked, id=19000, stack(0x00000044da500000,0x00000044da600000)]
=>0x00000159fe932000 JavaThread "C2 CompilerThread0" daemon [_thread_in_native, id=10232, stack(0x00000044da600000,0x00000044da700000)]
  0x00000159fe937000 JavaThread "C1 CompilerThread0" daemon [_thread_blocked, id=18192, stack(0x00000044da700000,0x00000044da800000)]
  0x00000159fe943800 JavaThread "Sweeper thread" daemon [_thread_blocked, id=8920, stack(0x00000044da800000,0x00000044da900000)]
  0x00000159ff41c000 JavaThread "Common-Cleaner" daemon [_thread_blocked, id=17500, stack(0x00000044daa00000,0x00000044dab00000)]

Other Threads:
  0x00000159fe90d000 VMThread "VM Thread" [stack: 0x00000044da000000,0x00000044da100000] [id=12796]
  0x00000159ff419800 WatcherThread [stack: 0x00000044da900000,0x00000044daa00000] [id=17048]
  0x00000159e16b0000 GCTaskThread "GC Thread#0" [stack: 0x00000044d9b00000,0x00000044d9c00000] [id=13208]
  0x00000159ff862800 GCTaskThread "GC Thread#1" [stack: 0x00000044dab00000,0x00000044dac00000] [id=19012]
  0x00000159e16dc000 ConcurrentGCThread "G1 Main Marker" [stack: 0x00000044d9c00000,0x00000044d9d00000] [id=4356]
  0x00000159e16de000 ConcurrentGCThread "G1 Conc#0" [stack: 0x00000044d9d00000,0x00000044d9e00000] [id=17488]
  0x00000159e1766000 ConcurrentGCThread "G1 Refine#0" [stack: 0x00000044d9e00000,0x00000044d9f00000] [id=9896]
  0x00000159e1768000 ConcurrentGCThread "G1 Young RemSet Sampling" [stack: 0x00000044d9f00000,0x00000044da000000] [id=16080]

Threads with active compile tasks:
C2 CompilerThread0     3180 2053       4       java.util.jar.JarFile::maybeInstantiateVerifier (112 bytes)

VM state:not at safepoint (normal execution)

VM Mutex/Monitor currently owned by a thread: None

Heap address: 0x0000000080000000, size: 2048 MB, Compressed Oops mode: 32-bit
Narrow klass base: 0x0000000000000000, Narrow klass shift: 3
Compressed class space size: 1073741824 Address: 0x0000000100000000

Heap:
 garbage-first heap   total 131072K, used 27856K [0x0000000080000000, 0x0000000100000000)
  region size 1024K, 27 young (27648K), 3 survivors (3072K)
 Metaspace       used 19016K, capacity 19352K, committed 19712K, reserved 1067008K
  class space    used 2060K, capacity 2178K, committed 2304K, reserved 1048576K
Heap Regions: E=young(eden), S=young(survivor), O=old, HS=humongous(starts), HC=humongous(continues), CS=collection set, F=free, A=archive, TAMS=top-at-mark-start (previous, next)
|   0|0x0000000080000000, 0x0000000080100000, 0x0000000080100000|100%| O|  |TAMS 0x0000000080000000, 0x0000000080000000| Untracked 
|   1|0x0000000080100000, 0x0000000080200000, 0x0000000080200000|100%| O|  |TAMS 0x0000000080100000, 0x0000000080100000| Untracked 
|   2|0x0000000080200000, 0x0000000080214e00, 0x0000000080300000|  8%| O|  |TAMS 0x0000000080200000, 0x0000000080200000| Untracked 
|   3|0x0000000080300000, 0x0000000080300000, 0x0000000080400000|  0%| F|  |TAMS 0x0000000080300000, 0x0000000080300000| Untracked 
|   4|0x0000000080400000, 0x0000000080400000, 0x0000000080500000|  0%| F|  |TAMS 0x0000000080400000, 0x0000000080400000| Untracked 
|   5|0x0000000080500000, 0x0000000080500000, 0x0000000080600000|  0%| F|  |TAMS 0x0000000080500000, 0x0000000080500000| Untracked 
|   6|0x0000000080600000, 0x0000000080600000, 0x0000000080700000|  0%| F|  |TAMS 0x0000000080600000, 0x0000000080600000| Untracked 
|   7|0x0000000080700000, 0x0000000080700000, 0x0000000080800000|  0%| F|  |TAMS 0x0000000080700000, 0x0000000080700000| Untracked 
|   8|0x0000000080800000, 0x0000000080800000, 0x0000000080900000|  0%| F|  |TAMS 0x0000000080800000, 0x0000000080800000| Untracked 
|   9|0x0000000080900000, 0x0000000080900000, 0x0000000080a00000|  0%| F|  |TAMS 0x0000000080900000, 0x0000000080900000| Untracked 
|  10|0x0000000080a00000, 0x0000000080a00000, 0x0000000080b00000|  0%| F|  |TAMS 0x0000000080a00000, 0x0000000080a00000| Untracked 
|  11|0x0000000080b00000, 0x0000000080b00000, 0x0000000080c00000|  0%| F|  |TAMS 0x0000000080b00000, 0x0000000080b00000| Untracked 
|  12|0x0000000080c00000, 0x0000000080c00000, 0x0000000080d00000|  0%| F|  |TAMS 0x0000000080c00000, 0x0000000080c00000| Untracked 
|  13|0x0000000080d00000, 0x0000000080d00000, 0x0000000080e00000|  0%| F|  |TAMS 0x0000000080d00000, 0x0000000080d00000| Untracked 
|  14|0x0000000080e00000, 0x0000000080e00000, 0x0000000080f00000|  0%| F|  |TAMS 0x0000000080e00000, 0x0000000080e00000| Untracked 
|  15|0x0000000080f00000, 0x0000000080f00000, 0x0000000081000000|  0%| F|  |TAMS 0x0000000080f00000, 0x0000000080f00000| Untracked 
|  16|0x0000000081000000, 0x0000000081000000, 0x0000000081100000|  0%| F|  |TAMS 0x0000000081000000, 0x0000000081000000| Untracked 
|  17|0x0000000081100000, 0x0000000081100000, 0x0000000081200000|  0%| F|  |TAMS 0x0000000081100000, 0x0000000081100000| Untracked 
|  18|0x0000000081200000, 0x0000000081200000, 0x0000000081300000|  0%| F|  |TAMS 0x0000000081200000, 0x0000000081200000| Untracked 
|  19|0x0000000081300000, 0x0000000081300000, 0x0000000081400000|  0%| F|  |TAMS 0x0000000081300000, 0x0000000081300000| Untracked 
|  20|0x0000000081400000, 0x0000000081400000, 0x0000000081500000|  0%| F|  |TAMS 0x0000000081400000, 0x0000000081400000| Untracked 
|  21|0x0000000081500000, 0x0000000081500000, 0x0000000081600000|  0%| F|  |TAMS 0x0000000081500000, 0x0000000081500000| Untracked 
|  22|0x0000000081600000, 0x0000000081600000, 0x0000000081700000|  0%| F|  |TAMS 0x0000000081600000, 0x0000000081600000| Untracked 
|  23|0x0000000081700000, 0x0000000081700000, 0x0000000081800000|  0%| F|  |TAMS 0x0000000081700000, 0x0000000081700000| Untracked 
|  24|0x0000000081800000, 0x0000000081800000, 0x0000000081900000|  0%| F|  |TAMS 0x0000000081800000, 0x0000000081800000| Untracked 
|  25|0x0000000081900000, 0x0000000081900000, 0x0000000081a00000|  0%| F|  |TAMS 0x0000000081900000, 0x0000000081900000| Untracked 
|  26|0x0000000081a00000, 0x0000000081a00000, 0x0000000081b00000|  0%| F|  |TAMS 0x0000000081a00000, 0x0000000081a00000| Untracked 
|  27|0x0000000081b00000, 0x0000000081b00000, 0x0000000081c00000|  0%| F|  |TAMS 0x0000000081b00000, 0x0000000081b00000| Untracked 
|  28|0x0000000081c00000, 0x0000000081c00000, 0x0000000081d00000|  0%| F|  |TAMS 0x0000000081c00000, 0x0000000081c00000| Untracked 
|  29|0x0000000081d00000, 0x0000000081d00000, 0x0000000081e00000|  0%| F|  |TAMS 0x0000000081d00000, 0x0000000081d00000| Untracked 
|  30|0x0000000081e00000, 0x0000000081e00000, 0x0000000081f00000|  0%| F|  |TAMS 0x0000000081e00000, 0x0000000081e00000| Untracked 
|  31|0x0000000081f00000, 0x0000000081f00000, 0x0000000082000000|  0%| F|  |TAMS 0x0000000081f00000, 0x0000000081f00000| Untracked 
|  32|0x0000000082000000, 0x0000000082000000, 0x0000000082100000|  0%| F|  |TAMS 0x0000000082000000, 0x0000000082000000| Untracked 
|  33|0x0000000082100000, 0x0000000082100000, 0x0000000082200000|  0%| F|  |TAMS 0x0000000082100000, 0x0000000082100000| Untracked 
|  34|0x0000000082200000, 0x0000000082200000, 0x0000000082300000|  0%| F|  |TAMS 0x0000000082200000, 0x0000000082200000| Untracked 
|  35|0x0000000082300000, 0x0000000082300000, 0x0000000082400000|  0%| F|  |TAMS 0x0000000082300000, 0x0000000082300000| Untracked 
|  36|0x0000000082400000, 0x0000000082400000, 0x0000000082500000|  0%| F|  |TAMS 0x0000000082400000, 0x0000000082400000| Untracked 
|  37|0x0000000082500000, 0x0000000082500000, 0x0000000082600000|  0%| F|  |TAMS 0x0000000082500000, 0x0000000082500000| Untracked 
|  38|0x0000000082600000, 0x0000000082600000, 0x0000000082700000|  0%| F|  |TAMS 0x0000000082600000, 0x0000000082600000| Untracked 
|  39|0x0000000082700000, 0x0000000082700000, 0x0000000082800000|  0%| F|  |TAMS 0x0000000082700000, 0x0000000082700000| Untracked 
|  40|0x0000000082800000, 0x0000000082800000, 0x0000000082900000|  0%| F|  |TAMS 0x0000000082800000, 0x0000000082800000| Untracked 
|  41|0x0000000082900000, 0x0000000082900000, 0x0000000082a00000|  0%| F|  |TAMS 0x0000000082900000, 0x0000000082900000| Untracked 
|  42|0x0000000082a00000, 0x0000000082a00000, 0x0000000082b00000|  0%| F|  |TAMS 0x0000000082a00000, 0x0000000082a00000| Untracked 
|  43|0x0000000082b00000, 0x0000000082b00000, 0x0000000082c00000|  0%| F|  |TAMS 0x0000000082b00000, 0x0000000082b00000| Untracked 
|  44|0x0000000082c00000, 0x0000000082c00000, 0x0000000082d00000|  0%| F|  |TAMS 0x0000000082c00000, 0x0000000082c00000| Untracked 
|  45|0x0000000082d00000, 0x0000000082d00000, 0x0000000082e00000|  0%| F|  |TAMS 0x0000000082d00000, 0x0000000082d00000| Untracked 
|  46|0x0000000082e00000, 0x0000000082e00000, 0x0000000082f00000|  0%| F|  |TAMS 0x0000000082e00000, 0x0000000082e00000| Untracked 
|  47|0x0000000082f00000, 0x0000000082f00000, 0x0000000083000000|  0%| F|  |TAMS 0x0000000082f00000, 0x0000000082f00000| Untracked 
|  48|0x0000000083000000, 0x0000000083000000, 0x0000000083100000|  0%| F|  |TAMS 0x0000000083000000, 0x0000000083000000| Untracked 
|  49|0x0000000083100000, 0x0000000083100000, 0x0000000083200000|  0%| F|  |TAMS 0x0000000083100000, 0x0000000083100000| Untracked 
|  50|0x0000000083200000, 0x0000000083200000, 0x0000000083300000|  0%| F|  |TAMS 0x0000000083200000, 0x0000000083200000| Untracked 
|  51|0x0000000083300000, 0x0000000083300000, 0x0000000083400000|  0%| F|  |TAMS 0x0000000083300000, 0x0000000083300000| Untracked 
|  52|0x0000000083400000, 0x0000000083400000, 0x0000000083500000|  0%| F|  |TAMS 0x0000000083400000, 0x0000000083400000| Untracked 
|  53|0x0000000083500000, 0x0000000083500000, 0x0000000083600000|  0%| F|  |TAMS 0x0000000083500000, 0x0000000083500000| Untracked 
|  54|0x0000000083600000, 0x0000000083600000, 0x0000000083700000|  0%| F|  |TAMS 0x0000000083600000, 0x0000000083600000| Untracked 
|  55|0x0000000083700000, 0x0000000083700000, 0x0000000083800000|  0%| F|  |TAMS 0x0000000083700000, 0x0000000083700000| Untracked 
|  56|0x0000000083800000, 0x0000000083800000, 0x0000000083900000|  0%| F|  |TAMS 0x0000000083800000, 0x0000000083800000| Untracked 
|  57|0x0000000083900000, 0x0000000083900000, 0x0000000083a00000|  0%| F|  |TAMS 0x0000000083900000, 0x0000000083900000| Untracked 
|  58|0x0000000083a00000, 0x0000000083a00000, 0x0000000083b00000|  0%| F|  |TAMS 0x0000000083a00000, 0x0000000083a00000| Untracked 
|  59|0x0000000083b00000, 0x0000000083b00000, 0x0000000083c00000|  0%| F|  |TAMS 0x0000000083b00000, 0x0000000083b00000| Untracked 
|  60|0x0000000083c00000, 0x0000000083c00000, 0x0000000083d00000|  0%| F|  |TAMS 0x0000000083c00000, 0x0000000083c00000| Untracked 
|  61|0x0000000083d00000, 0x0000000083d00000, 0x0000000083e00000|  0%| F|  |TAMS 0x0000000083d00000, 0x0000000083d00000| Untracked 
|  62|0x0000000083e00000, 0x0000000083e00000, 0x0000000083f00000|  0%| F|  |TAMS 0x0000000083e00000, 0x0000000083e00000| Untracked 
|  63|0x0000000083f00000, 0x0000000083f00000, 0x0000000084000000|  0%| F|  |TAMS 0x0000000083f00000, 0x0000000083f00000| Untracked 
|  64|0x0000000084000000, 0x0000000084000000, 0x0000000084100000|  0%| F|  |TAMS 0x0000000084000000, 0x0000000084000000| Untracked 
|  65|0x0000000084100000, 0x0000000084100000, 0x0000000084200000|  0%| F|  |TAMS 0x0000000084100000, 0x0000000084100000| Untracked 
|  66|0x0000000084200000, 0x0000000084200000, 0x0000000084300000|  0%| F|  |TAMS 0x0000000084200000, 0x0000000084200000| Untracked 
|  67|0x0000000084300000, 0x0000000084300000, 0x0000000084400000|  0%| F|  |TAMS 0x0000000084300000, 0x0000000084300000| Untracked 
|  68|0x0000000084400000, 0x0000000084400000, 0x0000000084500000|  0%| F|  |TAMS 0x0000000084400000, 0x0000000084400000| Untracked 
|  69|0x0000000084500000, 0x0000000084500000, 0x0000000084600000|  0%| F|  |TAMS 0x0000000084500000, 0x0000000084500000| Untracked 
|  70|0x0000000084600000, 0x0000000084600000, 0x0000000084700000|  0%| F|  |TAMS 0x0000000084600000, 0x0000000084600000| Untracked 
|  71|0x0000000084700000, 0x0000000084700000, 0x0000000084800000|  0%| F|  |TAMS 0x0000000084700000, 0x0000000084700000| Untracked 
|  72|0x0000000084800000, 0x0000000084800000, 0x0000000084900000|  0%| F|  |TAMS 0x0000000084800000, 0x0000000084800000| Untracked 
|  73|0x0000000084900000, 0x0000000084900000, 0x0000000084a00000|  0%| F|  |TAMS 0x0000000084900000, 0x0000000084900000| Untracked 
|  74|0x0000000084a00000, 0x0000000084a00000, 0x0000000084b00000|  0%| F|  |TAMS 0x0000000084a00000, 0x0000000084a00000| Untracked 
|  75|0x0000000084b00000, 0x0000000084b00000, 0x0000000084c00000|  0%| F|  |TAMS 0x0000000084b00000, 0x0000000084b00000| Untracked 
|  76|0x0000000084c00000, 0x0000000084c00000, 0x0000000084d00000|  0%| F|  |TAMS 0x0000000084c00000, 0x0000000084c00000| Untracked 
|  77|0x0000000084d00000, 0x0000000084d00000, 0x0000000084e00000|  0%| F|  |TAMS 0x0000000084d00000, 0x0000000084d00000| Untracked 
|  78|0x0000000084e00000, 0x0000000084e00000, 0x0000000084f00000|  0%| F|  |TAMS 0x0000000084e00000, 0x0000000084e00000| Untracked 
|  79|0x0000000084f00000, 0x0000000084f00000, 0x0000000085000000|  0%| F|  |TAMS 0x0000000084f00000, 0x0000000084f00000| Untracked 
|  80|0x0000000085000000, 0x0000000085000000, 0x0000000085100000|  0%| F|  |TAMS 0x0000000085000000, 0x0000000085000000| Untracked 
|  81|0x0000000085100000, 0x0000000085100000, 0x0000000085200000|  0%| F|  |TAMS 0x0000000085100000, 0x0000000085100000| Untracked 
|  82|0x0000000085200000, 0x0000000085200000, 0x0000000085300000|  0%| F|  |TAMS 0x0000000085200000, 0x0000000085200000| Untracked 
|  83|0x0000000085300000, 0x0000000085300000, 0x0000000085400000|  0%| F|  |TAMS 0x0000000085300000, 0x0000000085300000| Untracked 
|  84|0x0000000085400000, 0x0000000085400000, 0x0000000085500000|  0%| F|  |TAMS 0x0000000085400000, 0x0000000085400000| Untracked 
|  85|0x0000000085500000, 0x0000000085500000, 0x0000000085600000|  0%| F|  |TAMS 0x0000000085500000, 0x0000000085500000| Untracked 
|  86|0x0000000085600000, 0x0000000085600000, 0x0000000085700000|  0%| F|  |TAMS 0x0000000085600000, 0x0000000085600000| Untracked 
|  87|0x0000000085700000, 0x0000000085700000, 0x0000000085800000|  0%| F|  |TAMS 0x0000000085700000, 0x0000000085700000| Untracked 
|  88|0x0000000085800000, 0x0000000085800000, 0x0000000085900000|  0%| F|  |TAMS 0x0000000085800000, 0x0000000085800000| Untracked 
|  89|0x0000000085900000, 0x0000000085900000, 0x0000000085a00000|  0%| F|  |TAMS 0x0000000085900000, 0x0000000085900000| Untracked 
|  90|0x0000000085a00000, 0x0000000085a00000, 0x0000000085b00000|  0%| F|  |TAMS 0x0000000085a00000, 0x0000000085a00000| Untracked 
|  91|0x0000000085b00000, 0x0000000085b00000, 0x0000000085c00000|  0%| F|  |TAMS 0x0000000085b00000, 0x0000000085b00000| Untracked 
|  92|0x0000000085c00000, 0x0000000085c00000, 0x0000000085d00000|  0%| F|  |TAMS 0x0000000085c00000, 0x0000000085c00000| Untracked 
|  93|0x0000000085d00000, 0x0000000085d00000, 0x0000000085e00000|  0%| F|  |TAMS 0x0000000085d00000, 0x0000000085d00000| Untracked 
|  94|0x0000000085e00000, 0x0000000085e00000, 0x0000000085f00000|  0%| F|  |TAMS 0x0000000085e00000, 0x0000000085e00000| Untracked 
|  95|0x0000000085f00000, 0x0000000085f00000, 0x0000000086000000|  0%| F|  |TAMS 0x0000000085f00000, 0x0000000085f00000| Untracked 
|  96|0x0000000086000000, 0x0000000086000000, 0x0000000086100000|  0%| F|  |TAMS 0x0000000086000000, 0x0000000086000000| Untracked 
|  97|0x0000000086100000, 0x0000000086100000, 0x0000000086200000|  0%| F|  |TAMS 0x0000000086100000, 0x0000000086100000| Untracked 
|  98|0x0000000086200000, 0x0000000086200000, 0x0000000086300000|  0%| F|  |TAMS 0x0000000086200000, 0x0000000086200000| Untracked 
|  99|0x0000000086300000, 0x0000000086300000, 0x0000000086400000|  0%| F|  |TAMS 0x0000000086300000, 0x0000000086300000| Untracked 
| 100|0x0000000086400000, 0x0000000086400000, 0x0000000086500000|  0%| F|  |TAMS 0x0000000086400000, 0x0000000086400000| Untracked 
| 101|0x0000000086500000, 0x0000000086600000, 0x0000000086600000|100%| E|  |TAMS 0x0000000086500000, 0x0000000086500000| Complete 
| 102|0x0000000086600000, 0x0000000086700000, 0x0000000086700000|100%| E|CS|TAMS 0x0000000086600000, 0x0000000086600000| Complete 
| 103|0x0000000086700000, 0x0000000086800000, 0x0000000086800000|100%| E|CS|TAMS 0x0000000086700000, 0x0000000086700000| Complete 
| 104|0x0000000086800000, 0x0000000086900000, 0x0000000086900000|100%| E|CS|TAMS 0x0000000086800000, 0x0000000086800000| Complete 
| 105|0x0000000086900000, 0x000000008691f238, 0x0000000086a00000| 12%| S|CS|TAMS 0x0000000086900000, 0x0000000086900000| Complete 
| 106|0x0000000086a00000, 0x0000000086b00000, 0x0000000086b00000|100%| S|CS|TAMS 0x0000000086a00000, 0x0000000086a00000| Complete 
| 107|0x0000000086b00000, 0x0000000086c00000, 0x0000000086c00000|100%| S|CS|TAMS 0x0000000086b00000, 0x0000000086b00000| Complete 
| 108|0x0000000086c00000, 0x0000000086d00000, 0x0000000086d00000|100%| E|CS|TAMS 0x0000000086c00000, 0x0000000086c00000| Complete 
| 109|0x0000000086d00000, 0x0000000086e00000, 0x0000000086e00000|100%| E|CS|TAMS 0x0000000086d00000, 0x0000000086d00000| Complete 
| 110|0x0000000086e00000, 0x0000000086f00000, 0x0000000086f00000|100%| E|CS|TAMS 0x0000000086e00000, 0x0000000086e00000| Complete 
| 111|0x0000000086f00000, 0x0000000087000000, 0x0000000087000000|100%| E|CS|TAMS 0x0000000086f00000, 0x0000000086f00000| Complete 
| 112|0x0000000087000000, 0x0000000087100000, 0x0000000087100000|100%| E|CS|TAMS 0x0000000087000000, 0x0000000087000000| Complete 
| 113|0x0000000087100000, 0x0000000087200000, 0x0000000087200000|100%| E|CS|TAMS 0x0000000087100000, 0x0000000087100000| Complete 
| 114|0x0000000087200000, 0x0000000087300000, 0x0000000087300000|100%| E|CS|TAMS 0x0000000087200000, 0x0000000087200000| Complete 
| 115|0x0000000087300000, 0x0000000087400000, 0x0000000087400000|100%| E|CS|TAMS 0x0000000087300000, 0x0000000087300000| Complete 
| 116|0x0000000087400000, 0x0000000087500000, 0x0000000087500000|100%| E|CS|TAMS 0x0000000087400000, 0x0000000087400000| Complete 
| 117|0x0000000087500000, 0x0000000087600000, 0x0000000087600000|100%| E|CS|TAMS 0x0000000087500000, 0x0000000087500000| Complete 
| 118|0x0000000087600000, 0x0000000087700000, 0x0000000087700000|100%| E|CS|TAMS 0x0000000087600000, 0x0000000087600000| Complete 
| 119|0x0000000087700000, 0x0000000087800000, 0x0000000087800000|100%| E|CS|TAMS 0x0000000087700000, 0x0000000087700000| Complete 
| 120|0x0000000087800000, 0x0000000087900000, 0x0000000087900000|100%| E|CS|TAMS 0x0000000087800000, 0x0000000087800000| Complete 
| 121|0x0000000087900000, 0x0000000087a00000, 0x0000000087a00000|100%| E|CS|TAMS 0x0000000087900000, 0x0000000087900000| Complete 
| 122|0x0000000087a00000, 0x0000000087b00000, 0x0000000087b00000|100%| E|CS|TAMS 0x0000000087a00000, 0x0000000087a00000| Complete 
| 123|0x0000000087b00000, 0x0000000087c00000, 0x0000000087c00000|100%| E|CS|TAMS 0x0000000087b00000, 0x0000000087b00000| Complete 
| 124|0x0000000087c00000, 0x0000000087d00000, 0x0000000087d00000|100%| E|CS|TAMS 0x0000000087c00000, 0x0000000087c00000| Complete 
| 125|0x0000000087d00000, 0x0000000087e00000, 0x0000000087e00000|100%| E|CS|TAMS 0x0000000087d00000, 0x0000000087d00000| Complete 
| 126|0x0000000087e00000, 0x0000000087f00000, 0x0000000087f00000|100%| E|CS|TAMS 0x0000000087e00000, 0x0000000087e00000| Complete 
| 127|0x0000000087f00000, 0x0000000088000000, 0x0000000088000000|100%| E|CS|TAMS 0x0000000087f00000, 0x0000000087f00000| Complete 

Card table byte_map: [0x00000159f9d00000,0x00000159fa100000] _byte_map_base: 0x00000159f9900000

Marking Bits (Prev, Next): (CMBitMap*) 0x00000159e167e8d8, (CMBitMap*) 0x00000159e167e910
 Prev Bits: [0x00000159fa500000, 0x00000159fc500000)
 Next Bits: [0x00000159fc500000, 0x00000159fe500000)

Polling page: 0x00000159e1540000

Metaspace:

Usage:
  Non-class:     16.77 MB capacity,    16.56 MB ( 99%) used,   196.91 KB (  1%) free+waste,    20.56 KB ( <1%) overhead. 
      Class:      2.13 MB capacity,     2.01 MB ( 95%) used,   109.40 KB (  5%) free+waste,     8.44 KB ( <1%) overhead. 
       Both:     18.90 MB capacity,    18.57 MB ( 98%) used,   306.30 KB (  2%) free+waste,    29.00 KB ( <1%) overhead. 

Virtual space:
  Non-class space:       18.00 MB reserved,      17.00 MB ( 94%) committed 
      Class space:        1.00 GB reserved,       2.25 MB ( <1%) committed 
             Both:        1.02 GB reserved,      19.25 MB (  2%) committed 

Chunk freelists:
   Non-Class:  5.25 KB
       Class:  3.75 KB
        Both:  9.00 KB

CodeHeap 'non-profiled nmethods': size=120064Kb used=714Kb max_used=714Kb free=119349Kb
 bounds [0x00000159f1fc0000, 0x00000159f2230000, 0x00000159f9500000]
CodeHeap 'profiled nmethods': size=120000Kb used=4211Kb max_used=4211Kb free=115788Kb
 bounds [0x00000159eaa90000, 0x00000159eaeb0000, 0x00000159f1fc0000]
CodeHeap 'non-nmethods': size=5696Kb used=1115Kb max_used=1150Kb free=4580Kb
 bounds [0x00000159ea500000, 0x00000159ea770000, 0x00000159eaa90000]
 total_blobs=2472 nmethods=2058 adapters=325
 compilation: enabled
              stopped_count=0, restarted_count=0
 full_count=0

Compilation events (10 events):
Event: 3.110 Thread 0x00000159fe937000 nmethod 2048 0x00000159eaea2b90 code [0x00000159eaea2d60, 0x00000159eaea30e8]
Event: 3.111 Thread 0x00000159fe937000 2049       3       java.util.regex.Pattern$$Lambda$8/0x00000001000b0440::is (5 bytes)
Event: 3.111 Thread 0x00000159fe937000 nmethod 2049 0x00000159eaea3290 code [0x00000159eaea3440, 0x00000159eaea36b8]
Event: 3.111 Thread 0x00000159fe937000 2050       3       java.util.regex.Pattern::lambda$DOT$5 (34 bytes)
Event: 3.111 Thread 0x00000159fe937000 nmethod 2050 0x00000159eaea3790 code [0x00000159eaea3920, 0x00000159eaea3b18]
Event: 3.114 Thread 0x00000159fe932000 2051       4       org.eclipse.sisu.inject.TypeArguments::isAssignableFrom (158 bytes)
Event: 3.116 Thread 0x00000159fe932000 nmethod 2051 0x00000159f2071e10 code [0x00000159f2071fa0, 0x00000159f20720b8]
Event: 3.124 Thread 0x00000159fe937000 2052       3       java.lang.Character::codePointBefore (48 bytes)
Event: 3.124 Thread 0x00000159fe937000 nmethod 2052 0x00000159eaea3b90 code [0x00000159eaea3d60, 0x00000159eaea42f8]
Event: 3.131 Thread 0x00000159fe932000 2053       4       java.util.jar.JarFile::maybeInstantiateVerifier (112 bytes)

GC Heap History (8 events):
Event: 0.730 GC heap before
{Heap before GC invocations=0 (full 0):
 garbage-first heap   total 131072K, used 6144K [0x0000000080000000, 0x0000000100000000)
  region size 1024K, 7 young (7168K), 0 survivors (0K)
 Metaspace       used 7784K, capacity 7933K, committed 8064K, reserved 1056768K
  class space    used 680K, capacity 772K, committed 896K, reserved 1048576K
}
Event: 0.734 GC heap after
{Heap after GC invocations=1 (full 0):
 garbage-first heap   total 131072K, used 2096K [0x0000000080000000, 0x0000000100000000)
  region size 1024K, 1 young (1024K), 1 survivors (1024K)
 Metaspace       used 7784K, capacity 7933K, committed 8064K, reserved 1056768K
  class space    used 680K, capacity 772K, committed 896K, reserved 1048576K
}
Event: 1.021 GC heap before
{Heap before GC invocations=1 (full 0):
 garbage-first heap   total 131072K, used 7216K [0x0000000080000000, 0x0000000100000000)
  region size 1024K, 6 young (6144K), 1 survivors (1024K)
 Metaspace       used 10183K, capacity 10376K, committed 10624K, reserved 1058816K
  class space    used 955K, capacity 1056K, committed 1152K, reserved 1048576K
}
Event: 1.027 GC heap after
{Heap after GC invocations=2 (full 0):
 garbage-first heap   total 131072K, used 3103K [0x0000000080000000, 0x0000000100000000)
  region size 1024K, 1 young (1024K), 1 survivors (1024K)
 Metaspace       used 10183K, capacity 10376K, committed 10624K, reserved 1058816K
  class space    used 955K, capacity 1056K, committed 1152K, reserved 1048576K
}
Event: 1.465 GC heap before
{Heap before GC invocations=2 (full 0):
 garbage-first heap   total 131072K, used 16415K [0x0000000080000000, 0x0000000100000000)
  region size 1024K, 14 young (14336K), 1 survivors (1024K)
 Metaspace       used 12396K, capacity 12596K, committed 12672K, reserved 1060864K
  class space    used 1254K, capacity 1348K, committed 1408K, reserved 1048576K
}
Event: 1.470 GC heap after
{Heap after GC invocations=3 (full 0):
 garbage-first heap   total 131072K, used 3709K [0x0000000080000000, 0x0000000100000000)
  region size 1024K, 2 young (2048K), 2 survivors (2048K)
 Metaspace       used 12396K, capacity 12596K, committed 12672K, reserved 1060864K
  class space    used 1254K, capacity 1348K, committed 1408K, reserved 1048576K
}
Event: 1.966 GC heap before
{Heap before GC invocations=3 (full 0):
 garbage-first heap   total 131072K, used 22141K [0x0000000080000000, 0x0000000100000000)
  region size 1024K, 20 young (20480K), 2 survivors (2048K)
 Metaspace       used 14388K, capacity 14583K, committed 14720K, reserved 1062912K
  class space    used 1504K, capacity 1581K, committed 1664K, reserved 1048576K
}
Event: 1.972 GC heap after
{Heap after GC invocations=4 (full 0):
 garbage-first heap   total 131072K, used 4304K [0x0000000080000000, 0x0000000100000000)
  region size 1024K, 3 young (3072K), 3 survivors (3072K)
 Metaspace       used 14388K, capacity 14583K, committed 14720K, reserved 1062912K
  class space    used 1504K, capacity 1581K, committed 1664K, reserved 1048576K
}

Deoptimization events (10 events):
Event: 1.591 Thread 0x00000159e169b800 Uncommon trap: reason=unstable_if action=reinterpret pc=0x00000159f1ffb968 method=java.util.HashMap.getNode(ILjava/lang/Object;)Ljava/util/HashMap$Node; @ 129 c2
Event: 1.611 Thread 0x00000159e169b800 Uncommon trap: reason=class_check action=maybe_recompile pc=0x00000159f201e878 method=java.util.HashMap.putVal(ILjava/lang/Object;Ljava/lang/Object;ZZ)Ljava/lang/Object; @ 203 c2
Event: 1.625 Thread 0x00000159e169b800 Uncommon trap: reason=class_check action=maybe_recompile pc=0x00000159f201e878 method=java.util.HashMap.putVal(ILjava/lang/Object;Ljava/lang/Object;ZZ)Ljava/lang/Object; @ 203 c2
Event: 1.710 Thread 0x00000159e169b800 Uncommon trap: reason=unstable_if action=reinterpret pc=0x00000159f201fcb0 method=java.lang.String.<init>([CIILjava/lang/Void;)V @ 5 c2
Event: 1.838 Thread 0x00000159e169b800 Uncommon trap: reason=class_check action=maybe_recompile pc=0x00000159f201e878 method=java.util.HashMap.putVal(ILjava/lang/Object;Ljava/lang/Object;ZZ)Ljava/lang/Object; @ 203 c2
Event: 2.834 Thread 0x00000159e169b800 Uncommon trap: reason=unstable_if action=reinterpret pc=0x00000159f1fd9d5c method=java.lang.String.startsWith(Ljava/lang/String;I)Z @ 1 c2
Event: 2.985 Thread 0x00000159e169b800 Uncommon trap: reason=unstable_if action=reinterpret pc=0x00000159f2010a38 method=sun.nio.cs.StreamDecoder.implRead([CII)I @ 36 c2
Event: 2.985 Thread 0x00000159e169b800 Uncommon trap: reason=unstable_if action=reinterpret pc=0x00000159f201ad54 method=sun.nio.cs.StreamDecoder.implRead([CII)I @ 36 c2
Event: 3.104 Thread 0x00000159e169b800 Uncommon trap: reason=null_check action=make_not_entrant pc=0x00000159f206b580 method=java.net.URL.getURLStreamHandler(Ljava/lang/String;)Ljava/net/URLStreamHandler; @ 7 c2
Event: 3.108 Thread 0x00000159e169b800 Uncommon trap: reason=unstable_if action=reinterpret pc=0x00000159f206fd40 method=sun.net.util.IPAddressUtil.scan(Ljava/lang/String;JJ[C)I @ 14 c2

Classes redefined (0 events):
No events

Internal exceptions (10 events):
Event: 0.555 Thread 0x00000159e169b800 Exception <a 'java/lang/NullPointerException'{0x0000000087b0a928}> (0x0000000087b0a928) thrown at [./open/src/hotspot/share/interpreter/linkResolver.cpp, line 1354]
Event: 0.558 Thread 0x00000159e169b800 Exception <a 'java/lang/NullPointerException'{0x0000000087b21d80}> (0x0000000087b21d80) thrown at [./open/src/hotspot/share/interpreter/linkResolver.cpp, line 1354]
Event: 0.558 Thread 0x00000159e169b800 Exception <a 'java/lang/NullPointerException'{0x0000000087b22050}> (0x0000000087b22050) thrown at [./open/src/hotspot/share/interpreter/linkResolver.cpp, line 1354]
Event: 0.558 Thread 0x00000159e169b800 Exception <a 'java/lang/NullPointerException'{0x0000000087b22320}> (0x0000000087b22320) thrown at [./open/src/hotspot/share/interpreter/linkResolver.cpp, line 1354]
Event: 0.558 Thread 0x00000159e169b800 Exception <a 'java/lang/NullPointerException'{0x0000000087b225f0}> (0x0000000087b225f0) thrown at [./open/src/hotspot/share/interpreter/linkResolver.cpp, line 1354]
Event: 1.252 Thread 0x00000159e169b800 Exception <a 'java/lang/NoClassDefFoundError'{0x0000000087868f58}: javax/enterprise/inject/Typed> (0x0000000087868f58) thrown at [./open/src/hotspot/share/classfile/systemDictionary.cpp, line 215]
Event: 2.589 Thread 0x00000159e169b800 Exception <a 'java/lang/NoClassDefFoundError'{0x0000000086e90168}: com/google/inject/servlet/ServletModuleTargetVisitor> (0x0000000086e90168) thrown at [./open/src/hotspot/share/classfile/systemDictionary.cpp, line 215]
Event: 2.589 Thread 0x00000159e169b800 Exception <a 'java/lang/NoClassDefFoundError'{0x0000000086e90168}> (0x0000000086e90168) thrown at [./open/src/hotspot/share/prims/jvm.cpp, line 1309]
Event: 2.851 Thread 0x00000159e169b800 Exception <a 'java/lang/NoSuchMethodError'{0x0000000086ddeee0}: java.lang.invoke.DirectMethodHandle$Holder.invokeStaticInit(Ljava/lang/Object;IIII)Ljava/lang/Object;> (0x0000000086ddeee0) thrown at [./open/src/hotspot/share/interpreter/linkResolver.cpp, l
Event: 3.104 Thread 0x00000159e169b800 Implicit null exception at 0x00000159f20684e4 to 0x00000159f206b570

Events (10 events):
Event: 3.129 loading class java/util/EnumSet
Event: 3.130 loading class java/util/EnumSet done
Event: 3.130 loading class java/util/RegularEnumSet
Event: 3.131 loading class java/util/RegularEnumSet done
Event: 3.131 loading class org/apache/maven/model/building/FileModelSource
Event: 3.131 loading class org/apache/maven/model/building/FileModelSource done
Event: 3.132 loading class org/apache/maven/model/building/ModelSource2
Event: 3.132 loading class org/apache/maven/model/building/ModelSource2 done
Event: 3.134 loading class org/apache/maven/model/io/xpp3/MavenXpp3ReaderEx
Event: 3.134 loading class org/apache/maven/model/io/xpp3/MavenXpp3ReaderEx done


Dynamic libraries:
0x00007ff6325f0000 - 0x00007ff6325ff000 	C:\Program Files\Java\jdk-11.0.16\bin\java.exe
0x00007ffbf1eb0000 - 0x00007ffbf20a8000 	C:\Windows\SYSTEM32\ntdll.dll
0x00007ffbf0220000 - 0x00007ffbf02dd000 	C:\Windows\System32\KERNEL32.DLL
0x00007ffbef6c0000 - 0x00007ffbef992000 	C:\Windows\System32\KERNELBASE.dll
0x00007ffbef5c0000 - 0x00007ffbef6c0000 	C:\Windows\System32\ucrtbase.dll
0x00007ffbca0b0000 - 0x00007ffbca0c8000 	C:\Program Files\Java\jdk-11.0.16\bin\jli.dll
0x00007ffbf0600000 - 0x00007ffbf06ae000 	C:\Windows\System32\ADVAPI32.dll
0x00007ffbeffe0000 - 0x00007ffbf007e000 	C:\Windows\System32\msvcrt.dll
0x00007ffbc9fc0000 - 0x00007ffbc9fd5000 	C:\Program Files\Java\jdk-11.0.16\bin\VCRUNTIME140.dll
0x00007ffbf1420000 - 0x00007ffbf14bc000 	C:\Windows\System32\sechost.dll
0x00007ffbf14c0000 - 0x00007ffbf15e5000 	C:\Windows\System32\RPCRT4.dll
0x00007ffbf0080000 - 0x00007ffbf021d000 	C:\Windows\System32\USER32.dll
0x00007ffbefb00000 - 0x00007ffbefb22000 	C:\Windows\System32\win32u.dll
0x00007ffbd78d0000 - 0x00007ffbd7b6a000 	C:\Windows\WinSxS\amd64_microsoft.windows.common-controls_6595b64144ccf1df_6.0.19041.1110_none_60b5254171f9507e\COMCTL32.dll
0x00007ffbf16f0000 - 0x00007ffbf171b000 	C:\Windows\System32\GDI32.dll
0x00007ffbef9a0000 - 0x00007ffbefaaf000 	C:\Windows\System32\gdi32full.dll
0x00007ffbefdd0000 - 0x00007ffbefe6d000 	C:\Windows\System32\msvcp_win.dll
0x00007ffbe5d70000 - 0x00007ffbe5d7a000 	C:\Windows\SYSTEM32\VERSION.dll
0x00007ffbf1610000 - 0x00007ffbf1640000 	C:\Windows\System32\IMM32.DLL
0x00007ffbc5070000 - 0x00007ffbc510b000 	C:\Program Files\Java\jdk-11.0.16\bin\msvcp140.dll
0x00007ffb83de0000 - 0x00007ffb848f8000 	C:\Program Files\Java\jdk-11.0.16\bin\server\jvm.dll
0x00007ffbf1600000 - 0x00007ffbf1608000 	C:\Windows\System32\PSAPI.DLL
0x00007ffbea360000 - 0x00007ffbea369000 	C:\Windows\SYSTEM32\WSOCK32.dll
0x00007ffbf0e10000 - 0x00007ffbf0e7b000 	C:\Windows\System32\WS2_32.dll
0x00007ffbcc830000 - 0x00007ffbcc857000 	C:\Windows\SYSTEM32\WINMM.dll
0x00007ffbed460000 - 0x00007ffbed472000 	C:\Windows\SYSTEM32\kernel.appcore.dll
0x00007ffbd34b0000 - 0x00007ffbd34c0000 	C:\Program Files\Java\jdk-11.0.16\bin\verify.dll
0x00007ffbe1d70000 - 0x00007ffbe1f54000 	C:\Windows\SYSTEM32\DBGHELP.DLL
0x00007ffbe24c0000 - 0x00007ffbe24ec000 	C:\Windows\SYSTEM32\dbgcore.DLL
0x00007ffbefd40000 - 0x00007ffbefdc2000 	C:\Windows\System32\bcryptPrimitives.dll
0x00007ffbc7cc0000 - 0x00007ffbc7ce8000 	C:\Program Files\Java\jdk-11.0.16\bin\java.dll
0x00007ffbd3260000 - 0x00007ffbd326a000 	C:\Program Files\Java\jdk-11.0.16\bin\jimage.dll
0x00007ffbc7ca0000 - 0x00007ffbc7cb6000 	C:\Program Files\Java\jdk-11.0.16\bin\zip.dll
0x00007ffbf1720000 - 0x00007ffbf1e63000 	C:\Windows\System32\SHELL32.dll
0x00007ffbed660000 - 0x00007ffbeddf1000 	C:\Windows\SYSTEM32\windows.storage.dll
0x00007ffbf0e80000 - 0x00007ffbf11d4000 	C:\Windows\System32\combase.dll
0x00007ffbeee60000 - 0x00007ffbeee90000 	C:\Windows\SYSTEM32\Wldp.dll
0x00007ffbf1640000 - 0x00007ffbf16ed000 	C:\Windows\System32\SHCORE.dll
0x00007ffbf06b0000 - 0x00007ffbf0705000 	C:\Windows\System32\shlwapi.dll
0x00007ffbef500000 - 0x00007ffbef51f000 	C:\Windows\SYSTEM32\profapi.dll
0x00007ffbc7ba0000 - 0x00007ffbc7bb9000 	C:\Program Files\Java\jdk-11.0.16\bin\net.dll
0x00007ffbe6d20000 - 0x00007ffbe6e2d000 	C:\Windows\SYSTEM32\WINHTTP.dll
0x00007ffbeec40000 - 0x00007ffbeecaa000 	C:\Windows\system32\mswsock.dll
0x00007ffbc7b80000 - 0x00007ffbc7b92000 	C:\Program Files\Java\jdk-11.0.16\bin\nio.dll
0x0000000069ac0000 - 0x0000000069ae4000 	C:\Users\sfjbs\Downloads\micro service-20221001T123314Z-001\micro service\apache-maven-3.8.5-bin\apache-maven-3.8.5\lib\jansi-native\Windows\x86_64\jansi.dll

dbghelp: loaded successfully - version: 4.0.5 - missing functions: none
symbol engine: initialized successfully - sym options: 0x614 - pdb path: .;C:\Program Files\Java\jdk-11.0.16\bin;C:\Windows\SYSTEM32;C:\Windows\WinSxS\amd64_microsoft.windows.common-controls_6595b64144ccf1df_6.0.19041.1110_none_60b5254171f9507e;C:\Program Files\Java\jdk-11.0.16\bin\server;C:\Users\sfjbs\Downloads\micro service-20221001T123314Z-001\micro service\apache-maven-3.8.5-bin\apache-maven-3.8.5\lib\jansi-native\Windows\x86_64

VM Arguments:
jvm_args: -Dclassworlds.conf=C:\Users\sfjbs\Downloads\micro service-20221001T123314Z-001\micro service\apache-maven-3.8.5-bin\apache-maven-3.8.5\bin\m2.conf -Dmaven.home=C:\Users\sfjbs\Downloads\micro service-20221001T123314Z-001\micro service\apache-maven-3.8.5-bin\apache-maven-3.8.5 -Dlibrary.jansi.path=C:\Users\sfjbs\Downloads\micro service-20221001T123314Z-001\micro service\apache-maven-3.8.5-bin\apache-maven-3.8.5\lib\jansi-native -Dmaven.multiModuleProjectDirectory=C:\Users\sfjbs\IdeaProjects\training\sriprabha\Day11\eureka-app\student-service 
java_command: org.codehaus.plexus.classworlds.launcher.Launcher spring-boot:run
java_class_path (initial): C:\Users\sfjbs\Downloads\micro service-20221001T123314Z-001\micro service\apache-maven-3.8.5-bin\apache-maven-3.8.5\boot\plexus-classworlds-2.6.0.jar
Launcher Type: SUN_STANDARD

[Global flags]
     intx CICompilerCount                          = 2                                         {product} {ergonomic}
     uint ConcGCThreads                            = 1                                         {product} {ergonomic}
     uint G1ConcRefinementThreads                  = 2                                         {product} {ergonomic}
   size_t G1HeapRegionSize                         = 1048576                                   {product} {ergonomic}
    uintx GCDrainStackTargetSize                   = 64                                        {product} {ergonomic}
   size_t InitialHeapSize                          = 134217728                                 {product} {ergonomic}
   size_t MarkStackSize                            = 4194304                                   {product} {ergonomic}
   size_t MaxHeapSize                              = 2147483648                                {product} {ergonomic}
   size_t MaxNewSize                               = 1287651328                                {product} {ergonomic}
   size_t MinHeapDeltaBytes                        = 1048576                                   {product} {ergonomic}
    uintx NonNMethodCodeHeapSize                   = 5825164                                {pd product} {ergonomic}
    uintx NonProfiledCodeHeapSize                  = 122916538                              {pd product} {ergonomic}
    uintx ProfiledCodeHeapSize                     = 122916538                              {pd product} {ergonomic}
    uintx ReservedCodeCacheSize                    = 251658240                              {pd product} {ergonomic}
     bool SegmentedCodeCache                       = true                                      {product} {ergonomic}
     bool UseCompressedClassPointers               = true                                 {lp64_product} {ergonomic}
     bool UseCompressedOops                        = true                                 {lp64_product} {ergonomic}
     bool UseG1GC                                  = true                                      {product} {ergonomic}
     bool UseLargePagesIndividualAllocation        = false                                  {pd product} {ergonomic}

Logging:
Log output configuration:
 #0: stdout all=warning uptime,level,tags
 #1: stderr all=off uptime,level,tags

Environment Variables:
PATH=C:\Program Files\Common Files\Oracle\Java\javapath;C:\Windows\system32;C:\Windows;C:\Windows\System32\Wbem;C:\Windows\System32\WindowsPowerShell\v1.0\;C:\Windows\System32\OpenSSH\;C:\Users\sfjbs\Downloads\micro service-20221001T123314Z-001\micro service\apache-maven-3.8.5-bin\apache-maven-3.8.5\bin;C:\Users\sfjbs\Downloads\micro service-20221001T123314Z-001\micro service\apache-maven-3.8.5-bin\apache-maven-3.8.5\lib;C:\Program Files\Docker\Docker\resources\bin;C:\ProgramData\DockerDesktop\version-bin;C:\Program Files\Git\cmd;C:\Users\sfjbs\AppData\Local\Microsoft\WindowsApps;C:\Users\sfjbs\Downloads\micro service-20221001T123314Z-001\micro service\apache-maven-3.8.5-bin\apache-maven-3.8.5\bin;C:\Users\sfjbs\Downloads\micro service-20221001T123314Z-001\micro service\apache-maven-3.8.5-bin\apache-maven-3.8.5\lib;;C:\Program Files\JetBrains\IntelliJ IDEA Community Edition 2022.2.1\bin;
USERNAME=sfjbs
OS=Windows_NT
PROCESSOR_IDENTIFIER=Intel64 Family 6 Model 85 Stepping 7, GenuineIntel



---------------  S Y S T E M  ---------------

OS: Windows 10 , 64 bit Build 19041 (10.0.19041.1889)
Hyper-V role detected

CPU:total 2 (initial active 2) (1 cores per cpu, 2 threads per core) family 6 model 85 stepping 7 microcode 0xffffffff, cmov, cx8, fxsr, mmx, sse, sse2, sse3, ssse3, sse4.1, sse4.2, popcnt, avx, avx2, aes, clmul, erms, rtm, 3dnowpref, lzcnt, ht, tsc, bmi1, bmi2, adx, evex, fma

Memory: 4k page, system-wide physical 8190M (361M free)
TotalPageFile size 10238M (AvailPageFile size 3M)
current process WorkingSet (physical memory assigned to process): 101M, peak: 101M
current process commit charge ("private bytes"): 231M, peak: 235M

vm_info: Java HotSpot(TM) 64-Bit Server VM (11.0.16+11-LTS-199) for windows-amd64 JRE (11.0.16+11-LTS-199), built on Jun 28 2022 08:23:17 by "mach5one" with MS VC++ 15.9 (VS2017)

END.
