#
# There is insufficient memory for the Java Runtime Environment to continue.
# Native memory allocation (malloc) failed to allocate 962496 bytes for Chunk::new
# Possible reasons:
#   The system is out of physical RAM or swap space
#   The process is running with CompressedOops enabled, and the Java Heap may be blocking the growth of the native heap
# Possible solutions:
#   Reduce memory load on the system
#   Increase physical memory or swap space
#   Check if swap backing store is full
#   Decrease Java heap size (-Xmx/-Xms)
#   Decrease number of Java threads
#   Decrease Java thread stack sizes (-Xss)
#   Set larger code cache with -XX:ReservedCodeCacheSize=
#   JVM is running with Unscaled Compressed Oops mode in which the Java heap is
#     placed in the first 4GB address space. The Java Heap base address is the
#     maximum limit for the native heap growth. Please use -XX:HeapBaseMinAddress
#     to set the Java Heap base and to place the Java Heap above 4GB virtual address.
# This output file may be truncated or incomplete.
#
#  Out of Memory Error (./open/src/hotspot/share/memory/arena.cpp:197), pid=12312, tid=11456
#
# JRE version: Java(TM) SE Runtime Environment 18.9 (11.0.16+11) (build 11.0.16+11-LTS-199)
# Java VM: Java HotSpot(TM) 64-Bit Server VM 18.9 (11.0.16+11-LTS-199, mixed mode, tiered, compressed oops, g1 gc, windows-amd64)
# No core dump will be written. Minidumps are not enabled by default on client versions of Windows
#

---------------  S U M M A R Y ------------

Command Line: -Dclassworlds.conf=C:\Users\sfjbs\Downloads\micro service-20221001T105859Z-001\micro service\apache-maven-3.8.5-bin\apache-maven-3.8.5\bin\m2.conf -Dmaven.home=C:\Users\sfjbs\Downloads\micro service-20221001T105859Z-001\micro service\apache-maven-3.8.5-bin\apache-maven-3.8.5 -Dlibrary.jansi.path=C:\Users\sfjbs\Downloads\micro service-20221001T105859Z-001\micro service\apache-maven-3.8.5-bin\apache-maven-3.8.5\lib\jansi-native -Dmaven.multiModuleProjectDirectory=C:\Users\sfjbs\Desktop\New folder\Day13\pension-management-system org.codehaus.plexus.classworlds.launcher.Launcher install dockerfile:build

Host: Intel(R) Xeon(R) Platinum 8370C CPU @ 2.80GHz, 2 cores, 7G,  Windows 10 , 64 bit Build 19041 (10.0.19041.1889)
Time: Tue Nov  1 11:17:12 2022 Coordinated Universal Time elapsed time: 9.155749 seconds (0d 0h 0m 9s)

---------------  T H R E A D  ---------------

Current thread (0x0000026028480000):  JavaThread "C2 CompilerThread0" daemon [_thread_in_native, id=11456, stack(0x000000ff76200000,0x000000ff76300000)]


Current CompileTask:
C2:   9155 4853   !   4       com.sun.tools.javac.jvm.ClassReader::classSigToType (498 bytes)

Stack: [0x000000ff76200000,0x000000ff76300000]
Native frames: (J=compiled Java code, j=interpreted, Vv=VM code, C=native code)
V  [jvm.dll+0x62a3ea]
V  [jvm.dll+0x76418f]
V  [jvm.dll+0x765839]
V  [jvm.dll+0x765ec3]
V  [jvm.dll+0x23da98]
V  [jvm.dll+0xb2a1c]
V  [jvm.dll+0xb2fdc]
V  [jvm.dll+0x2ae814]
V  [jvm.dll+0x53d97b]
V  [jvm.dll+0x1fa119]
V  [jvm.dll+0x1f756d]
V  [jvm.dll+0x177c81]
V  [jvm.dll+0x207006]
V  [jvm.dll+0x20519b]
V  [jvm.dll+0x729fa0]
V  [jvm.dll+0x722b74]
V  [jvm.dll+0x629286]
C  [ucrtbase.dll+0x21bb2]
C  [KERNEL32.DLL+0x17034]
C  [ntdll.dll+0x526a1]


---------------  P R O C E S S  ---------------

Threads class SMR info:
_java_thread_list=0x0000026028f2f240, length=10, elements={
0x000002600a966000, 0x000002602845e000, 0x000002602845f800, 0x000002602847a000,
0x000002602847c800, 0x000002602847f000, 0x0000026028480000, 0x0000026028484000,
0x0000026028e40000, 0x0000026028f5c000
}

Java Threads: ( => current thread )
  0x000002600a966000 JavaThread "main" [_thread_in_native, id=8416, stack(0x000000ff75600000,0x000000ff75700000)]
  0x000002602845e000 JavaThread "Reference Handler" daemon [_thread_blocked, id=13080, stack(0x000000ff75d00000,0x000000ff75e00000)]
  0x000002602845f800 JavaThread "Finalizer" daemon [_thread_blocked, id=10672, stack(0x000000ff75e00000,0x000000ff75f00000)]
  0x000002602847a000 JavaThread "Signal Dispatcher" daemon [_thread_blocked, id=11108, stack(0x000000ff75f00000,0x000000ff76000000)]
  0x000002602847c800 JavaThread "Attach Listener" daemon [_thread_blocked, id=10680, stack(0x000000ff76000000,0x000000ff76100000)]
  0x000002602847f000 JavaThread "Service Thread" daemon [_thread_blocked, id=14324, stack(0x000000ff76100000,0x000000ff76200000)]
=>0x0000026028480000 JavaThread "C2 CompilerThread0" daemon [_thread_in_native, id=11456, stack(0x000000ff76200000,0x000000ff76300000)]
  0x0000026028484000 JavaThread "C1 CompilerThread0" daemon [_thread_in_native, id=12104, stack(0x000000ff76300000,0x000000ff76400000)]
  0x0000026028e40000 JavaThread "Sweeper thread" daemon [_thread_blocked, id=10460, stack(0x000000ff76400000,0x000000ff76500000)]
  0x0000026028f5c000 JavaThread "Common-Cleaner" daemon [_thread_blocked, id=13652, stack(0x000000ff76600000,0x000000ff76700000)]

Other Threads:
  0x000002602845b800 VMThread "VM Thread" [stack: 0x000000ff75c00000,0x000000ff75d00000] [id=3696]
  0x0000026028f54800 WatcherThread [stack: 0x000000ff76500000,0x000000ff76600000] [id=5804]
  0x000002600a97b800 GCTaskThread "GC Thread#0" [stack: 0x000000ff75700000,0x000000ff75800000] [id=11976]
  0x000002602936d800 GCTaskThread "GC Thread#1" [stack: 0x000000ff76700000,0x000000ff76800000] [id=7380]
  0x000002600a9aa800 ConcurrentGCThread "G1 Main Marker" [stack: 0x000000ff75800000,0x000000ff75900000] [id=3768]
  0x000002600a9ad000 ConcurrentGCThread "G1 Conc#0" [stack: 0x000000ff75900000,0x000000ff75a00000] [id=11256]
  0x000002600aa35000 ConcurrentGCThread "G1 Refine#0" [stack: 0x000000ff75a00000,0x000000ff75b00000] [id=10976]
  0x000002600aa37000 ConcurrentGCThread "G1 Young RemSet Sampling" [stack: 0x000000ff75b00000,0x000000ff75c00000] [id=8420]

Threads with active compile tasks:
C2 CompilerThread0     9187 4853   !   4       com.sun.tools.javac.jvm.ClassReader::classSigToType (498 bytes)
C1 CompilerThread0     9187 4937       3       com.sun.tools.javac.code.Kinds$KindSelector::<init> (11 bytes)

VM state:not at safepoint (normal execution)

VM Mutex/Monitor currently owned by a thread: None

Heap address: 0x0000000080000000, size: 2048 MB, Compressed Oops mode: 32-bit
Narrow klass base: 0x0000000000000000, Narrow klass shift: 3
Compressed class space size: 1073741824 Address: 0x0000000100000000

Heap:
 garbage-first heap   total 157696K, used 66319K [0x0000000080000000, 0x0000000100000000)
  region size 1024K, 54 young (55296K), 9 survivors (9216K)
 Metaspace       used 31143K, capacity 31665K, committed 32000K, reserved 1077248K
  class space    used 3287K, capacity 3484K, committed 3584K, reserved 1048576K
Heap Regions: E=young(eden), S=young(survivor), O=old, HS=humongous(starts), HC=humongous(continues), CS=collection set, F=free, A=archive, TAMS=top-at-mark-start (previous, next)
|   0|0x0000000080000000, 0x0000000080100000, 0x0000000080100000|100%| O|  |TAMS 0x0000000080100000, 0x0000000080000000| Untracked 
|   1|0x0000000080100000, 0x0000000080200000, 0x0000000080200000|100%| O|  |TAMS 0x0000000080200000, 0x0000000080100000| Untracked 
|   2|0x0000000080200000, 0x0000000080300000, 0x0000000080300000|100%| O|  |TAMS 0x0000000080217e00, 0x0000000080200000| Untracked 
|   3|0x0000000080300000, 0x0000000080400000, 0x0000000080400000|100%|HS|  |TAMS 0x0000000080300000, 0x0000000080300000| Complete 
|   4|0x0000000080400000, 0x0000000080500000, 0x0000000080500000|100%|HS|  |TAMS 0x0000000080400000, 0x0000000080400000| Complete 
|   5|0x0000000080500000, 0x0000000080600000, 0x0000000080600000|100%| O|  |TAMS 0x0000000080500000, 0x0000000080500000| Untracked 
|   6|0x0000000080600000, 0x0000000080700000, 0x0000000080700000|100%| O|  |TAMS 0x0000000080600000, 0x0000000080600000| Untracked 
|   7|0x0000000080700000, 0x0000000080800000, 0x0000000080800000|100%| O|  |TAMS 0x0000000080700000, 0x0000000080700000| Untracked 
|   8|0x0000000080800000, 0x0000000080900000, 0x0000000080900000|100%| O|  |TAMS 0x0000000080800000, 0x0000000080800000| Untracked 
|   9|0x0000000080900000, 0x0000000080a00000, 0x0000000080a00000|100%| O|  |TAMS 0x0000000080900000, 0x0000000080900000| Untracked 
|  10|0x0000000080a00000, 0x0000000080b00000, 0x0000000080b00000|100%| O|  |TAMS 0x0000000080a00000, 0x0000000080a00000| Untracked 
|  11|0x0000000080b00000, 0x0000000080bc3e00, 0x0000000080c00000| 76%| O|  |TAMS 0x0000000080b00000, 0x0000000080b00000| Untracked 
|  12|0x0000000080c00000, 0x0000000080c00000, 0x0000000080d00000|  0%| F|  |TAMS 0x0000000080c00000, 0x0000000080c00000| Untracked 
|  13|0x0000000080d00000, 0x0000000080d00000, 0x0000000080e00000|  0%| F|  |TAMS 0x0000000080d00000, 0x0000000080d00000| Untracked 
|  14|0x0000000080e00000, 0x0000000080e00000, 0x0000000080f00000|  0%| F|  |TAMS 0x0000000080e00000, 0x0000000080e00000| Untracked 
|  15|0x0000000080f00000, 0x0000000080f00000, 0x0000000081000000|  0%| F|  |TAMS 0x0000000080f00000, 0x0000000080f00000| Untracked 
|  16|0x0000000081000000, 0x0000000081000000, 0x0000000081100000|  0%| F|  |TAMS 0x0000000081000000, 0x0000000081000000| Untracked 
|  17|0x0000000081100000, 0x0000000081100000, 0x0000000081200000|  0%| F|  |TAMS 0x0000000081100000, 0x0000000081100000| Untracked 
|  18|0x0000000081200000, 0x0000000081200000, 0x0000000081300000|  0%| F|  |TAMS 0x0000000081200000, 0x0000000081200000| Untracked 
|  19|0x0000000081300000, 0x0000000081300000, 0x0000000081400000|  0%| F|  |TAMS 0x0000000081300000, 0x0000000081300000| Untracked 
|  20|0x0000000081400000, 0x0000000081400000, 0x0000000081500000|  0%| F|  |TAMS 0x0000000081400000, 0x0000000081400000| Untracked 
|  21|0x0000000081500000, 0x0000000081500000, 0x0000000081600000|  0%| F|  |TAMS 0x0000000081500000, 0x0000000081500000| Untracked 
|  22|0x0000000081600000, 0x0000000081600000, 0x0000000081700000|  0%| F|  |TAMS 0x0000000081600000, 0x0000000081600000| Untracked 
|  23|0x0000000081700000, 0x0000000081700000, 0x0000000081800000|  0%| F|  |TAMS 0x0000000081700000, 0x0000000081700000| Untracked 
|  24|0x0000000081800000, 0x0000000081800000, 0x0000000081900000|  0%| F|  |TAMS 0x0000000081800000, 0x0000000081800000| Untracked 
|  25|0x0000000081900000, 0x0000000081900000, 0x0000000081a00000|  0%| F|  |TAMS 0x0000000081900000, 0x0000000081900000| Untracked 
|  26|0x0000000081a00000, 0x0000000081a00000, 0x0000000081b00000|  0%| F|  |TAMS 0x0000000081a00000, 0x0000000081a00000| Untracked 
|  27|0x0000000081b00000, 0x0000000081b00000, 0x0000000081c00000|  0%| F|  |TAMS 0x0000000081b00000, 0x0000000081b00000| Untracked 
|  28|0x0000000081c00000, 0x0000000081c00000, 0x0000000081d00000|  0%| F|  |TAMS 0x0000000081c00000, 0x0000000081c00000| Untracked 
|  29|0x0000000081d00000, 0x0000000081d00000, 0x0000000081e00000|  0%| F|  |TAMS 0x0000000081d00000, 0x0000000081d00000| Untracked 
|  30|0x0000000081e00000, 0x0000000081e00000, 0x0000000081f00000|  0%| F|  |TAMS 0x0000000081e00000, 0x0000000081e00000| Untracked 
|  31|0x0000000081f00000, 0x0000000081f00000, 0x0000000082000000|  0%| F|  |TAMS 0x0000000081f00000, 0x0000000081f00000| Untracked 
|  32|0x0000000082000000, 0x0000000082000000, 0x0000000082100000|  0%| F|  |TAMS 0x0000000082000000, 0x0000000082000000| Untracked 
|  33|0x0000000082100000, 0x0000000082100000, 0x0000000082200000|  0%| F|  |TAMS 0x0000000082100000, 0x0000000082100000| Untracked 
|  34|0x0000000082200000, 0x0000000082200000, 0x0000000082300000|  0%| F|  |TAMS 0x0000000082200000, 0x0000000082200000| Untracked 
|  35|0x0000000082300000, 0x0000000082300000, 0x0000000082400000|  0%| F|  |TAMS 0x0000000082300000, 0x0000000082300000| Untracked 
|  36|0x0000000082400000, 0x0000000082400000, 0x0000000082500000|  0%| F|  |TAMS 0x0000000082400000, 0x0000000082400000| Untracked 
|  37|0x0000000082500000, 0x0000000082500000, 0x0000000082600000|  0%| F|  |TAMS 0x0000000082500000, 0x0000000082500000| Untracked 
|  38|0x0000000082600000, 0x0000000082600000, 0x0000000082700000|  0%| F|  |TAMS 0x0000000082600000, 0x0000000082600000| Untracked 
|  39|0x0000000082700000, 0x0000000082700000, 0x0000000082800000|  0%| F|  |TAMS 0x0000000082700000, 0x0000000082700000| Untracked 
|  40|0x0000000082800000, 0x0000000082800000, 0x0000000082900000|  0%| F|  |TAMS 0x0000000082800000, 0x0000000082800000| Untracked 
|  41|0x0000000082900000, 0x0000000082900000, 0x0000000082a00000|  0%| F|  |TAMS 0x0000000082900000, 0x0000000082900000| Untracked 
|  42|0x0000000082a00000, 0x0000000082a00000, 0x0000000082b00000|  0%| F|  |TAMS 0x0000000082a00000, 0x0000000082a00000| Untracked 
|  43|0x0000000082b00000, 0x0000000082b00000, 0x0000000082c00000|  0%| F|  |TAMS 0x0000000082b00000, 0x0000000082b00000| Untracked 
|  44|0x0000000082c00000, 0x0000000082c00000, 0x0000000082d00000|  0%| F|  |TAMS 0x0000000082c00000, 0x0000000082c00000| Untracked 
|  45|0x0000000082d00000, 0x0000000082d00000, 0x0000000082e00000|  0%| F|  |TAMS 0x0000000082d00000, 0x0000000082d00000| Untracked 
|  46|0x0000000082e00000, 0x0000000082e00000, 0x0000000082f00000|  0%| F|  |TAMS 0x0000000082e00000, 0x0000000082e00000| Untracked 
|  47|0x0000000082f00000, 0x0000000082f00000, 0x0000000083000000|  0%| F|  |TAMS 0x0000000082f00000, 0x0000000082f00000| Untracked 
|  48|0x0000000083000000, 0x0000000083000000, 0x0000000083100000|  0%| F|  |TAMS 0x0000000083000000, 0x0000000083000000| Untracked 
|  49|0x0000000083100000, 0x0000000083100000, 0x0000000083200000|  0%| F|  |TAMS 0x0000000083100000, 0x0000000083100000| Untracked 
|  50|0x0000000083200000, 0x0000000083200000, 0x0000000083300000|  0%| F|  |TAMS 0x0000000083200000, 0x0000000083200000| Untracked 
|  51|0x0000000083300000, 0x0000000083300000, 0x0000000083400000|  0%| F|  |TAMS 0x0000000083300000, 0x0000000083300000| Untracked 
|  52|0x0000000083400000, 0x0000000083400000, 0x0000000083500000|  0%| F|  |TAMS 0x0000000083400000, 0x0000000083400000| Untracked 
|  53|0x0000000083500000, 0x0000000083500000, 0x0000000083600000|  0%| F|  |TAMS 0x0000000083500000, 0x0000000083500000| Untracked 
|  54|0x0000000083600000, 0x0000000083600000, 0x0000000083700000|  0%| F|  |TAMS 0x0000000083600000, 0x0000000083600000| Untracked 
|  55|0x0000000083700000, 0x0000000083700000, 0x0000000083800000|  0%| F|  |TAMS 0x0000000083700000, 0x0000000083700000| Untracked 
|  56|0x0000000083800000, 0x0000000083800000, 0x0000000083900000|  0%| F|  |TAMS 0x0000000083800000, 0x0000000083800000| Untracked 
|  57|0x0000000083900000, 0x0000000083900000, 0x0000000083a00000|  0%| F|  |TAMS 0x0000000083900000, 0x0000000083900000| Untracked 
|  58|0x0000000083a00000, 0x0000000083a00000, 0x0000000083b00000|  0%| F|  |TAMS 0x0000000083a00000, 0x0000000083a00000| Untracked 
|  59|0x0000000083b00000, 0x0000000083b00000, 0x0000000083c00000|  0%| F|  |TAMS 0x0000000083b00000, 0x0000000083b00000| Untracked 
|  60|0x0000000083c00000, 0x0000000083c00000, 0x0000000083d00000|  0%| F|  |TAMS 0x0000000083c00000, 0x0000000083c00000| Untracked 
|  61|0x0000000083d00000, 0x0000000083d00000, 0x0000000083e00000|  0%| F|  |TAMS 0x0000000083d00000, 0x0000000083d00000| Untracked 
|  62|0x0000000083e00000, 0x0000000083e00000, 0x0000000083f00000|  0%| F|  |TAMS 0x0000000083e00000, 0x0000000083e00000| Untracked 
|  63|0x0000000083f00000, 0x0000000083f00000, 0x0000000084000000|  0%| F|  |TAMS 0x0000000083f00000, 0x0000000083f00000| Untracked 
|  64|0x0000000084000000, 0x0000000084000000, 0x0000000084100000|  0%| F|  |TAMS 0x0000000084000000, 0x0000000084000000| Untracked 
|  65|0x0000000084100000, 0x0000000084100000, 0x0000000084200000|  0%| F|  |TAMS 0x0000000084100000, 0x0000000084100000| Untracked 
|  66|0x0000000084200000, 0x0000000084200000, 0x0000000084300000|  0%| F|  |TAMS 0x0000000084200000, 0x0000000084200000| Untracked 
|  67|0x0000000084300000, 0x0000000084300000, 0x0000000084400000|  0%| F|  |TAMS 0x0000000084300000, 0x0000000084300000| Untracked 
|  68|0x0000000084400000, 0x0000000084400000, 0x0000000084500000|  0%| F|  |TAMS 0x0000000084400000, 0x0000000084400000| Untracked 
|  69|0x0000000084500000, 0x0000000084500000, 0x0000000084600000|  0%| F|  |TAMS 0x0000000084500000, 0x0000000084500000| Untracked 
|  70|0x0000000084600000, 0x0000000084600000, 0x0000000084700000|  0%| F|  |TAMS 0x0000000084600000, 0x0000000084600000| Untracked 
|  71|0x0000000084700000, 0x0000000084700000, 0x0000000084800000|  0%| F|  |TAMS 0x0000000084700000, 0x0000000084700000| Untracked 
|  72|0x0000000084800000, 0x0000000084800000, 0x0000000084900000|  0%| F|  |TAMS 0x0000000084800000, 0x0000000084800000| Untracked 
|  73|0x0000000084900000, 0x0000000084900000, 0x0000000084a00000|  0%| F|  |TAMS 0x0000000084900000, 0x0000000084900000| Untracked 
|  74|0x0000000084a00000, 0x0000000084a00000, 0x0000000084b00000|  0%| F|  |TAMS 0x0000000084a00000, 0x0000000084a00000| Untracked 
|  75|0x0000000084b00000, 0x0000000084b00000, 0x0000000084c00000|  0%| F|  |TAMS 0x0000000084b00000, 0x0000000084b00000| Untracked 
|  76|0x0000000084c00000, 0x0000000084c00000, 0x0000000084d00000|  0%| F|  |TAMS 0x0000000084c00000, 0x0000000084c00000| Untracked 
|  77|0x0000000084d00000, 0x0000000084e00000, 0x0000000084e00000|100%| S|CS|TAMS 0x0000000084d00000, 0x0000000084d00000| Complete 
|  78|0x0000000084e00000, 0x0000000084f00000, 0x0000000084f00000|100%| S|CS|TAMS 0x0000000084e00000, 0x0000000084e00000| Complete 
|  79|0x0000000084f00000, 0x0000000085000000, 0x0000000085000000|100%| S|CS|TAMS 0x0000000084f00000, 0x0000000084f00000| Complete 
|  80|0x0000000085000000, 0x0000000085100000, 0x0000000085100000|100%| S|CS|TAMS 0x0000000085000000, 0x0000000085000000| Complete 
|  81|0x0000000085100000, 0x0000000085200000, 0x0000000085200000|100%| S|CS|TAMS 0x0000000085100000, 0x0000000085100000| Complete 
|  82|0x0000000085200000, 0x0000000085300000, 0x0000000085300000|100%| S|CS|TAMS 0x0000000085200000, 0x0000000085200000| Complete 
|  83|0x0000000085300000, 0x0000000085400000, 0x0000000085400000|100%| S|CS|TAMS 0x0000000085300000, 0x0000000085300000| Complete 
|  84|0x0000000085400000, 0x0000000085500000, 0x0000000085500000|100%| S|CS|TAMS 0x0000000085400000, 0x0000000085400000| Complete 
|  85|0x0000000085500000, 0x0000000085600000, 0x0000000085600000|100%| S|CS|TAMS 0x0000000085500000, 0x0000000085500000| Complete 
|  86|0x0000000085600000, 0x0000000085600000, 0x0000000085700000|  0%| F|  |TAMS 0x0000000085600000, 0x0000000085600000| Untracked 
|  87|0x0000000085700000, 0x0000000085700000, 0x0000000085800000|  0%| F|  |TAMS 0x0000000085700000, 0x0000000085700000| Untracked 
|  88|0x0000000085800000, 0x0000000085800000, 0x0000000085900000|  0%| F|  |TAMS 0x0000000085800000, 0x0000000085800000| Untracked 
|  89|0x0000000085900000, 0x0000000085900000, 0x0000000085a00000|  0%| F|  |TAMS 0x0000000085900000, 0x0000000085900000| Untracked 
|  90|0x0000000085a00000, 0x0000000085a00000, 0x0000000085b00000|  0%| F|  |TAMS 0x0000000085a00000, 0x0000000085a00000| Untracked 
|  91|0x0000000085b00000, 0x0000000085b00000, 0x0000000085c00000|  0%| F|  |TAMS 0x0000000085b00000, 0x0000000085b00000| Untracked 
|  92|0x0000000085c00000, 0x0000000085c00000, 0x0000000085d00000|  0%| F|  |TAMS 0x0000000085c00000, 0x0000000085c00000| Untracked 
|  93|0x0000000085d00000, 0x0000000085d00000, 0x0000000085e00000|  0%| F|  |TAMS 0x0000000085d00000, 0x0000000085d00000| Untracked 
|  94|0x0000000085e00000, 0x0000000085e00000, 0x0000000085f00000|  0%| F|  |TAMS 0x0000000085e00000, 0x0000000085e00000| Untracked 
|  95|0x0000000085f00000, 0x0000000085f00000, 0x0000000086000000|  0%| F|  |TAMS 0x0000000085f00000, 0x0000000085f00000| Untracked 
|  96|0x0000000086000000, 0x0000000086000000, 0x0000000086100000|  0%| F|  |TAMS 0x0000000086000000, 0x0000000086000000| Untracked 
|  97|0x0000000086100000, 0x0000000086100000, 0x0000000086200000|  0%| F|  |TAMS 0x0000000086100000, 0x0000000086100000| Untracked 
|  98|0x0000000086200000, 0x0000000086200000, 0x0000000086300000|  0%| F|  |TAMS 0x0000000086200000, 0x0000000086200000| Untracked 
|  99|0x0000000086300000, 0x0000000086300000, 0x0000000086400000|  0%| F|  |TAMS 0x0000000086300000, 0x0000000086300000| Untracked 
| 100|0x0000000086400000, 0x0000000086400000, 0x0000000086500000|  0%| F|  |TAMS 0x0000000086400000, 0x0000000086400000| Untracked 
| 101|0x0000000086500000, 0x0000000086500000, 0x0000000086600000|  0%| F|  |TAMS 0x0000000086500000, 0x0000000086500000| Untracked 
| 102|0x0000000086600000, 0x0000000086600000, 0x0000000086700000|  0%| F|  |TAMS 0x0000000086600000, 0x0000000086600000| Untracked 
| 103|0x0000000086700000, 0x0000000086700000, 0x0000000086800000|  0%| F|  |TAMS 0x0000000086700000, 0x0000000086700000| Untracked 
| 104|0x0000000086800000, 0x0000000086800000, 0x0000000086900000|  0%| F|  |TAMS 0x0000000086800000, 0x0000000086800000| Untracked 
| 105|0x0000000086900000, 0x0000000086900000, 0x0000000086a00000|  0%| F|  |TAMS 0x0000000086900000, 0x0000000086900000| Untracked 
| 106|0x0000000086a00000, 0x0000000086a00000, 0x0000000086b00000|  0%| F|  |TAMS 0x0000000086a00000, 0x0000000086a00000| Untracked 
| 107|0x0000000086b00000, 0x0000000086b00000, 0x0000000086c00000|  0%| F|  |TAMS 0x0000000086b00000, 0x0000000086b00000| Untracked 
| 108|0x0000000086c00000, 0x0000000086c00000, 0x0000000086d00000|  0%| F|  |TAMS 0x0000000086c00000, 0x0000000086c00000| Untracked 
| 109|0x0000000086d00000, 0x0000000086d80800, 0x0000000086e00000| 50%| E|  |TAMS 0x0000000086d00000, 0x0000000086d00000| Complete 
| 110|0x0000000086e00000, 0x0000000086f00000, 0x0000000086f00000|100%| E|CS|TAMS 0x0000000086e00000, 0x0000000086e00000| Complete 
| 111|0x0000000086f00000, 0x0000000087000000, 0x0000000087000000|100%| E|CS|TAMS 0x0000000086f00000, 0x0000000086f00000| Complete 
| 112|0x0000000087000000, 0x0000000087100000, 0x0000000087100000|100%| E|CS|TAMS 0x0000000087000000, 0x0000000087000000| Complete 
| 113|0x0000000087100000, 0x0000000087200000, 0x0000000087200000|100%| E|CS|TAMS 0x0000000087100000, 0x0000000087100000| Complete 
| 114|0x0000000087200000, 0x0000000087300000, 0x0000000087300000|100%| E|CS|TAMS 0x0000000087200000, 0x0000000087200000| Complete 
| 115|0x0000000087300000, 0x0000000087400000, 0x0000000087400000|100%| E|CS|TAMS 0x0000000087300000, 0x0000000087300000| Complete 
| 116|0x0000000087400000, 0x0000000087500000, 0x0000000087500000|100%| E|CS|TAMS 0x0000000087400000, 0x0000000087400000| Complete 
| 117|0x0000000087500000, 0x0000000087600000, 0x0000000087600000|100%| E|CS|TAMS 0x0000000087500000, 0x0000000087500000| Complete 
| 118|0x0000000087600000, 0x0000000087700000, 0x0000000087700000|100%| E|CS|TAMS 0x0000000087600000, 0x0000000087600000| Complete 
| 119|0x0000000087700000, 0x0000000087800000, 0x0000000087800000|100%| E|CS|TAMS 0x0000000087700000, 0x0000000087700000| Complete 
| 120|0x0000000087800000, 0x0000000087900000, 0x0000000087900000|100%| E|CS|TAMS 0x0000000087800000, 0x0000000087800000| Complete 
| 121|0x0000000087900000, 0x0000000087a00000, 0x0000000087a00000|100%| E|CS|TAMS 0x0000000087900000, 0x0000000087900000| Complete 
| 122|0x0000000087a00000, 0x0000000087b00000, 0x0000000087b00000|100%| E|CS|TAMS 0x0000000087a00000, 0x0000000087a00000| Complete 
| 123|0x0000000087b00000, 0x0000000087c00000, 0x0000000087c00000|100%| E|CS|TAMS 0x0000000087b00000, 0x0000000087b00000| Complete 
| 124|0x0000000087c00000, 0x0000000087d00000, 0x0000000087d00000|100%| E|CS|TAMS 0x0000000087c00000, 0x0000000087c00000| Complete 
| 125|0x0000000087d00000, 0x0000000087e00000, 0x0000000087e00000|100%| E|CS|TAMS 0x0000000087d00000, 0x0000000087d00000| Complete 
| 126|0x0000000087e00000, 0x0000000087f00000, 0x0000000087f00000|100%| E|CS|TAMS 0x0000000087e00000, 0x0000000087e00000| Complete 
| 127|0x0000000087f00000, 0x0000000088000000, 0x0000000088000000|100%| E|CS|TAMS 0x0000000087f00000, 0x0000000087f00000| Complete 
| 128|0x0000000088000000, 0x0000000088100000, 0x0000000088100000|100%| E|CS|TAMS 0x0000000088000000, 0x0000000088000000| Complete 
| 129|0x0000000088100000, 0x0000000088200000, 0x0000000088200000|100%| E|CS|TAMS 0x0000000088100000, 0x0000000088100000| Complete 
| 130|0x0000000088200000, 0x0000000088300000, 0x0000000088300000|100%| E|CS|TAMS 0x0000000088200000, 0x0000000088200000| Complete 
| 131|0x0000000088300000, 0x0000000088400000, 0x0000000088400000|100%| E|CS|TAMS 0x0000000088300000, 0x0000000088300000| Complete 
| 132|0x0000000088400000, 0x0000000088500000, 0x0000000088500000|100%| E|CS|TAMS 0x0000000088400000, 0x0000000088400000| Complete 
| 133|0x0000000088500000, 0x0000000088600000, 0x0000000088600000|100%| E|CS|TAMS 0x0000000088500000, 0x0000000088500000| Complete 
| 134|0x0000000088600000, 0x0000000088700000, 0x0000000088700000|100%| E|CS|TAMS 0x0000000088600000, 0x0000000088600000| Complete 
| 135|0x0000000088700000, 0x0000000088800000, 0x0000000088800000|100%| E|CS|TAMS 0x0000000088700000, 0x0000000088700000| Complete 
| 136|0x0000000088800000, 0x0000000088900000, 0x0000000088900000|100%| E|CS|TAMS 0x0000000088800000, 0x0000000088800000| Complete 
| 137|0x0000000088900000, 0x0000000088a00000, 0x0000000088a00000|100%| E|CS|TAMS 0x0000000088900000, 0x0000000088900000| Complete 
| 138|0x0000000088a00000, 0x0000000088b00000, 0x0000000088b00000|100%| E|CS|TAMS 0x0000000088a00000, 0x0000000088a00000| Complete 
| 139|0x0000000088b00000, 0x0000000088c00000, 0x0000000088c00000|100%| E|CS|TAMS 0x0000000088b00000, 0x0000000088b00000| Complete 
| 140|0x0000000088c00000, 0x0000000088d00000, 0x0000000088d00000|100%| E|CS|TAMS 0x0000000088c00000, 0x0000000088c00000| Complete 
| 141|0x0000000088d00000, 0x0000000088e00000, 0x0000000088e00000|100%| E|CS|TAMS 0x0000000088d00000, 0x0000000088d00000| Complete 
| 142|0x0000000088e00000, 0x0000000088f00000, 0x0000000088f00000|100%| E|CS|TAMS 0x0000000088e00000, 0x0000000088e00000| Complete 
| 143|0x0000000088f00000, 0x0000000089000000, 0x0000000089000000|100%| E|CS|TAMS 0x0000000088f00000, 0x0000000088f00000| Complete 
| 144|0x0000000089000000, 0x0000000089100000, 0x0000000089100000|100%| E|CS|TAMS 0x0000000089000000, 0x0000000089000000| Complete 
| 145|0x0000000089100000, 0x0000000089200000, 0x0000000089200000|100%| E|CS|TAMS 0x0000000089100000, 0x0000000089100000| Complete 
| 146|0x0000000089200000, 0x0000000089300000, 0x0000000089300000|100%| E|CS|TAMS 0x0000000089200000, 0x0000000089200000| Complete 
| 147|0x0000000089300000, 0x0000000089400000, 0x0000000089400000|100%| E|CS|TAMS 0x0000000089300000, 0x0000000089300000| Complete 
| 148|0x0000000089400000, 0x0000000089500000, 0x0000000089500000|100%| E|CS|TAMS 0x0000000089400000, 0x0000000089400000| Complete 
| 149|0x0000000089500000, 0x0000000089600000, 0x0000000089600000|100%| E|CS|TAMS 0x0000000089500000, 0x0000000089500000| Complete 
| 150|0x0000000089600000, 0x0000000089700000, 0x0000000089700000|100%| E|CS|TAMS 0x0000000089600000, 0x0000000089600000| Complete 
| 151|0x0000000089700000, 0x0000000089800000, 0x0000000089800000|100%| E|CS|TAMS 0x0000000089700000, 0x0000000089700000| Complete 
| 152|0x0000000089800000, 0x0000000089900000, 0x0000000089900000|100%| E|CS|TAMS 0x0000000089800000, 0x0000000089800000| Complete 
| 153|0x0000000089900000, 0x0000000089a00000, 0x0000000089a00000|100%| E|CS|TAMS 0x0000000089900000, 0x0000000089900000| Complete 

Card table byte_map: [0x0000026021840000,0x0000026021c40000] _byte_map_base: 0x0000026021440000

Marking Bits (Prev, Next): (CMBitMap*) 0x000002600a9a1cc0, (CMBitMap*) 0x000002600a9a1c88
 Prev Bits: [0x0000026024040000, 0x0000026026040000)
 Next Bits: [0x0000026022040000, 0x0000026024040000)

Polling page: 0x0000026009190000

Metaspace:

Usage:
  Non-class:     27.52 MB capacity,    27.21 MB ( 99%) used,   269.70 KB ( <1%) free+waste,    49.44 KB ( <1%) overhead. 
      Class:      3.40 MB capacity,     3.21 MB ( 94%) used,   174.80 KB (  5%) free+waste,    21.56 KB ( <1%) overhead. 
       Both:     30.92 MB capacity,    30.42 MB ( 98%) used,   444.50 KB (  1%) free+waste,    71.00 KB ( <1%) overhead. 

Virtual space:
  Non-class space:       28.00 MB reserved,      27.75 MB (>99%) committed 
      Class space:        1.00 GB reserved,       3.50 MB ( <1%) committed 
             Both:        1.03 GB reserved,      31.25 MB (  3%) committed 

Chunk freelists:
   Non-Class:  5.38 KB
       Class:  0 bytes
        Both:  5.38 KB

CodeHeap 'non-profiled nmethods': size=120064Kb used=2334Kb max_used=2334Kb free=117729Kb
 bounds [0x0000026019af0000, 0x0000026019d60000, 0x0000026021030000]
CodeHeap 'profiled nmethods': size=120000Kb used=11221Kb max_used=11221Kb free=108778Kb
 bounds [0x00000260125c0000, 0x00000260130c0000, 0x0000026019af0000]
CodeHeap 'non-nmethods': size=5696Kb used=1148Kb max_used=1185Kb free=4547Kb
 bounds [0x0000026012030000, 0x00000260122a0000, 0x00000260125c0000]
 total_blobs=5395 nmethods=4926 adapters=380
 compilation: enabled
              stopped_count=0, restarted_count=0
 full_count=0

Compilation events (10 events):
Event: 9.136 Thread 0x0000026028484000 4901       1       sun.nio.fs.WindowsFileSystem::getSeparator (3 bytes)
Event: 9.136 Thread 0x0000026028484000 nmethod 4901 0x0000026019d36190 code [0x0000026019d36320, 0x0000026019d363d8]
Event: 9.137 Thread 0x0000026028484000 4903       3       java.lang.Throwable::<init> (29 bytes)
Event: 9.137 Thread 0x0000026028484000 nmethod 4903 0x00000260130a2e90 code [0x00000260130a3040, 0x00000260130a3388]
Event: 9.138 Thread 0x0000026028484000 4904       3       com.sun.tools.javac.comp.Attr::pkind (8 bytes)
Event: 9.139 Thread 0x0000026028484000 nmethod 4904 0x00000260130a3490 code [0x00000260130a3620, 0x00000260130a3738]
Event: 9.139 Thread 0x0000026028484000 4905       3       com.sun.tools.javac.util.JCDiagnostic$Fragment::<init> (11 bytes)
Event: 9.139 Thread 0x0000026028484000 nmethod 4905 0x00000260130a3810 code [0x00000260130a39c0, 0x00000260130a3cf8]
Event: 9.140 Thread 0x0000026028484000 4906       3       com.sun.tools.javac.code.Type$PackageType::getTag (4 bytes)
Event: 9.140 Thread 0x0000026028484000 nmethod 4906 0x00000260130a3e10 code [0x00000260130a3fa0, 0x00000260130a40b8]

GC Heap History (10 events):
Event: 1.160 GC heap before
{Heap before GC invocations=2 (full 0):
 garbage-first heap   total 131072K, used 15262K [0x0000000080000000, 0x0000000100000000)
  region size 1024K, 14 young (14336K), 1 survivors (1024K)
 Metaspace       used 12380K, capacity 12596K, committed 12672K, reserved 1060864K
  class space    used 1251K, capacity 1348K, committed 1408K, reserved 1048576K
}
Event: 1.165 GC heap after
{Heap after GC invocations=3 (full 0):
 garbage-first heap   total 131072K, used 3632K [0x0000000080000000, 0x0000000100000000)
  region size 1024K, 2 young (2048K), 2 survivors (2048K)
 Metaspace       used 12380K, capacity 12596K, committed 12672K, reserved 1060864K
  class space    used 1251K, capacity 1348K, committed 1408K, reserved 1048576K
}
Event: 1.749 GC heap before
{Heap before GC invocations=3 (full 0):
 garbage-first heap   total 131072K, used 22064K [0x0000000080000000, 0x0000000100000000)
  region size 1024K, 20 young (20480K), 2 survivors (2048K)
 Metaspace       used 14390K, capacity 14583K, committed 14720K, reserved 1062912K
  class space    used 1501K, capacity 1581K, committed 1664K, reserved 1048576K
}
Event: 1.754 GC heap after
{Heap after GC invocations=4 (full 0):
 garbage-first heap   total 131072K, used 4218K [0x0000000080000000, 0x0000000100000000)
  region size 1024K, 3 young (3072K), 3 survivors (3072K)
 Metaspace       used 14390K, capacity 14583K, committed 14720K, reserved 1062912K
  class space    used 1501K, capacity 1581K, committed 1664K, reserved 1048576K
}
Event: 3.193 GC heap before
{Heap before GC invocations=4 (full 0):
 garbage-first heap   total 131072K, used 39034K [0x0000000080000000, 0x0000000100000000)
  region size 1024K, 37 young (37888K), 3 survivors (3072K)
 Metaspace       used 19803K, capacity 20135K, committed 20224K, reserved 1067008K
  class space    used 2119K, capacity 2247K, committed 2304K, reserved 1048576K
}
Event: 3.213 GC heap after
{Heap after GC invocations=5 (full 0):
 garbage-first heap   total 157696K, used 7263K [0x0000000080000000, 0x0000000100000000)
  region size 1024K, 5 young (5120K), 5 survivors (5120K)
 Metaspace       used 19803K, capacity 20135K, committed 20224K, reserved 1067008K
  class space    used 2119K, capacity 2247K, committed 2304K, reserved 1048576K
}
Event: 4.530 GC heap before
{Heap before GC invocations=5 (full 0):
 garbage-first heap   total 157696K, used 59487K [0x0000000080000000, 0x0000000100000000)
  region size 1024K, 57 young (58368K), 5 survivors (5120K)
 Metaspace       used 20895K, capacity 21206K, committed 21248K, reserved 1069056K
  class space    used 2168K, capacity 2283K, committed 2304K, reserved 1048576K
}
Event: 4.553 GC heap after
{Heap after GC invocations=6 (full 0):
 garbage-first heap   total 157696K, used 12208K [0x0000000080000000, 0x0000000100000000)
  region size 1024K, 10 young (10240K), 10 survivors (10240K)
 Metaspace       used 20895K, capacity 21206K, committed 21248K, reserved 1069056K
  class space    used 2168K, capacity 2283K, committed 2304K, reserved 1048576K
}
Event: 7.517 GC heap before
{Heap before GC invocations=7 (full 0):
 garbage-first heap   total 157696K, used 73648K [0x0000000080000000, 0x0000000100000000)
  region size 1024K, 68 young (69632K), 10 survivors (10240K)
 Metaspace       used 29537K, capacity 30027K, committed 30208K, reserved 1077248K
  class space    used 3148K, capacity 3299K, committed 3328K, reserved 1048576K
}
Event: 7.555 GC heap after
{Heap after GC invocations=8 (full 0):
 garbage-first heap   total 157696K, used 20239K [0x0000000080000000, 0x0000000100000000)
  region size 1024K, 9 young (9216K), 9 survivors (9216K)
 Metaspace       used 29537K, capacity 30027K, committed 30208K, reserved 1077248K
  class space    used 3148K, capacity 3299K, committed 3328K, reserved 1048576K
}

Deoptimization events (10 events):
Event: 8.049 Thread 0x000002600a966000 Uncommon trap: reason=unstable_if action=reinterpret pc=0x0000026019cf8f04 method=java.time.LocalDate.toEpochDay()J @ 125 c2
Event: 8.112 Thread 0x000002600a966000 Uncommon trap: reason=unstable_if action=reinterpret pc=0x0000026019b5f984 method=java.util.jar.Manifest$FastInputStream.readLine([BII)I @ 130 c2
Event: 8.434 Thread 0x000002600a966000 Uncommon trap: reason=unstable_if action=reinterpret pc=0x0000026019d03e58 method=java.time.LocalDate.create(III)Ljava/time/LocalDate; @ 3 c2
Event: 8.434 Thread 0x000002600a966000 Uncommon trap: reason=unstable_if action=reinterpret pc=0x0000026019d00d54 method=java.time.LocalDate.create(III)Ljava/time/LocalDate; @ 3 c2
Event: 8.434 Thread 0x000002600a966000 Uncommon trap: reason=unstable_if action=reinterpret pc=0x0000026019d066b8 method=java.time.LocalDate.create(III)Ljava/time/LocalDate; @ 3 c2
Event: 8.667 Thread 0x000002600a966000 Uncommon trap: reason=class_check action=maybe_recompile pc=0x0000026019cf4e80 method=java.nio.file.Files$AcceptAllFilter.accept(Ljava/lang/Object;)Z @ 2 c2
Event: 8.667 Thread 0x000002600a966000 Uncommon trap: reason=class_check action=maybe_recompile pc=0x0000026019cf4e80 method=java.nio.file.Files$AcceptAllFilter.accept(Ljava/lang/Object;)Z @ 2 c2
Event: 8.667 Thread 0x000002600a966000 Uncommon trap: reason=class_check action=maybe_recompile pc=0x0000026019cf4e80 method=java.nio.file.Files$AcceptAllFilter.accept(Ljava/lang/Object;)Z @ 2 c2
Event: 8.667 Thread 0x000002600a966000 Uncommon trap: reason=class_check action=maybe_recompile pc=0x0000026019cf4e80 method=java.nio.file.Files$AcceptAllFilter.accept(Ljava/lang/Object;)Z @ 2 c2
Event: 9.023 Thread 0x000002600a966000 Uncommon trap: reason=unstable_if action=reinterpret pc=0x0000026019d350e4 method=com.sun.tools.javac.jvm.Code.width(I)I @ 1 c2

Classes redefined (0 events):
No events

Internal exceptions (10 events):
Event: 9.138 Thread 0x000002600a966000 Exception <a 'sun/nio/fs/WindowsException'{0x0000000086f950b8}> (0x0000000086f950b8) thrown at [./open/src/hotspot/share/prims/jni.cpp, line 611]
Event: 9.138 Thread 0x000002600a966000 Exception <a 'sun/nio/fs/WindowsException'{0x0000000086f95490}> (0x0000000086f95490) thrown at [./open/src/hotspot/share/prims/jni.cpp, line 611]
Event: 9.138 Thread 0x000002600a966000 Exception <a 'sun/nio/fs/WindowsException'{0x0000000086faab70}> (0x0000000086faab70) thrown at [./open/src/hotspot/share/prims/jni.cpp, line 611]
Event: 9.138 Thread 0x000002600a966000 Exception <a 'sun/nio/fs/WindowsException'{0x0000000086faaf90}> (0x0000000086faaf90) thrown at [./open/src/hotspot/share/prims/jni.cpp, line 611]
Event: 9.138 Thread 0x000002600a966000 Exception <a 'sun/nio/fs/WindowsException'{0x0000000086fac0a0}> (0x0000000086fac0a0) thrown at [./open/src/hotspot/share/prims/jni.cpp, line 611]
Event: 9.138 Thread 0x000002600a966000 Exception <a 'sun/nio/fs/WindowsException'{0x0000000086fac580}> (0x0000000086fac580) thrown at [./open/src/hotspot/share/prims/jni.cpp, line 611]
Event: 9.140 Thread 0x000002600a966000 Exception <a 'sun/nio/fs/WindowsException'{0x0000000086fb3d40}> (0x0000000086fb3d40) thrown at [./open/src/hotspot/share/prims/jni.cpp, line 611]
Event: 9.140 Thread 0x000002600a966000 Exception <a 'sun/nio/fs/WindowsException'{0x0000000086fb4180}> (0x0000000086fb4180) thrown at [./open/src/hotspot/share/prims/jni.cpp, line 611]
Event: 9.140 Thread 0x000002600a966000 Exception <a 'sun/nio/fs/WindowsException'{0x0000000086fb5718}> (0x0000000086fb5718) thrown at [./open/src/hotspot/share/prims/jni.cpp, line 611]
Event: 9.141 Thread 0x000002600a966000 Exception <a 'sun/nio/fs/WindowsException'{0x0000000086fb5b38}> (0x0000000086fb5b38) thrown at [./open/src/hotspot/share/prims/jni.cpp, line 611]

Events (10 events):
Event: 9.119 loading class com/sun/tools/javac/code/Symbol
Event: 9.119 loading class com/sun/tools/javac/code/Symbol done
Event: 9.121 loading class com/sun/tools/javac/code/Symbol
Event: 9.121 loading class com/sun/tools/javac/code/Symbol done
Event: 9.121 loading class com/sun/tools/javac/code/Scope$FilterImportScope
Event: 9.121 loading class com/sun/tools/javac/code/Scope$FilterImportScope done
Event: 9.125 Executing VM operation: Deoptimize
Event: 9.126 Executing VM operation: Deoptimize done
Event: 9.138 Thread 0x000002600a966000 DEOPT PACKING pc=0x000002601281ac1c sp=0x000000ff756fcad0
Event: 9.138 Thread 0x000002600a966000 DEOPT UNPACKING pc=0x0000026012057c0e sp=0x000000ff756fc070 mode 0


Dynamic libraries:
0x00007ff754ac0000 - 0x00007ff754acf000 	C:\Program Files\Java\jdk-11.0.16\bin\java.exe
0x00007ff818670000 - 0x00007ff818868000 	C:\Windows\SYSTEM32\ntdll.dll
0x00007ff8173c0000 - 0x00007ff81747d000 	C:\Windows\System32\KERNEL32.DLL
0x00007ff816000000 - 0x00007ff8162d2000 	C:\Windows\System32\KERNELBASE.dll
0x00007ff816420000 - 0x00007ff816520000 	C:\Windows\System32\ucrtbase.dll
0x00007ffffa8f0000 - 0x00007ffffa908000 	C:\Program Files\Java\jdk-11.0.16\bin\jli.dll
0x00007ff8169b0000 - 0x00007ff816a5e000 	C:\Windows\System32\ADVAPI32.dll
0x00007ff818290000 - 0x00007ff81832e000 	C:\Windows\System32\msvcrt.dll
0x00007ff818330000 - 0x00007ff8183cc000 	C:\Windows\System32\sechost.dll
0x00007ff816750000 - 0x00007ff816875000 	C:\Windows\System32\RPCRT4.dll
0x00007ff818430000 - 0x00007ff8185cd000 	C:\Windows\System32\USER32.dll
0x00007ff815ed0000 - 0x00007ff815ef2000 	C:\Windows\System32\win32u.dll
0x00007ff816b60000 - 0x00007ff816b8b000 	C:\Windows\System32\GDI32.dll
0x00007ff816310000 - 0x00007ff81641f000 	C:\Windows\System32\gdi32full.dll
0x00007ff815e30000 - 0x00007ff815ecd000 	C:\Windows\System32\msvcp_win.dll
0x00007ffffa8c0000 - 0x00007ffffa8d5000 	C:\Program Files\Java\jdk-11.0.16\bin\VCRUNTIME140.dll
0x00007ffff7830000 - 0x00007ffff7aca000 	C:\Windows\WinSxS\amd64_microsoft.windows.common-controls_6595b64144ccf1df_6.0.19041.1110_none_60b5254171f9507e\COMCTL32.dll
0x00007ff80e1c0000 - 0x00007ff80e1ca000 	C:\Windows\SYSTEM32\VERSION.dll
0x00007ff816a60000 - 0x00007ff816a90000 	C:\Windows\System32\IMM32.DLL
0x00007ffff7130000 - 0x00007ffff71cb000 	C:\Program Files\Java\jdk-11.0.16\bin\msvcp140.dll
0x00007fffbcac0000 - 0x00007fffbd5d8000 	C:\Program Files\Java\jdk-11.0.16\bin\server\jvm.dll
0x00007ff816b90000 - 0x00007ff816b98000 	C:\Windows\System32\PSAPI.DLL
0x00007ff811760000 - 0x00007ff811769000 	C:\Windows\SYSTEM32\WSOCK32.dll
0x00007ff817eb0000 - 0x00007ff817f1b000 	C:\Windows\System32\WS2_32.dll
0x00007ffff5bd0000 - 0x00007ffff5bf7000 	C:\Windows\SYSTEM32\WINMM.dll
0x00007ff813c20000 - 0x00007ff813c32000 	C:\Windows\SYSTEM32\kernel.appcore.dll
0x00007ff800590000 - 0x00007ff8005a0000 	C:\Program Files\Java\jdk-11.0.16\bin\verify.dll
0x00007ff806140000 - 0x00007ff806324000 	C:\Windows\SYSTEM32\DBGHELP.DLL
0x00007ff806110000 - 0x00007ff80613c000 	C:\Windows\SYSTEM32\dbgcore.DLL
0x00007ff815f70000 - 0x00007ff815ff2000 	C:\Windows\System32\bcryptPrimitives.dll
0x00007ffff9fc0000 - 0x00007ffff9fe8000 	C:\Program Files\Java\jdk-11.0.16\bin\java.dll
0x00007ffffc880000 - 0x00007ffffc88a000 	C:\Program Files\Java\jdk-11.0.16\bin\jimage.dll
0x00007ffffa580000 - 0x00007ffffa596000 	C:\Program Files\Java\jdk-11.0.16\bin\zip.dll
0x00007ff817480000 - 0x00007ff817bc3000 	C:\Windows\System32\SHELL32.dll
0x00007ff813e20000 - 0x00007ff8145b1000 	C:\Windows\SYSTEM32\windows.storage.dll
0x00007ff817f30000 - 0x00007ff818284000 	C:\Windows\System32\combase.dll
0x00007ff815620000 - 0x00007ff815650000 	C:\Windows\SYSTEM32\Wldp.dll
0x00007ff816ea0000 - 0x00007ff816f4d000 	C:\Windows\System32\SHCORE.dll
0x00007ff817d30000 - 0x00007ff817d85000 	C:\Windows\System32\shlwapi.dll
0x00007ff815cc0000 - 0x00007ff815cdf000 	C:\Windows\SYSTEM32\profapi.dll
0x00007ffff9f40000 - 0x00007ffff9f59000 	C:\Program Files\Java\jdk-11.0.16\bin\net.dll
0x00007ff80d440000 - 0x00007ff80d54d000 	C:\Windows\SYSTEM32\WINHTTP.dll
0x00007ff815400000 - 0x00007ff81546a000 	C:\Windows\system32\mswsock.dll
0x00007ffff99f0000 - 0x00007ffff9a02000 	C:\Program Files\Java\jdk-11.0.16\bin\nio.dll
0x0000000069ac0000 - 0x0000000069ae4000 	C:\Users\sfjbs\Downloads\micro service-20221001T105859Z-001\micro service\apache-maven-3.8.5-bin\apache-maven-3.8.5\lib\jansi-native\Windows\x86_64\jansi.dll

dbghelp: loaded successfully - version: 4.0.5 - missing functions: none
symbol engine: initialized successfully - sym options: 0x614 - pdb path: .;C:\Program Files\Java\jdk-11.0.16\bin;C:\Windows\SYSTEM32;C:\Windows\WinSxS\amd64_microsoft.windows.common-controls_6595b64144ccf1df_6.0.19041.1110_none_60b5254171f9507e;C:\Program Files\Java\jdk-11.0.16\bin\server;C:\Users\sfjbs\Downloads\micro service-20221001T105859Z-001\micro service\apache-maven-3.8.5-bin\apache-maven-3.8.5\lib\jansi-native\Windows\x86_64

VM Arguments:
jvm_args: -Dclassworlds.conf=C:\Users\sfjbs\Downloads\micro service-20221001T105859Z-001\micro service\apache-maven-3.8.5-bin\apache-maven-3.8.5\bin\m2.conf -Dmaven.home=C:\Users\sfjbs\Downloads\micro service-20221001T105859Z-001\micro service\apache-maven-3.8.5-bin\apache-maven-3.8.5 -Dlibrary.jansi.path=C:\Users\sfjbs\Downloads\micro service-20221001T105859Z-001\micro service\apache-maven-3.8.5-bin\apache-maven-3.8.5\lib\jansi-native -Dmaven.multiModuleProjectDirectory=C:\Users\sfjbs\Desktop\New folder\Day13\pension-management-system 
java_command: org.codehaus.plexus.classworlds.launcher.Launcher install dockerfile:build
java_class_path (initial): C:\Users\sfjbs\Downloads\micro service-20221001T105859Z-001\micro service\apache-maven-3.8.5-bin\apache-maven-3.8.5\boot\plexus-classworlds-2.6.0.jar
Launcher Type: SUN_STANDARD

[Global flags]
     intx CICompilerCount                          = 2                                         {product} {ergonomic}
     uint ConcGCThreads                            = 1                                         {product} {ergonomic}
     uint G1ConcRefinementThreads                  = 2                                         {product} {ergonomic}
   size_t G1HeapRegionSize                         = 1048576                                   {product} {ergonomic}
    uintx GCDrainStackTargetSize                   = 64                                        {product} {ergonomic}
   size_t InitialHeapSize                          = 134217728                                 {product} {ergonomic}
   size_t MarkStackSize                            = 4194304                                   {product} {ergonomic}
   size_t MaxHeapSize                              = 2147483648                                {product} {ergonomic}
   size_t MaxNewSize                               = 1287651328                                {product} {ergonomic}
   size_t MinHeapDeltaBytes                        = 1048576                                   {product} {ergonomic}
    uintx NonNMethodCodeHeapSize                   = 5825164                                {pd product} {ergonomic}
    uintx NonProfiledCodeHeapSize                  = 122916538                              {pd product} {ergonomic}
    uintx ProfiledCodeHeapSize                     = 122916538                              {pd product} {ergonomic}
    uintx ReservedCodeCacheSize                    = 251658240                              {pd product} {ergonomic}
     bool SegmentedCodeCache                       = true                                      {product} {ergonomic}
     bool UseCompressedClassPointers               = true                                 {lp64_product} {ergonomic}
     bool UseCompressedOops                        = true                                 {lp64_product} {ergonomic}
     bool UseG1GC                                  = true                                      {product} {ergonomic}
     bool UseLargePagesIndividualAllocation        = false                                  {pd product} {ergonomic}

Logging:
Log output configuration:
 #0: stdout all=warning uptime,level,tags
 #1: stderr all=off uptime,level,tags

Environment Variables:
PATH=C:\Program Files\Common Files\Oracle\Java\javapath;C:\Windows\system32;C:\Windows;C:\Windows\System32\Wbem;C:\Windows\System32\WindowsPowerShell\v1.0\;C:\Windows\System32\OpenSSH\;C:\Users\sfjbs\Downloads\micro service-20221001T105859Z-001\micro service\apache-maven-3.8.5-bin\apache-maven-3.8.5\bin;C:\Users\sfjbs\Downloads\micro service-20221001T105859Z-001\micro service\apache-maven-3.8.5-bin\apache-maven-3.8.5\lib;C:\Program Files\Git\cmd;C:\Program Files\Docker\Docker\resources\bin;C:\ProgramData\DockerDesktop\version-bin;C:\Users\sfjbs\AppData\Local\Microsoft\WindowsApps;C:\Users\sfjbs\Downloads\micro service-20221001T105859Z-001\micro service\apache-maven-3.8.5-bin\apache-maven-3.8.5\bin;C:\Users\sfjbs\Downloads\micro service-20221001T105859Z-001\micro service\apache-maven-3.8.5-bin\apache-maven-3.8.5\lib;;C:\Program Files\JetBrains\IntelliJ IDEA Community Edition 2022.2.1\bin;
USERNAME=sfjbs
OS=Windows_NT
PROCESSOR_IDENTIFIER=Intel64 Family 6 Model 106 Stepping 6, GenuineIntel



---------------  S Y S T E M  ---------------

OS: Windows 10 , 64 bit Build 19041 (10.0.19041.1889)
Hyper-V role detected

CPU:total 2 (initial active 2) (1 cores per cpu, 2 threads per core) family 6 model 106 stepping 6 microcode 0xffffffff, cmov, cx8, fxsr, mmx, sse, sse2, sse3, ssse3, sse4.1, sse4.2, popcnt, avx, avx2, aes, clmul, erms, rtm, 3dnowpref, lzcnt, ht, tsc, bmi1, bmi2, adx, evex, fma

Memory: 4k page, system-wide physical 8190M (440M free)
TotalPageFile size 10238M (AvailPageFile size 4M)
current process WorkingSet (physical memory assigned to process): 215M, peak: 215M
current process commit charge ("private bytes"): 303M, peak: 304M

vm_info: Java HotSpot(TM) 64-Bit Server VM (11.0.16+11-LTS-199) for windows-amd64 JRE (11.0.16+11-LTS-199), built on Jun 28 2022 08:23:17 by "mach5one" with MS VC++ 15.9 (VS2017)

END.
