#
# There is insufficient memory for the Java Runtime Environment to continue.
# Native memory allocation (malloc) failed to allocate 37296 bytes for Chunk::new
# Possible reasons:
#   The system is out of physical RAM or swap space
#   The process is running with CompressedOops enabled, and the Java Heap may be blocking the growth of the native heap
# Possible solutions:
#   Reduce memory load on the system
#   Increase physical memory or swap space
#   Check if swap backing store is full
#   Decrease Java heap size (-Xmx/-Xms)
#   Decrease number of Java threads
#   Decrease Java thread stack sizes (-Xss)
#   Set larger code cache with -XX:ReservedCodeCacheSize=
#   JVM is running with Zero Based Compressed Oops mode in which the Java heap is
#     placed in the first 32GB address space. The Java Heap base address is the
#     maximum limit for the native heap growth. Please use -XX:HeapBaseMinAddress
#     to set the Java Heap base and to place the Java Heap above 32GB virtual address.
# This output file may be truncated or incomplete.
#
#  Out of Memory Error (arena.cpp:189), pid=537596, tid=3100
#
# JRE version: OpenJDK Runtime Environment Corretto-17.0.4.9.1 (17.0.4.1+9) (build 17.0.4.1+9-LTS)
# Java VM: OpenJDK 64-Bit Server VM Corretto-17.0.4.9.1 (17.0.4.1+9-LTS, mixed mode, sharing, tiered, compressed oops, compressed class ptrs, g1 gc, windows-amd64)
# No core dump will be written. Minidumps are not enabled by default on client versions of Windows
#

---------------  S U M M A R Y ------------

Command Line: -javaagent:C:\Program Files\JetBrains\IntelliJ IDEA Community Edition 2022.2.1\lib\idea_rt.jar=52805:C:\Program Files\JetBrains\IntelliJ IDEA Community Edition 2022.2.1\bin -Dfile.encoding=UTF-8 com.example.app.FirstSpringBootApplication

Host: Intel(R) Xeon(R) Platinum 8272CL CPU @ 2.60GHz, 4 cores, 15G,  Windows 10 , 64 bit Build 19041 (10.0.19041.1889)
Time: Fri Oct  7 11:49:35 2022 Coordinated Universal Time elapsed time: 1.163041 seconds (0d 0h 0m 1s)

---------------  T H R E A D  ---------------

Current thread (0x000002c07e139460):  JavaThread "C2 CompilerThread0" daemon [_thread_in_native, id=3100, stack(0x000000da39600000,0x000000da39700000)]


Current CompileTask:
C2:   1163  858       4       java.util.HashMap::resize (356 bytes)

Stack: [0x000000da39600000,0x000000da39700000]
Native frames: (J=compiled Java code, j=interpreted, Vv=VM code, C=native code)
V  [jvm.dll+0x64724a]
V  [jvm.dll+0x7f87a4]
V  [jvm.dll+0x7f9f5e]
V  [jvm.dll+0x7fa5b3]
V  [jvm.dll+0x234ed8]
V  [jvm.dll+0xbce1b]
V  [jvm.dll+0xbd3ac]
V  [jvm.dll+0x5366f7]
V  [jvm.dll+0x3184ce]
V  [jvm.dll+0x3178da]
V  [jvm.dll+0x209585]
V  [jvm.dll+0x208b17]
V  [jvm.dll+0x198ded]
V  [jvm.dll+0x217eb9]
V  [jvm.dll+0x216104]
V  [jvm.dll+0x7b0d5b]
V  [jvm.dll+0x7ab31a]
V  [jvm.dll+0x6460f5]
C  [ucrtbase.dll+0x21bb2]
C  [KERNEL32.DLL+0x17034]
C  [ntdll.dll+0x526a1]


---------------  P R O C E S S  ---------------

Threads class SMR info:
_java_thread_list=0x000002c07f35b0c0, length=13, elements={
0x000002c0599c1da0, 0x000002c07e11e8e0, 0x000002c07e11f710, 0x000002c07e130980,
0x000002c07e135360, 0x000002c07e137d20, 0x000002c07e1386d0, 0x000002c07e139460,
0x000002c07ec3c940, 0x000002c07ec56e30, 0x000002c07e105700, 0x000002c07efaa9b0,
0x000002c07eea9d20
}

Java Threads: ( => current thread )
  0x000002c0599c1da0 JavaThread "main" [_thread_in_native, id=540852, stack(0x000000da38900000,0x000000da38a00000)]
  0x000002c07e11e8e0 JavaThread "Reference Handler" daemon [_thread_blocked, id=4524, stack(0x000000da39000000,0x000000da39100000)]
  0x000002c07e11f710 JavaThread "Finalizer" daemon [_thread_blocked, id=537076, stack(0x000000da39100000,0x000000da39200000)]
  0x000002c07e130980 JavaThread "Signal Dispatcher" daemon [_thread_blocked, id=540072, stack(0x000000da39200000,0x000000da39300000)]
  0x000002c07e135360 JavaThread "Attach Listener" daemon [_thread_blocked, id=540040, stack(0x000000da39300000,0x000000da39400000)]
  0x000002c07e137d20 JavaThread "Service Thread" daemon [_thread_blocked, id=540808, stack(0x000000da39400000,0x000000da39500000)]
  0x000002c07e1386d0 JavaThread "Monitor Deflation Thread" daemon [_thread_blocked, id=540008, stack(0x000000da39500000,0x000000da39600000)]
=>0x000002c07e139460 JavaThread "C2 CompilerThread0" daemon [_thread_in_native, id=3100, stack(0x000000da39600000,0x000000da39700000)]
  0x000002c07ec3c940 JavaThread "C1 CompilerThread0" daemon [_thread_blocked, id=540628, stack(0x000000da39700000,0x000000da39800000)]
  0x000002c07ec56e30 JavaThread "Sweeper thread" daemon [_thread_blocked, id=537356, stack(0x000000da39800000,0x000000da39900000)]
  0x000002c07e105700 JavaThread "Common-Cleaner" daemon [_thread_blocked, id=533104, stack(0x000000da39900000,0x000000da39a00000)]
  0x000002c07efaa9b0 JavaThread "Monitor Ctrl-Break" daemon [_thread_in_native, id=533624, stack(0x000000da39b00000,0x000000da39c00000)]
  0x000002c07eea9d20 JavaThread "Notification Thread" daemon [_thread_blocked, id=540216, stack(0x000000da39c00000,0x000000da39d00000)]

Other Threads:
  0x000002c07e119180 VMThread "VM Thread" [stack: 0x000000da38f00000,0x000000da39000000] [id=533796]
  0x000002c0599c2d50 WatcherThread [stack: 0x000000da39d00000,0x000000da39e00000] [id=540924]
  0x000002c05999e840 GCTaskThread "GC Thread#0" [stack: 0x000000da38a00000,0x000000da38b00000] [id=540440]
  0x000002c07f5049e0 GCTaskThread "GC Thread#1" [stack: 0x000000da39e00000,0x000000da39f00000] [id=534268]
  0x000002c07f504c90 GCTaskThread "GC Thread#2" [stack: 0x000000da39f00000,0x000000da3a000000] [id=539292]
  0x000002c07f504f40 GCTaskThread "GC Thread#3" [stack: 0x000000da3a000000,0x000000da3a100000] [id=533648]
  0x000002c059a394d0 ConcurrentGCThread "G1 Main Marker" [stack: 0x000000da38b00000,0x000000da38c00000] [id=540156]
  0x000002c059a39df0 ConcurrentGCThread "G1 Conc#0" [stack: 0x000000da38c00000,0x000000da38d00000] [id=535308]
  0x000002c059a9eb90 ConcurrentGCThread "G1 Refine#0" [stack: 0x000000da38d00000,0x000000da38e00000] [id=3980]
  0x000002c07f43d930 ConcurrentGCThread "G1 Refine#1" [stack: 0x000000da3a100000,0x000000da3a200000] [id=533652]
  0x000002c07dfd2b10 ConcurrentGCThread "G1 Service" [stack: 0x000000da38e00000,0x000000da38f00000] [id=533876]

Threads with active compile tasks:
C2 CompilerThread0     1184  858       4       java.util.HashMap::resize (356 bytes)

VM state: not at safepoint (normal execution)

VM Mutex/Monitor currently owned by a thread: None

Heap address: 0x0000000700000000, size: 4096 MB, Compressed Oops mode: Zero based, Oop shift amount: 3

CDS archive(s) mapped at: [0x0000000800000000-0x0000000800bc0000-0x0000000800bc0000), size 12320768, SharedBaseAddress: 0x0000000800000000, ArchiveRelocationMode: 0.
Compressed class space mapped at: 0x0000000800c00000-0x0000000840c00000, reserved size: 1073741824
Narrow klass base: 0x0000000800000000, Narrow klass shift: 0, Narrow klass range: 0x100000000

GC Precious Log:
 CPUs: 4 total, 4 available
 Memory: 16382M
 Large Page Support: Disabled
 NUMA Support: Disabled
 Compressed Oops: Enabled (Zero based)
 Heap Region Size: 2M
 Heap Min Capacity: 8M
 Heap Initial Capacity: 256M
 Heap Max Capacity: 4G
 Pre-touch: Disabled
 Parallel Workers: 4
 Concurrent Workers: 1
 Concurrent Refinement Workers: 4
 Periodic GC: Disabled

Heap:
 garbage-first heap   total 262144K, used 3669K [0x0000000700000000, 0x0000000800000000)
  region size 2048K, 2 young (4096K), 1 survivors (2048K)
 Metaspace       used 4352K, committed 4544K, reserved 1056768K
  class space    used 472K, committed 576K, reserved 1048576K

Heap Regions: E=young(eden), S=young(survivor), O=old, HS=humongous(starts), HC=humongous(continues), CS=collection set, F=free, OA=open archive, CA=closed archive, TAMS=top-at-mark-start (previous, next)
|   0|0x0000000700000000, 0x0000000700195600, 0x0000000700200000| 79%| O|  |TAMS 0x0000000700000000, 0x0000000700000000| Untracked 
|   1|0x0000000700200000, 0x0000000700200000, 0x0000000700400000|  0%| F|  |TAMS 0x0000000700200000, 0x0000000700200000| Untracked 
|   2|0x0000000700400000, 0x0000000700400000, 0x0000000700600000|  0%| F|  |TAMS 0x0000000700400000, 0x0000000700400000| Untracked 
|   3|0x0000000700600000, 0x0000000700600000, 0x0000000700800000|  0%| F|  |TAMS 0x0000000700600000, 0x0000000700600000| Untracked 
|   4|0x0000000700800000, 0x0000000700800000, 0x0000000700a00000|  0%| F|  |TAMS 0x0000000700800000, 0x0000000700800000| Untracked 
|   5|0x0000000700a00000, 0x0000000700a00000, 0x0000000700c00000|  0%| F|  |TAMS 0x0000000700a00000, 0x0000000700a00000| Untracked 
|   6|0x0000000700c00000, 0x0000000700c00000, 0x0000000700e00000|  0%| F|  |TAMS 0x0000000700c00000, 0x0000000700c00000| Untracked 
|   7|0x0000000700e00000, 0x0000000700e00000, 0x0000000701000000|  0%| F|  |TAMS 0x0000000700e00000, 0x0000000700e00000| Untracked 
|   8|0x0000000701000000, 0x0000000701000000, 0x0000000701200000|  0%| F|  |TAMS 0x0000000701000000, 0x0000000701000000| Untracked 
|   9|0x0000000701200000, 0x0000000701200000, 0x0000000701400000|  0%| F|  |TAMS 0x0000000701200000, 0x0000000701200000| Untracked 
|  10|0x0000000701400000, 0x0000000701400000, 0x0000000701600000|  0%| F|  |TAMS 0x0000000701400000, 0x0000000701400000| Untracked 
|  11|0x0000000701600000, 0x0000000701600000, 0x0000000701800000|  0%| F|  |TAMS 0x0000000701600000, 0x0000000701600000| Untracked 
|  12|0x0000000701800000, 0x0000000701800000, 0x0000000701a00000|  0%| F|  |TAMS 0x0000000701800000, 0x0000000701800000| Untracked 
|  13|0x0000000701a00000, 0x0000000701a00000, 0x0000000701c00000|  0%| F|  |TAMS 0x0000000701a00000, 0x0000000701a00000| Untracked 
|  14|0x0000000701c00000, 0x0000000701c00000, 0x0000000701e00000|  0%| F|  |TAMS 0x0000000701c00000, 0x0000000701c00000| Untracked 
|  15|0x0000000701e00000, 0x0000000701e00000, 0x0000000702000000|  0%| F|  |TAMS 0x0000000701e00000, 0x0000000701e00000| Untracked 
|  16|0x0000000702000000, 0x0000000702000000, 0x0000000702200000|  0%| F|  |TAMS 0x0000000702000000, 0x0000000702000000| Untracked 
|  17|0x0000000702200000, 0x0000000702200000, 0x0000000702400000|  0%| F|  |TAMS 0x0000000702200000, 0x0000000702200000| Untracked 
|  18|0x0000000702400000, 0x0000000702400000, 0x0000000702600000|  0%| F|  |TAMS 0x0000000702400000, 0x0000000702400000| Untracked 
|  19|0x0000000702600000, 0x0000000702600000, 0x0000000702800000|  0%| F|  |TAMS 0x0000000702600000, 0x0000000702600000| Untracked 
|  20|0x0000000702800000, 0x0000000702800000, 0x0000000702a00000|  0%| F|  |TAMS 0x0000000702800000, 0x0000000702800000| Untracked 
|  21|0x0000000702a00000, 0x0000000702a00000, 0x0000000702c00000|  0%| F|  |TAMS 0x0000000702a00000, 0x0000000702a00000| Untracked 
|  22|0x0000000702c00000, 0x0000000702c00000, 0x0000000702e00000|  0%| F|  |TAMS 0x0000000702c00000, 0x0000000702c00000| Untracked 
|  23|0x0000000702e00000, 0x0000000702e00000, 0x0000000703000000|  0%| F|  |TAMS 0x0000000702e00000, 0x0000000702e00000| Untracked 
|  24|0x0000000703000000, 0x0000000703000000, 0x0000000703200000|  0%| F|  |TAMS 0x0000000703000000, 0x0000000703000000| Untracked 
|  25|0x0000000703200000, 0x0000000703200000, 0x0000000703400000|  0%| F|  |TAMS 0x0000000703200000, 0x0000000703200000| Untracked 
|  26|0x0000000703400000, 0x0000000703400000, 0x0000000703600000|  0%| F|  |TAMS 0x0000000703400000, 0x0000000703400000| Untracked 
|  27|0x0000000703600000, 0x0000000703600000, 0x0000000703800000|  0%| F|  |TAMS 0x0000000703600000, 0x0000000703600000| Untracked 
|  28|0x0000000703800000, 0x0000000703800000, 0x0000000703a00000|  0%| F|  |TAMS 0x0000000703800000, 0x0000000703800000| Untracked 
|  29|0x0000000703a00000, 0x0000000703a00000, 0x0000000703c00000|  0%| F|  |TAMS 0x0000000703a00000, 0x0000000703a00000| Untracked 
|  30|0x0000000703c00000, 0x0000000703c00000, 0x0000000703e00000|  0%| F|  |TAMS 0x0000000703c00000, 0x0000000703c00000| Untracked 
|  31|0x0000000703e00000, 0x0000000703e00000, 0x0000000704000000|  0%| F|  |TAMS 0x0000000703e00000, 0x0000000703e00000| Untracked 
|  32|0x0000000704000000, 0x0000000704000000, 0x0000000704200000|  0%| F|  |TAMS 0x0000000704000000, 0x0000000704000000| Untracked 
|  33|0x0000000704200000, 0x0000000704200000, 0x0000000704400000|  0%| F|  |TAMS 0x0000000704200000, 0x0000000704200000| Untracked 
|  34|0x0000000704400000, 0x0000000704400000, 0x0000000704600000|  0%| F|  |TAMS 0x0000000704400000, 0x0000000704400000| Untracked 
|  35|0x0000000704600000, 0x0000000704600000, 0x0000000704800000|  0%| F|  |TAMS 0x0000000704600000, 0x0000000704600000| Untracked 
|  36|0x0000000704800000, 0x0000000704800000, 0x0000000704a00000|  0%| F|  |TAMS 0x0000000704800000, 0x0000000704800000| Untracked 
|  37|0x0000000704a00000, 0x0000000704a00000, 0x0000000704c00000|  0%| F|  |TAMS 0x0000000704a00000, 0x0000000704a00000| Untracked 
|  38|0x0000000704c00000, 0x0000000704c00000, 0x0000000704e00000|  0%| F|  |TAMS 0x0000000704c00000, 0x0000000704c00000| Untracked 
|  39|0x0000000704e00000, 0x0000000704e00000, 0x0000000705000000|  0%| F|  |TAMS 0x0000000704e00000, 0x0000000704e00000| Untracked 
|  40|0x0000000705000000, 0x0000000705000000, 0x0000000705200000|  0%| F|  |TAMS 0x0000000705000000, 0x0000000705000000| Untracked 
|  41|0x0000000705200000, 0x0000000705200000, 0x0000000705400000|  0%| F|  |TAMS 0x0000000705200000, 0x0000000705200000| Untracked 
|  42|0x0000000705400000, 0x0000000705400000, 0x0000000705600000|  0%| F|  |TAMS 0x0000000705400000, 0x0000000705400000| Untracked 
|  43|0x0000000705600000, 0x0000000705600000, 0x0000000705800000|  0%| F|  |TAMS 0x0000000705600000, 0x0000000705600000| Untracked 
|  44|0x0000000705800000, 0x0000000705800000, 0x0000000705a00000|  0%| F|  |TAMS 0x0000000705800000, 0x0000000705800000| Untracked 
|  45|0x0000000705a00000, 0x0000000705a00000, 0x0000000705c00000|  0%| F|  |TAMS 0x0000000705a00000, 0x0000000705a00000| Untracked 
|  46|0x0000000705c00000, 0x0000000705c00000, 0x0000000705e00000|  0%| F|  |TAMS 0x0000000705c00000, 0x0000000705c00000| Untracked 
|  47|0x0000000705e00000, 0x0000000705e00000, 0x0000000706000000|  0%| F|  |TAMS 0x0000000705e00000, 0x0000000705e00000| Untracked 
|  48|0x0000000706000000, 0x0000000706000000, 0x0000000706200000|  0%| F|  |TAMS 0x0000000706000000, 0x0000000706000000| Untracked 
|  49|0x0000000706200000, 0x0000000706200000, 0x0000000706400000|  0%| F|  |TAMS 0x0000000706200000, 0x0000000706200000| Untracked 
|  50|0x0000000706400000, 0x0000000706400000, 0x0000000706600000|  0%| F|  |TAMS 0x0000000706400000, 0x0000000706400000| Untracked 
|  51|0x0000000706600000, 0x0000000706600000, 0x0000000706800000|  0%| F|  |TAMS 0x0000000706600000, 0x0000000706600000| Untracked 
|  52|0x0000000706800000, 0x0000000706800000, 0x0000000706a00000|  0%| F|  |TAMS 0x0000000706800000, 0x0000000706800000| Untracked 
|  53|0x0000000706a00000, 0x0000000706a00000, 0x0000000706c00000|  0%| F|  |TAMS 0x0000000706a00000, 0x0000000706a00000| Untracked 
|  54|0x0000000706c00000, 0x0000000706c00000, 0x0000000706e00000|  0%| F|  |TAMS 0x0000000706c00000, 0x0000000706c00000| Untracked 
|  55|0x0000000706e00000, 0x0000000706e00000, 0x0000000707000000|  0%| F|  |TAMS 0x0000000706e00000, 0x0000000706e00000| Untracked 
|  56|0x0000000707000000, 0x0000000707000000, 0x0000000707200000|  0%| F|  |TAMS 0x0000000707000000, 0x0000000707000000| Untracked 
|  57|0x0000000707200000, 0x0000000707200000, 0x0000000707400000|  0%| F|  |TAMS 0x0000000707200000, 0x0000000707200000| Untracked 
|  58|0x0000000707400000, 0x0000000707400000, 0x0000000707600000|  0%| F|  |TAMS 0x0000000707400000, 0x0000000707400000| Untracked 
|  59|0x0000000707600000, 0x0000000707600000, 0x0000000707800000|  0%| F|  |TAMS 0x0000000707600000, 0x0000000707600000| Untracked 
|  60|0x0000000707800000, 0x0000000707800000, 0x0000000707a00000|  0%| F|  |TAMS 0x0000000707800000, 0x0000000707800000| Untracked 
|  61|0x0000000707a00000, 0x0000000707a00000, 0x0000000707c00000|  0%| F|  |TAMS 0x0000000707a00000, 0x0000000707a00000| Untracked 
|  62|0x0000000707c00000, 0x0000000707c00000, 0x0000000707e00000|  0%| F|  |TAMS 0x0000000707c00000, 0x0000000707c00000| Untracked 
|  63|0x0000000707e00000, 0x0000000707e00000, 0x0000000708000000|  0%| F|  |TAMS 0x0000000707e00000, 0x0000000707e00000| Untracked 
|  64|0x0000000708000000, 0x0000000708000000, 0x0000000708200000|  0%| F|  |TAMS 0x0000000708000000, 0x0000000708000000| Untracked 
|  65|0x0000000708200000, 0x0000000708200000, 0x0000000708400000|  0%| F|  |TAMS 0x0000000708200000, 0x0000000708200000| Untracked 
|  66|0x0000000708400000, 0x0000000708400000, 0x0000000708600000|  0%| F|  |TAMS 0x0000000708400000, 0x0000000708400000| Untracked 
|  67|0x0000000708600000, 0x0000000708600000, 0x0000000708800000|  0%| F|  |TAMS 0x0000000708600000, 0x0000000708600000| Untracked 
|  68|0x0000000708800000, 0x0000000708800000, 0x0000000708a00000|  0%| F|  |TAMS 0x0000000708800000, 0x0000000708800000| Untracked 
|  69|0x0000000708a00000, 0x0000000708a00000, 0x0000000708c00000|  0%| F|  |TAMS 0x0000000708a00000, 0x0000000708a00000| Untracked 
|  70|0x0000000708c00000, 0x0000000708c00000, 0x0000000708e00000|  0%| F|  |TAMS 0x0000000708c00000, 0x0000000708c00000| Untracked 
|  71|0x0000000708e00000, 0x0000000708e00000, 0x0000000709000000|  0%| F|  |TAMS 0x0000000708e00000, 0x0000000708e00000| Untracked 
|  72|0x0000000709000000, 0x0000000709000000, 0x0000000709200000|  0%| F|  |TAMS 0x0000000709000000, 0x0000000709000000| Untracked 
|  73|0x0000000709200000, 0x0000000709200000, 0x0000000709400000|  0%| F|  |TAMS 0x0000000709200000, 0x0000000709200000| Untracked 
|  74|0x0000000709400000, 0x0000000709400000, 0x0000000709600000|  0%| F|  |TAMS 0x0000000709400000, 0x0000000709400000| Untracked 
|  75|0x0000000709600000, 0x0000000709600000, 0x0000000709800000|  0%| F|  |TAMS 0x0000000709600000, 0x0000000709600000| Untracked 
|  76|0x0000000709800000, 0x0000000709800000, 0x0000000709a00000|  0%| F|  |TAMS 0x0000000709800000, 0x0000000709800000| Untracked 
|  77|0x0000000709a00000, 0x0000000709a00000, 0x0000000709c00000|  0%| F|  |TAMS 0x0000000709a00000, 0x0000000709a00000| Untracked 
|  78|0x0000000709c00000, 0x0000000709c00000, 0x0000000709e00000|  0%| F|  |TAMS 0x0000000709c00000, 0x0000000709c00000| Untracked 
|  79|0x0000000709e00000, 0x0000000709e00000, 0x000000070a000000|  0%| F|  |TAMS 0x0000000709e00000, 0x0000000709e00000| Untracked 
|  80|0x000000070a000000, 0x000000070a000000, 0x000000070a200000|  0%| F|  |TAMS 0x000000070a000000, 0x000000070a000000| Untracked 
|  81|0x000000070a200000, 0x000000070a200000, 0x000000070a400000|  0%| F|  |TAMS 0x000000070a200000, 0x000000070a200000| Untracked 
|  82|0x000000070a400000, 0x000000070a400000, 0x000000070a600000|  0%| F|  |TAMS 0x000000070a400000, 0x000000070a400000| Untracked 
|  83|0x000000070a600000, 0x000000070a600000, 0x000000070a800000|  0%| F|  |TAMS 0x000000070a600000, 0x000000070a600000| Untracked 
|  84|0x000000070a800000, 0x000000070a800000, 0x000000070aa00000|  0%| F|  |TAMS 0x000000070a800000, 0x000000070a800000| Untracked 
|  85|0x000000070aa00000, 0x000000070aa00000, 0x000000070ac00000|  0%| F|  |TAMS 0x000000070aa00000, 0x000000070aa00000| Untracked 
|  86|0x000000070ac00000, 0x000000070ac00000, 0x000000070ae00000|  0%| F|  |TAMS 0x000000070ac00000, 0x000000070ac00000| Untracked 
|  87|0x000000070ae00000, 0x000000070ae00000, 0x000000070b000000|  0%| F|  |TAMS 0x000000070ae00000, 0x000000070ae00000| Untracked 
|  88|0x000000070b000000, 0x000000070b000000, 0x000000070b200000|  0%| F|  |TAMS 0x000000070b000000, 0x000000070b000000| Untracked 
|  89|0x000000070b200000, 0x000000070b200000, 0x000000070b400000|  0%| F|  |TAMS 0x000000070b200000, 0x000000070b200000| Untracked 
|  90|0x000000070b400000, 0x000000070b400000, 0x000000070b600000|  0%| F|  |TAMS 0x000000070b400000, 0x000000070b400000| Untracked 
|  91|0x000000070b600000, 0x000000070b600000, 0x000000070b800000|  0%| F|  |TAMS 0x000000070b600000, 0x000000070b600000| Untracked 
|  92|0x000000070b800000, 0x000000070b800000, 0x000000070ba00000|  0%| F|  |TAMS 0x000000070b800000, 0x000000070b800000| Untracked 
|  93|0x000000070ba00000, 0x000000070ba00000, 0x000000070bc00000|  0%| F|  |TAMS 0x000000070ba00000, 0x000000070ba00000| Untracked 
|  94|0x000000070bc00000, 0x000000070bc00000, 0x000000070be00000|  0%| F|  |TAMS 0x000000070bc00000, 0x000000070bc00000| Untracked 
|  95|0x000000070be00000, 0x000000070be00000, 0x000000070c000000|  0%| F|  |TAMS 0x000000070be00000, 0x000000070be00000| Untracked 
|  96|0x000000070c000000, 0x000000070c000000, 0x000000070c200000|  0%| F|  |TAMS 0x000000070c000000, 0x000000070c000000| Untracked 
|  97|0x000000070c200000, 0x000000070c200000, 0x000000070c400000|  0%| F|  |TAMS 0x000000070c200000, 0x000000070c200000| Untracked 
|  98|0x000000070c400000, 0x000000070c400000, 0x000000070c600000|  0%| F|  |TAMS 0x000000070c400000, 0x000000070c400000| Untracked 
|  99|0x000000070c600000, 0x000000070c600000, 0x000000070c800000|  0%| F|  |TAMS 0x000000070c600000, 0x000000070c600000| Untracked 
| 100|0x000000070c800000, 0x000000070c800000, 0x000000070ca00000|  0%| F|  |TAMS 0x000000070c800000, 0x000000070c800000| Untracked 
| 101|0x000000070ca00000, 0x000000070ca00000, 0x000000070cc00000|  0%| F|  |TAMS 0x000000070ca00000, 0x000000070ca00000| Untracked 
| 102|0x000000070cc00000, 0x000000070cc00000, 0x000000070ce00000|  0%| F|  |TAMS 0x000000070cc00000, 0x000000070cc00000| Untracked 
| 103|0x000000070ce00000, 0x000000070ce00000, 0x000000070d000000|  0%| F|  |TAMS 0x000000070ce00000, 0x000000070ce00000| Untracked 
| 104|0x000000070d000000, 0x000000070d000000, 0x000000070d200000|  0%| F|  |TAMS 0x000000070d000000, 0x000000070d000000| Untracked 
| 105|0x000000070d200000, 0x000000070d200000, 0x000000070d400000|  0%| F|  |TAMS 0x000000070d200000, 0x000000070d200000| Untracked 
| 106|0x000000070d400000, 0x000000070d400000, 0x000000070d600000|  0%| F|  |TAMS 0x000000070d400000, 0x000000070d400000| Untracked 
| 107|0x000000070d600000, 0x000000070d600000, 0x000000070d800000|  0%| F|  |TAMS 0x000000070d600000, 0x000000070d600000| Untracked 
| 108|0x000000070d800000, 0x000000070d800000, 0x000000070da00000|  0%| F|  |TAMS 0x000000070d800000, 0x000000070d800000| Untracked 
| 109|0x000000070da00000, 0x000000070da00000, 0x000000070dc00000|  0%| F|  |TAMS 0x000000070da00000, 0x000000070da00000| Untracked 
| 110|0x000000070dc00000, 0x000000070dc00000, 0x000000070de00000|  0%| F|  |TAMS 0x000000070dc00000, 0x000000070dc00000| Untracked 
| 111|0x000000070de00000, 0x000000070de00000, 0x000000070e000000|  0%| F|  |TAMS 0x000000070de00000, 0x000000070de00000| Untracked 
| 112|0x000000070e000000, 0x000000070e000000, 0x000000070e200000|  0%| F|  |TAMS 0x000000070e000000, 0x000000070e000000| Untracked 
| 113|0x000000070e200000, 0x000000070e200000, 0x000000070e400000|  0%| F|  |TAMS 0x000000070e200000, 0x000000070e200000| Untracked 
| 114|0x000000070e400000, 0x000000070e400000, 0x000000070e600000|  0%| F|  |TAMS 0x000000070e400000, 0x000000070e400000| Untracked 
| 115|0x000000070e600000, 0x000000070e600000, 0x000000070e800000|  0%| F|  |TAMS 0x000000070e600000, 0x000000070e600000| Untracked 
| 116|0x000000070e800000, 0x000000070e800000, 0x000000070ea00000|  0%| F|  |TAMS 0x000000070e800000, 0x000000070e800000| Untracked 
| 117|0x000000070ea00000, 0x000000070ea00000, 0x000000070ec00000|  0%| F|  |TAMS 0x000000070ea00000, 0x000000070ea00000| Untracked 
| 118|0x000000070ec00000, 0x000000070ec00000, 0x000000070ee00000|  0%| F|  |TAMS 0x000000070ec00000, 0x000000070ec00000| Untracked 
| 119|0x000000070ee00000, 0x000000070ee00000, 0x000000070f000000|  0%| F|  |TAMS 0x000000070ee00000, 0x000000070ee00000| Untracked 
| 120|0x000000070f000000, 0x000000070f000000, 0x000000070f200000|  0%| F|  |TAMS 0x000000070f000000, 0x000000070f000000| Untracked 
| 121|0x000000070f200000, 0x000000070f400000, 0x000000070f400000|100%| S|CS|TAMS 0x000000070f200000, 0x000000070f200000| Complete 
| 122|0x000000070f400000, 0x000000070f400000, 0x000000070f600000|  0%| F|  |TAMS 0x000000070f400000, 0x000000070f400000| Untracked 
| 123|0x000000070f600000, 0x000000070f600000, 0x000000070f800000|  0%| F|  |TAMS 0x000000070f600000, 0x000000070f600000| Untracked 
| 124|0x000000070f800000, 0x000000070f800000, 0x000000070fa00000|  0%| F|  |TAMS 0x000000070f800000, 0x000000070f800000| Untracked 
| 125|0x000000070fa00000, 0x000000070fa00000, 0x000000070fc00000|  0%| F|  |TAMS 0x000000070fa00000, 0x000000070fa00000| Untracked 
| 126|0x000000070fc00000, 0x000000070fc00000, 0x000000070fe00000|  0%| F|  |TAMS 0x000000070fc00000, 0x000000070fc00000| Untracked 
| 127|0x000000070fe00000, 0x000000070ff79ec8, 0x0000000710000000| 73%| E|  |TAMS 0x000000070fe00000, 0x000000070fe00000| Complete 

Card table byte_map: [0x000002c072b20000,0x000002c073320000] _byte_map_base: 0x000002c06f320000

Marking Bits (Prev, Next): (CMBitMap*) 0x000002c059a28ba0, (CMBitMap*) 0x000002c059a28be0
 Prev Bits: [0x000002c073b20000, 0x000002c077b20000)
 Next Bits: [0x000002c077b20000, 0x000002c07bb20000)

Polling page: 0x000002c059850000

Metaspace:

Usage:
  Non-class:      3.79 MB used.
      Class:    472.95 KB used.
       Both:      4.25 MB used.

Virtual space:
  Non-class space:        8.00 MB reserved,       3.88 MB ( 48%) committed,  1 nodes.
      Class space:        1.00 GB reserved,     576.00 KB ( <1%) committed,  1 nodes.
             Both:        1.01 GB reserved,       4.44 MB ( <1%) committed. 

Chunk freelists:
   Non-Class:  2.30 MB
       Class:  3.48 MB
        Both:  5.78 MB

MaxMetaspaceSize: unlimited
CompressedClassSpaceSize: 1.00 GB
Initial GC threshold: 21.00 MB
Current GC threshold: 21.00 MB
CDS: on
MetaspaceReclaimPolicy: balanced
 - commit_granule_bytes: 65536.
 - commit_granule_words: 8192.
 - virtual_space_node_default_size: 1048576.
 - enlarge_chunks_in_place: 1.
 - new_chunks_are_fully_committed: 0.
 - uncommit_free_chunks: 1.
 - use_allocation_guard: 0.
 - handle_deallocations: 1.


Internal statistics:

num_allocs_failed_limit: 0.
num_arena_births: 32.
num_arena_deaths: 0.
num_vsnodes_births: 2.
num_vsnodes_deaths: 0.
num_space_committed: 71.
num_space_uncommitted: 0.
num_chunks_returned_to_freelist: 0.
num_chunks_taken_from_freelist: 132.
num_chunk_merges: 0.
num_chunk_splits: 81.
num_chunks_enlarged: 64.
num_purges: 0.
num_inconsistent_stats: 0.

CodeHeap 'non-profiled nmethods': size=120000Kb used=288Kb max_used=288Kb free=119711Kb
 bounds [0x000002c06a7d0000, 0x000002c06aa40000, 0x000002c071d00000]
CodeHeap 'profiled nmethods': size=120000Kb used=1636Kb max_used=1636Kb free=118363Kb
 bounds [0x000002c0632a0000, 0x000002c063510000, 0x000002c06a7d0000]
CodeHeap 'non-nmethods': size=5760Kb used=1154Kb max_used=1182Kb free=4605Kb
 bounds [0x000002c062d00000, 0x000002c062f70000, 0x000002c0632a0000]
 total_blobs=1288 nmethods=859 adapters=342
 compilation: enabled
              stopped_count=0, restarted_count=0
 full_count=0

Compilation events (20 events):
Event: 1.114 Thread 0x000002c07e139460 nmethod 846 0x000002c06a817790 code [0x000002c06a817920, 0x000002c06a817a38]
Event: 1.117 Thread 0x000002c07ec3c940  848       1       java.util.concurrent.CopyOnWriteArrayList::getArray (5 bytes)
Event: 1.117 Thread 0x000002c07ec3c940 nmethod 848 0x000002c06a817b90 code [0x000002c06a817d20, 0x000002c06a817df8]
Event: 1.119 Thread 0x000002c07ec3c940  849       3       jdk.internal.loader.BuiltinClassLoader::defineClass (121 bytes)
Event: 1.120 Thread 0x000002c07ec3c940 nmethod 849 0x000002c06342ee90 code [0x000002c06342f180, 0x000002c0634304a8]
Event: 1.123 Thread 0x000002c07ec3c940  850   !   3       java.util.zip.Inflater::needsInput (55 bytes)
Event: 1.124 Thread 0x000002c07ec3c940 nmethod 850 0x000002c063430a10 code [0x000002c063430bc0, 0x000002c063430f78]
Event: 1.129 Thread 0x000002c07ec3c940  851       3       java.io.WinNTFileSystem::resolve (275 bytes)
Event: 1.132 Thread 0x000002c07ec3c940 nmethod 851 0x000002c063431090 code [0x000002c0634315c0, 0x000002c0634342d8]
Event: 1.141 Thread 0x000002c07ec3c940  852       3       java.lang.invoke.MemberName::getModifiers (8 bytes)
Event: 1.141 Thread 0x000002c07ec3c940 nmethod 852 0x000002c063435490 code [0x000002c063435620, 0x000002c063435738]
Event: 1.141 Thread 0x000002c07ec3c940  853       3       java.lang.invoke.MemberName::getMethodOrFieldType (72 bytes)
Event: 1.142 Thread 0x000002c07ec3c940 nmethod 853 0x000002c063435810 code [0x000002c063435b40, 0x000002c063436a08]
Event: 1.143 Thread 0x000002c07ec3c940  854       3       jdk.internal.org.objectweb.asm.AnnotationWriter::putAnnotations (67 bytes)
Event: 1.143 Thread 0x000002c07ec3c940 nmethod 854 0x000002c063436f10 code [0x000002c063437120, 0x000002c063437558]
Event: 1.145 Thread 0x000002c07ec3c940  855   !   3       java.lang.invoke.MemberName$Factory::resolve (159 bytes)
Event: 1.146 Thread 0x000002c07ec3c940 nmethod 855 0x000002c063437810 code [0x000002c063437a40, 0x000002c063438148]
Event: 1.146 Thread 0x000002c07ec3c940  857       3       jdk.internal.loader.URLClassPath$JarLoader::findResource (18 bytes)
Event: 1.146 Thread 0x000002c07ec3c940 nmethod 857 0x000002c063438410 code [0x000002c0634385c0, 0x000002c063438838]
Event: 1.150 Thread 0x000002c07e139460  858       4       java.util.HashMap::resize (356 bytes)

GC Heap History (2 events):
Event: 1.021 GC heap before
{Heap before GC invocations=0 (full 0):
 garbage-first heap   total 262144K, used 10240K [0x0000000700000000, 0x0000000800000000)
  region size 2048K, 6 young (12288K), 0 survivors (0K)
 Metaspace       used 3841K, committed 3968K, reserved 1056768K
  class space    used 403K, committed 448K, reserved 1048576K
}
Event: 1.031 GC heap after
{Heap after GC invocations=1 (full 0):
 garbage-first heap   total 262144K, used 3669K [0x0000000700000000, 0x0000000800000000)
  region size 2048K, 1 young (2048K), 1 survivors (2048K)
 Metaspace       used 3841K, committed 3968K, reserved 1056768K
  class space    used 403K, committed 448K, reserved 1048576K
}

Deoptimization events (20 events):
Event: 0.792 Thread 0x000002c0599c1da0 DEOPT PACKING pc=0x000002c0632e217c sp=0x000000da389fe030
Event: 0.792 Thread 0x000002c0599c1da0 DEOPT UNPACKING pc=0x000002c062d56763 sp=0x000000da389fd4e0 mode 0
Event: 0.936 Thread 0x000002c0599c1da0 DEOPT PACKING pc=0x000002c0632ef63e sp=0x000000da389f9b30
Event: 0.936 Thread 0x000002c0599c1da0 DEOPT UNPACKING pc=0x000002c062d56763 sp=0x000000da389f8fa8 mode 0
Event: 0.975 Thread 0x000002c0599c1da0 Uncommon trap: trap_request=0xffffffde fr.pc=0x000002c06a7fc654 relative=0x0000000000001354
Event: 0.975 Thread 0x000002c0599c1da0 Uncommon trap: reason=class_check action=maybe_recompile pc=0x000002c06a7fc654 method=java.util.HashMap.putVal(ILjava/lang/Object;Ljava/lang/Object;ZZ)Ljava/lang/Object; @ 253 c2
Event: 0.975 Thread 0x000002c0599c1da0 DEOPT PACKING pc=0x000002c06a7fc654 sp=0x000000da389fe490
Event: 0.975 Thread 0x000002c0599c1da0 DEOPT UNPACKING pc=0x000002c062d55c23 sp=0x000000da389fe3e8 mode 2
Event: 1.078 Thread 0x000002c0599c1da0 Uncommon trap: trap_request=0xffffffde fr.pc=0x000002c06a7fc654 relative=0x0000000000001354
Event: 1.078 Thread 0x000002c0599c1da0 Uncommon trap: reason=class_check action=maybe_recompile pc=0x000002c06a7fc654 method=java.util.HashMap.putVal(ILjava/lang/Object;Ljava/lang/Object;ZZ)Ljava/lang/Object; @ 253 c2
Event: 1.078 Thread 0x000002c0599c1da0 DEOPT PACKING pc=0x000002c06a7fc654 sp=0x000000da389fde00
Event: 1.079 Thread 0x000002c0599c1da0 DEOPT UNPACKING pc=0x000002c062d55c23 sp=0x000000da389fdd58 mode 2
Event: 1.080 Thread 0x000002c0599c1da0 Uncommon trap: trap_request=0xffffffde fr.pc=0x000002c06a7fc654 relative=0x0000000000001354
Event: 1.080 Thread 0x000002c0599c1da0 Uncommon trap: reason=class_check action=maybe_recompile pc=0x000002c06a7fc654 method=java.util.HashMap.putVal(ILjava/lang/Object;Ljava/lang/Object;ZZ)Ljava/lang/Object; @ 253 c2
Event: 1.080 Thread 0x000002c0599c1da0 DEOPT PACKING pc=0x000002c06a7fc654 sp=0x000000da389fde00
Event: 1.080 Thread 0x000002c0599c1da0 DEOPT UNPACKING pc=0x000002c062d55c23 sp=0x000000da389fdd58 mode 2
Event: 1.081 Thread 0x000002c0599c1da0 Uncommon trap: trap_request=0xffffffde fr.pc=0x000002c06a7fc654 relative=0x0000000000001354
Event: 1.081 Thread 0x000002c0599c1da0 Uncommon trap: reason=class_check action=maybe_recompile pc=0x000002c06a7fc654 method=java.util.HashMap.putVal(ILjava/lang/Object;Ljava/lang/Object;ZZ)Ljava/lang/Object; @ 253 c2
Event: 1.081 Thread 0x000002c0599c1da0 DEOPT PACKING pc=0x000002c06a7fc654 sp=0x000000da389fde00
Event: 1.081 Thread 0x000002c0599c1da0 DEOPT UNPACKING pc=0x000002c062d55c23 sp=0x000000da389fdd58 mode 2

Classes unloaded (0 events):
No events

Classes redefined (0 events):
No events

Internal exceptions (10 events):
Event: 0.521 Thread 0x000002c07efaa9b0 Exception <a 'java/lang/NoSuchMethodError'{0x000000070fdced20}: 'java.lang.Object java.lang.invoke.DirectMethodHandle$Holder.invokeStaticInit(java.lang.Object)'> (0x000000070fdced20) 
thrown [s\src\hotspot\share\interpreter\linkResolver.cpp, line 759]
Event: 0.529 Thread 0x000002c07efaa9b0 Exception <a 'java/lang/NoSuchMethodError'{0x000000070fddcb50}: 'void java.lang.invoke.DirectMethodHandle$Holder.invokeStatic(java.lang.Object, java.lang.Object)'> (0x000000070fddcb50) 
thrown [s\src\hotspot\share\interpreter\linkResolver.cpp, line 759]
Event: 0.646 Thread 0x000002c0599c1da0 Exception <a 'java/lang/ClassNotFoundException'{0x000000070fb556b0}: javax/smartcardio/CardPermission> (0x000000070fb556b0) 
thrown [s\src\hotspot\share\classfile\systemDictionary.cpp, line 256]
Event: 0.651 Thread 0x000002c0599c1da0 Exception <a 'java/io/FileNotFoundException'{0x000000070fb63898}> (0x000000070fb63898) 
thrown [s\src\hotspot\share\prims\jni.cpp, line 516]
Event: 0.826 Thread 0x000002c0599c1da0 Exception <a 'java/lang/NoSuchMethodError'{0x000000070f67a9b8}: 'java.lang.Object java.lang.invoke.DirectMethodHandle$Holder.invokeSpecialIFC(java.lang.Object, java.lang.Object, java.lang.Object, java.lang.Object)'> (0x000000070f67a9b8) 
thrown [s\src\hotspot\share\interpreter\linkResolver.cpp, line 759]
Event: 0.856 Thread 0x000002c0599c1da0 Exception <a 'java/lang/NoSuchMethodError'{0x000000070f71bc40}: 'int java.lang.invoke.DirectMethodHandle$Holder.invokeStaticInit(java.lang.Object, java.lang.Object)'> (0x000000070f71bc40) 
thrown [s\src\hotspot\share\interpreter\linkResolver.cpp, line 759]
Event: 0.979 Thread 0x000002c0599c1da0 Exception <a 'java/lang/NoSuchMethodError'{0x000000070f4f7ed8}: 'int java.lang.invoke.DirectMethodHandle$Holder.invokeStaticInit(java.lang.Object, java.lang.Object, java.lang.Object)'> (0x000000070f4f7ed8) 
thrown [s\src\hotspot\share\interpreter\linkResolver.cpp, line 759]
Event: 0.991 Thread 0x000002c0599c1da0 Exception <a 'java/lang/NoSuchMethodError'{0x000000070f54b660}: 'java.lang.Object java.lang.invoke.DirectMethodHandle$Holder.newInvokeSpecial(java.lang.Object, java.lang.Object, java.lang.Object, java.lang.Object, java.lang.Object)'> (0x000000070f54b660) 
thrown [s\src\hotspot\share\interpreter\linkResolver.cpp, line 759]
Event: 1.008 Thread 0x000002c0599c1da0 Exception <a 'java/lang/NoSuchMethodError'{0x000000070f5af548}: 'void java.lang.invoke.DirectMethodHandle$Holder.invokeStatic(java.lang.Object, java.lang.Object, java.lang.Object)'> (0x000000070f5af548) 
thrown [s\src\hotspot\share\interpreter\linkResolver.cpp, line 759]
Event: 1.147 Thread 0x000002c0599c1da0 Exception <a 'sun/nio/fs/WindowsException'{0x000000070ff56838}> (0x000000070ff56838) 
thrown [s\src\hotspot\share\prims\jni.cpp, line 516]

VM Operations (10 events):
Event: 0.349 Executing VM operation: HandshakeAllThreads
Event: 0.349 Executing VM operation: HandshakeAllThreads done
Event: 0.519 Executing VM operation: HandshakeAllThreads
Event: 0.519 Executing VM operation: HandshakeAllThreads done
Event: 0.810 Executing VM operation: HandshakeAllThreads
Event: 0.810 Executing VM operation: HandshakeAllThreads done
Event: 1.021 Executing VM operation: G1CollectForAllocation
Event: 1.031 Executing VM operation: G1CollectForAllocation done
Event: 1.149 Executing VM operation: HandshakeAllThreads
Event: 1.149 Executing VM operation: HandshakeAllThreads done

Events (20 events):
Event: 1.139 loading class com/sun/naming/internal/VersionHelper
Event: 1.140 loading class com/sun/naming/internal/VersionHelper done
Event: 1.144 loading class com/sun/naming/internal/VersionHelper$InputStreamEnumeration
Event: 1.144 loading class javax/naming/NamingEnumeration
Event: 1.145 loading class javax/naming/NamingEnumeration done
Event: 1.145 loading class com/sun/naming/internal/VersionHelper$InputStreamEnumeration done
Event: 1.147 loading class sun/nio/fs/WindowsException
Event: 1.147 loading class sun/nio/fs/WindowsException done
Event: 1.147 loading class java/util/Hashtable$KeySet
Event: 1.148 loading class java/util/Hashtable$KeySet done
Event: 1.148 loading class javax/naming/spi/NamingManager
Event: 1.148 loading class javax/naming/spi/NamingManager done
Event: 1.149 loading class javax/naming/NoInitialContextException
Event: 1.149 loading class javax/naming/NoInitialContextException done
Event: 1.149 loading class java/lang/ProcessEnvironment
Event: 1.149 loading class java/lang/ProcessEnvironment done
Event: 1.149 loading class java/lang/ProcessEnvironment$NameComparator
Event: 1.149 loading class java/lang/ProcessEnvironment$NameComparator done
Event: 1.149 loading class java/lang/ProcessEnvironment$EntryComparator
Event: 1.150 loading class java/lang/ProcessEnvironment$EntryComparator done


Dynamic libraries:
0x00007ff70d6b0000 - 0x00007ff70d6bd000 	C:\Users\sfjbs\.jdks\corretto-17.0.4.1\bin\java.exe
0x00007ff9f3a30000 - 0x00007ff9f3c28000 	C:\Windows\SYSTEM32\ntdll.dll
0x00007ff9f3380000 - 0x00007ff9f343d000 	C:\Windows\System32\KERNEL32.DLL
0x00007ff9f17c0000 - 0x00007ff9f1a8e000 	C:\Windows\System32\KERNELBASE.dll
0x00007ff9f1560000 - 0x00007ff9f1660000 	C:\Windows\System32\ucrtbase.dll
0x00007ff9d55c0000 - 0x00007ff9d55d8000 	C:\Users\sfjbs\.jdks\corretto-17.0.4.1\bin\jli.dll
0x00007ff9cea00000 - 0x00007ff9cea15000 	C:\Users\sfjbs\.jdks\corretto-17.0.4.1\bin\VCRUNTIME140.dll
0x00007ff9f2780000 - 0x00007ff9f2920000 	C:\Windows\System32\USER32.dll
0x00007ff9f1420000 - 0x00007ff9f1442000 	C:\Windows\System32\win32u.dll
0x00007ff9d4620000 - 0x00007ff9d48ba000 	C:\Windows\WinSxS\amd64_microsoft.windows.common-controls_6595b64144ccf1df_6.0.19041.1110_none_60b5254171f9507e\COMCTL32.dll
0x00007ff9f23b0000 - 0x00007ff9f23da000 	C:\Windows\System32\GDI32.dll
0x00007ff9f16b0000 - 0x00007ff9f17bb000 	C:\Windows\System32\gdi32full.dll
0x00007ff9f2920000 - 0x00007ff9f29be000 	C:\Windows\System32\msvcrt.dll
0x00007ff9f1450000 - 0x00007ff9f14ed000 	C:\Windows\System32\msvcp_win.dll
0x00007ff9f32e0000 - 0x00007ff9f3310000 	C:\Windows\System32\IMM32.DLL
0x00007ff9ca3a0000 - 0x00007ff9ca43b000 	C:\Users\sfjbs\.jdks\corretto-17.0.4.1\bin\msvcp140.dll
0x00007ff99cd10000 - 0x00007ff99d924000 	C:\Users\sfjbs\.jdks\corretto-17.0.4.1\bin\server\jvm.dll
0x00007ff9f22f0000 - 0x00007ff9f239e000 	C:\Windows\System32\ADVAPI32.dll
0x00007ff9f1c40000 - 0x00007ff9f1cdc000 	C:\Windows\System32\sechost.dll
0x00007ff9f3440000 - 0x00007ff9f3565000 	C:\Windows\System32\RPCRT4.dll
0x00007ff9f3310000 - 0x00007ff9f3318000 	C:\Windows\System32\PSAPI.DLL
0x00007ff9eab70000 - 0x00007ff9eab79000 	C:\Windows\SYSTEM32\WSOCK32.dll
0x00007ff9f3570000 - 0x00007ff9f35db000 	C:\Windows\System32\WS2_32.dll
0x00007ff9d45c0000 - 0x00007ff9d45e7000 	C:\Windows\SYSTEM32\WINMM.dll
0x00007ff9e87d0000 - 0x00007ff9e87da000 	C:\Windows\SYSTEM32\VERSION.dll
0x00007ff9eef40000 - 0x00007ff9eef52000 	C:\Windows\SYSTEM32\kernel.appcore.dll
0x00007ff9ece20000 - 0x00007ff9ece2a000 	C:\Users\sfjbs\.jdks\corretto-17.0.4.1\bin\jimage.dll
0x00007ff9e1700000 - 0x00007ff9e18e4000 	C:\Windows\SYSTEM32\DBGHELP.DLL
0x00007ff9e5a00000 - 0x00007ff9e5a2c000 	C:\Windows\SYSTEM32\dbgcore.DLL
0x00007ff9f1150000 - 0x00007ff9f11d2000 	C:\Windows\System32\bcryptPrimitives.dll
0x00007ff9e7560000 - 0x00007ff9e756e000 	C:\Users\sfjbs\.jdks\corretto-17.0.4.1\bin\instrument.dll
0x00007ff9cc370000 - 0x00007ff9cc395000 	C:\Users\sfjbs\.jdks\corretto-17.0.4.1\bin\java.dll
0x00007ff9ca2c0000 - 0x00007ff9ca396000 	C:\Users\sfjbs\.jdks\corretto-17.0.4.1\bin\jsvml.dll
0x00007ff9f29c0000 - 0x00007ff9f3103000 	C:\Windows\System32\SHELL32.dll
0x00007ff9ef220000 - 0x00007ff9ef9b5000 	C:\Windows\SYSTEM32\windows.storage.dll
0x00007ff9f3690000 - 0x00007ff9f39e4000 	C:\Windows\System32\combase.dll
0x00007ff9f0a00000 - 0x00007ff9f0a30000 	C:\Windows\SYSTEM32\Wldp.dll
0x00007ff9f35e0000 - 0x00007ff9f368d000 	C:\Windows\System32\SHCORE.dll
0x00007ff9f1ce0000 - 0x00007ff9f1d35000 	C:\Windows\System32\shlwapi.dll
0x00007ff9f1090000 - 0x00007ff9f10af000 	C:\Windows\SYSTEM32\profapi.dll
0x00007ff9cbbb0000 - 0x00007ff9cbbc8000 	C:\Users\sfjbs\.jdks\corretto-17.0.4.1\bin\zip.dll
0x00007ff9cc4b0000 - 0x00007ff9cc4c9000 	C:\Users\sfjbs\.jdks\corretto-17.0.4.1\bin\net.dll
0x00007ff9e9a10000 - 0x00007ff9e9b1a000 	C:\Windows\SYSTEM32\WINHTTP.dll
0x00007ff9f07e0000 - 0x00007ff9f084a000 	C:\Windows\system32\mswsock.dll
0x00007ff9cc350000 - 0x00007ff9cc365000 	C:\Users\sfjbs\.jdks\corretto-17.0.4.1\bin\nio.dll
0x00007ff9d21a0000 - 0x00007ff9d21ba000 	C:\Program Files\JetBrains\IntelliJ IDEA Community Edition 2022.2.1\bin\breakgen64.dll
0x00007ff9d29d0000 - 0x00007ff9d29e0000 	C:\Users\sfjbs\.jdks\corretto-17.0.4.1\bin\verify.dll

dbghelp: loaded successfully - version: 4.0.5 - missing functions: none
symbol engine: initialized successfully - sym options: 0x614 - pdb path: .;C:\Users\sfjbs\.jdks\corretto-17.0.4.1\bin;C:\Windows\SYSTEM32;C:\Windows\WinSxS\amd64_microsoft.windows.common-controls_6595b64144ccf1df_6.0.19041.1110_none_60b5254171f9507e;C:\Users\sfjbs\.jdks\corretto-17.0.4.1\bin\server;C:\Program Files\JetBrains\IntelliJ IDEA Community Edition 2022.2.1\bin

VM Arguments:
jvm_args: -javaagent:C:\Program Files\JetBrains\IntelliJ IDEA Community Edition 2022.2.1\lib\idea_rt.jar=52805:C:\Program Files\JetBrains\IntelliJ IDEA Community Edition 2022.2.1\bin -Dfile.encoding=UTF-8 
java_command: com.example.app.FirstSpringBootApplication
java_class_path (initial): C:\Users\sfjbs\Downloads\first-spring-boot (1)\first-spring-boot\target\classes;C:\Users\sfjbs\.m2\repository\org\springframework\boot\spring-boot-starter-web\2.7.4\spring-boot-starter-web-2.7.4.jar;C:\Users\sfjbs\.m2\repository\org\springframework\boot\spring-boot-starter\2.7.4\spring-boot-starter-2.7.4.jar;C:\Users\sfjbs\.m2\repository\org\springframework\boot\spring-boot\2.7.4\spring-boot-2.7.4.jar;C:\Users\sfjbs\.m2\repository\org\springframework\boot\spring-boot-autoconfigure\2.7.4\spring-boot-autoconfigure-2.7.4.jar;C:\Users\sfjbs\.m2\repository\org\springframework\boot\spring-boot-starter-logging\2.7.4\spring-boot-starter-logging-2.7.4.jar;C:\Users\sfjbs\.m2\repository\ch\qos\logback\logback-classic\1.2.11\logback-classic-1.2.11.jar;C:\Users\sfjbs\.m2\repository\ch\qos\logback\logback-core\1.2.11\logback-core-1.2.11.jar;C:\Users\sfjbs\.m2\repository\org\apache\logging\log4j\log4j-to-slf4j\2.17.2\log4j-to-slf4j-2.17.2.jar;C:\Users\sfjbs\.m2\repository\org\apache\logging\log4j\log4j-api\2.17.2\log4j-api-2.17.2.jar;C:\Users\sfjbs\.m2\repository\org\slf4j\jul-to-slf4j\1.7.36\jul-to-slf4j-1.7.36.jar;C:\Users\sfjbs\.m2\repository\jakarta\annotation\jakarta.annotation-api\1.3.5\jakarta.annotation-api-1.3.5.jar;C:\Users\sfjbs\.m2\repository\org\yaml\snakeyaml\1.30\snakeyaml-1.30.jar;C:\Users\sfjbs\.m2\repository\org\springframework\boot\spring-boot-starter-json\2.7.4\spring-boot-starter-json-2.7.4.jar;C:\Users\sfjbs\.m2\repository\com\fasterxml\jackson\core\jackson-databind\2.13.4\jackson-databind-2.13.4.jar;C:\Users\sfjbs\.m2\repository\com\fasterxml\jackson\core\jackson-annotations\2.13.4\jackson-annotations-2.13.4.jar;C:\Users\sfjbs\.m2\repository\com\fasterxml\jackson\core\jackson-core\2.13.4\jackson-core-2.13.4.jar;C:\Users\sfjbs\.m2\repository\com\fasterxml\jackson\datatype\jackson-datatype-jdk8\2.13.4\jackson-datatype-jdk8-2.13.4.jar;C:\Users\sfjbs\.m2\repository\com\fasterxml\jackson\datatype\jackson-datatype-jsr310\2.13.4\jackson
Launcher Type: SUN_STANDARD

[Global flags]
     intx CICompilerCount                          = 3                                         {product} {ergonomic}
     uint ConcGCThreads                            = 1                                         {product} {ergonomic}
     uint G1ConcRefinementThreads                  = 4                                         {product} {ergonomic}
   size_t G1HeapRegionSize                         = 2097152                                   {product} {ergonomic}
    uintx GCDrainStackTargetSize                   = 64                                        {product} {ergonomic}
   size_t InitialHeapSize                          = 268435456                                 {product} {ergonomic}
   size_t MarkStackSize                            = 4194304                                   {product} {ergonomic}
   size_t MaxHeapSize                              = 4294967296                                {product} {ergonomic}
   size_t MaxNewSize                               = 2575302656                                {product} {ergonomic}
   size_t MinHeapDeltaBytes                        = 2097152                                   {product} {ergonomic}
   size_t MinHeapSize                              = 8388608                                   {product} {ergonomic}
    uintx NonNMethodCodeHeapSize                   = 5832780                                {pd product} {ergonomic}
    uintx NonProfiledCodeHeapSize                  = 122912730                              {pd product} {ergonomic}
    uintx ProfiledCodeHeapSize                     = 122912730                              {pd product} {ergonomic}
    uintx ReservedCodeCacheSize                    = 251658240                              {pd product} {ergonomic}
     bool SegmentedCodeCache                       = true                                      {product} {ergonomic}
   size_t SoftMaxHeapSize                          = 4294967296                             {manageable} {ergonomic}
     bool UseCompressedClassPointers               = true                           {product lp64_product} {ergonomic}
     bool UseCompressedOops                        = true                           {product lp64_product} {ergonomic}
     bool UseG1GC                                  = true                                      {product} {ergonomic}
     bool UseLargePagesIndividualAllocation        = false                                  {pd product} {ergonomic}

Logging:
Log output configuration:
 #0: stdout all=warning uptime,level,tags
 #1: stderr all=off uptime,level,tags

Environment Variables:
PATH=C:\Program Files\Common Files\Oracle\Java\javapath;C:\Windows\system32;C:\Windows;C:\Windows\System32\Wbem;C:\Windows\System32\WindowsPowerShell\v1.0\;C:\Windows\System32\OpenSSH\;C:\Users\sfjbs\Downloads\micro service-20221001T123314Z-001\micro service\apache-maven-3.8.5-bin\apache-maven-3.8.5\bin;C:\Users\sfjbs\Downloads\micro service-20221001T123314Z-001\micro service\apache-maven-3.8.5-bin\apache-maven-3.8.5\lib;C:\Program Files\Docker\Docker\resources\bin;C:\ProgramData\DockerDesktop\version-bin;C:\Program Files\Git\cmd;C:\Users\sfjbs\AppData\Local\Microsoft\WindowsApps;C:\Users\sfjbs\Downloads\micro service-20221001T123314Z-001\micro service\apache-maven-3.8.5-bin\apache-maven-3.8.5\bin;C:\Users\sfjbs\Downloads\micro service-20221001T123314Z-001\micro service\apache-maven-3.8.5-bin\apache-maven-3.8.5\lib;;C:\Program Files\JetBrains\IntelliJ IDEA Community Edition 2022.2.1\bin;
USERNAME=sfjbs
OS=Windows_NT
PROCESSOR_IDENTIFIER=Intel64 Family 6 Model 85 Stepping 7, GenuineIntel
TMP=C:\Users\sfjbs\AppData\Local\Temp
TEMP=C:\Users\sfjbs\AppData\Local\Temp



---------------  S Y S T E M  ---------------

OS:
 Windows 10 , 64 bit Build 19041 (10.0.19041.1889)
OS uptime: 5 days 21:40 hours
Hyper-V role detected

CPU: total 4 (initial active 4) (2 cores per cpu, 2 threads per core) family 6 model 85 stepping 7 microcode 0xffffffff, cx8, cmov, fxsr, ht, mmx, 3dnowpref, sse, sse2, sse3, ssse3, sse4.1, sse4.2, popcnt, lzcnt, tsc, avx, avx2, aes, erms, clmul, bmi1, bmi2, rtm, adx, avx512f, avx512dq, avx512cd, avx512bw, avx512vl, fma, vzeroupper, clflush, clflushopt, hv

Memory: 4k page, system-wide physical 16382M (645M free)
TotalPageFile size 20478M (AvailPageFile size 3M)
current process WorkingSet (physical memory assigned to process): 63M, peak: 63M
current process commit charge ("private bytes"): 347M, peak: 348M

vm_info: OpenJDK 64-Bit Server VM (17.0.4.1+9-LTS) for windows-amd64 JRE (17.0.4.1+9-LTS), built on Aug 12 2022 17:33:36 by "Administrator" with MS VC++ 15.9 (VS2017)

END.
