#
# There is insufficient memory for the Java Runtime Environment to continue.
# Native memory allocation (mmap) failed to map 134217728 bytes for Failed to commit area from 0x0000000080000000 to 0x0000000088000000 of length 134217728.
# Possible reasons:
#   The system is out of physical RAM or swap space
#   The process is running with CompressedOops enabled, and the Java Heap may be blocking the growth of the native heap
# Possible solutions:
#   Reduce memory load on the system
#   Increase physical memory or swap space
#   Check if swap backing store is full
#   Decrease Java heap size (-Xmx/-Xms)
#   Decrease number of Java threads
#   Decrease Java thread stack sizes (-Xss)
#   Set larger code cache with -XX:ReservedCodeCacheSize=
# This output file may be truncated or incomplete.
#
#  Out of Memory Error (./open/src/hotspot/os/windows/os_windows.cpp:3287), pid=28836, tid=28052
#
# JRE version:  (11.0.16+11) (build )
# Java VM: Java HotSpot(TM) 64-Bit Server VM (11.0.16+11-LTS-199, mixed mode, sharing, tiered, compressed oops, g1 gc, windows-amd64)
# No core dump will be written. Minidumps are not enabled by default on client versions of Windows
#

---------------  S U M M A R Y ------------

Command Line: C:\Users\sfjbs\AppData\Local\Temp\surefire2750831697989105245\surefirebooter12344699120759243586.jar C:\Users\sfjbs\AppData\Local\Temp\surefire2750831697989105245 2022-11-01T09-55-47_212-jvmRun1 surefire3681455578572867373tmp surefire_0975998636368521435tmp

Host: Intel(R) Xeon(R) Platinum 8272CL CPU @ 2.60GHz, 2 cores, 7G,  Windows 10 , 64 bit Build 19041 (10.0.19041.1889)
Time: Tue Nov  1 09:55:48 2022 Coordinated Universal Time elapsed time: 0.021339 seconds (0d 0h 0m 0s)

---------------  T H R E A D  ---------------

Current thread (0x0000028b05d7b800):  JavaThread "Unknown thread" [_thread_in_vm, id=28052, stack(0x000000a632300000,0x000000a632400000)]

Stack: [0x000000a632300000,0x000000a632400000]
Native frames: (J=compiled Java code, j=interpreted, Vv=VM code, C=native code)
V  [jvm.dll+0x62a3ea]
V  [jvm.dll+0x76418f]
V  [jvm.dll+0x765839]
V  [jvm.dll+0x765ec3]
V  [jvm.dll+0x23da98]
V  [jvm.dll+0x62770a]
V  [jvm.dll+0x61c475]
V  [jvm.dll+0x2f2aac]
V  [jvm.dll+0x2f2932]
V  [jvm.dll+0x2f7656]
V  [jvm.dll+0x33a1cf]
V  [jvm.dll+0x339c00]
V  [jvm.dll+0x2d00c8]
V  [jvm.dll+0x2d1236]
V  [jvm.dll+0x73e757]
V  [jvm.dll+0x73ffef]
V  [jvm.dll+0x346ef9]
V  [jvm.dll+0x723f90]
V  [jvm.dll+0x3b5adf]
V  [jvm.dll+0x3b7bf1]
C  [jli.dll+0x5207]
C  [ucrtbase.dll+0x21bb2]
C  [KERNEL32.DLL+0x17034]
C  [ntdll.dll+0x526a1]


---------------  P R O C E S S  ---------------

Threads class SMR info:
_java_thread_list=0x0000028b03b60800, length=0, elements={
}

Java Threads: ( => current thread )

Other Threads:
  0x0000028b05d8f800 GCTaskThread "GC Thread#0" [stack: 0x000000a632400000,0x000000a632500000] [id=29608]
  0x0000028b03c3d800 ConcurrentGCThread "G1 Main Marker" [stack: 0x000000a632500000,0x000000a632600000] [id=28600]
  0x0000028b05dbf000 ConcurrentGCThread "G1 Conc#0" [stack: 0x000000a632600000,0x000000a632700000] [id=28284]

[error occurred during error reporting (printing all threads), id 0xc0000005, EXCEPTION_ACCESS_VIOLATION (0xc0000005) at pc=0x00007ffe5bf7f357]

VM state:not at safepoint (not fully initialized)

VM Mutex/Monitor currently owned by a thread:  ([mutex/lock_event])
[0x0000028b05d756d0] Heap_lock - owner thread: 0x0000028b05d7b800

Heap address: 0x0000000080000000, size: 2048 MB, Compressed Oops mode: Non-zero based: 0x0000000080000000
Narrow klass base: 0x0000000000000000, Narrow klass shift: 0

GC Heap History (0 events):
No events

Deoptimization events (0 events):
No events

Classes redefined (0 events):
No events

Internal exceptions (0 events):
No events

Events (0 events):
No events


Dynamic libraries:
0x00007ff7e9130000 - 0x00007ff7e913f000 	C:\Program Files\Java\jdk-11.0.16\bin\java.exe
0x00007ffeb96d0000 - 0x00007ffeb98c8000 	C:\Windows\SYSTEM32\ntdll.dll
0x00007ffeb7730000 - 0x00007ffeb77ed000 	C:\Windows\System32\KERNEL32.DLL
0x00007ffeb7450000 - 0x00007ffeb7722000 	C:\Windows\System32\KERNELBASE.dll
0x00007ffeb6de0000 - 0x00007ffeb6ee0000 	C:\Windows\System32\ucrtbase.dll
0x00007ffea5fb0000 - 0x00007ffea5fc8000 	C:\Program Files\Java\jdk-11.0.16\bin\jli.dll
0x00007ffeb8110000 - 0x00007ffeb81be000 	C:\Windows\System32\ADVAPI32.dll
0x00007ffeb84a0000 - 0x00007ffeb853e000 	C:\Windows\System32\msvcrt.dll
0x00007ffeb8010000 - 0x00007ffeb80ac000 	C:\Windows\System32\sechost.dll
0x00007ffeb89e0000 - 0x00007ffeb8b05000 	C:\Windows\System32\RPCRT4.dll
0x00007ffeb7e10000 - 0x00007ffeb7fad000 	C:\Windows\System32\USER32.dll
0x00007ffeb73d0000 - 0x00007ffeb73f2000 	C:\Windows\System32\win32u.dll
0x00007ffeb92f0000 - 0x00007ffeb931b000 	C:\Windows\System32\GDI32.dll
0x00007ffeb6ee0000 - 0x00007ffeb6fef000 	C:\Windows\System32\gdi32full.dll
0x00007ffeb7250000 - 0x00007ffeb72ed000 	C:\Windows\System32\msvcp_win.dll
0x00007ffea3b80000 - 0x00007ffea3b95000 	C:\Program Files\Java\jdk-11.0.16\bin\VCRUNTIME140.dll
0x00007ffe98c10000 - 0x00007ffe98eaa000 	C:\Windows\WinSxS\amd64_microsoft.windows.common-controls_6595b64144ccf1df_6.0.19041.1110_none_60b5254171f9507e\COMCTL32.dll
0x00007ffeaf180000 - 0x00007ffeaf18a000 	C:\Windows\SYSTEM32\VERSION.dll
0x00007ffeb81c0000 - 0x00007ffeb81f0000 	C:\Windows\System32\IMM32.DLL
0x00007ffe9dce0000 - 0x00007ffe9dd7b000 	C:\Program Files\Java\jdk-11.0.16\bin\msvcp140.dll
0x00007ffe5bca0000 - 0x00007ffe5c7b8000 	C:\Program Files\Java\jdk-11.0.16\bin\server\jvm.dll
0x00007ffeb9320000 - 0x00007ffeb9328000 	C:\Windows\System32\PSAPI.DLL
0x00007ffea1a70000 - 0x00007ffea1a79000 	C:\Windows\SYSTEM32\WSOCK32.dll
0x00007ffeb8420000 - 0x00007ffeb848b000 	C:\Windows\System32\WS2_32.dll
0x00007ffe96c40000 - 0x00007ffe96c67000 	C:\Windows\SYSTEM32\WINMM.dll
0x00007ffeb4c80000 - 0x00007ffeb4c92000 	C:\Windows\SYSTEM32\kernel.appcore.dll
0x00007ffeb27e0000 - 0x00007ffeb27f0000 	C:\Program Files\Java\jdk-11.0.16\bin\verify.dll
0x00007ffea5940000 - 0x00007ffea5b24000 	C:\Windows\SYSTEM32\DBGHELP.DLL
0x00007ffea5de0000 - 0x00007ffea5e0c000 	C:\Windows\SYSTEM32\dbgcore.DLL
0x00007ffeb71c0000 - 0x00007ffeb7242000 	C:\Windows\System32\bcryptPrimitives.dll
0x00007ffe9dcb0000 - 0x00007ffe9dcd8000 	C:\Program Files\Java\jdk-11.0.16\bin\java.dll
0x00007ffea3b70000 - 0x00007ffea3b7a000 	C:\Program Files\Java\jdk-11.0.16\bin\jimage.dll
0x00007ffe9e950000 - 0x00007ffe9e966000 	C:\Program Files\Java\jdk-11.0.16\bin\zip.dll

dbghelp: loaded successfully - version: 4.0.5 - missing functions: none
symbol engine: initialized successfully - sym options: 0x614 - pdb path: .;C:\Program Files\Java\jdk-11.0.16\bin;C:\Windows\SYSTEM32;C:\Windows\WinSxS\amd64_microsoft.windows.common-controls_6595b64144ccf1df_6.0.19041.1110_none_60b5254171f9507e;C:\Program Files\Java\jdk-11.0.16\bin\server

VM Arguments:
java_command: C:\Users\sfjbs\AppData\Local\Temp\surefire2750831697989105245\surefirebooter12344699120759243586.jar C:\Users\sfjbs\AppData\Local\Temp\surefire2750831697989105245 2022-11-01T09-55-47_212-jvmRun1 surefire3681455578572867373tmp surefire_0975998636368521435tmp
java_class_path (initial): C:\Users\sfjbs\AppData\Local\Temp\surefire2750831697989105245\surefirebooter12344699120759243586.jar
Launcher Type: SUN_STANDARD

[Global flags]
     intx CICompilerCount                          = 2                                         {product} {ergonomic}
     uint ConcGCThreads                            = 1                                         {product} {ergonomic}
     uint G1ConcRefinementThreads                  = 2                                         {product} {ergonomic}
   size_t G1HeapRegionSize                         = 1048576                                   {product} {ergonomic}
    uintx GCDrainStackTargetSize                   = 64                                        {product} {ergonomic}
   size_t InitialHeapSize                          = 134217728                                 {product} {ergonomic}
   size_t MarkStackSize                            = 4194304                                   {product} {ergonomic}
   size_t MaxHeapSize                              = 2147483648                                {product} {ergonomic}
   size_t MinHeapDeltaBytes                        = 1048576                                   {product} {ergonomic}
    uintx NonNMethodCodeHeapSize                   = 5825164                                {pd product} {ergonomic}
    uintx NonProfiledCodeHeapSize                  = 122916538                              {pd product} {ergonomic}
    uintx ProfiledCodeHeapSize                     = 122916538                              {pd product} {ergonomic}
    uintx ReservedCodeCacheSize                    = 251658240                              {pd product} {ergonomic}
     bool SegmentedCodeCache                       = true                                      {product} {ergonomic}
     bool UseCompressedClassPointers               = true                                 {lp64_product} {ergonomic}
     bool UseCompressedOops                        = true                                 {lp64_product} {ergonomic}
     bool UseG1GC                                  = true                                      {product} {ergonomic}
     bool UseLargePagesIndividualAllocation        = false                                  {pd product} {ergonomic}

Logging:
Log output configuration:
 #0: stdout all=warning uptime,level,tags
 #1: stderr all=off uptime,level,tags

Environment Variables:
PATH=C:\Program Files\Common Files\Oracle\Java\javapath;C:\Windows\system32;C:\Windows;C:\Windows\System32\Wbem;C:\Windows\System32\WindowsPowerShell\v1.0\;C:\Windows\System32\OpenSSH\;C:\Users\sfjbs\Downloads\micro service-20221001T123314Z-001\micro service\apache-maven-3.8.5-bin\apache-maven-3.8.5\bin;C:\Users\sfjbs\Downloads\micro service-20221001T123314Z-001\micro service\apache-maven-3.8.5-bin\apache-maven-3.8.5\lib;C:\Program Files\Docker\Docker\resources\bin;C:\ProgramData\DockerDesktop\version-bin;C:\Program Files\Git\cmd;C:\Users\sfjbs\AppData\Local\Microsoft\WindowsApps;C:\Users\sfjbs\Downloads\micro service-20221001T123314Z-001\micro service\apache-maven-3.8.5-bin\apache-maven-3.8.5\bin;C:\Users\sfjbs\Downloads\micro service-20221001T123314Z-001\micro service\apache-maven-3.8.5-bin\apache-maven-3.8.5\lib;;C:\Program Files\JetBrains\IntelliJ IDEA Community Edition 2022.2.1\bin;
USERNAME=sfjbs
OS=Windows_NT
PROCESSOR_IDENTIFIER=Intel64 Family 6 Model 85 Stepping 7, GenuineIntel



---------------  S Y S T E M  ---------------

OS: Windows 10 , 64 bit Build 19041 (10.0.19041.1889)
Hyper-V role detected

CPU:total 2 (initial active 2) (1 cores per cpu, 2 threads per core) family 6 model 85 stepping 7 microcode 0xffffffff, cmov, cx8, fxsr, mmx, sse, sse2, sse3, ssse3, sse4.1, sse4.2, popcnt, avx, avx2, aes, clmul, erms, rtm, 3dnowpref, lzcnt, ht, tsc, bmi1, bmi2, adx, evex, fma

Memory: 4k page, system-wide physical 8190M (448M free)
TotalPageFile size 10238M (AvailPageFile size 81M)
current process WorkingSet (physical memory assigned to process): 9M, peak: 9M
current process commit charge ("private bytes"): 47M, peak: 175M

vm_info: Java HotSpot(TM) 64-Bit Server VM (11.0.16+11-LTS-199) for windows-amd64 JRE (11.0.16+11-LTS-199), built on Jun 28 2022 08:23:17 by "mach5one" with MS VC++ 15.9 (VS2017)

END.
