#
# There is insufficient memory for the Java Runtime Environment to continue.
# Native memory allocation (mmap) failed to map 27262976 bytes for Failed to commit area from 0x0000000088000000 to 0x0000000089a00000 of length 27262976.
# Possible reasons:
#   The system is out of physical RAM or swap space
#   The process is running with CompressedOops enabled, and the Java Heap may be blocking the growth of the native heap
# Possible solutions:
#   Reduce memory load on the system
#   Increase physical memory or swap space
#   Check if swap backing store is full
#   Decrease Java heap size (-Xmx/-Xms)
#   Decrease number of Java threads
#   Decrease Java thread stack sizes (-Xss)
#   Set larger code cache with -XX:ReservedCodeCacheSize=
#   JVM is running with Unscaled Compressed Oops mode in which the Java heap is
#     placed in the first 4GB address space. The Java Heap base address is the
#     maximum limit for the native heap growth. Please use -XX:HeapBaseMinAddress
#     to set the Java Heap base and to place the Java Heap above 4GB virtual address.
# This output file may be truncated or incomplete.
#
#  Out of Memory Error (./open/src/hotspot/os/windows/os_windows.cpp:3287), pid=20172, tid=19684
#
# JRE version: Java(TM) SE Runtime Environment 18.9 (11.0.16+11) (build 11.0.16+11-LTS-199)
# Java VM: Java HotSpot(TM) 64-Bit Server VM 18.9 (11.0.16+11-LTS-199, mixed mode, tiered, compressed oops, g1 gc, windows-amd64)
# No core dump will be written. Minidumps are not enabled by default on client versions of Windows
#

---------------  S U M M A R Y ------------

Command Line: -Xverify:none -XX:TieredStopAtLevel=1 com.student.app.PensionMicroserviceApplication

Host: Intel(R) Xeon(R) Platinum 8272CL CPU @ 2.60GHz, 2 cores, 7G,  Windows 10 , 64 bit Build 19041 (10.0.19041.1889)
Time: Mon Oct 31 05:20:31 2022 Coordinated Universal Time elapsed time: 6.188414 seconds (0d 0h 0m 6s)

---------------  T H R E A D  ---------------

Current thread (0x000001b3c140f800):  VMThread "VM Thread" [stack: 0x0000005166800000,0x0000005166900000] [id=19684]

Stack: [0x0000005166800000,0x0000005166900000]
[error occurred during error reporting (printing stack bounds), id 0xc0000005, EXCEPTION_ACCESS_VIOLATION (0xc0000005) at pc=0x000001b3ab0510e7]

Native frames: (J=compiled Java code, j=interpreted, Vv=VM code, C=native code)
V  [jvm.dll+0x62a3ea]
V  [jvm.dll+0x76418f]
V  [jvm.dll+0x765839]
V  [jvm.dll+0x765e25]
V  [jvm.dll+0x765ddb]
V  [jvm.dll+0x6298d3]
V  [jvm.dll+0x629fe8]
C  [ntdll.dll+0xa241f]
C  [ntdll.dll+0x514a4]
C  [ntdll.dll+0xa0f4e]
C  0x000001b3ab0510e7

VM_Operation (0x00000051661fcc20): G1CollectForAllocation, mode: safepoint, requested by thread 0x000001b3a21ae800


---------------  P R O C E S S  ---------------

Threads class SMR info:
_java_thread_list=0x000001b3c3d3cb20, length=13, elements={
0x000001b3a21ae800, 0x000001b3c1412000, 0x000001b3c1414800, 0x000001b3c1432000,
0x000001b3c1434800, 0x000001b3c1437800, 0x000001b3c143b800, 0x000001b3c143f000,
0x000001b3c1eaa800, 0x000001b3c3c3a800, 0x000001b3c3c37800, 0x000001b3c3c5f000,
0x000001b3c3c9c800
}

Java Threads: ( => current thread )
  0x000001b3a21ae800 JavaThread "main" [_thread_blocked, id=17688, stack(0x0000005166100000,0x0000005166200000)]
  0x000001b3c1412000 JavaThread "Reference Handler" daemon [_thread_blocked, id=21688, stack(0x0000005166900000,0x0000005166a00000)]
  0x000001b3c1414800 JavaThread "Finalizer" daemon [_thread_blocked, id=21740, stack(0x0000005166a00000,0x0000005166b00000)]
  0x000001b3c1432000 JavaThread "Signal Dispatcher" daemon [_thread_blocked, id=22036, stack(0x0000005166b00000,0x0000005166c00000)]
  0x000001b3c1434800 JavaThread "Attach Listener" daemon [_thread_blocked, id=22304, stack(0x0000005166c00000,0x0000005166d00000)]
  0x000001b3c1437800 JavaThread "Service Thread" daemon [_thread_blocked, id=21072, stack(0x0000005166d00000,0x0000005166e00000)]
  0x000001b3c143b800 JavaThread "C1 CompilerThread0" daemon [_thread_blocked, id=21764, stack(0x0000005166e00000,0x0000005166f00000)]
  0x000001b3c143f000 JavaThread "Sweeper thread" daemon [_thread_blocked, id=20820, stack(0x0000005166f00000,0x0000005167000000)]
  0x000001b3c1eaa800 JavaThread "Common-Cleaner" daemon [_thread_blocked, id=21712, stack(0x0000005167100000,0x0000005167200000)]
  0x000001b3c3c3a800 JavaThread "Catalina-utility-1" [_thread_blocked, id=21900, stack(0x0000005167300000,0x0000005167400000)]
  0x000001b3c3c37800 JavaThread "Catalina-utility-2" [_thread_blocked, id=20264, stack(0x0000005167400000,0x0000005167500000)]
  0x000001b3c3c5f000 JavaThread "container-0" [_thread_blocked, id=17764, stack(0x0000005167500000,0x0000005167600000)]
  0x000001b3c3c9c800 JavaThread "mysql-cj-abandoned-connection-cleanup" daemon [_thread_blocked, id=17020, stack(0x0000005167600000,0x0000005167700000)]

Other Threads:
=>0x000001b3c140f800 VMThread "VM Thread" [stack: 0x0000005166800000,0x0000005166900000] [id=19684]
  0x000001b3c1ea5800 WatcherThread [stack: 0x0000005167000000,0x0000005167100000] [id=17972]
  0x000001b3a21c4000 GCTaskThread "GC Thread#0" [stack: 0x0000005166300000,0x0000005166400000] [id=21836]
  0x000001b3c2189800 GCTaskThread "GC Thread#1" [stack: 0x0000005167200000,0x0000005167300000] [id=22276]
  0x000001b3a21f4000 ConcurrentGCThread "G1 Main Marker" [stack: 0x0000005166400000,0x0000005166500000] [id=14772]
  0x000001b3a21f5800 ConcurrentGCThread "G1 Conc#0" [stack: 0x0000005166500000,0x0000005166600000] [id=17216]
  0x000001b3a227d000 ConcurrentGCThread "G1 Refine#0" [stack: 0x0000005166600000,0x0000005166700000] [id=22424]
  0x000001b3a227e800 ConcurrentGCThread "G1 Young RemSet Sampling" [stack: 0x0000005166700000,0x0000005166800000] [id=22112]

Threads with active compile tasks:

VM state:at safepoint (normal execution)

VM Mutex/Monitor currently owned by a thread:  ([mutex/lock_event])
[0x000001b3a21aa050] Threads_lock - owner thread: 0x000001b3c140f800
[0x000001b3a21a8820] Heap_lock - owner thread: 0x000001b3a21ae800

OutOfMemory and StackOverflow Exception counts:
OutOfMemoryError java_heap_errors=1
LinkageErrors=62

Heap address: 0x0000000080000000, size: 2048 MB, Compressed Oops mode: 32-bit
Narrow klass base: 0x0000000000000000, Narrow klass shift: 3
Compressed class space size: 1073741824 Address: 0x0000000100000000

Heap:
 garbage-first heap   total 157696K, used 14892K [0x0000000080000000, 0x0000000100000000)
  region size 1024K, 9 young (9216K), 9 survivors (9216K)
 Metaspace       used 32722K, capacity 33850K, committed 33968K, reserved 1079296K
  class space    used 4085K, capacity 4552K, committed 4608K, reserved 1048576K
Heap Regions: E=young(eden), S=young(survivor), O=old, HS=humongous(starts), HC=humongous(continues), CS=collection set, F=free, A=archive, TAMS=top-at-mark-start (previous, next)
|   0|0x0000000080000000, 0x0000000080100000, 0x0000000080100000|100%|HS|  |TAMS 0x0000000080100000, 0x0000000080000000| Complete 
|   1|0x0000000080100000, 0x0000000080200000, 0x0000000080200000|100%| O|  |TAMS 0x0000000080200000, 0x0000000080100000| Untracked 
|   2|0x0000000080200000, 0x0000000080300000, 0x0000000080300000|100%| O|  |TAMS 0x0000000080300000, 0x0000000080200000| Untracked 
|   3|0x0000000080300000, 0x0000000080400000, 0x0000000080400000|100%| O|  |TAMS 0x0000000080400000, 0x0000000080300000| Untracked 
|   4|0x0000000080400000, 0x0000000080500000, 0x0000000080500000|100%| O|  |TAMS 0x0000000080500000, 0x0000000080400000| Untracked 
|   5|0x0000000080500000, 0x0000000080600000, 0x0000000080600000|100%| O|  |TAMS 0x000000008059b200, 0x0000000080500000| Untracked 
|   6|0x0000000080600000, 0x000000008062de00, 0x0000000080700000| 17%| O|  |TAMS 0x0000000080600000, 0x0000000080600000| Untracked 
|   7|0x0000000080700000, 0x0000000080700000, 0x0000000080800000|  0%| F|  |TAMS 0x0000000080700000, 0x0000000080700000| Untracked 
|   8|0x0000000080800000, 0x0000000080800000, 0x0000000080900000|  0%| F|  |TAMS 0x0000000080800000, 0x0000000080800000| Untracked 
|   9|0x0000000080900000, 0x0000000080900000, 0x0000000080a00000|  0%| F|  |TAMS 0x0000000080900000, 0x0000000080900000| Untracked 
|  10|0x0000000080a00000, 0x0000000080a00000, 0x0000000080b00000|  0%| F|  |TAMS 0x0000000080a00000, 0x0000000080a00000| Untracked 
|  11|0x0000000080b00000, 0x0000000080b00000, 0x0000000080c00000|  0%| F|  |TAMS 0x0000000080b00000, 0x0000000080b00000| Untracked 
|  12|0x0000000080c00000, 0x0000000080c00000, 0x0000000080d00000|  0%| F|  |TAMS 0x0000000080c00000, 0x0000000080c00000| Untracked 
|  13|0x0000000080d00000, 0x0000000080d00000, 0x0000000080e00000|  0%| F|  |TAMS 0x0000000080d00000, 0x0000000080d00000| Untracked 
|  14|0x0000000080e00000, 0x0000000080e00000, 0x0000000080f00000|  0%| F|  |TAMS 0x0000000080e00000, 0x0000000080e00000| Untracked 
|  15|0x0000000080f00000, 0x0000000080f00000, 0x0000000081000000|  0%| F|  |TAMS 0x0000000080f00000, 0x0000000080f00000| Untracked 
|  16|0x0000000081000000, 0x0000000081000000, 0x0000000081100000|  0%| F|  |TAMS 0x0000000081000000, 0x0000000081000000| Untracked 
|  17|0x0000000081100000, 0x0000000081100000, 0x0000000081200000|  0%| F|  |TAMS 0x0000000081100000, 0x0000000081100000| Untracked 
|  18|0x0000000081200000, 0x0000000081200000, 0x0000000081300000|  0%| F|  |TAMS 0x0000000081200000, 0x0000000081200000| Untracked 
|  19|0x0000000081300000, 0x0000000081300000, 0x0000000081400000|  0%| F|  |TAMS 0x0000000081300000, 0x0000000081300000| Untracked 
|  20|0x0000000081400000, 0x0000000081400000, 0x0000000081500000|  0%| F|  |TAMS 0x0000000081400000, 0x0000000081400000| Untracked 
|  21|0x0000000081500000, 0x0000000081500000, 0x0000000081600000|  0%| F|  |TAMS 0x0000000081500000, 0x0000000081500000| Untracked 
|  22|0x0000000081600000, 0x0000000081600000, 0x0000000081700000|  0%| F|  |TAMS 0x0000000081600000, 0x0000000081600000| Untracked 
|  23|0x0000000081700000, 0x0000000081700000, 0x0000000081800000|  0%| F|  |TAMS 0x0000000081700000, 0x0000000081700000| Untracked 
|  24|0x0000000081800000, 0x0000000081800000, 0x0000000081900000|  0%| F|  |TAMS 0x0000000081800000, 0x0000000081800000| Untracked 
|  25|0x0000000081900000, 0x0000000081900000, 0x0000000081a00000|  0%| F|  |TAMS 0x0000000081900000, 0x0000000081900000| Untracked 
|  26|0x0000000081a00000, 0x0000000081a00000, 0x0000000081b00000|  0%| F|  |TAMS 0x0000000081a00000, 0x0000000081a00000| Untracked 
|  27|0x0000000081b00000, 0x0000000081b00000, 0x0000000081c00000|  0%| F|  |TAMS 0x0000000081b00000, 0x0000000081b00000| Untracked 
|  28|0x0000000081c00000, 0x0000000081c00000, 0x0000000081d00000|  0%| F|  |TAMS 0x0000000081c00000, 0x0000000081c00000| Untracked 
|  29|0x0000000081d00000, 0x0000000081d00000, 0x0000000081e00000|  0%| F|  |TAMS 0x0000000081d00000, 0x0000000081d00000| Untracked 
|  30|0x0000000081e00000, 0x0000000081e00000, 0x0000000081f00000|  0%| F|  |TAMS 0x0000000081e00000, 0x0000000081e00000| Untracked 
|  31|0x0000000081f00000, 0x0000000081f00000, 0x0000000082000000|  0%| F|  |TAMS 0x0000000081f00000, 0x0000000081f00000| Untracked 
|  32|0x0000000082000000, 0x0000000082000000, 0x0000000082100000|  0%| F|  |TAMS 0x0000000082000000, 0x0000000082000000| Untracked 
|  33|0x0000000082100000, 0x0000000082100000, 0x0000000082200000|  0%| F|  |TAMS 0x0000000082100000, 0x0000000082100000| Untracked 
|  34|0x0000000082200000, 0x0000000082200000, 0x0000000082300000|  0%| F|  |TAMS 0x0000000082200000, 0x0000000082200000| Untracked 
|  35|0x0000000082300000, 0x0000000082300000, 0x0000000082400000|  0%| F|  |TAMS 0x0000000082300000, 0x0000000082300000| Untracked 
|  36|0x0000000082400000, 0x0000000082400000, 0x0000000082500000|  0%| F|  |TAMS 0x0000000082400000, 0x0000000082400000| Untracked 
|  37|0x0000000082500000, 0x0000000082500000, 0x0000000082600000|  0%| F|  |TAMS 0x0000000082500000, 0x0000000082500000| Untracked 
|  38|0x0000000082600000, 0x0000000082600000, 0x0000000082700000|  0%| F|  |TAMS 0x0000000082600000, 0x0000000082600000| Untracked 
|  39|0x0000000082700000, 0x0000000082700000, 0x0000000082800000|  0%| F|  |TAMS 0x0000000082700000, 0x0000000082700000| Untracked 
|  40|0x0000000082800000, 0x0000000082800000, 0x0000000082900000|  0%| F|  |TAMS 0x0000000082800000, 0x0000000082800000| Untracked 
|  41|0x0000000082900000, 0x0000000082900000, 0x0000000082a00000|  0%| F|  |TAMS 0x0000000082900000, 0x0000000082900000| Untracked 
|  42|0x0000000082a00000, 0x0000000082a00000, 0x0000000082b00000|  0%| F|  |TAMS 0x0000000082a00000, 0x0000000082a00000| Untracked 
|  43|0x0000000082b00000, 0x0000000082b00000, 0x0000000082c00000|  0%| F|  |TAMS 0x0000000082b00000, 0x0000000082b00000| Untracked 
|  44|0x0000000082c00000, 0x0000000082c5d428, 0x0000000082d00000| 36%| S|CS|TAMS 0x0000000082c00000, 0x0000000082c00000| Complete 
|  45|0x0000000082d00000, 0x0000000082e00000, 0x0000000082e00000|100%| S|CS|TAMS 0x0000000082d00000, 0x0000000082d00000| Complete 
|  46|0x0000000082e00000, 0x0000000082f00000, 0x0000000082f00000|100%| S|CS|TAMS 0x0000000082e00000, 0x0000000082e00000| Complete 
|  47|0x0000000082f00000, 0x0000000083000000, 0x0000000083000000|100%| S|CS|TAMS 0x0000000082f00000, 0x0000000082f00000| Complete 
|  48|0x0000000083000000, 0x0000000083100000, 0x0000000083100000|100%| S|CS|TAMS 0x0000000083000000, 0x0000000083000000| Complete 
|  49|0x0000000083100000, 0x0000000083200000, 0x0000000083200000|100%| S|CS|TAMS 0x0000000083100000, 0x0000000083100000| Complete 
|  50|0x0000000083200000, 0x0000000083300000, 0x0000000083300000|100%| S|CS|TAMS 0x0000000083200000, 0x0000000083200000| Complete 
|  51|0x0000000083300000, 0x0000000083400000, 0x0000000083400000|100%| S|CS|TAMS 0x0000000083300000, 0x0000000083300000| Complete 
|  52|0x0000000083400000, 0x0000000083500000, 0x0000000083500000|100%| S|CS|TAMS 0x0000000083400000, 0x0000000083400000| Complete 
|  53|0x0000000083500000, 0x0000000083500000, 0x0000000083600000|  0%| F|  |TAMS 0x0000000083500000, 0x0000000083500000| Untracked 
|  54|0x0000000083600000, 0x0000000083600000, 0x0000000083700000|  0%| F|  |TAMS 0x0000000083600000, 0x0000000083600000| Untracked 
|  55|0x0000000083700000, 0x0000000083700000, 0x0000000083800000|  0%| F|  |TAMS 0x0000000083700000, 0x0000000083700000| Untracked 
|  56|0x0000000083800000, 0x0000000083800000, 0x0000000083900000|  0%| F|  |TAMS 0x0000000083800000, 0x0000000083800000| Untracked 
|  57|0x0000000083900000, 0x0000000083900000, 0x0000000083a00000|  0%| F|  |TAMS 0x0000000083900000, 0x0000000083900000| Untracked 
|  58|0x0000000083a00000, 0x0000000083a00000, 0x0000000083b00000|  0%| F|  |TAMS 0x0000000083a00000, 0x0000000083a00000| Untracked 
|  59|0x0000000083b00000, 0x0000000083b00000, 0x0000000083c00000|  0%| F|  |TAMS 0x0000000083b00000, 0x0000000083b00000| Untracked 
|  60|0x0000000083c00000, 0x0000000083c00000, 0x0000000083d00000|  0%| F|  |TAMS 0x0000000083c00000, 0x0000000083c00000| Untracked 
|  61|0x0000000083d00000, 0x0000000083d00000, 0x0000000083e00000|  0%| F|  |TAMS 0x0000000083d00000, 0x0000000083d00000| Untracked 
|  62|0x0000000083e00000, 0x0000000083e00000, 0x0000000083f00000|  0%| F|  |TAMS 0x0000000083e00000, 0x0000000083e00000| Untracked 
|  63|0x0000000083f00000, 0x0000000083f00000, 0x0000000084000000|  0%| F|  |TAMS 0x0000000083f00000, 0x0000000083f00000| Untracked 
|  64|0x0000000084000000, 0x0000000084000000, 0x0000000084100000|  0%| F|  |TAMS 0x0000000084000000, 0x0000000084000000| Untracked 
|  65|0x0000000084100000, 0x0000000084100000, 0x0000000084200000|  0%| F|  |TAMS 0x0000000084100000, 0x0000000084100000| Untracked 
|  66|0x0000000084200000, 0x0000000084200000, 0x0000000084300000|  0%| F|  |TAMS 0x0000000084200000, 0x0000000084200000| Untracked 
|  67|0x0000000084300000, 0x0000000084300000, 0x0000000084400000|  0%| F|  |TAMS 0x0000000084300000, 0x0000000084300000| Untracked 
|  68|0x0000000084400000, 0x0000000084400000, 0x0000000084500000|  0%| F|  |TAMS 0x0000000084400000, 0x0000000084400000| Untracked 
|  69|0x0000000084500000, 0x0000000084500000, 0x0000000084600000|  0%| F|  |TAMS 0x0000000084500000, 0x0000000084500000| Untracked 
|  70|0x0000000084600000, 0x0000000084600000, 0x0000000084700000|  0%| F|  |TAMS 0x0000000084600000, 0x0000000084600000| Untracked 
|  71|0x0000000084700000, 0x0000000084700000, 0x0000000084800000|  0%| F|  |TAMS 0x0000000084700000, 0x0000000084700000| Untracked 
|  72|0x0000000084800000, 0x0000000084800000, 0x0000000084900000|  0%| F|  |TAMS 0x0000000084800000, 0x0000000084800000| Untracked 
|  73|0x0000000084900000, 0x0000000084900000, 0x0000000084a00000|  0%| F|  |TAMS 0x0000000084900000, 0x0000000084900000| Untracked 
|  74|0x0000000084a00000, 0x0000000084a00000, 0x0000000084b00000|  0%| F|  |TAMS 0x0000000084a00000, 0x0000000084a00000| Untracked 
|  75|0x0000000084b00000, 0x0000000084b00000, 0x0000000084c00000|  0%| F|  |TAMS 0x0000000084b00000, 0x0000000084b00000| Untracked 
|  76|0x0000000084c00000, 0x0000000084c00000, 0x0000000084d00000|  0%| F|  |TAMS 0x0000000084c00000, 0x0000000084c00000| Untracked 
|  77|0x0000000084d00000, 0x0000000084d00000, 0x0000000084e00000|  0%| F|  |TAMS 0x0000000084d00000, 0x0000000084d00000| Untracked 
|  78|0x0000000084e00000, 0x0000000084e00000, 0x0000000084f00000|  0%| F|  |TAMS 0x0000000084e00000, 0x0000000084e00000| Untracked 
|  79|0x0000000084f00000, 0x0000000084f00000, 0x0000000085000000|  0%| F|  |TAMS 0x0000000084f00000, 0x0000000084f00000| Untracked 
|  80|0x0000000085000000, 0x0000000085000000, 0x0000000085100000|  0%| F|  |TAMS 0x0000000085000000, 0x0000000085000000| Untracked 
|  81|0x0000000085100000, 0x0000000085100000, 0x0000000085200000|  0%| F|  |TAMS 0x0000000085100000, 0x0000000085100000| Untracked 
|  82|0x0000000085200000, 0x0000000085200000, 0x0000000085300000|  0%| F|  |TAMS 0x0000000085200000, 0x0000000085200000| Untracked 
|  83|0x0000000085300000, 0x0000000085300000, 0x0000000085400000|  0%| F|  |TAMS 0x0000000085300000, 0x0000000085300000| Untracked 
|  84|0x0000000085400000, 0x0000000085400000, 0x0000000085500000|  0%| F|  |TAMS 0x0000000085400000, 0x0000000085400000| Untracked 
|  85|0x0000000085500000, 0x0000000085500000, 0x0000000085600000|  0%| F|  |TAMS 0x0000000085500000, 0x0000000085500000| Untracked 
|  86|0x0000000085600000, 0x0000000085600000, 0x0000000085700000|  0%| F|  |TAMS 0x0000000085600000, 0x0000000085600000| Untracked 
|  87|0x0000000085700000, 0x0000000085700000, 0x0000000085800000|  0%| F|  |TAMS 0x0000000085700000, 0x0000000085700000| Untracked 
|  88|0x0000000085800000, 0x0000000085800000, 0x0000000085900000|  0%| F|  |TAMS 0x0000000085800000, 0x0000000085800000| Untracked 
|  89|0x0000000085900000, 0x0000000085900000, 0x0000000085a00000|  0%| F|  |TAMS 0x0000000085900000, 0x0000000085900000| Untracked 
|  90|0x0000000085a00000, 0x0000000085a00000, 0x0000000085b00000|  0%| F|  |TAMS 0x0000000085a00000, 0x0000000085a00000| Untracked 
|  91|0x0000000085b00000, 0x0000000085b00000, 0x0000000085c00000|  0%| F|  |TAMS 0x0000000085b00000, 0x0000000085b00000| Untracked 
|  92|0x0000000085c00000, 0x0000000085c00000, 0x0000000085d00000|  0%| F|  |TAMS 0x0000000085c00000, 0x0000000085c00000| Untracked 
|  93|0x0000000085d00000, 0x0000000085d00000, 0x0000000085e00000|  0%| F|  |TAMS 0x0000000085d00000, 0x0000000085d00000| Untracked 
|  94|0x0000000085e00000, 0x0000000085e00000, 0x0000000085f00000|  0%| F|  |TAMS 0x0000000085e00000, 0x0000000085e00000| Untracked 
|  95|0x0000000085f00000, 0x0000000085f00000, 0x0000000086000000|  0%| F|  |TAMS 0x0000000085f00000, 0x0000000085f00000| Untracked 
|  96|0x0000000086000000, 0x0000000086000000, 0x0000000086100000|  0%| F|  |TAMS 0x0000000086000000, 0x0000000086000000| Untracked 
|  97|0x0000000086100000, 0x0000000086100000, 0x0000000086200000|  0%| F|  |TAMS 0x0000000086100000, 0x0000000086100000| Untracked 
|  98|0x0000000086200000, 0x0000000086200000, 0x0000000086300000|  0%| F|  |TAMS 0x0000000086200000, 0x0000000086200000| Untracked 
|  99|0x0000000086300000, 0x0000000086300000, 0x0000000086400000|  0%| F|  |TAMS 0x0000000086300000, 0x0000000086300000| Untracked 
| 100|0x0000000086400000, 0x0000000086400000, 0x0000000086500000|  0%| F|  |TAMS 0x0000000086400000, 0x0000000086400000| Untracked 
| 101|0x0000000086500000, 0x0000000086500000, 0x0000000086600000|  0%| F|  |TAMS 0x0000000086500000, 0x0000000086500000| Untracked 
| 102|0x0000000086600000, 0x0000000086600000, 0x0000000086700000|  0%| F|  |TAMS 0x0000000086600000, 0x0000000086600000| Untracked 
| 103|0x0000000086700000, 0x0000000086700000, 0x0000000086800000|  0%| F|  |TAMS 0x0000000086700000, 0x0000000086700000| Untracked 
| 104|0x0000000086800000, 0x0000000086800000, 0x0000000086900000|  0%| F|  |TAMS 0x0000000086800000, 0x0000000086800000| Untracked 
| 105|0x0000000086900000, 0x0000000086900000, 0x0000000086a00000|  0%| F|  |TAMS 0x0000000086900000, 0x0000000086900000| Untracked 
| 106|0x0000000086a00000, 0x0000000086a00000, 0x0000000086b00000|  0%| F|  |TAMS 0x0000000086a00000, 0x0000000086a00000| Untracked 
| 107|0x0000000086b00000, 0x0000000086b00000, 0x0000000086c00000|  0%| F|  |TAMS 0x0000000086b00000, 0x0000000086b00000| Untracked 
| 108|0x0000000086c00000, 0x0000000086c00000, 0x0000000086d00000|  0%| F|  |TAMS 0x0000000086c00000, 0x0000000086c00000| Untracked 
| 109|0x0000000086d00000, 0x0000000086d00000, 0x0000000086e00000|  0%| F|  |TAMS 0x0000000086d00000, 0x0000000086d00000| Untracked 
| 110|0x0000000086e00000, 0x0000000086e00000, 0x0000000086f00000|  0%| F|  |TAMS 0x0000000086e00000, 0x0000000086e00000| Untracked 
| 111|0x0000000086f00000, 0x0000000086f00000, 0x0000000087000000|  0%| F|  |TAMS 0x0000000086f00000, 0x0000000086f00000| Untracked 
| 112|0x0000000087000000, 0x0000000087000000, 0x0000000087100000|  0%| F|  |TAMS 0x0000000087000000, 0x0000000087000000| Untracked 
| 113|0x0000000087100000, 0x0000000087100000, 0x0000000087200000|  0%| F|  |TAMS 0x0000000087100000, 0x0000000087100000| Untracked 
| 114|0x0000000087200000, 0x0000000087200000, 0x0000000087300000|  0%| F|  |TAMS 0x0000000087200000, 0x0000000087200000| Untracked 
| 115|0x0000000087300000, 0x0000000087300000, 0x0000000087400000|  0%| F|  |TAMS 0x0000000087300000, 0x0000000087300000| Untracked 
| 116|0x0000000087400000, 0x0000000087400000, 0x0000000087500000|  0%| F|  |TAMS 0x0000000087400000, 0x0000000087400000| Untracked 
| 117|0x0000000087500000, 0x0000000087500000, 0x0000000087600000|  0%| F|  |TAMS 0x0000000087500000, 0x0000000087500000| Untracked 
| 118|0x0000000087600000, 0x0000000087600000, 0x0000000087700000|  0%| F|  |TAMS 0x0000000087600000, 0x0000000087600000| Untracked 
| 119|0x0000000087700000, 0x0000000087700000, 0x0000000087800000|  0%| F|  |TAMS 0x0000000087700000, 0x0000000087700000| Untracked 
| 120|0x0000000087800000, 0x0000000087800000, 0x0000000087900000|  0%| F|  |TAMS 0x0000000087800000, 0x0000000087800000| Untracked 
| 121|0x0000000087900000, 0x0000000087900000, 0x0000000087a00000|  0%| F|  |TAMS 0x0000000087900000, 0x0000000087900000| Untracked 
| 122|0x0000000087a00000, 0x0000000087a00000, 0x0000000087b00000|  0%| F|  |TAMS 0x0000000087a00000, 0x0000000087a00000| Untracked 
| 123|0x0000000087b00000, 0x0000000087b00000, 0x0000000087c00000|  0%| F|  |TAMS 0x0000000087b00000, 0x0000000087b00000| Untracked 
| 124|0x0000000087c00000, 0x0000000087c00000, 0x0000000087d00000|  0%| F|  |TAMS 0x0000000087c00000, 0x0000000087c00000| Untracked 
| 125|0x0000000087d00000, 0x0000000087d00000, 0x0000000087e00000|  0%| F|  |TAMS 0x0000000087d00000, 0x0000000087d00000| Untracked 
| 126|0x0000000087e00000, 0x0000000087e00000, 0x0000000087f00000|  0%| F|  |TAMS 0x0000000087e00000, 0x0000000087e00000| Untracked 
| 127|0x0000000087f00000, 0x0000000087f00000, 0x0000000088000000|  0%| F|  |TAMS 0x0000000087f00000, 0x0000000087f00000| Untracked 

Card table byte_map: [0x000001b3ba850000,0x000001b3bac50000] _byte_map_base: 0x000001b3ba450000

Marking Bits (Prev, Next): (CMBitMap*) 0x000001b3a21eb3e0, (CMBitMap*) 0x000001b3a21eb3a8
 Prev Bits: [0x000001b3bd050000, 0x000001b3bf050000)
 Next Bits: [0x000001b3bb050000, 0x000001b3bd050000)

Polling page: 0x000001b3a1ff0000

Metaspace:

Usage:
  Non-class:     28.61 MB capacity,    27.97 MB ( 98%) used,   541.20 KB (  2%) free+waste,   120.00 KB ( <1%) overhead. 
      Class:      4.45 MB capacity,     3.99 MB ( 90%) used,   404.55 KB (  9%) free+waste,    62.19 KB (  1%) overhead. 
       Both:     33.06 MB capacity,    31.96 MB ( 97%) used,   945.76 KB (  3%) free+waste,   182.19 KB ( <1%) overhead. 

Virtual space:
  Non-class space:       30.00 MB reserved,      28.67 MB ( 96%) committed 
      Class space:        1.00 GB reserved,       4.50 MB ( <1%) committed 
             Both:        1.03 GB reserved,      33.17 MB (  3%) committed 

Chunk freelists:
   Non-Class:  7.75 KB
       Class:  3.00 KB
        Both:  10.75 KB

CodeHeap 'non-profiled nmethods': size=239488Kb used=5049Kb max_used=5049Kb free=234438Kb
 bounds [0x000001b3ab670000, 0x000001b3abb60000, 0x000001b3ba050000]
CodeHeap 'non-nmethods': size=6272Kb used=1141Kb max_used=1141Kb free=5131Kb
 bounds [0x000001b3ab050000, 0x000001b3ab2c0000, 0x000001b3ab670000]
 total_blobs=3763 nmethods=3314 adapters=375
 compilation: enabled
              stopped_count=0, restarted_count=0
 full_count=0

Compilation events (10 events):
Event: 6.109 Thread 0x000001b3c143b800 3310   !   1       com.sun.proxy.$Proxy36::annotationType (29 bytes)
Event: 6.109 Thread 0x000001b3c143b800 nmethod 3310 0x000001b3abb5bb90 code [0x000001b3abb5bd40, 0x000001b3abb5bef8]
Event: 6.116 Thread 0x000001b3c143b800 3311   !   1       java.util.regex.Pattern::matcher (44 bytes)
Event: 6.116 Thread 0x000001b3c143b800 nmethod 3311 0x000001b3abb5c010 code [0x000001b3abb5c1c0, 0x000001b3abb5c4f8]
Event: 6.116 Thread 0x000001b3c143b800 3313       1       org.springframework.util.AntPathMatcher$AntPathStringMatcher::matchStrings (214 bytes)
Event: 6.117 Thread 0x000001b3c143b800 nmethod 3313 0x000001b3abb5c610 code [0x000001b3abb5c900, 0x000001b3abb5d2e8]
Event: 6.117 Thread 0x000001b3c143b800 3312       1       java.util.regex.Matcher::<init> (95 bytes)
Event: 6.118 Thread 0x000001b3c143b800 nmethod 3312 0x000001b3abb5d910 code [0x000001b3abb5dac0, 0x000001b3abb5df68]
Event: 6.149 Thread 0x000001b3c143b800 3314       1       jdk.internal.loader.URLClassPath$1::next (59 bytes)
Event: 6.150 Thread 0x000001b3c143b800 nmethod 3314 0x000001b3abb5e090 code [0x000001b3abb5e240, 0x000001b3abb5e438]

GC Heap History (10 events):
Event: 1.875 GC heap after
{Heap after GC invocations=3 (full 0):
 garbage-first heap   total 131072K, used 6382K [0x0000000080000000, 0x0000000100000000)
  region size 1024K, 2 young (2048K), 2 survivors (2048K)
 Metaspace       used 11247K, capacity 11513K, committed 11776K, reserved 1060864K
  class space    used 1160K, capacity 1253K, committed 1280K, reserved 1048576K
}
Event: 2.353 GC heap before
{Heap before GC invocations=3 (full 0):
 garbage-first heap   total 131072K, used 22766K [0x0000000080000000, 0x0000000100000000)
  region size 1024K, 18 young (18432K), 2 survivors (2048K)
 Metaspace       used 15344K, capacity 15770K, committed 15872K, reserved 1062912K
  class space    used 1744K, capacity 1946K, committed 2048K, reserved 1048576K
}
Event: 2.361 GC heap after
{Heap after GC invocations=4 (full 0):
 garbage-first heap   total 131072K, used 7640K [0x0000000080000000, 0x0000000100000000)
  region size 1024K, 3 young (3072K), 3 survivors (3072K)
 Metaspace       used 15344K, capacity 15770K, committed 15872K, reserved 1062912K
  class space    used 1744K, capacity 1946K, committed 2048K, reserved 1048576K
}
Event: 2.865 GC heap before
{Heap before GC invocations=4 (full 0):
 garbage-first heap   total 131072K, used 34264K [0x0000000080000000, 0x0000000100000000)
  region size 1024K, 30 young (30720K), 3 survivors (3072K)
 Metaspace       used 20137K, capacity 20682K, committed 20864K, reserved 1067008K
  class space    used 2340K, capacity 2568K, committed 2688K, reserved 1048576K
}
Event: 2.877 GC heap after
{Heap after GC invocations=5 (full 0):
 garbage-first heap   total 131072K, used 8663K [0x0000000080000000, 0x0000000100000000)
  region size 1024K, 3 young (3072K), 3 survivors (3072K)
 Metaspace       used 20137K, capacity 20682K, committed 20864K, reserved 1067008K
  class space    used 2340K, capacity 2568K, committed 2688K, reserved 1048576K
}
Event: 2.954 GC heap before
{Heap before GC invocations=5 (full 0):
 garbage-first heap   total 131072K, used 13783K [0x0000000080000000, 0x0000000100000000)
  region size 1024K, 9 young (9216K), 3 survivors (3072K)
 Metaspace       used 20599K, capacity 21107K, committed 21296K, reserved 1069056K
  class space    used 2386K, capacity 2603K, committed 2688K, reserved 1048576K
}
Event: 2.962 GC heap after
{Heap after GC invocations=6 (full 0):
 garbage-first heap   total 131072K, used 9069K [0x0000000080000000, 0x0000000100000000)
  region size 1024K, 4 young (4096K), 4 survivors (4096K)
 Metaspace       used 20599K, capacity 21107K, committed 21296K, reserved 1069056K
  class space    used 2386K, capacity 2603K, committed 2688K, reserved 1048576K
}
Event: 3.866 GC heap before
{Heap before GC invocations=7 (full 0):
 garbage-first heap   total 131072K, used 46957K [0x0000000080000000, 0x0000000100000000)
  region size 1024K, 41 young (41984K), 4 survivors (4096K)
 Metaspace       used 23235K, capacity 23914K, committed 23984K, reserved 1071104K
  class space    used 2786K, capacity 3068K, committed 3072K, reserved 1048576K
}
Event: 3.880 GC heap after
{Heap after GC invocations=8 (full 0):
 garbage-first heap   total 131072K, used 10423K [0x0000000080000000, 0x0000000100000000)
  region size 1024K, 4 young (4096K), 4 survivors (4096K)
 Metaspace       used 23235K, capacity 23914K, committed 23984K, reserved 1071104K
  class space    used 2786K, capacity 3068K, committed 3072K, reserved 1048576K
}
Event: 6.160 GC heap before
{Heap before GC invocations=8 (full 0):
 garbage-first heap   total 131072K, used 83127K [0x0000000080000000, 0x0000000100000000)
  region size 1024K, 75 young (76800K), 4 survivors (4096K)
 Metaspace       used 32722K, capacity 33850K, committed 33968K, reserved 1079296K
  class space    used 4085K, capacity 4552K, committed 4608K, reserved 1048576K
}

Deoptimization events (0 events):
No events

Classes redefined (0 events):
No events

Internal exceptions (10 events):
Event: 4.410 Thread 0x000001b3a21ae800 Exception <a 'java/lang/NoSuchMethodError'{0x00000000860b9748}: java.lang.invoke.DelegatingMethodHandle$Holder.delegate(Ljava/lang/Object;Ljava/lang/Object;ILjava/lang/Object;)V> (0x00000000860b9748) thrown at [./open/src/hotspot/share/interpreter/linkRes
Event: 4.445 Thread 0x000001b3a21ae800 Exception <a 'java/lang/NoSuchMethodError'{0x0000000085e155f8}: java.lang.invoke.DirectMethodHandle$Holder.invokeInterface(Ljava/lang/Object;Ljava/lang/Object;I)V> (0x0000000085e155f8) thrown at [./open/src/hotspot/share/interpreter/linkResolver.cpp, line
Event: 4.447 Thread 0x000001b3a21ae800 Exception <a 'java/lang/NoSuchMethodError'{0x0000000085e2d998}: java.lang.invoke.DirectMethodHandle$Holder.invokeVirtual(Ljava/lang/Object;Ljava/lang/Object;)I> (0x0000000085e2d998) thrown at [./open/src/hotspot/share/interpreter/linkResolver.cpp, line 77
Event: 4.455 Thread 0x000001b3a21ae800 Exception <a 'java/lang/IncompatibleClassChangeError'{0x0000000085e63ac8}: Found class java.lang.Object, but interface was expected> (0x0000000085e63ac8) thrown at [./open/src/hotspot/share/interpreter/linkResolver.cpp, line 838]
Event: 4.456 Thread 0x000001b3a21ae800 Exception <a 'java/lang/NoSuchMethodError'{0x0000000085e68968}: java.lang.invoke.DirectMethodHandle$Holder.invokeStatic(Ljava/lang/Object;ILjava/lang/Object;)V> (0x0000000085e68968) thrown at [./open/src/hotspot/share/interpreter/linkResolver.cpp, line 77
Event: 4.577 Thread 0x000001b3a21ae800 Exception <a 'java/lang/NoSuchMethodError'{0x0000000085ac5870}: java.lang.invoke.DirectMethodHandle$Holder.invokeStaticInit(Ljava/lang/Object;IIII)Ljava/lang/Object;> (0x0000000085ac5870) thrown at [./open/src/hotspot/share/interpreter/linkResolver.cpp, l
Event: 5.461 Thread 0x000001b3a21ae800 Exception <a 'java/lang/NoSuchMethodError'{0x0000000085952ee8}: java.lang.invoke.DirectMethodHandle$Holder.invokeStaticInit(Ljava/lang/Object;Ljava/lang/Object;IIII)Ljava/lang/Object;> (0x0000000085952ee8) thrown at [./open/src/hotspot/share/interpreter/l
Event: 5.827 Thread 0x000001b3a21ae800 Exception <a 'java/io/FileNotFoundException'{0x0000000084813df8}> (0x0000000084813df8) thrown at [./open/src/hotspot/share/prims/jni.cpp, line 611]
Event: 5.864 Thread 0x000001b3a21ae800 Exception <a 'java/lang/NoSuchMethodError'{0x00000000847dbb20}: java.lang.invoke.DirectMethodHandle$Holder.invokeInterface(Ljava/lang/Object;Ljava/lang/Object;Ljava/lang/Object;Ljava/lang/Object;)I> (0x00000000847dbb20) thrown at [./open/src/hotspot/share
Event: 5.944 Thread 0x000001b3a21ae800 Exception <a 'java/io/FileNotFoundException'{0x00000000844af668}> (0x00000000844af668) thrown at [./open/src/hotspot/share/prims/jni.cpp, line 611]

Events (10 events):
Event: 6.158 loading class org/hibernate/hql/spi/id/persistent/PersistentTableBulkIdStrategy done
Event: 6.158 loading class org/hibernate/hql/spi/id/AbstractMultiTableBulkIdStrategyImpl
Event: 6.158 loading class org/hibernate/hql/spi/id/AbstractMultiTableBulkIdStrategyImpl done
Event: 6.159 loading class org/hibernate/hql/spi/id/global/GlobalTemporaryTableBulkIdStrategy
Event: 6.159 loading class org/hibernate/hql/spi/id/global/GlobalTemporaryTableBulkIdStrategy done
Event: 6.159 loading class org/hibernate/hql/spi/id/local/LocalTemporaryTableBulkIdStrategy
Event: 6.159 loading class org/hibernate/hql/spi/id/local/LocalTemporaryTableBulkIdStrategy done
Event: 6.160 loading class org/hibernate/boot/model/naming/ImplicitNamingStrategyLegacyJpaImpl
Event: 6.160 loading class org/hibernate/boot/model/naming/ImplicitNamingStrategyLegacyJpaImpl done
Event: 6.160 Executing VM operation: G1CollectForAllocation


Dynamic libraries:
0x00007ff7820e0000 - 0x00007ff7820ef000 	C:\Program Files\Java\jdk-11.0.16\bin\java.exe
0x00007ffdfb930000 - 0x00007ffdfbb28000 	C:\Windows\SYSTEM32\ntdll.dll
0x00007ffdf9d90000 - 0x00007ffdf9e4d000 	C:\Windows\System32\KERNEL32.DLL
0x00007ffdf9070000 - 0x00007ffdf9342000 	C:\Windows\System32\KERNELBASE.dll
0x00007ffdf9890000 - 0x00007ffdf9990000 	C:\Windows\System32\ucrtbase.dll
0x00007ffdf4880000 - 0x00007ffdf4898000 	C:\Program Files\Java\jdk-11.0.16\bin\jli.dll
0x00007ffdfa800000 - 0x00007ffdfa8ae000 	C:\Windows\System32\ADVAPI32.dll
0x00007ffdf9eb0000 - 0x00007ffdf9f4e000 	C:\Windows\System32\msvcrt.dll
0x00007ffdf9aa0000 - 0x00007ffdf9b3c000 	C:\Windows\System32\sechost.dll
0x00007ffdf9b70000 - 0x00007ffdf9c95000 	C:\Windows\System32\RPCRT4.dll
0x00007ffdfb200000 - 0x00007ffdfb39d000 	C:\Windows\System32\USER32.dll
0x00007ffdf9680000 - 0x00007ffdf96a2000 	C:\Windows\System32\win32u.dll
0x00007ffdf9b40000 - 0x00007ffdf9b6b000 	C:\Windows\System32\GDI32.dll
0x00007ffdf9500000 - 0x00007ffdf960f000 	C:\Windows\System32\gdi32full.dll
0x00007ffdf9740000 - 0x00007ffdf97dd000 	C:\Windows\System32\msvcp_win.dll
0x00007ffddf450000 - 0x00007ffddf465000 	C:\Program Files\Java\jdk-11.0.16\bin\VCRUNTIME140.dll
0x00007ffdda260000 - 0x00007ffdda4fa000 	C:\Windows\WinSxS\amd64_microsoft.windows.common-controls_6595b64144ccf1df_6.0.19041.1110_none_60b5254171f9507e\COMCTL32.dll
0x00007ffdf1220000 - 0x00007ffdf122a000 	C:\Windows\SYSTEM32\VERSION.dll
0x00007ffdf9e80000 - 0x00007ffdf9eb0000 	C:\Windows\System32\IMM32.DLL
0x00007ffdde6f0000 - 0x00007ffdde78b000 	C:\Program Files\Java\jdk-11.0.16\bin\msvcp140.dll
0x00007ffd92e00000 - 0x00007ffd93918000 	C:\Program Files\Java\jdk-11.0.16\bin\server\jvm.dll
0x00007ffdfb420000 - 0x00007ffdfb428000 	C:\Windows\System32\PSAPI.DLL
0x00007ffdf1830000 - 0x00007ffdf1839000 	C:\Windows\SYSTEM32\WSOCK32.dll
0x00007ffdfb0e0000 - 0x00007ffdfb14b000 	C:\Windows\System32\WS2_32.dll
0x00007ffdd8ca0000 - 0x00007ffdd8cc7000 	C:\Windows\SYSTEM32\WINMM.dll
0x00007ffdf6ee0000 - 0x00007ffdf6ef2000 	C:\Windows\SYSTEM32\kernel.appcore.dll
0x00007ffddf260000 - 0x00007ffddf270000 	C:\Program Files\Java\jdk-11.0.16\bin\verify.dll
0x00007ffdea050000 - 0x00007ffdea234000 	C:\Windows\SYSTEM32\DBGHELP.DLL
0x00007ffde9c70000 - 0x00007ffde9c9c000 	C:\Windows\SYSTEM32\dbgcore.DLL
0x00007ffdf96b0000 - 0x00007ffdf9732000 	C:\Windows\System32\bcryptPrimitives.dll
0x00007ffddeca0000 - 0x00007ffddecc8000 	C:\Program Files\Java\jdk-11.0.16\bin\java.dll
0x00007ffddf250000 - 0x00007ffddf25a000 	C:\Program Files\Java\jdk-11.0.16\bin\jimage.dll
0x00007ffddf140000 - 0x00007ffddf156000 	C:\Program Files\Java\jdk-11.0.16\bin\zip.dll
0x00007ffdf9f50000 - 0x00007ffdfa693000 	C:\Windows\System32\SHELL32.dll
0x00007ffdf70e0000 - 0x00007ffdf7871000 	C:\Windows\SYSTEM32\windows.storage.dll
0x00007ffdfad80000 - 0x00007ffdfb0d4000 	C:\Windows\System32\combase.dll
0x00007ffdf88e0000 - 0x00007ffdf8910000 	C:\Windows\SYSTEM32\Wldp.dll
0x00007ffdfb150000 - 0x00007ffdfb1fd000 	C:\Windows\System32\SHCORE.dll
0x00007ffdfb640000 - 0x00007ffdfb695000 	C:\Windows\System32\shlwapi.dll
0x00007ffdf8f80000 - 0x00007ffdf8f9f000 	C:\Windows\SYSTEM32\profapi.dll
0x00007ffdde660000 - 0x00007ffdde679000 	C:\Program Files\Java\jdk-11.0.16\bin\net.dll
0x00007ffdf0a40000 - 0x00007ffdf0b4d000 	C:\Windows\SYSTEM32\WINHTTP.dll
0x00007ffdf86c0000 - 0x00007ffdf872a000 	C:\Windows\system32\mswsock.dll
0x00007ffdde640000 - 0x00007ffdde652000 	C:\Program Files\Java\jdk-11.0.16\bin\nio.dll
0x00007ffdde8d0000 - 0x00007ffdde8d9000 	C:\Program Files\Java\jdk-11.0.16\bin\management.dll
0x00007ffdde6e0000 - 0x00007ffdde6eb000 	C:\Program Files\Java\jdk-11.0.16\bin\management_ext.dll
0x00007ffddda60000 - 0x00007ffddda77000 	C:\Windows\system32\napinsp.dll
0x00007ffddda40000 - 0x00007ffddda5b000 	C:\Windows\system32\pnrpnsp.dll
0x00007ffddda20000 - 0x00007ffddda35000 	C:\Windows\system32\wshbth.dll
0x00007ffdf4830000 - 0x00007ffdf484d000 	C:\Windows\system32\NLAapi.dll
0x00007ffdf83d0000 - 0x00007ffdf840b000 	C:\Windows\SYSTEM32\IPHLPAPI.DLL
0x00007ffdf8420000 - 0x00007ffdf84ea000 	C:\Windows\SYSTEM32\DNSAPI.dll
0x00007ffdf9ca0000 - 0x00007ffdf9ca8000 	C:\Windows\System32\NSI.dll
0x00007ffddda00000 - 0x00007ffddda12000 	C:\Windows\System32\winrnr.dll
0x00007ffdefb30000 - 0x00007ffdefb3a000 	C:\Windows\System32\rasadhlp.dll
0x00007ffdf0c50000 - 0x00007ffdf0cd0000 	C:\Windows\System32\fwpuclnt.dll
0x00007ffdf9040000 - 0x00007ffdf9067000 	C:\Windows\System32\bcrypt.dll
0x00007ffdf8920000 - 0x00007ffdf8938000 	C:\Windows\SYSTEM32\CRYPTSP.dll
0x00007ffdf8000000 - 0x00007ffdf8034000 	C:\Windows\system32\rsaenh.dll
0x00007ffdf8f40000 - 0x00007ffdf8f6e000 	C:\Windows\SYSTEM32\USERENV.dll
0x00007ffdf8850000 - 0x00007ffdf885c000 	C:\Windows\SYSTEM32\CRYPTBASE.dll
0x00007ffdf1c30000 - 0x00007ffdf1c47000 	C:\Windows\SYSTEM32\dhcpcsvc6.DLL
0x00007ffdf1b00000 - 0x00007ffdf1b1d000 	C:\Windows\SYSTEM32\dhcpcsvc.DLL
0x00007ffddd410000 - 0x00007ffddd435000 	C:\Program Files\Java\jdk-11.0.16\bin\sunec.dll
0x00007ffdde5a0000 - 0x00007ffdde5ad000 	C:\Program Files\Java\jdk-11.0.16\bin\sunmscapi.dll
0x00007ffdf93a0000 - 0x00007ffdf94f6000 	C:\Windows\System32\CRYPT32.dll
0x00007ffdf8a30000 - 0x00007ffdf8a57000 	C:\Windows\SYSTEM32\ncrypt.dll
0x00007ffdf89f0000 - 0x00007ffdf8a2b000 	C:\Windows\SYSTEM32\NTASN1.dll

dbghelp: loaded successfully - version: 4.0.5 - missing functions: none
symbol engine: initialized successfully - sym options: 0x614 - pdb path: .;C:\Program Files\Java\jdk-11.0.16\bin;C:\Windows\SYSTEM32;C:\Windows\WinSxS\amd64_microsoft.windows.common-controls_6595b64144ccf1df_6.0.19041.1110_none_60b5254171f9507e;C:\Program Files\Java\jdk-11.0.16\bin\server

VM Arguments:
jvm_args: -Xverify:none -XX:TieredStopAtLevel=1 
java_command: com.student.app.PensionMicroserviceApplication
java_class_path (initial): C:\Users\sfjbs\IdeaProjects\Deepika\Day 13\pension-management-system\target\classes;C:\Users\sfjbs\.m2\repository\org\springframework\boot\spring-boot\2.7.3\spring-boot-2.7.3.jar;C:\Users\sfjbs\.m2\repository\org\springframework\boot\spring-boot-autoconfigure\2.7.3\spring-boot-autoconfigure-2.7.3.jar;C:\Users\sfjbs\.m2\repository\ch\qos\logback\logback-classic\1.2.11\logback-classic-1.2.11.jar;C:\Users\sfjbs\.m2\repository\ch\qos\logback\logback-core\1.2.11\logback-core-1.2.11.jar;C:\Users\sfjbs\.m2\repository\org\apache\logging\log4j\log4j-to-slf4j\2.17.2\log4j-to-slf4j-2.17.2.jar;C:\Users\sfjbs\.m2\repository\org\apache\logging\log4j\log4j-api\2.17.2\log4j-api-2.17.2.jar;C:\Users\sfjbs\.m2\repository\org\slf4j\jul-to-slf4j\1.7.36\jul-to-slf4j-1.7.36.jar;C:\Users\sfjbs\.m2\repository\jakarta\annotation\jakarta.annotation-api\1.3.5\jakarta.annotation-api-1.3.5.jar;C:\Users\sfjbs\.m2\repository\org\yaml\snakeyaml\1.30\snakeyaml-1.30.jar;C:\Users\sfjbs\.m2\repository\com\fasterxml\jackson\core\jackson-databind\2.13.3\jackson-databind-2.13.3.jar;C:\Users\sfjbs\.m2\repository\com\fasterxml\jackson\core\jackson-annotations\2.13.3\jackson-annotations-2.13.3.jar;C:\Users\sfjbs\.m2\repository\com\fasterxml\jackson\core\jackson-core\2.13.3\jackson-core-2.13.3.jar;C:\Users\sfjbs\.m2\repository\com\fasterxml\jackson\datatype\jackson-datatype-jdk8\2.13.3\jackson-datatype-jdk8-2.13.3.jar;C:\Users\sfjbs\.m2\repository\com\fasterxml\jackson\datatype\jackson-datatype-jsr310\2.13.3\jackson-datatype-jsr310-2.13.3.jar;C:\Users\sfjbs\.m2\repository\com\fasterxml\jackson\module\jackson-module-parameter-names\2.13.3\jackson-module-parameter-names-2.13.3.jar;C:\Users\sfjbs\.m2\repository\org\apache\tomcat\embed\tomcat-embed-core\9.0.65\tomcat-embed-core-9.0.65.jar;C:\Users\sfjbs\.m2\repository\org\apache\tomcat\embed\tomcat-embed-el\9.0.65\tomcat-embed-el-9.0.65.jar;C:\Users\sfjbs\.m2\repository\org\apache\tomcat\embed\tomcat-embed-websocket\9.0.65\tomcat-embe
Launcher Type: SUN_STANDARD

[Global flags]
     bool BytecodeVerificationLocal                = false                                     {product} {command line}
     bool BytecodeVerificationRemote               = false                                     {product} {command line}
     intx CICompilerCount                          = 2                                         {product} {ergonomic}
     uint ConcGCThreads                            = 1                                         {product} {ergonomic}
     uint G1ConcRefinementThreads                  = 2                                         {product} {ergonomic}
   size_t G1HeapRegionSize                         = 1048576                                   {product} {ergonomic}
    uintx GCDrainStackTargetSize                   = 64                                        {product} {ergonomic}
   size_t InitialHeapSize                          = 134217728                                 {product} {ergonomic}
   size_t MarkStackSize                            = 4194304                                   {product} {ergonomic}
   size_t MaxHeapSize                              = 2147483648                                {product} {ergonomic}
   size_t MaxNewSize                               = 1287651328                                {product} {ergonomic}
   size_t MinHeapDeltaBytes                        = 1048576                                   {product} {ergonomic}
    uintx NonNMethodCodeHeapSize                   = 6396312                                {pd product} {ergonomic}
    uintx NonProfiledCodeHeapSize                  = 245261928                              {pd product} {ergonomic}
    uintx ProfiledCodeHeapSize                     = 0                                      {pd product} {ergonomic}
    uintx ReservedCodeCacheSize                    = 251658240                              {pd product} {ergonomic}
     bool SegmentedCodeCache                       = true                                      {product} {ergonomic}
     intx TieredStopAtLevel                        = 1                                         {product} {command line}
     bool UseCompressedClassPointers               = true                                 {lp64_product} {ergonomic}
     bool UseCompressedOops                        = true                                 {lp64_product} {ergonomic}
     bool UseG1GC                                  = true                                      {product} {ergonomic}
     bool UseLargePagesIndividualAllocation        = false                                  {pd product} {ergonomic}

Logging:
Log output configuration:
 #0: stdout all=warning uptime,level,tags
 #1: stderr all=off uptime,level,tags

Environment Variables:
PATH=C:\Program Files\Common Files\Oracle\Java\javapath;C:\Windows\system32;C:\Windows;C:\Windows\System32\Wbem;C:\Windows\System32\WindowsPowerShell\v1.0\;C:\Windows\System32\OpenSSH\;C:\Users\sfjbs\Downloads\micro service-20221001T123314Z-001\micro service\apache-maven-3.8.5-bin\apache-maven-3.8.5\bin;C:\Users\sfjbs\Downloads\micro service-20221001T123314Z-001\micro service\apache-maven-3.8.5-bin\apache-maven-3.8.5\lib;C:\Program Files\Docker\Docker\resources\bin;C:\ProgramData\DockerDesktop\version-bin;C:\Program Files\Git\cmd;C:\Users\sfjbs\AppData\Local\Microsoft\WindowsApps;C:\Users\sfjbs\Downloads\micro service-20221001T123314Z-001\micro service\apache-maven-3.8.5-bin\apache-maven-3.8.5\bin;C:\Users\sfjbs\Downloads\micro service-20221001T123314Z-001\micro service\apache-maven-3.8.5-bin\apache-maven-3.8.5\lib;;C:\Program Files\JetBrains\IntelliJ IDEA Community Edition 2022.2.1\bin;
USERNAME=sfjbs
OS=Windows_NT
PROCESSOR_IDENTIFIER=Intel64 Family 6 Model 85 Stepping 7, GenuineIntel



---------------  S Y S T E M  ---------------

OS: Windows 10 , 64 bit Build 19041 (10.0.19041.1889)
Hyper-V role detected

CPU:total 2 (initial active 2) (1 cores per cpu, 2 threads per core) family 6 model 85 stepping 7 microcode 0xffffffff, cmov, cx8, fxsr, mmx, sse, sse2, sse3, ssse3, sse4.1, sse4.2, popcnt, avx, avx2, aes, clmul, erms, rtm, 3dnowpref, lzcnt, ht, tsc, bmi1, bmi2, adx, evex, fma

Memory: 4k page, system-wide physical 8190M (613M free)
TotalPageFile size 10238M (AvailPageFile size 21M)
current process WorkingSet (physical memory assigned to process): 167M, peak: 170M
current process commit charge ("private bytes"): 235M, peak: 261M

vm_info: Java HotSpot(TM) 64-Bit Server VM (11.0.16+11-LTS-199) for windows-amd64 JRE (11.0.16+11-LTS-199), built on Jun 28 2022 08:23:17 by "mach5one" with MS VC++ 15.9 (VS2017)

END.
