#
# There is insufficient memory for the Java Runtime Environment to continue.
# Native memory allocation (malloc) failed to allocate 1048576 bytes for AllocateHeap
# Possible reasons:
#   The system is out of physical RAM or swap space
#   The process is running with CompressedOops enabled, and the Java Heap may be blocking the growth of the native heap
# Possible solutions:
#   Reduce memory load on the system
#   Increase physical memory or swap space
#   Check if swap backing store is full
#   Decrease Java heap size (-Xmx/-Xms)
#   Decrease number of Java threads
#   Decrease Java thread stack sizes (-Xss)
#   Set larger code cache with -XX:ReservedCodeCacheSize=
#   JVM is running with Unscaled Compressed Oops mode in which the Java heap is
#     placed in the first 4GB address space. The Java Heap base address is the
#     maximum limit for the native heap growth. Please use -XX:HeapBaseMinAddress
#     to set the Java Heap base and to place the Java Heap above 4GB virtual address.
# This output file may be truncated or incomplete.
#
#  Out of Memory Error (./open/src/hotspot/share/memory/allocation.cpp:46), pid=4524, tid=3684
#
# JRE version: Java(TM) SE Runtime Environment 18.9 (11.0.16+11) (build 11.0.16+11-LTS-199)
# Java VM: Java HotSpot(TM) 64-Bit Server VM 18.9 (11.0.16+11-LTS-199, mixed mode, tiered, compressed oops, g1 gc, windows-amd64)
# No core dump will be written. Minidumps are not enabled by default on client versions of Windows
#

---------------  S U M M A R Y ------------

Command Line: C:\Users\sfjbs\AppData\Local\Temp\surefire17604153795192393291\surefirebooter12642641186571328452.jar C:\Users\sfjbs\AppData\Local\Temp\surefire17604153795192393291 2022-11-01T09-52-31_133-jvmRun1 surefire1418884452093412883tmp surefire_09489192257358270194tmp

Host: Intel(R) Xeon(R) Platinum 8272CL CPU @ 2.60GHz, 2 cores, 7G,  Windows 10 , 64 bit Build 19041 (10.0.19041.1889)
Time: Tue Nov  1 09:52:32 2022 Coordinated Universal Time elapsed time: 0.350714 seconds (0d 0h 0m 0s)

---------------  T H R E A D  ---------------

Current thread (0x00000256b972a000):  VMThread "VM Thread" [stack: 0x0000008d69f00000,0x0000008d6a000000] [id=3684]

Stack: [0x0000008d69f00000,0x0000008d6a000000]
[error occurred during error reporting (printing stack bounds), id 0xc0000005, EXCEPTION_ACCESS_VIOLATION (0xc0000005) at pc=0x00000256a39910e7]

Native frames: (J=compiled Java code, j=interpreted, Vv=VM code, C=native code)
V  [jvm.dll+0x62a3ea]
V  [jvm.dll+0x76418f]
V  [jvm.dll+0x765839]
V  [jvm.dll+0x765e25]
V  [jvm.dll+0x765ddb]
V  [jvm.dll+0x6298d3]
V  [jvm.dll+0x629fe8]
C  [ntdll.dll+0xa241f]
C  [ntdll.dll+0x514a4]
C  [ntdll.dll+0xa0f4e]
C  0x00000256a39910e7

VM_Operation (0x0000008d699fde40): CollectForMetadataAllocation, mode: safepoint, requested by thread 0x000002569c2db800


---------------  P R O C E S S  ---------------

Threads class SMR info:
_java_thread_list=0x00000256ba1ba290, length=11, elements={
0x000002569c2db800, 0x00000256b9730000, 0x00000256b973a800, 0x00000256b9750000,
0x00000256b9751800, 0x00000256b9752800, 0x00000256b9755000, 0x00000256b9759000,
0x00000256b975e000, 0x00000256ba132800, 0x00000256ba1e8000
}

Java Threads: ( => current thread )
  0x000002569c2db800 JavaThread "main" [_thread_blocked, id=29424, stack(0x0000008d69900000,0x0000008d69a00000)]
  0x00000256b9730000 JavaThread "Reference Handler" daemon [_thread_blocked, id=28072, stack(0x0000008d6a000000,0x0000008d6a100000)]
  0x00000256b973a800 JavaThread "Finalizer" daemon [_thread_blocked, id=9292, stack(0x0000008d6a100000,0x0000008d6a200000)]
  0x00000256b9750000 JavaThread "Signal Dispatcher" daemon [_thread_blocked, id=28544, stack(0x0000008d6a200000,0x0000008d6a300000)]
  0x00000256b9751800 JavaThread "Attach Listener" daemon [_thread_blocked, id=26820, stack(0x0000008d6a300000,0x0000008d6a400000)]
  0x00000256b9752800 JavaThread "Service Thread" daemon [_thread_blocked, id=29008, stack(0x0000008d6a400000,0x0000008d6a500000)]
  0x00000256b9755000 JavaThread "C2 CompilerThread0" daemon [_thread_blocked, id=28724, stack(0x0000008d6a500000,0x0000008d6a600000)]
  0x00000256b9759000 JavaThread "C1 CompilerThread0" daemon [_thread_blocked, id=28884, stack(0x0000008d6a600000,0x0000008d6a700000)]
  0x00000256b975e000 JavaThread "Sweeper thread" daemon [_thread_blocked, id=21160, stack(0x0000008d6a700000,0x0000008d6a800000)]
  0x00000256ba132800 JavaThread "Common-Cleaner" daemon [_thread_blocked, id=27704, stack(0x0000008d6a900000,0x0000008d6aa00000)]
  0x00000256ba1e8000 JavaThread "surefire-forkedjvm-command-thread" daemon [_thread_in_native, id=29348, stack(0x0000008d6aa00000,0x0000008d6ab00000)]

Other Threads:
=>0x00000256b972a000 VMThread "VM Thread" [stack: 0x0000008d69f00000,0x0000008d6a000000] [id=3684]
  0x00000256ba12d800 WatcherThread [stack: 0x0000008d6a800000,0x0000008d6a900000] [id=28760]
  0x000002569c2ef800 GCTaskThread "GC Thread#0" [stack: 0x0000008d69a00000,0x0000008d69b00000] [id=23176]
  0x00000256ba2c0800 GCTaskThread "GC Thread#1" [stack: 0x0000008d6ab00000,0x0000008d6ac00000] [id=27172]
  0x000002569a31d800 ConcurrentGCThread "G1 Main Marker" [stack: 0x0000008d69b00000,0x0000008d69c00000] [id=3364]
  0x000002569a31e800 ConcurrentGCThread "G1 Conc#0" [stack: 0x0000008d69c00000,0x0000008d69d00000] [id=5260]
  0x000002569c3a7000 ConcurrentGCThread "G1 Refine#0" [stack: 0x0000008d69d00000,0x0000008d69e00000] [id=4480]
  0x000002569c3ab000 ConcurrentGCThread "G1 Young RemSet Sampling" [stack: 0x0000008d69e00000,0x0000008d69f00000] [id=5284]

Threads with active compile tasks:
C1 CompilerThread0      377  284       3       java.util.StringTokenizer::hasMoreTokens (29 bytes)

VM state:at safepoint (normal execution)

VM Mutex/Monitor currently owned by a thread:  ([mutex/lock_event])
[0x000002569c2d62e0] Threads_lock - owner thread: 0x00000256b972a000
[0x000002569c2d5560] Heap_lock - owner thread: 0x000002569c2db800

Heap address: 0x0000000080000000, size: 2048 MB, Compressed Oops mode: 32-bit
Narrow klass base: 0x0000000000000000, Narrow klass shift: 3
Compressed class space size: 1073741824 Address: 0x0000000100000000

Heap:
 garbage-first heap   total 131072K, used 1253K [0x0000000080000000, 0x0000000100000000)
  region size 1024K, 1 young (1024K), 1 survivors (1024K)
 Metaspace       used 7461K, capacity 7571K, committed 7680K, reserved 1064960K
  class space    used 666K, capacity 718K, committed 768K, reserved 1048576K
Heap Regions: E=young(eden), S=young(survivor), O=old, HS=humongous(starts), HC=humongous(continues), CS=collection set, F=free, A=archive, TAMS=top-at-mark-start (previous, next)
|   0|0x0000000080000000, 0x0000000080039600, 0x0000000080100000| 22%| O|  |TAMS 0x0000000080000000, 0x0000000080039600| Untracked 
|   1|0x0000000080100000, 0x0000000080100000, 0x0000000080200000|  0%| F|  |TAMS 0x0000000080100000, 0x0000000080100000| Untracked 
|   2|0x0000000080200000, 0x0000000080200000, 0x0000000080300000|  0%| F|  |TAMS 0x0000000080200000, 0x0000000080200000| Untracked 
|   3|0x0000000080300000, 0x0000000080300000, 0x0000000080400000|  0%| F|  |TAMS 0x0000000080300000, 0x0000000080300000| Untracked 
|   4|0x0000000080400000, 0x0000000080400000, 0x0000000080500000|  0%| F|  |TAMS 0x0000000080400000, 0x0000000080400000| Untracked 
|   5|0x0000000080500000, 0x0000000080500000, 0x0000000080600000|  0%| F|  |TAMS 0x0000000080500000, 0x0000000080500000| Untracked 
|   6|0x0000000080600000, 0x0000000080600000, 0x0000000080700000|  0%| F|  |TAMS 0x0000000080600000, 0x0000000080600000| Untracked 
|   7|0x0000000080700000, 0x0000000080700000, 0x0000000080800000|  0%| F|  |TAMS 0x0000000080700000, 0x0000000080700000| Untracked 
|   8|0x0000000080800000, 0x0000000080800000, 0x0000000080900000|  0%| F|  |TAMS 0x0000000080800000, 0x0000000080800000| Untracked 
|   9|0x0000000080900000, 0x0000000080900000, 0x0000000080a00000|  0%| F|  |TAMS 0x0000000080900000, 0x0000000080900000| Untracked 
|  10|0x0000000080a00000, 0x0000000080a00000, 0x0000000080b00000|  0%| F|  |TAMS 0x0000000080a00000, 0x0000000080a00000| Untracked 
|  11|0x0000000080b00000, 0x0000000080b00000, 0x0000000080c00000|  0%| F|  |TAMS 0x0000000080b00000, 0x0000000080b00000| Untracked 
|  12|0x0000000080c00000, 0x0000000080c00000, 0x0000000080d00000|  0%| F|  |TAMS 0x0000000080c00000, 0x0000000080c00000| Untracked 
|  13|0x0000000080d00000, 0x0000000080d00000, 0x0000000080e00000|  0%| F|  |TAMS 0x0000000080d00000, 0x0000000080d00000| Untracked 
|  14|0x0000000080e00000, 0x0000000080e00000, 0x0000000080f00000|  0%| F|  |TAMS 0x0000000080e00000, 0x0000000080e00000| Untracked 
|  15|0x0000000080f00000, 0x0000000080f00000, 0x0000000081000000|  0%| F|  |TAMS 0x0000000080f00000, 0x0000000080f00000| Untracked 
|  16|0x0000000081000000, 0x0000000081000000, 0x0000000081100000|  0%| F|  |TAMS 0x0000000081000000, 0x0000000081000000| Untracked 
|  17|0x0000000081100000, 0x0000000081100000, 0x0000000081200000|  0%| F|  |TAMS 0x0000000081100000, 0x0000000081100000| Untracked 
|  18|0x0000000081200000, 0x0000000081200000, 0x0000000081300000|  0%| F|  |TAMS 0x0000000081200000, 0x0000000081200000| Untracked 
|  19|0x0000000081300000, 0x0000000081300000, 0x0000000081400000|  0%| F|  |TAMS 0x0000000081300000, 0x0000000081300000| Untracked 
|  20|0x0000000081400000, 0x0000000081400000, 0x0000000081500000|  0%| F|  |TAMS 0x0000000081400000, 0x0000000081400000| Untracked 
|  21|0x0000000081500000, 0x0000000081500000, 0x0000000081600000|  0%| F|  |TAMS 0x0000000081500000, 0x0000000081500000| Untracked 
|  22|0x0000000081600000, 0x0000000081600000, 0x0000000081700000|  0%| F|  |TAMS 0x0000000081600000, 0x0000000081600000| Untracked 
|  23|0x0000000081700000, 0x0000000081700000, 0x0000000081800000|  0%| F|  |TAMS 0x0000000081700000, 0x0000000081700000| Untracked 
|  24|0x0000000081800000, 0x0000000081800000, 0x0000000081900000|  0%| F|  |TAMS 0x0000000081800000, 0x0000000081800000| Untracked 
|  25|0x0000000081900000, 0x0000000081900000, 0x0000000081a00000|  0%| F|  |TAMS 0x0000000081900000, 0x0000000081900000| Untracked 
|  26|0x0000000081a00000, 0x0000000081a00000, 0x0000000081b00000|  0%| F|  |TAMS 0x0000000081a00000, 0x0000000081a00000| Untracked 
|  27|0x0000000081b00000, 0x0000000081b00000, 0x0000000081c00000|  0%| F|  |TAMS 0x0000000081b00000, 0x0000000081b00000| Untracked 
|  28|0x0000000081c00000, 0x0000000081c00000, 0x0000000081d00000|  0%| F|  |TAMS 0x0000000081c00000, 0x0000000081c00000| Untracked 
|  29|0x0000000081d00000, 0x0000000081d00000, 0x0000000081e00000|  0%| F|  |TAMS 0x0000000081d00000, 0x0000000081d00000| Untracked 
|  30|0x0000000081e00000, 0x0000000081e00000, 0x0000000081f00000|  0%| F|  |TAMS 0x0000000081e00000, 0x0000000081e00000| Untracked 
|  31|0x0000000081f00000, 0x0000000081f00000, 0x0000000082000000|  0%| F|  |TAMS 0x0000000081f00000, 0x0000000081f00000| Untracked 
|  32|0x0000000082000000, 0x0000000082000000, 0x0000000082100000|  0%| F|  |TAMS 0x0000000082000000, 0x0000000082000000| Untracked 
|  33|0x0000000082100000, 0x0000000082100000, 0x0000000082200000|  0%| F|  |TAMS 0x0000000082100000, 0x0000000082100000| Untracked 
|  34|0x0000000082200000, 0x0000000082200000, 0x0000000082300000|  0%| F|  |TAMS 0x0000000082200000, 0x0000000082200000| Untracked 
|  35|0x0000000082300000, 0x0000000082300000, 0x0000000082400000|  0%| F|  |TAMS 0x0000000082300000, 0x0000000082300000| Untracked 
|  36|0x0000000082400000, 0x0000000082400000, 0x0000000082500000|  0%| F|  |TAMS 0x0000000082400000, 0x0000000082400000| Untracked 
|  37|0x0000000082500000, 0x0000000082500000, 0x0000000082600000|  0%| F|  |TAMS 0x0000000082500000, 0x0000000082500000| Untracked 
|  38|0x0000000082600000, 0x0000000082600000, 0x0000000082700000|  0%| F|  |TAMS 0x0000000082600000, 0x0000000082600000| Untracked 
|  39|0x0000000082700000, 0x0000000082700000, 0x0000000082800000|  0%| F|  |TAMS 0x0000000082700000, 0x0000000082700000| Untracked 
|  40|0x0000000082800000, 0x0000000082800000, 0x0000000082900000|  0%| F|  |TAMS 0x0000000082800000, 0x0000000082800000| Untracked 
|  41|0x0000000082900000, 0x0000000082900000, 0x0000000082a00000|  0%| F|  |TAMS 0x0000000082900000, 0x0000000082900000| Untracked 
|  42|0x0000000082a00000, 0x0000000082a00000, 0x0000000082b00000|  0%| F|  |TAMS 0x0000000082a00000, 0x0000000082a00000| Untracked 
|  43|0x0000000082b00000, 0x0000000082b00000, 0x0000000082c00000|  0%| F|  |TAMS 0x0000000082b00000, 0x0000000082b00000| Untracked 
|  44|0x0000000082c00000, 0x0000000082c00000, 0x0000000082d00000|  0%| F|  |TAMS 0x0000000082c00000, 0x0000000082c00000| Untracked 
|  45|0x0000000082d00000, 0x0000000082d00000, 0x0000000082e00000|  0%| F|  |TAMS 0x0000000082d00000, 0x0000000082d00000| Untracked 
|  46|0x0000000082e00000, 0x0000000082e00000, 0x0000000082f00000|  0%| F|  |TAMS 0x0000000082e00000, 0x0000000082e00000| Untracked 
|  47|0x0000000082f00000, 0x0000000082f00000, 0x0000000083000000|  0%| F|  |TAMS 0x0000000082f00000, 0x0000000082f00000| Untracked 
|  48|0x0000000083000000, 0x0000000083000000, 0x0000000083100000|  0%| F|  |TAMS 0x0000000083000000, 0x0000000083000000| Untracked 
|  49|0x0000000083100000, 0x0000000083100000, 0x0000000083200000|  0%| F|  |TAMS 0x0000000083100000, 0x0000000083100000| Untracked 
|  50|0x0000000083200000, 0x0000000083200000, 0x0000000083300000|  0%| F|  |TAMS 0x0000000083200000, 0x0000000083200000| Untracked 
|  51|0x0000000083300000, 0x0000000083300000, 0x0000000083400000|  0%| F|  |TAMS 0x0000000083300000, 0x0000000083300000| Untracked 
|  52|0x0000000083400000, 0x0000000083400000, 0x0000000083500000|  0%| F|  |TAMS 0x0000000083400000, 0x0000000083400000| Untracked 
|  53|0x0000000083500000, 0x0000000083500000, 0x0000000083600000|  0%| F|  |TAMS 0x0000000083500000, 0x0000000083500000| Untracked 
|  54|0x0000000083600000, 0x0000000083600000, 0x0000000083700000|  0%| F|  |TAMS 0x0000000083600000, 0x0000000083600000| Untracked 
|  55|0x0000000083700000, 0x0000000083700000, 0x0000000083800000|  0%| F|  |TAMS 0x0000000083700000, 0x0000000083700000| Untracked 
|  56|0x0000000083800000, 0x0000000083800000, 0x0000000083900000|  0%| F|  |TAMS 0x0000000083800000, 0x0000000083800000| Untracked 
|  57|0x0000000083900000, 0x0000000083900000, 0x0000000083a00000|  0%| F|  |TAMS 0x0000000083900000, 0x0000000083900000| Untracked 
|  58|0x0000000083a00000, 0x0000000083a00000, 0x0000000083b00000|  0%| F|  |TAMS 0x0000000083a00000, 0x0000000083a00000| Untracked 
|  59|0x0000000083b00000, 0x0000000083b00000, 0x0000000083c00000|  0%| F|  |TAMS 0x0000000083b00000, 0x0000000083b00000| Untracked 
|  60|0x0000000083c00000, 0x0000000083c00000, 0x0000000083d00000|  0%| F|  |TAMS 0x0000000083c00000, 0x0000000083c00000| Untracked 
|  61|0x0000000083d00000, 0x0000000083d00000, 0x0000000083e00000|  0%| F|  |TAMS 0x0000000083d00000, 0x0000000083d00000| Untracked 
|  62|0x0000000083e00000, 0x0000000083e00000, 0x0000000083f00000|  0%| F|  |TAMS 0x0000000083e00000, 0x0000000083e00000| Untracked 
|  63|0x0000000083f00000, 0x0000000083f00000, 0x0000000084000000|  0%| F|  |TAMS 0x0000000083f00000, 0x0000000083f00000| Untracked 
|  64|0x0000000084000000, 0x0000000084000000, 0x0000000084100000|  0%| F|  |TAMS 0x0000000084000000, 0x0000000084000000| Untracked 
|  65|0x0000000084100000, 0x0000000084100000, 0x0000000084200000|  0%| F|  |TAMS 0x0000000084100000, 0x0000000084100000| Untracked 
|  66|0x0000000084200000, 0x0000000084200000, 0x0000000084300000|  0%| F|  |TAMS 0x0000000084200000, 0x0000000084200000| Untracked 
|  67|0x0000000084300000, 0x0000000084300000, 0x0000000084400000|  0%| F|  |TAMS 0x0000000084300000, 0x0000000084300000| Untracked 
|  68|0x0000000084400000, 0x0000000084400000, 0x0000000084500000|  0%| F|  |TAMS 0x0000000084400000, 0x0000000084400000| Untracked 
|  69|0x0000000084500000, 0x0000000084500000, 0x0000000084600000|  0%| F|  |TAMS 0x0000000084500000, 0x0000000084500000| Untracked 
|  70|0x0000000084600000, 0x0000000084600000, 0x0000000084700000|  0%| F|  |TAMS 0x0000000084600000, 0x0000000084600000| Untracked 
|  71|0x0000000084700000, 0x0000000084700000, 0x0000000084800000|  0%| F|  |TAMS 0x0000000084700000, 0x0000000084700000| Untracked 
|  72|0x0000000084800000, 0x0000000084800000, 0x0000000084900000|  0%| F|  |TAMS 0x0000000084800000, 0x0000000084800000| Untracked 
|  73|0x0000000084900000, 0x0000000084900000, 0x0000000084a00000|  0%| F|  |TAMS 0x0000000084900000, 0x0000000084900000| Untracked 
|  74|0x0000000084a00000, 0x0000000084a00000, 0x0000000084b00000|  0%| F|  |TAMS 0x0000000084a00000, 0x0000000084a00000| Untracked 
|  75|0x0000000084b00000, 0x0000000084b00000, 0x0000000084c00000|  0%| F|  |TAMS 0x0000000084b00000, 0x0000000084b00000| Untracked 
|  76|0x0000000084c00000, 0x0000000084c00000, 0x0000000084d00000|  0%| F|  |TAMS 0x0000000084c00000, 0x0000000084c00000| Untracked 
|  77|0x0000000084d00000, 0x0000000084d00000, 0x0000000084e00000|  0%| F|  |TAMS 0x0000000084d00000, 0x0000000084d00000| Untracked 
|  78|0x0000000084e00000, 0x0000000084e00000, 0x0000000084f00000|  0%| F|  |TAMS 0x0000000084e00000, 0x0000000084e00000| Untracked 
|  79|0x0000000084f00000, 0x0000000084f00000, 0x0000000085000000|  0%| F|  |TAMS 0x0000000084f00000, 0x0000000084f00000| Untracked 
|  80|0x0000000085000000, 0x0000000085000000, 0x0000000085100000|  0%| F|  |TAMS 0x0000000085000000, 0x0000000085000000| Untracked 
|  81|0x0000000085100000, 0x0000000085100000, 0x0000000085200000|  0%| F|  |TAMS 0x0000000085100000, 0x0000000085100000| Untracked 
|  82|0x0000000085200000, 0x0000000085200000, 0x0000000085300000|  0%| F|  |TAMS 0x0000000085200000, 0x0000000085200000| Untracked 
|  83|0x0000000085300000, 0x0000000085300000, 0x0000000085400000|  0%| F|  |TAMS 0x0000000085300000, 0x0000000085300000| Untracked 
|  84|0x0000000085400000, 0x0000000085400000, 0x0000000085500000|  0%| F|  |TAMS 0x0000000085400000, 0x0000000085400000| Untracked 
|  85|0x0000000085500000, 0x0000000085500000, 0x0000000085600000|  0%| F|  |TAMS 0x0000000085500000, 0x0000000085500000| Untracked 
|  86|0x0000000085600000, 0x0000000085600000, 0x0000000085700000|  0%| F|  |TAMS 0x0000000085600000, 0x0000000085600000| Untracked 
|  87|0x0000000085700000, 0x0000000085700000, 0x0000000085800000|  0%| F|  |TAMS 0x0000000085700000, 0x0000000085700000| Untracked 
|  88|0x0000000085800000, 0x0000000085800000, 0x0000000085900000|  0%| F|  |TAMS 0x0000000085800000, 0x0000000085800000| Untracked 
|  89|0x0000000085900000, 0x0000000085900000, 0x0000000085a00000|  0%| F|  |TAMS 0x0000000085900000, 0x0000000085900000| Untracked 
|  90|0x0000000085a00000, 0x0000000085a00000, 0x0000000085b00000|  0%| F|  |TAMS 0x0000000085a00000, 0x0000000085a00000| Untracked 
|  91|0x0000000085b00000, 0x0000000085b00000, 0x0000000085c00000|  0%| F|  |TAMS 0x0000000085b00000, 0x0000000085b00000| Untracked 
|  92|0x0000000085c00000, 0x0000000085c00000, 0x0000000085d00000|  0%| F|  |TAMS 0x0000000085c00000, 0x0000000085c00000| Untracked 
|  93|0x0000000085d00000, 0x0000000085d00000, 0x0000000085e00000|  0%| F|  |TAMS 0x0000000085d00000, 0x0000000085d00000| Untracked 
|  94|0x0000000085e00000, 0x0000000085e00000, 0x0000000085f00000|  0%| F|  |TAMS 0x0000000085e00000, 0x0000000085e00000| Untracked 
|  95|0x0000000085f00000, 0x0000000085f00000, 0x0000000086000000|  0%| F|  |TAMS 0x0000000085f00000, 0x0000000085f00000| Untracked 
|  96|0x0000000086000000, 0x0000000086000000, 0x0000000086100000|  0%| F|  |TAMS 0x0000000086000000, 0x0000000086000000| Untracked 
|  97|0x0000000086100000, 0x0000000086100000, 0x0000000086200000|  0%| F|  |TAMS 0x0000000086100000, 0x0000000086100000| Untracked 
|  98|0x0000000086200000, 0x0000000086200000, 0x0000000086300000|  0%| F|  |TAMS 0x0000000086200000, 0x0000000086200000| Untracked 
|  99|0x0000000086300000, 0x0000000086300000, 0x0000000086400000|  0%| F|  |TAMS 0x0000000086300000, 0x0000000086300000| Untracked 
| 100|0x0000000086400000, 0x0000000086400000, 0x0000000086500000|  0%| F|  |TAMS 0x0000000086400000, 0x0000000086400000| Untracked 
| 101|0x0000000086500000, 0x0000000086500000, 0x0000000086600000|  0%| F|  |TAMS 0x0000000086500000, 0x0000000086500000| Untracked 
| 102|0x0000000086600000, 0x0000000086600000, 0x0000000086700000|  0%| F|  |TAMS 0x0000000086600000, 0x0000000086600000| Untracked 
| 103|0x0000000086700000, 0x0000000086700000, 0x0000000086800000|  0%| F|  |TAMS 0x0000000086700000, 0x0000000086700000| Untracked 
| 104|0x0000000086800000, 0x0000000086800000, 0x0000000086900000|  0%| F|  |TAMS 0x0000000086800000, 0x0000000086800000| Untracked 
| 105|0x0000000086900000, 0x0000000086900000, 0x0000000086a00000|  0%| F|  |TAMS 0x0000000086900000, 0x0000000086900000| Untracked 
| 106|0x0000000086a00000, 0x0000000086a00000, 0x0000000086b00000|  0%| F|  |TAMS 0x0000000086a00000, 0x0000000086a00000| Untracked 
| 107|0x0000000086b00000, 0x0000000086b00000, 0x0000000086c00000|  0%| F|  |TAMS 0x0000000086b00000, 0x0000000086b00000| Untracked 
| 108|0x0000000086c00000, 0x0000000086c00000, 0x0000000086d00000|  0%| F|  |TAMS 0x0000000086c00000, 0x0000000086c00000| Untracked 
| 109|0x0000000086d00000, 0x0000000086d00000, 0x0000000086e00000|  0%| F|  |TAMS 0x0000000086d00000, 0x0000000086d00000| Untracked 
| 110|0x0000000086e00000, 0x0000000086e00000, 0x0000000086f00000|  0%| F|  |TAMS 0x0000000086e00000, 0x0000000086e00000| Untracked 
| 111|0x0000000086f00000, 0x0000000086f00000, 0x0000000087000000|  0%| F|  |TAMS 0x0000000086f00000, 0x0000000086f00000| Untracked 
| 112|0x0000000087000000, 0x0000000087000000, 0x0000000087100000|  0%| F|  |TAMS 0x0000000087000000, 0x0000000087000000| Untracked 
| 113|0x0000000087100000, 0x0000000087100000, 0x0000000087200000|  0%| F|  |TAMS 0x0000000087100000, 0x0000000087100000| Untracked 
| 114|0x0000000087200000, 0x0000000087200000, 0x0000000087300000|  0%| F|  |TAMS 0x0000000087200000, 0x0000000087200000| Untracked 
| 115|0x0000000087300000, 0x0000000087300000, 0x0000000087400000|  0%| F|  |TAMS 0x0000000087300000, 0x0000000087300000| Untracked 
| 116|0x0000000087400000, 0x0000000087400000, 0x0000000087500000|  0%| F|  |TAMS 0x0000000087400000, 0x0000000087400000| Untracked 
| 117|0x0000000087500000, 0x0000000087500000, 0x0000000087600000|  0%| F|  |TAMS 0x0000000087500000, 0x0000000087500000| Untracked 
| 118|0x0000000087600000, 0x0000000087600000, 0x0000000087700000|  0%| F|  |TAMS 0x0000000087600000, 0x0000000087600000| Untracked 
| 119|0x0000000087700000, 0x0000000087700000, 0x0000000087800000|  0%| F|  |TAMS 0x0000000087700000, 0x0000000087700000| Untracked 
| 120|0x0000000087800000, 0x0000000087800000, 0x0000000087900000|  0%| F|  |TAMS 0x0000000087800000, 0x0000000087800000| Untracked 
| 121|0x0000000087900000, 0x0000000087900000, 0x0000000087a00000|  0%| F|  |TAMS 0x0000000087900000, 0x0000000087900000| Untracked 
| 122|0x0000000087a00000, 0x0000000087a00000, 0x0000000087b00000|  0%| F|  |TAMS 0x0000000087a00000, 0x0000000087a00000| Untracked 
| 123|0x0000000087b00000, 0x0000000087b00000, 0x0000000087c00000|  0%| F|  |TAMS 0x0000000087b00000, 0x0000000087b00000| Untracked 
| 124|0x0000000087c00000, 0x0000000087d00000, 0x0000000087d00000|100%| S|CS|TAMS 0x0000000087c00000, 0x0000000087c00000| Complete 
| 125|0x0000000087d00000, 0x0000000087d00000, 0x0000000087e00000|  0%| F|  |TAMS 0x0000000087d00000, 0x0000000087d00000| Untracked 
| 126|0x0000000087e00000, 0x0000000087e00000, 0x0000000087f00000|  0%| F|  |TAMS 0x0000000087e00000, 0x0000000087e00000| Untracked 
| 127|0x0000000087f00000, 0x0000000087f00000, 0x0000000088000000|  0%| F|  |TAMS 0x0000000087f00000, 0x0000000087f00000| Untracked 

Card table byte_map: [0x00000256b2d90000,0x00000256b3190000] _byte_map_base: 0x00000256b2990000

Marking Bits (Prev, Next): (CMBitMap*) 0x000002569c3154f8, (CMBitMap*) 0x000002569c315530
 Prev Bits: [0x00000256b3590000, 0x00000256b5590000)
 Next Bits: [0x00000256b5590000, 0x00000256b7590000)

Polling page: 0x000002569a1f0000

Metaspace:

Usage:
  Non-class:      6.69 MB capacity,     6.63 MB (>99%) used,    52.98 KB ( <1%) free+waste,     5.88 KB ( <1%) overhead. 
      Class:    718.00 KB capacity,   666.86 KB ( 93%) used,    48.20 KB (  7%) free+waste,     2.94 KB ( <1%) overhead. 
       Both:      7.39 MB capacity,     7.29 MB ( 99%) used,   101.18 KB (  1%) free+waste,     8.81 KB ( <1%) overhead. 

Virtual space:
  Non-class space:       16.00 MB reserved,       6.75 MB ( 42%) committed 
      Class space:        1.00 GB reserved,     768.00 KB ( <1%) committed 
             Both:        1.02 GB reserved,       7.50 MB ( <1%) committed 

Chunk freelists:
   Non-Class:  7.38 KB
       Class:  2.25 KB
        Both:  9.63 KB

CodeHeap 'non-profiled nmethods': size=120064Kb used=67Kb max_used=67Kb free=119996Kb
 bounds [0x00000256ab450000, 0x00000256ab6c0000, 0x00000256b2990000]
CodeHeap 'profiled nmethods': size=120000Kb used=397Kb max_used=397Kb free=119602Kb
 bounds [0x00000256a3f20000, 0x00000256a4190000, 0x00000256ab450000]
CodeHeap 'non-nmethods': size=5696Kb used=1073Kb max_used=1083Kb free=4622Kb
 bounds [0x00000256a3990000, 0x00000256a3c00000, 0x00000256a3f20000]
 total_blobs=641 nmethods=283 adapters=270
 compilation: enabled
              stopped_count=0, restarted_count=0
 full_count=0

Compilation events (10 events):
Event: 0.333 Thread 0x00000256b9755000 nmethod 279 0x00000256ab460d10 code [0x00000256ab460e80, 0x00000256ab460ef8]
Event: 0.334 Thread 0x00000256b9759000  280       3       sun.util.locale.LocaleUtils::isUpper (18 bytes)
Event: 0.335 Thread 0x00000256b9759000 nmethod 280 0x00000256a3f80d10 code [0x00000256a3f80ea0, 0x00000256a3f81018]
Event: 0.339 Thread 0x00000256b9759000  281       3       java.lang.ref.Reference::reachabilityFence (1 bytes)
Event: 0.339 Thread 0x00000256b9759000 nmethod 281 0x00000256a3f81090 code [0x00000256a3f81220, 0x00000256a3f812f8]
Event: 0.340 Thread 0x00000256b9759000  282       3       java.lang.ClassLoader::checkName (37 bytes)
Event: 0.340 Thread 0x00000256b9759000 nmethod 282 0x00000256a3f81390 code [0x00000256a3f815e0, 0x00000256a3f81f78]
Event: 0.341 Thread 0x00000256b9759000  283       3       java.util.StringTokenizer::skipDelimiters (116 bytes)
Event: 0.342 Thread 0x00000256b9759000 nmethod 283 0x00000256a3f82310 code [0x00000256a3f825c0, 0x00000256a3f832e8]
Event: 0.342 Thread 0x00000256b9759000  284       3       java.util.StringTokenizer::hasMoreTokens (29 bytes)

GC Heap History (2 events):
Event: 0.343 GC heap before
{Heap before GC invocations=0 (full 0):
 garbage-first heap   total 131072K, used 1024K [0x0000000080000000, 0x0000000100000000)
  region size 1024K, 3 young (3072K), 0 survivors (0K)
 Metaspace       used 7461K, capacity 7571K, committed 7680K, reserved 1062912K
  class space    used 666K, capacity 718K, committed 768K, reserved 1048576K
}
Event: 0.346 GC heap after
{Heap after GC invocations=1 (full 0):
 garbage-first heap   total 131072K, used 1253K [0x0000000080000000, 0x0000000100000000)
  region size 1024K, 1 young (1024K), 1 survivors (1024K)
 Metaspace       used 7461K, capacity 7571K, committed 7680K, reserved 1062912K
  class space    used 666K, capacity 718K, committed 768K, reserved 1048576K
}

Deoptimization events (1 events):
Event: 0.135 Thread 0x000002569c2db800 Uncommon trap: reason=unstable_if action=reinterpret pc=0x00000256ab453c10 method=java.lang.String.hashCode()I @ 14 c2

Classes redefined (0 events):
No events

Internal exceptions (1 events):
Event: 0.292 Thread 0x000002569c2db800 Exception <a 'java/lang/NoSuchMethodError'{0x0000000087d0a8c0}: java.lang.invoke.DirectMethodHandle$Holder.invokeStaticInit(Ljava/lang/Object;Ljava/lang/Object;Ljava/lang/Object;)Ljava/lang/Object;> (0x0000000087d0a8c0) thrown at [./open/src/hotspot/share

Events (10 events):
Event: 0.340 loading class java/lang/invoke/DirectMethodHandle$Special
Event: 0.340 loading class java/lang/invoke/DirectMethodHandle$Special done
Event: 0.341 loading class sun/util/locale/provider/CalendarProviderImpl
Event: 0.341 loading class sun/util/locale/provider/AvailableLanguageTags
Event: 0.341 loading class sun/util/locale/provider/AvailableLanguageTags done
Event: 0.341 loading class sun/util/locale/provider/CalendarProviderImpl done
Event: 0.342 loading class java/util/Calendar$Builder
Event: 0.342 loading class java/util/Calendar$Builder done
Event: 0.342 loading class java/util/GregorianCalendar
Event: 0.342 Executing VM operation: CollectForMetadataAllocation


Dynamic libraries:
0x00007ff77eb60000 - 0x00007ff77eb6f000 	C:\Program Files\Java\jdk-11.0.16\bin\java.exe
0x00007ffeb96d0000 - 0x00007ffeb98c8000 	C:\Windows\SYSTEM32\ntdll.dll
0x00007ffeb7730000 - 0x00007ffeb77ed000 	C:\Windows\System32\KERNEL32.DLL
0x00007ffeb7450000 - 0x00007ffeb7722000 	C:\Windows\System32\KERNELBASE.dll
0x00007ffeb6de0000 - 0x00007ffeb6ee0000 	C:\Windows\System32\ucrtbase.dll
0x00007ffea3b90000 - 0x00007ffea3ba5000 	C:\Program Files\Java\jdk-11.0.16\bin\VCRUNTIME140.dll
0x00007ffea3b70000 - 0x00007ffea3b88000 	C:\Program Files\Java\jdk-11.0.16\bin\jli.dll
0x00007ffeb8110000 - 0x00007ffeb81be000 	C:\Windows\System32\ADVAPI32.dll
0x00007ffeb84a0000 - 0x00007ffeb853e000 	C:\Windows\System32\msvcrt.dll
0x00007ffeb8010000 - 0x00007ffeb80ac000 	C:\Windows\System32\sechost.dll
0x00007ffeb89e0000 - 0x00007ffeb8b05000 	C:\Windows\System32\RPCRT4.dll
0x00007ffeb7e10000 - 0x00007ffeb7fad000 	C:\Windows\System32\USER32.dll
0x00007ffeb73d0000 - 0x00007ffeb73f2000 	C:\Windows\System32\win32u.dll
0x00007ffeb92f0000 - 0x00007ffeb931b000 	C:\Windows\System32\GDI32.dll
0x00007ffeb6ee0000 - 0x00007ffeb6fef000 	C:\Windows\System32\gdi32full.dll
0x00007ffeb7250000 - 0x00007ffeb72ed000 	C:\Windows\System32\msvcp_win.dll
0x00007ffe98c10000 - 0x00007ffe98eaa000 	C:\Windows\WinSxS\amd64_microsoft.windows.common-controls_6595b64144ccf1df_6.0.19041.1110_none_60b5254171f9507e\COMCTL32.dll
0x00007ffeaf180000 - 0x00007ffeaf18a000 	C:\Windows\SYSTEM32\VERSION.dll
0x00007ffeb81c0000 - 0x00007ffeb81f0000 	C:\Windows\System32\IMM32.DLL
0x00007ffe8b7b0000 - 0x00007ffe8b84b000 	C:\Program Files\Java\jdk-11.0.16\bin\msvcp140.dll
0x00007ffe5bca0000 - 0x00007ffe5c7b8000 	C:\Program Files\Java\jdk-11.0.16\bin\server\jvm.dll
0x00007ffeb9320000 - 0x00007ffeb9328000 	C:\Windows\System32\PSAPI.DLL
0x00007ffea1a70000 - 0x00007ffea1a79000 	C:\Windows\SYSTEM32\WSOCK32.dll
0x00007ffeb8420000 - 0x00007ffeb848b000 	C:\Windows\System32\WS2_32.dll
0x00007ffe96c40000 - 0x00007ffe96c67000 	C:\Windows\SYSTEM32\WINMM.dll
0x00007ffeb4c80000 - 0x00007ffeb4c92000 	C:\Windows\SYSTEM32\kernel.appcore.dll
0x00007ffe9e960000 - 0x00007ffe9e970000 	C:\Program Files\Java\jdk-11.0.16\bin\verify.dll
0x00007ffea5940000 - 0x00007ffea5b24000 	C:\Windows\SYSTEM32\DBGHELP.DLL
0x00007ffea5de0000 - 0x00007ffea5e0c000 	C:\Windows\SYSTEM32\dbgcore.DLL
0x00007ffeb71c0000 - 0x00007ffeb7242000 	C:\Windows\System32\bcryptPrimitives.dll
0x00007ffe8cb60000 - 0x00007ffe8cb88000 	C:\Program Files\Java\jdk-11.0.16\bin\java.dll
0x00007ffe9e950000 - 0x00007ffe9e95a000 	C:\Program Files\Java\jdk-11.0.16\bin\jimage.dll
0x00007ffe9abf0000 - 0x00007ffe9ac06000 	C:\Program Files\Java\jdk-11.0.16\bin\zip.dll
0x00007ffeb8b10000 - 0x00007ffeb9253000 	C:\Windows\System32\SHELL32.dll
0x00007ffeb4e80000 - 0x00007ffeb5611000 	C:\Windows\SYSTEM32\windows.storage.dll
0x00007ffeb77f0000 - 0x00007ffeb7b44000 	C:\Windows\System32\combase.dll
0x00007ffeb6680000 - 0x00007ffeb66b0000 	C:\Windows\SYSTEM32\Wldp.dll
0x00007ffeb8310000 - 0x00007ffeb83bd000 	C:\Windows\System32\SHCORE.dll
0x00007ffeb7fb0000 - 0x00007ffeb8005000 	C:\Windows\System32\shlwapi.dll
0x00007ffeb6d20000 - 0x00007ffeb6d3f000 	C:\Windows\SYSTEM32\profapi.dll
0x00007ffe97f30000 - 0x00007ffe97f49000 	C:\Program Files\Java\jdk-11.0.16\bin\net.dll
0x00007ffeae320000 - 0x00007ffeae42d000 	C:\Windows\SYSTEM32\WINHTTP.dll
0x00007ffeb6460000 - 0x00007ffeb64ca000 	C:\Windows\system32\mswsock.dll
0x00007ffe91d90000 - 0x00007ffe91da2000 	C:\Program Files\Java\jdk-11.0.16\bin\nio.dll
0x00007ffe9acb0000 - 0x00007ffe9acb9000 	C:\Program Files\Java\jdk-11.0.16\bin\management.dll
0x00007ffe9aba0000 - 0x00007ffe9abab000 	C:\Program Files\Java\jdk-11.0.16\bin\management_ext.dll

dbghelp: loaded successfully - version: 4.0.5 - missing functions: none
symbol engine: initialized successfully - sym options: 0x614 - pdb path: .;C:\Program Files\Java\jdk-11.0.16\bin;C:\Windows\SYSTEM32;C:\Windows\WinSxS\amd64_microsoft.windows.common-controls_6595b64144ccf1df_6.0.19041.1110_none_60b5254171f9507e;C:\Program Files\Java\jdk-11.0.16\bin\server

VM Arguments:
java_command: C:\Users\sfjbs\AppData\Local\Temp\surefire17604153795192393291\surefirebooter12642641186571328452.jar C:\Users\sfjbs\AppData\Local\Temp\surefire17604153795192393291 2022-11-01T09-52-31_133-jvmRun1 surefire1418884452093412883tmp surefire_09489192257358270194tmp
java_class_path (initial): C:\Users\sfjbs\AppData\Local\Temp\surefire17604153795192393291\surefirebooter12642641186571328452.jar
Launcher Type: SUN_STANDARD

[Global flags]
     intx CICompilerCount                          = 2                                         {product} {ergonomic}
     uint ConcGCThreads                            = 1                                         {product} {ergonomic}
     uint G1ConcRefinementThreads                  = 2                                         {product} {ergonomic}
   size_t G1HeapRegionSize                         = 1048576                                   {product} {ergonomic}
    uintx GCDrainStackTargetSize                   = 64                                        {product} {ergonomic}
   size_t InitialHeapSize                          = 134217728                                 {product} {ergonomic}
   size_t MarkStackSize                            = 4194304                                   {product} {ergonomic}
   size_t MaxHeapSize                              = 2147483648                                {product} {ergonomic}
   size_t MaxNewSize                               = 1287651328                                {product} {ergonomic}
   size_t MinHeapDeltaBytes                        = 1048576                                   {product} {ergonomic}
    uintx NonNMethodCodeHeapSize                   = 5825164                                {pd product} {ergonomic}
    uintx NonProfiledCodeHeapSize                  = 122916538                              {pd product} {ergonomic}
    uintx ProfiledCodeHeapSize                     = 122916538                              {pd product} {ergonomic}
    uintx ReservedCodeCacheSize                    = 251658240                              {pd product} {ergonomic}
     bool SegmentedCodeCache                       = true                                      {product} {ergonomic}
     bool UseCompressedClassPointers               = true                                 {lp64_product} {ergonomic}
     bool UseCompressedOops                        = true                                 {lp64_product} {ergonomic}
     bool UseG1GC                                  = true                                      {product} {ergonomic}
     bool UseLargePagesIndividualAllocation        = false                                  {pd product} {ergonomic}

Logging:
Log output configuration:
 #0: stdout all=warning uptime,level,tags
 #1: stderr all=off uptime,level,tags

Environment Variables:
PATH=C:\Program Files\Common Files\Oracle\Java\javapath;C:\Windows\system32;C:\Windows;C:\Windows\System32\Wbem;C:\Windows\System32\WindowsPowerShell\v1.0\;C:\Windows\System32\OpenSSH\;C:\Users\sfjbs\Downloads\micro service-20221001T123314Z-001\micro service\apache-maven-3.8.5-bin\apache-maven-3.8.5\bin;C:\Users\sfjbs\Downloads\micro service-20221001T123314Z-001\micro service\apache-maven-3.8.5-bin\apache-maven-3.8.5\lib;C:\Program Files\Docker\Docker\resources\bin;C:\ProgramData\DockerDesktop\version-bin;C:\Program Files\Git\cmd;C:\Users\sfjbs\AppData\Local\Microsoft\WindowsApps;C:\Users\sfjbs\Downloads\micro service-20221001T123314Z-001\micro service\apache-maven-3.8.5-bin\apache-maven-3.8.5\bin;C:\Users\sfjbs\Downloads\micro service-20221001T123314Z-001\micro service\apache-maven-3.8.5-bin\apache-maven-3.8.5\lib;;C:\Program Files\JetBrains\IntelliJ IDEA Community Edition 2022.2.1\bin;
USERNAME=sfjbs
OS=Windows_NT
PROCESSOR_IDENTIFIER=Intel64 Family 6 Model 85 Stepping 7, GenuineIntel



---------------  S Y S T E M  ---------------

OS: Windows 10 , 64 bit Build 19041 (10.0.19041.1889)
Hyper-V role detected

CPU:total 2 (initial active 2) (1 cores per cpu, 2 threads per core) family 6 model 85 stepping 7 microcode 0xffffffff, cmov, cx8, fxsr, mmx, sse, sse2, sse3, ssse3, sse4.1, sse4.2, popcnt, avx, avx2, aes, clmul, erms, rtm, 3dnowpref, lzcnt, ht, tsc, bmi1, bmi2, adx, evex, fma

Memory: 4k page, system-wide physical 8190M (322M free)
TotalPageFile size 10238M (AvailPageFile size 3M)
current process WorkingSet (physical memory assigned to process): 40M, peak: 40M
current process commit charge ("private bytes"): 196M, peak: 197M

vm_info: Java HotSpot(TM) 64-Bit Server VM (11.0.16+11-LTS-199) for windows-amd64 JRE (11.0.16+11-LTS-199), built on Jun 28 2022 08:23:17 by "mach5one" with MS VC++ 15.9 (VS2017)

END.
