#
# There is insufficient memory for the Java Runtime Environment to continue.
# Native memory allocation (malloc) failed to allocate 334096 bytes for Chunk::new
# Possible reasons:
#   The system is out of physical RAM or swap space
#   The process is running with CompressedOops enabled, and the Java Heap may be blocking the growth of the native heap
# Possible solutions:
#   Reduce memory load on the system
#   Increase physical memory or swap space
#   Check if swap backing store is full
#   Decrease Java heap size (-Xmx/-Xms)
#   Decrease number of Java threads
#   Decrease Java thread stack sizes (-Xss)
#   Set larger code cache with -XX:ReservedCodeCacheSize=
#   JVM is running with Unscaled Compressed Oops mode in which the Java heap is
#     placed in the first 4GB address space. The Java Heap base address is the
#     maximum limit for the native heap growth. Please use -XX:HeapBaseMinAddress
#     to set the Java Heap base and to place the Java Heap above 4GB virtual address.
# This output file may be truncated or incomplete.
#
#  Out of Memory Error (./open/src/hotspot/share/memory/arena.cpp:197), pid=22412, tid=22516
#
# JRE version: Java(TM) SE Runtime Environment 18.9 (11.0.16+11) (build 11.0.16+11-LTS-199)
# Java VM: Java HotSpot(TM) 64-Bit Server VM 18.9 (11.0.16+11-LTS-199, mixed mode, tiered, compressed oops, g1 gc, windows-amd64)
# No core dump will be written. Minidumps are not enabled by default on client versions of Windows
#

---------------  S U M M A R Y ------------

Command Line: -Dclassworlds.conf=C:\Users\sfjbs\Downloads\micro service-20221001T123314Z-001\micro service\apache-maven-3.8.5-bin\apache-maven-3.8.5\bin\m2.conf -Dmaven.home=C:\Users\sfjbs\Downloads\micro service-20221001T123314Z-001\micro service\apache-maven-3.8.5-bin\apache-maven-3.8.5 -Dlibrary.jansi.path=C:\Users\sfjbs\Downloads\micro service-20221001T123314Z-001\micro service\apache-maven-3.8.5-bin\apache-maven-3.8.5\lib\jansi-native -Dmaven.multiModuleProjectDirectory=C:\Users\sfjbs\IdeaProjects\Deepika\Day 13\pension-management-system org.codehaus.plexus.classworlds.launcher.Launcher clean install -e

Host: Intel(R) Xeon(R) Platinum 8272CL CPU @ 2.60GHz, 2 cores, 7G,  Windows 10 , 64 bit Build 19041 (10.0.19041.1889)
Time: Mon Oct 31 05:20:04 2022 Coordinated Universal Time elapsed time: 17.271373 seconds (0d 0h 0m 17s)

---------------  T H R E A D  ---------------

Current thread (0x000002921da2f000):  JavaThread "C2 CompilerThread0" daemon [_thread_in_native, id=22516, stack(0x000000e6a5100000,0x000000e6a5200000)]


Current CompileTask:
C2:  17271 6167   !   4       java.util.concurrent.ConcurrentHashMap::putVal (432 bytes)

Stack: [0x000000e6a5100000,0x000000e6a5200000]
Native frames: (J=compiled Java code, j=interpreted, Vv=VM code, C=native code)
V  [jvm.dll+0x62a3ea]
V  [jvm.dll+0x76418f]
V  [jvm.dll+0x765839]
V  [jvm.dll+0x765ec3]
V  [jvm.dll+0x23da98]
V  [jvm.dll+0xb2a1c]
V  [jvm.dll+0xb2fdc]
V  [jvm.dll+0x341442]
V  [jvm.dll+0x30ec83]
V  [jvm.dll+0x30dfca]
V  [jvm.dll+0x1f84a5]
V  [jvm.dll+0x1f768d]
V  [jvm.dll+0x177c81]
V  [jvm.dll+0x207006]
V  [jvm.dll+0x20519b]
V  [jvm.dll+0x729fa0]
V  [jvm.dll+0x722b74]
V  [jvm.dll+0x629286]
C  [ucrtbase.dll+0x21bb2]
C  [KERNEL32.DLL+0x17034]
C  [ntdll.dll+0x526a1]


---------------  P R O C E S S  ---------------

Threads class SMR info:
_java_thread_list=0x0000029221374160, length=21, elements={
0x000002927f287000, 0x000002921da0b000, 0x000002921da0c000, 0x000002921da29000,
0x000002921da2c000, 0x000002921da2e000, 0x000002921da2f000, 0x000002921da33800,
0x000002921e3ff000, 0x000002921e535000, 0x000002922028c000, 0x000002921f8e7000,
0x000002921f8e8000, 0x000002922273a800, 0x0000029222330800, 0x000002921f8e9000,
0x0000029222241000, 0x000002922120b800, 0x000002921ff91800, 0x000002921e9ac800,
0x000002921e9ad000
}

Java Threads: ( => current thread )
  0x000002927f287000 JavaThread "main" [_thread_in_native, id=22072, stack(0x000000e6a4500000,0x000000e6a4600000)]
  0x000002921da0b000 JavaThread "Reference Handler" daemon [_thread_blocked, id=22128, stack(0x000000e6a4c00000,0x000000e6a4d00000)]
  0x000002921da0c000 JavaThread "Finalizer" daemon [_thread_blocked, id=22028, stack(0x000000e6a4d00000,0x000000e6a4e00000)]
  0x000002921da29000 JavaThread "Signal Dispatcher" daemon [_thread_blocked, id=22160, stack(0x000000e6a4e00000,0x000000e6a4f00000)]
  0x000002921da2c000 JavaThread "Attach Listener" daemon [_thread_blocked, id=22104, stack(0x000000e6a4f00000,0x000000e6a5000000)]
  0x000002921da2e000 JavaThread "Service Thread" daemon [_thread_blocked, id=20204, stack(0x000000e6a5000000,0x000000e6a5100000)]
=>0x000002921da2f000 JavaThread "C2 CompilerThread0" daemon [_thread_in_native, id=22516, stack(0x000000e6a5100000,0x000000e6a5200000)]
  0x000002921da33800 JavaThread "C1 CompilerThread0" daemon [_thread_blocked, id=18256, stack(0x000000e6a5200000,0x000000e6a5300000)]
  0x000002921e3ff000 JavaThread "Sweeper thread" daemon [_thread_blocked, id=19816, stack(0x000000e6a5300000,0x000000e6a5400000)]
  0x000002921e535000 JavaThread "Common-Cleaner" daemon [_thread_blocked, id=22036, stack(0x000000e6a5500000,0x000000e6a5600000)]
  0x000002922028c000 JavaThread "resolver-1" daemon [_thread_blocked, id=20208, stack(0x000000e6a5700000,0x000000e6a5800000)]
  0x000002921f8e7000 JavaThread "resolver-2" daemon [_thread_blocked, id=21936, stack(0x000000e6a5800000,0x000000e6a5900000)]
  0x000002921f8e8000 JavaThread "resolver-3" daemon [_thread_blocked, id=18072, stack(0x000000e6a5900000,0x000000e6a5a00000)]
  0x000002922273a800 JavaThread "resolver-4" daemon [_thread_blocked, id=22448, stack(0x000000e6a5a00000,0x000000e6a5b00000)]
  0x0000029222330800 JavaThread "resolver-5" daemon [_thread_blocked, id=22156, stack(0x000000e6a5b00000,0x000000e6a5c00000)]
  0x000002921f8e9000 JavaThread "timeout-check-timer" daemon [_thread_blocked, id=14520, stack(0x000000e6a5c00000,0x000000e6a5d00000)]
  0x0000029222241000 JavaThread "ping-timer-10s" daemon [_thread_blocked, id=22348, stack(0x000000e6a5d00000,0x000000e6a5e00000)]
  0x000002922120b800 JavaThread "ThreadedStreamConsumer" daemon [_thread_blocked, id=18472, stack(0x000000e6a5e00000,0x000000e6a5f00000)]
  0x000002921ff91800 JavaThread "Thread-2" [_thread_blocked, id=17540, stack(0x000000e6a5f00000,0x000000e6a6000000)]
  0x000002921e9ac800 JavaThread "Thread-3" [_thread_in_native, id=11876, stack(0x000000e6a6000000,0x000000e6a6100000)]
  0x000002921e9ad000 JavaThread "Thread-4" [_thread_in_native, id=21528, stack(0x000000e6a6100000,0x000000e6a6200000)]

Other Threads:
  0x000002921da09800 VMThread "VM Thread" [stack: 0x000000e6a4b00000,0x000000e6a4c00000] [id=3004]
  0x000002921e52e000 WatcherThread [stack: 0x000000e6a5400000,0x000000e6a5500000] [id=19636]
  0x000002927f29b800 GCTaskThread "GC Thread#0" [stack: 0x000000e6a4600000,0x000000e6a4700000] [id=21888]
  0x000002921e7d7800 GCTaskThread "GC Thread#1" [stack: 0x000000e6a5600000,0x000000e6a5700000] [id=20528]
  0x000002927f2cb800 ConcurrentGCThread "G1 Main Marker" [stack: 0x000000e6a4700000,0x000000e6a4800000] [id=20968]
  0x000002927f2ce000 ConcurrentGCThread "G1 Conc#0" [stack: 0x000000e6a4800000,0x000000e6a4900000] [id=20728]
  0x000002927f354800 ConcurrentGCThread "G1 Refine#0" [stack: 0x000000e6a4900000,0x000000e6a4a00000] [id=19712]
  0x000002927f356800 ConcurrentGCThread "G1 Young RemSet Sampling" [stack: 0x000000e6a4a00000,0x000000e6a4b00000] [id=20628]

Threads with active compile tasks:
C2 CompilerThread0    17307 6167   !   4       java.util.concurrent.ConcurrentHashMap::putVal (432 bytes)

VM state:not at safepoint (normal execution)

VM Mutex/Monitor currently owned by a thread: None

Heap address: 0x0000000080000000, size: 2048 MB, Compressed Oops mode: 32-bit
Narrow klass base: 0x0000000000000000, Narrow klass shift: 3
Compressed class space size: 1073741824 Address: 0x0000000100000000

Heap:
 garbage-first heap   total 191488K, used 29030K [0x0000000080000000, 0x0000000100000000)
  region size 1024K, 11 young (11264K), 6 survivors (6144K)
 Metaspace       used 35704K, capacity 36433K, committed 36736K, reserved 1081344K
  class space    used 3715K, capacity 4001K, committed 4096K, reserved 1048576K
Heap Regions: E=young(eden), S=young(survivor), O=old, HS=humongous(starts), HC=humongous(continues), CS=collection set, F=free, A=archive, TAMS=top-at-mark-start (previous, next)
|   0|0x0000000080000000, 0x0000000080100000, 0x0000000080100000|100%| O|  |TAMS 0x0000000080100000, 0x0000000080000000| Untracked 
|   1|0x0000000080100000, 0x0000000080200000, 0x0000000080200000|100%| O|  |TAMS 0x0000000080200000, 0x0000000080100000| Untracked 
|   2|0x0000000080200000, 0x0000000080300000, 0x0000000080300000|100%| O|  |TAMS 0x0000000080300000, 0x0000000080200000| Untracked 
|   3|0x0000000080300000, 0x0000000080400000, 0x0000000080400000|100%| O|  |TAMS 0x0000000080400000, 0x0000000080300000| Untracked 
|   4|0x0000000080400000, 0x0000000080400000, 0x0000000080500000|  0%| F|  |TAMS 0x0000000080400000, 0x0000000080400000| Untracked 
|   5|0x0000000080500000, 0x0000000080600000, 0x0000000080600000|100%|HS|  |TAMS 0x0000000080600000, 0x0000000080500000| Complete 
|   6|0x0000000080600000, 0x0000000080700000, 0x0000000080700000|100%| O|  |TAMS 0x0000000080700000, 0x0000000080600000| Untracked 
|   7|0x0000000080700000, 0x0000000080800000, 0x0000000080800000|100%| O|  |TAMS 0x0000000080800000, 0x0000000080700000| Untracked 
|   8|0x0000000080800000, 0x0000000080900000, 0x0000000080900000|100%| O|  |TAMS 0x0000000080900000, 0x0000000080800000| Untracked 
|   9|0x0000000080900000, 0x0000000080a00000, 0x0000000080a00000|100%| O|  |TAMS 0x0000000080a00000, 0x0000000080900000| Untracked 
|  10|0x0000000080a00000, 0x0000000080b00000, 0x0000000080b00000|100%| O|  |TAMS 0x0000000080b00000, 0x0000000080a00000| Untracked 
|  11|0x0000000080b00000, 0x0000000080c00000, 0x0000000080c00000|100%| O|  |TAMS 0x0000000080c00000, 0x0000000080b00000| Untracked 
|  12|0x0000000080c00000, 0x0000000080d00000, 0x0000000080d00000|100%| O|  |TAMS 0x0000000080d00000, 0x0000000080c00000| Untracked 
|  13|0x0000000080d00000, 0x0000000080e00000, 0x0000000080e00000|100%| O|  |TAMS 0x0000000080e00000, 0x0000000080d00000| Untracked 
|  14|0x0000000080e00000, 0x0000000080e00000, 0x0000000080f00000|  0%| F|  |TAMS 0x0000000080e00000, 0x0000000080e00000| Untracked 
|  15|0x0000000080f00000, 0x0000000081000000, 0x0000000081000000|100%| O|  |TAMS 0x0000000081000000, 0x0000000080f00000| Untracked 
|  16|0x0000000081000000, 0x0000000081100000, 0x0000000081100000|100%| O|  |TAMS 0x0000000081100000, 0x0000000081000000| Untracked 
|  17|0x0000000081100000, 0x0000000081200000, 0x0000000081200000|100%| O|  |TAMS 0x0000000081200000, 0x0000000081100000| Untracked 
|  18|0x0000000081200000, 0x0000000081300000, 0x0000000081300000|100%| O|  |TAMS 0x0000000081300000, 0x0000000081200000| Untracked 
|  19|0x0000000081300000, 0x0000000081400000, 0x0000000081400000|100%| O|  |TAMS 0x0000000081400000, 0x0000000081300000| Untracked 
|  20|0x0000000081400000, 0x0000000081484800, 0x0000000081500000| 51%| O|  |TAMS 0x0000000081484800, 0x0000000081400000| Untracked 
|  21|0x0000000081500000, 0x0000000081500000, 0x0000000081600000|  0%| F|  |TAMS 0x0000000081500000, 0x0000000081500000| Untracked 
|  22|0x0000000081600000, 0x0000000081600000, 0x0000000081700000|  0%| F|  |TAMS 0x0000000081600000, 0x0000000081600000| Untracked 
|  23|0x0000000081700000, 0x0000000081700000, 0x0000000081800000|  0%| F|  |TAMS 0x0000000081700000, 0x0000000081700000| Untracked 
|  24|0x0000000081800000, 0x0000000081800000, 0x0000000081900000|  0%| F|  |TAMS 0x0000000081800000, 0x0000000081800000| Untracked 
|  25|0x0000000081900000, 0x0000000081900000, 0x0000000081a00000|  0%| F|  |TAMS 0x0000000081900000, 0x0000000081900000| Untracked 
|  26|0x0000000081a00000, 0x0000000081a00000, 0x0000000081b00000|  0%| F|  |TAMS 0x0000000081a00000, 0x0000000081a00000| Untracked 
|  27|0x0000000081b00000, 0x0000000081b00000, 0x0000000081c00000|  0%| F|  |TAMS 0x0000000081b00000, 0x0000000081b00000| Untracked 
|  28|0x0000000081c00000, 0x0000000081c00000, 0x0000000081d00000|  0%| F|  |TAMS 0x0000000081c00000, 0x0000000081c00000| Untracked 
|  29|0x0000000081d00000, 0x0000000081d00000, 0x0000000081e00000|  0%| F|  |TAMS 0x0000000081d00000, 0x0000000081d00000| Untracked 
|  30|0x0000000081e00000, 0x0000000081e00000, 0x0000000081f00000|  0%| F|  |TAMS 0x0000000081e00000, 0x0000000081e00000| Untracked 
|  31|0x0000000081f00000, 0x0000000081f00000, 0x0000000082000000|  0%| F|  |TAMS 0x0000000081f00000, 0x0000000081f00000| Untracked 
|  32|0x0000000082000000, 0x0000000082000000, 0x0000000082100000|  0%| F|  |TAMS 0x0000000082000000, 0x0000000082000000| Untracked 
|  33|0x0000000082100000, 0x0000000082100000, 0x0000000082200000|  0%| F|  |TAMS 0x0000000082100000, 0x0000000082100000| Untracked 
|  34|0x0000000082200000, 0x0000000082200000, 0x0000000082300000|  0%| F|  |TAMS 0x0000000082200000, 0x0000000082200000| Untracked 
|  35|0x0000000082300000, 0x0000000082300000, 0x0000000082400000|  0%| F|  |TAMS 0x0000000082300000, 0x0000000082300000| Untracked 
|  36|0x0000000082400000, 0x0000000082400000, 0x0000000082500000|  0%| F|  |TAMS 0x0000000082400000, 0x0000000082400000| Untracked 
|  37|0x0000000082500000, 0x0000000082500000, 0x0000000082600000|  0%| F|  |TAMS 0x0000000082500000, 0x0000000082500000| Untracked 
|  38|0x0000000082600000, 0x0000000082600000, 0x0000000082700000|  0%| F|  |TAMS 0x0000000082600000, 0x0000000082600000| Untracked 
|  39|0x0000000082700000, 0x0000000082700000, 0x0000000082800000|  0%| F|  |TAMS 0x0000000082700000, 0x0000000082700000| Untracked 
|  40|0x0000000082800000, 0x0000000082800000, 0x0000000082900000|  0%| F|  |TAMS 0x0000000082800000, 0x0000000082800000| Untracked 
|  41|0x0000000082900000, 0x0000000082900000, 0x0000000082a00000|  0%| F|  |TAMS 0x0000000082900000, 0x0000000082900000| Untracked 
|  42|0x0000000082a00000, 0x0000000082a00000, 0x0000000082b00000|  0%| F|  |TAMS 0x0000000082a00000, 0x0000000082a00000| Untracked 
|  43|0x0000000082b00000, 0x0000000082b00000, 0x0000000082c00000|  0%| F|  |TAMS 0x0000000082b00000, 0x0000000082b00000| Untracked 
|  44|0x0000000082c00000, 0x0000000082c00000, 0x0000000082d00000|  0%| F|  |TAMS 0x0000000082c00000, 0x0000000082c00000| Untracked 
|  45|0x0000000082d00000, 0x0000000082d00000, 0x0000000082e00000|  0%| F|  |TAMS 0x0000000082d00000, 0x0000000082d00000| Untracked 
|  46|0x0000000082e00000, 0x0000000082e00000, 0x0000000082f00000|  0%| F|  |TAMS 0x0000000082e00000, 0x0000000082e00000| Untracked 
|  47|0x0000000082f00000, 0x0000000082f00000, 0x0000000083000000|  0%| F|  |TAMS 0x0000000082f00000, 0x0000000082f00000| Untracked 
|  48|0x0000000083000000, 0x0000000083000000, 0x0000000083100000|  0%| F|  |TAMS 0x0000000083000000, 0x0000000083000000| Untracked 
|  49|0x0000000083100000, 0x0000000083100000, 0x0000000083200000|  0%| F|  |TAMS 0x0000000083100000, 0x0000000083100000| Untracked 
|  50|0x0000000083200000, 0x0000000083200000, 0x0000000083300000|  0%| F|  |TAMS 0x0000000083200000, 0x0000000083200000| Untracked 
|  51|0x0000000083300000, 0x0000000083300000, 0x0000000083400000|  0%| F|  |TAMS 0x0000000083300000, 0x0000000083300000| Untracked 
|  52|0x0000000083400000, 0x0000000083400000, 0x0000000083500000|  0%| F|  |TAMS 0x0000000083400000, 0x0000000083400000| Untracked 
|  53|0x0000000083500000, 0x0000000083500000, 0x0000000083600000|  0%| F|  |TAMS 0x0000000083500000, 0x0000000083500000| Untracked 
|  54|0x0000000083600000, 0x0000000083600000, 0x0000000083700000|  0%| F|  |TAMS 0x0000000083600000, 0x0000000083600000| Untracked 
|  55|0x0000000083700000, 0x0000000083700000, 0x0000000083800000|  0%| F|  |TAMS 0x0000000083700000, 0x0000000083700000| Untracked 
|  56|0x0000000083800000, 0x0000000083800000, 0x0000000083900000|  0%| F|  |TAMS 0x0000000083800000, 0x0000000083800000| Untracked 
|  57|0x0000000083900000, 0x0000000083900000, 0x0000000083a00000|  0%| F|  |TAMS 0x0000000083900000, 0x0000000083900000| Untracked 
|  58|0x0000000083a00000, 0x0000000083a00000, 0x0000000083b00000|  0%| F|  |TAMS 0x0000000083a00000, 0x0000000083a00000| Untracked 
|  59|0x0000000083b00000, 0x0000000083bd5170, 0x0000000083c00000| 83%| S|CS|TAMS 0x0000000083b00000, 0x0000000083b00000| Complete 
|  60|0x0000000083c00000, 0x0000000083d00000, 0x0000000083d00000|100%| S|CS|TAMS 0x0000000083c00000, 0x0000000083c00000| Complete 
|  61|0x0000000083d00000, 0x0000000083e00000, 0x0000000083e00000|100%| S|CS|TAMS 0x0000000083d00000, 0x0000000083d00000| Complete 
|  62|0x0000000083e00000, 0x0000000083f00000, 0x0000000083f00000|100%| S|CS|TAMS 0x0000000083e00000, 0x0000000083e00000| Complete 
|  63|0x0000000083f00000, 0x0000000084000000, 0x0000000084000000|100%| S|CS|TAMS 0x0000000083f00000, 0x0000000083f00000| Complete 
|  64|0x0000000084000000, 0x0000000084100000, 0x0000000084100000|100%| S|CS|TAMS 0x0000000084000000, 0x0000000084000000| Complete 
|  65|0x0000000084100000, 0x0000000084100000, 0x0000000084200000|  0%| F|  |TAMS 0x0000000084100000, 0x0000000084100000| Untracked 
|  66|0x0000000084200000, 0x0000000084200000, 0x0000000084300000|  0%| F|  |TAMS 0x0000000084200000, 0x0000000084200000| Untracked 
|  67|0x0000000084300000, 0x0000000084300000, 0x0000000084400000|  0%| F|  |TAMS 0x0000000084300000, 0x0000000084300000| Untracked 
|  68|0x0000000084400000, 0x0000000084400000, 0x0000000084500000|  0%| F|  |TAMS 0x0000000084400000, 0x0000000084400000| Untracked 
|  69|0x0000000084500000, 0x0000000084500000, 0x0000000084600000|  0%| F|  |TAMS 0x0000000084500000, 0x0000000084500000| Untracked 
|  70|0x0000000084600000, 0x0000000084600000, 0x0000000084700000|  0%| F|  |TAMS 0x0000000084600000, 0x0000000084600000| Untracked 
|  71|0x0000000084700000, 0x0000000084700000, 0x0000000084800000|  0%| F|  |TAMS 0x0000000084700000, 0x0000000084700000| Untracked 
|  72|0x0000000084800000, 0x0000000084800000, 0x0000000084900000|  0%| F|  |TAMS 0x0000000084800000, 0x0000000084800000| Untracked 
|  73|0x0000000084900000, 0x0000000084900000, 0x0000000084a00000|  0%| F|  |TAMS 0x0000000084900000, 0x0000000084900000| Untracked 
|  74|0x0000000084a00000, 0x0000000084a00000, 0x0000000084b00000|  0%| F|  |TAMS 0x0000000084a00000, 0x0000000084a00000| Untracked 
|  75|0x0000000084b00000, 0x0000000084b00000, 0x0000000084c00000|  0%| F|  |TAMS 0x0000000084b00000, 0x0000000084b00000| Untracked 
|  76|0x0000000084c00000, 0x0000000084c00000, 0x0000000084d00000|  0%| F|  |TAMS 0x0000000084c00000, 0x0000000084c00000| Untracked 
|  77|0x0000000084d00000, 0x0000000084d00000, 0x0000000084e00000|  0%| F|  |TAMS 0x0000000084d00000, 0x0000000084d00000| Untracked 
|  78|0x0000000084e00000, 0x0000000084e00000, 0x0000000084f00000|  0%| F|  |TAMS 0x0000000084e00000, 0x0000000084e00000| Untracked 
|  79|0x0000000084f00000, 0x0000000084f00000, 0x0000000085000000|  0%| F|  |TAMS 0x0000000084f00000, 0x0000000084f00000| Untracked 
|  80|0x0000000085000000, 0x0000000085000000, 0x0000000085100000|  0%| F|  |TAMS 0x0000000085000000, 0x0000000085000000| Untracked 
|  81|0x0000000085100000, 0x0000000085100000, 0x0000000085200000|  0%| F|  |TAMS 0x0000000085100000, 0x0000000085100000| Untracked 
|  82|0x0000000085200000, 0x0000000085200000, 0x0000000085300000|  0%| F|  |TAMS 0x0000000085200000, 0x0000000085200000| Untracked 
|  83|0x0000000085300000, 0x0000000085300000, 0x0000000085400000|  0%| F|  |TAMS 0x0000000085300000, 0x0000000085300000| Untracked 
|  84|0x0000000085400000, 0x0000000085400000, 0x0000000085500000|  0%| F|  |TAMS 0x0000000085400000, 0x0000000085400000| Untracked 
|  85|0x0000000085500000, 0x0000000085500000, 0x0000000085600000|  0%| F|  |TAMS 0x0000000085500000, 0x0000000085500000| Untracked 
|  86|0x0000000085600000, 0x0000000085600000, 0x0000000085700000|  0%| F|  |TAMS 0x0000000085600000, 0x0000000085600000| Untracked 
|  87|0x0000000085700000, 0x0000000085700000, 0x0000000085800000|  0%| F|  |TAMS 0x0000000085700000, 0x0000000085700000| Untracked 
|  88|0x0000000085800000, 0x0000000085800000, 0x0000000085900000|  0%| F|  |TAMS 0x0000000085800000, 0x0000000085800000| Untracked 
|  89|0x0000000085900000, 0x0000000085900000, 0x0000000085a00000|  0%| F|  |TAMS 0x0000000085900000, 0x0000000085900000| Untracked 
|  90|0x0000000085a00000, 0x0000000085a00000, 0x0000000085b00000|  0%| F|  |TAMS 0x0000000085a00000, 0x0000000085a00000| Untracked 
|  91|0x0000000085b00000, 0x0000000085b00000, 0x0000000085c00000|  0%| F|  |TAMS 0x0000000085b00000, 0x0000000085b00000| Untracked 
|  92|0x0000000085c00000, 0x0000000085c00000, 0x0000000085d00000|  0%| F|  |TAMS 0x0000000085c00000, 0x0000000085c00000| Untracked 
|  93|0x0000000085d00000, 0x0000000085d00000, 0x0000000085e00000|  0%| F|  |TAMS 0x0000000085d00000, 0x0000000085d00000| Untracked 
|  94|0x0000000085e00000, 0x0000000085e00000, 0x0000000085f00000|  0%| F|  |TAMS 0x0000000085e00000, 0x0000000085e00000| Untracked 
|  95|0x0000000085f00000, 0x0000000085f00000, 0x0000000086000000|  0%| F|  |TAMS 0x0000000085f00000, 0x0000000085f00000| Untracked 
|  96|0x0000000086000000, 0x0000000086000000, 0x0000000086100000|  0%| F|  |TAMS 0x0000000086000000, 0x0000000086000000| Untracked 
|  97|0x0000000086100000, 0x0000000086100000, 0x0000000086200000|  0%| F|  |TAMS 0x0000000086100000, 0x0000000086100000| Untracked 
|  98|0x0000000086200000, 0x0000000086200000, 0x0000000086300000|  0%| F|  |TAMS 0x0000000086200000, 0x0000000086200000| Untracked 
|  99|0x0000000086300000, 0x0000000086300000, 0x0000000086400000|  0%| F|  |TAMS 0x0000000086300000, 0x0000000086300000| Untracked 
| 100|0x0000000086400000, 0x0000000086400000, 0x0000000086500000|  0%| F|  |TAMS 0x0000000086400000, 0x0000000086400000| Untracked 
| 101|0x0000000086500000, 0x0000000086500000, 0x0000000086600000|  0%| F|  |TAMS 0x0000000086500000, 0x0000000086500000| Untracked 
| 102|0x0000000086600000, 0x0000000086600000, 0x0000000086700000|  0%| F|  |TAMS 0x0000000086600000, 0x0000000086600000| Untracked 
| 103|0x0000000086700000, 0x0000000086700000, 0x0000000086800000|  0%| F|  |TAMS 0x0000000086700000, 0x0000000086700000| Untracked 
| 104|0x0000000086800000, 0x0000000086800000, 0x0000000086900000|  0%| F|  |TAMS 0x0000000086800000, 0x0000000086800000| Untracked 
| 105|0x0000000086900000, 0x0000000086900000, 0x0000000086a00000|  0%| F|  |TAMS 0x0000000086900000, 0x0000000086900000| Untracked 
| 106|0x0000000086a00000, 0x0000000086a00000, 0x0000000086b00000|  0%| F|  |TAMS 0x0000000086a00000, 0x0000000086a00000| Untracked 
| 107|0x0000000086b00000, 0x0000000086b00000, 0x0000000086c00000|  0%| F|  |TAMS 0x0000000086b00000, 0x0000000086b00000| Untracked 
| 108|0x0000000086c00000, 0x0000000086c00000, 0x0000000086d00000|  0%| F|  |TAMS 0x0000000086c00000, 0x0000000086c00000| Untracked 
| 109|0x0000000086d00000, 0x0000000086d00000, 0x0000000086e00000|  0%| F|  |TAMS 0x0000000086d00000, 0x0000000086d00000| Untracked 
| 110|0x0000000086e00000, 0x0000000086e00000, 0x0000000086f00000|  0%| F|  |TAMS 0x0000000086e00000, 0x0000000086e00000| Untracked 
| 111|0x0000000086f00000, 0x0000000086f00000, 0x0000000087000000|  0%| F|  |TAMS 0x0000000086f00000, 0x0000000086f00000| Untracked 
| 112|0x0000000087000000, 0x0000000087000000, 0x0000000087100000|  0%| F|  |TAMS 0x0000000087000000, 0x0000000087000000| Untracked 
| 113|0x0000000087100000, 0x0000000087100000, 0x0000000087200000|  0%| F|  |TAMS 0x0000000087100000, 0x0000000087100000| Untracked 
| 114|0x0000000087200000, 0x0000000087200000, 0x0000000087300000|  0%| F|  |TAMS 0x0000000087200000, 0x0000000087200000| Untracked 
| 115|0x0000000087300000, 0x0000000087300000, 0x0000000087400000|  0%| F|  |TAMS 0x0000000087300000, 0x0000000087300000| Untracked 
| 116|0x0000000087400000, 0x0000000087400000, 0x0000000087500000|  0%| F|  |TAMS 0x0000000087400000, 0x0000000087400000| Untracked 
| 117|0x0000000087500000, 0x0000000087500000, 0x0000000087600000|  0%| F|  |TAMS 0x0000000087500000, 0x0000000087500000| Untracked 
| 118|0x0000000087600000, 0x0000000087600000, 0x0000000087700000|  0%| F|  |TAMS 0x0000000087600000, 0x0000000087600000| Untracked 
| 119|0x0000000087700000, 0x0000000087700000, 0x0000000087800000|  0%| F|  |TAMS 0x0000000087700000, 0x0000000087700000| Untracked 
| 120|0x0000000087800000, 0x0000000087800000, 0x0000000087900000|  0%| F|  |TAMS 0x0000000087800000, 0x0000000087800000| Untracked 
| 121|0x0000000087900000, 0x0000000087900000, 0x0000000087a00000|  0%| F|  |TAMS 0x0000000087900000, 0x0000000087900000| Untracked 
| 122|0x0000000087a00000, 0x0000000087a00000, 0x0000000087b00000|  0%| F|  |TAMS 0x0000000087a00000, 0x0000000087a00000| Untracked 
| 123|0x0000000087b00000, 0x0000000087b00000, 0x0000000087c00000|  0%| F|  |TAMS 0x0000000087b00000, 0x0000000087b00000| Untracked 
| 124|0x0000000087c00000, 0x0000000087c00000, 0x0000000087d00000|  0%| F|  |TAMS 0x0000000087c00000, 0x0000000087c00000| Untracked 
| 125|0x0000000087d00000, 0x0000000087d00000, 0x0000000087e00000|  0%| F|  |TAMS 0x0000000087d00000, 0x0000000087d00000| Untracked 
| 126|0x0000000087e00000, 0x0000000087e00000, 0x0000000087f00000|  0%| F|  |TAMS 0x0000000087e00000, 0x0000000087e00000| Untracked 
| 127|0x0000000087f00000, 0x0000000087f00000, 0x0000000088000000|  0%| F|  |TAMS 0x0000000087f00000, 0x0000000087f00000| Untracked 
| 128|0x0000000088000000, 0x0000000088000000, 0x0000000088100000|  0%| F|  |TAMS 0x0000000088000000, 0x0000000088000000| Untracked 
| 129|0x0000000088100000, 0x0000000088100000, 0x0000000088200000|  0%| F|  |TAMS 0x0000000088100000, 0x0000000088100000| Untracked 
| 130|0x0000000088200000, 0x0000000088200000, 0x0000000088300000|  0%| F|  |TAMS 0x0000000088200000, 0x0000000088200000| Untracked 
| 131|0x0000000088300000, 0x0000000088300000, 0x0000000088400000|  0%| F|  |TAMS 0x0000000088300000, 0x0000000088300000| Untracked 
| 132|0x0000000088400000, 0x0000000088400000, 0x0000000088500000|  0%| F|  |TAMS 0x0000000088400000, 0x0000000088400000| Untracked 
| 133|0x0000000088500000, 0x0000000088500000, 0x0000000088600000|  0%| F|  |TAMS 0x0000000088500000, 0x0000000088500000| Untracked 
| 134|0x0000000088600000, 0x0000000088600000, 0x0000000088700000|  0%| F|  |TAMS 0x0000000088600000, 0x0000000088600000| Untracked 
| 135|0x0000000088700000, 0x0000000088700000, 0x0000000088800000|  0%| F|  |TAMS 0x0000000088700000, 0x0000000088700000| Untracked 
| 136|0x0000000088800000, 0x0000000088800000, 0x0000000088900000|  0%| F|  |TAMS 0x0000000088800000, 0x0000000088800000| Untracked 
| 137|0x0000000088900000, 0x0000000088900000, 0x0000000088a00000|  0%| F|  |TAMS 0x0000000088900000, 0x0000000088900000| Untracked 
| 138|0x0000000088a00000, 0x0000000088a00000, 0x0000000088b00000|  0%| F|  |TAMS 0x0000000088a00000, 0x0000000088a00000| Untracked 
| 139|0x0000000088b00000, 0x0000000088b00000, 0x0000000088c00000|  0%| F|  |TAMS 0x0000000088b00000, 0x0000000088b00000| Untracked 
| 140|0x0000000088c00000, 0x0000000088c00000, 0x0000000088d00000|  0%| F|  |TAMS 0x0000000088c00000, 0x0000000088c00000| Untracked 
| 141|0x0000000088d00000, 0x0000000088d00000, 0x0000000088e00000|  0%| F|  |TAMS 0x0000000088d00000, 0x0000000088d00000| Untracked 
| 142|0x0000000088e00000, 0x0000000088e00000, 0x0000000088f00000|  0%| F|  |TAMS 0x0000000088e00000, 0x0000000088e00000| Untracked 
| 143|0x0000000088f00000, 0x0000000088f00000, 0x0000000089000000|  0%| F|  |TAMS 0x0000000088f00000, 0x0000000088f00000| Untracked 
| 144|0x0000000089000000, 0x0000000089000000, 0x0000000089100000|  0%| F|  |TAMS 0x0000000089000000, 0x0000000089000000| Untracked 
| 145|0x0000000089100000, 0x0000000089100000, 0x0000000089200000|  0%| F|  |TAMS 0x0000000089100000, 0x0000000089100000| Untracked 
| 146|0x0000000089200000, 0x0000000089200000, 0x0000000089300000|  0%| F|  |TAMS 0x0000000089200000, 0x0000000089200000| Untracked 
| 147|0x0000000089300000, 0x0000000089300000, 0x0000000089400000|  0%| F|  |TAMS 0x0000000089300000, 0x0000000089300000| Untracked 
| 148|0x0000000089400000, 0x0000000089400000, 0x0000000089500000|  0%| F|  |TAMS 0x0000000089400000, 0x0000000089400000| Untracked 
| 149|0x0000000089500000, 0x0000000089500000, 0x0000000089600000|  0%| F|  |TAMS 0x0000000089500000, 0x0000000089500000| Untracked 
| 150|0x0000000089600000, 0x0000000089600000, 0x0000000089700000|  0%| F|  |TAMS 0x0000000089600000, 0x0000000089600000| Untracked 
| 151|0x0000000089700000, 0x0000000089700000, 0x0000000089800000|  0%| F|  |TAMS 0x0000000089700000, 0x0000000089700000| Untracked 
| 152|0x0000000089800000, 0x0000000089800000, 0x0000000089900000|  0%| F|  |TAMS 0x0000000089800000, 0x0000000089800000| Untracked 
| 153|0x0000000089900000, 0x0000000089900000, 0x0000000089a00000|  0%| F|  |TAMS 0x0000000089900000, 0x0000000089900000| Untracked 
| 154|0x0000000089a00000, 0x0000000089a00000, 0x0000000089b00000|  0%| F|  |TAMS 0x0000000089a00000, 0x0000000089a00000| Untracked 
| 155|0x0000000089b00000, 0x0000000089b00000, 0x0000000089c00000|  0%| F|  |TAMS 0x0000000089b00000, 0x0000000089b00000| Untracked 
| 156|0x0000000089c00000, 0x0000000089c00000, 0x0000000089d00000|  0%| F|  |TAMS 0x0000000089c00000, 0x0000000089c00000| Untracked 
| 157|0x0000000089d00000, 0x0000000089d00000, 0x0000000089e00000|  0%| F|  |TAMS 0x0000000089d00000, 0x0000000089d00000| Untracked 
| 158|0x0000000089e00000, 0x0000000089e00000, 0x0000000089f00000|  0%| F|  |TAMS 0x0000000089e00000, 0x0000000089e00000| Untracked 
| 159|0x0000000089f00000, 0x0000000089f00000, 0x000000008a000000|  0%| F|  |TAMS 0x0000000089f00000, 0x0000000089f00000| Untracked 
| 160|0x000000008a000000, 0x000000008a000000, 0x000000008a100000|  0%| F|  |TAMS 0x000000008a000000, 0x000000008a000000| Untracked 
| 161|0x000000008a100000, 0x000000008a100000, 0x000000008a200000|  0%| F|  |TAMS 0x000000008a100000, 0x000000008a100000| Untracked 
| 162|0x000000008a200000, 0x000000008a200000, 0x000000008a300000|  0%| F|  |TAMS 0x000000008a200000, 0x000000008a200000| Untracked 
| 163|0x000000008a300000, 0x000000008a300000, 0x000000008a400000|  0%| F|  |TAMS 0x000000008a300000, 0x000000008a300000| Untracked 
| 164|0x000000008a400000, 0x000000008a400000, 0x000000008a500000|  0%| F|  |TAMS 0x000000008a400000, 0x000000008a400000| Untracked 
| 165|0x000000008a500000, 0x000000008a500000, 0x000000008a600000|  0%| F|  |TAMS 0x000000008a500000, 0x000000008a500000| Untracked 
| 166|0x000000008a600000, 0x000000008a600000, 0x000000008a700000|  0%| F|  |TAMS 0x000000008a600000, 0x000000008a600000| Untracked 
| 167|0x000000008a700000, 0x000000008a700000, 0x000000008a800000|  0%| F|  |TAMS 0x000000008a700000, 0x000000008a700000| Untracked 
| 168|0x000000008a800000, 0x000000008a800000, 0x000000008a900000|  0%| F|  |TAMS 0x000000008a800000, 0x000000008a800000| Untracked 
| 169|0x000000008a900000, 0x000000008a900000, 0x000000008aa00000|  0%| F|  |TAMS 0x000000008a900000, 0x000000008a900000| Untracked 
| 170|0x000000008aa00000, 0x000000008aa00000, 0x000000008ab00000|  0%| F|  |TAMS 0x000000008aa00000, 0x000000008aa00000| Untracked 
| 171|0x000000008ab00000, 0x000000008ab00000, 0x000000008ac00000|  0%| F|  |TAMS 0x000000008ab00000, 0x000000008ab00000| Untracked 
| 172|0x000000008ac00000, 0x000000008ac00000, 0x000000008ad00000|  0%| F|  |TAMS 0x000000008ac00000, 0x000000008ac00000| Untracked 
| 173|0x000000008ad00000, 0x000000008ad00000, 0x000000008ae00000|  0%| F|  |TAMS 0x000000008ad00000, 0x000000008ad00000| Untracked 
| 174|0x000000008ae00000, 0x000000008ae00000, 0x000000008af00000|  0%| F|  |TAMS 0x000000008ae00000, 0x000000008ae00000| Untracked 
| 175|0x000000008af00000, 0x000000008af00000, 0x000000008b000000|  0%| F|  |TAMS 0x000000008af00000, 0x000000008af00000| Untracked 
| 176|0x000000008b000000, 0x000000008b000000, 0x000000008b100000|  0%| F|  |TAMS 0x000000008b000000, 0x000000008b000000| Untracked 
| 177|0x000000008b100000, 0x000000008b100000, 0x000000008b200000|  0%| F|  |TAMS 0x000000008b100000, 0x000000008b100000| Untracked 
| 178|0x000000008b200000, 0x000000008b200000, 0x000000008b300000|  0%| F|  |TAMS 0x000000008b200000, 0x000000008b200000| Untracked 
| 179|0x000000008b300000, 0x000000008b300000, 0x000000008b400000|  0%| F|  |TAMS 0x000000008b300000, 0x000000008b300000| Untracked 
| 180|0x000000008b400000, 0x000000008b400000, 0x000000008b500000|  0%| F|  |TAMS 0x000000008b400000, 0x000000008b400000| Untracked 
| 181|0x000000008b500000, 0x000000008b500000, 0x000000008b600000|  0%| F|  |TAMS 0x000000008b500000, 0x000000008b500000| Untracked 
| 182|0x000000008b600000, 0x000000008b700000, 0x000000008b700000|100%| E|  |TAMS 0x000000008b600000, 0x000000008b600000| Complete 
| 183|0x000000008b700000, 0x000000008b800000, 0x000000008b800000|100%| E|CS|TAMS 0x000000008b700000, 0x000000008b700000| Complete 
| 184|0x000000008b800000, 0x000000008b900000, 0x000000008b900000|100%| E|CS|TAMS 0x000000008b800000, 0x000000008b800000| Complete 
| 185|0x000000008b900000, 0x000000008ba00000, 0x000000008ba00000|100%| E|CS|TAMS 0x000000008b900000, 0x000000008b900000| Complete 
| 186|0x000000008ba00000, 0x000000008bb00000, 0x000000008bb00000|100%| E|CS|TAMS 0x000000008ba00000, 0x000000008ba00000| Complete 

Card table byte_map: [0x0000029216e00000,0x0000029217200000] _byte_map_base: 0x0000029216a00000

Marking Bits (Prev, Next): (CMBitMap*) 0x000002927f2c2d58, (CMBitMap*) 0x000002927f2c2d90
 Prev Bits: [0x0000029217600000, 0x0000029219600000)
 Next Bits: [0x0000029219600000, 0x000002921b600000)

Polling page: 0x0000029200000000

Metaspace:

Usage:
  Non-class:     31.67 MB capacity,    31.24 MB ( 99%) used,   377.48 KB (  1%) free+waste,    65.56 KB ( <1%) overhead. 
      Class:      3.91 MB capacity,     3.63 MB ( 93%) used,   256.67 KB (  6%) free+waste,    28.44 KB ( <1%) overhead. 
       Both:     35.58 MB capacity,    34.87 MB ( 98%) used,   634.15 KB (  2%) free+waste,    94.00 KB ( <1%) overhead. 

Virtual space:
  Non-class space:       32.00 MB reserved,      31.88 MB (>99%) committed 
      Class space:        1.00 GB reserved,       4.00 MB ( <1%) committed 
             Both:        1.03 GB reserved,      35.88 MB (  3%) committed 

Chunk freelists:
   Non-Class:  2.00 KB
       Class:  3.88 KB
        Both:  5.88 KB

CodeHeap 'non-profiled nmethods': size=120064Kb used=3121Kb max_used=3121Kb free=116943Kb
 bounds [0x000002920f0b0000, 0x000002920f3c0000, 0x00000292165f0000]
CodeHeap 'profiled nmethods': size=120000Kb used=14260Kb max_used=14260Kb free=105739Kb
 bounds [0x0000029207b80000, 0x0000029208970000, 0x000002920f0b0000]
CodeHeap 'non-nmethods': size=5696Kb used=1174Kb max_used=1206Kb free=4521Kb
 bounds [0x00000292075f0000, 0x0000029207860000, 0x0000029207b80000]
 total_blobs=6629 nmethods=6120 adapters=420
 compilation: enabled
              stopped_count=0, restarted_count=0
 full_count=0

Compilation events (10 events):
Event: 16.507 Thread 0x000002921da2f000 nmethod 6162 0x000002920f3bbb90 code [0x000002920f3bbd00, 0x000002920f3bbd98]
Event: 16.507 Thread 0x000002921da2f000 6163       4       java.nio.CharBuffer::array (35 bytes)
Event: 16.507 Thread 0x000002921da2f000 nmethod 6163 0x000002920f3bbe90 code [0x000002920f3bc000, 0x000002920f3bc098]
Event: 16.510 Thread 0x000002921da33800 6164       3       org.apache.maven.surefire.util.internal.StringUtils::digit (33 bytes)
Event: 16.510 Thread 0x000002921da33800 nmethod 6164 0x000002920896bb10 code [0x000002920896bca0, 0x000002920896be38]
Event: 16.519 Thread 0x000002921da2f000 6165       4       org.apache.maven.surefire.util.internal.StringUtils::digit (33 bytes)
Event: 16.519 Thread 0x000002921da2f000 nmethod 6165 0x000002920f3bc190 code [0x000002920f3bc300, 0x000002920f3bc358]
Event: 16.533 Thread 0x000002921da33800 6166       3       org.apache.maven.surefire.util.internal.StringUtils::unescapeString (130 bytes)
Event: 16.534 Thread 0x000002921da33800 nmethod 6166 0x000002920896bf10 code [0x000002920896c1a0, 0x000002920896cea8]
Event: 17.249 Thread 0x000002921da2f000 6167   !   4       java.util.concurrent.ConcurrentHashMap::putVal (432 bytes)

GC Heap History (10 events):
Event: 4.002 GC heap before
{Heap before GC invocations=4 (full 0):
 garbage-first heap   total 131072K, used 36280K [0x0000000080000000, 0x0000000100000000)
  region size 1024K, 34 young (34816K), 3 survivors (3072K)
 Metaspace       used 19837K, capacity 20200K, committed 20480K, reserved 1067008K
  class space    used 2121K, capacity 2247K, committed 2304K, reserved 1048576K
}
Event: 4.025 GC heap after
{Heap after GC invocations=5 (full 0):
 garbage-first heap   total 157696K, used 7434K [0x0000000080000000, 0x0000000100000000)
  region size 1024K, 5 young (5120K), 5 survivors (5120K)
 Metaspace       used 19837K, capacity 20200K, committed 20480K, reserved 1067008K
  class space    used 2121K, capacity 2247K, committed 2304K, reserved 1048576K
}
Event: 5.404 GC heap before
{Heap before GC invocations=5 (full 0):
 garbage-first heap   total 157696K, used 58634K [0x0000000080000000, 0x0000000100000000)
  region size 1024K, 56 young (57344K), 5 survivors (5120K)
 Metaspace       used 20957K, capacity 21212K, committed 21248K, reserved 1069056K
  class space    used 2176K, capacity 2285K, committed 2304K, reserved 1048576K
}
Event: 5.426 GC heap after
{Heap after GC invocations=6 (full 0):
 garbage-first heap   total 157696K, used 11770K [0x0000000080000000, 0x0000000100000000)
  region size 1024K, 8 young (8192K), 8 survivors (8192K)
 Metaspace       used 20957K, capacity 21212K, committed 21248K, reserved 1069056K
  class space    used 2176K, capacity 2285K, committed 2304K, reserved 1048576K
}
Event: 8.794 GC heap before
{Heap before GC invocations=7 (full 0):
 garbage-first heap   total 157696K, used 70138K [0x0000000080000000, 0x0000000100000000)
  region size 1024K, 63 young (64512K), 8 survivors (8192K)
 Metaspace       used 29538K, capacity 30118K, committed 30208K, reserved 1077248K
  class space    used 3147K, capacity 3328K, committed 3328K, reserved 1048576K
}
Event: 8.827 GC heap after
{Heap after GC invocations=8 (full 0):
 garbage-first heap   total 157696K, used 19887K [0x0000000080000000, 0x0000000100000000)
  region size 1024K, 8 young (8192K), 8 survivors (8192K)
 Metaspace       used 29538K, capacity 30118K, committed 30208K, reserved 1077248K
  class space    used 3147K, capacity 3328K, committed 3328K, reserved 1048576K
}
Event: 12.203 GC heap before
{Heap before GC invocations=8 (full 0):
 garbage-first heap   total 157696K, used 85423K [0x0000000080000000, 0x0000000100000000)
  region size 1024K, 70 young (71680K), 8 survivors (8192K)
 Metaspace       used 33190K, capacity 33867K, committed 34048K, reserved 1079296K
  class space    used 3488K, capacity 3742K, committed 3840K, reserved 1048576K
}
Event: 12.228 GC heap after
{Heap after GC invocations=9 (full 0):
 garbage-first heap   total 157696K, used 26731K [0x0000000080000000, 0x0000000100000000)
  region size 1024K, 9 young (9216K), 9 survivors (9216K)
 Metaspace       used 33190K, capacity 33867K, committed 34048K, reserved 1079296K
  class space    used 3488K, capacity 3742K, committed 3840K, reserved 1048576K
}
Event: 14.914 GC heap before
{Heap before GC invocations=9 (full 0):
 garbage-first heap   total 157696K, used 108651K [0x0000000080000000, 0x0000000100000000)
  region size 1024K, 89 young (91136K), 9 survivors (9216K)
 Metaspace       used 35110K, capacity 35772K, committed 35840K, reserved 1081344K
  class space    used 3659K, capacity 3929K, committed 3968K, reserved 1048576K
}
Event: 14.934 GC heap after
{Heap after GC invocations=10 (full 0):
 garbage-first heap   total 191488K, used 24934K [0x0000000080000000, 0x0000000100000000)
  region size 1024K, 6 young (6144K), 6 survivors (6144K)
 Metaspace       used 35110K, capacity 35772K, committed 35840K, reserved 1081344K
  class space    used 3659K, capacity 3929K, committed 3968K, reserved 1048576K
}

Deoptimization events (10 events):
Event: 13.842 Thread 0x0000029220f64000 Uncommon trap: reason=unstable_if action=reinterpret pc=0x000002920f2f45e8 method=jdk.internal.org.objectweb.asm.Type.getArgumentsAndReturnSizes(Ljava/lang/String;)I @ 136 c2
Event: 14.688 Thread 0x000002922028c000 Uncommon trap: reason=bimorphic_or_optimized_type_check action=maybe_recompile pc=0x000002920f2bdae0 method=java.util.concurrent.locks.AbstractQueuedSynchronizer.release(I)Z @ 2 c2
Event: 14.688 Thread 0x000002922028c000 Uncommon trap: reason=bimorphic_or_optimized_type_check action=maybe_recompile pc=0x000002920f2bdae0 method=java.util.concurrent.locks.AbstractQueuedSynchronizer.release(I)Z @ 2 c2
Event: 14.689 Thread 0x000002921f8e8000 Uncommon trap: reason=bimorphic_or_optimized_type_check action=maybe_recompile pc=0x000002920f2bdae0 method=java.util.concurrent.locks.AbstractQueuedSynchronizer.release(I)Z @ 2 c2
Event: 14.690 Thread 0x000002921f8e7000 Uncommon trap: reason=bimorphic_or_optimized_type_check action=maybe_recompile pc=0x000002920f2bdae0 method=java.util.concurrent.locks.AbstractQueuedSynchronizer.release(I)Z @ 2 c2
Event: 14.691 Thread 0x000002921f8e8000 Uncommon trap: reason=unstable_if action=reinterpret pc=0x000002920f2db6f0 method=java.util.concurrent.locks.AbstractQueuedSynchronizer.doReleaseShared()V @ 6 c2
Event: 15.261 Thread 0x000002927f287000 Uncommon trap: reason=class_check action=maybe_recompile pc=0x000002920f2270ac method=java.util.Collections$UnmodifiableMap$UnmodifiableEntrySet$1.next()Ljava/util/Map$Entry; @ 8 c2
Event: 15.261 Thread 0x000002927f287000 Uncommon trap: reason=class_check action=maybe_recompile pc=0x000002920f2270ac method=java.util.Collections$UnmodifiableMap$UnmodifiableEntrySet$1.next()Ljava/util/Map$Entry; @ 8 c2
Event: 15.261 Thread 0x000002927f287000 Uncommon trap: reason=class_check action=maybe_recompile pc=0x000002920f2270ac method=java.util.Collections$UnmodifiableMap$UnmodifiableEntrySet$1.next()Ljava/util/Map$Entry; @ 8 c2
Event: 15.261 Thread 0x000002927f287000 Uncommon trap: reason=class_check action=maybe_recompile pc=0x000002920f2270ac method=java.util.Collections$UnmodifiableMap$UnmodifiableEntrySet$1.next()Ljava/util/Map$Entry; @ 8 c2

Classes redefined (0 events):
No events

Internal exceptions (10 events):
Event: 13.163 Thread 0x000002927f287000 Exception <a 'sun/nio/fs/WindowsException'{0x0000000087811950}> (0x0000000087811950) thrown at [./open/src/hotspot/share/prims/jni.cpp, line 611]
Event: 13.171 Thread 0x000002927f287000 Exception <a 'sun/nio/fs/WindowsException'{0x0000000087812618}> (0x0000000087812618) thrown at [./open/src/hotspot/share/prims/jni.cpp, line 611]
Event: 13.736 Thread 0x000002927f287000 Exception <a 'java/lang/NoSuchMethodError'{0x00000000861a10b0}: org.apache.maven.execution.MavenExecutionRequest.getFailureBehavior()Ljava/lang/String;> (0x00000000861a10b0) thrown at [./open/src/hotspot/share/interpreter/linkResolver.cpp, line 864]
Event: 13.842 Thread 0x0000029220f64000 Exception <a 'java/lang/NoSuchMethodError'{0x000000008609c9b8}: java.lang.invoke.DirectMethodHandle$Holder.invokeStaticInit(Ljava/lang/Object;Ljava/lang/Object;JLjava/lang/Object;)Ljava/lang/Object;> (0x000000008609c9b8) thrown at [./open/src/hotspot/shar
Event: 13.844 Thread 0x0000029220f64000 Exception <a 'java/lang/NoSuchMethodError'{0x00000000860a8ad8}: java.lang.invoke.Invokers$Holder.linkToTargetMethod(Ljava/lang/Object;JLjava/lang/Object;)Ljava/lang/Object;> (0x00000000860a8ad8) thrown at [./open/src/hotspot/share/interpreter/linkResolver
Event: 14.546 Thread 0x000002927f287000 Exception <a 'java/lang/NoSuchMethodError'{0x0000000085fa5da0}: java.lang.invoke.DirectMethodHandle$Holder.invokeStaticInit(Ljava/lang/Object;Ljava/lang/Object;IIII)Ljava/lang/Object;> (0x0000000085fa5da0) thrown at [./open/src/hotspot/share/interpreter/l
Event: 15.301 Thread 0x000002927f287000 Exception <a 'java/lang/NoSuchMethodError'{0x000000008b8b1288}: java.lang.invoke.DirectMethodHandle$Holder.invokeStatic(Ljava/lang/Object;J)V> (0x000000008b8b1288) thrown at [./open/src/hotspot/share/interpreter/linkResolver.cpp, line 772]
Event: 15.304 Thread 0x000002927f287000 Exception <a 'java/lang/NoSuchMethodError'{0x000000008b8b6498}: java.lang.invoke.DirectMethodHandle$Holder.invokeStatic(Ljava/lang/Object;J)Ljava/lang/Object;> (0x000000008b8b6498) thrown at [./open/src/hotspot/share/interpreter/linkResolver.cpp, line 772
Event: 15.304 Thread 0x000002927f287000 Exception <a 'java/lang/NoSuchMethodError'{0x000000008b8b97c0}: java.lang.invoke.DirectMethodHandle$Holder.invokeSpecial(Ljava/lang/Object;Ljava/lang/Object;J)Ljava/lang/Object;> (0x000000008b8b97c0) thrown at [./open/src/hotspot/share/interpreter/linkRes
Event: 15.305 Thread 0x000002927f287000 Exception <a 'java/lang/NoSuchMethodError'{0x000000008b8bc528}: java.lang.invoke.Invokers$Holder.linkToTargetMethod(JLjava/lang/Object;)Ljava/lang/Object;> (0x000000008b8bc528) thrown at [./open/src/hotspot/share/interpreter/linkResolver.cpp, line 772]

Events (10 events):
Event: 17.263 loading class org/fusesource/jansi/Ansi$Color
Event: 17.263 loading class org/fusesource/jansi/Ansi$Color done
Event: 17.263 Executing VM operation: RevokeBias
Event: 17.263 Executing VM operation: RevokeBias done
Event: 17.263 Executing VM operation: RevokeBias
Event: 17.263 Executing VM operation: RevokeBias done
Event: 17.263 Executing VM operation: RevokeBias
Event: 17.263 Executing VM operation: RevokeBias done
Event: 17.263 Executing VM operation: RevokeBias
Event: 17.263 Executing VM operation: RevokeBias done


Dynamic libraries:
0x00007ff7820e0000 - 0x00007ff7820ef000 	C:\Program Files\Java\jdk-11.0.16\bin\java.exe
0x00007ffdfb930000 - 0x00007ffdfbb28000 	C:\Windows\SYSTEM32\ntdll.dll
0x00007ffdf9d90000 - 0x00007ffdf9e4d000 	C:\Windows\System32\KERNEL32.DLL
0x00007ffdf9070000 - 0x00007ffdf9342000 	C:\Windows\System32\KERNELBASE.dll
0x00007ffdf9890000 - 0x00007ffdf9990000 	C:\Windows\System32\ucrtbase.dll
0x00007ffdf4880000 - 0x00007ffdf4898000 	C:\Program Files\Java\jdk-11.0.16\bin\jli.dll
0x00007ffdfa800000 - 0x00007ffdfa8ae000 	C:\Windows\System32\ADVAPI32.dll
0x00007ffdf9eb0000 - 0x00007ffdf9f4e000 	C:\Windows\System32\msvcrt.dll
0x00007ffdf9aa0000 - 0x00007ffdf9b3c000 	C:\Windows\System32\sechost.dll
0x00007ffdf9b70000 - 0x00007ffdf9c95000 	C:\Windows\System32\RPCRT4.dll
0x00007ffdfb200000 - 0x00007ffdfb39d000 	C:\Windows\System32\USER32.dll
0x00007ffdf9680000 - 0x00007ffdf96a2000 	C:\Windows\System32\win32u.dll
0x00007ffdf9b40000 - 0x00007ffdf9b6b000 	C:\Windows\System32\GDI32.dll
0x00007ffdf9500000 - 0x00007ffdf960f000 	C:\Windows\System32\gdi32full.dll
0x00007ffdf9740000 - 0x00007ffdf97dd000 	C:\Windows\System32\msvcp_win.dll
0x00007ffddf450000 - 0x00007ffddf465000 	C:\Program Files\Java\jdk-11.0.16\bin\VCRUNTIME140.dll
0x00007ffdda260000 - 0x00007ffdda4fa000 	C:\Windows\WinSxS\amd64_microsoft.windows.common-controls_6595b64144ccf1df_6.0.19041.1110_none_60b5254171f9507e\COMCTL32.dll
0x00007ffdf1220000 - 0x00007ffdf122a000 	C:\Windows\SYSTEM32\VERSION.dll
0x00007ffdf9e80000 - 0x00007ffdf9eb0000 	C:\Windows\System32\IMM32.DLL
0x00007ffdde6f0000 - 0x00007ffdde78b000 	C:\Program Files\Java\jdk-11.0.16\bin\msvcp140.dll
0x00007ffd92e00000 - 0x00007ffd93918000 	C:\Program Files\Java\jdk-11.0.16\bin\server\jvm.dll
0x00007ffdfb420000 - 0x00007ffdfb428000 	C:\Windows\System32\PSAPI.DLL
0x00007ffdf1830000 - 0x00007ffdf1839000 	C:\Windows\SYSTEM32\WSOCK32.dll
0x00007ffdfb0e0000 - 0x00007ffdfb14b000 	C:\Windows\System32\WS2_32.dll
0x00007ffdd8ca0000 - 0x00007ffdd8cc7000 	C:\Windows\SYSTEM32\WINMM.dll
0x00007ffdf6ee0000 - 0x00007ffdf6ef2000 	C:\Windows\SYSTEM32\kernel.appcore.dll
0x00007ffddf260000 - 0x00007ffddf270000 	C:\Program Files\Java\jdk-11.0.16\bin\verify.dll
0x00007ffdea050000 - 0x00007ffdea234000 	C:\Windows\SYSTEM32\DBGHELP.DLL
0x00007ffde9c70000 - 0x00007ffde9c9c000 	C:\Windows\SYSTEM32\dbgcore.DLL
0x00007ffdf96b0000 - 0x00007ffdf9732000 	C:\Windows\System32\bcryptPrimitives.dll
0x00007ffddeca0000 - 0x00007ffddecc8000 	C:\Program Files\Java\jdk-11.0.16\bin\java.dll
0x00007ffddf250000 - 0x00007ffddf25a000 	C:\Program Files\Java\jdk-11.0.16\bin\jimage.dll
0x00007ffddf140000 - 0x00007ffddf156000 	C:\Program Files\Java\jdk-11.0.16\bin\zip.dll
0x00007ffdf9f50000 - 0x00007ffdfa693000 	C:\Windows\System32\SHELL32.dll
0x00007ffdf70e0000 - 0x00007ffdf7871000 	C:\Windows\SYSTEM32\windows.storage.dll
0x00007ffdfad80000 - 0x00007ffdfb0d4000 	C:\Windows\System32\combase.dll
0x00007ffdf88e0000 - 0x00007ffdf8910000 	C:\Windows\SYSTEM32\Wldp.dll
0x00007ffdfb150000 - 0x00007ffdfb1fd000 	C:\Windows\System32\SHCORE.dll
0x00007ffdfb640000 - 0x00007ffdfb695000 	C:\Windows\System32\shlwapi.dll
0x00007ffdf8f80000 - 0x00007ffdf8f9f000 	C:\Windows\SYSTEM32\profapi.dll
0x00007ffdde660000 - 0x00007ffdde679000 	C:\Program Files\Java\jdk-11.0.16\bin\net.dll
0x00007ffdf0a40000 - 0x00007ffdf0b4d000 	C:\Windows\SYSTEM32\WINHTTP.dll
0x00007ffdf86c0000 - 0x00007ffdf872a000 	C:\Windows\system32\mswsock.dll
0x00007ffdde640000 - 0x00007ffdde652000 	C:\Program Files\Java\jdk-11.0.16\bin\nio.dll
0x0000000069ac0000 - 0x0000000069ae4000 	C:\Users\sfjbs\Downloads\micro service-20221001T123314Z-001\micro service\apache-maven-3.8.5-bin\apache-maven-3.8.5\lib\jansi-native\Windows\x86_64\jansi.dll
0x00007ffdf8920000 - 0x00007ffdf8938000 	C:\Windows\SYSTEM32\CRYPTSP.dll
0x00007ffdf8000000 - 0x00007ffdf8034000 	C:\Windows\system32\rsaenh.dll
0x00007ffdf9040000 - 0x00007ffdf9067000 	C:\Windows\System32\bcrypt.dll
0x00007ffdf8f40000 - 0x00007ffdf8f6e000 	C:\Windows\SYSTEM32\USERENV.dll
0x00007ffdf8850000 - 0x00007ffdf885c000 	C:\Windows\SYSTEM32\CRYPTBASE.dll
0x00007ffdf83d0000 - 0x00007ffdf840b000 	C:\Windows\SYSTEM32\IPHLPAPI.DLL
0x00007ffdf9ca0000 - 0x00007ffdf9ca8000 	C:\Windows\System32\NSI.dll
0x00007ffdf1c30000 - 0x00007ffdf1c47000 	C:\Windows\SYSTEM32\dhcpcsvc6.DLL
0x00007ffdf1b00000 - 0x00007ffdf1b1d000 	C:\Windows\SYSTEM32\dhcpcsvc.DLL
0x00007ffdf8420000 - 0x00007ffdf84ea000 	C:\Windows\SYSTEM32\DNSAPI.dll

dbghelp: loaded successfully - version: 4.0.5 - missing functions: none
symbol engine: initialized successfully - sym options: 0x614 - pdb path: .;C:\Program Files\Java\jdk-11.0.16\bin;C:\Windows\SYSTEM32;C:\Windows\WinSxS\amd64_microsoft.windows.common-controls_6595b64144ccf1df_6.0.19041.1110_none_60b5254171f9507e;C:\Program Files\Java\jdk-11.0.16\bin\server;C:\Users\sfjbs\Downloads\micro service-20221001T123314Z-001\micro service\apache-maven-3.8.5-bin\apache-maven-3.8.5\lib\jansi-native\Windows\x86_64

VM Arguments:
jvm_args: -Dclassworlds.conf=C:\Users\sfjbs\Downloads\micro service-20221001T123314Z-001\micro service\apache-maven-3.8.5-bin\apache-maven-3.8.5\bin\m2.conf -Dmaven.home=C:\Users\sfjbs\Downloads\micro service-20221001T123314Z-001\micro service\apache-maven-3.8.5-bin\apache-maven-3.8.5 -Dlibrary.jansi.path=C:\Users\sfjbs\Downloads\micro service-20221001T123314Z-001\micro service\apache-maven-3.8.5-bin\apache-maven-3.8.5\lib\jansi-native -Dmaven.multiModuleProjectDirectory=C:\Users\sfjbs\IdeaProjects\Deepika\Day 13\pension-management-system 
java_command: org.codehaus.plexus.classworlds.launcher.Launcher clean install -e
java_class_path (initial): C:\Users\sfjbs\Downloads\micro service-20221001T123314Z-001\micro service\apache-maven-3.8.5-bin\apache-maven-3.8.5\boot\plexus-classworlds-2.6.0.jar
Launcher Type: SUN_STANDARD

[Global flags]
     intx CICompilerCount                          = 2                                         {product} {ergonomic}
     uint ConcGCThreads                            = 1                                         {product} {ergonomic}
     uint G1ConcRefinementThreads                  = 2                                         {product} {ergonomic}
   size_t G1HeapRegionSize                         = 1048576                                   {product} {ergonomic}
    uintx GCDrainStackTargetSize                   = 64                                        {product} {ergonomic}
   size_t InitialHeapSize                          = 134217728                                 {product} {ergonomic}
   size_t MarkStackSize                            = 4194304                                   {product} {ergonomic}
   size_t MaxHeapSize                              = 2147483648                                {product} {ergonomic}
   size_t MaxNewSize                               = 1287651328                                {product} {ergonomic}
   size_t MinHeapDeltaBytes                        = 1048576                                   {product} {ergonomic}
    uintx NonNMethodCodeHeapSize                   = 5825164                                {pd product} {ergonomic}
    uintx NonProfiledCodeHeapSize                  = 122916538                              {pd product} {ergonomic}
    uintx ProfiledCodeHeapSize                     = 122916538                              {pd product} {ergonomic}
    uintx ReservedCodeCacheSize                    = 251658240                              {pd product} {ergonomic}
     bool SegmentedCodeCache                       = true                                      {product} {ergonomic}
     bool UseCompressedClassPointers               = true                                 {lp64_product} {ergonomic}
     bool UseCompressedOops                        = true                                 {lp64_product} {ergonomic}
     bool UseG1GC                                  = true                                      {product} {ergonomic}
     bool UseLargePagesIndividualAllocation        = false                                  {pd product} {ergonomic}

Logging:
Log output configuration:
 #0: stdout all=warning uptime,level,tags
 #1: stderr all=off uptime,level,tags

Environment Variables:
PATH=C:\Program Files\Common Files\Oracle\Java\javapath;C:\Windows\system32;C:\Windows;C:\Windows\System32\Wbem;C:\Windows\System32\WindowsPowerShell\v1.0\;C:\Windows\System32\OpenSSH\;C:\Users\sfjbs\Downloads\micro service-20221001T123314Z-001\micro service\apache-maven-3.8.5-bin\apache-maven-3.8.5\bin;C:\Users\sfjbs\Downloads\micro service-20221001T123314Z-001\micro service\apache-maven-3.8.5-bin\apache-maven-3.8.5\lib;C:\Program Files\Docker\Docker\resources\bin;C:\ProgramData\DockerDesktop\version-bin;C:\Program Files\Git\cmd;C:\Users\sfjbs\AppData\Local\Microsoft\WindowsApps;C:\Users\sfjbs\Downloads\micro service-20221001T123314Z-001\micro service\apache-maven-3.8.5-bin\apache-maven-3.8.5\bin;C:\Users\sfjbs\Downloads\micro service-20221001T123314Z-001\micro service\apache-maven-3.8.5-bin\apache-maven-3.8.5\lib;;C:\Program Files\JetBrains\IntelliJ IDEA Community Edition 2022.2.1\bin;
USERNAME=sfjbs
OS=Windows_NT
PROCESSOR_IDENTIFIER=Intel64 Family 6 Model 85 Stepping 7, GenuineIntel



---------------  S Y S T E M  ---------------

OS: Windows 10 , 64 bit Build 19041 (10.0.19041.1889)
Hyper-V role detected

CPU:total 2 (initial active 2) (1 cores per cpu, 2 threads per core) family 6 model 85 stepping 7 microcode 0xffffffff, cmov, cx8, fxsr, mmx, sse, sse2, sse3, ssse3, sse4.1, sse4.2, popcnt, avx, avx2, aes, clmul, erms, rtm, 3dnowpref, lzcnt, ht, tsc, bmi1, bmi2, adx, evex, fma

Memory: 4k page, system-wide physical 8190M (687M free)
TotalPageFile size 10238M (AvailPageFile size 3M)
current process WorkingSet (physical memory assigned to process): 227M, peak: 243M
current process commit charge ("private bytes"): 322M, peak: 340M

vm_info: Java HotSpot(TM) 64-Bit Server VM (11.0.16+11-LTS-199) for windows-amd64 JRE (11.0.16+11-LTS-199), built on Jun 28 2022 08:23:17 by "mach5one" with MS VC++ 15.9 (VS2017)

END.
