#
# There is insufficient memory for the Java Runtime Environment to continue.
# Native memory allocation (malloc) failed to allocate 669936 bytes for Chunk::new
# Possible reasons:
#   The system is out of physical RAM or swap space
#   The process is running with CompressedOops enabled, and the Java Heap may be blocking the growth of the native heap
# Possible solutions:
#   Reduce memory load on the system
#   Increase physical memory or swap space
#   Check if swap backing store is full
#   Decrease Java heap size (-Xmx/-Xms)
#   Decrease number of Java threads
#   Decrease Java thread stack sizes (-Xss)
#   Set larger code cache with -XX:ReservedCodeCacheSize=
#   JVM is running with Unscaled Compressed Oops mode in which the Java heap is
#     placed in the first 4GB address space. The Java Heap base address is the
#     maximum limit for the native heap growth. Please use -XX:HeapBaseMinAddress
#     to set the Java Heap base and to place the Java Heap above 4GB virtual address.
# This output file may be truncated or incomplete.
#
#  Out of Memory Error (./open/src/hotspot/share/memory/arena.cpp:197), pid=30592, tid=30712
#
# JRE version: Java(TM) SE Runtime Environment 18.9 (11.0.16+11) (build 11.0.16+11-LTS-199)
# Java VM: Java HotSpot(TM) 64-Bit Server VM 18.9 (11.0.16+11-LTS-199, mixed mode, tiered, compressed oops, g1 gc, windows-amd64)
# No core dump will be written. Minidumps are not enabled by default on client versions of Windows
#

---------------  S U M M A R Y ------------

Command Line: C:\Users\sfjbs\AppData\Local\Temp\surefire10518613783549144910\surefirebooter3499991821802587759.jar C:\Users\sfjbs\AppData\Local\Temp\surefire10518613783549144910 2022-11-01T10-02-08_834-jvmRun1 surefire1545761869100663437tmp surefire_015967196417625956458tmp

Host: Intel(R) Xeon(R) Platinum 8272CL CPU @ 2.60GHz, 2 cores, 7G,  Windows 10 , 64 bit Build 19041 (10.0.19041.1889)
Time: Tue Nov  1 10:02:12 2022 Coordinated Universal Time elapsed time: 1.819184 seconds (0d 0h 0m 1s)

---------------  T H R E A D  ---------------

Current thread (0x000001a6f3bd2800):  JavaThread "C2 CompilerThread0" daemon [_thread_in_native, id=30712, stack(0x0000003deaf00000,0x0000003deb000000)]


Current CompileTask:
C2:   1819  844       4       java.util.jar.JarFile::getEntry (22 bytes)

Stack: [0x0000003deaf00000,0x0000003deb000000]
Native frames: (J=compiled Java code, j=interpreted, Vv=VM code, C=native code)
V  [jvm.dll+0x62a3ea]
V  [jvm.dll+0x76418f]
V  [jvm.dll+0x765839]
V  [jvm.dll+0x765ec3]
V  [jvm.dll+0x23da98]
V  [jvm.dll+0xb2a1c]
V  [jvm.dll+0xb2fdc]
V  [jvm.dll+0x341442]
V  [jvm.dll+0x30ec83]
V  [jvm.dll+0x30dfca]
V  [jvm.dll+0x1f84a5]
V  [jvm.dll+0x1f768d]
V  [jvm.dll+0x177c81]
V  [jvm.dll+0x207006]
V  [jvm.dll+0x20519b]
V  [jvm.dll+0x729fa0]
V  [jvm.dll+0x722b74]
V  [jvm.dll+0x629286]
C  [ucrtbase.dll+0x21bb2]
C  [KERNEL32.DLL+0x17034]
C  [ntdll.dll+0x526a1]


---------------  P R O C E S S  ---------------

Threads class SMR info:
_java_thread_list=0x000001a6f488af30, length=12, elements={
0x000001a6d68d9800, 0x000001a6f3ba0000, 0x000001a6f3ba2800, 0x000001a6f3bca000,
0x000001a6f3bce000, 0x000001a6f3bcf000, 0x000001a6f3bd2800, 0x000001a6f3bd5800,
0x000001a6f4590800, 0x000001a6f46a0000, 0x000001a6f475c800, 0x000001a6f48af000
}

Java Threads: ( => current thread )
  0x000001a6d68d9800 JavaThread "main" [_thread_in_vm, id=30616, stack(0x0000003dea200000,0x0000003dea300000)]
  0x000001a6f3ba0000 JavaThread "Reference Handler" daemon [_thread_blocked, id=30656, stack(0x0000003deaa00000,0x0000003deab00000)]
  0x000001a6f3ba2800 JavaThread "Finalizer" daemon [_thread_blocked, id=30636, stack(0x0000003deab00000,0x0000003deac00000)]
  0x000001a6f3bca000 JavaThread "Signal Dispatcher" daemon [_thread_blocked, id=21176, stack(0x0000003deac00000,0x0000003dead00000)]
  0x000001a6f3bce000 JavaThread "Attach Listener" daemon [_thread_blocked, id=23336, stack(0x0000003dead00000,0x0000003deae00000)]
  0x000001a6f3bcf000 JavaThread "Service Thread" daemon [_thread_blocked, id=30704, stack(0x0000003deae00000,0x0000003deaf00000)]
=>0x000001a6f3bd2800 JavaThread "C2 CompilerThread0" daemon [_thread_in_native, id=30712, stack(0x0000003deaf00000,0x0000003deb000000)]
  0x000001a6f3bd5800 JavaThread "C1 CompilerThread0" daemon [_thread_blocked, id=30700, stack(0x0000003deb000000,0x0000003deb100000)]
  0x000001a6f4590800 JavaThread "Sweeper thread" daemon [_thread_blocked, id=30696, stack(0x0000003deb100000,0x0000003deb200000)]
  0x000001a6f46a0000 JavaThread "Common-Cleaner" daemon [_thread_blocked, id=28052, stack(0x0000003deb300000,0x0000003deb400000)]
  0x000001a6f475c800 JavaThread "surefire-forkedjvm-command-thread" daemon [_thread_in_native, id=30588, stack(0x0000003deb400000,0x0000003deb500000)]
  0x000001a6f48af000 JavaThread "surefire-forkedjvm-ping-30s" daemon [_thread_in_native, id=29116, stack(0x0000003deb500000,0x0000003deb600000)]

Other Threads:
  0x000001a6f3bb5800 VMThread "VM Thread" [stack: 0x0000003dea900000,0x0000003deaa00000] [id=30644]
  0x000001a6f469b000 WatcherThread [stack: 0x0000003deb200000,0x0000003deb300000] [id=23056]
  0x000001a6d68ed800 GCTaskThread "GC Thread#0" [stack: 0x0000003dea400000,0x0000003dea500000] [id=30668]
  0x000001a6f48b2800 GCTaskThread "GC Thread#1" [stack: 0x0000003deb600000,0x0000003deb700000] [id=29716]
  0x000001a6d6919000 ConcurrentGCThread "G1 Main Marker" [stack: 0x0000003dea500000,0x0000003dea600000] [id=30676]
  0x000001a6d691b800 ConcurrentGCThread "G1 Conc#0" [stack: 0x0000003dea600000,0x0000003dea700000] [id=30628]
  0x000001a6d69a4800 ConcurrentGCThread "G1 Refine#0" [stack: 0x0000003dea700000,0x0000003dea800000] [id=30648]
  0x000001a6f47a2000 ConcurrentGCThread "G1 Refine#1" [stack: 0x0000003deb700000,0x0000003deb800000] [id=29732]
  0x000001a6d69a5800 ConcurrentGCThread "G1 Young RemSet Sampling" [stack: 0x0000003dea800000,0x0000003dea900000] [id=30680]

Threads with active compile tasks:
C2 CompilerThread0     1859  844       4       java.util.jar.JarFile::getEntry (22 bytes)

VM state:not at safepoint (normal execution)

VM Mutex/Monitor currently owned by a thread: None

Heap address: 0x0000000080000000, size: 2048 MB, Compressed Oops mode: 32-bit
Narrow klass base: 0x0000000000000000, Narrow klass shift: 3
Compressed class space size: 1073741824 Address: 0x0000000100000000

Heap:
 garbage-first heap   total 131072K, used 11541K [0x0000000080000000, 0x0000000100000000)
  region size 1024K, 6 young (6144K), 1 survivors (1024K)
 Metaspace       used 10529K, capacity 10779K, committed 10880K, reserved 1058816K
  class space    used 991K, capacity 1097K, committed 1152K, reserved 1048576K
Heap Regions: E=young(eden), S=young(survivor), O=old, HS=humongous(starts), HC=humongous(continues), CS=collection set, F=free, A=archive, TAMS=top-at-mark-start (previous, next)
|   0|0x0000000080000000, 0x0000000080100000, 0x0000000080100000|100%| O|  |TAMS 0x0000000080000000, 0x0000000080000000| Untracked 
|   1|0x0000000080100000, 0x0000000080200000, 0x0000000080200000|100%| O|  |TAMS 0x0000000080100000, 0x0000000080100000| Untracked 
|   2|0x0000000080200000, 0x0000000080300000, 0x0000000080300000|100%| O|  |TAMS 0x0000000080200000, 0x0000000080200000| Untracked 
|   3|0x0000000080300000, 0x0000000080400000, 0x0000000080400000|100%|HS|  |TAMS 0x0000000080300000, 0x0000000080300000| Complete 
|   4|0x0000000080400000, 0x0000000080500000, 0x0000000080500000|100%| O|  |TAMS 0x0000000080400000, 0x0000000080400000| Untracked 
|   5|0x0000000080500000, 0x0000000080600000, 0x0000000080600000|100%| O|  |TAMS 0x0000000080500000, 0x0000000080500000| Untracked 
|   6|0x0000000080600000, 0x0000000080645400, 0x0000000080700000| 27%| O|  |TAMS 0x0000000080600000, 0x0000000080600000| Untracked 
|   7|0x0000000080700000, 0x0000000080700000, 0x0000000080800000|  0%| F|  |TAMS 0x0000000080700000, 0x0000000080700000| Untracked 
|   8|0x0000000080800000, 0x0000000080800000, 0x0000000080900000|  0%| F|  |TAMS 0x0000000080800000, 0x0000000080800000| Untracked 
|   9|0x0000000080900000, 0x0000000080900000, 0x0000000080a00000|  0%| F|  |TAMS 0x0000000080900000, 0x0000000080900000| Untracked 
|  10|0x0000000080a00000, 0x0000000080a00000, 0x0000000080b00000|  0%| F|  |TAMS 0x0000000080a00000, 0x0000000080a00000| Untracked 
|  11|0x0000000080b00000, 0x0000000080b00000, 0x0000000080c00000|  0%| F|  |TAMS 0x0000000080b00000, 0x0000000080b00000| Untracked 
|  12|0x0000000080c00000, 0x0000000080c00000, 0x0000000080d00000|  0%| F|  |TAMS 0x0000000080c00000, 0x0000000080c00000| Untracked 
|  13|0x0000000080d00000, 0x0000000080d00000, 0x0000000080e00000|  0%| F|  |TAMS 0x0000000080d00000, 0x0000000080d00000| Untracked 
|  14|0x0000000080e00000, 0x0000000080e00000, 0x0000000080f00000|  0%| F|  |TAMS 0x0000000080e00000, 0x0000000080e00000| Untracked 
|  15|0x0000000080f00000, 0x0000000080f00000, 0x0000000081000000|  0%| F|  |TAMS 0x0000000080f00000, 0x0000000080f00000| Untracked 
|  16|0x0000000081000000, 0x0000000081000000, 0x0000000081100000|  0%| F|  |TAMS 0x0000000081000000, 0x0000000081000000| Untracked 
|  17|0x0000000081100000, 0x0000000081100000, 0x0000000081200000|  0%| F|  |TAMS 0x0000000081100000, 0x0000000081100000| Untracked 
|  18|0x0000000081200000, 0x0000000081200000, 0x0000000081300000|  0%| F|  |TAMS 0x0000000081200000, 0x0000000081200000| Untracked 
|  19|0x0000000081300000, 0x0000000081300000, 0x0000000081400000|  0%| F|  |TAMS 0x0000000081300000, 0x0000000081300000| Untracked 
|  20|0x0000000081400000, 0x0000000081400000, 0x0000000081500000|  0%| F|  |TAMS 0x0000000081400000, 0x0000000081400000| Untracked 
|  21|0x0000000081500000, 0x0000000081500000, 0x0000000081600000|  0%| F|  |TAMS 0x0000000081500000, 0x0000000081500000| Untracked 
|  22|0x0000000081600000, 0x0000000081600000, 0x0000000081700000|  0%| F|  |TAMS 0x0000000081600000, 0x0000000081600000| Untracked 
|  23|0x0000000081700000, 0x0000000081700000, 0x0000000081800000|  0%| F|  |TAMS 0x0000000081700000, 0x0000000081700000| Untracked 
|  24|0x0000000081800000, 0x0000000081800000, 0x0000000081900000|  0%| F|  |TAMS 0x0000000081800000, 0x0000000081800000| Untracked 
|  25|0x0000000081900000, 0x0000000081900000, 0x0000000081a00000|  0%| F|  |TAMS 0x0000000081900000, 0x0000000081900000| Untracked 
|  26|0x0000000081a00000, 0x0000000081a00000, 0x0000000081b00000|  0%| F|  |TAMS 0x0000000081a00000, 0x0000000081a00000| Untracked 
|  27|0x0000000081b00000, 0x0000000081b00000, 0x0000000081c00000|  0%| F|  |TAMS 0x0000000081b00000, 0x0000000081b00000| Untracked 
|  28|0x0000000081c00000, 0x0000000081c00000, 0x0000000081d00000|  0%| F|  |TAMS 0x0000000081c00000, 0x0000000081c00000| Untracked 
|  29|0x0000000081d00000, 0x0000000081d00000, 0x0000000081e00000|  0%| F|  |TAMS 0x0000000081d00000, 0x0000000081d00000| Untracked 
|  30|0x0000000081e00000, 0x0000000081e00000, 0x0000000081f00000|  0%| F|  |TAMS 0x0000000081e00000, 0x0000000081e00000| Untracked 
|  31|0x0000000081f00000, 0x0000000081f00000, 0x0000000082000000|  0%| F|  |TAMS 0x0000000081f00000, 0x0000000081f00000| Untracked 
|  32|0x0000000082000000, 0x0000000082000000, 0x0000000082100000|  0%| F|  |TAMS 0x0000000082000000, 0x0000000082000000| Untracked 
|  33|0x0000000082100000, 0x0000000082100000, 0x0000000082200000|  0%| F|  |TAMS 0x0000000082100000, 0x0000000082100000| Untracked 
|  34|0x0000000082200000, 0x0000000082200000, 0x0000000082300000|  0%| F|  |TAMS 0x0000000082200000, 0x0000000082200000| Untracked 
|  35|0x0000000082300000, 0x0000000082300000, 0x0000000082400000|  0%| F|  |TAMS 0x0000000082300000, 0x0000000082300000| Untracked 
|  36|0x0000000082400000, 0x0000000082400000, 0x0000000082500000|  0%| F|  |TAMS 0x0000000082400000, 0x0000000082400000| Untracked 
|  37|0x0000000082500000, 0x0000000082500000, 0x0000000082600000|  0%| F|  |TAMS 0x0000000082500000, 0x0000000082500000| Untracked 
|  38|0x0000000082600000, 0x0000000082600000, 0x0000000082700000|  0%| F|  |TAMS 0x0000000082600000, 0x0000000082600000| Untracked 
|  39|0x0000000082700000, 0x0000000082700000, 0x0000000082800000|  0%| F|  |TAMS 0x0000000082700000, 0x0000000082700000| Untracked 
|  40|0x0000000082800000, 0x0000000082800000, 0x0000000082900000|  0%| F|  |TAMS 0x0000000082800000, 0x0000000082800000| Untracked 
|  41|0x0000000082900000, 0x0000000082900000, 0x0000000082a00000|  0%| F|  |TAMS 0x0000000082900000, 0x0000000082900000| Untracked 
|  42|0x0000000082a00000, 0x0000000082a00000, 0x0000000082b00000|  0%| F|  |TAMS 0x0000000082a00000, 0x0000000082a00000| Untracked 
|  43|0x0000000082b00000, 0x0000000082b00000, 0x0000000082c00000|  0%| F|  |TAMS 0x0000000082b00000, 0x0000000082b00000| Untracked 
|  44|0x0000000082c00000, 0x0000000082c00000, 0x0000000082d00000|  0%| F|  |TAMS 0x0000000082c00000, 0x0000000082c00000| Untracked 
|  45|0x0000000082d00000, 0x0000000082d00000, 0x0000000082e00000|  0%| F|  |TAMS 0x0000000082d00000, 0x0000000082d00000| Untracked 
|  46|0x0000000082e00000, 0x0000000082e00000, 0x0000000082f00000|  0%| F|  |TAMS 0x0000000082e00000, 0x0000000082e00000| Untracked 
|  47|0x0000000082f00000, 0x0000000082f00000, 0x0000000083000000|  0%| F|  |TAMS 0x0000000082f00000, 0x0000000082f00000| Untracked 
|  48|0x0000000083000000, 0x0000000083000000, 0x0000000083100000|  0%| F|  |TAMS 0x0000000083000000, 0x0000000083000000| Untracked 
|  49|0x0000000083100000, 0x0000000083100000, 0x0000000083200000|  0%| F|  |TAMS 0x0000000083100000, 0x0000000083100000| Untracked 
|  50|0x0000000083200000, 0x0000000083200000, 0x0000000083300000|  0%| F|  |TAMS 0x0000000083200000, 0x0000000083200000| Untracked 
|  51|0x0000000083300000, 0x0000000083300000, 0x0000000083400000|  0%| F|  |TAMS 0x0000000083300000, 0x0000000083300000| Untracked 
|  52|0x0000000083400000, 0x0000000083400000, 0x0000000083500000|  0%| F|  |TAMS 0x0000000083400000, 0x0000000083400000| Untracked 
|  53|0x0000000083500000, 0x0000000083500000, 0x0000000083600000|  0%| F|  |TAMS 0x0000000083500000, 0x0000000083500000| Untracked 
|  54|0x0000000083600000, 0x0000000083600000, 0x0000000083700000|  0%| F|  |TAMS 0x0000000083600000, 0x0000000083600000| Untracked 
|  55|0x0000000083700000, 0x0000000083700000, 0x0000000083800000|  0%| F|  |TAMS 0x0000000083700000, 0x0000000083700000| Untracked 
|  56|0x0000000083800000, 0x0000000083800000, 0x0000000083900000|  0%| F|  |TAMS 0x0000000083800000, 0x0000000083800000| Untracked 
|  57|0x0000000083900000, 0x0000000083900000, 0x0000000083a00000|  0%| F|  |TAMS 0x0000000083900000, 0x0000000083900000| Untracked 
|  58|0x0000000083a00000, 0x0000000083a00000, 0x0000000083b00000|  0%| F|  |TAMS 0x0000000083a00000, 0x0000000083a00000| Untracked 
|  59|0x0000000083b00000, 0x0000000083b00000, 0x0000000083c00000|  0%| F|  |TAMS 0x0000000083b00000, 0x0000000083b00000| Untracked 
|  60|0x0000000083c00000, 0x0000000083c00000, 0x0000000083d00000|  0%| F|  |TAMS 0x0000000083c00000, 0x0000000083c00000| Untracked 
|  61|0x0000000083d00000, 0x0000000083d00000, 0x0000000083e00000|  0%| F|  |TAMS 0x0000000083d00000, 0x0000000083d00000| Untracked 
|  62|0x0000000083e00000, 0x0000000083e00000, 0x0000000083f00000|  0%| F|  |TAMS 0x0000000083e00000, 0x0000000083e00000| Untracked 
|  63|0x0000000083f00000, 0x0000000083f00000, 0x0000000084000000|  0%| F|  |TAMS 0x0000000083f00000, 0x0000000083f00000| Untracked 
|  64|0x0000000084000000, 0x0000000084000000, 0x0000000084100000|  0%| F|  |TAMS 0x0000000084000000, 0x0000000084000000| Untracked 
|  65|0x0000000084100000, 0x0000000084100000, 0x0000000084200000|  0%| F|  |TAMS 0x0000000084100000, 0x0000000084100000| Untracked 
|  66|0x0000000084200000, 0x0000000084200000, 0x0000000084300000|  0%| F|  |TAMS 0x0000000084200000, 0x0000000084200000| Untracked 
|  67|0x0000000084300000, 0x0000000084300000, 0x0000000084400000|  0%| F|  |TAMS 0x0000000084300000, 0x0000000084300000| Untracked 
|  68|0x0000000084400000, 0x0000000084400000, 0x0000000084500000|  0%| F|  |TAMS 0x0000000084400000, 0x0000000084400000| Untracked 
|  69|0x0000000084500000, 0x0000000084500000, 0x0000000084600000|  0%| F|  |TAMS 0x0000000084500000, 0x0000000084500000| Untracked 
|  70|0x0000000084600000, 0x0000000084600000, 0x0000000084700000|  0%| F|  |TAMS 0x0000000084600000, 0x0000000084600000| Untracked 
|  71|0x0000000084700000, 0x0000000084700000, 0x0000000084800000|  0%| F|  |TAMS 0x0000000084700000, 0x0000000084700000| Untracked 
|  72|0x0000000084800000, 0x0000000084800000, 0x0000000084900000|  0%| F|  |TAMS 0x0000000084800000, 0x0000000084800000| Untracked 
|  73|0x0000000084900000, 0x0000000084900000, 0x0000000084a00000|  0%| F|  |TAMS 0x0000000084900000, 0x0000000084900000| Untracked 
|  74|0x0000000084a00000, 0x0000000084a00000, 0x0000000084b00000|  0%| F|  |TAMS 0x0000000084a00000, 0x0000000084a00000| Untracked 
|  75|0x0000000084b00000, 0x0000000084b00000, 0x0000000084c00000|  0%| F|  |TAMS 0x0000000084b00000, 0x0000000084b00000| Untracked 
|  76|0x0000000084c00000, 0x0000000084c00000, 0x0000000084d00000|  0%| F|  |TAMS 0x0000000084c00000, 0x0000000084c00000| Untracked 
|  77|0x0000000084d00000, 0x0000000084d00000, 0x0000000084e00000|  0%| F|  |TAMS 0x0000000084d00000, 0x0000000084d00000| Untracked 
|  78|0x0000000084e00000, 0x0000000084e00000, 0x0000000084f00000|  0%| F|  |TAMS 0x0000000084e00000, 0x0000000084e00000| Untracked 
|  79|0x0000000084f00000, 0x0000000084f00000, 0x0000000085000000|  0%| F|  |TAMS 0x0000000084f00000, 0x0000000084f00000| Untracked 
|  80|0x0000000085000000, 0x0000000085000000, 0x0000000085100000|  0%| F|  |TAMS 0x0000000085000000, 0x0000000085000000| Untracked 
|  81|0x0000000085100000, 0x0000000085100000, 0x0000000085200000|  0%| F|  |TAMS 0x0000000085100000, 0x0000000085100000| Untracked 
|  82|0x0000000085200000, 0x0000000085200000, 0x0000000085300000|  0%| F|  |TAMS 0x0000000085200000, 0x0000000085200000| Untracked 
|  83|0x0000000085300000, 0x0000000085300000, 0x0000000085400000|  0%| F|  |TAMS 0x0000000085300000, 0x0000000085300000| Untracked 
|  84|0x0000000085400000, 0x0000000085400000, 0x0000000085500000|  0%| F|  |TAMS 0x0000000085400000, 0x0000000085400000| Untracked 
|  85|0x0000000085500000, 0x0000000085500000, 0x0000000085600000|  0%| F|  |TAMS 0x0000000085500000, 0x0000000085500000| Untracked 
|  86|0x0000000085600000, 0x0000000085600000, 0x0000000085700000|  0%| F|  |TAMS 0x0000000085600000, 0x0000000085600000| Untracked 
|  87|0x0000000085700000, 0x0000000085700000, 0x0000000085800000|  0%| F|  |TAMS 0x0000000085700000, 0x0000000085700000| Untracked 
|  88|0x0000000085800000, 0x0000000085800000, 0x0000000085900000|  0%| F|  |TAMS 0x0000000085800000, 0x0000000085800000| Untracked 
|  89|0x0000000085900000, 0x0000000085900000, 0x0000000085a00000|  0%| F|  |TAMS 0x0000000085900000, 0x0000000085900000| Untracked 
|  90|0x0000000085a00000, 0x0000000085a00000, 0x0000000085b00000|  0%| F|  |TAMS 0x0000000085a00000, 0x0000000085a00000| Untracked 
|  91|0x0000000085b00000, 0x0000000085b00000, 0x0000000085c00000|  0%| F|  |TAMS 0x0000000085b00000, 0x0000000085b00000| Untracked 
|  92|0x0000000085c00000, 0x0000000085c00000, 0x0000000085d00000|  0%| F|  |TAMS 0x0000000085c00000, 0x0000000085c00000| Untracked 
|  93|0x0000000085d00000, 0x0000000085d00000, 0x0000000085e00000|  0%| F|  |TAMS 0x0000000085d00000, 0x0000000085d00000| Untracked 
|  94|0x0000000085e00000, 0x0000000085e00000, 0x0000000085f00000|  0%| F|  |TAMS 0x0000000085e00000, 0x0000000085e00000| Untracked 
|  95|0x0000000085f00000, 0x0000000085f00000, 0x0000000086000000|  0%| F|  |TAMS 0x0000000085f00000, 0x0000000085f00000| Untracked 
|  96|0x0000000086000000, 0x0000000086000000, 0x0000000086100000|  0%| F|  |TAMS 0x0000000086000000, 0x0000000086000000| Untracked 
|  97|0x0000000086100000, 0x0000000086100000, 0x0000000086200000|  0%| F|  |TAMS 0x0000000086100000, 0x0000000086100000| Untracked 
|  98|0x0000000086200000, 0x0000000086200000, 0x0000000086300000|  0%| F|  |TAMS 0x0000000086200000, 0x0000000086200000| Untracked 
|  99|0x0000000086300000, 0x0000000086300000, 0x0000000086400000|  0%| F|  |TAMS 0x0000000086300000, 0x0000000086300000| Untracked 
| 100|0x0000000086400000, 0x0000000086400000, 0x0000000086500000|  0%| F|  |TAMS 0x0000000086400000, 0x0000000086400000| Untracked 
| 101|0x0000000086500000, 0x0000000086500000, 0x0000000086600000|  0%| F|  |TAMS 0x0000000086500000, 0x0000000086500000| Untracked 
| 102|0x0000000086600000, 0x0000000086600000, 0x0000000086700000|  0%| F|  |TAMS 0x0000000086600000, 0x0000000086600000| Untracked 
| 103|0x0000000086700000, 0x0000000086700000, 0x0000000086800000|  0%| F|  |TAMS 0x0000000086700000, 0x0000000086700000| Untracked 
| 104|0x0000000086800000, 0x0000000086800000, 0x0000000086900000|  0%| F|  |TAMS 0x0000000086800000, 0x0000000086800000| Untracked 
| 105|0x0000000086900000, 0x0000000086900000, 0x0000000086a00000|  0%| F|  |TAMS 0x0000000086900000, 0x0000000086900000| Untracked 
| 106|0x0000000086a00000, 0x0000000086a00000, 0x0000000086b00000|  0%| F|  |TAMS 0x0000000086a00000, 0x0000000086a00000| Untracked 
| 107|0x0000000086b00000, 0x0000000086b00000, 0x0000000086c00000|  0%| F|  |TAMS 0x0000000086b00000, 0x0000000086b00000| Untracked 
| 108|0x0000000086c00000, 0x0000000086c00000, 0x0000000086d00000|  0%| F|  |TAMS 0x0000000086c00000, 0x0000000086c00000| Untracked 
| 109|0x0000000086d00000, 0x0000000086d00000, 0x0000000086e00000|  0%| F|  |TAMS 0x0000000086d00000, 0x0000000086d00000| Untracked 
| 110|0x0000000086e00000, 0x0000000086e00000, 0x0000000086f00000|  0%| F|  |TAMS 0x0000000086e00000, 0x0000000086e00000| Untracked 
| 111|0x0000000086f00000, 0x0000000086f00000, 0x0000000087000000|  0%| F|  |TAMS 0x0000000086f00000, 0x0000000086f00000| Untracked 
| 112|0x0000000087000000, 0x0000000087000000, 0x0000000087100000|  0%| F|  |TAMS 0x0000000087000000, 0x0000000087000000| Untracked 
| 113|0x0000000087100000, 0x0000000087100000, 0x0000000087200000|  0%| F|  |TAMS 0x0000000087100000, 0x0000000087100000| Untracked 
| 114|0x0000000087200000, 0x0000000087200000, 0x0000000087300000|  0%| F|  |TAMS 0x0000000087200000, 0x0000000087200000| Untracked 
| 115|0x0000000087300000, 0x0000000087300000, 0x0000000087400000|  0%| F|  |TAMS 0x0000000087300000, 0x0000000087300000| Untracked 
| 116|0x0000000087400000, 0x0000000087400000, 0x0000000087500000|  0%| F|  |TAMS 0x0000000087400000, 0x0000000087400000| Untracked 
| 117|0x0000000087500000, 0x0000000087500000, 0x0000000087600000|  0%| F|  |TAMS 0x0000000087500000, 0x0000000087500000| Untracked 
| 118|0x0000000087600000, 0x0000000087600000, 0x0000000087700000|  0%| F|  |TAMS 0x0000000087600000, 0x0000000087600000| Untracked 
| 119|0x0000000087700000, 0x0000000087700000, 0x0000000087800000|  0%| F|  |TAMS 0x0000000087700000, 0x0000000087700000| Untracked 
| 120|0x0000000087800000, 0x0000000087800000, 0x0000000087900000|  0%| F|  |TAMS 0x0000000087800000, 0x0000000087800000| Untracked 
| 121|0x0000000087900000, 0x0000000087900000, 0x0000000087a00000|  0%| F|  |TAMS 0x0000000087900000, 0x0000000087900000| Untracked 
| 122|0x0000000087a00000, 0x0000000087b00000, 0x0000000087b00000|100%| S|CS|TAMS 0x0000000087a00000, 0x0000000087a00000| Complete 
| 123|0x0000000087b00000, 0x0000000087b74488, 0x0000000087c00000| 45%| E|  |TAMS 0x0000000087b00000, 0x0000000087b00000| Complete 
| 124|0x0000000087c00000, 0x0000000087d00000, 0x0000000087d00000|100%| E|CS|TAMS 0x0000000087c00000, 0x0000000087c00000| Complete 
| 125|0x0000000087d00000, 0x0000000087e00000, 0x0000000087e00000|100%| E|CS|TAMS 0x0000000087d00000, 0x0000000087d00000| Complete 
| 126|0x0000000087e00000, 0x0000000087f00000, 0x0000000087f00000|100%| E|CS|TAMS 0x0000000087e00000, 0x0000000087e00000| Complete 
| 127|0x0000000087f00000, 0x0000000088000000, 0x0000000088000000|100%| E|CS|TAMS 0x0000000087f00000, 0x0000000087f00000| Complete 

Card table byte_map: [0x000001a6ecf90000,0x000001a6ed390000] _byte_map_base: 0x000001a6ecb90000

Marking Bits (Prev, Next): (CMBitMap*) 0x000001a6d48ee818, (CMBitMap*) 0x000001a6d48ee850
 Prev Bits: [0x000001a6ed790000, 0x000001a6ef790000)
 Next Bits: [0x000001a6ef790000, 0x000001a6f1790000)

Polling page: 0x000001a6d47e0000

Metaspace:

Usage:
  Non-class:      9.46 MB capacity,     9.31 MB ( 99%) used,   127.13 KB (  1%) free+waste,    17.31 KB ( <1%) overhead. 
      Class:      1.07 MB capacity,   991.83 KB ( 90%) used,    95.98 KB (  9%) free+waste,     9.19 KB ( <1%) overhead. 
       Both:     10.53 MB capacity,    10.28 MB ( 98%) used,   223.11 KB (  2%) free+waste,    26.50 KB ( <1%) overhead. 

Virtual space:
  Non-class space:       10.00 MB reserved,       9.50 MB ( 95%) committed 
      Class space:        1.00 GB reserved,       1.13 MB ( <1%) committed 
             Both:        1.01 GB reserved,      10.63 MB (  1%) committed 

Chunk freelists:
   Non-Class:  5.75 KB
       Class:  2.88 KB
        Both:  8.63 KB

CodeHeap 'non-profiled nmethods': size=120064Kb used=261Kb max_used=261Kb free=119802Kb
 bounds [0x000001a6e5a50000, 0x000001a6e5cc0000, 0x000001a6ecf90000]
CodeHeap 'profiled nmethods': size=120000Kb used=1542Kb max_used=1542Kb free=118457Kb
 bounds [0x000001a6de520000, 0x000001a6de790000, 0x000001a6e5a50000]
CodeHeap 'non-nmethods': size=5696Kb used=1093Kb max_used=1111Kb free=4602Kb
 bounds [0x000001a6ddf90000, 0x000001a6de200000, 0x000001a6de520000]
 total_blobs=1238 nmethods=852 adapters=298
 compilation: enabled
              stopped_count=0, restarted_count=0
 full_count=0

Compilation events (10 events):
Event: 1.736 Thread 0x000001a6f3bd5800  849       3       jdk.internal.org.objectweb.asm.Label::resolve (214 bytes)
Event: 1.737 Thread 0x000001a6f3bd5800 nmethod 849 0x000001a6de69fe90 code [0x000001a6de6a0060, 0x000001a6de6a04d8]
Event: 1.741 Thread 0x000001a6f3bd5800  851       3       jdk.internal.org.objectweb.asm.Label::<init> (5 bytes)
Event: 1.741 Thread 0x000001a6f3bd5800 nmethod 851 0x000001a6de6a0790 code [0x000001a6de6a0920, 0x000001a6de6a0a78]
Event: 1.741 Thread 0x000001a6f3bd5800  852       3       sun.invoke.util.BytecodeDescriptor::unparse (37 bytes)
Event: 1.742 Thread 0x000001a6f3bd5800 nmethod 852 0x000001a6de6a0b10 code [0x000001a6de6a0d40, 0x000001a6de6a1418]
Event: 1.749 Thread 0x000001a6f3bd5800  854       3       java.lang.invoke.InnerClassLambdaMetafactory::getOpcodeOffset (38 bytes)
Event: 1.749 Thread 0x000001a6f3bd5800 nmethod 854 0x000001a6de6a1690 code [0x000001a6de6a1840, 0x000001a6de6a1ab8]
Event: 1.767 Thread 0x000001a6f3bd2800 nmethod 843 0x000001a6e5a8e990 code [0x000001a6e5a8ec20, 0x000001a6e5a906d0]
Event: 1.767 Thread 0x000001a6f3bd2800  844       4       java.util.jar.JarFile::getEntry (22 bytes)

GC Heap History (4 events):
Event: 0.673 GC heap before
{Heap before GC invocations=0 (full 0):
 garbage-first heap   total 131072K, used 6144K [0x0000000080000000, 0x0000000100000000)
  region size 1024K, 7 young (7168K), 0 survivors (0K)
 Metaspace       used 9055K, capacity 9181K, committed 9344K, reserved 1058816K
  class space    used 814K, capacity 876K, committed 896K, reserved 1048576K
}
Event: 0.688 GC heap after
{Heap after GC invocations=1 (full 0):
 garbage-first heap   total 131072K, used 3406K [0x0000000080000000, 0x0000000100000000)
  region size 1024K, 1 young (1024K), 1 survivors (1024K)
 Metaspace       used 9055K, capacity 9181K, committed 9344K, reserved 1058816K
  class space    used 814K, capacity 876K, committed 896K, reserved 1048576K
}
Event: 1.457 GC heap before
{Heap before GC invocations=1 (full 0):
 garbage-first heap   total 131072K, used 8526K [0x0000000080000000, 0x0000000100000000)
  region size 1024K, 6 young (6144K), 1 survivors (1024K)
 Metaspace       used 9892K, capacity 10006K, committed 10240K, reserved 1058816K
  class space    used 913K, capacity 962K, committed 1024K, reserved 1048576K
}
Event: 1.462 GC heap after
{Heap after GC invocations=2 (full 0):
 garbage-first heap   total 131072K, used 7445K [0x0000000080000000, 0x0000000100000000)
  region size 1024K, 1 young (1024K), 1 survivors (1024K)
 Metaspace       used 9892K, capacity 10006K, committed 10240K, reserved 1058816K
  class space    used 913K, capacity 962K, committed 1024K, reserved 1048576K
}

Deoptimization events (5 events):
Event: 0.163 Thread 0x000001a6d68d9800 Uncommon trap: reason=unstable_if action=reinterpret pc=0x000001a6e5a53d10 method=java.lang.String.hashCode()I @ 14 c2
Event: 0.460 Thread 0x000001a6d68d9800 Uncommon trap: reason=unstable_if action=reinterpret pc=0x000001a6e5a58b94 method=java.lang.StringLatin1.canEncode(I)Z @ 4 c2
Event: 0.460 Thread 0x000001a6d68d9800 Uncommon trap: reason=unstable_if action=reinterpret pc=0x000001a6e5a5ea58 method=java.lang.AbstractStringBuilder.isLatin1()Z @ 10 c2
Event: 0.493 Thread 0x000001a6d68d9800 Uncommon trap: reason=unstable_if action=reinterpret pc=0x000001a6e5a654a0 method=java.util.StringTokenizer.scanToken(I)I @ 42 c2
Event: 1.434 Thread 0x000001a6d68d9800 Uncommon trap: reason=unstable_if action=reinterpret pc=0x000001a6e5a72160 method=java.io.WinNTFileSystem.isSlash(C)Z @ 9 c2

Classes redefined (0 events):
No events

Internal exceptions (10 events):
Event: 0.345 Thread 0x000001a6d68d9800 Exception <a 'java/lang/NoSuchMethodError'{0x0000000087d0ab30}: java.lang.invoke.DirectMethodHandle$Holder.invokeStaticInit(Ljava/lang/Object;Ljava/lang/Object;Ljava/lang/Object;)Ljava/lang/Object;> (0x0000000087d0ab30) thrown at [./open/src/hotspot/share
Event: 0.576 Thread 0x000001a6f48af000 Exception <a 'java/lang/NoSuchMethodError'{0x0000000087cfb2a0}: java.lang.invoke.DirectMethodHandle$Holder.invokeStatic(Ljava/lang/Object;J)V> (0x0000000087cfb2a0) thrown at [./open/src/hotspot/share/interpreter/linkResolver.cpp, line 772]
Event: 0.578 Thread 0x000001a6f48af000 Exception <a 'java/lang/NoSuchMethodError'{0x0000000087a45538}: java.lang.invoke.DirectMethodHandle$Holder.invokeStatic(Ljava/lang/Object;J)Ljava/lang/Object;> (0x0000000087a45538) thrown at [./open/src/hotspot/share/interpreter/linkResolver.cpp, line 772
Event: 0.583 Thread 0x000001a6f48af000 Exception <a 'java/lang/NoSuchMethodError'{0x0000000087a535d0}: java.lang.invoke.DirectMethodHandle$Holder.invokeStaticInit(Ljava/lang/Object;Ljava/lang/Object;JLjava/lang/Object;)Ljava/lang/Object;> (0x0000000087a535d0) thrown at [./open/src/hotspot/shar
Event: 0.584 Thread 0x000001a6f48af000 Exception <a 'java/lang/NoSuchMethodError'{0x0000000087a595f0}: java.lang.invoke.DirectMethodHandle$Holder.invokeStatic(Ljava/lang/Object;Ljava/lang/Object;J)Ljava/lang/Object;> (0x0000000087a595f0) thrown at [./open/src/hotspot/share/interpreter/linkReso
Event: 0.588 Thread 0x000001a6f48af000 Exception <a 'java/lang/NoSuchMethodError'{0x0000000087a5f8c0}: java.lang.invoke.Invokers$Holder.linkToTargetMethod(Ljava/lang/Object;JLjava/lang/Object;)Ljava/lang/Object;> (0x0000000087a5f8c0) thrown at [./open/src/hotspot/share/interpreter/linkResolver
Event: 0.603 Thread 0x000001a6f48af000 Exception <a 'java/lang/NoSuchMethodError'{0x0000000087aa1f60}: java.lang.invoke.DirectMethodHandle$Holder.invokeSpecialIFC(Ljava/lang/Object;Ljava/lang/Object;I)I> (0x0000000087aa1f60) thrown at [./open/src/hotspot/share/interpreter/linkResolver.cpp, lin
Event: 1.623 Thread 0x000001a6d68d9800 Exception <a 'java/lang/NoSuchMethodError'{0x0000000087ef9c38}: java.lang.invoke.DirectMethodHandle$Holder.invokeVirtual(Ljava/lang/Object;Ljava/lang/Object;)I> (0x0000000087ef9c38) thrown at [./open/src/hotspot/share/interpreter/linkResolver.cpp, line 77
Event: 1.638 Thread 0x000001a6d68d9800 Exception <a 'java/lang/NoSuchMethodError'{0x0000000087d279a8}: java.lang.invoke.DirectMethodHandle$Holder.invokeStaticInit(Ljava/lang/Object;I)Ljava/lang/Object;> (0x0000000087d279a8) thrown at [./open/src/hotspot/share/interpreter/linkResolver.cpp, line
Event: 1.733 Thread 0x000001a6d68d9800 Exception <a 'java/lang/NoSuchMethodError'{0x0000000087cbcbb0}: java.lang.invoke.DirectMethodHandle$Holder.invokeSpecialIFC(Ljava/lang/Object;Ljava/lang/Object;Ljava/lang/Object;Ljava/lang/Object;)I> (0x0000000087cbcbb0) thrown at [./open/src/hotspot/shar

Events (10 events):
Event: 1.746 loading class org/junit/platform/engine/discovery/PackageNameFilter
Event: 1.746 loading class org/junit/platform/engine/discovery/PackageNameFilter done
Event: 1.746 loading class org/junit/platform/engine/CompositeFilter
Event: 1.746 loading class org/junit/platform/engine/CompositeFilter done
Event: 1.747 loading class org/junit/platform/engine/CompositeFilter$1
Event: 1.747 loading class org/junit/platform/engine/CompositeFilter$1 done
Event: 1.748 loading class org/junit/platform/engine/support/discovery/EngineDiscoveryRequestResolver$InitializationContext
Event: 1.748 loading class org/junit/platform/engine/support/discovery/EngineDiscoveryRequestResolver$InitializationContext done
Event: 1.748 loading class org/junit/platform/engine/support/discovery/EngineDiscoveryRequestResolver$InitializationContext
Event: 1.748 loading class org/junit/platform/engine/support/discovery/EngineDiscoveryRequestResolver$InitializationContext done


Dynamic libraries:
0x00007ff7e9130000 - 0x00007ff7e913f000 	C:\Program Files\Java\jdk-11.0.16\bin\java.exe
0x00007ffeb96d0000 - 0x00007ffeb98c8000 	C:\Windows\SYSTEM32\ntdll.dll
0x00007ffeb7730000 - 0x00007ffeb77ed000 	C:\Windows\System32\KERNEL32.DLL
0x00007ffeb7450000 - 0x00007ffeb7722000 	C:\Windows\System32\KERNELBASE.dll
0x00007ffeb6de0000 - 0x00007ffeb6ee0000 	C:\Windows\System32\ucrtbase.dll
0x00007ffe9dc90000 - 0x00007ffe9dca8000 	C:\Program Files\Java\jdk-11.0.16\bin\jli.dll
0x00007ffeb8110000 - 0x00007ffeb81be000 	C:\Windows\System32\ADVAPI32.dll
0x00007ffeb84a0000 - 0x00007ffeb853e000 	C:\Windows\System32\msvcrt.dll
0x00007ffeb8010000 - 0x00007ffeb80ac000 	C:\Windows\System32\sechost.dll
0x00007ffeb89e0000 - 0x00007ffeb8b05000 	C:\Windows\System32\RPCRT4.dll
0x00007ffeb7e10000 - 0x00007ffeb7fad000 	C:\Windows\System32\USER32.dll
0x00007ffeb73d0000 - 0x00007ffeb73f2000 	C:\Windows\System32\win32u.dll
0x00007ffeb92f0000 - 0x00007ffeb931b000 	C:\Windows\System32\GDI32.dll
0x00007ffeb6ee0000 - 0x00007ffeb6fef000 	C:\Windows\System32\gdi32full.dll
0x00007ffeb7250000 - 0x00007ffeb72ed000 	C:\Windows\System32\msvcp_win.dll
0x00007ffe9dcb0000 - 0x00007ffe9dcc5000 	C:\Program Files\Java\jdk-11.0.16\bin\VCRUNTIME140.dll
0x00007ffe98c10000 - 0x00007ffe98eaa000 	C:\Windows\WinSxS\amd64_microsoft.windows.common-controls_6595b64144ccf1df_6.0.19041.1110_none_60b5254171f9507e\COMCTL32.dll
0x00007ffeaf180000 - 0x00007ffeaf18a000 	C:\Windows\SYSTEM32\VERSION.dll
0x00007ffeb81c0000 - 0x00007ffeb81f0000 	C:\Windows\System32\IMM32.DLL
0x00007ffe8bc30000 - 0x00007ffe8bccb000 	C:\Program Files\Java\jdk-11.0.16\bin\msvcp140.dll
0x00007ffe5c070000 - 0x00007ffe5cb88000 	C:\Program Files\Java\jdk-11.0.16\bin\server\jvm.dll
0x00007ffeb9320000 - 0x00007ffeb9328000 	C:\Windows\System32\PSAPI.DLL
0x00007ffea1a70000 - 0x00007ffea1a79000 	C:\Windows\SYSTEM32\WSOCK32.dll
0x00007ffeb8420000 - 0x00007ffeb848b000 	C:\Windows\System32\WS2_32.dll
0x00007ffe96c40000 - 0x00007ffe96c67000 	C:\Windows\SYSTEM32\WINMM.dll
0x00007ffeb4c80000 - 0x00007ffeb4c92000 	C:\Windows\SYSTEM32\kernel.appcore.dll
0x00007ffea3b70000 - 0x00007ffea3b80000 	C:\Program Files\Java\jdk-11.0.16\bin\verify.dll
0x00007ffea5940000 - 0x00007ffea5b24000 	C:\Windows\SYSTEM32\DBGHELP.DLL
0x00007ffea5de0000 - 0x00007ffea5e0c000 	C:\Windows\SYSTEM32\dbgcore.DLL
0x00007ffeb71c0000 - 0x00007ffeb7242000 	C:\Windows\System32\bcryptPrimitives.dll
0x00007ffe98030000 - 0x00007ffe98058000 	C:\Program Files\Java\jdk-11.0.16\bin\java.dll
0x00007ffe9e9c0000 - 0x00007ffe9e9ca000 	C:\Program Files\Java\jdk-11.0.16\bin\jimage.dll
0x00007ffe9dc70000 - 0x00007ffe9dc86000 	C:\Program Files\Java\jdk-11.0.16\bin\zip.dll
0x00007ffeb8b10000 - 0x00007ffeb9253000 	C:\Windows\System32\SHELL32.dll
0x00007ffeb4e80000 - 0x00007ffeb5611000 	C:\Windows\SYSTEM32\windows.storage.dll
0x00007ffeb77f0000 - 0x00007ffeb7b44000 	C:\Windows\System32\combase.dll
0x00007ffeb6680000 - 0x00007ffeb66b0000 	C:\Windows\SYSTEM32\Wldp.dll
0x00007ffeb8310000 - 0x00007ffeb83bd000 	C:\Windows\System32\SHCORE.dll
0x00007ffeb7fb0000 - 0x00007ffeb8005000 	C:\Windows\System32\shlwapi.dll
0x00007ffeb6d20000 - 0x00007ffeb6d3f000 	C:\Windows\SYSTEM32\profapi.dll
0x00007ffe9abf0000 - 0x00007ffe9ac09000 	C:\Program Files\Java\jdk-11.0.16\bin\net.dll
0x00007ffeae320000 - 0x00007ffeae42d000 	C:\Windows\SYSTEM32\WINHTTP.dll
0x00007ffeb6460000 - 0x00007ffeb64ca000 	C:\Windows\system32\mswsock.dll
0x00007ffe99ac0000 - 0x00007ffe99ad2000 	C:\Program Files\Java\jdk-11.0.16\bin\nio.dll
0x00007ffe9b260000 - 0x00007ffe9b269000 	C:\Program Files\Java\jdk-11.0.16\bin\management.dll
0x00007ffe9acb0000 - 0x00007ffe9acbb000 	C:\Program Files\Java\jdk-11.0.16\bin\management_ext.dll

dbghelp: loaded successfully - version: 4.0.5 - missing functions: none
symbol engine: initialized successfully - sym options: 0x614 - pdb path: .;C:\Program Files\Java\jdk-11.0.16\bin;C:\Windows\SYSTEM32;C:\Windows\WinSxS\amd64_microsoft.windows.common-controls_6595b64144ccf1df_6.0.19041.1110_none_60b5254171f9507e;C:\Program Files\Java\jdk-11.0.16\bin\server

VM Arguments:
java_command: C:\Users\sfjbs\AppData\Local\Temp\surefire10518613783549144910\surefirebooter3499991821802587759.jar C:\Users\sfjbs\AppData\Local\Temp\surefire10518613783549144910 2022-11-01T10-02-08_834-jvmRun1 surefire1545761869100663437tmp surefire_015967196417625956458tmp
java_class_path (initial): C:\Users\sfjbs\AppData\Local\Temp\surefire10518613783549144910\surefirebooter3499991821802587759.jar
Launcher Type: SUN_STANDARD

[Global flags]
     intx CICompilerCount                          = 2                                         {product} {ergonomic}
     uint ConcGCThreads                            = 1                                         {product} {ergonomic}
     uint G1ConcRefinementThreads                  = 2                                         {product} {ergonomic}
   size_t G1HeapRegionSize                         = 1048576                                   {product} {ergonomic}
    uintx GCDrainStackTargetSize                   = 64                                        {product} {ergonomic}
   size_t InitialHeapSize                          = 134217728                                 {product} {ergonomic}
   size_t MarkStackSize                            = 4194304                                   {product} {ergonomic}
   size_t MaxHeapSize                              = 2147483648                                {product} {ergonomic}
   size_t MaxNewSize                               = 1287651328                                {product} {ergonomic}
   size_t MinHeapDeltaBytes                        = 1048576                                   {product} {ergonomic}
    uintx NonNMethodCodeHeapSize                   = 5825164                                {pd product} {ergonomic}
    uintx NonProfiledCodeHeapSize                  = 122916538                              {pd product} {ergonomic}
    uintx ProfiledCodeHeapSize                     = 122916538                              {pd product} {ergonomic}
    uintx ReservedCodeCacheSize                    = 251658240                              {pd product} {ergonomic}
     bool SegmentedCodeCache                       = true                                      {product} {ergonomic}
     bool UseCompressedClassPointers               = true                                 {lp64_product} {ergonomic}
     bool UseCompressedOops                        = true                                 {lp64_product} {ergonomic}
     bool UseG1GC                                  = true                                      {product} {ergonomic}
     bool UseLargePagesIndividualAllocation        = false                                  {pd product} {ergonomic}

Logging:
Log output configuration:
 #0: stdout all=warning uptime,level,tags
 #1: stderr all=off uptime,level,tags

Environment Variables:
PATH=C:\Program Files\Common Files\Oracle\Java\javapath;C:\Windows\system32;C:\Windows;C:\Windows\System32\Wbem;C:\Windows\System32\WindowsPowerShell\v1.0\;C:\Windows\System32\OpenSSH\;C:\Users\sfjbs\Downloads\micro service-20221001T123314Z-001\micro service\apache-maven-3.8.5-bin\apache-maven-3.8.5\bin;C:\Users\sfjbs\Downloads\micro service-20221001T123314Z-001\micro service\apache-maven-3.8.5-bin\apache-maven-3.8.5\lib;C:\Program Files\Docker\Docker\resources\bin;C:\ProgramData\DockerDesktop\version-bin;C:\Program Files\Git\cmd;C:\Users\sfjbs\AppData\Local\Microsoft\WindowsApps;C:\Users\sfjbs\Downloads\micro service-20221001T123314Z-001\micro service\apache-maven-3.8.5-bin\apache-maven-3.8.5\bin;C:\Users\sfjbs\Downloads\micro service-20221001T123314Z-001\micro service\apache-maven-3.8.5-bin\apache-maven-3.8.5\lib;;C:\Program Files\JetBrains\IntelliJ IDEA Community Edition 2022.2.1\bin;
USERNAME=sfjbs
OS=Windows_NT
PROCESSOR_IDENTIFIER=Intel64 Family 6 Model 85 Stepping 7, GenuineIntel



---------------  S Y S T E M  ---------------

OS: Windows 10 , 64 bit Build 19041 (10.0.19041.1889)
Hyper-V role detected

CPU:total 2 (initial active 2) (1 cores per cpu, 2 threads per core) family 6 model 85 stepping 7 microcode 0xffffffff, cmov, cx8, fxsr, mmx, sse, sse2, sse3, ssse3, sse4.1, sse4.2, popcnt, avx, avx2, aes, clmul, erms, rtm, 3dnowpref, lzcnt, ht, tsc, bmi1, bmi2, adx, evex, fma

Memory: 4k page, system-wide physical 8190M (426M free)
TotalPageFile size 10238M (AvailPageFile size 5M)
current process WorkingSet (physical memory assigned to process): 65M, peak: 65M
current process commit charge ("private bytes"): 211M, peak: 212M

vm_info: Java HotSpot(TM) 64-Bit Server VM (11.0.16+11-LTS-199) for windows-amd64 JRE (11.0.16+11-LTS-199), built on Jun 28 2022 08:23:17 by "mach5one" with MS VC++ 15.9 (VS2017)

END.
