#
# There is insufficient memory for the Java Runtime Environment to continue.
# Native memory allocation (malloc) failed to allocate 32744 bytes for ChunkPool::allocate
# Possible reasons:
#   The system is out of physical RAM or swap space
#   The process is running with CompressedOops enabled, and the Java Heap may be blocking the growth of the native heap
# Possible solutions:
#   Reduce memory load on the system
#   Increase physical memory or swap space
#   Check if swap backing store is full
#   Decrease Java heap size (-Xmx/-Xms)
#   Decrease number of Java threads
#   Decrease Java thread stack sizes (-Xss)
#   Set larger code cache with -XX:ReservedCodeCacheSize=
#   JVM is running with Unscaled Compressed Oops mode in which the Java heap is
#     placed in the first 4GB address space. The Java Heap base address is the
#     maximum limit for the native heap growth. Please use -XX:HeapBaseMinAddress
#     to set the Java Heap base and to place the Java Heap above 4GB virtual address.
# This output file may be truncated or incomplete.
#
#  Out of Memory Error (./open/src/hotspot/share/memory/arena.cpp:81), pid=7844, tid=25520
#
# JRE version: Java(TM) SE Runtime Environment 18.9 (11.0.16+11) (build 11.0.16+11-LTS-199)
# Java VM: Java HotSpot(TM) 64-Bit Server VM 18.9 (11.0.16+11-LTS-199, mixed mode, tiered, compressed oops, g1 gc, windows-amd64)
# No core dump will be written. Minidumps are not enabled by default on client versions of Windows
#

---------------  S U M M A R Y ------------

Command Line: C:\Users\sfjbs\AppData\Local\Temp\surefire9336371760815741449\surefirebooter30141982703856342.jar C:\Users\sfjbs\AppData\Local\Temp\surefire9336371760815741449 2022-11-01T10-05-16_471-jvmRun1 surefire9026046235070309509tmp surefire_017623446750995752980tmp

Host: Intel(R) Xeon(R) Platinum 8272CL CPU @ 2.60GHz, 2 cores, 7G,  Windows 10 , 64 bit Build 19041 (10.0.19041.1889)
Time: Tue Nov  1 10:05:22 2022 Coordinated Universal Time elapsed time: 4.017692 seconds (0d 0h 0m 4s)

---------------  T H R E A D  ---------------

Current thread (0x000001e0fea9e800):  JavaThread "C2 CompilerThread0" daemon [_thread_in_native, id=25520, stack(0x00000016afe00000,0x00000016aff00000)]


Current CompileTask:
C2:   4017 1502       4       jdk.internal.loader.URLClassPath::getResource (74 bytes)

Stack: [0x00000016afe00000,0x00000016aff00000]
Native frames: (J=compiled Java code, j=interpreted, Vv=VM code, C=native code)
V  [jvm.dll+0x62a3ea]
V  [jvm.dll+0x76418f]
V  [jvm.dll+0x765839]
V  [jvm.dll+0x765ec3]
V  [jvm.dll+0x23da98]
V  [jvm.dll+0xb2c7b]
V  [jvm.dll+0xb2fdc]
V  [jvm.dll+0xb2b2b]
V  [jvm.dll+0x60a6ef]
V  [jvm.dll+0x659be3]
V  [jvm.dll+0x18ccfd]
V  [jvm.dll+0x1f85b2]
V  [jvm.dll+0x1f768d]
V  [jvm.dll+0x177c81]
V  [jvm.dll+0x207006]
V  [jvm.dll+0x20519b]
V  [jvm.dll+0x729fa0]
V  [jvm.dll+0x722b74]
V  [jvm.dll+0x629286]
C  [ucrtbase.dll+0x21bb2]
C  [KERNEL32.DLL+0x17034]
C  [ntdll.dll+0x526a1]


---------------  P R O C E S S  ---------------

Threads class SMR info:
_java_thread_list=0x000001e0ff722b50, length=12, elements={
0x000001e0f47b9800, 0x000001e0fea8c000, 0x000001e0fea8d800, 0x000001e0fea89000,
0x000001e0fea9c000, 0x000001e0fea9d000, 0x000001e0fea9e800, 0x000001e0feadb000,
0x000001e0feadc000, 0x000001e0ff4ed800, 0x000001e0ff62f000, 0x000001e0ff63a000
}

Java Threads: ( => current thread )
  0x000001e0f47b9800 JavaThread "main" [_thread_in_vm, id=27168, stack(0x00000016af100000,0x00000016af200000)]
  0x000001e0fea8c000 JavaThread "Reference Handler" daemon [_thread_blocked, id=28936, stack(0x00000016af900000,0x00000016afa00000)]
  0x000001e0fea8d800 JavaThread "Finalizer" daemon [_thread_blocked, id=27900, stack(0x00000016afa00000,0x00000016afb00000)]
  0x000001e0fea89000 JavaThread "Signal Dispatcher" daemon [_thread_blocked, id=26812, stack(0x00000016afb00000,0x00000016afc00000)]
  0x000001e0fea9c000 JavaThread "Attach Listener" daemon [_thread_blocked, id=30192, stack(0x00000016afc00000,0x00000016afd00000)]
  0x000001e0fea9d000 JavaThread "Service Thread" daemon [_thread_blocked, id=5052, stack(0x00000016afd00000,0x00000016afe00000)]
=>0x000001e0fea9e800 JavaThread "C2 CompilerThread0" daemon [_thread_in_native, id=25520, stack(0x00000016afe00000,0x00000016aff00000)]
  0x000001e0feadb000 JavaThread "C1 CompilerThread0" daemon [_thread_blocked, id=14316, stack(0x00000016aff00000,0x00000016b0000000)]
  0x000001e0feadc000 JavaThread "Sweeper thread" daemon [_thread_blocked, id=27856, stack(0x00000016b0000000,0x00000016b0100000)]
  0x000001e0ff4ed800 JavaThread "Common-Cleaner" daemon [_thread_blocked, id=28480, stack(0x00000016b0200000,0x00000016b0300000)]
  0x000001e0ff62f000 JavaThread "surefire-forkedjvm-command-thread" daemon [_thread_in_native, id=30508, stack(0x00000016b0300000,0x00000016b0400000)]
  0x000001e0ff63a000 JavaThread "surefire-forkedjvm-ping-30s" daemon [_thread_in_native, id=22648, stack(0x00000016b0400000,0x00000016b0500000)]

Other Threads:
  0x000001e0fea77800 VMThread "VM Thread" [stack: 0x00000016af800000,0x00000016af900000] [id=23792]
  0x000001e0ff4ec800 WatcherThread [stack: 0x00000016b0100000,0x00000016b0200000] [id=29920]
  0x000001e0f47cf800 GCTaskThread "GC Thread#0" [stack: 0x00000016af300000,0x00000016af400000] [id=30712]
  0x000001e0ff90b000 GCTaskThread "GC Thread#1" [stack: 0x00000016b0500000,0x00000016b0600000] [id=29132]
  0x000001e0f47fb000 ConcurrentGCThread "G1 Main Marker" [stack: 0x00000016af400000,0x00000016af500000] [id=19532]
  0x000001e0f47fd800 ConcurrentGCThread "G1 Conc#0" [stack: 0x00000016af500000,0x00000016af600000] [id=23136]
  0x000001e0f4883000 ConcurrentGCThread "G1 Refine#0" [stack: 0x00000016af600000,0x00000016af700000] [id=23856]
  0x000001e0ff6f7000 ConcurrentGCThread "G1 Refine#1" [stack: 0x00000016b0600000,0x00000016b0700000] [id=29864]
  0x000001e0f4885000 ConcurrentGCThread "G1 Young RemSet Sampling" [stack: 0x00000016af700000,0x00000016af800000] [id=29664]

Threads with active compile tasks:
C2 CompilerThread0     4049 1502       4       jdk.internal.loader.URLClassPath::getResource (74 bytes)

VM state:not at safepoint (normal execution)

VM Mutex/Monitor currently owned by a thread: None

Heap address: 0x0000000080000000, size: 2048 MB, Compressed Oops mode: 32-bit
Narrow klass base: 0x0000000000000000, Narrow klass shift: 3
Compressed class space size: 1073741824 Address: 0x0000000100000000

Heap:
 garbage-first heap   total 131072K, used 23653K [0x0000000080000000, 0x0000000100000000)
  region size 1024K, 18 young (18432K), 2 survivors (2048K)
 Metaspace       used 16527K, capacity 17098K, committed 17408K, reserved 1064960K
  class space    used 1759K, capacity 1984K, committed 2048K, reserved 1048576K
Heap Regions: E=young(eden), S=young(survivor), O=old, HS=humongous(starts), HC=humongous(continues), CS=collection set, F=free, A=archive, TAMS=top-at-mark-start (previous, next)
|   0|0x0000000080000000, 0x0000000080100000, 0x0000000080100000|100%| O|  |TAMS 0x0000000080000000, 0x0000000080000000| Untracked 
|   1|0x0000000080100000, 0x0000000080200000, 0x0000000080200000|100%| O|  |TAMS 0x0000000080100000, 0x0000000080100000| Untracked 
|   2|0x0000000080200000, 0x0000000080300000, 0x0000000080300000|100%| O|  |TAMS 0x0000000080200000, 0x0000000080200000| Untracked 
|   3|0x0000000080300000, 0x0000000080400000, 0x0000000080400000|100%|HS|  |TAMS 0x0000000080300000, 0x0000000080300000| Complete 
|   4|0x0000000080400000, 0x0000000080500000, 0x0000000080500000|100%| O|  |TAMS 0x0000000080400000, 0x0000000080400000| Untracked 
|   5|0x0000000080500000, 0x0000000080600000, 0x0000000080600000|100%| O|  |TAMS 0x0000000080500000, 0x0000000080500000| Untracked 
|   6|0x0000000080600000, 0x0000000080655a00, 0x0000000080700000| 33%| O|  |TAMS 0x0000000080600000, 0x0000000080600000| Untracked 
|   7|0x0000000080700000, 0x0000000080700000, 0x0000000080800000|  0%| F|  |TAMS 0x0000000080700000, 0x0000000080700000| Untracked 
|   8|0x0000000080800000, 0x0000000080800000, 0x0000000080900000|  0%| F|  |TAMS 0x0000000080800000, 0x0000000080800000| Untracked 
|   9|0x0000000080900000, 0x0000000080900000, 0x0000000080a00000|  0%| F|  |TAMS 0x0000000080900000, 0x0000000080900000| Untracked 
|  10|0x0000000080a00000, 0x0000000080a00000, 0x0000000080b00000|  0%| F|  |TAMS 0x0000000080a00000, 0x0000000080a00000| Untracked 
|  11|0x0000000080b00000, 0x0000000080b00000, 0x0000000080c00000|  0%| F|  |TAMS 0x0000000080b00000, 0x0000000080b00000| Untracked 
|  12|0x0000000080c00000, 0x0000000080c00000, 0x0000000080d00000|  0%| F|  |TAMS 0x0000000080c00000, 0x0000000080c00000| Untracked 
|  13|0x0000000080d00000, 0x0000000080d00000, 0x0000000080e00000|  0%| F|  |TAMS 0x0000000080d00000, 0x0000000080d00000| Untracked 
|  14|0x0000000080e00000, 0x0000000080e00000, 0x0000000080f00000|  0%| F|  |TAMS 0x0000000080e00000, 0x0000000080e00000| Untracked 
|  15|0x0000000080f00000, 0x0000000080f00000, 0x0000000081000000|  0%| F|  |TAMS 0x0000000080f00000, 0x0000000080f00000| Untracked 
|  16|0x0000000081000000, 0x0000000081000000, 0x0000000081100000|  0%| F|  |TAMS 0x0000000081000000, 0x0000000081000000| Untracked 
|  17|0x0000000081100000, 0x0000000081100000, 0x0000000081200000|  0%| F|  |TAMS 0x0000000081100000, 0x0000000081100000| Untracked 
|  18|0x0000000081200000, 0x0000000081200000, 0x0000000081300000|  0%| F|  |TAMS 0x0000000081200000, 0x0000000081200000| Untracked 
|  19|0x0000000081300000, 0x0000000081300000, 0x0000000081400000|  0%| F|  |TAMS 0x0000000081300000, 0x0000000081300000| Untracked 
|  20|0x0000000081400000, 0x0000000081400000, 0x0000000081500000|  0%| F|  |TAMS 0x0000000081400000, 0x0000000081400000| Untracked 
|  21|0x0000000081500000, 0x0000000081500000, 0x0000000081600000|  0%| F|  |TAMS 0x0000000081500000, 0x0000000081500000| Untracked 
|  22|0x0000000081600000, 0x0000000081600000, 0x0000000081700000|  0%| F|  |TAMS 0x0000000081600000, 0x0000000081600000| Untracked 
|  23|0x0000000081700000, 0x0000000081700000, 0x0000000081800000|  0%| F|  |TAMS 0x0000000081700000, 0x0000000081700000| Untracked 
|  24|0x0000000081800000, 0x0000000081800000, 0x0000000081900000|  0%| F|  |TAMS 0x0000000081800000, 0x0000000081800000| Untracked 
|  25|0x0000000081900000, 0x0000000081900000, 0x0000000081a00000|  0%| F|  |TAMS 0x0000000081900000, 0x0000000081900000| Untracked 
|  26|0x0000000081a00000, 0x0000000081a00000, 0x0000000081b00000|  0%| F|  |TAMS 0x0000000081a00000, 0x0000000081a00000| Untracked 
|  27|0x0000000081b00000, 0x0000000081b00000, 0x0000000081c00000|  0%| F|  |TAMS 0x0000000081b00000, 0x0000000081b00000| Untracked 
|  28|0x0000000081c00000, 0x0000000081c00000, 0x0000000081d00000|  0%| F|  |TAMS 0x0000000081c00000, 0x0000000081c00000| Untracked 
|  29|0x0000000081d00000, 0x0000000081d00000, 0x0000000081e00000|  0%| F|  |TAMS 0x0000000081d00000, 0x0000000081d00000| Untracked 
|  30|0x0000000081e00000, 0x0000000081e00000, 0x0000000081f00000|  0%| F|  |TAMS 0x0000000081e00000, 0x0000000081e00000| Untracked 
|  31|0x0000000081f00000, 0x0000000081f00000, 0x0000000082000000|  0%| F|  |TAMS 0x0000000081f00000, 0x0000000081f00000| Untracked 
|  32|0x0000000082000000, 0x0000000082000000, 0x0000000082100000|  0%| F|  |TAMS 0x0000000082000000, 0x0000000082000000| Untracked 
|  33|0x0000000082100000, 0x0000000082100000, 0x0000000082200000|  0%| F|  |TAMS 0x0000000082100000, 0x0000000082100000| Untracked 
|  34|0x0000000082200000, 0x0000000082200000, 0x0000000082300000|  0%| F|  |TAMS 0x0000000082200000, 0x0000000082200000| Untracked 
|  35|0x0000000082300000, 0x0000000082300000, 0x0000000082400000|  0%| F|  |TAMS 0x0000000082300000, 0x0000000082300000| Untracked 
|  36|0x0000000082400000, 0x0000000082400000, 0x0000000082500000|  0%| F|  |TAMS 0x0000000082400000, 0x0000000082400000| Untracked 
|  37|0x0000000082500000, 0x0000000082500000, 0x0000000082600000|  0%| F|  |TAMS 0x0000000082500000, 0x0000000082500000| Untracked 
|  38|0x0000000082600000, 0x0000000082600000, 0x0000000082700000|  0%| F|  |TAMS 0x0000000082600000, 0x0000000082600000| Untracked 
|  39|0x0000000082700000, 0x0000000082700000, 0x0000000082800000|  0%| F|  |TAMS 0x0000000082700000, 0x0000000082700000| Untracked 
|  40|0x0000000082800000, 0x0000000082800000, 0x0000000082900000|  0%| F|  |TAMS 0x0000000082800000, 0x0000000082800000| Untracked 
|  41|0x0000000082900000, 0x0000000082900000, 0x0000000082a00000|  0%| F|  |TAMS 0x0000000082900000, 0x0000000082900000| Untracked 
|  42|0x0000000082a00000, 0x0000000082a00000, 0x0000000082b00000|  0%| F|  |TAMS 0x0000000082a00000, 0x0000000082a00000| Untracked 
|  43|0x0000000082b00000, 0x0000000082b00000, 0x0000000082c00000|  0%| F|  |TAMS 0x0000000082b00000, 0x0000000082b00000| Untracked 
|  44|0x0000000082c00000, 0x0000000082c00000, 0x0000000082d00000|  0%| F|  |TAMS 0x0000000082c00000, 0x0000000082c00000| Untracked 
|  45|0x0000000082d00000, 0x0000000082d00000, 0x0000000082e00000|  0%| F|  |TAMS 0x0000000082d00000, 0x0000000082d00000| Untracked 
|  46|0x0000000082e00000, 0x0000000082e00000, 0x0000000082f00000|  0%| F|  |TAMS 0x0000000082e00000, 0x0000000082e00000| Untracked 
|  47|0x0000000082f00000, 0x0000000082f00000, 0x0000000083000000|  0%| F|  |TAMS 0x0000000082f00000, 0x0000000082f00000| Untracked 
|  48|0x0000000083000000, 0x0000000083000000, 0x0000000083100000|  0%| F|  |TAMS 0x0000000083000000, 0x0000000083000000| Untracked 
|  49|0x0000000083100000, 0x0000000083100000, 0x0000000083200000|  0%| F|  |TAMS 0x0000000083100000, 0x0000000083100000| Untracked 
|  50|0x0000000083200000, 0x0000000083200000, 0x0000000083300000|  0%| F|  |TAMS 0x0000000083200000, 0x0000000083200000| Untracked 
|  51|0x0000000083300000, 0x0000000083300000, 0x0000000083400000|  0%| F|  |TAMS 0x0000000083300000, 0x0000000083300000| Untracked 
|  52|0x0000000083400000, 0x0000000083400000, 0x0000000083500000|  0%| F|  |TAMS 0x0000000083400000, 0x0000000083400000| Untracked 
|  53|0x0000000083500000, 0x0000000083500000, 0x0000000083600000|  0%| F|  |TAMS 0x0000000083500000, 0x0000000083500000| Untracked 
|  54|0x0000000083600000, 0x0000000083600000, 0x0000000083700000|  0%| F|  |TAMS 0x0000000083600000, 0x0000000083600000| Untracked 
|  55|0x0000000083700000, 0x0000000083700000, 0x0000000083800000|  0%| F|  |TAMS 0x0000000083700000, 0x0000000083700000| Untracked 
|  56|0x0000000083800000, 0x0000000083800000, 0x0000000083900000|  0%| F|  |TAMS 0x0000000083800000, 0x0000000083800000| Untracked 
|  57|0x0000000083900000, 0x0000000083900000, 0x0000000083a00000|  0%| F|  |TAMS 0x0000000083900000, 0x0000000083900000| Untracked 
|  58|0x0000000083a00000, 0x0000000083a00000, 0x0000000083b00000|  0%| F|  |TAMS 0x0000000083a00000, 0x0000000083a00000| Untracked 
|  59|0x0000000083b00000, 0x0000000083b00000, 0x0000000083c00000|  0%| F|  |TAMS 0x0000000083b00000, 0x0000000083b00000| Untracked 
|  60|0x0000000083c00000, 0x0000000083c00000, 0x0000000083d00000|  0%| F|  |TAMS 0x0000000083c00000, 0x0000000083c00000| Untracked 
|  61|0x0000000083d00000, 0x0000000083d00000, 0x0000000083e00000|  0%| F|  |TAMS 0x0000000083d00000, 0x0000000083d00000| Untracked 
|  62|0x0000000083e00000, 0x0000000083e00000, 0x0000000083f00000|  0%| F|  |TAMS 0x0000000083e00000, 0x0000000083e00000| Untracked 
|  63|0x0000000083f00000, 0x0000000083f00000, 0x0000000084000000|  0%| F|  |TAMS 0x0000000083f00000, 0x0000000083f00000| Untracked 
|  64|0x0000000084000000, 0x0000000084000000, 0x0000000084100000|  0%| F|  |TAMS 0x0000000084000000, 0x0000000084000000| Untracked 
|  65|0x0000000084100000, 0x0000000084100000, 0x0000000084200000|  0%| F|  |TAMS 0x0000000084100000, 0x0000000084100000| Untracked 
|  66|0x0000000084200000, 0x0000000084200000, 0x0000000084300000|  0%| F|  |TAMS 0x0000000084200000, 0x0000000084200000| Untracked 
|  67|0x0000000084300000, 0x0000000084300000, 0x0000000084400000|  0%| F|  |TAMS 0x0000000084300000, 0x0000000084300000| Untracked 
|  68|0x0000000084400000, 0x0000000084400000, 0x0000000084500000|  0%| F|  |TAMS 0x0000000084400000, 0x0000000084400000| Untracked 
|  69|0x0000000084500000, 0x0000000084500000, 0x0000000084600000|  0%| F|  |TAMS 0x0000000084500000, 0x0000000084500000| Untracked 
|  70|0x0000000084600000, 0x0000000084600000, 0x0000000084700000|  0%| F|  |TAMS 0x0000000084600000, 0x0000000084600000| Untracked 
|  71|0x0000000084700000, 0x0000000084700000, 0x0000000084800000|  0%| F|  |TAMS 0x0000000084700000, 0x0000000084700000| Untracked 
|  72|0x0000000084800000, 0x0000000084800000, 0x0000000084900000|  0%| F|  |TAMS 0x0000000084800000, 0x0000000084800000| Untracked 
|  73|0x0000000084900000, 0x0000000084900000, 0x0000000084a00000|  0%| F|  |TAMS 0x0000000084900000, 0x0000000084900000| Untracked 
|  74|0x0000000084a00000, 0x0000000084a00000, 0x0000000084b00000|  0%| F|  |TAMS 0x0000000084a00000, 0x0000000084a00000| Untracked 
|  75|0x0000000084b00000, 0x0000000084b00000, 0x0000000084c00000|  0%| F|  |TAMS 0x0000000084b00000, 0x0000000084b00000| Untracked 
|  76|0x0000000084c00000, 0x0000000084c00000, 0x0000000084d00000|  0%| F|  |TAMS 0x0000000084c00000, 0x0000000084c00000| Untracked 
|  77|0x0000000084d00000, 0x0000000084d00000, 0x0000000084e00000|  0%| F|  |TAMS 0x0000000084d00000, 0x0000000084d00000| Untracked 
|  78|0x0000000084e00000, 0x0000000084e00000, 0x0000000084f00000|  0%| F|  |TAMS 0x0000000084e00000, 0x0000000084e00000| Untracked 
|  79|0x0000000084f00000, 0x0000000084f00000, 0x0000000085000000|  0%| F|  |TAMS 0x0000000084f00000, 0x0000000084f00000| Untracked 
|  80|0x0000000085000000, 0x0000000085000000, 0x0000000085100000|  0%| F|  |TAMS 0x0000000085000000, 0x0000000085000000| Untracked 
|  81|0x0000000085100000, 0x0000000085100000, 0x0000000085200000|  0%| F|  |TAMS 0x0000000085100000, 0x0000000085100000| Untracked 
|  82|0x0000000085200000, 0x0000000085200000, 0x0000000085300000|  0%| F|  |TAMS 0x0000000085200000, 0x0000000085200000| Untracked 
|  83|0x0000000085300000, 0x0000000085300000, 0x0000000085400000|  0%| F|  |TAMS 0x0000000085300000, 0x0000000085300000| Untracked 
|  84|0x0000000085400000, 0x0000000085400000, 0x0000000085500000|  0%| F|  |TAMS 0x0000000085400000, 0x0000000085400000| Untracked 
|  85|0x0000000085500000, 0x0000000085500000, 0x0000000085600000|  0%| F|  |TAMS 0x0000000085500000, 0x0000000085500000| Untracked 
|  86|0x0000000085600000, 0x0000000085600000, 0x0000000085700000|  0%| F|  |TAMS 0x0000000085600000, 0x0000000085600000| Untracked 
|  87|0x0000000085700000, 0x0000000085700000, 0x0000000085800000|  0%| F|  |TAMS 0x0000000085700000, 0x0000000085700000| Untracked 
|  88|0x0000000085800000, 0x0000000085800000, 0x0000000085900000|  0%| F|  |TAMS 0x0000000085800000, 0x0000000085800000| Untracked 
|  89|0x0000000085900000, 0x0000000085900000, 0x0000000085a00000|  0%| F|  |TAMS 0x0000000085900000, 0x0000000085900000| Untracked 
|  90|0x0000000085a00000, 0x0000000085a00000, 0x0000000085b00000|  0%| F|  |TAMS 0x0000000085a00000, 0x0000000085a00000| Untracked 
|  91|0x0000000085b00000, 0x0000000085b00000, 0x0000000085c00000|  0%| F|  |TAMS 0x0000000085b00000, 0x0000000085b00000| Untracked 
|  92|0x0000000085c00000, 0x0000000085c00000, 0x0000000085d00000|  0%| F|  |TAMS 0x0000000085c00000, 0x0000000085c00000| Untracked 
|  93|0x0000000085d00000, 0x0000000085d00000, 0x0000000085e00000|  0%| F|  |TAMS 0x0000000085d00000, 0x0000000085d00000| Untracked 
|  94|0x0000000085e00000, 0x0000000085e00000, 0x0000000085f00000|  0%| F|  |TAMS 0x0000000085e00000, 0x0000000085e00000| Untracked 
|  95|0x0000000085f00000, 0x0000000085f00000, 0x0000000086000000|  0%| F|  |TAMS 0x0000000085f00000, 0x0000000085f00000| Untracked 
|  96|0x0000000086000000, 0x0000000086000000, 0x0000000086100000|  0%| F|  |TAMS 0x0000000086000000, 0x0000000086000000| Untracked 
|  97|0x0000000086100000, 0x0000000086100000, 0x0000000086200000|  0%| F|  |TAMS 0x0000000086100000, 0x0000000086100000| Untracked 
|  98|0x0000000086200000, 0x0000000086200000, 0x0000000086300000|  0%| F|  |TAMS 0x0000000086200000, 0x0000000086200000| Untracked 
|  99|0x0000000086300000, 0x0000000086300000, 0x0000000086400000|  0%| F|  |TAMS 0x0000000086300000, 0x0000000086300000| Untracked 
| 100|0x0000000086400000, 0x0000000086400000, 0x0000000086500000|  0%| F|  |TAMS 0x0000000086400000, 0x0000000086400000| Untracked 
| 101|0x0000000086500000, 0x0000000086500000, 0x0000000086600000|  0%| F|  |TAMS 0x0000000086500000, 0x0000000086500000| Untracked 
| 102|0x0000000086600000, 0x0000000086600000, 0x0000000086700000|  0%| F|  |TAMS 0x0000000086600000, 0x0000000086600000| Untracked 
| 103|0x0000000086700000, 0x0000000086700000, 0x0000000086800000|  0%| F|  |TAMS 0x0000000086700000, 0x0000000086700000| Untracked 
| 104|0x0000000086800000, 0x0000000086800000, 0x0000000086900000|  0%| F|  |TAMS 0x0000000086800000, 0x0000000086800000| Untracked 
| 105|0x0000000086900000, 0x0000000086900000, 0x0000000086a00000|  0%| F|  |TAMS 0x0000000086900000, 0x0000000086900000| Untracked 
| 106|0x0000000086a00000, 0x0000000086a00000, 0x0000000086b00000|  0%| F|  |TAMS 0x0000000086a00000, 0x0000000086a00000| Untracked 
| 107|0x0000000086b00000, 0x0000000086b00000, 0x0000000086c00000|  0%| F|  |TAMS 0x0000000086b00000, 0x0000000086b00000| Untracked 
| 108|0x0000000086c00000, 0x0000000086c00000, 0x0000000086d00000|  0%| F|  |TAMS 0x0000000086c00000, 0x0000000086c00000| Untracked 
| 109|0x0000000086d00000, 0x0000000086dc3cd8, 0x0000000086e00000| 76%| S|CS|TAMS 0x0000000086d00000, 0x0000000086d00000| Complete 
| 110|0x0000000086e00000, 0x0000000086f00000, 0x0000000086f00000|100%| S|CS|TAMS 0x0000000086e00000, 0x0000000086e00000| Complete 
| 111|0x0000000086f00000, 0x0000000086f00000, 0x0000000087000000|  0%| F|  |TAMS 0x0000000086f00000, 0x0000000086f00000| Untracked 
| 112|0x0000000087000000, 0x0000000087100000, 0x0000000087100000|100%| E|  |TAMS 0x0000000087000000, 0x0000000087000000| Complete 
| 113|0x0000000087100000, 0x0000000087200000, 0x0000000087200000|100%| E|CS|TAMS 0x0000000087100000, 0x0000000087100000| Complete 
| 114|0x0000000087200000, 0x0000000087300000, 0x0000000087300000|100%| E|CS|TAMS 0x0000000087200000, 0x0000000087200000| Complete 
| 115|0x0000000087300000, 0x0000000087400000, 0x0000000087400000|100%| E|CS|TAMS 0x0000000087300000, 0x0000000087300000| Complete 
| 116|0x0000000087400000, 0x0000000087500000, 0x0000000087500000|100%| E|CS|TAMS 0x0000000087400000, 0x0000000087400000| Complete 
| 117|0x0000000087500000, 0x0000000087600000, 0x0000000087600000|100%| E|CS|TAMS 0x0000000087500000, 0x0000000087500000| Complete 
| 118|0x0000000087600000, 0x0000000087700000, 0x0000000087700000|100%| E|CS|TAMS 0x0000000087600000, 0x0000000087600000| Complete 
| 119|0x0000000087700000, 0x0000000087800000, 0x0000000087800000|100%| E|CS|TAMS 0x0000000087700000, 0x0000000087700000| Complete 
| 120|0x0000000087800000, 0x0000000087900000, 0x0000000087900000|100%| E|CS|TAMS 0x0000000087800000, 0x0000000087800000| Complete 
| 121|0x0000000087900000, 0x0000000087a00000, 0x0000000087a00000|100%| E|CS|TAMS 0x0000000087900000, 0x0000000087900000| Complete 
| 122|0x0000000087a00000, 0x0000000087b00000, 0x0000000087b00000|100%| E|CS|TAMS 0x0000000087a00000, 0x0000000087a00000| Complete 
| 123|0x0000000087b00000, 0x0000000087c00000, 0x0000000087c00000|100%| E|CS|TAMS 0x0000000087b00000, 0x0000000087b00000| Complete 
| 124|0x0000000087c00000, 0x0000000087d00000, 0x0000000087d00000|100%| E|CS|TAMS 0x0000000087c00000, 0x0000000087c00000| Complete 
| 125|0x0000000087d00000, 0x0000000087e00000, 0x0000000087e00000|100%| E|CS|TAMS 0x0000000087d00000, 0x0000000087d00000| Complete 
| 126|0x0000000087e00000, 0x0000000087f00000, 0x0000000087f00000|100%| E|CS|TAMS 0x0000000087e00000, 0x0000000087e00000| Complete 
| 127|0x0000000087f00000, 0x0000000088000000, 0x0000000088000000|100%| E|CS|TAMS 0x0000000087f00000, 0x0000000087f00000| Complete 

Card table byte_map: [0x000001e0fbe70000,0x000001e0fc270000] _byte_map_base: 0x000001e0fba70000

Marking Bits (Prev, Next): (CMBitMap*) 0x000001e0f26fe858, (CMBitMap*) 0x000001e0f26fe890
 Prev Bits: [0x000001e0fc670000, 0x000001e0fe670000)
 Next Bits: [0x000001e08f000000, 0x000001e091000000)

Polling page: 0x000001e0f25c0000

Metaspace:

Usage:
  Non-class:     14.76 MB capacity,    14.42 MB ( 98%) used,   290.16 KB (  2%) free+waste,    56.25 KB ( <1%) overhead. 
      Class:      1.94 MB capacity,     1.72 MB ( 89%) used,   194.69 KB ( 10%) free+waste,    29.75 KB (  1%) overhead. 
       Both:     16.70 MB capacity,    16.14 MB ( 97%) used,   484.85 KB (  3%) free+waste,    86.00 KB ( <1%) overhead. 

Virtual space:
  Non-class space:       16.00 MB reserved,      15.00 MB ( 94%) committed 
      Class space:        1.00 GB reserved,       2.00 MB ( <1%) committed 
             Both:        1.02 GB reserved,      17.00 MB (  2%) committed 

Chunk freelists:
   Non-Class:  6.75 KB
       Class:  0 bytes
        Both:  6.75 KB

CodeHeap 'non-profiled nmethods': size=120064Kb used=530Kb max_used=530Kb free=119533Kb
 bounds [0x000001e087ac0000, 0x000001e087d30000, 0x000001e08f000000]
CodeHeap 'profiled nmethods': size=120000Kb used=3143Kb max_used=3143Kb free=116856Kb
 bounds [0x000001e080590000, 0x000001e0808b0000, 0x000001e087ac0000]
CodeHeap 'non-nmethods': size=5696Kb used=1109Kb max_used=1125Kb free=4586Kb
 bounds [0x000001e080000000, 0x000001e080270000, 0x000001e080590000]
 total_blobs=1992 nmethods=1583 adapters=320
 compilation: enabled
              stopped_count=0, restarted_count=0
 full_count=0

Compilation events (10 events):
Event: 3.939 Thread 0x000001e0feadb000 1583       3       java.lang.Class::getAnnotation (22 bytes)
Event: 3.939 Thread 0x000001e0feadb000 nmethod 1583 0x000001e08089f490 code [0x000001e08089f680, 0x000001e08089fac8]
Event: 3.942 Thread 0x000001e0feadb000 1584       1       org.springframework.core.annotation.PackagesAnnotationFilter::hashCode (5 bytes)
Event: 3.942 Thread 0x000001e0feadb000 nmethod 1584 0x000001e087b44490 code [0x000001e087b44620, 0x000001e087b446d8]
Event: 3.942 Thread 0x000001e0feadb000 1585       2       java.lang.reflect.Method::getParameterCount (6 bytes)
Event: 3.942 Thread 0x000001e0feadb000 nmethod 1585 0x000001e08089fc90 code [0x000001e08089fe20, 0x000001e08089ff18]
Event: 3.955 Thread 0x000001e0feadb000 1586       3       java.util.KeyValueHolder::<init> (21 bytes)
Event: 3.955 Thread 0x000001e0feadb000 nmethod 1586 0x000001e0808a0010 code [0x000001e0808a0200, 0x000001e0808a06b8]
Event: 3.955 Thread 0x000001e0feadb000 1587       3       java.util.ImmutableCollections$MapN::probe (60 bytes)
Event: 3.956 Thread 0x000001e0feadb000 nmethod 1587 0x000001e0808a0890 code [0x000001e0808a0a80, 0x000001e0808a1018]

GC Heap History (8 events):
Event: 0.648 GC heap before
{Heap before GC invocations=0 (full 0):
 garbage-first heap   total 131072K, used 7168K [0x0000000080000000, 0x0000000100000000)
  region size 1024K, 7 young (7168K), 0 survivors (0K)
 Metaspace       used 9041K, capacity 9181K, committed 9344K, reserved 1058816K
  class space    used 813K, capacity 876K, committed 896K, reserved 1048576K
}
Event: 0.662 GC heap after
{Heap after GC invocations=1 (full 0):
 garbage-first heap   total 131072K, used 3405K [0x0000000080000000, 0x0000000100000000)
  region size 1024K, 1 young (1024K), 1 survivors (1024K)
 Metaspace       used 9041K, capacity 9181K, committed 9344K, reserved 1058816K
  class space    used 813K, capacity 876K, committed 896K, reserved 1048576K
}
Event: 0.857 GC heap before
{Heap before GC invocations=1 (full 0):
 garbage-first heap   total 131072K, used 8525K [0x0000000080000000, 0x0000000100000000)
  region size 1024K, 6 young (6144K), 1 survivors (1024K)
 Metaspace       used 9895K, capacity 10006K, committed 10240K, reserved 1058816K
  class space    used 912K, capacity 962K, committed 1024K, reserved 1048576K
}
Event: 0.861 GC heap after
{Heap after GC invocations=2 (full 0):
 garbage-first heap   total 131072K, used 7510K [0x0000000080000000, 0x0000000100000000)
  region size 1024K, 1 young (1024K), 1 survivors (1024K)
 Metaspace       used 9895K, capacity 10006K, committed 10240K, reserved 1058816K
  class space    used 912K, capacity 962K, committed 1024K, reserved 1048576K
}
Event: 2.476 GC heap before
{Heap before GC invocations=2 (full 0):
 garbage-first heap   total 131072K, used 17750K [0x0000000080000000, 0x0000000100000000)
  region size 1024K, 11 young (11264K), 1 survivors (1024K)
 Metaspace       used 11791K, capacity 12093K, committed 12288K, reserved 1060864K
  class space    used 1152K, capacity 1261K, committed 1280K, reserved 1048576K
}
Event: 2.482 GC heap after
{Heap after GC invocations=3 (full 0):
 garbage-first heap   total 131072K, used 7633K [0x0000000080000000, 0x0000000100000000)
  region size 1024K, 2 young (2048K), 2 survivors (2048K)
 Metaspace       used 11791K, capacity 12093K, committed 12288K, reserved 1060864K
  class space    used 1152K, capacity 1261K, committed 1280K, reserved 1048576K
}
Event: 3.359 GC heap before
{Heap before GC invocations=3 (full 0):
 garbage-first heap   total 131072K, used 22993K [0x0000000080000000, 0x0000000100000000)
  region size 1024K, 17 young (17408K), 2 survivors (2048K)
 Metaspace       used 14585K, capacity 15031K, committed 15360K, reserved 1062912K
  class space    used 1521K, capacity 1698K, committed 1792K, reserved 1048576K
}
Event: 3.365 GC heap after
{Heap after GC invocations=4 (full 0):
 garbage-first heap   total 131072K, used 8293K [0x0000000080000000, 0x0000000100000000)
  region size 1024K, 2 young (2048K), 2 survivors (2048K)
 Metaspace       used 14585K, capacity 15031K, committed 15360K, reserved 1062912K
  class space    used 1521K, capacity 1698K, committed 1792K, reserved 1048576K
}

Deoptimization events (10 events):
Event: 3.416 Thread 0x000001e0f47b9800 Uncommon trap: reason=class_check action=maybe_recompile pc=0x000001e087ae0ee0 method=java.lang.String.equals(Ljava/lang/Object;)Z @ 8 c2
Event: 3.416 Thread 0x000001e0f47b9800 Uncommon trap: reason=class_check action=maybe_recompile pc=0x000001e087ae0ee0 method=java.lang.String.equals(Ljava/lang/Object;)Z @ 8 c2
Event: 3.421 Thread 0x000001e0f47b9800 Uncommon trap: reason=class_check action=maybe_recompile pc=0x000001e087ae0ee0 method=java.lang.String.equals(Ljava/lang/Object;)Z @ 8 c2
Event: 3.489 Thread 0x000001e0f47b9800 Uncommon trap: reason=bimorphic_or_optimized_type_check action=maybe_recompile pc=0x000001e087b0a9f8 method=java.util.HashMap.getNode(ILjava/lang/Object;)Ljava/util/HashMap$Node; @ 59 c2
Event: 3.522 Thread 0x000001e0f47b9800 Uncommon trap: reason=bimorphic_or_optimized_type_check action=maybe_recompile pc=0x000001e087b0a9f8 method=java.util.HashMap.getNode(ILjava/lang/Object;)Ljava/util/HashMap$Node; @ 59 c2
Event: 3.527 Thread 0x000001e0f47b9800 Uncommon trap: reason=bimorphic_or_optimized_type_check action=maybe_recompile pc=0x000001e087b0a9f8 method=java.util.HashMap.getNode(ILjava/lang/Object;)Ljava/util/HashMap$Node; @ 59 c2
Event: 3.528 Thread 0x000001e0f47b9800 Uncommon trap: reason=bimorphic_or_optimized_type_check action=maybe_recompile pc=0x000001e087b0a9f8 method=java.util.HashMap.getNode(ILjava/lang/Object;)Ljava/util/HashMap$Node; @ 59 c2
Event: 3.689 Thread 0x000001e0f47b9800 Uncommon trap: reason=unstable_if action=reinterpret pc=0x000001e087af1a6c method=java.util.zip.ZipFile$Source.getEntryPos([BZ)I @ 156 c2
Event: 3.689 Thread 0x000001e0f47b9800 Uncommon trap: reason=unstable_if action=reinterpret pc=0x000001e087b1e3f8 method=java.io.WinNTFileSystem.normalize(Ljava/lang/String;)Ljava/lang/String; @ 128 c2
Event: 3.948 Thread 0x000001e0f47b9800 Uncommon trap: reason=unstable_if action=reinterpret pc=0x000001e087b356d8 method=java.util.Properties$LineReader.readLine()I @ 25 c2

Classes redefined (0 events):
No events

Internal exceptions (10 events):
Event: 2.893 Thread 0x000001e0f47b9800 Exception <a 'java/lang/NoSuchMethodError'{0x000000008790f9f0}: java.lang.invoke.DirectMethodHandle$Holder.invokeStaticInit(Ljava/lang/Object;Ljava/lang/Object;)I> (0x000000008790f9f0) thrown at [./open/src/hotspot/share/interpreter/linkResolver.cpp, line
Event: 3.225 Thread 0x000001e0f47b9800 Exception <a 'java/lang/ClassNotFoundException'{0x00000000875f7860}: javax/smartcardio/CardPermission> (0x00000000875f7860) thrown at [./open/src/hotspot/share/classfile/systemDictionary.cpp, line 226]
Event: 3.230 Thread 0x000001e0f47b9800 Exception <a 'java/io/FileNotFoundException'{0x00000000872070a0}> (0x00000000872070a0) thrown at [./open/src/hotspot/share/prims/jni.cpp, line 611]
Event: 3.300 Thread 0x000001e0f47b9800 Exception <a 'java/lang/NoSuchMethodError'{0x000000008717ff58}: org.slf4j.impl.StaticMDCBinder.getSingleton()Lorg/slf4j/impl/StaticMDCBinder;> (0x000000008717ff58) thrown at [./open/src/hotspot/share/interpreter/linkResolver.cpp, line 772]
Event: 3.353 Thread 0x000001e0f47b9800 Exception <a 'java/lang/NoSuchMethodError'{0x0000000086fb5288}: java.lang.invoke.DirectMethodHandle$Holder.invokeStaticInit(Ljava/lang/Object;Ljava/lang/Object;Ljava/lang/Object;)I> (0x0000000086fb5288) thrown at [./open/src/hotspot/share/interpreter/link
Event: 3.410 Thread 0x000001e0f47b9800 Implicit null exception at 0x000001e087b0d3d8 to 0x000001e087b0d46a
Event: 3.419 Thread 0x000001e0f47b9800 Exception <a 'java/lang/NoSuchMethodError'{0x0000000087ea55a8}: java.lang.invoke.DirectMethodHandle$Holder.invokeInterface(Ljava/lang/Object;Ljava/lang/Object;)I> (0x0000000087ea55a8) thrown at [./open/src/hotspot/share/interpreter/linkResolver.cpp, line 
Event: 3.615 Thread 0x000001e0f47b9800 Exception <a 'java/lang/NoSuchMethodError'{0x000000008787bc88}: java.lang.invoke.DirectMethodHandle$Holder.invokeStatic(Ljava/lang/Object;Ljava/lang/Object;Ljava/lang/Object;Ljava/lang/Object;Ljava/lang/Object;)V> (0x000000008787bc88) thrown at [./open/sr
Event: 3.688 Thread 0x000001e0f47b9800 Exception <a 'java/lang/NoSuchMethodError'{0x0000000087565bd0}: java.lang.invoke.DirectMethodHandle$Holder.invokeVirtual(Ljava/lang/Object;Ljava/lang/Object;Ljava/lang/Object;)Ljava/lang/Object;> (0x0000000087565bd0) thrown at [./open/src/hotspot/share/in
Event: 3.958 Thread 0x000001e0f47b9800 Exception <a 'java/lang/NoSuchMethodError'{0x00000000871d4090}: java.lang.invoke.DirectMethodHandle$Holder.invokeVirtual(Ljava/lang/Object;Ljava/lang/Object;Ljava/lang/Object;Ljava/lang/Object;)V> (0x00000000871d4090) thrown at [./open/src/hotspot/share/i

Events (10 events):
Event: 3.962 loading class org/springframework/core/convert/ConverterNotFoundException
Event: 3.962 loading class org/springframework/core/convert/ConverterNotFoundException done
Event: 3.962 loading class org/springframework/core/convert/ConversionException
Event: 3.962 loading class org/springframework/core/convert/ConversionException done
Event: 3.962 loading class org/springframework/boot/context/properties/bind/AggregateBinder
Event: 3.962 loading class org/springframework/boot/context/properties/bind/AggregateBinder done
Event: 4.015 loading class org/springframework/boot/context/properties/bind/MapBinder
Event: 4.015 loading class org/springframework/boot/context/properties/bind/MapBinder done
Event: 4.015 loading class org/springframework/boot/context/properties/bind/CollectionBinder
Event: 4.015 loading class org/springframework/boot/context/properties/bind/CollectionBinder done


Dynamic libraries:
0x00007ff7e9130000 - 0x00007ff7e913f000 	C:\Program Files\Java\jdk-11.0.16\bin\java.exe
0x00007ffeb96d0000 - 0x00007ffeb98c8000 	C:\Windows\SYSTEM32\ntdll.dll
0x00007ffeb7730000 - 0x00007ffeb77ed000 	C:\Windows\System32\KERNEL32.DLL
0x00007ffeb7450000 - 0x00007ffeb7722000 	C:\Windows\System32\KERNELBASE.dll
0x00007ffeb6de0000 - 0x00007ffeb6ee0000 	C:\Windows\System32\ucrtbase.dll
0x00007ffe9dce0000 - 0x00007ffe9dcf8000 	C:\Program Files\Java\jdk-11.0.16\bin\jli.dll
0x00007ffeb8110000 - 0x00007ffeb81be000 	C:\Windows\System32\ADVAPI32.dll
0x00007ffeb84a0000 - 0x00007ffeb853e000 	C:\Windows\System32\msvcrt.dll
0x00007ffeb8010000 - 0x00007ffeb80ac000 	C:\Windows\System32\sechost.dll
0x00007ffeb89e0000 - 0x00007ffeb8b05000 	C:\Windows\System32\RPCRT4.dll
0x00007ffeb7e10000 - 0x00007ffeb7fad000 	C:\Windows\System32\USER32.dll
0x00007ffeb73d0000 - 0x00007ffeb73f2000 	C:\Windows\System32\win32u.dll
0x00007ffeb92f0000 - 0x00007ffeb931b000 	C:\Windows\System32\GDI32.dll
0x00007ffeb6ee0000 - 0x00007ffeb6fef000 	C:\Windows\System32\gdi32full.dll
0x00007ffeb7250000 - 0x00007ffeb72ed000 	C:\Windows\System32\msvcp_win.dll
0x00007ffe9e8b0000 - 0x00007ffe9e8c5000 	C:\Program Files\Java\jdk-11.0.16\bin\VCRUNTIME140.dll
0x00007ffe98c10000 - 0x00007ffe98eaa000 	C:\Windows\WinSxS\amd64_microsoft.windows.common-controls_6595b64144ccf1df_6.0.19041.1110_none_60b5254171f9507e\COMCTL32.dll
0x00007ffeaf180000 - 0x00007ffeaf18a000 	C:\Windows\SYSTEM32\VERSION.dll
0x00007ffeb81c0000 - 0x00007ffeb81f0000 	C:\Windows\System32\IMM32.DLL
0x00007ffe8b820000 - 0x00007ffe8b8bb000 	C:\Program Files\Java\jdk-11.0.16\bin\msvcp140.dll
0x00007ffe5c070000 - 0x00007ffe5cb88000 	C:\Program Files\Java\jdk-11.0.16\bin\server\jvm.dll
0x00007ffeb9320000 - 0x00007ffeb9328000 	C:\Windows\System32\PSAPI.DLL
0x00007ffea1a70000 - 0x00007ffea1a79000 	C:\Windows\SYSTEM32\WSOCK32.dll
0x00007ffeb8420000 - 0x00007ffeb848b000 	C:\Windows\System32\WS2_32.dll
0x00007ffe96c40000 - 0x00007ffe96c67000 	C:\Windows\SYSTEM32\WINMM.dll
0x00007ffeb4c80000 - 0x00007ffeb4c92000 	C:\Windows\SYSTEM32\kernel.appcore.dll
0x00007ffe9e9c0000 - 0x00007ffe9e9d0000 	C:\Program Files\Java\jdk-11.0.16\bin\verify.dll
0x00007ffea5940000 - 0x00007ffea5b24000 	C:\Windows\SYSTEM32\DBGHELP.DLL
0x00007ffea5de0000 - 0x00007ffea5e0c000 	C:\Windows\SYSTEM32\dbgcore.DLL
0x00007ffeb71c0000 - 0x00007ffeb7242000 	C:\Windows\System32\bcryptPrimitives.dll
0x00007ffe95660000 - 0x00007ffe95688000 	C:\Program Files\Java\jdk-11.0.16\bin\java.dll
0x00007ffe9dcd0000 - 0x00007ffe9dcda000 	C:\Program Files\Java\jdk-11.0.16\bin\jimage.dll
0x00007ffe9dc70000 - 0x00007ffe9dc86000 	C:\Program Files\Java\jdk-11.0.16\bin\zip.dll
0x00007ffeb8b10000 - 0x00007ffeb9253000 	C:\Windows\System32\SHELL32.dll
0x00007ffeb4e80000 - 0x00007ffeb5611000 	C:\Windows\SYSTEM32\windows.storage.dll
0x00007ffeb77f0000 - 0x00007ffeb7b44000 	C:\Windows\System32\combase.dll
0x00007ffeb6680000 - 0x00007ffeb66b0000 	C:\Windows\SYSTEM32\Wldp.dll
0x00007ffeb8310000 - 0x00007ffeb83bd000 	C:\Windows\System32\SHCORE.dll
0x00007ffeb7fb0000 - 0x00007ffeb8005000 	C:\Windows\System32\shlwapi.dll
0x00007ffeb6d20000 - 0x00007ffeb6d3f000 	C:\Windows\SYSTEM32\profapi.dll
0x00007ffe9abf0000 - 0x00007ffe9ac09000 	C:\Program Files\Java\jdk-11.0.16\bin\net.dll
0x00007ffeae320000 - 0x00007ffeae42d000 	C:\Windows\SYSTEM32\WINHTTP.dll
0x00007ffeb6460000 - 0x00007ffeb64ca000 	C:\Windows\system32\mswsock.dll
0x00007ffe99ac0000 - 0x00007ffe99ad2000 	C:\Program Files\Java\jdk-11.0.16\bin\nio.dll
0x00007ffe9b260000 - 0x00007ffe9b269000 	C:\Program Files\Java\jdk-11.0.16\bin\management.dll
0x00007ffe9acb0000 - 0x00007ffe9acbb000 	C:\Program Files\Java\jdk-11.0.16\bin\management_ext.dll

dbghelp: loaded successfully - version: 4.0.5 - missing functions: none
symbol engine: initialized successfully - sym options: 0x614 - pdb path: .;C:\Program Files\Java\jdk-11.0.16\bin;C:\Windows\SYSTEM32;C:\Windows\WinSxS\amd64_microsoft.windows.common-controls_6595b64144ccf1df_6.0.19041.1110_none_60b5254171f9507e;C:\Program Files\Java\jdk-11.0.16\bin\server

VM Arguments:
java_command: C:\Users\sfjbs\AppData\Local\Temp\surefire9336371760815741449\surefirebooter30141982703856342.jar C:\Users\sfjbs\AppData\Local\Temp\surefire9336371760815741449 2022-11-01T10-05-16_471-jvmRun1 surefire9026046235070309509tmp surefire_017623446750995752980tmp
java_class_path (initial): C:\Users\sfjbs\AppData\Local\Temp\surefire9336371760815741449\surefirebooter30141982703856342.jar
Launcher Type: SUN_STANDARD

[Global flags]
     intx CICompilerCount                          = 2                                         {product} {ergonomic}
     uint ConcGCThreads                            = 1                                         {product} {ergonomic}
     uint G1ConcRefinementThreads                  = 2                                         {product} {ergonomic}
   size_t G1HeapRegionSize                         = 1048576                                   {product} {ergonomic}
    uintx GCDrainStackTargetSize                   = 64                                        {product} {ergonomic}
   size_t InitialHeapSize                          = 134217728                                 {product} {ergonomic}
   size_t MarkStackSize                            = 4194304                                   {product} {ergonomic}
   size_t MaxHeapSize                              = 2147483648                                {product} {ergonomic}
   size_t MaxNewSize                               = 1287651328                                {product} {ergonomic}
   size_t MinHeapDeltaBytes                        = 1048576                                   {product} {ergonomic}
    uintx NonNMethodCodeHeapSize                   = 5825164                                {pd product} {ergonomic}
    uintx NonProfiledCodeHeapSize                  = 122916538                              {pd product} {ergonomic}
    uintx ProfiledCodeHeapSize                     = 122916538                              {pd product} {ergonomic}
    uintx ReservedCodeCacheSize                    = 251658240                              {pd product} {ergonomic}
     bool SegmentedCodeCache                       = true                                      {product} {ergonomic}
     bool UseCompressedClassPointers               = true                                 {lp64_product} {ergonomic}
     bool UseCompressedOops                        = true                                 {lp64_product} {ergonomic}
     bool UseG1GC                                  = true                                      {product} {ergonomic}
     bool UseLargePagesIndividualAllocation        = false                                  {pd product} {ergonomic}

Logging:
Log output configuration:
 #0: stdout all=warning uptime,level,tags
 #1: stderr all=off uptime,level,tags

Environment Variables:
PATH=C:\Program Files\Common Files\Oracle\Java\javapath;C:\Windows\system32;C:\Windows;C:\Windows\System32\Wbem;C:\Windows\System32\WindowsPowerShell\v1.0\;C:\Windows\System32\OpenSSH\;C:\Users\sfjbs\Downloads\micro service-20221001T123314Z-001\micro service\apache-maven-3.8.5-bin\apache-maven-3.8.5\bin;C:\Users\sfjbs\Downloads\micro service-20221001T123314Z-001\micro service\apache-maven-3.8.5-bin\apache-maven-3.8.5\lib;C:\Program Files\Docker\Docker\resources\bin;C:\ProgramData\DockerDesktop\version-bin;C:\Program Files\Git\cmd;C:\Users\sfjbs\AppData\Local\Microsoft\WindowsApps;C:\Users\sfjbs\Downloads\micro service-20221001T123314Z-001\micro service\apache-maven-3.8.5-bin\apache-maven-3.8.5\bin;C:\Users\sfjbs\Downloads\micro service-20221001T123314Z-001\micro service\apache-maven-3.8.5-bin\apache-maven-3.8.5\lib;;C:\Program Files\JetBrains\IntelliJ IDEA Community Edition 2022.2.1\bin;
USERNAME=sfjbs
OS=Windows_NT
PROCESSOR_IDENTIFIER=Intel64 Family 6 Model 85 Stepping 7, GenuineIntel



---------------  S Y S T E M  ---------------

OS: Windows 10 , 64 bit Build 19041 (10.0.19041.1889)
Hyper-V role detected

CPU:total 2 (initial active 2) (1 cores per cpu, 2 threads per core) family 6 model 85 stepping 7 microcode 0xffffffff, cmov, cx8, fxsr, mmx, sse, sse2, sse3, ssse3, sse4.1, sse4.2, popcnt, avx, avx2, aes, clmul, erms, rtm, 3dnowpref, lzcnt, ht, tsc, bmi1, bmi2, adx, evex, fma

Memory: 4k page, system-wide physical 8190M (374M free)
TotalPageFile size 10238M (AvailPageFile size 4M)
current process WorkingSet (physical memory assigned to process): 95M, peak: 95M
current process commit charge ("private bytes"): 229M, peak: 229M

vm_info: Java HotSpot(TM) 64-Bit Server VM (11.0.16+11-LTS-199) for windows-amd64 JRE (11.0.16+11-LTS-199), built on Jun 28 2022 08:23:17 by "mach5one" with MS VC++ 15.9 (VS2017)

END.
