#
# There is insufficient memory for the Java Runtime Environment to continue.
# Native memory allocation (malloc) failed to allocate 666416 bytes for Chunk::new
# Possible reasons:
#   The system is out of physical RAM or swap space
#   The process is running with CompressedOops enabled, and the Java Heap may be blocking the growth of the native heap
# Possible solutions:
#   Reduce memory load on the system
#   Increase physical memory or swap space
#   Check if swap backing store is full
#   Decrease Java heap size (-Xmx/-Xms)
#   Decrease number of Java threads
#   Decrease Java thread stack sizes (-Xss)
#   Set larger code cache with -XX:ReservedCodeCacheSize=
#   JVM is running with Unscaled Compressed Oops mode in which the Java heap is
#     placed in the first 4GB address space. The Java Heap base address is the
#     maximum limit for the native heap growth. Please use -XX:HeapBaseMinAddress
#     to set the Java Heap base and to place the Java Heap above 4GB virtual address.
# This output file may be truncated or incomplete.
#
#  Out of Memory Error (./open/src/hotspot/share/memory/arena.cpp:197), pid=21580, tid=20696
#
# JRE version: Java(TM) SE Runtime Environment 18.9 (11.0.16+11) (build 11.0.16+11-LTS-199)
# Java VM: Java HotSpot(TM) 64-Bit Server VM 18.9 (11.0.16+11-LTS-199, mixed mode, tiered, compressed oops, g1 gc, windows-amd64)
# No core dump will be written. Minidumps are not enabled by default on client versions of Windows
#

---------------  S U M M A R Y ------------

Command Line: C:\Users\sfjbs\AppData\Local\Temp\surefire16602361586737672801\surefirebooter13764698410755947557.jar C:\Users\sfjbs\AppData\Local\Temp\surefire16602361586737672801 2022-10-31T05-20-01_286-jvmRun1 surefire9799449036816764687tmp surefire_09945379070673019362tmp

Host: Intel(R) Xeon(R) Platinum 8272CL CPU @ 2.60GHz, 2 cores, 7G,  Windows 10 , 64 bit Build 19041 (10.0.19041.1889)
Time: Mon Oct 31 05:20:18 2022 Coordinated Universal Time elapsed time: 15.055464 seconds (0d 0h 0m 15s)

---------------  T H R E A D  ---------------

Current thread (0x000001e9a00d1000):  JavaThread "C2 CompilerThread0" daemon [_thread_in_native, id=20696, stack(0x00000063a5900000,0x00000063a5a00000)]


Current CompileTask:
C2:  15055 4269       4       java.util.jar.JarFile::getEntry (22 bytes)

Stack: [0x00000063a5900000,0x00000063a5a00000]
Native frames: (J=compiled Java code, j=interpreted, Vv=VM code, C=native code)
V  [jvm.dll+0x62a3ea]
V  [jvm.dll+0x76418f]
V  [jvm.dll+0x765839]
V  [jvm.dll+0x765ec3]
V  [jvm.dll+0x23da98]
V  [jvm.dll+0xb2a1c]
V  [jvm.dll+0xb2fdc]
V  [jvm.dll+0x341487]
V  [jvm.dll+0x30ec83]
V  [jvm.dll+0x30dfca]
V  [jvm.dll+0x1f84a5]
V  [jvm.dll+0x1f768d]
V  [jvm.dll+0x177c81]
V  [jvm.dll+0x207006]
V  [jvm.dll+0x20519b]
V  [jvm.dll+0x729fa0]
V  [jvm.dll+0x722b74]
V  [jvm.dll+0x629286]
C  [ucrtbase.dll+0x21bb2]
C  [KERNEL32.DLL+0x17034]
C  [ntdll.dll+0x526a1]


---------------  P R O C E S S  ---------------

Threads class SMR info:
_java_thread_list=0x000001e9a198cc10, length=14, elements={
0x000001e982de9800, 0x000001e9a00bc000, 0x000001e9a00bd800, 0x000001e9a00b9000,
0x000001e9a00cc000, 0x000001e9a00cf000, 0x000001e9a00d1000, 0x000001e9a00d5800,
0x000001e9a0a98800, 0x000001e9a0bd5000, 0x000001e9a0dad800, 0x000001e9a31af000,
0x000001e9a37e4800, 0x000001e9a349d800
}

Java Threads: ( => current thread )
  0x000001e982de9800 JavaThread "main" [_thread_in_vm, id=20420, stack(0x00000063a4d00000,0x00000063a4e00000)]
  0x000001e9a00bc000 JavaThread "Reference Handler" daemon [_thread_blocked, id=22224, stack(0x00000063a5400000,0x00000063a5500000)]
  0x000001e9a00bd800 JavaThread "Finalizer" daemon [_thread_blocked, id=22188, stack(0x00000063a5500000,0x00000063a5600000)]
  0x000001e9a00b9000 JavaThread "Signal Dispatcher" daemon [_thread_blocked, id=20788, stack(0x00000063a5600000,0x00000063a5700000)]
  0x000001e9a00cc000 JavaThread "Attach Listener" daemon [_thread_blocked, id=22276, stack(0x00000063a5700000,0x00000063a5800000)]
  0x000001e9a00cf000 JavaThread "Service Thread" daemon [_thread_blocked, id=22192, stack(0x00000063a5800000,0x00000063a5900000)]
=>0x000001e9a00d1000 JavaThread "C2 CompilerThread0" daemon [_thread_in_native, id=20696, stack(0x00000063a5900000,0x00000063a5a00000)]
  0x000001e9a00d5800 JavaThread "C1 CompilerThread0" daemon [_thread_blocked, id=20884, stack(0x00000063a5a00000,0x00000063a5b00000)]
  0x000001e9a0a98800 JavaThread "Sweeper thread" daemon [_thread_blocked, id=15396, stack(0x00000063a5b00000,0x00000063a5c00000)]
  0x000001e9a0bd5000 JavaThread "Common-Cleaner" daemon [_thread_blocked, id=21716, stack(0x00000063a5d00000,0x00000063a5e00000)]
  0x000001e9a0dad800 JavaThread "surefire-forkedjvm-ping-30s" daemon [_thread_in_native, id=19948, stack(0x00000063a5f00000,0x00000063a6000000)]
  0x000001e9a31af000 JavaThread "mysql-cj-abandoned-connection-cleanup" daemon [_thread_blocked, id=19876, stack(0x00000063a5e00000,0x00000063a5f00000)]
  0x000001e9a37e4800 JavaThread "HikariPool-1 housekeeper" daemon [_thread_blocked, id=11356, stack(0x00000063a6300000,0x00000063a6400000)]
  0x000001e9a349d800 JavaThread "HikariPool-1 connection adder" daemon [_thread_in_native, id=19920, stack(0x00000063a6400000,0x00000063a6500000)]

Other Threads:
  0x000001e9a00a7800 VMThread "VM Thread" [stack: 0x00000063a5300000,0x00000063a5400000] [id=21820]
  0x000001e9a0bd3000 WatcherThread [stack: 0x00000063a5c00000,0x00000063a5d00000] [id=22408]
  0x000001e982dfd800 GCTaskThread "GC Thread#0" [stack: 0x00000063a4e00000,0x00000063a4f00000] [id=20668]
  0x000001e9a0eeb800 GCTaskThread "GC Thread#1" [stack: 0x00000063a6000000,0x00000063a6100000] [id=20756]
  0x000001e982e29000 ConcurrentGCThread "G1 Main Marker" [stack: 0x00000063a4f00000,0x00000063a5000000] [id=21860]
  0x000001e982e2b800 ConcurrentGCThread "G1 Conc#0" [stack: 0x00000063a5000000,0x00000063a5100000] [id=22212]
  0x000001e982eb1000 ConcurrentGCThread "G1 Refine#0" [stack: 0x00000063a5100000,0x00000063a5200000] [id=22256]
  0x000001e9a0d09000 ConcurrentGCThread "G1 Refine#1" [stack: 0x00000063a6100000,0x00000063a6200000] [id=19128]
  0x000001e982eb3000 ConcurrentGCThread "G1 Young RemSet Sampling" [stack: 0x00000063a5200000,0x00000063a5300000] [id=21596]

Threads with active compile tasks:
C2 CompilerThread0    15072 4269       4       java.util.jar.JarFile::getEntry (22 bytes)

VM state:not at safepoint (normal execution)

VM Mutex/Monitor currently owned by a thread: None

Heap address: 0x0000000080000000, size: 2048 MB, Compressed Oops mode: 32-bit
Narrow klass base: 0x0000000000000000, Narrow klass shift: 3
Compressed class space size: 1073741824 Address: 0x0000000100000000

Heap:
 garbage-first heap   total 158720K, used 91221K [0x0000000080000000, 0x0000000100000000)
  region size 1024K, 79 young (80896K), 6 survivors (6144K)
 Metaspace       used 55951K, capacity 57381K, committed 57392K, reserved 1099776K
  class space    used 7189K, capacity 7799K, committed 7808K, reserved 1048576K
Heap Regions: E=young(eden), S=young(survivor), O=old, HS=humongous(starts), HC=humongous(continues), CS=collection set, F=free, A=archive, TAMS=top-at-mark-start (previous, next)
|   0|0x0000000080000000, 0x0000000080100000, 0x0000000080100000|100%| O|  |TAMS 0x0000000080100000, 0x0000000080000000| Untracked 
|   1|0x0000000080100000, 0x0000000080200000, 0x0000000080200000|100%| O|  |TAMS 0x0000000080200000, 0x0000000080100000| Untracked 
|   2|0x0000000080200000, 0x0000000080300000, 0x0000000080300000|100%| O|  |TAMS 0x0000000080300000, 0x0000000080200000| Untracked 
|   3|0x0000000080300000, 0x0000000080400000, 0x0000000080400000|100%|HS|  |TAMS 0x0000000080400000, 0x0000000080300000| Complete 
|   4|0x0000000080400000, 0x0000000080500000, 0x0000000080500000|100%| O|  |TAMS 0x0000000080500000, 0x0000000080400000| Untracked 
|   5|0x0000000080500000, 0x0000000080600000, 0x0000000080600000|100%| O|  |TAMS 0x0000000080600000, 0x0000000080500000| Untracked 
|   6|0x0000000080600000, 0x0000000080700000, 0x0000000080700000|100%| O|  |TAMS 0x0000000080700000, 0x0000000080600000| Untracked 
|   7|0x0000000080700000, 0x0000000080800000, 0x0000000080800000|100%| O|  |TAMS 0x0000000080800000, 0x0000000080700000| Untracked 
|   8|0x0000000080800000, 0x0000000080900000, 0x0000000080900000|100%| O|  |TAMS 0x0000000080900000, 0x0000000080800000| Untracked 
|   9|0x0000000080900000, 0x0000000080a00000, 0x0000000080a00000|100%| O|  |TAMS 0x000000008098de00, 0x0000000080900000| Untracked 
|  10|0x0000000080a00000, 0x0000000080b00000, 0x0000000080b00000|100%| O|  |TAMS 0x0000000080a00000, 0x0000000080a00000| Untracked 
|  11|0x0000000080b00000, 0x0000000080b15600, 0x0000000080c00000|  8%| O|  |TAMS 0x0000000080b00000, 0x0000000080b00000| Untracked 
|  12|0x0000000080c00000, 0x0000000080c00000, 0x0000000080d00000|  0%| F|  |TAMS 0x0000000080c00000, 0x0000000080c00000| Untracked 
|  13|0x0000000080d00000, 0x0000000080d00000, 0x0000000080e00000|  0%| F|  |TAMS 0x0000000080d00000, 0x0000000080d00000| Untracked 
|  14|0x0000000080e00000, 0x0000000080e00000, 0x0000000080f00000|  0%| F|  |TAMS 0x0000000080e00000, 0x0000000080e00000| Untracked 
|  15|0x0000000080f00000, 0x0000000080f00000, 0x0000000081000000|  0%| F|  |TAMS 0x0000000080f00000, 0x0000000080f00000| Untracked 
|  16|0x0000000081000000, 0x0000000081000000, 0x0000000081100000|  0%| F|  |TAMS 0x0000000081000000, 0x0000000081000000| Untracked 
|  17|0x0000000081100000, 0x0000000081100000, 0x0000000081200000|  0%| F|  |TAMS 0x0000000081100000, 0x0000000081100000| Untracked 
|  18|0x0000000081200000, 0x0000000081200000, 0x0000000081300000|  0%| F|  |TAMS 0x0000000081200000, 0x0000000081200000| Untracked 
|  19|0x0000000081300000, 0x0000000081300000, 0x0000000081400000|  0%| F|  |TAMS 0x0000000081300000, 0x0000000081300000| Untracked 
|  20|0x0000000081400000, 0x0000000081400000, 0x0000000081500000|  0%| F|  |TAMS 0x0000000081400000, 0x0000000081400000| Untracked 
|  21|0x0000000081500000, 0x0000000081500000, 0x0000000081600000|  0%| F|  |TAMS 0x0000000081500000, 0x0000000081500000| Untracked 
|  22|0x0000000081600000, 0x0000000081600000, 0x0000000081700000|  0%| F|  |TAMS 0x0000000081600000, 0x0000000081600000| Untracked 
|  23|0x0000000081700000, 0x0000000081700000, 0x0000000081800000|  0%| F|  |TAMS 0x0000000081700000, 0x0000000081700000| Untracked 
|  24|0x0000000081800000, 0x0000000081800000, 0x0000000081900000|  0%| F|  |TAMS 0x0000000081800000, 0x0000000081800000| Untracked 
|  25|0x0000000081900000, 0x0000000081900000, 0x0000000081a00000|  0%| F|  |TAMS 0x0000000081900000, 0x0000000081900000| Untracked 
|  26|0x0000000081a00000, 0x0000000081a00000, 0x0000000081b00000|  0%| F|  |TAMS 0x0000000081a00000, 0x0000000081a00000| Untracked 
|  27|0x0000000081b00000, 0x0000000081b00000, 0x0000000081c00000|  0%| F|  |TAMS 0x0000000081b00000, 0x0000000081b00000| Untracked 
|  28|0x0000000081c00000, 0x0000000081c00000, 0x0000000081d00000|  0%| F|  |TAMS 0x0000000081c00000, 0x0000000081c00000| Untracked 
|  29|0x0000000081d00000, 0x0000000081d00000, 0x0000000081e00000|  0%| F|  |TAMS 0x0000000081d00000, 0x0000000081d00000| Untracked 
|  30|0x0000000081e00000, 0x0000000081e00000, 0x0000000081f00000|  0%| F|  |TAMS 0x0000000081e00000, 0x0000000081e00000| Untracked 
|  31|0x0000000081f00000, 0x0000000081f00000, 0x0000000082000000|  0%| F|  |TAMS 0x0000000081f00000, 0x0000000081f00000| Untracked 
|  32|0x0000000082000000, 0x0000000082000000, 0x0000000082100000|  0%| F|  |TAMS 0x0000000082000000, 0x0000000082000000| Untracked 
|  33|0x0000000082100000, 0x0000000082100000, 0x0000000082200000|  0%| F|  |TAMS 0x0000000082100000, 0x0000000082100000| Untracked 
|  34|0x0000000082200000, 0x0000000082200000, 0x0000000082300000|  0%| F|  |TAMS 0x0000000082200000, 0x0000000082200000| Untracked 
|  35|0x0000000082300000, 0x0000000082300000, 0x0000000082400000|  0%| F|  |TAMS 0x0000000082300000, 0x0000000082300000| Untracked 
|  36|0x0000000082400000, 0x0000000082400000, 0x0000000082500000|  0%| F|  |TAMS 0x0000000082400000, 0x0000000082400000| Untracked 
|  37|0x0000000082500000, 0x0000000082500000, 0x0000000082600000|  0%| F|  |TAMS 0x0000000082500000, 0x0000000082500000| Untracked 
|  38|0x0000000082600000, 0x0000000082600000, 0x0000000082700000|  0%| F|  |TAMS 0x0000000082600000, 0x0000000082600000| Untracked 
|  39|0x0000000082700000, 0x0000000082700000, 0x0000000082800000|  0%| F|  |TAMS 0x0000000082700000, 0x0000000082700000| Untracked 
|  40|0x0000000082800000, 0x0000000082800000, 0x0000000082900000|  0%| F|  |TAMS 0x0000000082800000, 0x0000000082800000| Untracked 
|  41|0x0000000082900000, 0x0000000082900000, 0x0000000082a00000|  0%| F|  |TAMS 0x0000000082900000, 0x0000000082900000| Untracked 
|  42|0x0000000082a00000, 0x0000000082a00000, 0x0000000082b00000|  0%| F|  |TAMS 0x0000000082a00000, 0x0000000082a00000| Untracked 
|  43|0x0000000082b00000, 0x0000000082b00000, 0x0000000082c00000|  0%| F|  |TAMS 0x0000000082b00000, 0x0000000082b00000| Untracked 
|  44|0x0000000082c00000, 0x0000000082c00000, 0x0000000082d00000|  0%| F|  |TAMS 0x0000000082c00000, 0x0000000082c00000| Untracked 
|  45|0x0000000082d00000, 0x0000000082d00000, 0x0000000082e00000|  0%| F|  |TAMS 0x0000000082d00000, 0x0000000082d00000| Untracked 
|  46|0x0000000082e00000, 0x0000000082e00000, 0x0000000082f00000|  0%| F|  |TAMS 0x0000000082e00000, 0x0000000082e00000| Untracked 
|  47|0x0000000082f00000, 0x0000000082f00000, 0x0000000083000000|  0%| F|  |TAMS 0x0000000082f00000, 0x0000000082f00000| Untracked 
|  48|0x0000000083000000, 0x0000000083000000, 0x0000000083100000|  0%| F|  |TAMS 0x0000000083000000, 0x0000000083000000| Untracked 
|  49|0x0000000083100000, 0x0000000083100000, 0x0000000083200000|  0%| F|  |TAMS 0x0000000083100000, 0x0000000083100000| Untracked 
|  50|0x0000000083200000, 0x0000000083200000, 0x0000000083300000|  0%| F|  |TAMS 0x0000000083200000, 0x0000000083200000| Untracked 
|  51|0x0000000083300000, 0x0000000083300000, 0x0000000083400000|  0%| F|  |TAMS 0x0000000083300000, 0x0000000083300000| Untracked 
|  52|0x0000000083400000, 0x0000000083400000, 0x0000000083500000|  0%| F|  |TAMS 0x0000000083400000, 0x0000000083400000| Untracked 
|  53|0x0000000083500000, 0x0000000083500000, 0x0000000083600000|  0%| F|  |TAMS 0x0000000083500000, 0x0000000083500000| Untracked 
|  54|0x0000000083600000, 0x0000000083600000, 0x0000000083700000|  0%| F|  |TAMS 0x0000000083600000, 0x0000000083600000| Untracked 
|  55|0x0000000083700000, 0x0000000083700000, 0x0000000083800000|  0%| F|  |TAMS 0x0000000083700000, 0x0000000083700000| Untracked 
|  56|0x0000000083800000, 0x0000000083800000, 0x0000000083900000|  0%| F|  |TAMS 0x0000000083800000, 0x0000000083800000| Untracked 
|  57|0x0000000083900000, 0x0000000083900000, 0x0000000083a00000|  0%| F|  |TAMS 0x0000000083900000, 0x0000000083900000| Untracked 
|  58|0x0000000083a00000, 0x0000000083a00000, 0x0000000083b00000|  0%| F|  |TAMS 0x0000000083a00000, 0x0000000083a00000| Untracked 
|  59|0x0000000083b00000, 0x0000000083b00000, 0x0000000083c00000|  0%| F|  |TAMS 0x0000000083b00000, 0x0000000083b00000| Untracked 
|  60|0x0000000083c00000, 0x0000000083c00000, 0x0000000083d00000|  0%| F|  |TAMS 0x0000000083c00000, 0x0000000083c00000| Untracked 
|  61|0x0000000083d00000, 0x0000000083d00000, 0x0000000083e00000|  0%| F|  |TAMS 0x0000000083d00000, 0x0000000083d00000| Untracked 
|  62|0x0000000083e00000, 0x0000000083e00000, 0x0000000083f00000|  0%| F|  |TAMS 0x0000000083e00000, 0x0000000083e00000| Untracked 
|  63|0x0000000083f00000, 0x0000000083f00000, 0x0000000084000000|  0%| F|  |TAMS 0x0000000083f00000, 0x0000000083f00000| Untracked 
|  64|0x0000000084000000, 0x0000000084000000, 0x0000000084100000|  0%| F|  |TAMS 0x0000000084000000, 0x0000000084000000| Untracked 
|  65|0x0000000084100000, 0x0000000084100000, 0x0000000084200000|  0%| F|  |TAMS 0x0000000084100000, 0x0000000084100000| Untracked 
|  66|0x0000000084200000, 0x0000000084200000, 0x0000000084300000|  0%| F|  |TAMS 0x0000000084200000, 0x0000000084200000| Untracked 
|  67|0x0000000084300000, 0x0000000084300000, 0x0000000084400000|  0%| F|  |TAMS 0x0000000084300000, 0x0000000084300000| Untracked 
|  68|0x0000000084400000, 0x0000000084400000, 0x0000000084500000|  0%| F|  |TAMS 0x0000000084400000, 0x0000000084400000| Untracked 
|  69|0x0000000084500000, 0x0000000084500000, 0x0000000084600000|  0%| F|  |TAMS 0x0000000084500000, 0x0000000084500000| Untracked 
|  70|0x0000000084600000, 0x0000000084600000, 0x0000000084700000|  0%| F|  |TAMS 0x0000000084600000, 0x0000000084600000| Untracked 
|  71|0x0000000084700000, 0x0000000084700000, 0x0000000084800000|  0%| F|  |TAMS 0x0000000084700000, 0x0000000084700000| Untracked 
|  72|0x0000000084800000, 0x0000000084800000, 0x0000000084900000|  0%| F|  |TAMS 0x0000000084800000, 0x0000000084800000| Untracked 
|  73|0x0000000084900000, 0x0000000084900000, 0x0000000084a00000|  0%| F|  |TAMS 0x0000000084900000, 0x0000000084900000| Untracked 
|  74|0x0000000084a00000, 0x0000000084a00000, 0x0000000084b00000|  0%| F|  |TAMS 0x0000000084a00000, 0x0000000084a00000| Untracked 
|  75|0x0000000084b00000, 0x0000000084b00000, 0x0000000084c00000|  0%| F|  |TAMS 0x0000000084b00000, 0x0000000084b00000| Untracked 
|  76|0x0000000084c00000, 0x0000000084d00000, 0x0000000084d00000|100%| E|  |TAMS 0x0000000084c00000, 0x0000000084c00000| Complete 
|  77|0x0000000084d00000, 0x0000000084e00000, 0x0000000084e00000|100%| E|CS|TAMS 0x0000000084d00000, 0x0000000084d00000| Complete 
|  78|0x0000000084e00000, 0x0000000084f00000, 0x0000000084f00000|100%| E|CS|TAMS 0x0000000084e00000, 0x0000000084e00000| Complete 
|  79|0x0000000084f00000, 0x0000000085000000, 0x0000000085000000|100%| E|CS|TAMS 0x0000000084f00000, 0x0000000084f00000| Complete 
|  80|0x0000000085000000, 0x0000000085100000, 0x0000000085100000|100%| E|CS|TAMS 0x0000000085000000, 0x0000000085000000| Complete 
|  81|0x0000000085100000, 0x0000000085200000, 0x0000000085200000|100%| S|CS|TAMS 0x0000000085100000, 0x0000000085100000| Complete 
|  82|0x0000000085200000, 0x0000000085300000, 0x0000000085300000|100%| S|CS|TAMS 0x0000000085200000, 0x0000000085200000| Complete 
|  83|0x0000000085300000, 0x0000000085400000, 0x0000000085400000|100%| S|CS|TAMS 0x0000000085300000, 0x0000000085300000| Complete 
|  84|0x0000000085400000, 0x0000000085500000, 0x0000000085500000|100%| S|CS|TAMS 0x0000000085400000, 0x0000000085400000| Complete 
|  85|0x0000000085500000, 0x0000000085600000, 0x0000000085600000|100%| S|CS|TAMS 0x0000000085500000, 0x0000000085500000| Complete 
|  86|0x0000000085600000, 0x0000000085700000, 0x0000000085700000|100%| S|CS|TAMS 0x0000000085600000, 0x0000000085600000| Complete 
|  87|0x0000000085700000, 0x0000000085800000, 0x0000000085800000|100%| E|CS|TAMS 0x0000000085700000, 0x0000000085700000| Complete 
|  88|0x0000000085800000, 0x0000000085900000, 0x0000000085900000|100%| E|CS|TAMS 0x0000000085800000, 0x0000000085800000| Complete 
|  89|0x0000000085900000, 0x0000000085a00000, 0x0000000085a00000|100%| E|CS|TAMS 0x0000000085900000, 0x0000000085900000| Complete 
|  90|0x0000000085a00000, 0x0000000085b00000, 0x0000000085b00000|100%| E|CS|TAMS 0x0000000085a00000, 0x0000000085a00000| Complete 
|  91|0x0000000085b00000, 0x0000000085c00000, 0x0000000085c00000|100%| E|CS|TAMS 0x0000000085b00000, 0x0000000085b00000| Complete 
|  92|0x0000000085c00000, 0x0000000085d00000, 0x0000000085d00000|100%| E|CS|TAMS 0x0000000085c00000, 0x0000000085c00000| Complete 
|  93|0x0000000085d00000, 0x0000000085e00000, 0x0000000085e00000|100%| E|CS|TAMS 0x0000000085d00000, 0x0000000085d00000| Complete 
|  94|0x0000000085e00000, 0x0000000085f00000, 0x0000000085f00000|100%| E|CS|TAMS 0x0000000085e00000, 0x0000000085e00000| Complete 
|  95|0x0000000085f00000, 0x0000000086000000, 0x0000000086000000|100%| E|CS|TAMS 0x0000000085f00000, 0x0000000085f00000| Complete 
|  96|0x0000000086000000, 0x0000000086100000, 0x0000000086100000|100%| E|CS|TAMS 0x0000000086000000, 0x0000000086000000| Complete 
|  97|0x0000000086100000, 0x0000000086200000, 0x0000000086200000|100%| E|CS|TAMS 0x0000000086100000, 0x0000000086100000| Complete 
|  98|0x0000000086200000, 0x0000000086300000, 0x0000000086300000|100%| E|CS|TAMS 0x0000000086200000, 0x0000000086200000| Complete 
|  99|0x0000000086300000, 0x0000000086400000, 0x0000000086400000|100%| E|CS|TAMS 0x0000000086300000, 0x0000000086300000| Complete 
| 100|0x0000000086400000, 0x0000000086500000, 0x0000000086500000|100%| E|CS|TAMS 0x0000000086400000, 0x0000000086400000| Complete 
| 101|0x0000000086500000, 0x0000000086600000, 0x0000000086600000|100%| E|CS|TAMS 0x0000000086500000, 0x0000000086500000| Complete 
| 102|0x0000000086600000, 0x0000000086700000, 0x0000000086700000|100%| E|CS|TAMS 0x0000000086600000, 0x0000000086600000| Complete 
| 103|0x0000000086700000, 0x0000000086800000, 0x0000000086800000|100%| E|CS|TAMS 0x0000000086700000, 0x0000000086700000| Complete 
| 104|0x0000000086800000, 0x0000000086900000, 0x0000000086900000|100%| E|CS|TAMS 0x0000000086800000, 0x0000000086800000| Complete 
| 105|0x0000000086900000, 0x0000000086a00000, 0x0000000086a00000|100%| E|CS|TAMS 0x0000000086900000, 0x0000000086900000| Complete 
| 106|0x0000000086a00000, 0x0000000086b00000, 0x0000000086b00000|100%| E|CS|TAMS 0x0000000086a00000, 0x0000000086a00000| Complete 
| 107|0x0000000086b00000, 0x0000000086c00000, 0x0000000086c00000|100%| E|CS|TAMS 0x0000000086b00000, 0x0000000086b00000| Complete 
| 108|0x0000000086c00000, 0x0000000086d00000, 0x0000000086d00000|100%| E|CS|TAMS 0x0000000086c00000, 0x0000000086c00000| Complete 
| 109|0x0000000086d00000, 0x0000000086e00000, 0x0000000086e00000|100%| E|CS|TAMS 0x0000000086d00000, 0x0000000086d00000| Complete 
| 110|0x0000000086e00000, 0x0000000086f00000, 0x0000000086f00000|100%| E|CS|TAMS 0x0000000086e00000, 0x0000000086e00000| Complete 
| 111|0x0000000086f00000, 0x0000000087000000, 0x0000000087000000|100%| E|CS|TAMS 0x0000000086f00000, 0x0000000086f00000| Complete 
| 112|0x0000000087000000, 0x0000000087100000, 0x0000000087100000|100%| E|CS|TAMS 0x0000000087000000, 0x0000000087000000| Complete 
| 113|0x0000000087100000, 0x0000000087200000, 0x0000000087200000|100%| E|CS|TAMS 0x0000000087100000, 0x0000000087100000| Complete 
| 114|0x0000000087200000, 0x0000000087300000, 0x0000000087300000|100%| E|CS|TAMS 0x0000000087200000, 0x0000000087200000| Complete 
| 115|0x0000000087300000, 0x0000000087400000, 0x0000000087400000|100%| E|CS|TAMS 0x0000000087300000, 0x0000000087300000| Complete 
| 116|0x0000000087400000, 0x0000000087500000, 0x0000000087500000|100%| E|CS|TAMS 0x0000000087400000, 0x0000000087400000| Complete 
| 117|0x0000000087500000, 0x0000000087600000, 0x0000000087600000|100%| E|CS|TAMS 0x0000000087500000, 0x0000000087500000| Complete 
| 118|0x0000000087600000, 0x0000000087700000, 0x0000000087700000|100%| E|CS|TAMS 0x0000000087600000, 0x0000000087600000| Complete 
| 119|0x0000000087700000, 0x0000000087800000, 0x0000000087800000|100%| E|CS|TAMS 0x0000000087700000, 0x0000000087700000| Complete 
| 120|0x0000000087800000, 0x0000000087900000, 0x0000000087900000|100%| E|CS|TAMS 0x0000000087800000, 0x0000000087800000| Complete 
| 121|0x0000000087900000, 0x0000000087a00000, 0x0000000087a00000|100%| E|CS|TAMS 0x0000000087900000, 0x0000000087900000| Complete 
| 122|0x0000000087a00000, 0x0000000087b00000, 0x0000000087b00000|100%| E|CS|TAMS 0x0000000087a00000, 0x0000000087a00000| Complete 
| 123|0x0000000087b00000, 0x0000000087c00000, 0x0000000087c00000|100%| E|CS|TAMS 0x0000000087b00000, 0x0000000087b00000| Complete 
| 124|0x0000000087c00000, 0x0000000087d00000, 0x0000000087d00000|100%| E|CS|TAMS 0x0000000087c00000, 0x0000000087c00000| Complete 
| 125|0x0000000087d00000, 0x0000000087e00000, 0x0000000087e00000|100%| E|CS|TAMS 0x0000000087d00000, 0x0000000087d00000| Complete 
| 126|0x0000000087e00000, 0x0000000087f00000, 0x0000000087f00000|100%| E|CS|TAMS 0x0000000087e00000, 0x0000000087e00000| Complete 
| 127|0x0000000087f00000, 0x0000000088000000, 0x0000000088000000|100%| E|CS|TAMS 0x0000000087f00000, 0x0000000087f00000| Complete 
| 128|0x0000000088000000, 0x0000000088100000, 0x0000000088100000|100%| E|CS|TAMS 0x0000000088000000, 0x0000000088000000| Complete 
| 129|0x0000000088100000, 0x0000000088200000, 0x0000000088200000|100%| E|CS|TAMS 0x0000000088100000, 0x0000000088100000| Complete 
| 130|0x0000000088200000, 0x0000000088300000, 0x0000000088300000|100%| E|CS|TAMS 0x0000000088200000, 0x0000000088200000| Complete 
| 131|0x0000000088300000, 0x0000000088400000, 0x0000000088400000|100%| E|CS|TAMS 0x0000000088300000, 0x0000000088300000| Complete 
| 132|0x0000000088400000, 0x0000000088500000, 0x0000000088500000|100%| E|CS|TAMS 0x0000000088400000, 0x0000000088400000| Complete 
| 133|0x0000000088500000, 0x0000000088600000, 0x0000000088600000|100%| E|CS|TAMS 0x0000000088500000, 0x0000000088500000| Complete 
| 134|0x0000000088600000, 0x0000000088700000, 0x0000000088700000|100%| E|CS|TAMS 0x0000000088600000, 0x0000000088600000| Complete 
| 135|0x0000000088700000, 0x0000000088800000, 0x0000000088800000|100%| E|CS|TAMS 0x0000000088700000, 0x0000000088700000| Complete 
| 136|0x0000000088800000, 0x0000000088900000, 0x0000000088900000|100%| E|CS|TAMS 0x0000000088800000, 0x0000000088800000| Complete 
| 137|0x0000000088900000, 0x0000000088a00000, 0x0000000088a00000|100%| E|CS|TAMS 0x0000000088900000, 0x0000000088900000| Complete 
| 138|0x0000000088a00000, 0x0000000088b00000, 0x0000000088b00000|100%| E|CS|TAMS 0x0000000088a00000, 0x0000000088a00000| Complete 
| 139|0x0000000088b00000, 0x0000000088c00000, 0x0000000088c00000|100%| E|CS|TAMS 0x0000000088b00000, 0x0000000088b00000| Complete 
| 140|0x0000000088c00000, 0x0000000088d00000, 0x0000000088d00000|100%| E|CS|TAMS 0x0000000088c00000, 0x0000000088c00000| Complete 
| 141|0x0000000088d00000, 0x0000000088e00000, 0x0000000088e00000|100%| E|CS|TAMS 0x0000000088d00000, 0x0000000088d00000| Complete 
| 142|0x0000000088e00000, 0x0000000088f00000, 0x0000000088f00000|100%| E|CS|TAMS 0x0000000088e00000, 0x0000000088e00000| Complete 
| 143|0x0000000088f00000, 0x0000000089000000, 0x0000000089000000|100%| E|CS|TAMS 0x0000000088f00000, 0x0000000088f00000| Complete 
| 144|0x0000000089000000, 0x0000000089100000, 0x0000000089100000|100%| E|CS|TAMS 0x0000000089000000, 0x0000000089000000| Complete 
| 145|0x0000000089100000, 0x0000000089200000, 0x0000000089200000|100%| E|CS|TAMS 0x0000000089100000, 0x0000000089100000| Complete 
| 146|0x0000000089200000, 0x0000000089300000, 0x0000000089300000|100%| E|CS|TAMS 0x0000000089200000, 0x0000000089200000| Complete 
| 147|0x0000000089300000, 0x0000000089400000, 0x0000000089400000|100%| E|CS|TAMS 0x0000000089300000, 0x0000000089300000| Complete 
| 148|0x0000000089400000, 0x0000000089500000, 0x0000000089500000|100%| E|CS|TAMS 0x0000000089400000, 0x0000000089400000| Complete 
| 149|0x0000000089500000, 0x0000000089600000, 0x0000000089600000|100%| E|CS|TAMS 0x0000000089500000, 0x0000000089500000| Complete 
| 150|0x0000000089600000, 0x0000000089700000, 0x0000000089700000|100%| E|CS|TAMS 0x0000000089600000, 0x0000000089600000| Complete 
| 151|0x0000000089700000, 0x0000000089800000, 0x0000000089800000|100%| E|CS|TAMS 0x0000000089700000, 0x0000000089700000| Complete 
| 152|0x0000000089800000, 0x0000000089900000, 0x0000000089900000|100%| E|CS|TAMS 0x0000000089800000, 0x0000000089800000| Complete 
| 153|0x0000000089900000, 0x0000000089a00000, 0x0000000089a00000|100%| E|CS|TAMS 0x0000000089900000, 0x0000000089900000| Complete 
| 154|0x0000000089a00000, 0x0000000089b00000, 0x0000000089b00000|100%| E|CS|TAMS 0x0000000089a00000, 0x0000000089a00000| Complete 

Card table byte_map: [0x000001e9994a0000,0x000001e9998a0000] _byte_map_base: 0x000001e9990a0000

Marking Bits (Prev, Next): (CMBitMap*) 0x000001e980cfe908, (CMBitMap*) 0x000001e980cfe940
 Prev Bits: [0x000001e999ca0000, 0x000001e99bca0000)
 Next Bits: [0x000001e99bca0000, 0x000001e99dca0000)

Polling page: 0x000001e980df0000

Metaspace:

Usage:
  Non-class:     48.42 MB capacity,    47.62 MB ( 98%) used,   643.13 KB (  1%) free+waste,   176.13 KB ( <1%) overhead. 
      Class:      7.62 MB capacity,     7.02 MB ( 92%) used,   521.10 KB (  7%) free+waste,    88.75 KB (  1%) overhead. 
       Both:     56.04 MB capacity,    54.64 MB ( 98%) used,     1.14 MB (  2%) free+waste,   264.88 KB ( <1%) overhead. 

Virtual space:
  Non-class space:       50.00 MB reserved,      48.42 MB ( 97%) committed 
      Class space:        1.00 GB reserved,       7.63 MB ( <1%) committed 
             Both:        1.05 GB reserved,      56.05 MB (  5%) committed 

Chunk freelists:
   Non-Class:  256 bytes
       Class:  1.13 KB
        Both:  1.38 KB

CodeHeap 'non-profiled nmethods': size=120064Kb used=2263Kb max_used=2263Kb free=117800Kb
 bounds [0x000001e991f60000, 0x000001e9921d0000, 0x000001e9994a0000]
CodeHeap 'profiled nmethods': size=120000Kb used=9232Kb max_used=9232Kb free=110767Kb
 bounds [0x000001e98aa30000, 0x000001e98b340000, 0x000001e991f60000]
CodeHeap 'non-nmethods': size=5696Kb used=1229Kb max_used=1258Kb free=4466Kb
 bounds [0x000001e98a4a0000, 0x000001e98a710000, 0x000001e98aa30000]
 total_blobs=4839 nmethods=4253 adapters=497
 compilation: enabled
              stopped_count=0, restarted_count=0
 full_count=0

Compilation events (10 events):
Event: 14.766 Thread 0x000001e9a00d5800 nmethod 4264 0x000001e98b333410 code [0x000001e98b333620, 0x000001e98b333d48]
Event: 14.896 Thread 0x000001e9a00d1000 4265       4       java.util.concurrent.CopyOnWriteArrayList::get (9 bytes)
Event: 14.897 Thread 0x000001e9a00d1000 nmethod 4265 0x000001e992194e90 code [0x000001e992195000, 0x000001e992195098]
Event: 14.948 Thread 0x000001e9a00d1000 4266       4       java.security.CodeSource::<init> (52 bytes)
Event: 14.952 Thread 0x000001e9a00d1000 nmethod 4266 0x000001e992195190 code [0x000001e992195320, 0x000001e992195688]
Event: 14.977 Thread 0x000001e9a00d1000 4267       4       java.security.SecureClassLoader::getProtectionDomain (38 bytes)
Event: 14.981 Thread 0x000001e9a00d1000 nmethod 4267 0x000001e992195790 code [0x000001e992195940, 0x000001e992195bc8]
Event: 14.997 Thread 0x000001e9a00d5800 4268       3       org.apache.logging.slf4j.SLF4JLogger::isEnabled (7 bytes)
Event: 14.997 Thread 0x000001e9a00d5800 nmethod 4268 0x000001e98b333f90 code [0x000001e98b334140, 0x000001e98b334268]
Event: 15.006 Thread 0x000001e9a00d1000 4269       4       java.util.jar.JarFile::getEntry (22 bytes)

GC Heap History (10 events):
Event: 3.559 GC heap before
{Heap before GC invocations=4 (full 0):
 garbage-first heap   total 131072K, used 47257K [0x0000000080000000, 0x0000000100000000)
  region size 1024K, 40 young (40960K), 1 survivors (1024K)
 Metaspace       used 20491K, capacity 21127K, committed 21296K, reserved 1069056K
  class space    used 2304K, capacity 2594K, committed 2688K, reserved 1048576K
}
Event: 3.569 GC heap after
{Heap after GC invocations=5 (full 0):
 garbage-first heap   total 131072K, used 10056K [0x0000000080000000, 0x0000000100000000)
  region size 1024K, 3 young (3072K), 3 survivors (3072K)
 Metaspace       used 20491K, capacity 21127K, committed 21296K, reserved 1069056K
  class space    used 2304K, capacity 2594K, committed 2688K, reserved 1048576K
}
Event: 4.764 GC heap before
{Heap before GC invocations=6 (full 0):
 garbage-first heap   total 131072K, used 58184K [0x0000000080000000, 0x0000000100000000)
  region size 1024K, 51 young (52224K), 3 survivors (3072K)
 Metaspace       used 28412K, capacity 29244K, committed 29488K, reserved 1075200K
  class space    used 3315K, capacity 3672K, committed 3712K, reserved 1048576K
}
Event: 4.779 GC heap after
{Heap after GC invocations=7 (full 0):
 garbage-first heap   total 158720K, used 12125K [0x0000000080000000, 0x0000000100000000)
  region size 1024K, 5 young (5120K), 5 survivors (5120K)
 Metaspace       used 28412K, capacity 29244K, committed 29488K, reserved 1075200K
  class space    used 3315K, capacity 3672K, committed 3712K, reserved 1048576K
}
Event: 7.121 GC heap before
{Heap before GC invocations=7 (full 0):
 garbage-first heap   total 158720K, used 73565K [0x0000000080000000, 0x0000000100000000)
  region size 1024K, 65 young (66560K), 5 survivors (5120K)
 Metaspace       used 34085K, capacity 35188K, committed 35504K, reserved 1081344K
  class space    used 4067K, capacity 4526K, committed 4608K, reserved 1048576K
}
Event: 7.141 GC heap after
{Heap after GC invocations=8 (full 0):
 garbage-first heap   total 158720K, used 14558K [0x0000000080000000, 0x0000000100000000)
  region size 1024K, 7 young (7168K), 7 survivors (7168K)
 Metaspace       used 34085K, capacity 35188K, committed 35504K, reserved 1081344K
  class space    used 4067K, capacity 4526K, committed 4608K, reserved 1048576K
}
Event: 7.459 GC heap before
{Heap before GC invocations=8 (full 0):
 garbage-first heap   total 158720K, used 24798K [0x0000000080000000, 0x0000000100000000)
  region size 1024K, 18 young (18432K), 7 survivors (7168K)
 Metaspace       used 34703K, capacity 35771K, committed 35888K, reserved 1081344K
  class space    used 4161K, capacity 4635K, committed 4736K, reserved 1048576K
}
Event: 7.480 GC heap after
{Heap after GC invocations=9 (full 0):
 garbage-first heap   total 158720K, used 15927K [0x0000000080000000, 0x0000000100000000)
  region size 1024K, 6 young (6144K), 6 survivors (6144K)
 Metaspace       used 34703K, capacity 35771K, committed 35888K, reserved 1081344K
  class space    used 4161K, capacity 4635K, committed 4736K, reserved 1048576K
}
Event: 10.350 GC heap before
{Heap before GC invocations=10 (full 0):
 garbage-first heap   total 158720K, used 79415K [0x0000000080000000, 0x0000000100000000)
  region size 1024K, 68 young (69632K), 6 survivors (6144K)
 Metaspace       used 42502K, capacity 43770K, committed 43952K, reserved 1087488K
  class space    used 5342K, capacity 5877K, committed 5888K, reserved 1048576K
}
Event: 10.371 GC heap after
{Heap after GC invocations=11 (full 0):
 garbage-first heap   total 158720K, used 17493K [0x0000000080000000, 0x0000000100000000)
  region size 1024K, 6 young (6144K), 6 survivors (6144K)
 Metaspace       used 42502K, capacity 43770K, committed 43952K, reserved 1087488K
  class space    used 5342K, capacity 5877K, committed 5888K, reserved 1048576K
}

Deoptimization events (10 events):
Event: 13.102 Thread 0x000001e9a349d800 Uncommon trap: reason=profile_predicate action=maybe_recompile pc=0x000001e9921461e4 method=java.math.BigInteger.montReduce([I[III)[I @ 56 c2
Event: 13.102 Thread 0x000001e9a349d800 Uncommon trap: reason=profile_predicate action=maybe_recompile pc=0x000001e9921461e4 method=java.math.BigInteger.montReduce([I[III)[I @ 56 c2
Event: 13.102 Thread 0x000001e9a349d800 Uncommon trap: reason=profile_predicate action=maybe_recompile pc=0x000001e992145148 method=java.math.BigInteger.montReduce([I[III)[I @ 9 c2
Event: 13.106 Thread 0x000001e9a349d800 Uncommon trap: reason=profile_predicate action=maybe_recompile pc=0x000001e992145148 method=java.math.BigInteger.montReduce([I[III)[I @ 9 c2
Event: 13.149 Thread 0x000001e982de9800 Uncommon trap: reason=predicate action=maybe_recompile pc=0x000001e992160e9c method=java.util.TreeMap.getEntryUsingComparator(Ljava/lang/Object;)Ljava/util/TreeMap$Entry; @ 19 c2
Event: 13.150 Thread 0x000001e982de9800 Uncommon trap: reason=predicate action=maybe_recompile pc=0x000001e992131414 method=java.util.TreeMap.getEntryUsingComparator(Ljava/lang/Object;)Ljava/util/TreeMap$Entry; @ 19 c2
Event: 14.343 Thread 0x000001e982de9800 Uncommon trap: reason=unstable_if action=reinterpret pc=0x000001e9920e2ce0 method=java.lang.Class.getComponentType()Ljava/lang/Class; @ 4 c2
Event: 14.363 Thread 0x000001e982de9800 Uncommon trap: reason=unstable_if action=reinterpret pc=0x000001e992132e68 method=java.util.HashMap$HashIterator.<init>(Ljava/util/HashMap;)V @ 45 c2
Event: 14.743 Thread 0x000001e982de9800 Uncommon trap: reason=bimorphic_or_optimized_type_check action=maybe_recompile pc=0x000001e9921387a0 method=java.util.regex.Pattern$SliceI.match(Ljava/util/regex/Matcher;ILjava/lang/CharSequence;)Z @ 92 c2
Event: 14.758 Thread 0x000001e982de9800 Uncommon trap: reason=unstable_if action=reinterpret pc=0x000001e9920f5ea4 method=java.util.jar.JarFile.getVersionedEntry(Ljava/lang/String;Ljava/util/jar/JarEntry;)Ljava/util/jar/JarEntry; @ 67 c2

Classes redefined (0 events):
No events

Internal exceptions (10 events):
Event: 11.498 Thread 0x000001e982de9800 Implicit null exception at 0x000001e991f954f4 to 0x000001e991f95b74
Event: 11.662 Thread 0x000001e982de9800 Exception <a 'java/io/IOException'{0x0000000088bd3a18}> (0x0000000088bd3a18) thrown at [./open/src/hotspot/share/prims/jni.cpp, line 611]
Event: 11.662 Thread 0x000001e982de9800 Exception <a 'java/io/IOException'{0x0000000088bd4520}> (0x0000000088bd4520) thrown at [./open/src/hotspot/share/prims/jni.cpp, line 611]
Event: 11.663 Thread 0x000001e982de9800 Exception <a 'java/io/IOException'{0x0000000088bd5028}> (0x0000000088bd5028) thrown at [./open/src/hotspot/share/prims/jni.cpp, line 611]
Event: 11.709 Thread 0x000001e982de9800 Exception <a 'java/io/IOException'{0x00000000889c2490}> (0x00000000889c2490) thrown at [./open/src/hotspot/share/prims/jni.cpp, line 611]
Event: 11.709 Thread 0x000001e982de9800 Exception <a 'java/io/IOException'{0x00000000889c3240}> (0x00000000889c3240) thrown at [./open/src/hotspot/share/prims/jni.cpp, line 611]
Event: 11.709 Thread 0x000001e982de9800 Exception <a 'java/io/IOException'{0x00000000889c3ff0}> (0x00000000889c3ff0) thrown at [./open/src/hotspot/share/prims/jni.cpp, line 611]
Event: 11.813 Thread 0x000001e982de9800 Exception <a 'java/lang/NoSuchMethodError'{0x0000000088629858}: java.lang.invoke.DirectMethodHandle$Holder.invokeStaticInit(Ljava/lang/Object;Ljava/lang/Object;Ljava/lang/Object;Ljava/lang/Object;)Ljava/lang/Object;> (0x0000000088629858) thrown at [./open
Event: 12.658 Thread 0x000001e982de9800 Exception <a 'java/lang/NoSuchMethodError'{0x00000000877f41e0}: java.lang.invoke.DirectMethodHandle$Holder.newInvokeSpecial(Ljava/lang/Object;Ljava/lang/Object;ILjava/lang/Object;Ljava/lang/Object;)Ljava/lang/Object;> (0x00000000877f41e0) thrown at [./ope
Event: 14.715 Thread 0x000001e982de9800 Exception <a 'java/lang/NoSuchMethodError'{0x000000008588d608}: java.lang.invoke.DirectMethodHandle$Holder.invokeStaticInit(Ljava/lang/Object;Ljava/lang/Object;Ljava/lang/Object;Ljava/lang/Object;II)Ljava/lang/Object;> (0x000000008588d608) thrown at [./op

Events (10 events):
Event: 15.012 loading class org/hibernate/tool/schema/spi/DelayedDropAction
Event: 15.012 loading class org/hibernate/tool/schema/spi/DelayedDropAction done
Event: 15.012 loading class org/hibernate/tool/schema/spi/DelayedDropAction
Event: 15.012 loading class org/hibernate/tool/schema/spi/DelayedDropAction done
Event: 15.013 loading class org/hibernate/tool/schema/spi/DelayedDropAction
Event: 15.013 loading class org/hibernate/tool/schema/spi/DelayedDropAction done
Event: 15.013 loading class org/hibernate/internal/SessionFactoryImpl
Event: 15.013 loading class org/hibernate/internal/SessionFactoryImpl done
Event: 15.013 loading class org/hibernate/tool/schema/spi/SchemaManagementToolCoordinator
Event: 15.013 loading class org/hibernate/tool/schema/spi/SchemaManagementToolCoordinator done


Dynamic libraries:
0x00007ff7820e0000 - 0x00007ff7820ef000 	C:\Program Files\Java\jdk-11.0.16\bin\java.exe
0x00007ffdfb930000 - 0x00007ffdfbb28000 	C:\Windows\SYSTEM32\ntdll.dll
0x00007ffdf9d90000 - 0x00007ffdf9e4d000 	C:\Windows\System32\KERNEL32.DLL
0x00007ffdf9070000 - 0x00007ffdf9342000 	C:\Windows\System32\KERNELBASE.dll
0x00007ffdf9890000 - 0x00007ffdf9990000 	C:\Windows\System32\ucrtbase.dll
0x00007ffdf4880000 - 0x00007ffdf4898000 	C:\Program Files\Java\jdk-11.0.16\bin\jli.dll
0x00007ffdfa800000 - 0x00007ffdfa8ae000 	C:\Windows\System32\ADVAPI32.dll
0x00007ffdf9eb0000 - 0x00007ffdf9f4e000 	C:\Windows\System32\msvcrt.dll
0x00007ffdf9aa0000 - 0x00007ffdf9b3c000 	C:\Windows\System32\sechost.dll
0x00007ffdf9b70000 - 0x00007ffdf9c95000 	C:\Windows\System32\RPCRT4.dll
0x00007ffdfb200000 - 0x00007ffdfb39d000 	C:\Windows\System32\USER32.dll
0x00007ffdf9680000 - 0x00007ffdf96a2000 	C:\Windows\System32\win32u.dll
0x00007ffdf9b40000 - 0x00007ffdf9b6b000 	C:\Windows\System32\GDI32.dll
0x00007ffdf9500000 - 0x00007ffdf960f000 	C:\Windows\System32\gdi32full.dll
0x00007ffdf9740000 - 0x00007ffdf97dd000 	C:\Windows\System32\msvcp_win.dll
0x00007ffddf450000 - 0x00007ffddf465000 	C:\Program Files\Java\jdk-11.0.16\bin\VCRUNTIME140.dll
0x00007ffdda260000 - 0x00007ffdda4fa000 	C:\Windows\WinSxS\amd64_microsoft.windows.common-controls_6595b64144ccf1df_6.0.19041.1110_none_60b5254171f9507e\COMCTL32.dll
0x00007ffdf1220000 - 0x00007ffdf122a000 	C:\Windows\SYSTEM32\VERSION.dll
0x00007ffdf9e80000 - 0x00007ffdf9eb0000 	C:\Windows\System32\IMM32.DLL
0x00007ffdde6f0000 - 0x00007ffdde78b000 	C:\Program Files\Java\jdk-11.0.16\bin\msvcp140.dll
0x00007ffd92e00000 - 0x00007ffd93918000 	C:\Program Files\Java\jdk-11.0.16\bin\server\jvm.dll
0x00007ffdfb420000 - 0x00007ffdfb428000 	C:\Windows\System32\PSAPI.DLL
0x00007ffdf1830000 - 0x00007ffdf1839000 	C:\Windows\SYSTEM32\WSOCK32.dll
0x00007ffdfb0e0000 - 0x00007ffdfb14b000 	C:\Windows\System32\WS2_32.dll
0x00007ffdd8ca0000 - 0x00007ffdd8cc7000 	C:\Windows\SYSTEM32\WINMM.dll
0x00007ffdf6ee0000 - 0x00007ffdf6ef2000 	C:\Windows\SYSTEM32\kernel.appcore.dll
0x00007ffddf260000 - 0x00007ffddf270000 	C:\Program Files\Java\jdk-11.0.16\bin\verify.dll
0x00007ffdea050000 - 0x00007ffdea234000 	C:\Windows\SYSTEM32\DBGHELP.DLL
0x00007ffde9c70000 - 0x00007ffde9c9c000 	C:\Windows\SYSTEM32\dbgcore.DLL
0x00007ffdf96b0000 - 0x00007ffdf9732000 	C:\Windows\System32\bcryptPrimitives.dll
0x00007ffddeca0000 - 0x00007ffddecc8000 	C:\Program Files\Java\jdk-11.0.16\bin\java.dll
0x00007ffddf250000 - 0x00007ffddf25a000 	C:\Program Files\Java\jdk-11.0.16\bin\jimage.dll
0x00007ffddf140000 - 0x00007ffddf156000 	C:\Program Files\Java\jdk-11.0.16\bin\zip.dll
0x00007ffdf9f50000 - 0x00007ffdfa693000 	C:\Windows\System32\SHELL32.dll
0x00007ffdf70e0000 - 0x00007ffdf7871000 	C:\Windows\SYSTEM32\windows.storage.dll
0x00007ffdfad80000 - 0x00007ffdfb0d4000 	C:\Windows\System32\combase.dll
0x00007ffdf88e0000 - 0x00007ffdf8910000 	C:\Windows\SYSTEM32\Wldp.dll
0x00007ffdfb150000 - 0x00007ffdfb1fd000 	C:\Windows\System32\SHCORE.dll
0x00007ffdfb640000 - 0x00007ffdfb695000 	C:\Windows\System32\shlwapi.dll
0x00007ffdf8f80000 - 0x00007ffdf8f9f000 	C:\Windows\SYSTEM32\profapi.dll
0x00007ffdde660000 - 0x00007ffdde679000 	C:\Program Files\Java\jdk-11.0.16\bin\net.dll
0x00007ffdf0a40000 - 0x00007ffdf0b4d000 	C:\Windows\SYSTEM32\WINHTTP.dll
0x00007ffdf86c0000 - 0x00007ffdf872a000 	C:\Windows\system32\mswsock.dll
0x00007ffdde640000 - 0x00007ffdde652000 	C:\Program Files\Java\jdk-11.0.16\bin\nio.dll
0x00007ffddec90000 - 0x00007ffddec99000 	C:\Program Files\Java\jdk-11.0.16\bin\management.dll
0x00007ffdde8d0000 - 0x00007ffdde8db000 	C:\Program Files\Java\jdk-11.0.16\bin\management_ext.dll
0x00007ffddda60000 - 0x00007ffddda77000 	C:\Windows\system32\napinsp.dll
0x00007ffddda40000 - 0x00007ffddda5b000 	C:\Windows\system32\pnrpnsp.dll
0x00007ffddda20000 - 0x00007ffddda35000 	C:\Windows\system32\wshbth.dll
0x00007ffdf4830000 - 0x00007ffdf484d000 	C:\Windows\system32\NLAapi.dll
0x00007ffdf83d0000 - 0x00007ffdf840b000 	C:\Windows\SYSTEM32\IPHLPAPI.DLL
0x00007ffdf8420000 - 0x00007ffdf84ea000 	C:\Windows\SYSTEM32\DNSAPI.dll
0x00007ffdf9ca0000 - 0x00007ffdf9ca8000 	C:\Windows\System32\NSI.dll
0x00007ffddda00000 - 0x00007ffddda12000 	C:\Windows\System32\winrnr.dll
0x00007ffdefb30000 - 0x00007ffdefb3a000 	C:\Windows\System32\rasadhlp.dll
0x00007ffdf0c50000 - 0x00007ffdf0cd0000 	C:\Windows\System32\fwpuclnt.dll
0x00007ffdf9040000 - 0x00007ffdf9067000 	C:\Windows\System32\bcrypt.dll
0x00007ffdf8920000 - 0x00007ffdf8938000 	C:\Windows\SYSTEM32\CRYPTSP.dll
0x00007ffdf8000000 - 0x00007ffdf8034000 	C:\Windows\system32\rsaenh.dll
0x00007ffdf8f40000 - 0x00007ffdf8f6e000 	C:\Windows\SYSTEM32\USERENV.dll
0x00007ffdf8850000 - 0x00007ffdf885c000 	C:\Windows\SYSTEM32\CRYPTBASE.dll
0x00007ffdf1c30000 - 0x00007ffdf1c47000 	C:\Windows\SYSTEM32\dhcpcsvc6.DLL
0x00007ffdf1b00000 - 0x00007ffdf1b1d000 	C:\Windows\SYSTEM32\dhcpcsvc.DLL
0x00007ffdde610000 - 0x00007ffdde635000 	C:\Program Files\Java\jdk-11.0.16\bin\sunec.dll
0x00007ffdde6e0000 - 0x00007ffdde6ed000 	C:\Program Files\Java\jdk-11.0.16\bin\sunmscapi.dll
0x00007ffdf93a0000 - 0x00007ffdf94f6000 	C:\Windows\System32\CRYPT32.dll
0x00007ffdf8a30000 - 0x00007ffdf8a57000 	C:\Windows\SYSTEM32\ncrypt.dll
0x00007ffdf89f0000 - 0x00007ffdf8a2b000 	C:\Windows\SYSTEM32\NTASN1.dll

dbghelp: loaded successfully - version: 4.0.5 - missing functions: none
symbol engine: initialized successfully - sym options: 0x614 - pdb path: .;C:\Program Files\Java\jdk-11.0.16\bin;C:\Windows\SYSTEM32;C:\Windows\WinSxS\amd64_microsoft.windows.common-controls_6595b64144ccf1df_6.0.19041.1110_none_60b5254171f9507e;C:\Program Files\Java\jdk-11.0.16\bin\server

VM Arguments:
java_command: C:\Users\sfjbs\AppData\Local\Temp\surefire16602361586737672801\surefirebooter13764698410755947557.jar C:\Users\sfjbs\AppData\Local\Temp\surefire16602361586737672801 2022-10-31T05-20-01_286-jvmRun1 surefire9799449036816764687tmp surefire_09945379070673019362tmp
java_class_path (initial): C:\Users\sfjbs\AppData\Local\Temp\surefire16602361586737672801\surefirebooter13764698410755947557.jar
Launcher Type: SUN_STANDARD

[Global flags]
     intx CICompilerCount                          = 2                                         {product} {ergonomic}
     uint ConcGCThreads                            = 1                                         {product} {ergonomic}
     uint G1ConcRefinementThreads                  = 2                                         {product} {ergonomic}
   size_t G1HeapRegionSize                         = 1048576                                   {product} {ergonomic}
    uintx GCDrainStackTargetSize                   = 64                                        {product} {ergonomic}
   size_t InitialHeapSize                          = 134217728                                 {product} {ergonomic}
   size_t MarkStackSize                            = 4194304                                   {product} {ergonomic}
   size_t MaxHeapSize                              = 2147483648                                {product} {ergonomic}
   size_t MaxNewSize                               = 1287651328                                {product} {ergonomic}
   size_t MinHeapDeltaBytes                        = 1048576                                   {product} {ergonomic}
    uintx NonNMethodCodeHeapSize                   = 5825164                                {pd product} {ergonomic}
    uintx NonProfiledCodeHeapSize                  = 122916538                              {pd product} {ergonomic}
    uintx ProfiledCodeHeapSize                     = 122916538                              {pd product} {ergonomic}
    uintx ReservedCodeCacheSize                    = 251658240                              {pd product} {ergonomic}
     bool SegmentedCodeCache                       = true                                      {product} {ergonomic}
     bool UseCompressedClassPointers               = true                                 {lp64_product} {ergonomic}
     bool UseCompressedOops                        = true                                 {lp64_product} {ergonomic}
     bool UseG1GC                                  = true                                      {product} {ergonomic}
     bool UseLargePagesIndividualAllocation        = false                                  {pd product} {ergonomic}

Logging:
Log output configuration:
 #0: stdout all=warning uptime,level,tags
 #1: stderr all=off uptime,level,tags

Environment Variables:
PATH=C:\Program Files\Common Files\Oracle\Java\javapath;C:\Windows\system32;C:\Windows;C:\Windows\System32\Wbem;C:\Windows\System32\WindowsPowerShell\v1.0\;C:\Windows\System32\OpenSSH\;C:\Users\sfjbs\Downloads\micro service-20221001T123314Z-001\micro service\apache-maven-3.8.5-bin\apache-maven-3.8.5\bin;C:\Users\sfjbs\Downloads\micro service-20221001T123314Z-001\micro service\apache-maven-3.8.5-bin\apache-maven-3.8.5\lib;C:\Program Files\Docker\Docker\resources\bin;C:\ProgramData\DockerDesktop\version-bin;C:\Program Files\Git\cmd;C:\Users\sfjbs\AppData\Local\Microsoft\WindowsApps;C:\Users\sfjbs\Downloads\micro service-20221001T123314Z-001\micro service\apache-maven-3.8.5-bin\apache-maven-3.8.5\bin;C:\Users\sfjbs\Downloads\micro service-20221001T123314Z-001\micro service\apache-maven-3.8.5-bin\apache-maven-3.8.5\lib;;C:\Program Files\JetBrains\IntelliJ IDEA Community Edition 2022.2.1\bin;
USERNAME=sfjbs
OS=Windows_NT
PROCESSOR_IDENTIFIER=Intel64 Family 6 Model 85 Stepping 7, GenuineIntel



---------------  S Y S T E M  ---------------

OS: Windows 10 , 64 bit Build 19041 (10.0.19041.1889)
Hyper-V role detected

CPU:total 2 (initial active 2) (1 cores per cpu, 2 threads per core) family 6 model 85 stepping 7 microcode 0xffffffff, cmov, cx8, fxsr, mmx, sse, sse2, sse3, ssse3, sse4.1, sse4.2, popcnt, avx, avx2, aes, clmul, erms, rtm, 3dnowpref, lzcnt, ht, tsc, bmi1, bmi2, adx, evex, fma

Memory: 4k page, system-wide physical 8190M (672M free)
TotalPageFile size 10238M (AvailPageFile size 4M)
current process WorkingSet (physical memory assigned to process): 243M, peak: 243M
current process commit charge ("private bytes"): 331M, peak: 332M

vm_info: Java HotSpot(TM) 64-Bit Server VM (11.0.16+11-LTS-199) for windows-amd64 JRE (11.0.16+11-LTS-199), built on Jun 28 2022 08:23:17 by "mach5one" with MS VC++ 15.9 (VS2017)

END.
