#
# There is insufficient memory for the Java Runtime Environment to continue.
# Native memory allocation (malloc) failed to allocate 32744 bytes for ChunkPool::allocate
# Possible reasons:
#   The system is out of physical RAM or swap space
#   The process is running with CompressedOops enabled, and the Java Heap may be blocking the growth of the native heap
# Possible solutions:
#   Reduce memory load on the system
#   Increase physical memory or swap space
#   Check if swap backing store is full
#   Decrease Java heap size (-Xmx/-Xms)
#   Decrease number of Java threads
#   Decrease Java thread stack sizes (-Xss)
#   Set larger code cache with -XX:ReservedCodeCacheSize=
#   JVM is running with Unscaled Compressed Oops mode in which the Java heap is
#     placed in the first 4GB address space. The Java Heap base address is the
#     maximum limit for the native heap growth. Please use -XX:HeapBaseMinAddress
#     to set the Java Heap base and to place the Java Heap above 4GB virtual address.
# This output file may be truncated or incomplete.
#
#  Out of Memory Error (./open/src/hotspot/share/memory/arena.cpp:81), pid=29256, tid=28744
#
# JRE version: Java(TM) SE Runtime Environment 18.9 (11.0.16+11) (build 11.0.16+11-LTS-199)
# Java VM: Java HotSpot(TM) 64-Bit Server VM 18.9 (11.0.16+11-LTS-199, mixed mode, tiered, compressed oops, g1 gc, windows-amd64)
# No core dump will be written. Minidumps are not enabled by default on client versions of Windows
#

---------------  S U M M A R Y ------------

Command Line: -Dclassworlds.conf=C:\Users\sfjbs\Downloads\micro service-20221001T123314Z-001\micro service\apache-maven-3.8.5-bin\apache-maven-3.8.5\bin\m2.conf -Dmaven.home=C:\Users\sfjbs\Downloads\micro service-20221001T123314Z-001\micro service\apache-maven-3.8.5-bin\apache-maven-3.8.5 -Dlibrary.jansi.path=C:\Users\sfjbs\Downloads\micro service-20221001T123314Z-001\micro service\apache-maven-3.8.5-bin\apache-maven-3.8.5\lib\jansi-native -Dmaven.multiModuleProjectDirectory=C:\Users\sfjbs\IdeaProjects\Deepika\Day 13\pension-management-system org.codehaus.plexus.classworlds.launcher.Launcher install dockerfile:build

Host: Intel(R) Xeon(R) Platinum 8272CL CPU @ 2.60GHz, 2 cores, 7G,  Windows 10 , 64 bit Build 19041 (10.0.19041.1889)
Time: Tue Nov  1 09:57:17 2022 Coordinated Universal Time elapsed time: 15.552722 seconds (0d 0h 0m 15s)

---------------  T H R E A D  ---------------

Current thread (0x000001744835f000):  JavaThread "C2 CompilerThread0" daemon [_thread_in_native, id=28744, stack(0x0000002bc0e00000,0x0000002bc0f00000)]


Current CompileTask:
C2:  15552 6034  s!   4       jdk.internal.loader.URLClassPath::getLoader (194 bytes)

Stack: [0x0000002bc0e00000,0x0000002bc0f00000]
Native frames: (J=compiled Java code, j=interpreted, Vv=VM code, C=native code)
V  [jvm.dll+0x62a3ea]
V  [jvm.dll+0x76418f]
V  [jvm.dll+0x765839]
V  [jvm.dll+0x765ec3]
V  [jvm.dll+0x23da98]
V  [jvm.dll+0xb2c7b]
V  [jvm.dll+0xb2fdc]
V  [jvm.dll+0x346bc8]
V  [jvm.dll+0x346071]
V  [jvm.dll+0x3460b4]
V  [jvm.dll+0x522896]
V  [jvm.dll+0x523002]
V  [jvm.dll+0x30ecb2]
V  [jvm.dll+0x30dfca]
V  [jvm.dll+0x1f84a5]
V  [jvm.dll+0x1f768d]
V  [jvm.dll+0x177c81]
V  [jvm.dll+0x207006]
V  [jvm.dll+0x20519b]
V  [jvm.dll+0x729fa0]
V  [jvm.dll+0x722b74]
V  [jvm.dll+0x629286]
C  [ucrtbase.dll+0x21bb2]
C  [KERNEL32.DLL+0x17034]
C  [ntdll.dll+0x526a1]


---------------  P R O C E S S  ---------------

Threads class SMR info:
_java_thread_list=0x00000174490ea200, length=11, elements={
0x00000174290b6000, 0x000001744833d800, 0x000001744833f000, 0x0000017448359000,
0x000001744835c000, 0x000001744835e000, 0x000001744835f000, 0x0000017448363000,
0x0000017448d2f000, 0x0000017448e67000, 0x000001744aa7d800
}

Java Threads: ( => current thread )
  0x00000174290b6000 JavaThread "main" [_thread_in_vm, id=27728, stack(0x0000002bc0200000,0x0000002bc0300000)]
  0x000001744833d800 JavaThread "Reference Handler" daemon [_thread_blocked, id=28836, stack(0x0000002bc0900000,0x0000002bc0a00000)]
  0x000001744833f000 JavaThread "Finalizer" daemon [_thread_blocked, id=21176, stack(0x0000002bc0a00000,0x0000002bc0b00000)]
  0x0000017448359000 JavaThread "Signal Dispatcher" daemon [_thread_blocked, id=20576, stack(0x0000002bc0b00000,0x0000002bc0c00000)]
  0x000001744835c000 JavaThread "Attach Listener" daemon [_thread_blocked, id=28872, stack(0x0000002bc0c00000,0x0000002bc0d00000)]
  0x000001744835e000 JavaThread "Service Thread" daemon [_thread_blocked, id=27268, stack(0x0000002bc0d00000,0x0000002bc0e00000)]
=>0x000001744835f000 JavaThread "C2 CompilerThread0" daemon [_thread_in_native, id=28744, stack(0x0000002bc0e00000,0x0000002bc0f00000)]
  0x0000017448363000 JavaThread "C1 CompilerThread0" daemon [_thread_in_native, id=26708, stack(0x0000002bc0f00000,0x0000002bc1000000)]
  0x0000017448d2f000 JavaThread "Sweeper thread" daemon [_thread_blocked, id=17316, stack(0x0000002bc1000000,0x0000002bc1100000)]
  0x0000017448e67000 JavaThread "Common-Cleaner" daemon [_thread_blocked, id=23928, stack(0x0000002bc1200000,0x0000002bc1300000)]
  0x000001744aa7d800 JavaThread "Thread-1" daemon [_thread_blocked, id=24160, stack(0x0000002bc1400000,0x0000002bc1500000)]

Other Threads:
  0x000001744833a000 VMThread "VM Thread" [stack: 0x0000002bc0800000,0x0000002bc0900000] [id=23988]
  0x0000017448e5f800 WatcherThread [stack: 0x0000002bc1100000,0x0000002bc1200000] [id=7312]
  0x00000174290cc000 GCTaskThread "GC Thread#0" [stack: 0x0000002bc0300000,0x0000002bc0400000] [id=22480]
  0x000001744911b000 GCTaskThread "GC Thread#1" [stack: 0x0000002bc1300000,0x0000002bc1400000] [id=29292]
  0x00000174290fc000 ConcurrentGCThread "G1 Main Marker" [stack: 0x0000002bc0400000,0x0000002bc0500000] [id=28960]
  0x00000174290ff000 ConcurrentGCThread "G1 Conc#0" [stack: 0x0000002bc0500000,0x0000002bc0600000] [id=22348]
  0x0000017429185800 ConcurrentGCThread "G1 Refine#0" [stack: 0x0000002bc0600000,0x0000002bc0700000] [id=15424]
  0x0000017429187800 ConcurrentGCThread "G1 Young RemSet Sampling" [stack: 0x0000002bc0700000,0x0000002bc0800000] [id=23908]

Threads with active compile tasks:
C2 CompilerThread0    15573 6034  s!   4       jdk.internal.loader.URLClassPath::getLoader (194 bytes)
C1 CompilerThread0    15573 6060   !   3       org.apache.maven.plugin.PluginParameterExpressionEvaluator::evaluate (1319 bytes)

VM state:synchronizing (normal execution)

VM Mutex/Monitor currently owned by a thread:  ([mutex/lock_event])
[0x00000174290b1ca0] Threads_lock - owner thread: 0x000001744833a000

Heap address: 0x0000000080000000, size: 2048 MB, Compressed Oops mode: 32-bit
Narrow klass base: 0x0000000000000000, Narrow klass shift: 3
Compressed class space size: 1073741824 Address: 0x0000000100000000

Heap:
 garbage-first heap   total 157696K, used 86185K [0x0000000080000000, 0x0000000100000000)
  region size 1024K, 61 young (62464K), 10 survivors (10240K)
 Metaspace       used 33949K, capacity 34613K, committed 34816K, reserved 1081344K
  class space    used 3541K, capacity 3818K, committed 3840K, reserved 1048576K
Heap Regions: E=young(eden), S=young(survivor), O=old, HS=humongous(starts), HC=humongous(continues), CS=collection set, F=free, A=archive, TAMS=top-at-mark-start (previous, next)
|   0|0x0000000080000000, 0x0000000080100000, 0x0000000080100000|100%| O|  |TAMS 0x0000000080100000, 0x0000000080000000| Untracked 
|   1|0x0000000080100000, 0x0000000080200000, 0x0000000080200000|100%| O|  |TAMS 0x0000000080200000, 0x0000000080100000| Untracked 
|   2|0x0000000080200000, 0x0000000080300000, 0x0000000080300000|100%| O|  |TAMS 0x0000000080201000, 0x0000000080200000| Untracked 
|   3|0x0000000080300000, 0x0000000080400000, 0x0000000080400000|100%|HS|  |TAMS 0x0000000080300000, 0x0000000080300000| Complete 
|   4|0x0000000080400000, 0x0000000080500000, 0x0000000080500000|100%|HS|  |TAMS 0x0000000080400000, 0x0000000080400000| Complete 
|   5|0x0000000080500000, 0x0000000080600000, 0x0000000080600000|100%| O|  |TAMS 0x0000000080500000, 0x0000000080500000| Untracked 
|   6|0x0000000080600000, 0x0000000080700000, 0x0000000080700000|100%| O|  |TAMS 0x0000000080600000, 0x0000000080600000| Untracked 
|   7|0x0000000080700000, 0x0000000080800000, 0x0000000080800000|100%| O|  |TAMS 0x0000000080700000, 0x0000000080700000| Untracked 
|   8|0x0000000080800000, 0x0000000080900000, 0x0000000080900000|100%| O|  |TAMS 0x0000000080800000, 0x0000000080800000| Untracked 
|   9|0x0000000080900000, 0x0000000080a00000, 0x0000000080a00000|100%| O|  |TAMS 0x0000000080900000, 0x0000000080900000| Untracked 
|  10|0x0000000080a00000, 0x0000000080b00000, 0x0000000080b00000|100%| O|  |TAMS 0x0000000080a00000, 0x0000000080a00000| Untracked 
|  11|0x0000000080b00000, 0x0000000080c00000, 0x0000000080c00000|100%| O|  |TAMS 0x0000000080b00000, 0x0000000080b00000| Untracked 
|  12|0x0000000080c00000, 0x0000000080c00000, 0x0000000080d00000|  0%| F|  |TAMS 0x0000000080c00000, 0x0000000080c00000| Untracked 
|  13|0x0000000080d00000, 0x0000000080e00000, 0x0000000080e00000|100%|HS|  |TAMS 0x0000000080d00000, 0x0000000080d00000| Complete 
|  14|0x0000000080e00000, 0x0000000080f00000, 0x0000000080f00000|100%| O|  |TAMS 0x0000000080e00000, 0x0000000080e00000| Untracked 
|  15|0x0000000080f00000, 0x0000000081000000, 0x0000000081000000|100%| O|  |TAMS 0x0000000080f00000, 0x0000000080f00000| Untracked 
|  16|0x0000000081000000, 0x0000000081100000, 0x0000000081100000|100%| O|  |TAMS 0x0000000081000000, 0x0000000081000000| Untracked 
|  17|0x0000000081100000, 0x0000000081200000, 0x0000000081200000|100%| O|  |TAMS 0x0000000081100000, 0x0000000081100000| Untracked 
|  18|0x0000000081200000, 0x0000000081300000, 0x0000000081300000|100%| O|  |TAMS 0x0000000081200000, 0x0000000081200000| Untracked 
|  19|0x0000000081300000, 0x0000000081400000, 0x0000000081400000|100%| O|  |TAMS 0x0000000081300000, 0x0000000081300000| Untracked 
|  20|0x0000000081400000, 0x0000000081500000, 0x0000000081500000|100%| O|  |TAMS 0x0000000081400000, 0x0000000081400000| Untracked 
|  21|0x0000000081500000, 0x0000000081600000, 0x0000000081600000|100%| O|  |TAMS 0x0000000081500000, 0x0000000081500000| Untracked 
|  22|0x0000000081600000, 0x0000000081700000, 0x0000000081700000|100%| O|  |TAMS 0x0000000081600000, 0x0000000081600000| Untracked 
|  23|0x0000000081700000, 0x0000000081800000, 0x0000000081800000|100%| O|  |TAMS 0x0000000081700000, 0x0000000081700000| Untracked 
|  24|0x0000000081800000, 0x0000000081900000, 0x0000000081900000|100%| O|  |TAMS 0x0000000081800000, 0x0000000081800000| Untracked 
|  25|0x0000000081900000, 0x000000008192a400, 0x0000000081a00000| 16%| O|  |TAMS 0x0000000081900000, 0x0000000081900000| Untracked 
|  26|0x0000000081a00000, 0x0000000081a00000, 0x0000000081b00000|  0%| F|  |TAMS 0x0000000081a00000, 0x0000000081a00000| Untracked 
|  27|0x0000000081b00000, 0x0000000081b00000, 0x0000000081c00000|  0%| F|  |TAMS 0x0000000081b00000, 0x0000000081b00000| Untracked 
|  28|0x0000000081c00000, 0x0000000081c00000, 0x0000000081d00000|  0%| F|  |TAMS 0x0000000081c00000, 0x0000000081c00000| Untracked 
|  29|0x0000000081d00000, 0x0000000081d00000, 0x0000000081e00000|  0%| F|  |TAMS 0x0000000081d00000, 0x0000000081d00000| Untracked 
|  30|0x0000000081e00000, 0x0000000081e00000, 0x0000000081f00000|  0%| F|  |TAMS 0x0000000081e00000, 0x0000000081e00000| Untracked 
|  31|0x0000000081f00000, 0x0000000081f00000, 0x0000000082000000|  0%| F|  |TAMS 0x0000000081f00000, 0x0000000081f00000| Untracked 
|  32|0x0000000082000000, 0x0000000082000000, 0x0000000082100000|  0%| F|  |TAMS 0x0000000082000000, 0x0000000082000000| Untracked 
|  33|0x0000000082100000, 0x0000000082100000, 0x0000000082200000|  0%| F|  |TAMS 0x0000000082100000, 0x0000000082100000| Untracked 
|  34|0x0000000082200000, 0x0000000082200000, 0x0000000082300000|  0%| F|  |TAMS 0x0000000082200000, 0x0000000082200000| Untracked 
|  35|0x0000000082300000, 0x0000000082300000, 0x0000000082400000|  0%| F|  |TAMS 0x0000000082300000, 0x0000000082300000| Untracked 
|  36|0x0000000082400000, 0x0000000082400000, 0x0000000082500000|  0%| F|  |TAMS 0x0000000082400000, 0x0000000082400000| Untracked 
|  37|0x0000000082500000, 0x0000000082500000, 0x0000000082600000|  0%| F|  |TAMS 0x0000000082500000, 0x0000000082500000| Untracked 
|  38|0x0000000082600000, 0x0000000082600000, 0x0000000082700000|  0%| F|  |TAMS 0x0000000082600000, 0x0000000082600000| Untracked 
|  39|0x0000000082700000, 0x0000000082700000, 0x0000000082800000|  0%| F|  |TAMS 0x0000000082700000, 0x0000000082700000| Untracked 
|  40|0x0000000082800000, 0x0000000082800000, 0x0000000082900000|  0%| F|  |TAMS 0x0000000082800000, 0x0000000082800000| Untracked 
|  41|0x0000000082900000, 0x0000000082900000, 0x0000000082a00000|  0%| F|  |TAMS 0x0000000082900000, 0x0000000082900000| Untracked 
|  42|0x0000000082a00000, 0x0000000082a00000, 0x0000000082b00000|  0%| F|  |TAMS 0x0000000082a00000, 0x0000000082a00000| Untracked 
|  43|0x0000000082b00000, 0x0000000082b00000, 0x0000000082c00000|  0%| F|  |TAMS 0x0000000082b00000, 0x0000000082b00000| Untracked 
|  44|0x0000000082c00000, 0x0000000082c00000, 0x0000000082d00000|  0%| F|  |TAMS 0x0000000082c00000, 0x0000000082c00000| Untracked 
|  45|0x0000000082d00000, 0x0000000082d00000, 0x0000000082e00000|  0%| F|  |TAMS 0x0000000082d00000, 0x0000000082d00000| Untracked 
|  46|0x0000000082e00000, 0x0000000082e00000, 0x0000000082f00000|  0%| F|  |TAMS 0x0000000082e00000, 0x0000000082e00000| Untracked 
|  47|0x0000000082f00000, 0x0000000082f00000, 0x0000000083000000|  0%| F|  |TAMS 0x0000000082f00000, 0x0000000082f00000| Untracked 
|  48|0x0000000083000000, 0x0000000083000000, 0x0000000083100000|  0%| F|  |TAMS 0x0000000083000000, 0x0000000083000000| Untracked 
|  49|0x0000000083100000, 0x0000000083100000, 0x0000000083200000|  0%| F|  |TAMS 0x0000000083100000, 0x0000000083100000| Untracked 
|  50|0x0000000083200000, 0x0000000083200000, 0x0000000083300000|  0%| F|  |TAMS 0x0000000083200000, 0x0000000083200000| Untracked 
|  51|0x0000000083300000, 0x0000000083300000, 0x0000000083400000|  0%| F|  |TAMS 0x0000000083300000, 0x0000000083300000| Untracked 
|  52|0x0000000083400000, 0x0000000083400000, 0x0000000083500000|  0%| F|  |TAMS 0x0000000083400000, 0x0000000083400000| Untracked 
|  53|0x0000000083500000, 0x0000000083500000, 0x0000000083600000|  0%| F|  |TAMS 0x0000000083500000, 0x0000000083500000| Untracked 
|  54|0x0000000083600000, 0x0000000083600000, 0x0000000083700000|  0%| F|  |TAMS 0x0000000083600000, 0x0000000083600000| Untracked 
|  55|0x0000000083700000, 0x0000000083700000, 0x0000000083800000|  0%| F|  |TAMS 0x0000000083700000, 0x0000000083700000| Untracked 
|  56|0x0000000083800000, 0x0000000083800000, 0x0000000083900000|  0%| F|  |TAMS 0x0000000083800000, 0x0000000083800000| Untracked 
|  57|0x0000000083900000, 0x0000000083900000, 0x0000000083a00000|  0%| F|  |TAMS 0x0000000083900000, 0x0000000083900000| Untracked 
|  58|0x0000000083a00000, 0x0000000083a00000, 0x0000000083b00000|  0%| F|  |TAMS 0x0000000083a00000, 0x0000000083a00000| Untracked 
|  59|0x0000000083b00000, 0x0000000083b00000, 0x0000000083c00000|  0%| F|  |TAMS 0x0000000083b00000, 0x0000000083b00000| Untracked 
|  60|0x0000000083c00000, 0x0000000083c00000, 0x0000000083d00000|  0%| F|  |TAMS 0x0000000083c00000, 0x0000000083c00000| Untracked 
|  61|0x0000000083d00000, 0x0000000083d00000, 0x0000000083e00000|  0%| F|  |TAMS 0x0000000083d00000, 0x0000000083d00000| Untracked 
|  62|0x0000000083e00000, 0x0000000083e00000, 0x0000000083f00000|  0%| F|  |TAMS 0x0000000083e00000, 0x0000000083e00000| Untracked 
|  63|0x0000000083f00000, 0x0000000083f00000, 0x0000000084000000|  0%| F|  |TAMS 0x0000000083f00000, 0x0000000083f00000| Untracked 
|  64|0x0000000084000000, 0x0000000084000000, 0x0000000084100000|  0%| F|  |TAMS 0x0000000084000000, 0x0000000084000000| Untracked 
|  65|0x0000000084100000, 0x0000000084100000, 0x0000000084200000|  0%| F|  |TAMS 0x0000000084100000, 0x0000000084100000| Untracked 
|  66|0x0000000084200000, 0x0000000084200000, 0x0000000084300000|  0%| F|  |TAMS 0x0000000084200000, 0x0000000084200000| Untracked 
|  67|0x0000000084300000, 0x0000000084300000, 0x0000000084400000|  0%| F|  |TAMS 0x0000000084300000, 0x0000000084300000| Untracked 
|  68|0x0000000084400000, 0x0000000084500000, 0x0000000084500000|100%| S|CS|TAMS 0x0000000084400000, 0x0000000084400000| Complete 
|  69|0x0000000084500000, 0x0000000084600000, 0x0000000084600000|100%| S|CS|TAMS 0x0000000084500000, 0x0000000084500000| Complete 
|  70|0x0000000084600000, 0x0000000084700000, 0x0000000084700000|100%| S|CS|TAMS 0x0000000084600000, 0x0000000084600000| Complete 
|  71|0x0000000084700000, 0x0000000084800000, 0x0000000084800000|100%| S|CS|TAMS 0x0000000084700000, 0x0000000084700000| Complete 
|  72|0x0000000084800000, 0x0000000084900000, 0x0000000084900000|100%| S|CS|TAMS 0x0000000084800000, 0x0000000084800000| Complete 
|  73|0x0000000084900000, 0x0000000084a00000, 0x0000000084a00000|100%| S|CS|TAMS 0x0000000084900000, 0x0000000084900000| Complete 
|  74|0x0000000084a00000, 0x0000000084b00000, 0x0000000084b00000|100%| S|CS|TAMS 0x0000000084a00000, 0x0000000084a00000| Complete 
|  75|0x0000000084b00000, 0x0000000084c00000, 0x0000000084c00000|100%| S|CS|TAMS 0x0000000084b00000, 0x0000000084b00000| Complete 
|  76|0x0000000084c00000, 0x0000000084d00000, 0x0000000084d00000|100%| S|CS|TAMS 0x0000000084c00000, 0x0000000084c00000| Complete 
|  77|0x0000000084d00000, 0x0000000084e00000, 0x0000000084e00000|100%| S|CS|TAMS 0x0000000084d00000, 0x0000000084d00000| Complete 
|  78|0x0000000084e00000, 0x0000000084e00000, 0x0000000084f00000|  0%| F|  |TAMS 0x0000000084e00000, 0x0000000084e00000| Untracked 
|  79|0x0000000084f00000, 0x0000000084f00000, 0x0000000085000000|  0%| F|  |TAMS 0x0000000084f00000, 0x0000000084f00000| Untracked 
|  80|0x0000000085000000, 0x0000000085000000, 0x0000000085100000|  0%| F|  |TAMS 0x0000000085000000, 0x0000000085000000| Untracked 
|  81|0x0000000085100000, 0x0000000085100000, 0x0000000085200000|  0%| F|  |TAMS 0x0000000085100000, 0x0000000085100000| Untracked 
|  82|0x0000000085200000, 0x0000000085200000, 0x0000000085300000|  0%| F|  |TAMS 0x0000000085200000, 0x0000000085200000| Untracked 
|  83|0x0000000085300000, 0x0000000085300000, 0x0000000085400000|  0%| F|  |TAMS 0x0000000085300000, 0x0000000085300000| Untracked 
|  84|0x0000000085400000, 0x0000000085400000, 0x0000000085500000|  0%| F|  |TAMS 0x0000000085400000, 0x0000000085400000| Untracked 
|  85|0x0000000085500000, 0x0000000085500000, 0x0000000085600000|  0%| F|  |TAMS 0x0000000085500000, 0x0000000085500000| Untracked 
|  86|0x0000000085600000, 0x0000000085600000, 0x0000000085700000|  0%| F|  |TAMS 0x0000000085600000, 0x0000000085600000| Untracked 
|  87|0x0000000085700000, 0x0000000085700000, 0x0000000085800000|  0%| F|  |TAMS 0x0000000085700000, 0x0000000085700000| Untracked 
|  88|0x0000000085800000, 0x0000000085800000, 0x0000000085900000|  0%| F|  |TAMS 0x0000000085800000, 0x0000000085800000| Untracked 
|  89|0x0000000085900000, 0x0000000085900000, 0x0000000085a00000|  0%| F|  |TAMS 0x0000000085900000, 0x0000000085900000| Untracked 
|  90|0x0000000085a00000, 0x0000000085a00000, 0x0000000085b00000|  0%| F|  |TAMS 0x0000000085a00000, 0x0000000085a00000| Untracked 
|  91|0x0000000085b00000, 0x0000000085b00000, 0x0000000085c00000|  0%| F|  |TAMS 0x0000000085b00000, 0x0000000085b00000| Untracked 
|  92|0x0000000085c00000, 0x0000000085c00000, 0x0000000085d00000|  0%| F|  |TAMS 0x0000000085c00000, 0x0000000085c00000| Untracked 
|  93|0x0000000085d00000, 0x0000000085d00000, 0x0000000085e00000|  0%| F|  |TAMS 0x0000000085d00000, 0x0000000085d00000| Untracked 
|  94|0x0000000085e00000, 0x0000000085e00000, 0x0000000085f00000|  0%| F|  |TAMS 0x0000000085e00000, 0x0000000085e00000| Untracked 
|  95|0x0000000085f00000, 0x0000000085f00000, 0x0000000086000000|  0%| F|  |TAMS 0x0000000085f00000, 0x0000000085f00000| Untracked 
|  96|0x0000000086000000, 0x0000000086000000, 0x0000000086100000|  0%| F|  |TAMS 0x0000000086000000, 0x0000000086000000| Untracked 
|  97|0x0000000086100000, 0x0000000086100000, 0x0000000086200000|  0%| F|  |TAMS 0x0000000086100000, 0x0000000086100000| Untracked 
|  98|0x0000000086200000, 0x0000000086200000, 0x0000000086300000|  0%| F|  |TAMS 0x0000000086200000, 0x0000000086200000| Untracked 
|  99|0x0000000086300000, 0x0000000086300000, 0x0000000086400000|  0%| F|  |TAMS 0x0000000086300000, 0x0000000086300000| Untracked 
| 100|0x0000000086400000, 0x0000000086400000, 0x0000000086500000|  0%| F|  |TAMS 0x0000000086400000, 0x0000000086400000| Untracked 
| 101|0x0000000086500000, 0x0000000086500000, 0x0000000086600000|  0%| F|  |TAMS 0x0000000086500000, 0x0000000086500000| Untracked 
| 102|0x0000000086600000, 0x0000000086600000, 0x0000000086700000|  0%| F|  |TAMS 0x0000000086600000, 0x0000000086600000| Untracked 
| 103|0x0000000086700000, 0x00000000867f2da8, 0x0000000086800000| 94%| E|  |TAMS 0x0000000086700000, 0x0000000086700000| Complete 
| 104|0x0000000086800000, 0x0000000086900000, 0x0000000086900000|100%| E|CS|TAMS 0x0000000086800000, 0x0000000086800000| Complete 
| 105|0x0000000086900000, 0x0000000086a00000, 0x0000000086a00000|100%| E|CS|TAMS 0x0000000086900000, 0x0000000086900000| Complete 
| 106|0x0000000086a00000, 0x0000000086b00000, 0x0000000086b00000|100%| E|CS|TAMS 0x0000000086a00000, 0x0000000086a00000| Complete 
| 107|0x0000000086b00000, 0x0000000086c00000, 0x0000000086c00000|100%| E|CS|TAMS 0x0000000086b00000, 0x0000000086b00000| Complete 
| 108|0x0000000086c00000, 0x0000000086d00000, 0x0000000086d00000|100%| E|CS|TAMS 0x0000000086c00000, 0x0000000086c00000| Complete 
| 109|0x0000000086d00000, 0x0000000086e00000, 0x0000000086e00000|100%| E|CS|TAMS 0x0000000086d00000, 0x0000000086d00000| Complete 
| 110|0x0000000086e00000, 0x0000000086f00000, 0x0000000086f00000|100%| E|CS|TAMS 0x0000000086e00000, 0x0000000086e00000| Complete 
| 111|0x0000000086f00000, 0x0000000087000000, 0x0000000087000000|100%| E|CS|TAMS 0x0000000086f00000, 0x0000000086f00000| Complete 
| 112|0x0000000087000000, 0x0000000087100000, 0x0000000087100000|100%| E|CS|TAMS 0x0000000087000000, 0x0000000087000000| Complete 
| 113|0x0000000087100000, 0x0000000087200000, 0x0000000087200000|100%| E|CS|TAMS 0x0000000087100000, 0x0000000087100000| Complete 
| 114|0x0000000087200000, 0x0000000087300000, 0x0000000087300000|100%| E|CS|TAMS 0x0000000087200000, 0x0000000087200000| Complete 
| 115|0x0000000087300000, 0x0000000087400000, 0x0000000087400000|100%| E|CS|TAMS 0x0000000087300000, 0x0000000087300000| Complete 
| 116|0x0000000087400000, 0x0000000087500000, 0x0000000087500000|100%| E|CS|TAMS 0x0000000087400000, 0x0000000087400000| Complete 
| 117|0x0000000087500000, 0x0000000087600000, 0x0000000087600000|100%| E|CS|TAMS 0x0000000087500000, 0x0000000087500000| Complete 
| 118|0x0000000087600000, 0x0000000087700000, 0x0000000087700000|100%| E|CS|TAMS 0x0000000087600000, 0x0000000087600000| Complete 
| 119|0x0000000087700000, 0x0000000087800000, 0x0000000087800000|100%| E|CS|TAMS 0x0000000087700000, 0x0000000087700000| Complete 
| 120|0x0000000087800000, 0x0000000087900000, 0x0000000087900000|100%| E|CS|TAMS 0x0000000087800000, 0x0000000087800000| Complete 
| 121|0x0000000087900000, 0x0000000087a00000, 0x0000000087a00000|100%| E|CS|TAMS 0x0000000087900000, 0x0000000087900000| Complete 
| 122|0x0000000087a00000, 0x0000000087b00000, 0x0000000087b00000|100%| E|CS|TAMS 0x0000000087a00000, 0x0000000087a00000| Complete 
| 123|0x0000000087b00000, 0x0000000087c00000, 0x0000000087c00000|100%| E|CS|TAMS 0x0000000087b00000, 0x0000000087b00000| Complete 
| 124|0x0000000087c00000, 0x0000000087d00000, 0x0000000087d00000|100%| E|CS|TAMS 0x0000000087c00000, 0x0000000087c00000| Complete 
| 125|0x0000000087d00000, 0x0000000087e00000, 0x0000000087e00000|100%| E|CS|TAMS 0x0000000087d00000, 0x0000000087d00000| Complete 
| 126|0x0000000087e00000, 0x0000000087f00000, 0x0000000087f00000|100%| E|CS|TAMS 0x0000000087e00000, 0x0000000087e00000| Complete 
| 127|0x0000000087f00000, 0x0000000088000000, 0x0000000088000000|100%| E|CS|TAMS 0x0000000087f00000, 0x0000000087f00000| Complete 
| 128|0x0000000088000000, 0x0000000088100000, 0x0000000088100000|100%| E|CS|TAMS 0x0000000088000000, 0x0000000088000000| Complete 
| 129|0x0000000088100000, 0x0000000088200000, 0x0000000088200000|100%| E|CS|TAMS 0x0000000088100000, 0x0000000088100000| Complete 
| 130|0x0000000088200000, 0x0000000088300000, 0x0000000088300000|100%| E|CS|TAMS 0x0000000088200000, 0x0000000088200000| Complete 
| 131|0x0000000088300000, 0x0000000088400000, 0x0000000088400000|100%| E|CS|TAMS 0x0000000088300000, 0x0000000088300000| Complete 
| 132|0x0000000088400000, 0x0000000088500000, 0x0000000088500000|100%| E|CS|TAMS 0x0000000088400000, 0x0000000088400000| Complete 
| 133|0x0000000088500000, 0x0000000088600000, 0x0000000088600000|100%| E|CS|TAMS 0x0000000088500000, 0x0000000088500000| Complete 
| 134|0x0000000088600000, 0x0000000088700000, 0x0000000088700000|100%| E|CS|TAMS 0x0000000088600000, 0x0000000088600000| Complete 
| 135|0x0000000088700000, 0x0000000088800000, 0x0000000088800000|100%| E|CS|TAMS 0x0000000088700000, 0x0000000088700000| Complete 
| 136|0x0000000088800000, 0x0000000088900000, 0x0000000088900000|100%| E|CS|TAMS 0x0000000088800000, 0x0000000088800000| Complete 
| 137|0x0000000088900000, 0x0000000088a00000, 0x0000000088a00000|100%| E|CS|TAMS 0x0000000088900000, 0x0000000088900000| Complete 
| 138|0x0000000088a00000, 0x0000000088b00000, 0x0000000088b00000|100%| E|CS|TAMS 0x0000000088a00000, 0x0000000088a00000| Complete 
| 139|0x0000000088b00000, 0x0000000088c00000, 0x0000000088c00000|100%| E|CS|TAMS 0x0000000088b00000, 0x0000000088b00000| Complete 
| 140|0x0000000088c00000, 0x0000000088d00000, 0x0000000088d00000|100%| E|CS|TAMS 0x0000000088c00000, 0x0000000088c00000| Complete 
| 141|0x0000000088d00000, 0x0000000088e00000, 0x0000000088e00000|100%| E|CS|TAMS 0x0000000088d00000, 0x0000000088d00000| Complete 
| 142|0x0000000088e00000, 0x0000000088f00000, 0x0000000088f00000|100%| E|CS|TAMS 0x0000000088e00000, 0x0000000088e00000| Complete 
| 143|0x0000000088f00000, 0x0000000089000000, 0x0000000089000000|100%| E|CS|TAMS 0x0000000088f00000, 0x0000000088f00000| Complete 
| 144|0x0000000089000000, 0x0000000089100000, 0x0000000089100000|100%| E|CS|TAMS 0x0000000089000000, 0x0000000089000000| Complete 
| 145|0x0000000089100000, 0x0000000089200000, 0x0000000089200000|100%| E|CS|TAMS 0x0000000089100000, 0x0000000089100000| Complete 
| 146|0x0000000089200000, 0x0000000089300000, 0x0000000089300000|100%| E|CS|TAMS 0x0000000089200000, 0x0000000089200000| Complete 
| 147|0x0000000089300000, 0x0000000089400000, 0x0000000089400000|100%| E|CS|TAMS 0x0000000089300000, 0x0000000089300000| Complete 
| 148|0x0000000089400000, 0x0000000089500000, 0x0000000089500000|100%| E|CS|TAMS 0x0000000089400000, 0x0000000089400000| Complete 
| 149|0x0000000089500000, 0x0000000089600000, 0x0000000089600000|100%| E|CS|TAMS 0x0000000089500000, 0x0000000089500000| Complete 
| 150|0x0000000089600000, 0x0000000089700000, 0x0000000089700000|100%| E|CS|TAMS 0x0000000089600000, 0x0000000089600000| Complete 
| 151|0x0000000089700000, 0x0000000089800000, 0x0000000089800000|100%| E|CS|TAMS 0x0000000089700000, 0x0000000089700000| Complete 
| 152|0x0000000089800000, 0x0000000089900000, 0x0000000089900000|100%| E|CS|TAMS 0x0000000089800000, 0x0000000089800000| Complete 
| 153|0x0000000089900000, 0x0000000089a00000, 0x0000000089a00000|100%| E|CS|TAMS 0x0000000089900000, 0x0000000089900000| Complete 

Card table byte_map: [0x0000017441730000,0x0000017441b30000] _byte_map_base: 0x0000017441330000

Marking Bits (Prev, Next): (CMBitMap*) 0x00000174290f3100, (CMBitMap*) 0x00000174290f30c8
 Prev Bits: [0x0000017443f30000, 0x0000017445f30000)
 Next Bits: [0x0000017441f30000, 0x0000017443f30000)

Polling page: 0x0000017428f80000

Metaspace:

Usage:
  Non-class:     30.07 MB capacity,    29.69 MB ( 99%) used,   325.20 KB (  1%) free+waste,    62.44 KB ( <1%) overhead. 
      Class:      3.73 MB capacity,     3.46 MB ( 93%) used,   249.48 KB (  7%) free+waste,    26.88 KB ( <1%) overhead. 
       Both:     33.80 MB capacity,    33.15 MB ( 98%) used,   574.68 KB (  2%) free+waste,    89.31 KB ( <1%) overhead. 

Virtual space:
  Non-class space:       32.00 MB reserved,      30.25 MB ( 95%) committed 
      Class space:        1.00 GB reserved,       3.75 MB ( <1%) committed 
             Both:        1.03 GB reserved,      34.00 MB (  3%) committed 

Chunk freelists:
   Non-Class:  6.63 KB
       Class:  2.75 KB
        Both:  9.38 KB

CodeHeap 'non-profiled nmethods': size=120064Kb used=2941Kb max_used=2941Kb free=117122Kb
 bounds [0x00000174399e0000, 0x0000017439cc0000, 0x0000017440f20000]
CodeHeap 'profiled nmethods': size=120000Kb used=13865Kb max_used=13865Kb free=106134Kb
 bounds [0x00000174324b0000, 0x0000017433240000, 0x00000174399e0000]
CodeHeap 'non-nmethods': size=5696Kb used=1151Kb max_used=1187Kb free=4544Kb
 bounds [0x0000017431f20000, 0x0000017432190000, 0x00000174324b0000]
 total_blobs=6489 nmethods=6015 adapters=385
 compilation: enabled
              stopped_count=0, restarted_count=0
 full_count=0

Compilation events (10 events):
Event: 15.533 Thread 0x0000017448363000 nmethod 6055 0x0000017433239410 code [0x00000174332395c0, 0x0000017433239778]
Event: 15.534 Thread 0x0000017448363000 6056       1       java.lang.reflect.Method::getMethodAccessor (5 bytes)
Event: 15.534 Thread 0x0000017448363000 nmethod 6056 0x0000017439cbf010 code [0x0000017439cbf1a0, 0x0000017439cbf258]
Event: 15.534 Thread 0x0000017448363000 6057       1       jdk.internal.reflect.NativeMethodAccessorImpl::setParent (6 bytes)
Event: 15.534 Thread 0x0000017448363000 nmethod 6057 0x0000017439cbf310 code [0x0000017439cbf4a0, 0x0000017439cbf598]
Event: 15.534 Thread 0x0000017448363000 6058       3       java.lang.reflect.Method::setMethodAccessor (21 bytes)
Event: 15.534 Thread 0x0000017448363000 nmethod 6058 0x0000017433239890 code [0x0000017433239a40, 0x0000017433239d28]
Event: 15.535 Thread 0x0000017448363000 6059       3       org.apache.maven.project.MavenProject::getProperties (8 bytes)
Event: 15.535 Thread 0x0000017448363000 nmethod 6059 0x0000017433239e10 code [0x0000017433239fe0, 0x000001743323a3a8]
Event: 15.536 Thread 0x0000017448363000 6060   !   3       org.apache.maven.plugin.PluginParameterExpressionEvaluator::evaluate (1319 bytes)

GC Heap History (10 events):
Event: 2.450 GC heap before
{Heap before GC invocations=3 (full 0):
 garbage-first heap   total 131072K, used 23000K [0x0000000080000000, 0x0000000100000000)
  region size 1024K, 21 young (21504K), 2 survivors (2048K)
 Metaspace       used 14555K, capacity 14745K, committed 14976K, reserved 1062912K
  class space    used 1522K, capacity 1615K, committed 1664K, reserved 1048576K
}
Event: 2.457 GC heap after
{Heap after GC invocations=4 (full 0):
 garbage-first heap   total 131072K, used 4217K [0x0000000080000000, 0x0000000100000000)
  region size 1024K, 3 young (3072K), 3 survivors (3072K)
 Metaspace       used 14555K, capacity 14745K, committed 14976K, reserved 1062912K
  class space    used 1522K, capacity 1615K, committed 1664K, reserved 1048576K
}
Event: 4.943 GC heap before
{Heap before GC invocations=4 (full 0):
 garbage-first heap   total 131072K, used 36985K [0x0000000080000000, 0x0000000100000000)
  region size 1024K, 35 young (35840K), 3 survivors (3072K)
 Metaspace       used 19818K, capacity 20135K, committed 20224K, reserved 1067008K
  class space    used 2120K, capacity 2247K, committed 2304K, reserved 1048576K
}
Event: 4.958 GC heap after
{Heap after GC invocations=5 (full 0):
 garbage-first heap   total 131072K, used 7172K [0x0000000080000000, 0x0000000100000000)
  region size 1024K, 5 young (5120K), 5 survivors (5120K)
 Metaspace       used 19818K, capacity 20135K, committed 20224K, reserved 1067008K
  class space    used 2120K, capacity 2247K, committed 2304K, reserved 1048576K
}
Event: 6.470 GC heap before
{Heap before GC invocations=5 (full 0):
 garbage-first heap   total 131072K, used 59396K [0x0000000080000000, 0x0000000100000000)
  region size 1024K, 57 young (58368K), 5 survivors (5120K)
 Metaspace       used 20892K, capacity 21206K, committed 21248K, reserved 1069056K
  class space    used 2168K, capacity 2283K, committed 2304K, reserved 1048576K
}
Event: 6.498 GC heap after
{Heap after GC invocations=6 (full 0):
 garbage-first heap   total 157696K, used 12116K [0x0000000080000000, 0x0000000100000000)
  region size 1024K, 10 young (10240K), 10 survivors (10240K)
 Metaspace       used 20892K, capacity 21206K, committed 21248K, reserved 1069056K
  class space    used 2168K, capacity 2283K, committed 2304K, reserved 1048576K
}
Event: 8.922 GC heap before
{Heap before GC invocations=7 (full 0):
 garbage-first heap   total 157696K, used 73556K [0x0000000080000000, 0x0000000100000000)
  region size 1024K, 68 young (69632K), 10 survivors (10240K)
 Metaspace       used 30507K, capacity 31079K, committed 31232K, reserved 1077248K
  class space    used 3236K, capacity 3481K, committed 3584K, reserved 1048576K
}
Event: 8.960 GC heap after
{Heap after GC invocations=8 (full 0):
 garbage-first heap   total 157696K, used 20451K [0x0000000080000000, 0x0000000100000000)
  region size 1024K, 9 young (9216K), 9 survivors (9216K)
 Metaspace       used 30507K, capacity 31079K, committed 31232K, reserved 1077248K
  class space    used 3236K, capacity 3481K, committed 3584K, reserved 1048576K
}
Event: 11.841 GC heap before
{Heap before GC invocations=8 (full 0):
 garbage-first heap   total 157696K, used 92131K [0x0000000080000000, 0x0000000100000000)
  region size 1024K, 76 young (77824K), 9 survivors (9216K)
 Metaspace       used 33150K, capacity 33771K, committed 34048K, reserved 1079296K
  class space    used 3483K, capacity 3733K, committed 3840K, reserved 1048576K
}
Event: 11.888 GC heap after
{Heap after GC invocations=9 (full 0):
 garbage-first heap   total 157696K, used 33961K [0x0000000080000000, 0x0000000100000000)
  region size 1024K, 10 young (10240K), 10 survivors (10240K)
 Metaspace       used 33150K, capacity 33771K, committed 34048K, reserved 1079296K
  class space    used 3483K, capacity 3733K, committed 3840K, reserved 1048576K
}

Deoptimization events (10 events):
Event: 12.793 Thread 0x00000174290b6000 Uncommon trap: reason=bimorphic_or_optimized_type_check action=maybe_recompile pc=0x0000017439c0b9b8 method=com.sun.tools.javac.file.BaseFileManager.getKind(Ljava/nio/file/Path;)Ljavax/tools/JavaFileObject$Kind; @ 1 c2
Event: 12.794 Thread 0x00000174290b6000 Uncommon trap: reason=bimorphic_or_optimized_type_check action=maybe_recompile pc=0x0000017439c0b9b8 method=com.sun.tools.javac.file.BaseFileManager.getKind(Ljava/nio/file/Path;)Ljavax/tools/JavaFileObject$Kind; @ 1 c2
Event: 13.118 Thread 0x00000174290b6000 Uncommon trap: reason=unstable_if action=reinterpret pc=0x0000017439be388c method=sun.nio.ch.IOUtil.readIntoNativeBuffer(Ljava/io/FileDescriptor;Ljava/nio/ByteBuffer;JZILsun/nio/ch/NativeDispatcher;)I @ 141 c2
Event: 14.156 Thread 0x00000174290b6000 Uncommon trap: reason=profile_predicate action=maybe_recompile pc=0x0000017439c0cc4c method=java.util.regex.Pattern$Slice.match(Ljava/util/regex/Matcher;ILjava/lang/CharSequence;)Z @ 18 c2
Event: 14.156 Thread 0x00000174290b6000 Uncommon trap: reason=profile_predicate action=maybe_recompile pc=0x0000017439c0cc4c method=java.util.regex.Pattern$Slice.match(Ljava/util/regex/Matcher;ILjava/lang/CharSequence;)Z @ 18 c2
Event: 14.156 Thread 0x00000174290b6000 Uncommon trap: reason=profile_predicate action=maybe_recompile pc=0x0000017439c0cc4c method=java.util.regex.Pattern$Slice.match(Ljava/util/regex/Matcher;ILjava/lang/CharSequence;)Z @ 18 c2
Event: 14.156 Thread 0x00000174290b6000 Uncommon trap: reason=profile_predicate action=maybe_recompile pc=0x0000017439c0cc4c method=java.util.regex.Pattern$Slice.match(Ljava/util/regex/Matcher;ILjava/lang/CharSequence;)Z @ 18 c2
Event: 15.204 Thread 0x00000174290b6000 Uncommon trap: reason=unstable_if action=reinterpret pc=0x0000017439c82118 method=java.util.regex.Pattern.closure(Ljava/util/regex/Pattern$Node;)Ljava/util/regex/Pattern$Node; @ 6 c2
Event: 15.480 Thread 0x00000174290b6000 Uncommon trap: reason=unstable_if action=reinterpret pc=0x0000017439b861b8 method=java.lang.ThreadLocal$ThreadLocalMap.getEntry(Ljava/lang/ThreadLocal;)Ljava/lang/ThreadLocal$ThreadLocalMap$Entry; @ 29 c2
Event: 15.495 Thread 0x00000174290b6000 Uncommon trap: reason=unstable_if action=reinterpret pc=0x0000017439aa47b0 method=com.google.inject.internal.MoreTypes.canonicalize(Ljava/lang/reflect/Type;)Ljava/lang/reflect/Type; @ 16 c2

Classes redefined (0 events):
No events

Internal exceptions (10 events):
Event: 13.450 Thread 0x00000174290b6000 Exception <a 'java/lang/NoSuchMethodError'{0x000000008819d320}: java.lang.invoke.Invokers$Holder.linkToTargetMethod(Ljava/lang/Object;Ljava/lang/Object;Ljava/lang/Object;Ljava/lang/Object;Ljava/lang/Object;Ljava/lang/Object;Ljava/lang/Object;)Ljava/lang/O
Event: 13.638 Thread 0x00000174290b6000 Exception <a 'sun/nio/fs/WindowsException'{0x0000000087f15528}> (0x0000000087f15528) thrown at [./open/src/hotspot/share/prims/jni.cpp, line 611]
Event: 13.638 Thread 0x00000174290b6000 Exception <a 'sun/nio/fs/WindowsException'{0x0000000087f15ca8}> (0x0000000087f15ca8) thrown at [./open/src/hotspot/share/prims/jni.cpp, line 611]
Event: 13.638 Thread 0x00000174290b6000 Exception <a 'sun/nio/fs/WindowsException'{0x0000000087f16268}> (0x0000000087f16268) thrown at [./open/src/hotspot/share/prims/jni.cpp, line 611]
Event: 13.638 Thread 0x00000174290b6000 Exception <a 'sun/nio/fs/WindowsException'{0x0000000087f169d8}> (0x0000000087f169d8) thrown at [./open/src/hotspot/share/prims/jni.cpp, line 611]
Event: 13.639 Thread 0x00000174290b6000 Exception <a 'sun/nio/fs/WindowsException'{0x0000000087f16d68}> (0x0000000087f16d68) thrown at [./open/src/hotspot/share/prims/jni.cpp, line 611]
Event: 13.639 Thread 0x00000174290b6000 Exception <a 'sun/nio/fs/WindowsException'{0x0000000087f17a40}> (0x0000000087f17a40) thrown at [./open/src/hotspot/share/prims/jni.cpp, line 611]
Event: 13.639 Thread 0x00000174290b6000 Exception <a 'sun/nio/fs/WindowsException'{0x0000000087f17da0}> (0x0000000087f17da0) thrown at [./open/src/hotspot/share/prims/jni.cpp, line 611]
Event: 13.639 Thread 0x00000174290b6000 Exception <a 'sun/nio/fs/WindowsException'{0x0000000087f18a68}> (0x0000000087f18a68) thrown at [./open/src/hotspot/share/prims/jni.cpp, line 611]
Event: 13.816 Thread 0x00000174290b6000 Exception <a 'sun/nio/fs/WindowsException'{0x0000000087faa1a8}> (0x0000000087faa1a8) thrown at [./open/src/hotspot/share/prims/jni.cpp, line 611]

Events (10 events):
Event: 15.489 Thread 0x000001744aa7d800 Thread added: 0x000001744aa7d800
Event: 15.489 loading class org/apache/maven/surefire/providerapi/ServiceLoader
Event: 15.489 loading class org/apache/maven/surefire/providerapi/ServiceLoader done
Event: 15.489 loading class org/apache/maven/surefire/providerapi/ServiceLoader
Event: 15.489 loading class org/apache/maven/surefire/providerapi/ServiceLoader done
Event: 15.495 Thread 0x00000174290b6000 Uncommon trap: trap_request=0xffffff4d fr.pc=0x0000017439aa47b0 relative=0x0000000000000c30
Event: 15.495 Thread 0x00000174290b6000 DEOPT PACKING pc=0x0000017439aa47b0 sp=0x0000002bc02fda80
Event: 15.495 Thread 0x00000174290b6000 DEOPT UNPACKING pc=0x0000017431f283af sp=0x0000002bc02fda20 mode 2
Event: 15.500 loading class org/apache/maven/plugin/lifecycle/Lifecycle
Event: 15.500 loading class org/apache/maven/plugin/lifecycle/Lifecycle done


Dynamic libraries:
0x00007ff7e9130000 - 0x00007ff7e913f000 	C:\Program Files\Java\jdk-11.0.16\bin\java.exe
0x00007ffeb96d0000 - 0x00007ffeb98c8000 	C:\Windows\SYSTEM32\ntdll.dll
0x00007ffeb7730000 - 0x00007ffeb77ed000 	C:\Windows\System32\KERNEL32.DLL
0x00007ffeb7450000 - 0x00007ffeb7722000 	C:\Windows\System32\KERNELBASE.dll
0x00007ffeb6de0000 - 0x00007ffeb6ee0000 	C:\Windows\System32\ucrtbase.dll
0x00007ffea3b80000 - 0x00007ffea3b98000 	C:\Program Files\Java\jdk-11.0.16\bin\jli.dll
0x00007ffeb8110000 - 0x00007ffeb81be000 	C:\Windows\System32\ADVAPI32.dll
0x00007ffeb84a0000 - 0x00007ffeb853e000 	C:\Windows\System32\msvcrt.dll
0x00007ffeb8010000 - 0x00007ffeb80ac000 	C:\Windows\System32\sechost.dll
0x00007ffeb89e0000 - 0x00007ffeb8b05000 	C:\Windows\System32\RPCRT4.dll
0x00007ffeb7e10000 - 0x00007ffeb7fad000 	C:\Windows\System32\USER32.dll
0x00007ffeb73d0000 - 0x00007ffeb73f2000 	C:\Windows\System32\win32u.dll
0x00007ffeb92f0000 - 0x00007ffeb931b000 	C:\Windows\System32\GDI32.dll
0x00007ffeb6ee0000 - 0x00007ffeb6fef000 	C:\Windows\System32\gdi32full.dll
0x00007ffeb7250000 - 0x00007ffeb72ed000 	C:\Windows\System32\msvcp_win.dll
0x00007ffe98c10000 - 0x00007ffe98eaa000 	C:\Windows\WinSxS\amd64_microsoft.windows.common-controls_6595b64144ccf1df_6.0.19041.1110_none_60b5254171f9507e\COMCTL32.dll
0x00007ffeaf180000 - 0x00007ffeaf18a000 	C:\Windows\SYSTEM32\VERSION.dll
0x00007ffe9ea60000 - 0x00007ffe9ea75000 	C:\Program Files\Java\jdk-11.0.16\bin\VCRUNTIME140.dll
0x00007ffeb81c0000 - 0x00007ffeb81f0000 	C:\Windows\System32\IMM32.DLL
0x00007ffe9dca0000 - 0x00007ffe9dd3b000 	C:\Program Files\Java\jdk-11.0.16\bin\msvcp140.dll
0x00007ffe5c070000 - 0x00007ffe5cb88000 	C:\Program Files\Java\jdk-11.0.16\bin\server\jvm.dll
0x00007ffeb9320000 - 0x00007ffeb9328000 	C:\Windows\System32\PSAPI.DLL
0x00007ffea1a70000 - 0x00007ffea1a79000 	C:\Windows\SYSTEM32\WSOCK32.dll
0x00007ffeb8420000 - 0x00007ffeb848b000 	C:\Windows\System32\WS2_32.dll
0x00007ffe96c40000 - 0x00007ffe96c67000 	C:\Windows\SYSTEM32\WINMM.dll
0x00007ffeb4c80000 - 0x00007ffeb4c92000 	C:\Windows\SYSTEM32\kernel.appcore.dll
0x00007ffeb27b0000 - 0x00007ffeb27c0000 	C:\Program Files\Java\jdk-11.0.16\bin\verify.dll
0x00007ffea5940000 - 0x00007ffea5b24000 	C:\Windows\SYSTEM32\DBGHELP.DLL
0x00007ffea5de0000 - 0x00007ffea5e0c000 	C:\Windows\SYSTEM32\dbgcore.DLL
0x00007ffeb71c0000 - 0x00007ffeb7242000 	C:\Windows\System32\bcryptPrimitives.dll
0x00007ffe9ea30000 - 0x00007ffe9ea58000 	C:\Program Files\Java\jdk-11.0.16\bin\java.dll
0x00007ffea43f0000 - 0x00007ffea43fa000 	C:\Program Files\Java\jdk-11.0.16\bin\jimage.dll
0x00007ffe9e950000 - 0x00007ffe9e966000 	C:\Program Files\Java\jdk-11.0.16\bin\zip.dll
0x00007ffeb8b10000 - 0x00007ffeb9253000 	C:\Windows\System32\SHELL32.dll
0x00007ffeb4e80000 - 0x00007ffeb5611000 	C:\Windows\SYSTEM32\windows.storage.dll
0x00007ffeb77f0000 - 0x00007ffeb7b44000 	C:\Windows\System32\combase.dll
0x00007ffeb6680000 - 0x00007ffeb66b0000 	C:\Windows\SYSTEM32\Wldp.dll
0x00007ffeb8310000 - 0x00007ffeb83bd000 	C:\Windows\System32\SHCORE.dll
0x00007ffeb7fb0000 - 0x00007ffeb8005000 	C:\Windows\System32\shlwapi.dll
0x00007ffeb6d20000 - 0x00007ffeb6d3f000 	C:\Windows\SYSTEM32\profapi.dll
0x00007ffe9e550000 - 0x00007ffe9e569000 	C:\Program Files\Java\jdk-11.0.16\bin\net.dll
0x00007ffeae320000 - 0x00007ffeae42d000 	C:\Windows\SYSTEM32\WINHTTP.dll
0x00007ffeb6460000 - 0x00007ffeb64ca000 	C:\Windows\system32\mswsock.dll
0x00007ffe9dc80000 - 0x00007ffe9dc92000 	C:\Program Files\Java\jdk-11.0.16\bin\nio.dll
0x0000000069ac0000 - 0x0000000069ae4000 	C:\Users\sfjbs\Downloads\micro service-20221001T123314Z-001\micro service\apache-maven-3.8.5-bin\apache-maven-3.8.5\lib\jansi-native\Windows\x86_64\jansi.dll

dbghelp: loaded successfully - version: 4.0.5 - missing functions: none
symbol engine: initialized successfully - sym options: 0x614 - pdb path: .;C:\Program Files\Java\jdk-11.0.16\bin;C:\Windows\SYSTEM32;C:\Windows\WinSxS\amd64_microsoft.windows.common-controls_6595b64144ccf1df_6.0.19041.1110_none_60b5254171f9507e;C:\Program Files\Java\jdk-11.0.16\bin\server;C:\Users\sfjbs\Downloads\micro service-20221001T123314Z-001\micro service\apache-maven-3.8.5-bin\apache-maven-3.8.5\lib\jansi-native\Windows\x86_64

VM Arguments:
jvm_args: -Dclassworlds.conf=C:\Users\sfjbs\Downloads\micro service-20221001T123314Z-001\micro service\apache-maven-3.8.5-bin\apache-maven-3.8.5\bin\m2.conf -Dmaven.home=C:\Users\sfjbs\Downloads\micro service-20221001T123314Z-001\micro service\apache-maven-3.8.5-bin\apache-maven-3.8.5 -Dlibrary.jansi.path=C:\Users\sfjbs\Downloads\micro service-20221001T123314Z-001\micro service\apache-maven-3.8.5-bin\apache-maven-3.8.5\lib\jansi-native -Dmaven.multiModuleProjectDirectory=C:\Users\sfjbs\IdeaProjects\Deepika\Day 13\pension-management-system 
java_command: org.codehaus.plexus.classworlds.launcher.Launcher install dockerfile:build
java_class_path (initial): C:\Users\sfjbs\Downloads\micro service-20221001T123314Z-001\micro service\apache-maven-3.8.5-bin\apache-maven-3.8.5\boot\plexus-classworlds-2.6.0.jar
Launcher Type: SUN_STANDARD

[Global flags]
     intx CICompilerCount                          = 2                                         {product} {ergonomic}
     uint ConcGCThreads                            = 1                                         {product} {ergonomic}
     uint G1ConcRefinementThreads                  = 2                                         {product} {ergonomic}
   size_t G1HeapRegionSize                         = 1048576                                   {product} {ergonomic}
    uintx GCDrainStackTargetSize                   = 64                                        {product} {ergonomic}
   size_t InitialHeapSize                          = 134217728                                 {product} {ergonomic}
   size_t MarkStackSize                            = 4194304                                   {product} {ergonomic}
   size_t MaxHeapSize                              = 2147483648                                {product} {ergonomic}
   size_t MaxNewSize                               = 1287651328                                {product} {ergonomic}
   size_t MinHeapDeltaBytes                        = 1048576                                   {product} {ergonomic}
    uintx NonNMethodCodeHeapSize                   = 5825164                                {pd product} {ergonomic}
    uintx NonProfiledCodeHeapSize                  = 122916538                              {pd product} {ergonomic}
    uintx ProfiledCodeHeapSize                     = 122916538                              {pd product} {ergonomic}
    uintx ReservedCodeCacheSize                    = 251658240                              {pd product} {ergonomic}
     bool SegmentedCodeCache                       = true                                      {product} {ergonomic}
     bool UseCompressedClassPointers               = true                                 {lp64_product} {ergonomic}
     bool UseCompressedOops                        = true                                 {lp64_product} {ergonomic}
     bool UseG1GC                                  = true                                      {product} {ergonomic}
     bool UseLargePagesIndividualAllocation        = false                                  {pd product} {ergonomic}

Logging:
Log output configuration:
 #0: stdout all=warning uptime,level,tags
 #1: stderr all=off uptime,level,tags

Environment Variables:
PATH=C:\Program Files\Common Files\Oracle\Java\javapath;C:\Windows\system32;C:\Windows;C:\Windows\System32\Wbem;C:\Windows\System32\WindowsPowerShell\v1.0\;C:\Windows\System32\OpenSSH\;C:\Users\sfjbs\Downloads\micro service-20221001T123314Z-001\micro service\apache-maven-3.8.5-bin\apache-maven-3.8.5\bin;C:\Users\sfjbs\Downloads\micro service-20221001T123314Z-001\micro service\apache-maven-3.8.5-bin\apache-maven-3.8.5\lib;C:\Program Files\Docker\Docker\resources\bin;C:\ProgramData\DockerDesktop\version-bin;C:\Program Files\Git\cmd;C:\Users\sfjbs\AppData\Local\Microsoft\WindowsApps;C:\Users\sfjbs\Downloads\micro service-20221001T123314Z-001\micro service\apache-maven-3.8.5-bin\apache-maven-3.8.5\bin;C:\Users\sfjbs\Downloads\micro service-20221001T123314Z-001\micro service\apache-maven-3.8.5-bin\apache-maven-3.8.5\lib;;C:\Program Files\JetBrains\IntelliJ IDEA Community Edition 2022.2.1\bin;
USERNAME=sfjbs
OS=Windows_NT
PROCESSOR_IDENTIFIER=Intel64 Family 6 Model 85 Stepping 7, GenuineIntel



---------------  S Y S T E M  ---------------

OS: Windows 10 , 64 bit Build 19041 (10.0.19041.1889)
Hyper-V role detected

CPU:total 2 (initial active 2) (1 cores per cpu, 2 threads per core) family 6 model 85 stepping 7 microcode 0xffffffff, cmov, cx8, fxsr, mmx, sse, sse2, sse3, ssse3, sse4.1, sse4.2, popcnt, avx, avx2, aes, clmul, erms, rtm, 3dnowpref, lzcnt, ht, tsc, bmi1, bmi2, adx, evex, fma

Memory: 4k page, system-wide physical 8190M (326M free)
TotalPageFile size 10238M (AvailPageFile size 5M)
current process WorkingSet (physical memory assigned to process): 229M, peak: 237M
current process commit charge ("private bytes"): 291M, peak: 298M

vm_info: Java HotSpot(TM) 64-Bit Server VM (11.0.16+11-LTS-199) for windows-amd64 JRE (11.0.16+11-LTS-199), built on Jun 28 2022 08:23:17 by "mach5one" with MS VC++ 15.9 (VS2017)

END.
