#
# There is insufficient memory for the Java Runtime Environment to continue.
# Native memory allocation (malloc) failed to allocate 409056 bytes for Chunk::new
# Possible reasons:
#   The system is out of physical RAM or swap space
#   The process is running with CompressedOops enabled, and the Java Heap may be blocking the growth of the native heap
# Possible solutions:
#   Reduce memory load on the system
#   Increase physical memory or swap space
#   Check if swap backing store is full
#   Decrease Java heap size (-Xmx/-Xms)
#   Decrease number of Java threads
#   Decrease Java thread stack sizes (-Xss)
#   Set larger code cache with -XX:ReservedCodeCacheSize=
#   JVM is running with Unscaled Compressed Oops mode in which the Java heap is
#     placed in the first 4GB address space. The Java Heap base address is the
#     maximum limit for the native heap growth. Please use -XX:HeapBaseMinAddress
#     to set the Java Heap base and to place the Java Heap above 4GB virtual address.
# This output file may be truncated or incomplete.
#
#  Out of Memory Error (./open/src/hotspot/share/memory/arena.cpp:197), pid=59384, tid=57704
#
# JRE version: Java(TM) SE Runtime Environment 18.9 (11.0.16+11) (build 11.0.16+11-LTS-199)
# Java VM: Java HotSpot(TM) 64-Bit Server VM 18.9 (11.0.16+11-LTS-199, mixed mode, tiered, compressed oops, g1 gc, windows-amd64)
# No core dump will be written. Minidumps are not enabled by default on client versions of Windows
#

---------------  S U M M A R Y ------------

Command Line: -Dclassworlds.conf=C:\Users\sfjbs\Downloads\micro service-20221001T123314Z-001\micro service\apache-maven-3.8.5-bin\apache-maven-3.8.5\bin\m2.conf -Dmaven.home=C:\Users\sfjbs\Downloads\micro service-20221001T123314Z-001\micro service\apache-maven-3.8.5-bin\apache-maven-3.8.5 -Dlibrary.jansi.path=C:\Users\sfjbs\Downloads\micro service-20221001T123314Z-001\micro service\apache-maven-3.8.5-bin\apache-maven-3.8.5\lib\jansi-native -Dmaven.multiModuleProjectDirectory=C:\Users\sfjbs\IdeaProjects\Deepika\Day 13\pension-management-system org.codehaus.plexus.classworlds.launcher.Launcher clean install -e

Host: Intel(R) Xeon(R) Platinum 8272CL CPU @ 2.60GHz, 2 cores, 7G,  Windows 10 , 64 bit Build 19041 (10.0.19041.1889)
Time: Thu Oct 27 11:06:42 2022 Coordinated Universal Time elapsed time: 25.492131 seconds (0d 0h 0m 25s)

---------------  T H R E A D  ---------------

Current thread (0x0000012ed2ebf000):  JavaThread "C2 CompilerThread0" daemon [_thread_in_native, id=57704, stack(0x000000294fe00000,0x000000294ff00000)]


Current CompileTask:
C2:  25492 5974  s!   4       jdk.internal.loader.URLClassPath::getLoader (194 bytes)

Stack: [0x000000294fe00000,0x000000294ff00000]
Native frames: (J=compiled Java code, j=interpreted, Vv=VM code, C=native code)
V  [jvm.dll+0x62a3ea]
V  [jvm.dll+0x76418f]
V  [jvm.dll+0x765839]
V  [jvm.dll+0x765ec3]
V  [jvm.dll+0x23da98]
V  [jvm.dll+0xb2a1c]
V  [jvm.dll+0xb2fdc]
V  [jvm.dll+0x2ae814]
V  [jvm.dll+0x53d97b]
V  [jvm.dll+0x200877]
V  [jvm.dll+0x1fa5ba]
V  [jvm.dll+0x1f756d]
V  [jvm.dll+0x177c81]
V  [jvm.dll+0x207006]
V  [jvm.dll+0x20519b]
V  [jvm.dll+0x729fa0]
V  [jvm.dll+0x722b74]
V  [jvm.dll+0x629286]
C  [ucrtbase.dll+0x21bb2]
C  [KERNEL32.DLL+0x17034]
C  [ntdll.dll+0x526a1]


---------------  P R O C E S S  ---------------

Threads class SMR info:
_java_thread_list=0x0000012ed69e6f20, length=21, elements={
0x0000012eb53d7000, 0x0000012ed2e91000, 0x0000012ed2e92800, 0x0000012ed2eb8800,
0x0000012ed2ebb800, 0x0000012ed2ebe000, 0x0000012ed2ebf000, 0x0000012ed2efa000,
0x0000012ed2efb000, 0x0000012ed390f000, 0x0000012ed3de1800, 0x0000012ed672a000,
0x0000012ed65b3800, 0x0000012ed634b000, 0x0000012ed5578000, 0x0000012ed5009800,
0x0000012ed4c05800, 0x0000012ed6348800, 0x0000012ed5776000, 0x0000012ed5776800,
0x0000012ed5777800
}

Java Threads: ( => current thread )
  0x0000012eb53d7000 JavaThread "main" [_thread_in_native, id=5356, stack(0x000000294f100000,0x000000294f200000)]
  0x0000012ed2e91000 JavaThread "Reference Handler" daemon [_thread_blocked, id=57976, stack(0x000000294f900000,0x000000294fa00000)]
  0x0000012ed2e92800 JavaThread "Finalizer" daemon [_thread_blocked, id=5796, stack(0x000000294fa00000,0x000000294fb00000)]
  0x0000012ed2eb8800 JavaThread "Signal Dispatcher" daemon [_thread_blocked, id=8672, stack(0x000000294fb00000,0x000000294fc00000)]
  0x0000012ed2ebb800 JavaThread "Attach Listener" daemon [_thread_blocked, id=57492, stack(0x000000294fc00000,0x000000294fd00000)]
  0x0000012ed2ebe000 JavaThread "Service Thread" daemon [_thread_blocked, id=59388, stack(0x000000294fd00000,0x000000294fe00000)]
=>0x0000012ed2ebf000 JavaThread "C2 CompilerThread0" daemon [_thread_in_native, id=57704, stack(0x000000294fe00000,0x000000294ff00000)]
  0x0000012ed2efa000 JavaThread "C1 CompilerThread0" daemon [_thread_blocked, id=59056, stack(0x000000294ff00000,0x0000002950000000)]
  0x0000012ed2efb000 JavaThread "Sweeper thread" daemon [_thread_blocked, id=54872, stack(0x0000002950000000,0x0000002950100000)]
  0x0000012ed390f000 JavaThread "Common-Cleaner" daemon [_thread_blocked, id=58600, stack(0x0000002950200000,0x0000002950300000)]
  0x0000012ed3de1800 JavaThread "resolver-1" daemon [_thread_blocked, id=59312, stack(0x0000002950400000,0x0000002950500000)]
  0x0000012ed672a000 JavaThread "resolver-2" daemon [_thread_blocked, id=59236, stack(0x0000002950500000,0x0000002950600000)]
  0x0000012ed65b3800 JavaThread "resolver-3" daemon [_thread_blocked, id=42072, stack(0x0000002950600000,0x0000002950700000)]
  0x0000012ed634b000 JavaThread "resolver-4" daemon [_thread_blocked, id=3460, stack(0x0000002950700000,0x0000002950800000)]
  0x0000012ed5578000 JavaThread "resolver-5" daemon [_thread_blocked, id=45588, stack(0x0000002950800000,0x0000002950900000)]
  0x0000012ed5009800 JavaThread "timeout-check-timer" daemon [_thread_blocked, id=9080, stack(0x0000002950900000,0x0000002950a00000)]
  0x0000012ed4c05800 JavaThread "ping-timer-10s" daemon [_thread_blocked, id=51256, stack(0x0000002950a00000,0x0000002950b00000)]
  0x0000012ed6348800 JavaThread "ThreadedStreamConsumer" daemon [_thread_in_native, id=56908, stack(0x0000002950b00000,0x0000002950c00000)]
  0x0000012ed5776000 JavaThread "Thread-2" [_thread_blocked, id=1784, stack(0x0000002950c00000,0x0000002950d00000)]
  0x0000012ed5776800 JavaThread "Thread-3" [_thread_in_native, id=54836, stack(0x0000002950d00000,0x0000002950e00000)]
  0x0000012ed5777800 JavaThread "Thread-4" [_thread_in_native, id=6140, stack(0x0000002950e00000,0x0000002950f00000)]

Other Threads:
  0x0000012ed2ea7800 VMThread "VM Thread" [stack: 0x000000294f800000,0x000000294f900000] [id=55256]
  0x0000012ed390d800 WatcherThread [stack: 0x0000002950100000,0x0000002950200000] [id=50516]
  0x0000012eb53eb800 GCTaskThread "GC Thread#0" [stack: 0x000000294f300000,0x000000294f400000] [id=5848]
  0x0000012ed3d9a800 GCTaskThread "GC Thread#1" [stack: 0x0000002950300000,0x0000002950400000] [id=8932]
  0x0000012eb541b800 ConcurrentGCThread "G1 Main Marker" [stack: 0x000000294f400000,0x000000294f500000] [id=58212]
  0x0000012eb541e000 ConcurrentGCThread "G1 Conc#0" [stack: 0x000000294f500000,0x000000294f600000] [id=5872]
  0x0000012eb54a3800 ConcurrentGCThread "G1 Refine#0" [stack: 0x000000294f600000,0x000000294f700000] [id=5148]
  0x0000012eb54a6000 ConcurrentGCThread "G1 Young RemSet Sampling" [stack: 0x000000294f700000,0x000000294f800000] [id=8436]

Threads with active compile tasks:
C2 CompilerThread0    25507 5974  s!   4       jdk.internal.loader.URLClassPath::getLoader (194 bytes)

VM state:not at safepoint (normal execution)

VM Mutex/Monitor currently owned by a thread: None

Heap address: 0x0000000080000000, size: 2048 MB, Compressed Oops mode: 32-bit
Narrow klass base: 0x0000000000000000, Narrow klass shift: 3
Compressed class space size: 1073741824 Address: 0x0000000100000000

Heap:
 garbage-first heap   total 157696K, used 25600K [0x0000000080000000, 0x0000000100000000)
  region size 1024K, 6 young (6144K), 3 survivors (3072K)
 Metaspace       used 35270K, capacity 36012K, committed 36224K, reserved 1081344K
  class space    used 3687K, capacity 3987K, committed 4096K, reserved 1048576K
Heap Regions: E=young(eden), S=young(survivor), O=old, HS=humongous(starts), HC=humongous(continues), CS=collection set, F=free, A=archive, TAMS=top-at-mark-start (previous, next)
|   0|0x0000000080000000, 0x0000000080100000, 0x0000000080100000|100%| O|  |TAMS 0x0000000080100000, 0x0000000080000000| Untracked 
|   1|0x0000000080100000, 0x0000000080200000, 0x0000000080200000|100%| O|  |TAMS 0x0000000080200000, 0x0000000080100000| Untracked 
|   2|0x0000000080200000, 0x0000000080300000, 0x0000000080300000|100%| O|  |TAMS 0x0000000080300000, 0x0000000080200000| Untracked 
|   3|0x0000000080300000, 0x0000000080300000, 0x0000000080400000|  0%| F|  |TAMS 0x0000000080300000, 0x0000000080300000| Untracked 
|   4|0x0000000080400000, 0x0000000080400000, 0x0000000080500000|  0%| F|  |TAMS 0x0000000080400000, 0x0000000080400000| Untracked 
|   5|0x0000000080500000, 0x0000000080600000, 0x0000000080600000|100%| O|  |TAMS 0x0000000080600000, 0x0000000080500000| Untracked 
|   6|0x0000000080600000, 0x0000000080700000, 0x0000000080700000|100%| O|  |TAMS 0x0000000080700000, 0x0000000080600000| Untracked 
|   7|0x0000000080700000, 0x0000000080800000, 0x0000000080800000|100%| O|  |TAMS 0x0000000080800000, 0x0000000080700000| Untracked 
|   8|0x0000000080800000, 0x0000000080900000, 0x0000000080900000|100%| O|  |TAMS 0x0000000080900000, 0x0000000080800000| Untracked 
|   9|0x0000000080900000, 0x0000000080a00000, 0x0000000080a00000|100%| O|  |TAMS 0x0000000080a00000, 0x0000000080900000| Untracked 
|  10|0x0000000080a00000, 0x0000000080b00000, 0x0000000080b00000|100%| O|  |TAMS 0x0000000080b00000, 0x0000000080a00000| Untracked 
|  11|0x0000000080b00000, 0x0000000080c00000, 0x0000000080c00000|100%| O|  |TAMS 0x0000000080c00000, 0x0000000080b00000| Untracked 
|  12|0x0000000080c00000, 0x0000000080d00000, 0x0000000080d00000|100%| O|  |TAMS 0x0000000080d00000, 0x0000000080c00000| Untracked 
|  13|0x0000000080d00000, 0x0000000080e00000, 0x0000000080e00000|100%| O|  |TAMS 0x0000000080e00000, 0x0000000080d00000| Untracked 
|  14|0x0000000080e00000, 0x0000000080e00000, 0x0000000080f00000|  0%| F|  |TAMS 0x0000000080e00000, 0x0000000080e00000| Untracked 
|  15|0x0000000080f00000, 0x0000000081000000, 0x0000000081000000|100%| O|  |TAMS 0x0000000081000000, 0x0000000080f00000| Untracked 
|  16|0x0000000081000000, 0x0000000081100000, 0x0000000081100000|100%| O|  |TAMS 0x0000000081100000, 0x0000000081000000| Untracked 
|  17|0x0000000081100000, 0x0000000081200000, 0x0000000081200000|100%| O|  |TAMS 0x0000000081200000, 0x0000000081100000| Untracked 
|  18|0x0000000081200000, 0x0000000081300000, 0x0000000081300000|100%| O|  |TAMS 0x0000000081300000, 0x0000000081200000| Untracked 
|  19|0x0000000081300000, 0x0000000081400000, 0x0000000081400000|100%| O|  |TAMS 0x0000000081400000, 0x0000000081300000| Untracked 
|  20|0x0000000081400000, 0x0000000081400000, 0x0000000081500000|  0%| F|  |TAMS 0x0000000081400000, 0x0000000081400000| Untracked 
|  21|0x0000000081500000, 0x0000000081500000, 0x0000000081600000|  0%| F|  |TAMS 0x0000000081500000, 0x0000000081500000| Untracked 
|  22|0x0000000081600000, 0x0000000081700000, 0x0000000081700000|100%| O|  |TAMS 0x0000000081700000, 0x0000000081600000| Untracked 
|  23|0x0000000081700000, 0x0000000081800000, 0x0000000081800000|100%| O|  |TAMS 0x0000000081800000, 0x0000000081700000| Untracked 
|  24|0x0000000081800000, 0x0000000081900000, 0x0000000081900000|100%| O|  |TAMS 0x0000000081900000, 0x0000000081800000| Untracked 
|  25|0x0000000081900000, 0x0000000081900000, 0x0000000081a00000|  0%| F|  |TAMS 0x0000000081900000, 0x0000000081900000| Untracked 
|  26|0x0000000081a00000, 0x0000000081a00000, 0x0000000081b00000|  0%| F|  |TAMS 0x0000000081a00000, 0x0000000081a00000| Untracked 
|  27|0x0000000081b00000, 0x0000000081b00000, 0x0000000081c00000|  0%| F|  |TAMS 0x0000000081b00000, 0x0000000081b00000| Untracked 
|  28|0x0000000081c00000, 0x0000000081c00000, 0x0000000081d00000|  0%| F|  |TAMS 0x0000000081c00000, 0x0000000081c00000| Untracked 
|  29|0x0000000081d00000, 0x0000000081d00000, 0x0000000081e00000|  0%| F|  |TAMS 0x0000000081d00000, 0x0000000081d00000| Untracked 
|  30|0x0000000081e00000, 0x0000000081e00000, 0x0000000081f00000|  0%| F|  |TAMS 0x0000000081e00000, 0x0000000081e00000| Untracked 
|  31|0x0000000081f00000, 0x0000000081f00000, 0x0000000082000000|  0%| F|  |TAMS 0x0000000081f00000, 0x0000000081f00000| Untracked 
|  32|0x0000000082000000, 0x0000000082000000, 0x0000000082100000|  0%| F|  |TAMS 0x0000000082000000, 0x0000000082000000| Untracked 
|  33|0x0000000082100000, 0x0000000082100000, 0x0000000082200000|  0%| F|  |TAMS 0x0000000082100000, 0x0000000082100000| Untracked 
|  34|0x0000000082200000, 0x0000000082200000, 0x0000000082300000|  0%| F|  |TAMS 0x0000000082200000, 0x0000000082200000| Untracked 
|  35|0x0000000082300000, 0x0000000082300000, 0x0000000082400000|  0%| F|  |TAMS 0x0000000082300000, 0x0000000082300000| Untracked 
|  36|0x0000000082400000, 0x0000000082400000, 0x0000000082500000|  0%| F|  |TAMS 0x0000000082400000, 0x0000000082400000| Untracked 
|  37|0x0000000082500000, 0x0000000082500000, 0x0000000082600000|  0%| F|  |TAMS 0x0000000082500000, 0x0000000082500000| Untracked 
|  38|0x0000000082600000, 0x0000000082600000, 0x0000000082700000|  0%| F|  |TAMS 0x0000000082600000, 0x0000000082600000| Untracked 
|  39|0x0000000082700000, 0x0000000082700000, 0x0000000082800000|  0%| F|  |TAMS 0x0000000082700000, 0x0000000082700000| Untracked 
|  40|0x0000000082800000, 0x0000000082800000, 0x0000000082900000|  0%| F|  |TAMS 0x0000000082800000, 0x0000000082800000| Untracked 
|  41|0x0000000082900000, 0x0000000082900000, 0x0000000082a00000|  0%| F|  |TAMS 0x0000000082900000, 0x0000000082900000| Untracked 
|  42|0x0000000082a00000, 0x0000000082a00000, 0x0000000082b00000|  0%| F|  |TAMS 0x0000000082a00000, 0x0000000082a00000| Untracked 
|  43|0x0000000082b00000, 0x0000000082b00000, 0x0000000082c00000|  0%| F|  |TAMS 0x0000000082b00000, 0x0000000082b00000| Untracked 
|  44|0x0000000082c00000, 0x0000000082c00000, 0x0000000082d00000|  0%| F|  |TAMS 0x0000000082c00000, 0x0000000082c00000| Untracked 
|  45|0x0000000082d00000, 0x0000000082d00000, 0x0000000082e00000|  0%| F|  |TAMS 0x0000000082d00000, 0x0000000082d00000| Untracked 
|  46|0x0000000082e00000, 0x0000000082e00000, 0x0000000082f00000|  0%| F|  |TAMS 0x0000000082e00000, 0x0000000082e00000| Untracked 
|  47|0x0000000082f00000, 0x0000000082f00000, 0x0000000083000000|  0%| F|  |TAMS 0x0000000082f00000, 0x0000000082f00000| Untracked 
|  48|0x0000000083000000, 0x0000000083000000, 0x0000000083100000|  0%| F|  |TAMS 0x0000000083000000, 0x0000000083000000| Untracked 
|  49|0x0000000083100000, 0x0000000083100000, 0x0000000083200000|  0%| F|  |TAMS 0x0000000083100000, 0x0000000083100000| Untracked 
|  50|0x0000000083200000, 0x0000000083200000, 0x0000000083300000|  0%| F|  |TAMS 0x0000000083200000, 0x0000000083200000| Untracked 
|  51|0x0000000083300000, 0x0000000083300000, 0x0000000083400000|  0%| F|  |TAMS 0x0000000083300000, 0x0000000083300000| Untracked 
|  52|0x0000000083400000, 0x0000000083400000, 0x0000000083500000|  0%| F|  |TAMS 0x0000000083400000, 0x0000000083400000| Untracked 
|  53|0x0000000083500000, 0x0000000083500000, 0x0000000083600000|  0%| F|  |TAMS 0x0000000083500000, 0x0000000083500000| Untracked 
|  54|0x0000000083600000, 0x0000000083600000, 0x0000000083700000|  0%| F|  |TAMS 0x0000000083600000, 0x0000000083600000| Untracked 
|  55|0x0000000083700000, 0x0000000083700000, 0x0000000083800000|  0%| F|  |TAMS 0x0000000083700000, 0x0000000083700000| Untracked 
|  56|0x0000000083800000, 0x0000000083800000, 0x0000000083900000|  0%| F|  |TAMS 0x0000000083800000, 0x0000000083800000| Untracked 
|  57|0x0000000083900000, 0x0000000083900000, 0x0000000083a00000|  0%| F|  |TAMS 0x0000000083900000, 0x0000000083900000| Untracked 
|  58|0x0000000083a00000, 0x0000000083a00000, 0x0000000083b00000|  0%| F|  |TAMS 0x0000000083a00000, 0x0000000083a00000| Untracked 
|  59|0x0000000083b00000, 0x0000000083b00000, 0x0000000083c00000|  0%| F|  |TAMS 0x0000000083b00000, 0x0000000083b00000| Untracked 
|  60|0x0000000083c00000, 0x0000000083c00000, 0x0000000083d00000|  0%| F|  |TAMS 0x0000000083c00000, 0x0000000083c00000| Untracked 
|  61|0x0000000083d00000, 0x0000000083d00000, 0x0000000083e00000|  0%| F|  |TAMS 0x0000000083d00000, 0x0000000083d00000| Untracked 
|  62|0x0000000083e00000, 0x0000000083e00000, 0x0000000083f00000|  0%| F|  |TAMS 0x0000000083e00000, 0x0000000083e00000| Untracked 
|  63|0x0000000083f00000, 0x0000000083f00000, 0x0000000084000000|  0%| F|  |TAMS 0x0000000083f00000, 0x0000000083f00000| Untracked 
|  64|0x0000000084000000, 0x0000000084000000, 0x0000000084100000|  0%| F|  |TAMS 0x0000000084000000, 0x0000000084000000| Untracked 
|  65|0x0000000084100000, 0x0000000084100000, 0x0000000084200000|  0%| F|  |TAMS 0x0000000084100000, 0x0000000084100000| Untracked 
|  66|0x0000000084200000, 0x0000000084200000, 0x0000000084300000|  0%| F|  |TAMS 0x0000000084200000, 0x0000000084200000| Untracked 
|  67|0x0000000084300000, 0x0000000084300000, 0x0000000084400000|  0%| F|  |TAMS 0x0000000084300000, 0x0000000084300000| Untracked 
|  68|0x0000000084400000, 0x0000000084400000, 0x0000000084500000|  0%| F|  |TAMS 0x0000000084400000, 0x0000000084400000| Untracked 
|  69|0x0000000084500000, 0x0000000084500000, 0x0000000084600000|  0%| F|  |TAMS 0x0000000084500000, 0x0000000084500000| Untracked 
|  70|0x0000000084600000, 0x0000000084600000, 0x0000000084700000|  0%| F|  |TAMS 0x0000000084600000, 0x0000000084600000| Untracked 
|  71|0x0000000084700000, 0x0000000084700000, 0x0000000084800000|  0%| F|  |TAMS 0x0000000084700000, 0x0000000084700000| Untracked 
|  72|0x0000000084800000, 0x0000000084800000, 0x0000000084900000|  0%| F|  |TAMS 0x0000000084800000, 0x0000000084800000| Untracked 
|  73|0x0000000084900000, 0x0000000084900000, 0x0000000084a00000|  0%| F|  |TAMS 0x0000000084900000, 0x0000000084900000| Untracked 
|  74|0x0000000084a00000, 0x0000000084a00000, 0x0000000084b00000|  0%| F|  |TAMS 0x0000000084a00000, 0x0000000084a00000| Untracked 
|  75|0x0000000084b00000, 0x0000000084b00000, 0x0000000084c00000|  0%| F|  |TAMS 0x0000000084b00000, 0x0000000084b00000| Untracked 
|  76|0x0000000084c00000, 0x0000000084c00000, 0x0000000084d00000|  0%| F|  |TAMS 0x0000000084c00000, 0x0000000084c00000| Untracked 
|  77|0x0000000084d00000, 0x0000000084d00000, 0x0000000084e00000|  0%| F|  |TAMS 0x0000000084d00000, 0x0000000084d00000| Untracked 
|  78|0x0000000084e00000, 0x0000000084e00000, 0x0000000084f00000|  0%| F|  |TAMS 0x0000000084e00000, 0x0000000084e00000| Untracked 
|  79|0x0000000084f00000, 0x0000000084f00000, 0x0000000085000000|  0%| F|  |TAMS 0x0000000084f00000, 0x0000000084f00000| Untracked 
|  80|0x0000000085000000, 0x0000000085000000, 0x0000000085100000|  0%| F|  |TAMS 0x0000000085000000, 0x0000000085000000| Untracked 
|  81|0x0000000085100000, 0x0000000085100000, 0x0000000085200000|  0%| F|  |TAMS 0x0000000085100000, 0x0000000085100000| Untracked 
|  82|0x0000000085200000, 0x0000000085200000, 0x0000000085300000|  0%| F|  |TAMS 0x0000000085200000, 0x0000000085200000| Untracked 
|  83|0x0000000085300000, 0x0000000085300000, 0x0000000085400000|  0%| F|  |TAMS 0x0000000085300000, 0x0000000085300000| Untracked 
|  84|0x0000000085400000, 0x0000000085400000, 0x0000000085500000|  0%| F|  |TAMS 0x0000000085400000, 0x0000000085400000| Untracked 
|  85|0x0000000085500000, 0x0000000085500000, 0x0000000085600000|  0%| F|  |TAMS 0x0000000085500000, 0x0000000085500000| Untracked 
|  86|0x0000000085600000, 0x0000000085600000, 0x0000000085700000|  0%| F|  |TAMS 0x0000000085600000, 0x0000000085600000| Untracked 
|  87|0x0000000085700000, 0x0000000085700000, 0x0000000085800000|  0%| F|  |TAMS 0x0000000085700000, 0x0000000085700000| Untracked 
|  88|0x0000000085800000, 0x0000000085800000, 0x0000000085900000|  0%| F|  |TAMS 0x0000000085800000, 0x0000000085800000| Untracked 
|  89|0x0000000085900000, 0x0000000085900000, 0x0000000085a00000|  0%| F|  |TAMS 0x0000000085900000, 0x0000000085900000| Untracked 
|  90|0x0000000085a00000, 0x0000000085a00000, 0x0000000085b00000|  0%| F|  |TAMS 0x0000000085a00000, 0x0000000085a00000| Untracked 
|  91|0x0000000085b00000, 0x0000000085b00000, 0x0000000085c00000|  0%| F|  |TAMS 0x0000000085b00000, 0x0000000085b00000| Untracked 
|  92|0x0000000085c00000, 0x0000000085c00000, 0x0000000085d00000|  0%| F|  |TAMS 0x0000000085c00000, 0x0000000085c00000| Untracked 
|  93|0x0000000085d00000, 0x0000000085d00000, 0x0000000085e00000|  0%| F|  |TAMS 0x0000000085d00000, 0x0000000085d00000| Untracked 
|  94|0x0000000085e00000, 0x0000000085e00000, 0x0000000085f00000|  0%| F|  |TAMS 0x0000000085e00000, 0x0000000085e00000| Untracked 
|  95|0x0000000085f00000, 0x0000000085f00000, 0x0000000086000000|  0%| F|  |TAMS 0x0000000085f00000, 0x0000000085f00000| Untracked 
|  96|0x0000000086000000, 0x0000000086000000, 0x0000000086100000|  0%| F|  |TAMS 0x0000000086000000, 0x0000000086000000| Untracked 
|  97|0x0000000086100000, 0x0000000086100000, 0x0000000086200000|  0%| F|  |TAMS 0x0000000086100000, 0x0000000086100000| Untracked 
|  98|0x0000000086200000, 0x0000000086200000, 0x0000000086300000|  0%| F|  |TAMS 0x0000000086200000, 0x0000000086200000| Untracked 
|  99|0x0000000086300000, 0x0000000086300000, 0x0000000086400000|  0%| F|  |TAMS 0x0000000086300000, 0x0000000086300000| Untracked 
| 100|0x0000000086400000, 0x0000000086400000, 0x0000000086500000|  0%| F|  |TAMS 0x0000000086400000, 0x0000000086400000| Untracked 
| 101|0x0000000086500000, 0x0000000086500000, 0x0000000086600000|  0%| F|  |TAMS 0x0000000086500000, 0x0000000086500000| Untracked 
| 102|0x0000000086600000, 0x0000000086600000, 0x0000000086700000|  0%| F|  |TAMS 0x0000000086600000, 0x0000000086600000| Untracked 
| 103|0x0000000086700000, 0x0000000086700000, 0x0000000086800000|  0%| F|  |TAMS 0x0000000086700000, 0x0000000086700000| Untracked 
| 104|0x0000000086800000, 0x0000000086800000, 0x0000000086900000|  0%| F|  |TAMS 0x0000000086800000, 0x0000000086800000| Untracked 
| 105|0x0000000086900000, 0x0000000086900000, 0x0000000086a00000|  0%| F|  |TAMS 0x0000000086900000, 0x0000000086900000| Untracked 
| 106|0x0000000086a00000, 0x0000000086a00000, 0x0000000086b00000|  0%| F|  |TAMS 0x0000000086a00000, 0x0000000086a00000| Untracked 
| 107|0x0000000086b00000, 0x0000000086b00000, 0x0000000086c00000|  0%| F|  |TAMS 0x0000000086b00000, 0x0000000086b00000| Untracked 
| 108|0x0000000086c00000, 0x0000000086c00000, 0x0000000086d00000|  0%| F|  |TAMS 0x0000000086c00000, 0x0000000086c00000| Untracked 
| 109|0x0000000086d00000, 0x0000000086d00000, 0x0000000086e00000|  0%| F|  |TAMS 0x0000000086d00000, 0x0000000086d00000| Untracked 
| 110|0x0000000086e00000, 0x0000000086e00000, 0x0000000086f00000|  0%| F|  |TAMS 0x0000000086e00000, 0x0000000086e00000| Untracked 
| 111|0x0000000086f00000, 0x0000000086f00000, 0x0000000087000000|  0%| F|  |TAMS 0x0000000086f00000, 0x0000000086f00000| Untracked 
| 112|0x0000000087000000, 0x0000000087000000, 0x0000000087100000|  0%| F|  |TAMS 0x0000000087000000, 0x0000000087000000| Untracked 
| 113|0x0000000087100000, 0x0000000087100000, 0x0000000087200000|  0%| F|  |TAMS 0x0000000087100000, 0x0000000087100000| Untracked 
| 114|0x0000000087200000, 0x0000000087200000, 0x0000000087300000|  0%| F|  |TAMS 0x0000000087200000, 0x0000000087200000| Untracked 
| 115|0x0000000087300000, 0x0000000087300000, 0x0000000087400000|  0%| F|  |TAMS 0x0000000087300000, 0x0000000087300000| Untracked 
| 116|0x0000000087400000, 0x0000000087400000, 0x0000000087500000|  0%| F|  |TAMS 0x0000000087400000, 0x0000000087400000| Untracked 
| 117|0x0000000087500000, 0x0000000087500000, 0x0000000087600000|  0%| F|  |TAMS 0x0000000087500000, 0x0000000087500000| Untracked 
| 118|0x0000000087600000, 0x0000000087600000, 0x0000000087700000|  0%| F|  |TAMS 0x0000000087600000, 0x0000000087600000| Untracked 
| 119|0x0000000087700000, 0x0000000087700000, 0x0000000087800000|  0%| F|  |TAMS 0x0000000087700000, 0x0000000087700000| Untracked 
| 120|0x0000000087800000, 0x0000000087800000, 0x0000000087900000|  0%| F|  |TAMS 0x0000000087800000, 0x0000000087800000| Untracked 
| 121|0x0000000087900000, 0x0000000087900000, 0x0000000087a00000|  0%| F|  |TAMS 0x0000000087900000, 0x0000000087900000| Untracked 
| 122|0x0000000087a00000, 0x0000000087a00000, 0x0000000087b00000|  0%| F|  |TAMS 0x0000000087a00000, 0x0000000087a00000| Untracked 
| 123|0x0000000087b00000, 0x0000000087b00000, 0x0000000087c00000|  0%| F|  |TAMS 0x0000000087b00000, 0x0000000087b00000| Untracked 
| 124|0x0000000087c00000, 0x0000000087c00000, 0x0000000087d00000|  0%| F|  |TAMS 0x0000000087c00000, 0x0000000087c00000| Untracked 
| 125|0x0000000087d00000, 0x0000000087d00000, 0x0000000087e00000|  0%| F|  |TAMS 0x0000000087d00000, 0x0000000087d00000| Untracked 
| 126|0x0000000087e00000, 0x0000000087e00000, 0x0000000087f00000|  0%| F|  |TAMS 0x0000000087e00000, 0x0000000087e00000| Untracked 
| 127|0x0000000087f00000, 0x0000000087f00000, 0x0000000088000000|  0%| F|  |TAMS 0x0000000087f00000, 0x0000000087f00000| Untracked 
| 128|0x0000000088000000, 0x0000000088000000, 0x0000000088100000|  0%| F|  |TAMS 0x0000000088000000, 0x0000000088000000| Untracked 
| 129|0x0000000088100000, 0x0000000088100000, 0x0000000088200000|  0%| F|  |TAMS 0x0000000088100000, 0x0000000088100000| Untracked 
| 130|0x0000000088200000, 0x0000000088200000, 0x0000000088300000|  0%| F|  |TAMS 0x0000000088200000, 0x0000000088200000| Untracked 
| 131|0x0000000088300000, 0x0000000088300000, 0x0000000088400000|  0%| F|  |TAMS 0x0000000088300000, 0x0000000088300000| Untracked 
| 132|0x0000000088400000, 0x0000000088400000, 0x0000000088500000|  0%| F|  |TAMS 0x0000000088400000, 0x0000000088400000| Untracked 
| 133|0x0000000088500000, 0x0000000088500000, 0x0000000088600000|  0%| F|  |TAMS 0x0000000088500000, 0x0000000088500000| Untracked 
| 134|0x0000000088600000, 0x0000000088600000, 0x0000000088700000|  0%| F|  |TAMS 0x0000000088600000, 0x0000000088600000| Untracked 
| 135|0x0000000088700000, 0x0000000088700000, 0x0000000088800000|  0%| F|  |TAMS 0x0000000088700000, 0x0000000088700000| Untracked 
| 136|0x0000000088800000, 0x0000000088800000, 0x0000000088900000|  0%| F|  |TAMS 0x0000000088800000, 0x0000000088800000| Untracked 
| 137|0x0000000088900000, 0x0000000088900000, 0x0000000088a00000|  0%| F|  |TAMS 0x0000000088900000, 0x0000000088900000| Untracked 
| 138|0x0000000088a00000, 0x0000000088a00000, 0x0000000088b00000|  0%| F|  |TAMS 0x0000000088a00000, 0x0000000088a00000| Untracked 
| 139|0x0000000088b00000, 0x0000000088b00000, 0x0000000088c00000|  0%| F|  |TAMS 0x0000000088b00000, 0x0000000088b00000| Untracked 
| 140|0x0000000088c00000, 0x0000000088c00000, 0x0000000088d00000|  0%| F|  |TAMS 0x0000000088c00000, 0x0000000088c00000| Untracked 
| 141|0x0000000088d00000, 0x0000000088d00000, 0x0000000088e00000|  0%| F|  |TAMS 0x0000000088d00000, 0x0000000088d00000| Untracked 
| 142|0x0000000088e00000, 0x0000000088e00000, 0x0000000088f00000|  0%| F|  |TAMS 0x0000000088e00000, 0x0000000088e00000| Untracked 
| 143|0x0000000088f00000, 0x0000000088f00000, 0x0000000089000000|  0%| F|  |TAMS 0x0000000088f00000, 0x0000000088f00000| Untracked 
| 144|0x0000000089000000, 0x0000000089000000, 0x0000000089100000|  0%| F|  |TAMS 0x0000000089000000, 0x0000000089000000| Untracked 
| 145|0x0000000089100000, 0x0000000089100000, 0x0000000089200000|  0%| F|  |TAMS 0x0000000089100000, 0x0000000089100000| Untracked 
| 146|0x0000000089200000, 0x0000000089200000, 0x0000000089300000|  0%| F|  |TAMS 0x0000000089200000, 0x0000000089200000| Untracked 
| 147|0x0000000089300000, 0x0000000089300000, 0x0000000089400000|  0%| F|  |TAMS 0x0000000089300000, 0x0000000089300000| Untracked 
| 148|0x0000000089400000, 0x00000000894ef080, 0x0000000089500000| 93%| E|  |TAMS 0x0000000089400000, 0x0000000089400000| Complete 
| 149|0x0000000089500000, 0x0000000089600000, 0x0000000089600000|100%| E|CS|TAMS 0x0000000089500000, 0x0000000089500000| Complete 
| 150|0x0000000089600000, 0x0000000089700000, 0x0000000089700000|100%| S|CS|TAMS 0x0000000089600000, 0x0000000089600000| Complete 
| 151|0x0000000089700000, 0x0000000089800000, 0x0000000089800000|100%| S|CS|TAMS 0x0000000089700000, 0x0000000089700000| Complete 
| 152|0x0000000089800000, 0x0000000089900000, 0x0000000089900000|100%| S|CS|TAMS 0x0000000089800000, 0x0000000089800000| Complete 
| 153|0x0000000089900000, 0x0000000089a00000, 0x0000000089a00000|100%| E|CS|TAMS 0x0000000089900000, 0x0000000089900000| Complete 

Card table byte_map: [0x0000012ecc290000,0x0000012ecc690000] _byte_map_base: 0x0000012ecbe90000

Marking Bits (Prev, Next): (CMBitMap*) 0x0000012eb5412ca8, (CMBitMap*) 0x0000012eb5412ce0
 Prev Bits: [0x0000012ecca90000, 0x0000012ecea90000)
 Next Bits: [0x0000012ecea90000, 0x0000012ed0a90000)

Polling page: 0x0000012eb39c0000

Metaspace:

Usage:
  Non-class:     31.27 MB capacity,    30.84 MB ( 99%) used,   378.31 KB (  1%) free+waste,    63.75 KB ( <1%) overhead. 
      Class:      3.89 MB capacity,     3.60 MB ( 92%) used,   272.13 KB (  7%) free+waste,    27.56 KB ( <1%) overhead. 
       Both:     35.17 MB capacity,    34.44 MB ( 98%) used,   650.45 KB (  2%) free+waste,    91.31 KB ( <1%) overhead. 

Virtual space:
  Non-class space:       32.00 MB reserved,      31.38 MB ( 98%) committed 
      Class space:        1.00 GB reserved,       4.00 MB ( <1%) committed 
             Both:        1.03 GB reserved,      35.38 MB (  3%) committed 

Chunk freelists:
   Non-Class:  4.88 KB
       Class:  1.63 KB
        Both:  6.50 KB

CodeHeap 'non-profiled nmethods': size=120064Kb used=3397Kb max_used=3397Kb free=116667Kb
 bounds [0x0000012ec4550000, 0x0000012ec48b0000, 0x0000012ecba90000]
CodeHeap 'profiled nmethods': size=120000Kb used=14106Kb max_used=14106Kb free=105893Kb
 bounds [0x0000012ebd020000, 0x0000012ebddf0000, 0x0000012ec4550000]
CodeHeap 'non-nmethods': size=5696Kb used=1173Kb max_used=1218Kb free=4522Kb
 bounds [0x0000012ebca90000, 0x0000012ebcd00000, 0x0000012ebd020000]
 total_blobs=6458 nmethods=5952 adapters=417
 compilation: enabled
              stopped_count=0, restarted_count=0
 full_count=0

Compilation events (10 events):
Event: 24.525 Thread 0x0000012ed2ebf000 nmethod 5970% 0x0000012ec489e610 code [0x0000012ec489e7a0, 0x0000012ec489ec58]
Event: 24.526 Thread 0x0000012ed2ebf000 5971 % !   4       java.io.BufferedReader::readLine @ 131 (304 bytes)
Event: 24.581 Thread 0x0000012ed2ebf000 nmethod 5971% 0x0000012ec489ee90 code [0x0000012ec489f0e0, 0x0000012ec48a08d0]
Event: 24.591 Thread 0x0000012ed2efa000 5972       3       java.lang.invoke.VarHandleObjects$FieldInstanceReadWrite::set (30 bytes)
Event: 24.592 Thread 0x0000012ed2efa000 nmethod 5972 0x0000012ebdde5410 code [0x0000012ebdde5640, 0x0000012ebdde5d48]
Event: 25.019 Thread 0x0000012ed2efa000 5973       3       java.util.concurrent.locks.LockSupport::setBlocker (12 bytes)
Event: 25.019 Thread 0x0000012ed2efa000 nmethod 5973 0x0000012ebdde6010 code [0x0000012ebdde61a0, 0x0000012ebdde62d8]
Event: 25.413 Thread 0x0000012ed2ebf000 5974  s!   4       jdk.internal.loader.URLClassPath::getLoader (194 bytes)
Event: 25.428 Thread 0x0000012ed2efa000 5975       3       java.util.concurrent.locks.AbstractQueuedSynchronizer::isOnSyncQueue (33 bytes)
Event: 25.428 Thread 0x0000012ed2efa000 nmethod 5975 0x0000012ebdde6390 code [0x0000012ebdde6540, 0x0000012ebdde6898]

GC Heap History (10 events):
Event: 8.770 GC heap before
{Heap before GC invocations=5 (full 0):
 garbage-first heap   total 131072K, used 59540K [0x0000000080000000, 0x0000000100000000)
  region size 1024K, 57 young (58368K), 5 survivors (5120K)
 Metaspace       used 20903K, capacity 21212K, committed 21248K, reserved 1069056K
  class space    used 2169K, capacity 2285K, committed 2304K, reserved 1048576K
}
Event: 8.797 GC heap after
{Heap after GC invocations=6 (full 0):
 garbage-first heap   total 131072K, used 12271K [0x0000000080000000, 0x0000000100000000)
  region size 1024K, 10 young (10240K), 10 survivors (10240K)
 Metaspace       used 20903K, capacity 21212K, committed 21248K, reserved 1069056K
  class space    used 2169K, capacity 2285K, committed 2304K, reserved 1048576K
}
Event: 13.184 GC heap before
{Heap before GC invocations=7 (full 0):
 garbage-first heap   total 131072K, used 73711K [0x0000000080000000, 0x0000000100000000)
  region size 1024K, 68 young (69632K), 10 survivors (10240K)
 Metaspace       used 30397K, capacity 30947K, committed 31232K, reserved 1077248K
  class space    used 3236K, capacity 3457K, committed 3584K, reserved 1048576K
}
Event: 13.267 GC heap after
{Heap after GC invocations=8 (full 0):
 garbage-first heap   total 157696K, used 20579K [0x0000000080000000, 0x0000000100000000)
  region size 1024K, 9 young (9216K), 9 survivors (9216K)
 Metaspace       used 30397K, capacity 30947K, committed 31232K, reserved 1077248K
  class space    used 3236K, capacity 3457K, committed 3584K, reserved 1048576K
}
Event: 16.875 GC heap before
{Heap before GC invocations=8 (full 0):
 garbage-first heap   total 157696K, used 91235K [0x0000000080000000, 0x0000000100000000)
  region size 1024K, 75 young (76800K), 9 survivors (9216K)
 Metaspace       used 32832K, capacity 33451K, committed 33664K, reserved 1079296K
  class space    used 3471K, capacity 3710K, committed 3712K, reserved 1048576K
}
Event: 16.911 GC heap after
{Heap after GC invocations=9 (full 0):
 garbage-first heap   total 157696K, used 30720K [0x0000000080000000, 0x0000000100000000)
  region size 1024K, 10 young (10240K), 10 survivors (10240K)
 Metaspace       used 32832K, capacity 33451K, committed 33664K, reserved 1079296K
  class space    used 3471K, capacity 3710K, committed 3712K, reserved 1048576K
}
Event: 19.565 GC heap before
{Heap before GC invocations=9 (full 0):
 garbage-first heap   total 157696K, used 101376K [0x0000000080000000, 0x0000000100000000)
  region size 1024K, 78 young (79872K), 10 survivors (10240K)
 Metaspace       used 34945K, capacity 35648K, committed 35712K, reserved 1081344K
  class space    used 3651K, capacity 3950K, committed 3968K, reserved 1048576K
}
Event: 19.578 GC heap after
{Heap after GC invocations=10 (full 0):
 garbage-first heap   total 157696K, used 29184K [0x0000000080000000, 0x0000000100000000)
  region size 1024K, 5 young (5120K), 5 survivors (5120K)
 Metaspace       used 34945K, capacity 35648K, committed 35712K, reserved 1081344K
  class space    used 3651K, capacity 3950K, committed 3968K, reserved 1048576K
}
Event: 19.614 GC heap before
{Heap before GC invocations=10 (full 0):
 garbage-first heap   total 157696K, used 29184K [0x0000000080000000, 0x0000000100000000)
  region size 1024K, 6 young (6144K), 5 survivors (5120K)
 Metaspace       used 35085K, capacity 35781K, committed 35840K, reserved 1081344K
  class space    used 3662K, capacity 3952K, committed 3968K, reserved 1048576K
}
Event: 19.619 GC heap after
{Heap after GC invocations=11 (full 0):
 garbage-first heap   total 157696K, used 26624K [0x0000000080000000, 0x0000000100000000)
  region size 1024K, 3 young (3072K), 3 survivors (3072K)
 Metaspace       used 35085K, capacity 35781K, committed 35840K, reserved 1081344K
  class space    used 3662K, capacity 3952K, committed 3968K, reserved 1048576K
}

Deoptimization events (10 events):
Event: 19.601 Thread 0x0000012eb53d7000 Uncommon trap: reason=class_check action=maybe_recompile pc=0x0000012ec4698e04 method=java.util.Collections$UnmodifiableMap$UnmodifiableEntrySet$UnmodifiableEntry.getKey()Ljava/lang/Object; @ 4 c2
Event: 19.601 Thread 0x0000012eb53d7000 Uncommon trap: reason=class_check action=maybe_recompile pc=0x0000012ec4699104 method=java.util.Collections$UnmodifiableMap$UnmodifiableEntrySet$UnmodifiableEntry.getValue()Ljava/lang/Object; @ 4 c2
Event: 19.601 Thread 0x0000012eb53d7000 Uncommon trap: reason=class_check action=maybe_recompile pc=0x0000012ec4696490 method=java.util.Collections$UnmodifiableMap$UnmodifiableEntrySet$1.hasNext()Z @ 4 c2
Event: 19.602 Thread 0x0000012eb53d7000 Uncommon trap: reason=class_check action=maybe_recompile pc=0x0000012ec469884c method=java.util.Collections$UnmodifiableMap$UnmodifiableEntrySet$1.next()Ljava/util/Map$Entry; @ 8 c2
Event: 19.602 Thread 0x0000012eb53d7000 Uncommon trap: reason=class_check action=maybe_recompile pc=0x0000012ec4698e04 method=java.util.Collections$UnmodifiableMap$UnmodifiableEntrySet$UnmodifiableEntry.getKey()Ljava/lang/Object; @ 4 c2
Event: 19.602 Thread 0x0000012eb53d7000 Uncommon trap: reason=class_check action=maybe_recompile pc=0x0000012ec4699104 method=java.util.Collections$UnmodifiableMap$UnmodifiableEntrySet$UnmodifiableEntry.getValue()Ljava/lang/Object; @ 4 c2
Event: 19.602 Thread 0x0000012eb53d7000 Uncommon trap: reason=class_check action=maybe_recompile pc=0x0000012ec4696490 method=java.util.Collections$UnmodifiableMap$UnmodifiableEntrySet$1.hasNext()Z @ 4 c2
Event: 19.602 Thread 0x0000012eb53d7000 Uncommon trap: reason=class_check action=maybe_recompile pc=0x0000012ec469884c method=java.util.Collections$UnmodifiableMap$UnmodifiableEntrySet$1.next()Ljava/util/Map$Entry; @ 8 c2
Event: 19.602 Thread 0x0000012eb53d7000 Uncommon trap: reason=class_check action=maybe_recompile pc=0x0000012ec4698e04 method=java.util.Collections$UnmodifiableMap$UnmodifiableEntrySet$UnmodifiableEntry.getKey()Ljava/lang/Object; @ 4 c2
Event: 19.602 Thread 0x0000012eb53d7000 Uncommon trap: reason=class_check action=maybe_recompile pc=0x0000012ec4699104 method=java.util.Collections$UnmodifiableMap$UnmodifiableEntrySet$UnmodifiableEntry.getValue()Ljava/lang/Object; @ 4 c2

Classes redefined (0 events):
No events

Internal exceptions (10 events):
Event: 17.674 Thread 0x0000012eb53d7000 Exception <a 'sun/nio/fs/WindowsException'{0x00000000886ac840}> (0x00000000886ac840) thrown at [./open/src/hotspot/share/prims/jni.cpp, line 611]
Event: 17.674 Thread 0x0000012eb53d7000 Exception <a 'sun/nio/fs/WindowsException'{0x00000000886ad508}> (0x00000000886ad508) thrown at [./open/src/hotspot/share/prims/jni.cpp, line 611]
Event: 18.652 Thread 0x0000012eb53d7000 Exception <a 'java/lang/NoSuchMethodError'{0x0000000086e3c130}: org.apache.maven.execution.MavenExecutionRequest.getFailureBehavior()Ljava/lang/String;> (0x0000000086e3c130) thrown at [./open/src/hotspot/share/interpreter/linkResolver.cpp, line 864]
Event: 18.748 Thread 0x0000012ed3de1800 Exception <a 'java/lang/NoSuchMethodError'{0x0000000086d87a30}: java.lang.invoke.DirectMethodHandle$Holder.invokeStaticInit(Ljava/lang/Object;Ljava/lang/Object;JLjava/lang/Object;)Ljava/lang/Object;> (0x0000000086d87a30) thrown at [./open/src/hotspot/shar
Event: 18.751 Thread 0x0000012ed3de1800 Exception <a 'java/lang/NoSuchMethodError'{0x0000000086d93b50}: java.lang.invoke.Invokers$Holder.linkToTargetMethod(Ljava/lang/Object;JLjava/lang/Object;)Ljava/lang/Object;> (0x0000000086d93b50) thrown at [./open/src/hotspot/share/interpreter/linkResolver
Event: 19.095 Thread 0x0000012eb53d7000 Exception <a 'java/lang/NoSuchMethodError'{0x0000000086c1c0e8}: java.lang.invoke.DirectMethodHandle$Holder.invokeStaticInit(Ljava/lang/Object;Ljava/lang/Object;IIII)Ljava/lang/Object;> (0x0000000086c1c0e8) thrown at [./open/src/hotspot/share/interpreter/l
Event: 19.613 Thread 0x0000012eb53d7000 Exception <a 'java/lang/NoSuchMethodError'{0x0000000089968ea8}: java.lang.invoke.DirectMethodHandle$Holder.invokeStatic(Ljava/lang/Object;J)V> (0x0000000089968ea8) thrown at [./open/src/hotspot/share/interpreter/linkResolver.cpp, line 772]
Event: 19.716 Thread 0x0000012eb53d7000 Exception <a 'java/lang/NoSuchMethodError'{0x0000000089900390}: java.lang.invoke.DirectMethodHandle$Holder.invokeStatic(Ljava/lang/Object;J)Ljava/lang/Object;> (0x0000000089900390) thrown at [./open/src/hotspot/share/interpreter/linkResolver.cpp, line 772
Event: 19.716 Thread 0x0000012eb53d7000 Exception <a 'java/lang/NoSuchMethodError'{0x00000000899036b8}: java.lang.invoke.DirectMethodHandle$Holder.invokeSpecial(Ljava/lang/Object;Ljava/lang/Object;J)Ljava/lang/Object;> (0x00000000899036b8) thrown at [./open/src/hotspot/share/interpreter/linkRes
Event: 19.717 Thread 0x0000012eb53d7000 Exception <a 'java/lang/NoSuchMethodError'{0x0000000089906420}: java.lang.invoke.Invokers$Holder.linkToTargetMethod(JLjava/lang/Object;)Ljava/lang/Object;> (0x0000000089906420) thrown at [./open/src/hotspot/share/interpreter/linkResolver.cpp, line 772]

Events (10 events):
Event: 22.816 Executing VM operation: RevokeBias
Event: 22.816 Executing VM operation: RevokeBias done
Event: 22.816 Executing VM operation: RevokeBias
Event: 22.817 Executing VM operation: RevokeBias done
Event: 25.411 loading class org/apache/maven/plugin/surefire/booterclient/output/InPluginProcessDumpSingleton
Event: 25.411 loading class org/apache/maven/plugin/surefire/booterclient/output/InPluginProcessDumpSingleton done
Event: 25.412 loading class org/apache/maven/plugin/surefire/booterclient/output/InPluginProcessDumpSingleton
Event: 25.412 loading class org/apache/maven/plugin/surefire/booterclient/output/InPluginProcessDumpSingleton done
Event: 25.412 loading class org/apache/maven/plugin/surefire/booterclient/output/InPluginProcessDumpSingleton
Event: 25.412 loading class org/apache/maven/plugin/surefire/booterclient/output/InPluginProcessDumpSingleton done


Dynamic libraries:
0x00007ff742d70000 - 0x00007ff742d7f000 	C:\Program Files\Java\jdk-11.0.16\bin\java.exe
0x00007ffe6b070000 - 0x00007ffe6b268000 	C:\Windows\SYSTEM32\ntdll.dll
0x00007ffe6af60000 - 0x00007ffe6b01d000 	C:\Windows\System32\KERNEL32.DLL
0x00007ffe68a80000 - 0x00007ffe68d52000 	C:\Windows\System32\KERNELBASE.dll
0x00007ffe68d60000 - 0x00007ffe68e60000 	C:\Windows\System32\ucrtbase.dll
0x00007ffe4e580000 - 0x00007ffe4e598000 	C:\Program Files\Java\jdk-11.0.16\bin\jli.dll
0x00007ffe69a20000 - 0x00007ffe69ace000 	C:\Windows\System32\ADVAPI32.dll
0x00007ffe69ad0000 - 0x00007ffe69b6e000 	C:\Windows\System32\msvcrt.dll
0x00007ffe69280000 - 0x00007ffe6931c000 	C:\Windows\System32\sechost.dll
0x00007ffe69320000 - 0x00007ffe69445000 	C:\Windows\System32\RPCRT4.dll
0x00007ffe6a2f0000 - 0x00007ffe6a48d000 	C:\Windows\System32\USER32.dll
0x00007ffe68f90000 - 0x00007ffe68fb2000 	C:\Windows\System32\win32u.dll
0x00007ffe6aa70000 - 0x00007ffe6aa9b000 	C:\Windows\System32\GDI32.dll
0x00007ffe68fc0000 - 0x00007ffe690cf000 	C:\Windows\System32\gdi32full.dll
0x00007ffe68e60000 - 0x00007ffe68efd000 	C:\Windows\System32\msvcp_win.dll
0x00007ffe4e060000 - 0x00007ffe4e075000 	C:\Program Files\Java\jdk-11.0.16\bin\VCRUNTIME140.dll
0x00007ffe4a110000 - 0x00007ffe4a3aa000 	C:\Windows\WinSxS\amd64_microsoft.windows.common-controls_6595b64144ccf1df_6.0.19041.1110_none_60b5254171f9507e\COMCTL32.dll
0x00007ffe604c0000 - 0x00007ffe604ca000 	C:\Windows\SYSTEM32\VERSION.dll
0x00007ffe6a2c0000 - 0x00007ffe6a2f0000 	C:\Windows\System32\IMM32.DLL
0x00007ffe40b40000 - 0x00007ffe40bdb000 	C:\Program Files\Java\jdk-11.0.16\bin\msvcp140.dll
0x00007ffe1a030000 - 0x00007ffe1ab48000 	C:\Program Files\Java\jdk-11.0.16\bin\server\jvm.dll
0x00007ffe6ac20000 - 0x00007ffe6ac28000 	C:\Windows\System32\PSAPI.DLL
0x00007ffe59f00000 - 0x00007ffe59f09000 	C:\Windows\SYSTEM32\WSOCK32.dll
0x00007ffe6aaa0000 - 0x00007ffe6ab0b000 	C:\Windows\System32\WS2_32.dll
0x00007ffe47d50000 - 0x00007ffe47d77000 	C:\Windows\SYSTEM32\WINMM.dll
0x00007ffe66620000 - 0x00007ffe66632000 	C:\Windows\SYSTEM32\kernel.appcore.dll
0x00007ffe4e4d0000 - 0x00007ffe4e4e0000 	C:\Program Files\Java\jdk-11.0.16\bin\verify.dll
0x00007ffe59cc0000 - 0x00007ffe59ea4000 	C:\Windows\SYSTEM32\DBGHELP.DLL
0x00007ffe59c90000 - 0x00007ffe59cbc000 	C:\Windows\SYSTEM32\dbgcore.DLL
0x00007ffe68f00000 - 0x00007ffe68f82000 	C:\Windows\System32\bcryptPrimitives.dll
0x00007ffe4dc20000 - 0x00007ffe4dc48000 	C:\Program Files\Java\jdk-11.0.16\bin\java.dll
0x00007ffe4dee0000 - 0x00007ffe4deea000 	C:\Program Files\Java\jdk-11.0.16\bin\jimage.dll
0x00007ffe4d800000 - 0x00007ffe4d816000 	C:\Program Files\Java\jdk-11.0.16\bin\zip.dll
0x00007ffe69b70000 - 0x00007ffe6a2b3000 	C:\Windows\System32\SHELL32.dll
0x00007ffe66820000 - 0x00007ffe66fb1000 	C:\Windows\SYSTEM32\windows.storage.dll
0x00007ffe696b0000 - 0x00007ffe69a04000 	C:\Windows\System32\combase.dll
0x00007ffe68020000 - 0x00007ffe68050000 	C:\Windows\SYSTEM32\Wldp.dll
0x00007ffe69600000 - 0x00007ffe696ad000 	C:\Windows\System32\SHCORE.dll
0x00007ffe6ac30000 - 0x00007ffe6ac85000 	C:\Windows\System32\shlwapi.dll
0x00007ffe686c0000 - 0x00007ffe686df000 	C:\Windows\SYSTEM32\profapi.dll
0x00007ffe4cbf0000 - 0x00007ffe4cc09000 	C:\Program Files\Java\jdk-11.0.16\bin\net.dll
0x00007ffe601a0000 - 0x00007ffe602ad000 	C:\Windows\SYSTEM32\WINHTTP.dll
0x00007ffe67e00000 - 0x00007ffe67e6a000 	C:\Windows\system32\mswsock.dll
0x00007ffe4cb80000 - 0x00007ffe4cb92000 	C:\Program Files\Java\jdk-11.0.16\bin\nio.dll
0x0000000069ac0000 - 0x0000000069ae4000 	C:\Users\sfjbs\Downloads\micro service-20221001T123314Z-001\micro service\apache-maven-3.8.5-bin\apache-maven-3.8.5\lib\jansi-native\Windows\x86_64\jansi.dll
0x00007ffe68060000 - 0x00007ffe68078000 	C:\Windows\SYSTEM32\CRYPTSP.dll
0x00007ffe67740000 - 0x00007ffe67774000 	C:\Windows\system32\rsaenh.dll
0x00007ffe688a0000 - 0x00007ffe688c7000 	C:\Windows\System32\bcrypt.dll
0x00007ffe68640000 - 0x00007ffe6866e000 	C:\Windows\SYSTEM32\USERENV.dll
0x00007ffe67f90000 - 0x00007ffe67f9c000 	C:\Windows\SYSTEM32\CRYPTBASE.dll
0x00007ffe67b10000 - 0x00007ffe67b4b000 	C:\Windows\SYSTEM32\IPHLPAPI.DLL
0x00007ffe6b020000 - 0x00007ffe6b028000 	C:\Windows\System32\NSI.dll
0x00007ffe61230000 - 0x00007ffe61247000 	C:\Windows\SYSTEM32\dhcpcsvc6.DLL
0x00007ffe61160000 - 0x00007ffe6117d000 	C:\Windows\SYSTEM32\dhcpcsvc.DLL
0x00007ffe67b50000 - 0x00007ffe67c1a000 	C:\Windows\SYSTEM32\DNSAPI.dll

dbghelp: loaded successfully - version: 4.0.5 - missing functions: none
symbol engine: initialized successfully - sym options: 0x614 - pdb path: .;C:\Program Files\Java\jdk-11.0.16\bin;C:\Windows\SYSTEM32;C:\Windows\WinSxS\amd64_microsoft.windows.common-controls_6595b64144ccf1df_6.0.19041.1110_none_60b5254171f9507e;C:\Program Files\Java\jdk-11.0.16\bin\server;C:\Users\sfjbs\Downloads\micro service-20221001T123314Z-001\micro service\apache-maven-3.8.5-bin\apache-maven-3.8.5\lib\jansi-native\Windows\x86_64

VM Arguments:
jvm_args: -Dclassworlds.conf=C:\Users\sfjbs\Downloads\micro service-20221001T123314Z-001\micro service\apache-maven-3.8.5-bin\apache-maven-3.8.5\bin\m2.conf -Dmaven.home=C:\Users\sfjbs\Downloads\micro service-20221001T123314Z-001\micro service\apache-maven-3.8.5-bin\apache-maven-3.8.5 -Dlibrary.jansi.path=C:\Users\sfjbs\Downloads\micro service-20221001T123314Z-001\micro service\apache-maven-3.8.5-bin\apache-maven-3.8.5\lib\jansi-native -Dmaven.multiModuleProjectDirectory=C:\Users\sfjbs\IdeaProjects\Deepika\Day 13\pension-management-system 
java_command: org.codehaus.plexus.classworlds.launcher.Launcher clean install -e
java_class_path (initial): C:\Users\sfjbs\Downloads\micro service-20221001T123314Z-001\micro service\apache-maven-3.8.5-bin\apache-maven-3.8.5\boot\plexus-classworlds-2.6.0.jar
Launcher Type: SUN_STANDARD

[Global flags]
     intx CICompilerCount                          = 2                                         {product} {ergonomic}
     uint ConcGCThreads                            = 1                                         {product} {ergonomic}
     uint G1ConcRefinementThreads                  = 2                                         {product} {ergonomic}
   size_t G1HeapRegionSize                         = 1048576                                   {product} {ergonomic}
    uintx GCDrainStackTargetSize                   = 64                                        {product} {ergonomic}
   size_t InitialHeapSize                          = 134217728                                 {product} {ergonomic}
   size_t MarkStackSize                            = 4194304                                   {product} {ergonomic}
   size_t MaxHeapSize                              = 2147483648                                {product} {ergonomic}
   size_t MaxNewSize                               = 1287651328                                {product} {ergonomic}
   size_t MinHeapDeltaBytes                        = 1048576                                   {product} {ergonomic}
    uintx NonNMethodCodeHeapSize                   = 5825164                                {pd product} {ergonomic}
    uintx NonProfiledCodeHeapSize                  = 122916538                              {pd product} {ergonomic}
    uintx ProfiledCodeHeapSize                     = 122916538                              {pd product} {ergonomic}
    uintx ReservedCodeCacheSize                    = 251658240                              {pd product} {ergonomic}
     bool SegmentedCodeCache                       = true                                      {product} {ergonomic}
     bool UseCompressedClassPointers               = true                                 {lp64_product} {ergonomic}
     bool UseCompressedOops                        = true                                 {lp64_product} {ergonomic}
     bool UseG1GC                                  = true                                      {product} {ergonomic}
     bool UseLargePagesIndividualAllocation        = false                                  {pd product} {ergonomic}

Logging:
Log output configuration:
 #0: stdout all=warning uptime,level,tags
 #1: stderr all=off uptime,level,tags

Environment Variables:
PATH=C:\Program Files\Common Files\Oracle\Java\javapath;C:\Windows\system32;C:\Windows;C:\Windows\System32\Wbem;C:\Windows\System32\WindowsPowerShell\v1.0\;C:\Windows\System32\OpenSSH\;C:\Users\sfjbs\Downloads\micro service-20221001T123314Z-001\micro service\apache-maven-3.8.5-bin\apache-maven-3.8.5\bin;C:\Users\sfjbs\Downloads\micro service-20221001T123314Z-001\micro service\apache-maven-3.8.5-bin\apache-maven-3.8.5\lib;C:\Program Files\Docker\Docker\resources\bin;C:\ProgramData\DockerDesktop\version-bin;C:\Program Files\Git\cmd;C:\Users\sfjbs\AppData\Local\Microsoft\WindowsApps;C:\Users\sfjbs\Downloads\micro service-20221001T123314Z-001\micro service\apache-maven-3.8.5-bin\apache-maven-3.8.5\bin;C:\Users\sfjbs\Downloads\micro service-20221001T123314Z-001\micro service\apache-maven-3.8.5-bin\apache-maven-3.8.5\lib;;C:\Program Files\JetBrains\IntelliJ IDEA Community Edition 2022.2.1\bin;
USERNAME=sfjbs
OS=Windows_NT
PROCESSOR_IDENTIFIER=Intel64 Family 6 Model 85 Stepping 7, GenuineIntel



---------------  S Y S T E M  ---------------

OS: Windows 10 , 64 bit Build 19041 (10.0.19041.1889)
Hyper-V role detected

CPU:total 2 (initial active 2) (1 cores per cpu, 2 threads per core) family 6 model 85 stepping 7 microcode 0xffffffff, cmov, cx8, fxsr, mmx, sse, sse2, sse3, ssse3, sse4.1, sse4.2, popcnt, avx, avx2, aes, clmul, erms, rtm, 3dnowpref, lzcnt, ht, tsc, bmi1, bmi2, adx, evex, fma

Memory: 4k page, system-wide physical 8190M (384M free)
TotalPageFile size 10238M (AvailPageFile size 4M)
current process WorkingSet (physical memory assigned to process): 239M, peak: 263M
current process commit charge ("private bytes"): 291M, peak: 313M

vm_info: Java HotSpot(TM) 64-Bit Server VM (11.0.16+11-LTS-199) for windows-amd64 JRE (11.0.16+11-LTS-199), built on Jun 28 2022 08:23:17 by "mach5one" with MS VC++ 15.9 (VS2017)

END.
