#
# There is insufficient memory for the Java Runtime Environment to continue.
# Native memory allocation (malloc) failed to allocate 1852016 bytes for Chunk::new
# Possible reasons:
#   The system is out of physical RAM or swap space
#   The process is running with CompressedOops enabled, and the Java Heap may be blocking the growth of the native heap
# Possible solutions:
#   Reduce memory load on the system
#   Increase physical memory or swap space
#   Check if swap backing store is full
#   Decrease Java heap size (-Xmx/-Xms)
#   Decrease number of Java threads
#   Decrease Java thread stack sizes (-Xss)
#   Set larger code cache with -XX:ReservedCodeCacheSize=
#   JVM is running with Unscaled Compressed Oops mode in which the Java heap is
#     placed in the first 4GB address space. The Java Heap base address is the
#     maximum limit for the native heap growth. Please use -XX:HeapBaseMinAddress
#     to set the Java Heap base and to place the Java Heap above 4GB virtual address.
# This output file may be truncated or incomplete.
#
#  Out of Memory Error (./open/src/hotspot/share/memory/arena.cpp:197), pid=59352, tid=2348
#
# JRE version: Java(TM) SE Runtime Environment 18.9 (11.0.16+11) (build 11.0.16+11-LTS-199)
# Java VM: Java HotSpot(TM) 64-Bit Server VM 18.9 (11.0.16+11-LTS-199, mixed mode, tiered, compressed oops, g1 gc, windows-amd64)
# No core dump will be written. Minidumps are not enabled by default on client versions of Windows
#

---------------  S U M M A R Y ------------

Command Line: C:\Users\sfjbs\AppData\Local\Temp\surefire12716120800211237212\surefirebooter958031011133608133.jar C:\Users\sfjbs\AppData\Local\Temp\surefire12716120800211237212 2022-10-27T11-06-35_760-jvmRun1 surefire2290580822238152262tmp surefire_017549904347376587139tmp

Host: Intel(R) Xeon(R) Platinum 8272CL CPU @ 2.60GHz, 2 cores, 7G,  Windows 10 , 64 bit Build 19041 (10.0.19041.1889)
Time: Thu Oct 27 11:06:42 2022 Coordinated Universal Time elapsed time: 4.354137 seconds (0d 0h 0m 4s)

---------------  T H R E A D  ---------------

Current thread (0x0000010b2a451000):  JavaThread "C2 CompilerThread0" daemon [_thread_in_native, id=2348, stack(0x0000000b05300000,0x0000000b05400000)]


Current CompileTask:
C2:   4354 1829       4       java.lang.invoke.MethodType::makeImpl (108 bytes)

Stack: [0x0000000b05300000,0x0000000b05400000]
Native frames: (J=compiled Java code, j=interpreted, Vv=VM code, C=native code)
V  [jvm.dll+0x62a3ea]
V  [jvm.dll+0x76418f]
V  [jvm.dll+0x765839]
V  [jvm.dll+0x765ec3]
V  [jvm.dll+0x23da98]
V  [jvm.dll+0xb2a1c]
V  [jvm.dll+0xb2fdc]
V  [jvm.dll+0x341442]
V  [jvm.dll+0x30ec83]
V  [jvm.dll+0x30dfca]
V  [jvm.dll+0x1f84a5]
V  [jvm.dll+0x1f768d]
V  [jvm.dll+0x177c81]
V  [jvm.dll+0x207006]
V  [jvm.dll+0x20519b]
V  [jvm.dll+0x729fa0]
V  [jvm.dll+0x722b74]
V  [jvm.dll+0x629286]
C  [ucrtbase.dll+0x21bb2]
C  [KERNEL32.DLL+0x17034]
C  [ntdll.dll+0x526a1]


---------------  P R O C E S S  ---------------

Threads class SMR info:
_java_thread_list=0x0000010b2b13de50, length=12, elements={
0x0000010b0b14b800, 0x0000010b2a43c000, 0x0000010b2a43d800, 0x0000010b2a447800,
0x0000010b2a44c000, 0x0000010b2a44d000, 0x0000010b2a451000, 0x0000010b2a48a000,
0x0000010b2a48b000, 0x0000010b2aefe000, 0x0000010b2afae800, 0x0000010b2b095000
}

Java Threads: ( => current thread )
  0x0000010b0b14b800 JavaThread "main" [_thread_in_native, id=57464, stack(0x0000000b04600000,0x0000000b04700000)]
  0x0000010b2a43c000 JavaThread "Reference Handler" daemon [_thread_blocked, id=59032, stack(0x0000000b04e00000,0x0000000b04f00000)]
  0x0000010b2a43d800 JavaThread "Finalizer" daemon [_thread_blocked, id=57136, stack(0x0000000b04f00000,0x0000000b05000000)]
  0x0000010b2a447800 JavaThread "Signal Dispatcher" daemon [_thread_blocked, id=57448, stack(0x0000000b05000000,0x0000000b05100000)]
  0x0000010b2a44c000 JavaThread "Attach Listener" daemon [_thread_blocked, id=5384, stack(0x0000000b05100000,0x0000000b05200000)]
  0x0000010b2a44d000 JavaThread "Service Thread" daemon [_thread_blocked, id=11428, stack(0x0000000b05200000,0x0000000b05300000)]
=>0x0000010b2a451000 JavaThread "C2 CompilerThread0" daemon [_thread_in_native, id=2348, stack(0x0000000b05300000,0x0000000b05400000)]
  0x0000010b2a48a000 JavaThread "C1 CompilerThread0" daemon [_thread_blocked, id=57524, stack(0x0000000b05400000,0x0000000b05500000)]
  0x0000010b2a48b000 JavaThread "Sweeper thread" daemon [_thread_blocked, id=5180, stack(0x0000000b05500000,0x0000000b05600000)]
  0x0000010b2aefe000 JavaThread "Common-Cleaner" daemon [_thread_blocked, id=12000, stack(0x0000000b05700000,0x0000000b05800000)]
  0x0000010b2afae800 JavaThread "surefire-forkedjvm-command-thread" daemon [_thread_in_native, id=8324, stack(0x0000000b05800000,0x0000000b05900000)]
  0x0000010b2b095000 JavaThread "surefire-forkedjvm-ping-30s" daemon [_thread_in_native, id=56208, stack(0x0000000b05900000,0x0000000b05a00000)]

Other Threads:
  0x0000010b2a428800 VMThread "VM Thread" [stack: 0x0000000b04d00000,0x0000000b04e00000] [id=55216]
  0x0000010b2aef9000 WatcherThread [stack: 0x0000000b05600000,0x0000000b05700000] [id=7300]
  0x0000010b0b15f800 GCTaskThread "GC Thread#0" [stack: 0x0000000b04800000,0x0000000b04900000] [id=58980]
  0x0000010b2b35e800 GCTaskThread "GC Thread#1" [stack: 0x0000000b05a00000,0x0000000b05b00000] [id=58696]
  0x0000010b0b18b000 ConcurrentGCThread "G1 Main Marker" [stack: 0x0000000b04900000,0x0000000b04a00000] [id=58724]
  0x0000010b0b18d800 ConcurrentGCThread "G1 Conc#0" [stack: 0x0000000b04a00000,0x0000000b04b00000] [id=55452]
  0x0000010b0b213000 ConcurrentGCThread "G1 Refine#0" [stack: 0x0000000b04b00000,0x0000000b04c00000] [id=52652]
  0x0000010b2b04d000 ConcurrentGCThread "G1 Refine#1" [stack: 0x0000000b05b00000,0x0000000b05c00000] [id=59364]
  0x0000010b0b215000 ConcurrentGCThread "G1 Young RemSet Sampling" [stack: 0x0000000b04c00000,0x0000000b04d00000] [id=58800]

Threads with active compile tasks:
C2 CompilerThread0     4402 1829       4       java.lang.invoke.MethodType::makeImpl (108 bytes)

VM state:not at safepoint (normal execution)

VM Mutex/Monitor currently owned by a thread: None

Heap address: 0x0000000080000000, size: 2048 MB, Compressed Oops mode: 32-bit
Narrow klass base: 0x0000000000000000, Narrow klass shift: 3
Compressed class space size: 1073741824 Address: 0x0000000100000000

Heap:
 garbage-first heap   total 157696K, used 10070K [0x0000000080000000, 0x0000000100000000)
  region size 1024K, 5 young (5120K), 4 survivors (4096K)
 Metaspace       used 20537K, capacity 21283K, committed 21552K, reserved 1069056K
  class space    used 2317K, capacity 2606K, committed 2688K, reserved 1048576K
Heap Regions: E=young(eden), S=young(survivor), O=old, HS=humongous(starts), HC=humongous(continues), CS=collection set, F=free, A=archive, TAMS=top-at-mark-start (previous, next)
|   0|0x0000000080000000, 0x0000000080100000, 0x0000000080100000|100%| O|  |TAMS 0x0000000080100000, 0x0000000080000000| Untracked 
|   1|0x0000000080100000, 0x0000000080200000, 0x0000000080200000|100%| O|  |TAMS 0x0000000080200000, 0x0000000080100000| Untracked 
|   2|0x0000000080200000, 0x0000000080300000, 0x0000000080300000|100%| O|  |TAMS 0x0000000080300000, 0x0000000080200000| Untracked 
|   3|0x0000000080300000, 0x0000000080400000, 0x0000000080400000|100%|HS|  |TAMS 0x0000000080400000, 0x0000000080300000| Complete 
|   4|0x0000000080400000, 0x0000000080500000, 0x0000000080500000|100%| O|  |TAMS 0x0000000080500000, 0x0000000080400000| Untracked 
|   5|0x0000000080500000, 0x0000000080600000, 0x0000000080600000|100%| O|  |TAMS 0x0000000080600000, 0x0000000080500000| Untracked 
|   6|0x0000000080600000, 0x000000008068a200, 0x0000000080700000| 53%| O|  |TAMS 0x000000008068a200, 0x0000000080600000| Untracked 
|   7|0x0000000080700000, 0x0000000080700000, 0x0000000080800000|  0%| F|  |TAMS 0x0000000080700000, 0x0000000080700000| Untracked 
|   8|0x0000000080800000, 0x0000000080800000, 0x0000000080900000|  0%| F|  |TAMS 0x0000000080800000, 0x0000000080800000| Untracked 
|   9|0x0000000080900000, 0x0000000080900000, 0x0000000080a00000|  0%| F|  |TAMS 0x0000000080900000, 0x0000000080900000| Untracked 
|  10|0x0000000080a00000, 0x0000000080a00000, 0x0000000080b00000|  0%| F|  |TAMS 0x0000000080a00000, 0x0000000080a00000| Untracked 
|  11|0x0000000080b00000, 0x0000000080b00000, 0x0000000080c00000|  0%| F|  |TAMS 0x0000000080b00000, 0x0000000080b00000| Untracked 
|  12|0x0000000080c00000, 0x0000000080c00000, 0x0000000080d00000|  0%| F|  |TAMS 0x0000000080c00000, 0x0000000080c00000| Untracked 
|  13|0x0000000080d00000, 0x0000000080d00000, 0x0000000080e00000|  0%| F|  |TAMS 0x0000000080d00000, 0x0000000080d00000| Untracked 
|  14|0x0000000080e00000, 0x0000000080e00000, 0x0000000080f00000|  0%| F|  |TAMS 0x0000000080e00000, 0x0000000080e00000| Untracked 
|  15|0x0000000080f00000, 0x0000000080f00000, 0x0000000081000000|  0%| F|  |TAMS 0x0000000080f00000, 0x0000000080f00000| Untracked 
|  16|0x0000000081000000, 0x0000000081000000, 0x0000000081100000|  0%| F|  |TAMS 0x0000000081000000, 0x0000000081000000| Untracked 
|  17|0x0000000081100000, 0x0000000081100000, 0x0000000081200000|  0%| F|  |TAMS 0x0000000081100000, 0x0000000081100000| Untracked 
|  18|0x0000000081200000, 0x0000000081200000, 0x0000000081300000|  0%| F|  |TAMS 0x0000000081200000, 0x0000000081200000| Untracked 
|  19|0x0000000081300000, 0x0000000081300000, 0x0000000081400000|  0%| F|  |TAMS 0x0000000081300000, 0x0000000081300000| Untracked 
|  20|0x0000000081400000, 0x0000000081400000, 0x0000000081500000|  0%| F|  |TAMS 0x0000000081400000, 0x0000000081400000| Untracked 
|  21|0x0000000081500000, 0x0000000081500000, 0x0000000081600000|  0%| F|  |TAMS 0x0000000081500000, 0x0000000081500000| Untracked 
|  22|0x0000000081600000, 0x0000000081600000, 0x0000000081700000|  0%| F|  |TAMS 0x0000000081600000, 0x0000000081600000| Untracked 
|  23|0x0000000081700000, 0x0000000081700000, 0x0000000081800000|  0%| F|  |TAMS 0x0000000081700000, 0x0000000081700000| Untracked 
|  24|0x0000000081800000, 0x0000000081800000, 0x0000000081900000|  0%| F|  |TAMS 0x0000000081800000, 0x0000000081800000| Untracked 
|  25|0x0000000081900000, 0x0000000081900000, 0x0000000081a00000|  0%| F|  |TAMS 0x0000000081900000, 0x0000000081900000| Untracked 
|  26|0x0000000081a00000, 0x0000000081a00000, 0x0000000081b00000|  0%| F|  |TAMS 0x0000000081a00000, 0x0000000081a00000| Untracked 
|  27|0x0000000081b00000, 0x0000000081b00000, 0x0000000081c00000|  0%| F|  |TAMS 0x0000000081b00000, 0x0000000081b00000| Untracked 
|  28|0x0000000081c00000, 0x0000000081c00000, 0x0000000081d00000|  0%| F|  |TAMS 0x0000000081c00000, 0x0000000081c00000| Untracked 
|  29|0x0000000081d00000, 0x0000000081d00000, 0x0000000081e00000|  0%| F|  |TAMS 0x0000000081d00000, 0x0000000081d00000| Untracked 
|  30|0x0000000081e00000, 0x0000000081e00000, 0x0000000081f00000|  0%| F|  |TAMS 0x0000000081e00000, 0x0000000081e00000| Untracked 
|  31|0x0000000081f00000, 0x0000000081f00000, 0x0000000082000000|  0%| F|  |TAMS 0x0000000081f00000, 0x0000000081f00000| Untracked 
|  32|0x0000000082000000, 0x0000000082000000, 0x0000000082100000|  0%| F|  |TAMS 0x0000000082000000, 0x0000000082000000| Untracked 
|  33|0x0000000082100000, 0x0000000082100000, 0x0000000082200000|  0%| F|  |TAMS 0x0000000082100000, 0x0000000082100000| Untracked 
|  34|0x0000000082200000, 0x0000000082200000, 0x0000000082300000|  0%| F|  |TAMS 0x0000000082200000, 0x0000000082200000| Untracked 
|  35|0x0000000082300000, 0x0000000082300000, 0x0000000082400000|  0%| F|  |TAMS 0x0000000082300000, 0x0000000082300000| Untracked 
|  36|0x0000000082400000, 0x0000000082400000, 0x0000000082500000|  0%| F|  |TAMS 0x0000000082400000, 0x0000000082400000| Untracked 
|  37|0x0000000082500000, 0x0000000082500000, 0x0000000082600000|  0%| F|  |TAMS 0x0000000082500000, 0x0000000082500000| Untracked 
|  38|0x0000000082600000, 0x0000000082600000, 0x0000000082700000|  0%| F|  |TAMS 0x0000000082600000, 0x0000000082600000| Untracked 
|  39|0x0000000082700000, 0x0000000082700000, 0x0000000082800000|  0%| F|  |TAMS 0x0000000082700000, 0x0000000082700000| Untracked 
|  40|0x0000000082800000, 0x0000000082800000, 0x0000000082900000|  0%| F|  |TAMS 0x0000000082800000, 0x0000000082800000| Untracked 
|  41|0x0000000082900000, 0x0000000082900000, 0x0000000082a00000|  0%| F|  |TAMS 0x0000000082900000, 0x0000000082900000| Untracked 
|  42|0x0000000082a00000, 0x0000000082a00000, 0x0000000082b00000|  0%| F|  |TAMS 0x0000000082a00000, 0x0000000082a00000| Untracked 
|  43|0x0000000082b00000, 0x0000000082b00000, 0x0000000082c00000|  0%| F|  |TAMS 0x0000000082b00000, 0x0000000082b00000| Untracked 
|  44|0x0000000082c00000, 0x0000000082c00000, 0x0000000082d00000|  0%| F|  |TAMS 0x0000000082c00000, 0x0000000082c00000| Untracked 
|  45|0x0000000082d00000, 0x0000000082d00000, 0x0000000082e00000|  0%| F|  |TAMS 0x0000000082d00000, 0x0000000082d00000| Untracked 
|  46|0x0000000082e00000, 0x0000000082e00000, 0x0000000082f00000|  0%| F|  |TAMS 0x0000000082e00000, 0x0000000082e00000| Untracked 
|  47|0x0000000082f00000, 0x0000000082f00000, 0x0000000083000000|  0%| F|  |TAMS 0x0000000082f00000, 0x0000000082f00000| Untracked 
|  48|0x0000000083000000, 0x0000000083000000, 0x0000000083100000|  0%| F|  |TAMS 0x0000000083000000, 0x0000000083000000| Untracked 
|  49|0x0000000083100000, 0x0000000083100000, 0x0000000083200000|  0%| F|  |TAMS 0x0000000083100000, 0x0000000083100000| Untracked 
|  50|0x0000000083200000, 0x0000000083200000, 0x0000000083300000|  0%| F|  |TAMS 0x0000000083200000, 0x0000000083200000| Untracked 
|  51|0x0000000083300000, 0x0000000083300000, 0x0000000083400000|  0%| F|  |TAMS 0x0000000083300000, 0x0000000083300000| Untracked 
|  52|0x0000000083400000, 0x0000000083400000, 0x0000000083500000|  0%| F|  |TAMS 0x0000000083400000, 0x0000000083400000| Untracked 
|  53|0x0000000083500000, 0x0000000083500000, 0x0000000083600000|  0%| F|  |TAMS 0x0000000083500000, 0x0000000083500000| Untracked 
|  54|0x0000000083600000, 0x0000000083600000, 0x0000000083700000|  0%| F|  |TAMS 0x0000000083600000, 0x0000000083600000| Untracked 
|  55|0x0000000083700000, 0x0000000083700000, 0x0000000083800000|  0%| F|  |TAMS 0x0000000083700000, 0x0000000083700000| Untracked 
|  56|0x0000000083800000, 0x0000000083800000, 0x0000000083900000|  0%| F|  |TAMS 0x0000000083800000, 0x0000000083800000| Untracked 
|  57|0x0000000083900000, 0x0000000083900000, 0x0000000083a00000|  0%| F|  |TAMS 0x0000000083900000, 0x0000000083900000| Untracked 
|  58|0x0000000083a00000, 0x0000000083a00000, 0x0000000083b00000|  0%| F|  |TAMS 0x0000000083a00000, 0x0000000083a00000| Untracked 
|  59|0x0000000083b00000, 0x0000000083b00000, 0x0000000083c00000|  0%| F|  |TAMS 0x0000000083b00000, 0x0000000083b00000| Untracked 
|  60|0x0000000083c00000, 0x0000000083c00000, 0x0000000083d00000|  0%| F|  |TAMS 0x0000000083c00000, 0x0000000083c00000| Untracked 
|  61|0x0000000083d00000, 0x0000000083d00000, 0x0000000083e00000|  0%| F|  |TAMS 0x0000000083d00000, 0x0000000083d00000| Untracked 
|  62|0x0000000083e00000, 0x0000000083e00000, 0x0000000083f00000|  0%| F|  |TAMS 0x0000000083e00000, 0x0000000083e00000| Untracked 
|  63|0x0000000083f00000, 0x0000000083f00000, 0x0000000084000000|  0%| F|  |TAMS 0x0000000083f00000, 0x0000000083f00000| Untracked 
|  64|0x0000000084000000, 0x0000000084000000, 0x0000000084100000|  0%| F|  |TAMS 0x0000000084000000, 0x0000000084000000| Untracked 
|  65|0x0000000084100000, 0x0000000084100000, 0x0000000084200000|  0%| F|  |TAMS 0x0000000084100000, 0x0000000084100000| Untracked 
|  66|0x0000000084200000, 0x0000000084200000, 0x0000000084300000|  0%| F|  |TAMS 0x0000000084200000, 0x0000000084200000| Untracked 
|  67|0x0000000084300000, 0x0000000084300000, 0x0000000084400000|  0%| F|  |TAMS 0x0000000084300000, 0x0000000084300000| Untracked 
|  68|0x0000000084400000, 0x0000000084400000, 0x0000000084500000|  0%| F|  |TAMS 0x0000000084400000, 0x0000000084400000| Untracked 
|  69|0x0000000084500000, 0x0000000084500000, 0x0000000084600000|  0%| F|  |TAMS 0x0000000084500000, 0x0000000084500000| Untracked 
|  70|0x0000000084600000, 0x0000000084600000, 0x0000000084700000|  0%| F|  |TAMS 0x0000000084600000, 0x0000000084600000| Untracked 
|  71|0x0000000084700000, 0x0000000084700000, 0x0000000084800000|  0%| F|  |TAMS 0x0000000084700000, 0x0000000084700000| Untracked 
|  72|0x0000000084800000, 0x0000000084800000, 0x0000000084900000|  0%| F|  |TAMS 0x0000000084800000, 0x0000000084800000| Untracked 
|  73|0x0000000084900000, 0x0000000084900000, 0x0000000084a00000|  0%| F|  |TAMS 0x0000000084900000, 0x0000000084900000| Untracked 
|  74|0x0000000084a00000, 0x0000000084a00000, 0x0000000084b00000|  0%| F|  |TAMS 0x0000000084a00000, 0x0000000084a00000| Untracked 
|  75|0x0000000084b00000, 0x0000000084b00000, 0x0000000084c00000|  0%| F|  |TAMS 0x0000000084b00000, 0x0000000084b00000| Untracked 
|  76|0x0000000084c00000, 0x0000000084c00000, 0x0000000084d00000|  0%| F|  |TAMS 0x0000000084c00000, 0x0000000084c00000| Untracked 
|  77|0x0000000084d00000, 0x0000000084d00000, 0x0000000084e00000|  0%| F|  |TAMS 0x0000000084d00000, 0x0000000084d00000| Untracked 
|  78|0x0000000084e00000, 0x0000000084e00000, 0x0000000084f00000|  0%| F|  |TAMS 0x0000000084e00000, 0x0000000084e00000| Untracked 
|  79|0x0000000084f00000, 0x0000000084f00000, 0x0000000085000000|  0%| F|  |TAMS 0x0000000084f00000, 0x0000000084f00000| Untracked 
|  80|0x0000000085000000, 0x0000000085000000, 0x0000000085100000|  0%| F|  |TAMS 0x0000000085000000, 0x0000000085000000| Untracked 
|  81|0x0000000085100000, 0x0000000085100000, 0x0000000085200000|  0%| F|  |TAMS 0x0000000085100000, 0x0000000085100000| Untracked 
|  82|0x0000000085200000, 0x0000000085200000, 0x0000000085300000|  0%| F|  |TAMS 0x0000000085200000, 0x0000000085200000| Untracked 
|  83|0x0000000085300000, 0x0000000085300000, 0x0000000085400000|  0%| F|  |TAMS 0x0000000085300000, 0x0000000085300000| Untracked 
|  84|0x0000000085400000, 0x0000000085400000, 0x0000000085500000|  0%| F|  |TAMS 0x0000000085400000, 0x0000000085400000| Untracked 
|  85|0x0000000085500000, 0x0000000085500000, 0x0000000085600000|  0%| F|  |TAMS 0x0000000085500000, 0x0000000085500000| Untracked 
|  86|0x0000000085600000, 0x0000000085600000, 0x0000000085700000|  0%| F|  |TAMS 0x0000000085600000, 0x0000000085600000| Untracked 
|  87|0x0000000085700000, 0x0000000085700000, 0x0000000085800000|  0%| F|  |TAMS 0x0000000085700000, 0x0000000085700000| Untracked 
|  88|0x0000000085800000, 0x0000000085800000, 0x0000000085900000|  0%| F|  |TAMS 0x0000000085800000, 0x0000000085800000| Untracked 
|  89|0x0000000085900000, 0x0000000085900000, 0x0000000085a00000|  0%| F|  |TAMS 0x0000000085900000, 0x0000000085900000| Untracked 
|  90|0x0000000085a00000, 0x0000000085a00000, 0x0000000085b00000|  0%| F|  |TAMS 0x0000000085a00000, 0x0000000085a00000| Untracked 
|  91|0x0000000085b00000, 0x0000000085b00000, 0x0000000085c00000|  0%| F|  |TAMS 0x0000000085b00000, 0x0000000085b00000| Untracked 
|  92|0x0000000085c00000, 0x0000000085c00000, 0x0000000085d00000|  0%| F|  |TAMS 0x0000000085c00000, 0x0000000085c00000| Untracked 
|  93|0x0000000085d00000, 0x0000000085d00000, 0x0000000085e00000|  0%| F|  |TAMS 0x0000000085d00000, 0x0000000085d00000| Untracked 
|  94|0x0000000085e00000, 0x0000000085e00000, 0x0000000085f00000|  0%| F|  |TAMS 0x0000000085e00000, 0x0000000085e00000| Untracked 
|  95|0x0000000085f00000, 0x0000000085f00000, 0x0000000086000000|  0%| F|  |TAMS 0x0000000085f00000, 0x0000000085f00000| Untracked 
|  96|0x0000000086000000, 0x0000000086000000, 0x0000000086100000|  0%| F|  |TAMS 0x0000000086000000, 0x0000000086000000| Untracked 
|  97|0x0000000086100000, 0x0000000086100000, 0x0000000086200000|  0%| F|  |TAMS 0x0000000086100000, 0x0000000086100000| Untracked 
|  98|0x0000000086200000, 0x0000000086200000, 0x0000000086300000|  0%| F|  |TAMS 0x0000000086200000, 0x0000000086200000| Untracked 
|  99|0x0000000086300000, 0x0000000086300000, 0x0000000086400000|  0%| F|  |TAMS 0x0000000086300000, 0x0000000086300000| Untracked 
| 100|0x0000000086400000, 0x0000000086400000, 0x0000000086500000|  0%| F|  |TAMS 0x0000000086400000, 0x0000000086400000| Untracked 
| 101|0x0000000086500000, 0x0000000086500000, 0x0000000086600000|  0%| F|  |TAMS 0x0000000086500000, 0x0000000086500000| Untracked 
| 102|0x0000000086600000, 0x0000000086600000, 0x0000000086700000|  0%| F|  |TAMS 0x0000000086600000, 0x0000000086600000| Untracked 
| 103|0x0000000086700000, 0x0000000086700000, 0x0000000086800000|  0%| F|  |TAMS 0x0000000086700000, 0x0000000086700000| Untracked 
| 104|0x0000000086800000, 0x0000000086800000, 0x0000000086900000|  0%| F|  |TAMS 0x0000000086800000, 0x0000000086800000| Untracked 
| 105|0x0000000086900000, 0x0000000086900000, 0x0000000086a00000|  0%| F|  |TAMS 0x0000000086900000, 0x0000000086900000| Untracked 
| 106|0x0000000086a00000, 0x0000000086a00000, 0x0000000086b00000|  0%| F|  |TAMS 0x0000000086a00000, 0x0000000086a00000| Untracked 
| 107|0x0000000086b00000, 0x0000000086b00000, 0x0000000086c00000|  0%| F|  |TAMS 0x0000000086b00000, 0x0000000086b00000| Untracked 
| 108|0x0000000086c00000, 0x0000000086c00000, 0x0000000086d00000|  0%| F|  |TAMS 0x0000000086c00000, 0x0000000086c00000| Untracked 
| 109|0x0000000086d00000, 0x0000000086d00000, 0x0000000086e00000|  0%| F|  |TAMS 0x0000000086d00000, 0x0000000086d00000| Untracked 
| 110|0x0000000086e00000, 0x0000000086e00000, 0x0000000086f00000|  0%| F|  |TAMS 0x0000000086e00000, 0x0000000086e00000| Untracked 
| 111|0x0000000086f00000, 0x0000000086f00000, 0x0000000087000000|  0%| F|  |TAMS 0x0000000086f00000, 0x0000000086f00000| Untracked 
| 112|0x0000000087000000, 0x0000000087000000, 0x0000000087100000|  0%| F|  |TAMS 0x0000000087000000, 0x0000000087000000| Untracked 
| 113|0x0000000087100000, 0x0000000087100000, 0x0000000087200000|  0%| F|  |TAMS 0x0000000087100000, 0x0000000087100000| Untracked 
| 114|0x0000000087200000, 0x0000000087200000, 0x0000000087300000|  0%| F|  |TAMS 0x0000000087200000, 0x0000000087200000| Untracked 
| 115|0x0000000087300000, 0x0000000087300000, 0x0000000087400000|  0%| F|  |TAMS 0x0000000087300000, 0x0000000087300000| Untracked 
| 116|0x0000000087400000, 0x0000000087400000, 0x0000000087500000|  0%| F|  |TAMS 0x0000000087400000, 0x0000000087400000| Untracked 
| 117|0x0000000087500000, 0x0000000087500000, 0x0000000087600000|  0%| F|  |TAMS 0x0000000087500000, 0x0000000087500000| Untracked 
| 118|0x0000000087600000, 0x0000000087600000, 0x0000000087700000|  0%| F|  |TAMS 0x0000000087600000, 0x0000000087600000| Untracked 
| 119|0x0000000087700000, 0x0000000087700000, 0x0000000087800000|  0%| F|  |TAMS 0x0000000087700000, 0x0000000087700000| Untracked 
| 120|0x0000000087800000, 0x0000000087800000, 0x0000000087900000|  0%| F|  |TAMS 0x0000000087800000, 0x0000000087800000| Untracked 
| 121|0x0000000087900000, 0x0000000087900000, 0x0000000087a00000|  0%| F|  |TAMS 0x0000000087900000, 0x0000000087900000| Untracked 
| 122|0x0000000087a00000, 0x0000000087a00000, 0x0000000087b00000|  0%| F|  |TAMS 0x0000000087a00000, 0x0000000087a00000| Untracked 
| 123|0x0000000087b00000, 0x0000000087b00000, 0x0000000087c00000|  0%| F|  |TAMS 0x0000000087b00000, 0x0000000087b00000| Untracked 
| 124|0x0000000087c00000, 0x0000000087c00000, 0x0000000087d00000|  0%| F|  |TAMS 0x0000000087c00000, 0x0000000087c00000| Untracked 
| 125|0x0000000087d00000, 0x0000000087d00000, 0x0000000087e00000|  0%| F|  |TAMS 0x0000000087d00000, 0x0000000087d00000| Untracked 
| 126|0x0000000087e00000, 0x0000000087e00000, 0x0000000087f00000|  0%| F|  |TAMS 0x0000000087e00000, 0x0000000087e00000| Untracked 
| 127|0x0000000087f00000, 0x0000000087f00000, 0x0000000088000000|  0%| F|  |TAMS 0x0000000087f00000, 0x0000000087f00000| Untracked 
| 128|0x0000000088000000, 0x0000000088000000, 0x0000000088100000|  0%| F|  |TAMS 0x0000000088000000, 0x0000000088000000| Untracked 
| 129|0x0000000088100000, 0x000000008814b850, 0x0000000088200000| 29%| S|CS|TAMS 0x0000000088100000, 0x0000000088100000| Complete 
| 130|0x0000000088200000, 0x0000000088300000, 0x0000000088300000|100%| S|CS|TAMS 0x0000000088200000, 0x0000000088200000| Complete 
| 131|0x0000000088300000, 0x0000000088400000, 0x0000000088400000|100%| S|CS|TAMS 0x0000000088300000, 0x0000000088300000| Complete 
| 132|0x0000000088400000, 0x0000000088500000, 0x0000000088500000|100%| S|CS|TAMS 0x0000000088400000, 0x0000000088400000| Complete 
| 133|0x0000000088500000, 0x0000000088500000, 0x0000000088600000|  0%| F|  |TAMS 0x0000000088500000, 0x0000000088500000| Untracked 
| 134|0x0000000088600000, 0x0000000088600000, 0x0000000088700000|  0%| F|  |TAMS 0x0000000088600000, 0x0000000088600000| Untracked 
| 135|0x0000000088700000, 0x0000000088700000, 0x0000000088800000|  0%| F|  |TAMS 0x0000000088700000, 0x0000000088700000| Untracked 
| 136|0x0000000088800000, 0x0000000088800000, 0x0000000088900000|  0%| F|  |TAMS 0x0000000088800000, 0x0000000088800000| Untracked 
| 137|0x0000000088900000, 0x0000000088900000, 0x0000000088a00000|  0%| F|  |TAMS 0x0000000088900000, 0x0000000088900000| Untracked 
| 138|0x0000000088a00000, 0x0000000088a00000, 0x0000000088b00000|  0%| F|  |TAMS 0x0000000088a00000, 0x0000000088a00000| Untracked 
| 139|0x0000000088b00000, 0x0000000088b00000, 0x0000000088c00000|  0%| F|  |TAMS 0x0000000088b00000, 0x0000000088b00000| Untracked 
| 140|0x0000000088c00000, 0x0000000088c00000, 0x0000000088d00000|  0%| F|  |TAMS 0x0000000088c00000, 0x0000000088c00000| Untracked 
| 141|0x0000000088d00000, 0x0000000088d00000, 0x0000000088e00000|  0%| F|  |TAMS 0x0000000088d00000, 0x0000000088d00000| Untracked 
| 142|0x0000000088e00000, 0x0000000088e00000, 0x0000000088f00000|  0%| F|  |TAMS 0x0000000088e00000, 0x0000000088e00000| Untracked 
| 143|0x0000000088f00000, 0x0000000088f00000, 0x0000000089000000|  0%| F|  |TAMS 0x0000000088f00000, 0x0000000088f00000| Untracked 
| 144|0x0000000089000000, 0x0000000089000000, 0x0000000089100000|  0%| F|  |TAMS 0x0000000089000000, 0x0000000089000000| Untracked 
| 145|0x0000000089100000, 0x0000000089100000, 0x0000000089200000|  0%| F|  |TAMS 0x0000000089100000, 0x0000000089100000| Untracked 
| 146|0x0000000089200000, 0x0000000089200000, 0x0000000089300000|  0%| F|  |TAMS 0x0000000089200000, 0x0000000089200000| Untracked 
| 147|0x0000000089300000, 0x0000000089300000, 0x0000000089400000|  0%| F|  |TAMS 0x0000000089300000, 0x0000000089300000| Untracked 
| 148|0x0000000089400000, 0x0000000089400000, 0x0000000089500000|  0%| F|  |TAMS 0x0000000089400000, 0x0000000089400000| Untracked 
| 149|0x0000000089500000, 0x0000000089500000, 0x0000000089600000|  0%| F|  |TAMS 0x0000000089500000, 0x0000000089500000| Untracked 
| 150|0x0000000089600000, 0x0000000089600000, 0x0000000089700000|  0%| F|  |TAMS 0x0000000089600000, 0x0000000089600000| Untracked 
| 151|0x0000000089700000, 0x0000000089700000, 0x0000000089800000|  0%| F|  |TAMS 0x0000000089700000, 0x0000000089700000| Untracked 
| 152|0x0000000089800000, 0x0000000089800000, 0x0000000089900000|  0%| F|  |TAMS 0x0000000089800000, 0x0000000089800000| Untracked 
| 153|0x0000000089900000, 0x0000000089980000, 0x0000000089a00000| 50%| E|  |TAMS 0x0000000089900000, 0x0000000089900000| Complete 

Card table byte_map: [0x0000010b23810000,0x0000010b23c10000] _byte_map_base: 0x0000010b23410000

Marking Bits (Prev, Next): (CMBitMap*) 0x0000010b0b0de8c0, (CMBitMap*) 0x0000010b0b0de888
 Prev Bits: [0x0000010b26010000, 0x0000010b28010000)
 Next Bits: [0x0000010b24010000, 0x0000010b26010000)

Polling page: 0x0000010b0b230000

Metaspace:

Usage:
  Non-class:     18.24 MB capacity,    17.84 MB ( 98%) used,   332.05 KB (  2%) free+waste,    78.13 KB ( <1%) overhead. 
      Class:      2.54 MB capacity,     2.27 MB ( 89%) used,   241.80 KB (  9%) free+waste,    41.50 KB (  2%) overhead. 
       Both:     20.78 MB capacity,    20.11 MB ( 97%) used,   573.85 KB (  3%) free+waste,   119.63 KB ( <1%) overhead. 

Virtual space:
  Non-class space:       20.00 MB reserved,      18.42 MB ( 92%) committed 
      Class space:        1.00 GB reserved,       2.63 MB ( <1%) committed 
             Both:        1.02 GB reserved,      21.05 MB (  2%) committed 

Chunk freelists:
   Non-Class:  1.38 KB
       Class:  0 bytes
        Both:  1.38 KB

CodeHeap 'non-profiled nmethods': size=120064Kb used=693Kb max_used=693Kb free=119370Kb
 bounds [0x0000010b1bad0000, 0x0000010b1bd40000, 0x0000010b23010000]
CodeHeap 'profiled nmethods': size=120000Kb used=3760Kb max_used=3760Kb free=116239Kb
 bounds [0x0000010b145a0000, 0x0000010b14950000, 0x0000010b1bad0000]
CodeHeap 'non-nmethods': size=5696Kb used=1129Kb max_used=1156Kb free=4567Kb
 bounds [0x0000010b14010000, 0x0000010b14280000, 0x0000010b145a0000]
 total_blobs=2346 nmethods=1912 adapters=345
 compilation: enabled
              stopped_count=0, restarted_count=0
 full_count=0

Compilation events (10 events):
Event: 4.315 Thread 0x0000010b2a48a000 1906       3       java.util.regex.Pattern$BmpCharPredicate$$Lambda$45/0x00000001000d5c40::is (13 bytes)
Event: 4.316 Thread 0x0000010b2a48a000 nmethod 1906 0x0000010b14944090 code [0x0000010b14944260, 0x0000010b14944638]
Event: 4.316 Thread 0x0000010b2a48a000 1907       1       org.springframework.boot.context.config.StandardConfigDataReference::getResourceLocation (5 bytes)
Event: 4.316 Thread 0x0000010b2a48a000 nmethod 1907 0x0000010b1bb7cf90 code [0x0000010b1bb7d120, 0x0000010b1bb7d1d8]
Event: 4.322 Thread 0x0000010b2a48a000 1908       3       java.util.Collections$EmptySet::iterator (4 bytes)
Event: 4.323 Thread 0x0000010b2a48a000 nmethod 1908 0x0000010b14944790 code [0x0000010b14944920, 0x0000010b14944a78]
Event: 4.324 Thread 0x0000010b2a48a000 1909       3       java.util.AbstractCollection::addAll (42 bytes)
Event: 4.324 Thread 0x0000010b2a48a000 nmethod 1909 0x0000010b14944b10 code [0x0000010b14944d00, 0x0000010b149451f8]
Event: 4.324 Thread 0x0000010b2a48a000 1910       2       java.util.HashMap::getNode (148 bytes)
Event: 4.325 Thread 0x0000010b2a48a000 nmethod 1910 0x0000010b14945390 code [0x0000010b14945560, 0x0000010b14945908]

GC Heap History (10 events):
Event: 0.813 GC heap before
{Heap before GC invocations=1 (full 0):
 garbage-first heap   total 131072K, used 8503K [0x0000000080000000, 0x0000000100000000)
  region size 1024K, 6 young (6144K), 1 survivors (1024K)
 Metaspace       used 9891K, capacity 10006K, committed 10240K, reserved 1058816K
  class space    used 913K, capacity 962K, committed 1024K, reserved 1048576K
}
Event: 0.817 GC heap after
{Heap after GC invocations=2 (full 0):
 garbage-first heap   total 131072K, used 7720K [0x0000000080000000, 0x0000000100000000)
  region size 1024K, 1 young (1024K), 1 survivors (1024K)
 Metaspace       used 9891K, capacity 10006K, committed 10240K, reserved 1058816K
  class space    used 913K, capacity 962K, committed 1024K, reserved 1048576K
}
Event: 1.358 GC heap before
{Heap before GC invocations=2 (full 0):
 garbage-first heap   total 131072K, used 14888K [0x0000000080000000, 0x0000000100000000)
  region size 1024K, 9 young (9216K), 1 survivors (1024K)
 Metaspace       used 11343K, capacity 11584K, committed 11776K, reserved 1060864K
  class space    used 1093K, capacity 1216K, committed 1280K, reserved 1048576K
}
Event: 1.363 GC heap after
{Heap after GC invocations=3 (full 0):
 garbage-first heap   total 131072K, used 7690K [0x0000000080000000, 0x0000000100000000)
  region size 1024K, 1 young (1024K), 1 survivors (1024K)
 Metaspace       used 11343K, capacity 11584K, committed 11776K, reserved 1060864K
  class space    used 1093K, capacity 1216K, committed 1280K, reserved 1048576K
}
Event: 2.084 GC heap before
{Heap before GC invocations=3 (full 0):
 garbage-first heap   total 131072K, used 21002K [0x0000000080000000, 0x0000000100000000)
  region size 1024K, 14 young (14336K), 1 survivors (1024K)
 Metaspace       used 14102K, capacity 14589K, committed 14720K, reserved 1062912K
  class space    used 1471K, capacity 1656K, committed 1664K, reserved 1048576K
}
Event: 2.093 GC heap after
{Heap after GC invocations=4 (full 0):
 garbage-first heap   total 131072K, used 8202K [0x0000000080000000, 0x0000000100000000)
  region size 1024K, 2 young (2048K), 2 survivors (2048K)
 Metaspace       used 14102K, capacity 14589K, committed 14720K, reserved 1062912K
  class space    used 1471K, capacity 1656K, committed 1664K, reserved 1048576K
}
Event: 3.153 GC heap before
{Heap before GC invocations=4 (full 0):
 garbage-first heap   total 131072K, used 29706K [0x0000000080000000, 0x0000000100000000)
  region size 1024K, 23 young (23552K), 2 survivors (2048K)
 Metaspace       used 16853K, capacity 17420K, committed 17792K, reserved 1064960K
  class space    used 1815K, capacity 2050K, committed 2176K, reserved 1048576K
}
Event: 3.160 GC heap after
{Heap after GC invocations=5 (full 0):
 garbage-first heap   total 157696K, used 8908K [0x0000000080000000, 0x0000000100000000)
  region size 1024K, 3 young (3072K), 3 survivors (3072K)
 Metaspace       used 16853K, capacity 17420K, committed 17792K, reserved 1064960K
  class space    used 1815K, capacity 2050K, committed 2176K, reserved 1048576K
}
Event: 4.327 GC heap before
{Heap before GC invocations=5 (full 0):
 garbage-first heap   total 157696K, used 29388K [0x0000000080000000, 0x0000000100000000)
  region size 1024K, 24 young (24576K), 3 survivors (3072K)
 Metaspace       used 20474K, capacity 21145K, committed 21296K, reserved 1069056K
  class space    used 2298K, capacity 2603K, committed 2688K, reserved 1048576K
}
Event: 4.337 GC heap after
{Heap after GC invocations=6 (full 0):
 garbage-first heap   total 157696K, used 10070K [0x0000000080000000, 0x0000000100000000)
  region size 1024K, 4 young (4096K), 4 survivors (4096K)
 Metaspace       used 20474K, capacity 21145K, committed 21296K, reserved 1069056K
  class space    used 2298K, capacity 2603K, committed 2688K, reserved 1048576K
}

Deoptimization events (10 events):
Event: 2.423 Thread 0x0000010b0b14b800 Uncommon trap: reason=bimorphic_or_optimized_type_check action=maybe_recompile pc=0x0000010b1bb1b7b0 method=java.util.HashMap.putVal(ILjava/lang/Object;Ljava/lang/Object;ZZ)Ljava/lang/Object; @ 203 c2
Event: 2.550 Thread 0x0000010b0b14b800 Uncommon trap: reason=unstable_if action=reinterpret pc=0x0000010b1bb027ec method=java.util.zip.ZipFile$Source.getEntryPos([BZ)I @ 156 c2
Event: 2.550 Thread 0x0000010b0b14b800 Uncommon trap: reason=unstable_if action=reinterpret pc=0x0000010b1bb28c4c method=java.io.WinNTFileSystem.normalize(Ljava/lang/String;)Ljava/lang/String; @ 128 c2
Event: 2.728 Thread 0x0000010b0b14b800 Uncommon trap: reason=bimorphic_or_optimized_type_check action=maybe_recompile pc=0x0000010b1bb1b7b0 method=java.util.HashMap.putVal(ILjava/lang/Object;Ljava/lang/Object;ZZ)Ljava/lang/Object; @ 203 c2
Event: 3.127 Thread 0x0000010b0b14b800 Uncommon trap: reason=unstable_if action=reinterpret pc=0x0000010b1bb1ecb0 method=sun.reflect.generics.parser.SignatureParser.current()C @ 39 c2
Event: 3.357 Thread 0x0000010b2b095000 Uncommon trap: reason=unstable_if action=reinterpret pc=0x0000010b1bb537c4 method=java.lang.String.indexOf(Ljava/lang/String;)I @ 8 c2
Event: 3.769 Thread 0x0000010b0b14b800 Uncommon trap: reason=unstable_if action=reinterpret pc=0x0000010b1bb21548 method=jdk.internal.org.objectweb.asm.Type.getArgumentsAndReturnSizes(Ljava/lang/String;)I @ 130 c2
Event: 3.898 Thread 0x0000010b0b14b800 Uncommon trap: reason=unstable_if action=reinterpret pc=0x0000010b1bb6f374 method=org.springframework.boot.context.properties.source.ConfigurationPropertyName$ElementsParser.updateType(Lorg/springframework/boot/context/properties/source/ConfigurationPrope
Event: 3.963 Thread 0x0000010b0b14b800 Uncommon trap: reason=unstable_if action=reinterpret pc=0x0000010b1bb66a30 method=java.lang.String.indexOf([BBILjava/lang/String;I)I @ 21 c2
Event: 4.314 Thread 0x0000010b0b14b800 Uncommon trap: reason=bimorphic_or_optimized_type_check action=maybe_recompile pc=0x0000010b1bb27040 method=java.util.HashMap.getNode(ILjava/lang/Object;)Ljava/util/HashMap$Node; @ 59 c2

Classes redefined (0 events):
No events

Internal exceptions (10 events):
Event: 3.807 Thread 0x0000010b0b14b800 Exception <a 'java/lang/NoSuchMethodError'{0x0000000088ca9fd8}: java.lang.invoke.DirectMethodHandle$Holder.invokeStaticInit(Ljava/lang/Object;Ljava/lang/Object;Ljava/lang/Object;Ljava/lang/Object;)V> (0x0000000088ca9fd8) thrown at [./open/src/hotspot/shar
Event: 3.809 Thread 0x0000010b0b14b800 Exception <a 'java/lang/IncompatibleClassChangeError'{0x0000000088cc0150}: Found class java.lang.Object, but interface was expected> (0x0000000088cc0150) thrown at [./open/src/hotspot/share/interpreter/linkResolver.cpp, line 838]
Event: 3.839 Thread 0x0000010b0b14b800 Exception <a 'java/lang/NoSuchMethodError'{0x0000000088b6ebf8}: java.lang.invoke.DirectMethodHandle$Holder.invokeSpecial(Ljava/lang/Object;Ljava/lang/Object;Ljava/lang/Object;Ljava/lang/Object;)I> (0x0000000088b6ebf8) thrown at [./open/src/hotspot/share/i
Event: 3.898 Thread 0x0000010b0b14b800 Exception <a 'java/lang/NoSuchMethodError'{0x0000000088a99a88}: java.lang.invoke.DirectMethodHandle$Holder.invokeSpecial(Ljava/lang/Object;Ljava/lang/Object;Ljava/lang/Object;Ljava/lang/Object;Ljava/lang/Object;Ljava/lang/Object;I)Ljava/lang/Object;> (0x0
Event: 3.913 Thread 0x0000010b0b14b800 Exception <a 'java/lang/NoSuchMethodError'{0x0000000088aa3b18}: java.lang.invoke.DirectMethodHandle$Holder.invokeSpecial(Ljava/lang/Object;Ljava/lang/Object;Ljava/lang/Object;Ljava/lang/Object;Ljava/lang/Object;Ljava/lang/Object;Ljava/lang/Object;I)Ljava/
Event: 3.913 Thread 0x0000010b0b14b800 Exception <a 'java/lang/NoSuchMethodError'{0x0000000088aa7f10}: java.lang.invoke.Invokers$Holder.linkToTargetMethod(Ljava/lang/Object;Ljava/lang/Object;Ljava/lang/Object;Ljava/lang/Object;Ljava/lang/Object;ILjava/lang/Object;)Ljava/lang/Object;> (0x000000
Event: 4.242 Thread 0x0000010b0b14b800 Exception <a 'java/lang/NoSuchMethodError'{0x00000000887614b0}: java.lang.invoke.DirectMethodHandle$Holder.invokeStatic(Ljava/lang/Object;Ljava/lang/Object;Ljava/lang/Object;ILjava/lang/Object;)Ljava/lang/Object;> (0x00000000887614b0) thrown at [./open/sr
Event: 4.242 Thread 0x0000010b0b14b800 Exception <a 'java/lang/NoSuchMethodError'{0x0000000088768400}: java.lang.invoke.Invokers$Holder.linkToTargetMethod(Ljava/lang/Object;Ljava/lang/Object;ILjava/lang/Object;Ljava/lang/Object;)Ljava/lang/Object;> (0x0000000088768400) thrown at [./open/src/ho
Event: 4.243 Thread 0x0000010b0b14b800 Exception <a 'java/lang/NoSuchMethodError'{0x0000000088770908}: java.lang.invoke.DirectMethodHandle$Holder.invokeStatic(Ljava/lang/Object;ILjava/lang/Object;Ljava/lang/Object;)I> (0x0000000088770908) thrown at [./open/src/hotspot/share/interpreter/linkRes
Event: 4.244 Thread 0x0000010b0b14b800 Exception <a 'java/lang/NoSuchMethodError'{0x0000000088777f60}: java.lang.invoke.DirectMethodHandle$Holder.invokeStatic(Ljava/lang/Object;ILjava/lang/Object;)Ljava/lang/Object;> (0x0000000088777f60) thrown at [./open/src/hotspot/share/interpreter/linkReso

Events (10 events):
Event: 4.337 Executing VM operation: CollectForMetadataAllocation done
Event: 4.347 Executing VM operation: RevokeBias
Event: 4.347 Executing VM operation: RevokeBias done
Event: 4.347 Executing VM operation: RevokeBias
Event: 4.347 Executing VM operation: RevokeBias done
Event: 4.347 Executing VM operation: CGC_Operation
Event: 4.351 Executing VM operation: CGC_Operation done
Event: 4.352 Executing VM operation: RevokeBias
Event: 4.352 Executing VM operation: RevokeBias done
Event: 4.352 Executing VM operation: RevokeBias


Dynamic libraries:
0x00007ff742d70000 - 0x00007ff742d7f000 	C:\Program Files\Java\jdk-11.0.16\bin\java.exe
0x00007ffe6b070000 - 0x00007ffe6b268000 	C:\Windows\SYSTEM32\ntdll.dll
0x00007ffe6af60000 - 0x00007ffe6b01d000 	C:\Windows\System32\KERNEL32.DLL
0x00007ffe68a80000 - 0x00007ffe68d52000 	C:\Windows\System32\KERNELBASE.dll
0x00007ffe68d60000 - 0x00007ffe68e60000 	C:\Windows\System32\ucrtbase.dll
0x00007ffe4e580000 - 0x00007ffe4e598000 	C:\Program Files\Java\jdk-11.0.16\bin\jli.dll
0x00007ffe69a20000 - 0x00007ffe69ace000 	C:\Windows\System32\ADVAPI32.dll
0x00007ffe69ad0000 - 0x00007ffe69b6e000 	C:\Windows\System32\msvcrt.dll
0x00007ffe69280000 - 0x00007ffe6931c000 	C:\Windows\System32\sechost.dll
0x00007ffe69320000 - 0x00007ffe69445000 	C:\Windows\System32\RPCRT4.dll
0x00007ffe6a2f0000 - 0x00007ffe6a48d000 	C:\Windows\System32\USER32.dll
0x00007ffe68f90000 - 0x00007ffe68fb2000 	C:\Windows\System32\win32u.dll
0x00007ffe6aa70000 - 0x00007ffe6aa9b000 	C:\Windows\System32\GDI32.dll
0x00007ffe68fc0000 - 0x00007ffe690cf000 	C:\Windows\System32\gdi32full.dll
0x00007ffe68e60000 - 0x00007ffe68efd000 	C:\Windows\System32\msvcp_win.dll
0x00007ffe4e060000 - 0x00007ffe4e075000 	C:\Program Files\Java\jdk-11.0.16\bin\VCRUNTIME140.dll
0x00007ffe4a110000 - 0x00007ffe4a3aa000 	C:\Windows\WinSxS\amd64_microsoft.windows.common-controls_6595b64144ccf1df_6.0.19041.1110_none_60b5254171f9507e\COMCTL32.dll
0x00007ffe604c0000 - 0x00007ffe604ca000 	C:\Windows\SYSTEM32\VERSION.dll
0x00007ffe6a2c0000 - 0x00007ffe6a2f0000 	C:\Windows\System32\IMM32.DLL
0x00007ffe40b40000 - 0x00007ffe40bdb000 	C:\Program Files\Java\jdk-11.0.16\bin\msvcp140.dll
0x00007ffe1a030000 - 0x00007ffe1ab48000 	C:\Program Files\Java\jdk-11.0.16\bin\server\jvm.dll
0x00007ffe6ac20000 - 0x00007ffe6ac28000 	C:\Windows\System32\PSAPI.DLL
0x00007ffe59f00000 - 0x00007ffe59f09000 	C:\Windows\SYSTEM32\WSOCK32.dll
0x00007ffe6aaa0000 - 0x00007ffe6ab0b000 	C:\Windows\System32\WS2_32.dll
0x00007ffe47d50000 - 0x00007ffe47d77000 	C:\Windows\SYSTEM32\WINMM.dll
0x00007ffe66620000 - 0x00007ffe66632000 	C:\Windows\SYSTEM32\kernel.appcore.dll
0x00007ffe4e4d0000 - 0x00007ffe4e4e0000 	C:\Program Files\Java\jdk-11.0.16\bin\verify.dll
0x00007ffe59cc0000 - 0x00007ffe59ea4000 	C:\Windows\SYSTEM32\DBGHELP.DLL
0x00007ffe59c90000 - 0x00007ffe59cbc000 	C:\Windows\SYSTEM32\dbgcore.DLL
0x00007ffe68f00000 - 0x00007ffe68f82000 	C:\Windows\System32\bcryptPrimitives.dll
0x00007ffe4dc20000 - 0x00007ffe4dc48000 	C:\Program Files\Java\jdk-11.0.16\bin\java.dll
0x00007ffe4dee0000 - 0x00007ffe4deea000 	C:\Program Files\Java\jdk-11.0.16\bin\jimage.dll
0x00007ffe4d800000 - 0x00007ffe4d816000 	C:\Program Files\Java\jdk-11.0.16\bin\zip.dll
0x00007ffe69b70000 - 0x00007ffe6a2b3000 	C:\Windows\System32\SHELL32.dll
0x00007ffe66820000 - 0x00007ffe66fb1000 	C:\Windows\SYSTEM32\windows.storage.dll
0x00007ffe696b0000 - 0x00007ffe69a04000 	C:\Windows\System32\combase.dll
0x00007ffe68020000 - 0x00007ffe68050000 	C:\Windows\SYSTEM32\Wldp.dll
0x00007ffe69600000 - 0x00007ffe696ad000 	C:\Windows\System32\SHCORE.dll
0x00007ffe6ac30000 - 0x00007ffe6ac85000 	C:\Windows\System32\shlwapi.dll
0x00007ffe686c0000 - 0x00007ffe686df000 	C:\Windows\SYSTEM32\profapi.dll
0x00007ffe4cbf0000 - 0x00007ffe4cc09000 	C:\Program Files\Java\jdk-11.0.16\bin\net.dll
0x00007ffe601a0000 - 0x00007ffe602ad000 	C:\Windows\SYSTEM32\WINHTTP.dll
0x00007ffe67e00000 - 0x00007ffe67e6a000 	C:\Windows\system32\mswsock.dll
0x00007ffe4cb80000 - 0x00007ffe4cb92000 	C:\Program Files\Java\jdk-11.0.16\bin\nio.dll
0x00007ffe4ded0000 - 0x00007ffe4ded9000 	C:\Program Files\Java\jdk-11.0.16\bin\management.dll
0x00007ffe4cb70000 - 0x00007ffe4cb7b000 	C:\Program Files\Java\jdk-11.0.16\bin\management_ext.dll
0x00007ffe55140000 - 0x00007ffe55157000 	C:\Windows\system32\napinsp.dll
0x00007ffe55120000 - 0x00007ffe5513b000 	C:\Windows\system32\pnrpnsp.dll
0x00007ffe55100000 - 0x00007ffe55115000 	C:\Windows\system32\wshbth.dll
0x00007ffe640e0000 - 0x00007ffe640fd000 	C:\Windows\system32\NLAapi.dll
0x00007ffe67b10000 - 0x00007ffe67b4b000 	C:\Windows\SYSTEM32\IPHLPAPI.DLL
0x00007ffe67b50000 - 0x00007ffe67c1a000 	C:\Windows\SYSTEM32\DNSAPI.dll
0x00007ffe6b020000 - 0x00007ffe6b028000 	C:\Windows\System32\NSI.dll
0x00007ffe550e0000 - 0x00007ffe550f2000 	C:\Windows\System32\winrnr.dll
0x00007ffe5fb10000 - 0x00007ffe5fb1a000 	C:\Windows\System32\rasadhlp.dll

dbghelp: loaded successfully - version: 4.0.5 - missing functions: none
symbol engine: initialized successfully - sym options: 0x614 - pdb path: .;C:\Program Files\Java\jdk-11.0.16\bin;C:\Windows\SYSTEM32;C:\Windows\WinSxS\amd64_microsoft.windows.common-controls_6595b64144ccf1df_6.0.19041.1110_none_60b5254171f9507e;C:\Program Files\Java\jdk-11.0.16\bin\server

VM Arguments:
java_command: C:\Users\sfjbs\AppData\Local\Temp\surefire12716120800211237212\surefirebooter958031011133608133.jar C:\Users\sfjbs\AppData\Local\Temp\surefire12716120800211237212 2022-10-27T11-06-35_760-jvmRun1 surefire2290580822238152262tmp surefire_017549904347376587139tmp
java_class_path (initial): C:\Users\sfjbs\AppData\Local\Temp\surefire12716120800211237212\surefirebooter958031011133608133.jar
Launcher Type: SUN_STANDARD

[Global flags]
     intx CICompilerCount                          = 2                                         {product} {ergonomic}
     uint ConcGCThreads                            = 1                                         {product} {ergonomic}
     uint G1ConcRefinementThreads                  = 2                                         {product} {ergonomic}
   size_t G1HeapRegionSize                         = 1048576                                   {product} {ergonomic}
    uintx GCDrainStackTargetSize                   = 64                                        {product} {ergonomic}
   size_t InitialHeapSize                          = 134217728                                 {product} {ergonomic}
   size_t MarkStackSize                            = 4194304                                   {product} {ergonomic}
   size_t MaxHeapSize                              = 2147483648                                {product} {ergonomic}
   size_t MaxNewSize                               = 1287651328                                {product} {ergonomic}
   size_t MinHeapDeltaBytes                        = 1048576                                   {product} {ergonomic}
    uintx NonNMethodCodeHeapSize                   = 5825164                                {pd product} {ergonomic}
    uintx NonProfiledCodeHeapSize                  = 122916538                              {pd product} {ergonomic}
    uintx ProfiledCodeHeapSize                     = 122916538                              {pd product} {ergonomic}
    uintx ReservedCodeCacheSize                    = 251658240                              {pd product} {ergonomic}
     bool SegmentedCodeCache                       = true                                      {product} {ergonomic}
     bool UseCompressedClassPointers               = true                                 {lp64_product} {ergonomic}
     bool UseCompressedOops                        = true                                 {lp64_product} {ergonomic}
     bool UseG1GC                                  = true                                      {product} {ergonomic}
     bool UseLargePagesIndividualAllocation        = false                                  {pd product} {ergonomic}

Logging:
Log output configuration:
 #0: stdout all=warning uptime,level,tags
 #1: stderr all=off uptime,level,tags

Environment Variables:
PATH=C:\Program Files\Common Files\Oracle\Java\javapath;C:\Windows\system32;C:\Windows;C:\Windows\System32\Wbem;C:\Windows\System32\WindowsPowerShell\v1.0\;C:\Windows\System32\OpenSSH\;C:\Users\sfjbs\Downloads\micro service-20221001T123314Z-001\micro service\apache-maven-3.8.5-bin\apache-maven-3.8.5\bin;C:\Users\sfjbs\Downloads\micro service-20221001T123314Z-001\micro service\apache-maven-3.8.5-bin\apache-maven-3.8.5\lib;C:\Program Files\Docker\Docker\resources\bin;C:\ProgramData\DockerDesktop\version-bin;C:\Program Files\Git\cmd;C:\Users\sfjbs\AppData\Local\Microsoft\WindowsApps;C:\Users\sfjbs\Downloads\micro service-20221001T123314Z-001\micro service\apache-maven-3.8.5-bin\apache-maven-3.8.5\bin;C:\Users\sfjbs\Downloads\micro service-20221001T123314Z-001\micro service\apache-maven-3.8.5-bin\apache-maven-3.8.5\lib;;C:\Program Files\JetBrains\IntelliJ IDEA Community Edition 2022.2.1\bin;
USERNAME=sfjbs
OS=Windows_NT
PROCESSOR_IDENTIFIER=Intel64 Family 6 Model 85 Stepping 7, GenuineIntel



---------------  S Y S T E M  ---------------

OS: Windows 10 , 64 bit Build 19041 (10.0.19041.1889)
Hyper-V role detected

CPU:total 2 (initial active 2) (1 cores per cpu, 2 threads per core) family 6 model 85 stepping 7 microcode 0xffffffff, cmov, cx8, fxsr, mmx, sse, sse2, sse3, ssse3, sse4.1, sse4.2, popcnt, avx, avx2, aes, clmul, erms, rtm, 3dnowpref, lzcnt, ht, tsc, bmi1, bmi2, adx, evex, fma

Memory: 4k page, system-wide physical 8190M (384M free)
TotalPageFile size 10238M (AvailPageFile size 5M)
current process WorkingSet (physical memory assigned to process): 131M, peak: 131M
current process commit charge ("private bytes"): 262M, peak: 264M

vm_info: Java HotSpot(TM) 64-Bit Server VM (11.0.16+11-LTS-199) for windows-amd64 JRE (11.0.16+11-LTS-199), built on Jun 28 2022 08:23:17 by "mach5one" with MS VC++ 15.9 (VS2017)

END.
