#
# There is insufficient memory for the Java Runtime Environment to continue.
# Native memory allocation (mmap) failed to map 55574528 bytes for Failed to commit area from 0x000000008a600000 to 0x000000008db00000 of length 55574528.
# Possible reasons:
#   The system is out of physical RAM or swap space
#   The process is running with CompressedOops enabled, and the Java Heap may be blocking the growth of the native heap
# Possible solutions:
#   Reduce memory load on the system
#   Increase physical memory or swap space
#   Check if swap backing store is full
#   Decrease Java heap size (-Xmx/-Xms)
#   Decrease number of Java threads
#   Decrease Java thread stack sizes (-Xss)
#   Set larger code cache with -XX:ReservedCodeCacheSize=
#   JVM is running with Unscaled Compressed Oops mode in which the Java heap is
#     placed in the first 4GB address space. The Java Heap base address is the
#     maximum limit for the native heap growth. Please use -XX:HeapBaseMinAddress
#     to set the Java Heap base and to place the Java Heap above 4GB virtual address.
# This output file may be truncated or incomplete.
#
#  Out of Memory Error (./open/src/hotspot/os/windows/os_windows.cpp:3287), pid=33812, tid=8288
#
# JRE version: Java(TM) SE Runtime Environment 18.9 (11.0.16+11) (build 11.0.16+11-LTS-199)
# Java VM: Java HotSpot(TM) 64-Bit Server VM 18.9 (11.0.16+11-LTS-199, mixed mode, tiered, compressed oops, g1 gc, windows-amd64)
# No core dump will be written. Minidumps are not enabled by default on client versions of Windows
#

---------------  S U M M A R Y ------------

Command Line: -Xverify:none -XX:TieredStopAtLevel=1 com.eureka.app.gateway.GatwayApplication

Host: Intel(R) Xeon(R) Platinum 8272CL CPU @ 2.60GHz, 2 cores, 7G,  Windows 10 , 64 bit Build 19041 (10.0.19041.1889)
Time: Thu Oct 20 09:10:39 2022 Coordinated Universal Time elapsed time: 5.922456 seconds (0d 0h 0m 5s)

---------------  T H R E A D  ---------------

Current thread (0x0000023d9da14800):  VMThread "VM Thread" [stack: 0x000000cf1c400000,0x000000cf1c500000] [id=8288]

Stack: [0x000000cf1c400000,0x000000cf1c500000]
[error occurred during error reporting (printing stack bounds), id 0xc0000005, EXCEPTION_ACCESS_VIOLATION (0xc0000005) at pc=0x0000023d875f10e7]

Native frames: (J=compiled Java code, j=interpreted, Vv=VM code, C=native code)
V  [jvm.dll+0x62a3ea]
V  [jvm.dll+0x76418f]
V  [jvm.dll+0x765839]
V  [jvm.dll+0x765e25]
V  [jvm.dll+0x765ddb]
V  [jvm.dll+0x6298d3]
V  [jvm.dll+0x629fe8]
C  [ntdll.dll+0xa241f]
C  [ntdll.dll+0x514a4]
C  [ntdll.dll+0xa0f4e]
C  0x0000023d875f10e7

VM_Operation (0x000000cf1befb170): CollectForMetadataAllocation, mode: safepoint, requested by thread 0x0000023dff864000


---------------  P R O C E S S  ---------------

Threads class SMR info:
_java_thread_list=0x0000023da04b54e0, length=12, elements={
0x0000023dff864000, 0x0000023d9da17800, 0x0000023d9da19800, 0x0000023d9da37000,
0x0000023d9da3a000, 0x0000023d9da3c000, 0x0000023d9da41000, 0x0000023d9da42000,
0x0000023d9e4c4000, 0x0000023da04de800, 0x0000023da04df000, 0x0000023da03b6800
}

Java Threads: ( => current thread )
  0x0000023dff864000 JavaThread "main" [_thread_blocked, id=8988, stack(0x000000cf1be00000,0x000000cf1bf00000)]
  0x0000023d9da17800 JavaThread "Reference Handler" daemon [_thread_blocked, id=35596, stack(0x000000cf1c500000,0x000000cf1c600000)]
  0x0000023d9da19800 JavaThread "Finalizer" daemon [_thread_blocked, id=8308, stack(0x000000cf1c600000,0x000000cf1c700000)]
  0x0000023d9da37000 JavaThread "Signal Dispatcher" daemon [_thread_blocked, id=35356, stack(0x000000cf1c700000,0x000000cf1c800000)]
  0x0000023d9da3a000 JavaThread "Attach Listener" daemon [_thread_blocked, id=37220, stack(0x000000cf1c800000,0x000000cf1c900000)]
  0x0000023d9da3c000 JavaThread "Service Thread" daemon [_thread_blocked, id=37772, stack(0x000000cf1c900000,0x000000cf1ca00000)]
  0x0000023d9da41000 JavaThread "C1 CompilerThread0" daemon [_thread_blocked, id=6660, stack(0x000000cf1ca00000,0x000000cf1cb00000)]
  0x0000023d9da42000 JavaThread "Sweeper thread" daemon [_thread_blocked, id=37012, stack(0x000000cf1cb00000,0x000000cf1cc00000)]
  0x0000023d9e4c4000 JavaThread "Common-Cleaner" daemon [_thread_blocked, id=33132, stack(0x000000cf1cd00000,0x000000cf1ce00000)]
  0x0000023da04de800 JavaThread "Catalina-utility-1" [_thread_blocked, id=8460, stack(0x000000cf1cf00000,0x000000cf1d000000)]
  0x0000023da04df000 JavaThread "Catalina-utility-2" [_thread_blocked, id=37412, stack(0x000000cf1d000000,0x000000cf1d100000)]
  0x0000023da03b6800 JavaThread "container-0" [_thread_blocked, id=37716, stack(0x000000cf1d100000,0x000000cf1d200000)]

Other Threads:
=>0x0000023d9da14800 VMThread "VM Thread" [stack: 0x000000cf1c400000,0x000000cf1c500000] [id=8288]
  0x0000023d9e4c2000 WatcherThread [stack: 0x000000cf1cc00000,0x000000cf1cd00000] [id=33380]
  0x0000023dff879000 GCTaskThread "GC Thread#0" [stack: 0x000000cf1bf00000,0x000000cf1c000000] [id=37240]
  0x0000023d9e8c0800 GCTaskThread "GC Thread#1" [stack: 0x000000cf1ce00000,0x000000cf1cf00000] [id=6908]
  0x0000023dff8a9000 ConcurrentGCThread "G1 Main Marker" [stack: 0x000000cf1c000000,0x000000cf1c100000] [id=36912]
  0x0000023dff8aa800 ConcurrentGCThread "G1 Conc#0" [stack: 0x000000cf1c100000,0x000000cf1c200000] [id=3536]
  0x0000023dff933800 ConcurrentGCThread "G1 Refine#0" [stack: 0x000000cf1c200000,0x000000cf1c300000] [id=37596]
  0x0000023dff934800 ConcurrentGCThread "G1 Young RemSet Sampling" [stack: 0x000000cf1c300000,0x000000cf1c400000] [id=33768]

Threads with active compile tasks:

VM state:at safepoint (normal execution)

VM Mutex/Monitor currently owned by a thread:  ([mutex/lock_event])
[0x0000023dff860560] Threads_lock - owner thread: 0x0000023d9da14800
[0x0000023dff860050] Heap_lock - owner thread: 0x0000023dff864000

Heap address: 0x0000000080000000, size: 2048 MB, Compressed Oops mode: 32-bit
Narrow klass base: 0x0000000000000000, Narrow klass shift: 3
Compressed class space size: 1073741824 Address: 0x0000000100000000

Heap:
 garbage-first heap   total 224256K, used 20571K [0x0000000080000000, 0x0000000100000000)
  region size 1024K, 12 young (12288K), 12 survivors (12288K)
 Metaspace       used 34623K, capacity 35843K, committed 35920K, reserved 1081344K
  class space    used 4397K, capacity 4915K, committed 4992K, reserved 1048576K
Heap Regions: E=young(eden), S=young(survivor), O=old, HS=humongous(starts), HC=humongous(continues), CS=collection set, F=free, A=archive, TAMS=top-at-mark-start (previous, next)
|   0|0x0000000080000000, 0x0000000080100000, 0x0000000080100000|100%| O|  |TAMS 0x0000000080100000, 0x0000000080100000| Untracked 
|   1|0x0000000080100000, 0x0000000080200000, 0x0000000080200000|100%| O|  |TAMS 0x0000000080200000, 0x0000000080200000| Untracked 
|   2|0x0000000080200000, 0x0000000080300000, 0x0000000080300000|100%| O|  |TAMS 0x0000000080300000, 0x0000000080300000| Untracked 
|   3|0x0000000080300000, 0x0000000080400000, 0x0000000080400000|100%| O|  |TAMS 0x0000000080400000, 0x0000000080400000| Untracked 
|   4|0x0000000080400000, 0x0000000080500000, 0x0000000080500000|100%| O|  |TAMS 0x0000000080500000, 0x0000000080500000| Untracked 
|   5|0x0000000080500000, 0x0000000080600000, 0x0000000080600000|100%| O|  |TAMS 0x00000000805d5200, 0x0000000080600000| Untracked 
|   6|0x0000000080600000, 0x0000000080700000, 0x0000000080700000|100%| O|  |TAMS 0x0000000080600000, 0x0000000080700000| Untracked 
|   7|0x0000000080700000, 0x0000000080800000, 0x0000000080800000|100%| O|  |TAMS 0x0000000080700000, 0x0000000080800000| Untracked 
|   8|0x0000000080800000, 0x0000000080800000, 0x0000000080900000|  0%| F|  |TAMS 0x0000000080800000, 0x0000000080800000| Untracked 
|   9|0x0000000080900000, 0x0000000080900000, 0x0000000080a00000|  0%| F|  |TAMS 0x0000000080900000, 0x0000000080900000| Untracked 
|  10|0x0000000080a00000, 0x0000000080a00000, 0x0000000080b00000|  0%| F|  |TAMS 0x0000000080a00000, 0x0000000080a00000| Untracked 
|  11|0x0000000080b00000, 0x0000000080b00000, 0x0000000080c00000|  0%| F|  |TAMS 0x0000000080b00000, 0x0000000080b00000| Untracked 
|  12|0x0000000080c00000, 0x0000000080c00000, 0x0000000080d00000|  0%| F|  |TAMS 0x0000000080c00000, 0x0000000080c00000| Untracked 
|  13|0x0000000080d00000, 0x0000000080d16e00, 0x0000000080e00000|  8%| O|  |TAMS 0x0000000080d00000, 0x0000000080d16e00| Untracked 
|  14|0x0000000080e00000, 0x0000000080e00000, 0x0000000080f00000|  0%| F|  |TAMS 0x0000000080e00000, 0x0000000080e00000| Untracked 
|  15|0x0000000080f00000, 0x0000000080f00000, 0x0000000081000000|  0%| F|  |TAMS 0x0000000080f00000, 0x0000000080f00000| Untracked 
|  16|0x0000000081000000, 0x0000000081000000, 0x0000000081100000|  0%| F|  |TAMS 0x0000000081000000, 0x0000000081000000| Untracked 
|  17|0x0000000081100000, 0x0000000081100000, 0x0000000081200000|  0%| F|  |TAMS 0x0000000081100000, 0x0000000081100000| Untracked 
|  18|0x0000000081200000, 0x0000000081200000, 0x0000000081300000|  0%| F|  |TAMS 0x0000000081200000, 0x0000000081200000| Untracked 
|  19|0x0000000081300000, 0x0000000081300000, 0x0000000081400000|  0%| F|  |TAMS 0x0000000081300000, 0x0000000081300000| Untracked 
|  20|0x0000000081400000, 0x0000000081400000, 0x0000000081500000|  0%| F|  |TAMS 0x0000000081400000, 0x0000000081400000| Untracked 
|  21|0x0000000081500000, 0x0000000081500000, 0x0000000081600000|  0%| F|  |TAMS 0x0000000081500000, 0x0000000081500000| Untracked 
|  22|0x0000000081600000, 0x0000000081600000, 0x0000000081700000|  0%| F|  |TAMS 0x0000000081600000, 0x0000000081600000| Untracked 
|  23|0x0000000081700000, 0x0000000081700000, 0x0000000081800000|  0%| F|  |TAMS 0x0000000081700000, 0x0000000081700000| Untracked 
|  24|0x0000000081800000, 0x0000000081800000, 0x0000000081900000|  0%| F|  |TAMS 0x0000000081800000, 0x0000000081800000| Untracked 
|  25|0x0000000081900000, 0x0000000081900000, 0x0000000081a00000|  0%| F|  |TAMS 0x0000000081900000, 0x0000000081900000| Untracked 
|  26|0x0000000081a00000, 0x0000000081a00000, 0x0000000081b00000|  0%| F|  |TAMS 0x0000000081a00000, 0x0000000081a00000| Untracked 
|  27|0x0000000081b00000, 0x0000000081b00000, 0x0000000081c00000|  0%| F|  |TAMS 0x0000000081b00000, 0x0000000081b00000| Untracked 
|  28|0x0000000081c00000, 0x0000000081c00000, 0x0000000081d00000|  0%| F|  |TAMS 0x0000000081c00000, 0x0000000081c00000| Untracked 
|  29|0x0000000081d00000, 0x0000000081d00000, 0x0000000081e00000|  0%| F|  |TAMS 0x0000000081d00000, 0x0000000081d00000| Untracked 
|  30|0x0000000081e00000, 0x0000000081e00000, 0x0000000081f00000|  0%| F|  |TAMS 0x0000000081e00000, 0x0000000081e00000| Untracked 
|  31|0x0000000081f00000, 0x0000000081f00000, 0x0000000082000000|  0%| F|  |TAMS 0x0000000081f00000, 0x0000000081f00000| Untracked 
|  32|0x0000000082000000, 0x0000000082000000, 0x0000000082100000|  0%| F|  |TAMS 0x0000000082000000, 0x0000000082000000| Untracked 
|  33|0x0000000082100000, 0x0000000082100000, 0x0000000082200000|  0%| F|  |TAMS 0x0000000082100000, 0x0000000082100000| Untracked 
|  34|0x0000000082200000, 0x0000000082200000, 0x0000000082300000|  0%| F|  |TAMS 0x0000000082200000, 0x0000000082200000| Untracked 
|  35|0x0000000082300000, 0x0000000082300000, 0x0000000082400000|  0%| F|  |TAMS 0x0000000082300000, 0x0000000082300000| Untracked 
|  36|0x0000000082400000, 0x0000000082400000, 0x0000000082500000|  0%| F|  |TAMS 0x0000000082400000, 0x0000000082400000| Untracked 
|  37|0x0000000082500000, 0x0000000082500000, 0x0000000082600000|  0%| F|  |TAMS 0x0000000082500000, 0x0000000082500000| Untracked 
|  38|0x0000000082600000, 0x0000000082600000, 0x0000000082700000|  0%| F|  |TAMS 0x0000000082600000, 0x0000000082600000| Untracked 
|  39|0x0000000082700000, 0x0000000082700000, 0x0000000082800000|  0%| F|  |TAMS 0x0000000082700000, 0x0000000082700000| Untracked 
|  40|0x0000000082800000, 0x0000000082800000, 0x0000000082900000|  0%| F|  |TAMS 0x0000000082800000, 0x0000000082800000| Untracked 
|  41|0x0000000082900000, 0x0000000082900000, 0x0000000082a00000|  0%| F|  |TAMS 0x0000000082900000, 0x0000000082900000| Untracked 
|  42|0x0000000082a00000, 0x0000000082a00000, 0x0000000082b00000|  0%| F|  |TAMS 0x0000000082a00000, 0x0000000082a00000| Untracked 
|  43|0x0000000082b00000, 0x0000000082b00000, 0x0000000082c00000|  0%| F|  |TAMS 0x0000000082b00000, 0x0000000082b00000| Untracked 
|  44|0x0000000082c00000, 0x0000000082c00000, 0x0000000082d00000|  0%| F|  |TAMS 0x0000000082c00000, 0x0000000082c00000| Untracked 
|  45|0x0000000082d00000, 0x0000000082d00000, 0x0000000082e00000|  0%| F|  |TAMS 0x0000000082d00000, 0x0000000082d00000| Untracked 
|  46|0x0000000082e00000, 0x0000000082e00000, 0x0000000082f00000|  0%| F|  |TAMS 0x0000000082e00000, 0x0000000082e00000| Untracked 
|  47|0x0000000082f00000, 0x0000000082f00000, 0x0000000083000000|  0%| F|  |TAMS 0x0000000082f00000, 0x0000000082f00000| Untracked 
|  48|0x0000000083000000, 0x0000000083000000, 0x0000000083100000|  0%| F|  |TAMS 0x0000000083000000, 0x0000000083000000| Untracked 
|  49|0x0000000083100000, 0x0000000083100000, 0x0000000083200000|  0%| F|  |TAMS 0x0000000083100000, 0x0000000083100000| Untracked 
|  50|0x0000000083200000, 0x0000000083200000, 0x0000000083300000|  0%| F|  |TAMS 0x0000000083200000, 0x0000000083200000| Untracked 
|  51|0x0000000083300000, 0x0000000083300000, 0x0000000083400000|  0%| F|  |TAMS 0x0000000083300000, 0x0000000083300000| Untracked 
|  52|0x0000000083400000, 0x0000000083400000, 0x0000000083500000|  0%| F|  |TAMS 0x0000000083400000, 0x0000000083400000| Untracked 
|  53|0x0000000083500000, 0x0000000083500000, 0x0000000083600000|  0%| F|  |TAMS 0x0000000083500000, 0x0000000083500000| Untracked 
|  54|0x0000000083600000, 0x0000000083600000, 0x0000000083700000|  0%| F|  |TAMS 0x0000000083600000, 0x0000000083600000| Untracked 
|  55|0x0000000083700000, 0x0000000083700000, 0x0000000083800000|  0%| F|  |TAMS 0x0000000083700000, 0x0000000083700000| Untracked 
|  56|0x0000000083800000, 0x0000000083800000, 0x0000000083900000|  0%| F|  |TAMS 0x0000000083800000, 0x0000000083800000| Untracked 
|  57|0x0000000083900000, 0x0000000083900000, 0x0000000083a00000|  0%| F|  |TAMS 0x0000000083900000, 0x0000000083900000| Untracked 
|  58|0x0000000083a00000, 0x0000000083a00000, 0x0000000083b00000|  0%| F|  |TAMS 0x0000000083a00000, 0x0000000083a00000| Untracked 
|  59|0x0000000083b00000, 0x0000000083b00000, 0x0000000083c00000|  0%| F|  |TAMS 0x0000000083b00000, 0x0000000083b00000| Untracked 
|  60|0x0000000083c00000, 0x0000000083c00000, 0x0000000083d00000|  0%| F|  |TAMS 0x0000000083c00000, 0x0000000083c00000| Untracked 
|  61|0x0000000083d00000, 0x0000000083d00000, 0x0000000083e00000|  0%| F|  |TAMS 0x0000000083d00000, 0x0000000083d00000| Untracked 
|  62|0x0000000083e00000, 0x0000000083e00000, 0x0000000083f00000|  0%| F|  |TAMS 0x0000000083e00000, 0x0000000083e00000| Untracked 
|  63|0x0000000083f00000, 0x0000000084000000, 0x0000000084000000|100%| S|CS|TAMS 0x0000000083f00000, 0x0000000083f00000| Complete 
|  64|0x0000000084000000, 0x0000000084100000, 0x0000000084100000|100%| S|CS|TAMS 0x0000000084000000, 0x0000000084000000| Complete 
|  65|0x0000000084100000, 0x0000000084200000, 0x0000000084200000|100%| S|CS|TAMS 0x0000000084100000, 0x0000000084100000| Complete 
|  66|0x0000000084200000, 0x0000000084300000, 0x0000000084300000|100%| S|CS|TAMS 0x0000000084200000, 0x0000000084200000| Complete 
|  67|0x0000000084300000, 0x0000000084400000, 0x0000000084400000|100%| S|CS|TAMS 0x0000000084300000, 0x0000000084300000| Complete 
|  68|0x0000000084400000, 0x0000000084500000, 0x0000000084500000|100%| S|CS|TAMS 0x0000000084400000, 0x0000000084400000| Complete 
|  69|0x0000000084500000, 0x0000000084600000, 0x0000000084600000|100%| S|CS|TAMS 0x0000000084500000, 0x0000000084500000| Complete 
|  70|0x0000000084600000, 0x0000000084700000, 0x0000000084700000|100%| S|CS|TAMS 0x0000000084600000, 0x0000000084600000| Complete 
|  71|0x0000000084700000, 0x0000000084800000, 0x0000000084800000|100%| S|CS|TAMS 0x0000000084700000, 0x0000000084700000| Complete 
|  72|0x0000000084800000, 0x0000000084900000, 0x0000000084900000|100%| S|CS|TAMS 0x0000000084800000, 0x0000000084800000| Complete 
|  73|0x0000000084900000, 0x0000000084a00000, 0x0000000084a00000|100%| S|CS|TAMS 0x0000000084900000, 0x0000000084900000| Complete 
|  74|0x0000000084a00000, 0x0000000084b00000, 0x0000000084b00000|100%| S|CS|TAMS 0x0000000084a00000, 0x0000000084a00000| Complete 
|  75|0x0000000084b00000, 0x0000000084b00000, 0x0000000084c00000|  0%| F|  |TAMS 0x0000000084b00000, 0x0000000084b00000| Untracked 
|  76|0x0000000084c00000, 0x0000000084c00000, 0x0000000084d00000|  0%| F|  |TAMS 0x0000000084c00000, 0x0000000084c00000| Untracked 
|  77|0x0000000084d00000, 0x0000000084d00000, 0x0000000084e00000|  0%| F|  |TAMS 0x0000000084d00000, 0x0000000084d00000| Untracked 
|  78|0x0000000084e00000, 0x0000000084e00000, 0x0000000084f00000|  0%| F|  |TAMS 0x0000000084e00000, 0x0000000084e00000| Untracked 
|  79|0x0000000084f00000, 0x0000000084f00000, 0x0000000085000000|  0%| F|  |TAMS 0x0000000084f00000, 0x0000000084f00000| Untracked 
|  80|0x0000000085000000, 0x0000000085000000, 0x0000000085100000|  0%| F|  |TAMS 0x0000000085000000, 0x0000000085000000| Untracked 
|  81|0x0000000085100000, 0x0000000085100000, 0x0000000085200000|  0%| F|  |TAMS 0x0000000085100000, 0x0000000085100000| Untracked 
|  82|0x0000000085200000, 0x0000000085200000, 0x0000000085300000|  0%| F|  |TAMS 0x0000000085200000, 0x0000000085200000| Untracked 
|  83|0x0000000085300000, 0x0000000085300000, 0x0000000085400000|  0%| F|  |TAMS 0x0000000085300000, 0x0000000085300000| Untracked 
|  84|0x0000000085400000, 0x0000000085400000, 0x0000000085500000|  0%| F|  |TAMS 0x0000000085400000, 0x0000000085400000| Untracked 
|  85|0x0000000085500000, 0x0000000085500000, 0x0000000085600000|  0%| F|  |TAMS 0x0000000085500000, 0x0000000085500000| Untracked 
|  86|0x0000000085600000, 0x0000000085600000, 0x0000000085700000|  0%| F|  |TAMS 0x0000000085600000, 0x0000000085600000| Untracked 
|  87|0x0000000085700000, 0x0000000085700000, 0x0000000085800000|  0%| F|  |TAMS 0x0000000085700000, 0x0000000085700000| Untracked 
|  88|0x0000000085800000, 0x0000000085800000, 0x0000000085900000|  0%| F|  |TAMS 0x0000000085800000, 0x0000000085800000| Untracked 
|  89|0x0000000085900000, 0x0000000085900000, 0x0000000085a00000|  0%| F|  |TAMS 0x0000000085900000, 0x0000000085900000| Untracked 
|  90|0x0000000085a00000, 0x0000000085a00000, 0x0000000085b00000|  0%| F|  |TAMS 0x0000000085a00000, 0x0000000085a00000| Untracked 
|  91|0x0000000085b00000, 0x0000000085b00000, 0x0000000085c00000|  0%| F|  |TAMS 0x0000000085b00000, 0x0000000085b00000| Untracked 
|  92|0x0000000085c00000, 0x0000000085c00000, 0x0000000085d00000|  0%| F|  |TAMS 0x0000000085c00000, 0x0000000085c00000| Untracked 
|  93|0x0000000085d00000, 0x0000000085d00000, 0x0000000085e00000|  0%| F|  |TAMS 0x0000000085d00000, 0x0000000085d00000| Untracked 
|  94|0x0000000085e00000, 0x0000000085e00000, 0x0000000085f00000|  0%| F|  |TAMS 0x0000000085e00000, 0x0000000085e00000| Untracked 
|  95|0x0000000085f00000, 0x0000000085f00000, 0x0000000086000000|  0%| F|  |TAMS 0x0000000085f00000, 0x0000000085f00000| Untracked 
|  96|0x0000000086000000, 0x0000000086000000, 0x0000000086100000|  0%| F|  |TAMS 0x0000000086000000, 0x0000000086000000| Untracked 
|  97|0x0000000086100000, 0x0000000086100000, 0x0000000086200000|  0%| F|  |TAMS 0x0000000086100000, 0x0000000086100000| Untracked 
|  98|0x0000000086200000, 0x0000000086200000, 0x0000000086300000|  0%| F|  |TAMS 0x0000000086200000, 0x0000000086200000| Untracked 
|  99|0x0000000086300000, 0x0000000086300000, 0x0000000086400000|  0%| F|  |TAMS 0x0000000086300000, 0x0000000086300000| Untracked 
| 100|0x0000000086400000, 0x0000000086400000, 0x0000000086500000|  0%| F|  |TAMS 0x0000000086400000, 0x0000000086400000| Untracked 
| 101|0x0000000086500000, 0x0000000086500000, 0x0000000086600000|  0%| F|  |TAMS 0x0000000086500000, 0x0000000086500000| Untracked 
| 102|0x0000000086600000, 0x0000000086600000, 0x0000000086700000|  0%| F|  |TAMS 0x0000000086600000, 0x0000000086600000| Untracked 
| 103|0x0000000086700000, 0x0000000086700000, 0x0000000086800000|  0%| F|  |TAMS 0x0000000086700000, 0x0000000086700000| Untracked 
| 104|0x0000000086800000, 0x0000000086800000, 0x0000000086900000|  0%| F|  |TAMS 0x0000000086800000, 0x0000000086800000| Untracked 
| 105|0x0000000086900000, 0x0000000086900000, 0x0000000086a00000|  0%| F|  |TAMS 0x0000000086900000, 0x0000000086900000| Untracked 
| 106|0x0000000086a00000, 0x0000000086a00000, 0x0000000086b00000|  0%| F|  |TAMS 0x0000000086a00000, 0x0000000086a00000| Untracked 
| 107|0x0000000086b00000, 0x0000000086b00000, 0x0000000086c00000|  0%| F|  |TAMS 0x0000000086b00000, 0x0000000086b00000| Untracked 
| 108|0x0000000086c00000, 0x0000000086c00000, 0x0000000086d00000|  0%| F|  |TAMS 0x0000000086c00000, 0x0000000086c00000| Untracked 
| 109|0x0000000086d00000, 0x0000000086d00000, 0x0000000086e00000|  0%| F|  |TAMS 0x0000000086d00000, 0x0000000086d00000| Untracked 
| 110|0x0000000086e00000, 0x0000000086e00000, 0x0000000086f00000|  0%| F|  |TAMS 0x0000000086e00000, 0x0000000086e00000| Untracked 
| 111|0x0000000086f00000, 0x0000000086f00000, 0x0000000087000000|  0%| F|  |TAMS 0x0000000086f00000, 0x0000000086f00000| Untracked 
| 112|0x0000000087000000, 0x0000000087000000, 0x0000000087100000|  0%| F|  |TAMS 0x0000000087000000, 0x0000000087000000| Untracked 
| 113|0x0000000087100000, 0x0000000087100000, 0x0000000087200000|  0%| F|  |TAMS 0x0000000087100000, 0x0000000087100000| Untracked 
| 114|0x0000000087200000, 0x0000000087200000, 0x0000000087300000|  0%| F|  |TAMS 0x0000000087200000, 0x0000000087200000| Untracked 
| 115|0x0000000087300000, 0x0000000087300000, 0x0000000087400000|  0%| F|  |TAMS 0x0000000087300000, 0x0000000087300000| Untracked 
| 116|0x0000000087400000, 0x0000000087400000, 0x0000000087500000|  0%| F|  |TAMS 0x0000000087400000, 0x0000000087400000| Untracked 
| 117|0x0000000087500000, 0x0000000087500000, 0x0000000087600000|  0%| F|  |TAMS 0x0000000087500000, 0x0000000087500000| Untracked 
| 118|0x0000000087600000, 0x0000000087600000, 0x0000000087700000|  0%| F|  |TAMS 0x0000000087600000, 0x0000000087600000| Untracked 
| 119|0x0000000087700000, 0x0000000087700000, 0x0000000087800000|  0%| F|  |TAMS 0x0000000087700000, 0x0000000087700000| Untracked 
| 120|0x0000000087800000, 0x0000000087800000, 0x0000000087900000|  0%| F|  |TAMS 0x0000000087800000, 0x0000000087800000| Untracked 
| 121|0x0000000087900000, 0x0000000087900000, 0x0000000087a00000|  0%| F|  |TAMS 0x0000000087900000, 0x0000000087900000| Untracked 
| 122|0x0000000087a00000, 0x0000000087a00000, 0x0000000087b00000|  0%| F|  |TAMS 0x0000000087a00000, 0x0000000087a00000| Untracked 
| 123|0x0000000087b00000, 0x0000000087b00000, 0x0000000087c00000|  0%| F|  |TAMS 0x0000000087b00000, 0x0000000087b00000| Untracked 
| 124|0x0000000087c00000, 0x0000000087c00000, 0x0000000087d00000|  0%| F|  |TAMS 0x0000000087c00000, 0x0000000087c00000| Untracked 
| 125|0x0000000087d00000, 0x0000000087d00000, 0x0000000087e00000|  0%| F|  |TAMS 0x0000000087d00000, 0x0000000087d00000| Untracked 
| 126|0x0000000087e00000, 0x0000000087e00000, 0x0000000087f00000|  0%| F|  |TAMS 0x0000000087e00000, 0x0000000087e00000| Untracked 
| 127|0x0000000087f00000, 0x0000000087f00000, 0x0000000088000000|  0%| F|  |TAMS 0x0000000087f00000, 0x0000000087f00000| Untracked 
| 128|0x0000000088000000, 0x0000000088000000, 0x0000000088100000|  0%| F|  |TAMS 0x0000000088000000, 0x0000000088000000| Untracked 
| 129|0x0000000088100000, 0x0000000088100000, 0x0000000088200000|  0%| F|  |TAMS 0x0000000088100000, 0x0000000088100000| Untracked 
| 130|0x0000000088200000, 0x0000000088200000, 0x0000000088300000|  0%| F|  |TAMS 0x0000000088200000, 0x0000000088200000| Untracked 
| 131|0x0000000088300000, 0x0000000088300000, 0x0000000088400000|  0%| F|  |TAMS 0x0000000088300000, 0x0000000088300000| Untracked 
| 132|0x0000000088400000, 0x0000000088400000, 0x0000000088500000|  0%| F|  |TAMS 0x0000000088400000, 0x0000000088400000| Untracked 
| 133|0x0000000088500000, 0x0000000088500000, 0x0000000088600000|  0%| F|  |TAMS 0x0000000088500000, 0x0000000088500000| Untracked 
| 134|0x0000000088600000, 0x0000000088600000, 0x0000000088700000|  0%| F|  |TAMS 0x0000000088600000, 0x0000000088600000| Untracked 
| 135|0x0000000088700000, 0x0000000088700000, 0x0000000088800000|  0%| F|  |TAMS 0x0000000088700000, 0x0000000088700000| Untracked 
| 136|0x0000000088800000, 0x0000000088800000, 0x0000000088900000|  0%| F|  |TAMS 0x0000000088800000, 0x0000000088800000| Untracked 
| 137|0x0000000088900000, 0x0000000088900000, 0x0000000088a00000|  0%| F|  |TAMS 0x0000000088900000, 0x0000000088900000| Untracked 
| 138|0x0000000088a00000, 0x0000000088a00000, 0x0000000088b00000|  0%| F|  |TAMS 0x0000000088a00000, 0x0000000088a00000| Untracked 
| 139|0x0000000088b00000, 0x0000000088b00000, 0x0000000088c00000|  0%| F|  |TAMS 0x0000000088b00000, 0x0000000088b00000| Untracked 
| 140|0x0000000088c00000, 0x0000000088c00000, 0x0000000088d00000|  0%| F|  |TAMS 0x0000000088c00000, 0x0000000088c00000| Untracked 
| 141|0x0000000088d00000, 0x0000000088d00000, 0x0000000088e00000|  0%| F|  |TAMS 0x0000000088d00000, 0x0000000088d00000| Untracked 
| 142|0x0000000088e00000, 0x0000000088e00000, 0x0000000088f00000|  0%| F|  |TAMS 0x0000000088e00000, 0x0000000088e00000| Untracked 
| 143|0x0000000088f00000, 0x0000000088f00000, 0x0000000089000000|  0%| F|  |TAMS 0x0000000088f00000, 0x0000000088f00000| Untracked 
| 144|0x0000000089000000, 0x0000000089000000, 0x0000000089100000|  0%| F|  |TAMS 0x0000000089000000, 0x0000000089000000| Untracked 
| 145|0x0000000089100000, 0x0000000089100000, 0x0000000089200000|  0%| F|  |TAMS 0x0000000089100000, 0x0000000089100000| Untracked 
| 146|0x0000000089200000, 0x0000000089200000, 0x0000000089300000|  0%| F|  |TAMS 0x0000000089200000, 0x0000000089200000| Untracked 
| 147|0x0000000089300000, 0x0000000089300000, 0x0000000089400000|  0%| F|  |TAMS 0x0000000089300000, 0x0000000089300000| Untracked 
| 148|0x0000000089400000, 0x0000000089400000, 0x0000000089500000|  0%| F|  |TAMS 0x0000000089400000, 0x0000000089400000| Untracked 
| 149|0x0000000089500000, 0x0000000089500000, 0x0000000089600000|  0%| F|  |TAMS 0x0000000089500000, 0x0000000089500000| Untracked 
| 150|0x0000000089600000, 0x0000000089600000, 0x0000000089700000|  0%| F|  |TAMS 0x0000000089600000, 0x0000000089600000| Untracked 
| 151|0x0000000089700000, 0x0000000089700000, 0x0000000089800000|  0%| F|  |TAMS 0x0000000089700000, 0x0000000089700000| Untracked 
| 152|0x0000000089800000, 0x0000000089800000, 0x0000000089900000|  0%| F|  |TAMS 0x0000000089800000, 0x0000000089800000| Untracked 
| 153|0x0000000089900000, 0x0000000089900000, 0x0000000089a00000|  0%| F|  |TAMS 0x0000000089900000, 0x0000000089900000| Untracked 
| 154|0x0000000089a00000, 0x0000000089a00000, 0x0000000089b00000|  0%| F|  |TAMS 0x0000000089a00000, 0x0000000089a00000| Untracked 
| 155|0x0000000089b00000, 0x0000000089b00000, 0x0000000089c00000|  0%| F|  |TAMS 0x0000000089b00000, 0x0000000089b00000| Untracked 
| 156|0x0000000089c00000, 0x0000000089c00000, 0x0000000089d00000|  0%| F|  |TAMS 0x0000000089c00000, 0x0000000089c00000| Untracked 
| 157|0x0000000089d00000, 0x0000000089d00000, 0x0000000089e00000|  0%| F|  |TAMS 0x0000000089d00000, 0x0000000089d00000| Untracked 
| 158|0x0000000089e00000, 0x0000000089e00000, 0x0000000089f00000|  0%| F|  |TAMS 0x0000000089e00000, 0x0000000089e00000| Untracked 
| 159|0x0000000089f00000, 0x0000000089f00000, 0x000000008a000000|  0%| F|  |TAMS 0x0000000089f00000, 0x0000000089f00000| Untracked 
| 160|0x000000008a000000, 0x000000008a000000, 0x000000008a100000|  0%| F|  |TAMS 0x000000008a000000, 0x000000008a000000| Untracked 
| 161|0x000000008a100000, 0x000000008a100000, 0x000000008a200000|  0%| F|  |TAMS 0x000000008a100000, 0x000000008a100000| Untracked 
| 162|0x000000008a200000, 0x000000008a200000, 0x000000008a300000|  0%| F|  |TAMS 0x000000008a200000, 0x000000008a200000| Untracked 
| 163|0x000000008a300000, 0x000000008a300000, 0x000000008a400000|  0%| F|  |TAMS 0x000000008a300000, 0x000000008a300000| Untracked 
| 164|0x000000008a400000, 0x000000008a400000, 0x000000008a500000|  0%| F|  |TAMS 0x000000008a400000, 0x000000008a400000| Untracked 
| 165|0x000000008a500000, 0x000000008a500000, 0x000000008a600000|  0%| F|  |TAMS 0x000000008a500000, 0x000000008a500000| Untracked 

Card table byte_map: [0x0000023d96e00000,0x0000023d97200000] _byte_map_base: 0x0000023d96a00000

Marking Bits (Prev, Next): (CMBitMap*) 0x0000023dff8a06c0, (CMBitMap*) 0x0000023dff8a0688
 Prev Bits: [0x0000023d99600000, 0x0000023d9b600000)
 Next Bits: [0x0000023d97600000, 0x0000023d99600000)

Polling page: 0x0000023d80000000

Metaspace:

Usage:
  Non-class:     30.20 MB capacity,    29.52 MB ( 98%) used,   565.37 KB (  2%) free+waste,   136.94 KB ( <1%) overhead. 
      Class:      4.80 MB capacity,     4.29 MB ( 89%) used,   446.25 KB (  9%) free+waste,    71.31 KB (  1%) overhead. 
       Both:     35.00 MB capacity,    33.81 MB ( 97%) used,  1011.62 KB (  3%) free+waste,   208.25 KB ( <1%) overhead. 

Virtual space:
  Non-class space:       32.00 MB reserved,      30.20 MB ( 94%) committed 
      Class space:        1.00 GB reserved,       4.88 MB ( <1%) committed 
             Both:        1.03 GB reserved,      35.08 MB (  3%) committed 

Chunk freelists:
   Non-Class:  0 bytes
       Class:  1.63 KB
        Both:  1.63 KB

CodeHeap 'non-profiled nmethods': size=239488Kb used=6197Kb max_used=6197Kb free=233290Kb
 bounds [0x0000023d87c10000, 0x0000023d88220000, 0x0000023d965f0000]
CodeHeap 'non-nmethods': size=6272Kb used=1162Kb max_used=1162Kb free=5109Kb
 bounds [0x0000023d875f0000, 0x0000023d87860000, 0x0000023d87c10000]
 total_blobs=4410 nmethods=3927 adapters=409
 compilation: enabled
              stopped_count=0, restarted_count=0
 full_count=0

Compilation events (10 events):
Event: 5.876 Thread 0x0000023d9da41000 3923       1       java.lang.reflect.Constructor::getParameterCount (6 bytes)
Event: 5.876 Thread 0x0000023d9da41000 nmethod 3923 0x0000023d8821bd90 code [0x0000023d8821bf20, 0x0000023d8821bfd8]
Event: 5.876 Thread 0x0000023d9da41000 3924       1       org.springframework.util.ClassUtils::isAssignableValue (34 bytes)
Event: 5.876 Thread 0x0000023d9da41000 nmethod 3924 0x0000023d8821c090 code [0x0000023d8821c240, 0x0000023d8821c3f8]
Event: 5.878 Thread 0x0000023d9da41000 3925       1       org.springframework.core.convert.support.GenericConversionService$ConverterAdapter::<init> (41 bytes)
Event: 5.879 Thread 0x0000023d9da41000 nmethod 3925 0x0000023d8821c510 code [0x0000023d8821c6e0, 0x0000023d8821cbf8]
Event: 5.879 Thread 0x0000023d9da41000 3926       1       org.springframework.core.convert.support.GenericConversionService$ConverterAdapter::getConvertibleTypes (8 bytes)
Event: 5.879 Thread 0x0000023d9da41000 nmethod 3926 0x0000023d8821ce10 code [0x0000023d8821cfa0, 0x0000023d8821d0f8]
Event: 5.879 Thread 0x0000023d9da41000 3927       1       org.springframework.core.convert.support.GenericConversionService::getRequiredTypeInfo (57 bytes)
Event: 5.879 Thread 0x0000023d9da41000 nmethod 3927 0x0000023d8821d190 code [0x0000023d8821d360, 0x0000023d8821d588]

GC Heap History (10 events):
Event: 1.247 GC heap after
{Heap after GC invocations=4 (full 0):
 garbage-first heap   total 131072K, used 7520K [0x0000000080000000, 0x0000000100000000)
  region size 1024K, 2 young (2048K), 2 survivors (2048K)
 Metaspace       used 13542K, capacity 13817K, committed 13952K, reserved 1060864K
  class space    used 1447K, capacity 1583K, committed 1664K, reserved 1048576K
}
Event: 2.013 GC heap before
{Heap before GC invocations=4 (full 0):
 garbage-first heap   total 131072K, used 29024K [0x0000000080000000, 0x0000000100000000)
  region size 1024K, 24 young (24576K), 2 survivors (2048K)
 Metaspace       used 18072K, capacity 18626K, committed 18816K, reserved 1064960K
  class space    used 2090K, capacity 2306K, committed 2432K, reserved 1048576K
}
Event: 2.022 GC heap after
{Heap after GC invocations=5 (full 0):
 garbage-first heap   total 169984K, used 8552K [0x0000000080000000, 0x0000000100000000)
  region size 1024K, 3 young (3072K), 3 survivors (3072K)
 Metaspace       used 18072K, capacity 18626K, committed 18816K, reserved 1064960K
  class space    used 2090K, capacity 2306K, committed 2432K, reserved 1048576K
}
Event: 2.186 GC heap before
{Heap before GC invocations=5 (full 0):
 garbage-first heap   total 169984K, used 22888K [0x0000000080000000, 0x0000000100000000)
  region size 1024K, 18 young (18432K), 3 survivors (3072K)
 Metaspace       used 20571K, capacity 21161K, committed 21296K, reserved 1069056K
  class space    used 2410K, capacity 2647K, committed 2688K, reserved 1048576K
}
Event: 2.195 GC heap after
{Heap after GC invocations=6 (full 0):
 garbage-first heap   total 169984K, used 9044K [0x0000000080000000, 0x0000000100000000)
  region size 1024K, 3 young (3072K), 3 survivors (3072K)
 Metaspace       used 20571K, capacity 21161K, committed 21296K, reserved 1069056K
  class space    used 2410K, capacity 2647K, committed 2688K, reserved 1048576K
}
Event: 3.127 GC heap before
{Heap before GC invocations=7 (full 0):
 garbage-first heap   total 169984K, used 57172K [0x0000000080000000, 0x0000000100000000)
  region size 1024K, 50 young (51200K), 3 survivors (3072K)
 Metaspace       used 23297K, capacity 24020K, committed 24240K, reserved 1071104K
  class space    used 2782K, capacity 3059K, committed 3072K, reserved 1048576K
}
Event: 3.142 GC heap after
{Heap after GC invocations=8 (full 0):
 garbage-first heap   total 169984K, used 11623K [0x0000000080000000, 0x0000000100000000)
  region size 1024K, 6 young (6144K), 6 survivors (6144K)
 Metaspace       used 23297K, capacity 24020K, committed 24240K, reserved 1071104K
  class space    used 2782K, capacity 3059K, committed 3072K, reserved 1048576K
}
Event: 4.291 GC heap before
{Heap before GC invocations=8 (full 0):
 garbage-first heap   total 169984K, used 75111K [0x0000000080000000, 0x0000000100000000)
  region size 1024K, 68 young (69632K), 6 survivors (6144K)
 Metaspace       used 28796K, capacity 29705K, committed 30000K, reserved 1075200K
  class space    used 3587K, capacity 3925K, committed 3968K, reserved 1048576K
}
Event: 4.316 GC heap after
{Heap after GC invocations=9 (full 0):
 garbage-first heap   total 169984K, used 14866K [0x0000000080000000, 0x0000000100000000)
  region size 1024K, 8 young (8192K), 8 survivors (8192K)
 Metaspace       used 28796K, capacity 29705K, committed 30000K, reserved 1075200K
  class space    used 3587K, capacity 3925K, committed 3968K, reserved 1048576K
}
Event: 5.881 GC heap before
{Heap before GC invocations=9 (full 0):
 garbage-first heap   total 169984K, used 103954K [0x0000000080000000, 0x0000000100000000)
  region size 1024K, 91 young (93184K), 8 survivors (8192K)
 Metaspace       used 34623K, capacity 35843K, committed 35920K, reserved 1081344K
  class space    used 4397K, capacity 4915K, committed 4992K, reserved 1048576K
}

Deoptimization events (0 events):
No events

Classes redefined (0 events):
No events

Internal exceptions (10 events):
Event: 5.867 Thread 0x0000023dff864000 Exception <a 'java/lang/ClassNotFoundException'{0x0000000084df0b00}: org/springframework/web/context/ServletContextAwareCustomizer> (0x0000000084df0b00) thrown at [./open/src/hotspot/share/classfile/systemDictionary.cpp, line 226]
Event: 5.867 Thread 0x0000023dff864000 Exception <a 'java/lang/ClassNotFoundException'{0x0000000084c02450}: org/springframework/beans/factory/AwareCustomizer> (0x0000000084c02450) thrown at [./open/src/hotspot/share/classfile/systemDictionary.cpp, line 226]
Event: 5.869 Thread 0x0000023dff864000 Exception <a 'java/lang/ClassNotFoundException'{0x0000000084c16ad8}: java/lang/ObjectCustomizer> (0x0000000084c16ad8) thrown at [./open/src/hotspot/share/classfile/systemDictionary.cpp, line 226]
Event: 5.870 Thread 0x0000023dff864000 Exception <a 'java/lang/ClassNotFoundException'{0x0000000084c36560}: org/springframework/boot/actuate/autoconfigure/metrics/web/servlet/WebMvcMetricsAutoConfiguration$MetricsWebMvcConfigurerCustomizer> (0x0000000084c36560) thrown at [./open/src/hotspot/sh
Event: 5.871 Thread 0x0000023dff864000 Exception <a 'java/lang/ClassNotFoundException'{0x0000000084c4e678}: org/springframework/web/servlet/config/annotation/WebMvcConfigurerCustomizer> (0x0000000084c4e678) thrown at [./open/src/hotspot/share/classfile/systemDictionary.cpp, line 226]
Event: 5.871 Thread 0x0000023dff864000 Exception <a 'java/lang/ClassNotFoundException'{0x0000000084c5ffa0}: java/lang/ObjectCustomizer> (0x0000000084c5ffa0) thrown at [./open/src/hotspot/share/classfile/systemDictionary.cpp, line 226]
Event: 5.872 Thread 0x0000023dff864000 Exception <a 'java/lang/ClassNotFoundException'{0x0000000084c76e28}: org/springframework/hateoas/config/WebMvcHateoasConfigurationCustomizer> (0x0000000084c76e28) thrown at [./open/src/hotspot/share/classfile/systemDictionary.cpp, line 226]
Event: 5.873 Thread 0x0000023dff864000 Exception <a 'java/lang/ClassNotFoundException'{0x0000000084c7f700}: java/lang/ObjectCustomizer> (0x0000000084c7f700) thrown at [./open/src/hotspot/share/classfile/systemDictionary.cpp, line 226]
Event: 5.874 Thread 0x0000023dff864000 Exception <a 'java/lang/ClassNotFoundException'{0x0000000084c9a490}: org/springframework/hateoas/config/WebMvcHateoasConfiguration$HypermediaWebMvcConfigurerCustomizer> (0x0000000084c9a490) thrown at [./open/src/hotspot/share/classfile/systemDictionary.cp
Event: 5.875 Thread 0x0000023dff864000 Exception <a 'java/lang/ClassNotFoundException'{0x0000000084cb3250}: org/springframework/web/servlet/config/annotation/WebMvcConfigurerCustomizer> (0x0000000084cb3250) thrown at [./open/src/hotspot/share/classfile/systemDictionary.cpp, line 226]

Events (10 events):
Event: 5.880 loading class org/springframework/data/rest/webmvc/support/ExcerptProjector done
Event: 5.880 loading class org/springframework/context/ApplicationContext
Event: 5.880 loading class org/springframework/context/ApplicationContext done
Event: 5.880 loading class org/springframework/context/ApplicationContext
Event: 5.880 loading class org/springframework/context/ApplicationContext done
Event: 5.880 loading class org/springframework/data/mapping/context/PersistentEntities
Event: 5.880 loading class org/springframework/data/mapping/context/PersistentEntities done
Event: 5.880 loading class org/springframework/context/ApplicationContext
Event: 5.880 loading class org/springframework/context/ApplicationContext done
Event: 5.881 Executing VM operation: CollectForMetadataAllocation


Dynamic libraries:
0x00007ff74cfa0000 - 0x00007ff74cfaf000 	C:\Program Files\Java\jdk-11.0.16\bin\java.exe
0x00007ffbae3b0000 - 0x00007ffbae5a8000 	C:\Windows\SYSTEM32\ntdll.dll
0x00007ffbacf20000 - 0x00007ffbacfdd000 	C:\Windows\System32\KERNEL32.DLL
0x00007ffbabac0000 - 0x00007ffbabd92000 	C:\Windows\System32\KERNELBASE.dll
0x00007ffbac170000 - 0x00007ffbac270000 	C:\Windows\System32\ucrtbase.dll
0x00007ffb93ea0000 - 0x00007ffb93eb8000 	C:\Program Files\Java\jdk-11.0.16\bin\jli.dll
0x00007ffbad850000 - 0x00007ffbad8fe000 	C:\Windows\System32\ADVAPI32.dll
0x00007ffbadc10000 - 0x00007ffbadcae000 	C:\Windows\System32\msvcrt.dll
0x00007ffbad4a0000 - 0x00007ffbad53c000 	C:\Windows\System32\sechost.dll
0x00007ffbac4f0000 - 0x00007ffbac615000 	C:\Windows\System32\RPCRT4.dll
0x00007ffbad6b0000 - 0x00007ffbad84d000 	C:\Windows\System32\USER32.dll
0x00007ffbac060000 - 0x00007ffbac082000 	C:\Windows\System32\win32u.dll
0x00007ffbacfe0000 - 0x00007ffbad00b000 	C:\Windows\System32\GDI32.dll
0x00007ffbac270000 - 0x00007ffbac37f000 	C:\Windows\System32\gdi32full.dll
0x00007ffbabfc0000 - 0x00007ffbac05d000 	C:\Windows\System32\msvcp_win.dll
0x00007ffba2de0000 - 0x00007ffba2df5000 	C:\Program Files\Java\jdk-11.0.16\bin\VCRUNTIME140.dll
0x00007ffb8e310000 - 0x00007ffb8e5aa000 	C:\Windows\WinSxS\amd64_microsoft.windows.common-controls_6595b64144ccf1df_6.0.19041.1110_none_60b5254171f9507e\COMCTL32.dll
0x00007ffba3f80000 - 0x00007ffba3f8a000 	C:\Windows\SYSTEM32\VERSION.dll
0x00007ffbad920000 - 0x00007ffbad950000 	C:\Windows\System32\IMM32.DLL
0x00007ffb855f0000 - 0x00007ffb8568b000 	C:\Program Files\Java\jdk-11.0.16\bin\msvcp140.dll
0x00007ffb50de0000 - 0x00007ffb518f8000 	C:\Program Files\Java\jdk-11.0.16\bin\server\jvm.dll
0x00007ffbaddd0000 - 0x00007ffbaddd8000 	C:\Windows\System32\PSAPI.DLL
0x00007ffba2dc0000 - 0x00007ffba2dc9000 	C:\Windows\SYSTEM32\WSOCK32.dll
0x00007ffbad540000 - 0x00007ffbad5ab000 	C:\Windows\System32\WS2_32.dll
0x00007ffb8bf30000 - 0x00007ffb8bf57000 	C:\Windows\SYSTEM32\WINMM.dll
0x00007ffba9960000 - 0x00007ffba9972000 	C:\Windows\SYSTEM32\kernel.appcore.dll
0x00007ffba5360000 - 0x00007ffba5370000 	C:\Program Files\Java\jdk-11.0.16\bin\verify.dll
0x00007ffb9d000000 - 0x00007ffb9d1e4000 	C:\Windows\SYSTEM32\DBGHELP.DLL
0x00007ffb9d7b0000 - 0x00007ffb9d7dc000 	C:\Windows\SYSTEM32\dbgcore.DLL
0x00007ffbac380000 - 0x00007ffbac402000 	C:\Windows\System32\bcryptPrimitives.dll
0x00007ffb93ce0000 - 0x00007ffb93d08000 	C:\Program Files\Java\jdk-11.0.16\bin\java.dll
0x00007ffba5340000 - 0x00007ffba534a000 	C:\Program Files\Java\jdk-11.0.16\bin\jimage.dll
0x00007ffb93b90000 - 0x00007ffb93ba6000 	C:\Program Files\Java\jdk-11.0.16\bin\zip.dll
0x00007ffbac620000 - 0x00007ffbacd63000 	C:\Windows\System32\SHELL32.dll
0x00007ffba9b60000 - 0x00007ffbaa2f1000 	C:\Windows\SYSTEM32\windows.storage.dll
0x00007ffbad010000 - 0x00007ffbad364000 	C:\Windows\System32\combase.dll
0x00007ffbab360000 - 0x00007ffbab390000 	C:\Windows\SYSTEM32\Wldp.dll
0x00007ffbada30000 - 0x00007ffbadadd000 	C:\Windows\System32\SHCORE.dll
0x00007ffbadcb0000 - 0x00007ffbadd05000 	C:\Windows\System32\shlwapi.dll
0x00007ffbaba00000 - 0x00007ffbaba1f000 	C:\Windows\SYSTEM32\profapi.dll
0x00007ffb93b70000 - 0x00007ffb93b89000 	C:\Program Files\Java\jdk-11.0.16\bin\net.dll
0x00007ffba39f0000 - 0x00007ffba3afd000 	C:\Windows\SYSTEM32\WINHTTP.dll
0x00007ffbab140000 - 0x00007ffbab1aa000 	C:\Windows\system32\mswsock.dll
0x00007ffb93b20000 - 0x00007ffb93b32000 	C:\Program Files\Java\jdk-11.0.16\bin\nio.dll
0x00007ffbaae50000 - 0x00007ffbaae8b000 	C:\Windows\SYSTEM32\IPHLPAPI.DLL
0x00007ffbad950000 - 0x00007ffbad958000 	C:\Windows\System32\NSI.dll
0x00007ffba5120000 - 0x00007ffba5137000 	C:\Windows\SYSTEM32\dhcpcsvc6.DLL
0x00007ffba5070000 - 0x00007ffba508d000 	C:\Windows\SYSTEM32\dhcpcsvc.DLL
0x00007ffbaae90000 - 0x00007ffbaaf5a000 	C:\Windows\SYSTEM32\DNSAPI.dll
0x00007ffba2e40000 - 0x00007ffba2e4a000 	C:\Windows\System32\rasadhlp.dll
0x00007ffba2ac0000 - 0x00007ffba2b40000 	C:\Windows\System32\fwpuclnt.dll
0x00007ffbac140000 - 0x00007ffbac167000 	C:\Windows\System32\bcrypt.dll
0x00007ffba50c0000 - 0x00007ffba50c9000 	C:\Program Files\Java\jdk-11.0.16\bin\management.dll
0x00007ffba2dd0000 - 0x00007ffba2ddb000 	C:\Program Files\Java\jdk-11.0.16\bin\management_ext.dll
0x00007ffb98110000 - 0x00007ffb98127000 	C:\Windows\system32\napinsp.dll
0x00007ffb980f0000 - 0x00007ffb9810b000 	C:\Windows\system32\pnrpnsp.dll
0x00007ffb976a0000 - 0x00007ffb976b5000 	C:\Windows\system32\wshbth.dll
0x00007ffba52a0000 - 0x00007ffba52bd000 	C:\Windows\system32\NLAapi.dll
0x00007ffb97680000 - 0x00007ffb97692000 	C:\Windows\System32\winrnr.dll
0x00007ffbab3a0000 - 0x00007ffbab3b8000 	C:\Windows\SYSTEM32\CRYPTSP.dll
0x00007ffbaaa80000 - 0x00007ffbaaab4000 	C:\Windows\system32\rsaenh.dll
0x00007ffbab980000 - 0x00007ffbab9ae000 	C:\Windows\SYSTEM32\USERENV.dll
0x00007ffbab2d0000 - 0x00007ffbab2dc000 	C:\Windows\SYSTEM32\CRYPTBASE.dll
0x00007ffba2930000 - 0x00007ffba293d000 	C:\Program Files\Java\jdk-11.0.16\bin\sunmscapi.dll
0x00007ffbabda0000 - 0x00007ffbabef6000 	C:\Windows\System32\CRYPT32.dll
0x00007ffbab4b0000 - 0x00007ffbab4d7000 	C:\Windows\SYSTEM32\ncrypt.dll
0x00007ffbab470000 - 0x00007ffbab4ab000 	C:\Windows\SYSTEM32\NTASN1.dll
0x00007ffb93590000 - 0x00007ffb935b5000 	C:\Program Files\Java\jdk-11.0.16\bin\sunec.dll

dbghelp: loaded successfully - version: 4.0.5 - missing functions: none
symbol engine: initialized successfully - sym options: 0x614 - pdb path: .;C:\Program Files\Java\jdk-11.0.16\bin;C:\Windows\SYSTEM32;C:\Windows\WinSxS\amd64_microsoft.windows.common-controls_6595b64144ccf1df_6.0.19041.1110_none_60b5254171f9507e;C:\Program Files\Java\jdk-11.0.16\bin\server

VM Arguments:
jvm_args: -Xverify:none -XX:TieredStopAtLevel=1 
java_command: com.eureka.app.gateway.GatwayApplication
java_class_path (initial): C:\Users\sfjbs\IdeaProjects\Deepika\Day11\eureka-app\gatway-service\target\classes;C:\Users\sfjbs\.m2\repository\org\springframework\boot\spring-boot\2.7.0\spring-boot-2.7.0.jar;C:\Users\sfjbs\.m2\repository\org\springframework\boot\spring-boot-autoconfigure\2.7.0\spring-boot-autoconfigure-2.7.0.jar;C:\Users\sfjbs\.m2\repository\ch\qos\logback\logback-classic\1.2.11\logback-classic-1.2.11.jar;C:\Users\sfjbs\.m2\repository\ch\qos\logback\logback-core\1.2.11\logback-core-1.2.11.jar;C:\Users\sfjbs\.m2\repository\org\apache\logging\log4j\log4j-to-slf4j\2.17.2\log4j-to-slf4j-2.17.2.jar;C:\Users\sfjbs\.m2\repository\org\apache\logging\log4j\log4j-api\2.17.2\log4j-api-2.17.2.jar;C:\Users\sfjbs\.m2\repository\org\slf4j\jul-to-slf4j\1.7.36\jul-to-slf4j-1.7.36.jar;C:\Users\sfjbs\.m2\repository\jakarta\annotation\jakarta.annotation-api\1.3.5\jakarta.annotation-api-1.3.5.jar;C:\Users\sfjbs\.m2\repository\org\yaml\snakeyaml\1.30\snakeyaml-1.30.jar;C:\Users\sfjbs\.m2\repository\org\springframework\boot\spring-boot-actuator-autoconfigure\2.7.0\spring-boot-actuator-autoconfigure-2.7.0.jar;C:\Users\sfjbs\.m2\repository\org\springframework\boot\spring-boot-actuator\2.7.0\spring-boot-actuator-2.7.0.jar;C:\Users\sfjbs\.m2\repository\com\fasterxml\jackson\core\jackson-databind\2.13.3\jackson-databind-2.13.3.jar;C:\Users\sfjbs\.m2\repository\com\fasterxml\jackson\datatype\jackson-datatype-jsr310\2.13.3\jackson-datatype-jsr310-2.13.3.jar;C:\Users\sfjbs\.m2\repository\io\micrometer\micrometer-core\1.9.0\micrometer-core-1.9.0.jar;C:\Users\sfjbs\.m2\repository\org\hdrhistogram\HdrHistogram\2.1.12\HdrHistogram-2.1.12.jar;C:\Users\sfjbs\.m2\repository\org\latencyutils\LatencyUtils\2.0.3\LatencyUtils-2.0.3.jar;C:\Users\sfjbs\.m2\repository\org\springframework\data\spring-data-rest-webmvc\3.7.0\spring-data-rest-webmvc-3.7.0.jar;C:\Users\sfjbs\.m2\repository\org\springframework\data\spring-data-rest-core\3.7.0\spring-data-rest-core-3.7.0.jar;C:\Users\sfjbs\.m2\reposit
Launcher Type: SUN_STANDARD

[Global flags]
     bool BytecodeVerificationLocal                = false                                     {product} {command line}
     bool BytecodeVerificationRemote               = false                                     {product} {command line}
     intx CICompilerCount                          = 2                                         {product} {ergonomic}
     uint ConcGCThreads                            = 1                                         {product} {ergonomic}
     uint G1ConcRefinementThreads                  = 2                                         {product} {ergonomic}
   size_t G1HeapRegionSize                         = 1048576                                   {product} {ergonomic}
    uintx GCDrainStackTargetSize                   = 64                                        {product} {ergonomic}
   size_t InitialHeapSize                          = 134217728                                 {product} {ergonomic}
   size_t MarkStackSize                            = 4194304                                   {product} {ergonomic}
   size_t MaxHeapSize                              = 2147483648                                {product} {ergonomic}
   size_t MaxNewSize                               = 1287651328                                {product} {ergonomic}
   size_t MinHeapDeltaBytes                        = 1048576                                   {product} {ergonomic}
    uintx NonNMethodCodeHeapSize                   = 6396312                                {pd product} {ergonomic}
    uintx NonProfiledCodeHeapSize                  = 245261928                              {pd product} {ergonomic}
    uintx ProfiledCodeHeapSize                     = 0                                      {pd product} {ergonomic}
    uintx ReservedCodeCacheSize                    = 251658240                              {pd product} {ergonomic}
     bool SegmentedCodeCache                       = true                                      {product} {ergonomic}
     intx TieredStopAtLevel                        = 1                                         {product} {command line}
     bool UseCompressedClassPointers               = true                                 {lp64_product} {ergonomic}
     bool UseCompressedOops                        = true                                 {lp64_product} {ergonomic}
     bool UseG1GC                                  = true                                      {product} {ergonomic}
     bool UseLargePagesIndividualAllocation        = false                                  {pd product} {ergonomic}

Logging:
Log output configuration:
 #0: stdout all=warning uptime,level,tags
 #1: stderr all=off uptime,level,tags

Environment Variables:
PATH=C:\Program Files\Common Files\Oracle\Java\javapath;C:\Windows\system32;C:\Windows;C:\Windows\System32\Wbem;C:\Windows\System32\WindowsPowerShell\v1.0\;C:\Windows\System32\OpenSSH\;C:\Users\sfjbs\Downloads\micro service-20221001T123314Z-001\micro service\apache-maven-3.8.5-bin\apache-maven-3.8.5\bin;C:\Users\sfjbs\Downloads\micro service-20221001T123314Z-001\micro service\apache-maven-3.8.5-bin\apache-maven-3.8.5\lib;C:\Program Files\Docker\Docker\resources\bin;C:\ProgramData\DockerDesktop\version-bin;C:\Program Files\Git\cmd;C:\Users\sfjbs\AppData\Local\Microsoft\WindowsApps;C:\Users\sfjbs\Downloads\micro service-20221001T123314Z-001\micro service\apache-maven-3.8.5-bin\apache-maven-3.8.5\bin;C:\Users\sfjbs\Downloads\micro service-20221001T123314Z-001\micro service\apache-maven-3.8.5-bin\apache-maven-3.8.5\lib;;C:\Program Files\JetBrains\IntelliJ IDEA Community Edition 2022.2.1\bin;
USERNAME=sfjbs
OS=Windows_NT
PROCESSOR_IDENTIFIER=Intel64 Family 6 Model 85 Stepping 7, GenuineIntel



---------------  S Y S T E M  ---------------

OS: Windows 10 , 64 bit Build 19041 (10.0.19041.1889)
Hyper-V role detected

CPU:total 2 (initial active 2) (1 cores per cpu, 2 threads per core) family 6 model 85 stepping 7 microcode 0xffffffff, cmov, cx8, fxsr, mmx, sse, sse2, sse3, ssse3, sse4.1, sse4.2, popcnt, avx, avx2, aes, clmul, erms, rtm, 3dnowpref, lzcnt, ht, tsc, bmi1, bmi2, adx, evex, fma

Memory: 4k page, system-wide physical 8190M (599M free)
TotalPageFile size 10238M (AvailPageFile size 15M)
current process WorkingSet (physical memory assigned to process): 199M, peak: 199M
current process commit charge ("private bytes"): 283M, peak: 336M

vm_info: Java HotSpot(TM) 64-Bit Server VM (11.0.16+11-LTS-199) for windows-amd64 JRE (11.0.16+11-LTS-199), built on Jun 28 2022 08:23:17 by "mach5one" with MS VC++ 15.9 (VS2017)

END.
