#
# There is insufficient memory for the Java Runtime Environment to continue.
# Native memory allocation (malloc) failed to allocate 32744 bytes for ChunkPool::allocate
# Possible reasons:
#   The system is out of physical RAM or swap space
#   The process is running with CompressedOops enabled, and the Java Heap may be blocking the growth of the native heap
# Possible solutions:
#   Reduce memory load on the system
#   Increase physical memory or swap space
#   Check if swap backing store is full
#   Decrease Java heap size (-Xmx/-Xms)
#   Decrease number of Java threads
#   Decrease Java thread stack sizes (-Xss)
#   Set larger code cache with -XX:ReservedCodeCacheSize=
#   JVM is running with Unscaled Compressed Oops mode in which the Java heap is
#     placed in the first 4GB address space. The Java Heap base address is the
#     maximum limit for the native heap growth. Please use -XX:HeapBaseMinAddress
#     to set the Java Heap base and to place the Java Heap above 4GB virtual address.
# This output file may be truncated or incomplete.
#
#  Out of Memory Error (./open/src/hotspot/share/memory/arena.cpp:81), pid=38076, tid=38024
#
# JRE version: Java(TM) SE Runtime Environment 18.9 (11.0.16+11) (build 11.0.16+11-LTS-199)
# Java VM: Java HotSpot(TM) 64-Bit Server VM 18.9 (11.0.16+11-LTS-199, mixed mode, tiered, compressed oops, g1 gc, windows-amd64)
# No core dump will be written. Minidumps are not enabled by default on client versions of Windows
#

---------------  S U M M A R Y ------------

Command Line: -Xverify:none -XX:TieredStopAtLevel=1 com.eureka.app.gateway.GatwayApplication

Host: Intel(R) Xeon(R) Platinum 8272CL CPU @ 2.60GHz, 2 cores, 7G,  Windows 10 , 64 bit Build 19041 (10.0.19041.1889)
Time: Thu Oct 20 09:15:27 2022 Coordinated Universal Time elapsed time: 0.596723 seconds (0d 0h 0m 0s)

---------------  T H R E A D  ---------------

Current thread (0x0000022559a83800):  JavaThread "main" [_thread_in_vm, id=38024, stack(0x0000003235900000,0x0000003235a00000)]

Stack: [0x0000003235900000,0x0000003235a00000]
Native frames: (J=compiled Java code, j=interpreted, Vv=VM code, C=native code)
V  [jvm.dll+0x62a3ea]
V  [jvm.dll+0x76418f]
V  [jvm.dll+0x765839]
V  [jvm.dll+0x765ec3]
V  [jvm.dll+0x23da98]
V  [jvm.dll+0xb2c7b]
V  [jvm.dll+0xb2fdc]
V  [jvm.dll+0x1bbc4b]
V  [jvm.dll+0x1bca55]
V  [jvm.dll+0x1bd534]
V  [jvm.dll+0x1b23f9]
V  [jvm.dll+0x5036dd]
V  [jvm.dll+0x1c3bc0]
V  [jvm.dll+0x6ff013]
V  [jvm.dll+0x700301]
V  [jvm.dll+0x700533]
V  [jvm.dll+0x23704e]
V  [jvm.dll+0x16d7c6]
V  [jvm.dll+0x5decdc]
V  [jvm.dll+0x69358d]
V  [jvm.dll+0x16cbf4]
V  [jvm.dll+0x16c877]
C  0x000002256121f550

Java frames: (J=compiled Java code, j=interpreted, Vv=VM code)
v  ~RuntimeStub::handle_exception_from_callee Runtime1 stub
J 210 c1 java.util.zip.Inflater.inflate([BII)I java.base@11.0.16 (418 bytes) @ 0x000002256178b1ac [0x000002256178afe0+0x00000000000001cc]
J 205 c1 java.util.zip.InflaterInputStream.read([BII)I java.base@11.0.16 (138 bytes) @ 0x000002256178888c [0x00000225617887e0+0x00000000000000ac]
j  jdk.internal.loader.Resource.getBytes()[B+115 java.base@11.0.16
j  jdk.internal.loader.URLClassPath$JarLoader$2.getBytes()[B+1 java.base@11.0.16
j  jdk.internal.loader.BuiltinClassLoader.defineClass(Ljava/lang/String;Ljdk/internal/loader/Resource;)Ljava/lang/Class;+84 java.base@11.0.16
j  jdk.internal.loader.BuiltinClassLoader.findClassOnClassPathOrNull(Ljava/lang/String;)Ljava/lang/Class;+37 java.base@11.0.16
j  jdk.internal.loader.BuiltinClassLoader.loadClassOrNull(Ljava/lang/String;Z)Ljava/lang/Class;+111 java.base@11.0.16
j  jdk.internal.loader.BuiltinClassLoader.loadClass(Ljava/lang/String;Z)Ljava/lang/Class;+3 java.base@11.0.16
j  jdk.internal.loader.ClassLoaders$AppClassLoader.loadClass(Ljava/lang/String;Z)Ljava/lang/Class;+36 java.base@11.0.16
j  java.lang.ClassLoader.loadClass(Ljava/lang/String;)Ljava/lang/Class;+3 java.base@11.0.16
v  ~StubRoutines::call_stub
j  java.lang.Class.forName0(Ljava/lang/String;ZLjava/lang/ClassLoader;Ljava/lang/Class;)Ljava/lang/Class;+0 java.base@11.0.16
j  java.lang.Class.forName(Ljava/lang/String;ZLjava/lang/ClassLoader;)Ljava/lang/Class;+43 java.base@11.0.16
j  org.springframework.util.ClassUtils.forName(Ljava/lang/String;Ljava/lang/ClassLoader;)Ljava/lang/Class;+176
j  org.springframework.util.ClassUtils.isPresent(Ljava/lang/String;Ljava/lang/ClassLoader;)Z+2
j  org.springframework.boot.WebApplicationType.deduceFromClasspath()Lorg/springframework/boot/WebApplicationType;+51
j  org.springframework.boot.SpringApplication.<init>(Lorg/springframework/core/io/ResourceLoader;[Ljava/lang/Class;)V+105
j  org.springframework.boot.SpringApplication.<init>([Ljava/lang/Class;)V+3
j  org.springframework.boot.SpringApplication.run([Ljava/lang/Class;[Ljava/lang/String;)Lorg/springframework/context/ConfigurableApplicationContext;+5
j  org.springframework.boot.SpringApplication.run(Ljava/lang/Class;[Ljava/lang/String;)Lorg/springframework/context/ConfigurableApplicationContext;+9
j  com.eureka.app.gateway.GatwayApplication.main([Ljava/lang/String;)V+3
v  ~StubRoutines::call_stub

---------------  P R O C E S S  ---------------

Threads class SMR info:
_java_thread_list=0x00000225777e0070, length=9, elements={
0x0000022559a83800, 0x0000022576d47000, 0x0000022576d48000, 0x0000022576d65800,
0x0000022576d69800, 0x0000022576d6b800, 0x0000022576d6e000, 0x0000022576d71800,
0x00000225777e6800
}

Java Threads: ( => current thread )
=>0x0000022559a83800 JavaThread "main" [_thread_in_vm, id=38024, stack(0x0000003235900000,0x0000003235a00000)]
  0x0000022576d47000 JavaThread "Reference Handler" daemon [_thread_blocked, id=38000, stack(0x0000003236100000,0x0000003236200000)]
  0x0000022576d48000 JavaThread "Finalizer" daemon [_thread_blocked, id=38108, stack(0x0000003236200000,0x0000003236300000)]
  0x0000022576d65800 JavaThread "Signal Dispatcher" daemon [_thread_blocked, id=38084, stack(0x0000003236300000,0x0000003236400000)]
  0x0000022576d69800 JavaThread "Attach Listener" daemon [_thread_blocked, id=38116, stack(0x0000003236400000,0x0000003236500000)]
  0x0000022576d6b800 JavaThread "Service Thread" daemon [_thread_blocked, id=38088, stack(0x0000003236500000,0x0000003236600000)]
  0x0000022576d6e000 JavaThread "C1 CompilerThread0" daemon [_thread_in_native, id=38136, stack(0x0000003236600000,0x0000003236700000)]
  0x0000022576d71800 JavaThread "Sweeper thread" daemon [_thread_blocked, id=38824, stack(0x0000003236700000,0x0000003236800000)]
  0x00000225777e6800 JavaThread "Common-Cleaner" daemon [_thread_blocked, id=38316, stack(0x0000003236900000,0x0000003236a00000)]

Other Threads:
  0x0000022576d44000 VMThread "VM Thread" [stack: 0x0000003236000000,0x0000003236100000] [id=38048]
  0x00000225777e5000 WatcherThread [stack: 0x0000003236800000,0x0000003236900000] [id=38336]
  0x0000022559a98800 GCTaskThread "GC Thread#0" [stack: 0x0000003235b00000,0x0000003235c00000] [id=38072]
  0x0000022577a99000 GCTaskThread "GC Thread#1" [stack: 0x0000003236a00000,0x0000003236b00000] [id=38156]
  0x0000022559ac9000 ConcurrentGCThread "G1 Main Marker" [stack: 0x0000003235c00000,0x0000003235d00000] [id=38004]
  0x0000022559aca800 ConcurrentGCThread "G1 Conc#0" [stack: 0x0000003235d00000,0x0000003235e00000] [id=38300]
  0x0000022559b53800 ConcurrentGCThread "G1 Refine#0" [stack: 0x0000003235e00000,0x0000003235f00000] [id=38132]
  0x0000022559b54800 ConcurrentGCThread "G1 Young RemSet Sampling" [stack: 0x0000003235f00000,0x0000003236000000] [id=38140]

Threads with active compile tasks:
C1 CompilerThread0      614  511       1       java.net.URLStreamHandler::parseURL (1201 bytes)

VM state:not at safepoint (normal execution)

VM Mutex/Monitor currently owned by a thread: None

OutOfMemory and StackOverflow Exception counts:
OutOfMemoryError java_heap_errors=1

Heap address: 0x0000000080000000, size: 2048 MB, Compressed Oops mode: 32-bit
Narrow klass base: 0x0000000000000000, Narrow klass shift: 3
Compressed class space size: 1073741824 Address: 0x0000000100000000

Heap:
 garbage-first heap   total 131072K, used 9108K [0x0000000080000000, 0x0000000100000000)
  region size 1024K, 6 young (6144K), 1 survivors (1024K)
 Metaspace       used 8121K, capacity 8259K, committed 8576K, reserved 1056768K
  class space    used 740K, capacity 795K, committed 896K, reserved 1048576K
Heap Regions: E=young(eden), S=young(survivor), O=old, HS=humongous(starts), HC=humongous(continues), CS=collection set, F=free, A=archive, TAMS=top-at-mark-start (previous, next)
|   0|0x0000000080000000, 0x0000000080000000, 0x0000000080100000|  0%| F|  |TAMS 0x0000000080000000, 0x0000000080000000| Untracked 
|   1|0x0000000080100000, 0x0000000080200000, 0x0000000080200000|100%| O|  |TAMS 0x0000000080100000, 0x0000000080100000| Untracked 
|   2|0x0000000080200000, 0x0000000080300000, 0x0000000080300000|100%| O|  |TAMS 0x0000000080200000, 0x0000000080200000| Untracked 
|   3|0x0000000080300000, 0x0000000080400000, 0x0000000080400000|100%| O|  |TAMS 0x0000000080300000, 0x0000000080300000| Untracked 
|   4|0x0000000080400000, 0x00000000804e5000, 0x0000000080500000| 89%| O|  |TAMS 0x0000000080400000, 0x0000000080400000| Untracked 
|   5|0x0000000080500000, 0x0000000080500000, 0x0000000080600000|  0%| F|  |TAMS 0x0000000080500000, 0x0000000080500000| Untracked 
|   6|0x0000000080600000, 0x0000000080600000, 0x0000000080700000|  0%| F|  |TAMS 0x0000000080600000, 0x0000000080600000| Untracked 
|   7|0x0000000080700000, 0x0000000080700000, 0x0000000080800000|  0%| F|  |TAMS 0x0000000080700000, 0x0000000080700000| Untracked 
|   8|0x0000000080800000, 0x0000000080800000, 0x0000000080900000|  0%| F|  |TAMS 0x0000000080800000, 0x0000000080800000| Untracked 
|   9|0x0000000080900000, 0x0000000080900000, 0x0000000080a00000|  0%| F|  |TAMS 0x0000000080900000, 0x0000000080900000| Untracked 
|  10|0x0000000080a00000, 0x0000000080a00000, 0x0000000080b00000|  0%| F|  |TAMS 0x0000000080a00000, 0x0000000080a00000| Untracked 
|  11|0x0000000080b00000, 0x0000000080b00000, 0x0000000080c00000|  0%| F|  |TAMS 0x0000000080b00000, 0x0000000080b00000| Untracked 
|  12|0x0000000080c00000, 0x0000000080c00000, 0x0000000080d00000|  0%| F|  |TAMS 0x0000000080c00000, 0x0000000080c00000| Untracked 
|  13|0x0000000080d00000, 0x0000000080d00000, 0x0000000080e00000|  0%| F|  |TAMS 0x0000000080d00000, 0x0000000080d00000| Untracked 
|  14|0x0000000080e00000, 0x0000000080e00000, 0x0000000080f00000|  0%| F|  |TAMS 0x0000000080e00000, 0x0000000080e00000| Untracked 
|  15|0x0000000080f00000, 0x0000000080f00000, 0x0000000081000000|  0%| F|  |TAMS 0x0000000080f00000, 0x0000000080f00000| Untracked 
|  16|0x0000000081000000, 0x0000000081000000, 0x0000000081100000|  0%| F|  |TAMS 0x0000000081000000, 0x0000000081000000| Untracked 
|  17|0x0000000081100000, 0x0000000081100000, 0x0000000081200000|  0%| F|  |TAMS 0x0000000081100000, 0x0000000081100000| Untracked 
|  18|0x0000000081200000, 0x0000000081200000, 0x0000000081300000|  0%| F|  |TAMS 0x0000000081200000, 0x0000000081200000| Untracked 
|  19|0x0000000081300000, 0x0000000081300000, 0x0000000081400000|  0%| F|  |TAMS 0x0000000081300000, 0x0000000081300000| Untracked 
|  20|0x0000000081400000, 0x0000000081400000, 0x0000000081500000|  0%| F|  |TAMS 0x0000000081400000, 0x0000000081400000| Untracked 
|  21|0x0000000081500000, 0x0000000081500000, 0x0000000081600000|  0%| F|  |TAMS 0x0000000081500000, 0x0000000081500000| Untracked 
|  22|0x0000000081600000, 0x0000000081600000, 0x0000000081700000|  0%| F|  |TAMS 0x0000000081600000, 0x0000000081600000| Untracked 
|  23|0x0000000081700000, 0x0000000081700000, 0x0000000081800000|  0%| F|  |TAMS 0x0000000081700000, 0x0000000081700000| Untracked 
|  24|0x0000000081800000, 0x0000000081800000, 0x0000000081900000|  0%| F|  |TAMS 0x0000000081800000, 0x0000000081800000| Untracked 
|  25|0x0000000081900000, 0x0000000081900000, 0x0000000081a00000|  0%| F|  |TAMS 0x0000000081900000, 0x0000000081900000| Untracked 
|  26|0x0000000081a00000, 0x0000000081a00000, 0x0000000081b00000|  0%| F|  |TAMS 0x0000000081a00000, 0x0000000081a00000| Untracked 
|  27|0x0000000081b00000, 0x0000000081b00000, 0x0000000081c00000|  0%| F|  |TAMS 0x0000000081b00000, 0x0000000081b00000| Untracked 
|  28|0x0000000081c00000, 0x0000000081c00000, 0x0000000081d00000|  0%| F|  |TAMS 0x0000000081c00000, 0x0000000081c00000| Untracked 
|  29|0x0000000081d00000, 0x0000000081d00000, 0x0000000081e00000|  0%| F|  |TAMS 0x0000000081d00000, 0x0000000081d00000| Untracked 
|  30|0x0000000081e00000, 0x0000000081e00000, 0x0000000081f00000|  0%| F|  |TAMS 0x0000000081e00000, 0x0000000081e00000| Untracked 
|  31|0x0000000081f00000, 0x0000000081f00000, 0x0000000082000000|  0%| F|  |TAMS 0x0000000081f00000, 0x0000000081f00000| Untracked 
|  32|0x0000000082000000, 0x0000000082000000, 0x0000000082100000|  0%| F|  |TAMS 0x0000000082000000, 0x0000000082000000| Untracked 
|  33|0x0000000082100000, 0x0000000082100000, 0x0000000082200000|  0%| F|  |TAMS 0x0000000082100000, 0x0000000082100000| Untracked 
|  34|0x0000000082200000, 0x0000000082200000, 0x0000000082300000|  0%| F|  |TAMS 0x0000000082200000, 0x0000000082200000| Untracked 
|  35|0x0000000082300000, 0x0000000082300000, 0x0000000082400000|  0%| F|  |TAMS 0x0000000082300000, 0x0000000082300000| Untracked 
|  36|0x0000000082400000, 0x0000000082400000, 0x0000000082500000|  0%| F|  |TAMS 0x0000000082400000, 0x0000000082400000| Untracked 
|  37|0x0000000082500000, 0x0000000082500000, 0x0000000082600000|  0%| F|  |TAMS 0x0000000082500000, 0x0000000082500000| Untracked 
|  38|0x0000000082600000, 0x0000000082600000, 0x0000000082700000|  0%| F|  |TAMS 0x0000000082600000, 0x0000000082600000| Untracked 
|  39|0x0000000082700000, 0x0000000082700000, 0x0000000082800000|  0%| F|  |TAMS 0x0000000082700000, 0x0000000082700000| Untracked 
|  40|0x0000000082800000, 0x0000000082800000, 0x0000000082900000|  0%| F|  |TAMS 0x0000000082800000, 0x0000000082800000| Untracked 
|  41|0x0000000082900000, 0x0000000082900000, 0x0000000082a00000|  0%| F|  |TAMS 0x0000000082900000, 0x0000000082900000| Untracked 
|  42|0x0000000082a00000, 0x0000000082a00000, 0x0000000082b00000|  0%| F|  |TAMS 0x0000000082a00000, 0x0000000082a00000| Untracked 
|  43|0x0000000082b00000, 0x0000000082b00000, 0x0000000082c00000|  0%| F|  |TAMS 0x0000000082b00000, 0x0000000082b00000| Untracked 
|  44|0x0000000082c00000, 0x0000000082c00000, 0x0000000082d00000|  0%| F|  |TAMS 0x0000000082c00000, 0x0000000082c00000| Untracked 
|  45|0x0000000082d00000, 0x0000000082d00000, 0x0000000082e00000|  0%| F|  |TAMS 0x0000000082d00000, 0x0000000082d00000| Untracked 
|  46|0x0000000082e00000, 0x0000000082e00000, 0x0000000082f00000|  0%| F|  |TAMS 0x0000000082e00000, 0x0000000082e00000| Untracked 
|  47|0x0000000082f00000, 0x0000000082f00000, 0x0000000083000000|  0%| F|  |TAMS 0x0000000082f00000, 0x0000000082f00000| Untracked 
|  48|0x0000000083000000, 0x0000000083000000, 0x0000000083100000|  0%| F|  |TAMS 0x0000000083000000, 0x0000000083000000| Untracked 
|  49|0x0000000083100000, 0x0000000083100000, 0x0000000083200000|  0%| F|  |TAMS 0x0000000083100000, 0x0000000083100000| Untracked 
|  50|0x0000000083200000, 0x0000000083200000, 0x0000000083300000|  0%| F|  |TAMS 0x0000000083200000, 0x0000000083200000| Untracked 
|  51|0x0000000083300000, 0x0000000083300000, 0x0000000083400000|  0%| F|  |TAMS 0x0000000083300000, 0x0000000083300000| Untracked 
|  52|0x0000000083400000, 0x0000000083400000, 0x0000000083500000|  0%| F|  |TAMS 0x0000000083400000, 0x0000000083400000| Untracked 
|  53|0x0000000083500000, 0x0000000083500000, 0x0000000083600000|  0%| F|  |TAMS 0x0000000083500000, 0x0000000083500000| Untracked 
|  54|0x0000000083600000, 0x0000000083600000, 0x0000000083700000|  0%| F|  |TAMS 0x0000000083600000, 0x0000000083600000| Untracked 
|  55|0x0000000083700000, 0x0000000083700000, 0x0000000083800000|  0%| F|  |TAMS 0x0000000083700000, 0x0000000083700000| Untracked 
|  56|0x0000000083800000, 0x0000000083800000, 0x0000000083900000|  0%| F|  |TAMS 0x0000000083800000, 0x0000000083800000| Untracked 
|  57|0x0000000083900000, 0x0000000083900000, 0x0000000083a00000|  0%| F|  |TAMS 0x0000000083900000, 0x0000000083900000| Untracked 
|  58|0x0000000083a00000, 0x0000000083a00000, 0x0000000083b00000|  0%| F|  |TAMS 0x0000000083a00000, 0x0000000083a00000| Untracked 
|  59|0x0000000083b00000, 0x0000000083b00000, 0x0000000083c00000|  0%| F|  |TAMS 0x0000000083b00000, 0x0000000083b00000| Untracked 
|  60|0x0000000083c00000, 0x0000000083c00000, 0x0000000083d00000|  0%| F|  |TAMS 0x0000000083c00000, 0x0000000083c00000| Untracked 
|  61|0x0000000083d00000, 0x0000000083d00000, 0x0000000083e00000|  0%| F|  |TAMS 0x0000000083d00000, 0x0000000083d00000| Untracked 
|  62|0x0000000083e00000, 0x0000000083e00000, 0x0000000083f00000|  0%| F|  |TAMS 0x0000000083e00000, 0x0000000083e00000| Untracked 
|  63|0x0000000083f00000, 0x0000000083f00000, 0x0000000084000000|  0%| F|  |TAMS 0x0000000083f00000, 0x0000000083f00000| Untracked 
|  64|0x0000000084000000, 0x0000000084000000, 0x0000000084100000|  0%| F|  |TAMS 0x0000000084000000, 0x0000000084000000| Untracked 
|  65|0x0000000084100000, 0x0000000084100000, 0x0000000084200000|  0%| F|  |TAMS 0x0000000084100000, 0x0000000084100000| Untracked 
|  66|0x0000000084200000, 0x0000000084200000, 0x0000000084300000|  0%| F|  |TAMS 0x0000000084200000, 0x0000000084200000| Untracked 
|  67|0x0000000084300000, 0x0000000084300000, 0x0000000084400000|  0%| F|  |TAMS 0x0000000084300000, 0x0000000084300000| Untracked 
|  68|0x0000000084400000, 0x0000000084400000, 0x0000000084500000|  0%| F|  |TAMS 0x0000000084400000, 0x0000000084400000| Untracked 
|  69|0x0000000084500000, 0x0000000084500000, 0x0000000084600000|  0%| F|  |TAMS 0x0000000084500000, 0x0000000084500000| Untracked 
|  70|0x0000000084600000, 0x0000000084600000, 0x0000000084700000|  0%| F|  |TAMS 0x0000000084600000, 0x0000000084600000| Untracked 
|  71|0x0000000084700000, 0x0000000084700000, 0x0000000084800000|  0%| F|  |TAMS 0x0000000084700000, 0x0000000084700000| Untracked 
|  72|0x0000000084800000, 0x0000000084800000, 0x0000000084900000|  0%| F|  |TAMS 0x0000000084800000, 0x0000000084800000| Untracked 
|  73|0x0000000084900000, 0x0000000084900000, 0x0000000084a00000|  0%| F|  |TAMS 0x0000000084900000, 0x0000000084900000| Untracked 
|  74|0x0000000084a00000, 0x0000000084a00000, 0x0000000084b00000|  0%| F|  |TAMS 0x0000000084a00000, 0x0000000084a00000| Untracked 
|  75|0x0000000084b00000, 0x0000000084b00000, 0x0000000084c00000|  0%| F|  |TAMS 0x0000000084b00000, 0x0000000084b00000| Untracked 
|  76|0x0000000084c00000, 0x0000000084c00000, 0x0000000084d00000|  0%| F|  |TAMS 0x0000000084c00000, 0x0000000084c00000| Untracked 
|  77|0x0000000084d00000, 0x0000000084d00000, 0x0000000084e00000|  0%| F|  |TAMS 0x0000000084d00000, 0x0000000084d00000| Untracked 
|  78|0x0000000084e00000, 0x0000000084e00000, 0x0000000084f00000|  0%| F|  |TAMS 0x0000000084e00000, 0x0000000084e00000| Untracked 
|  79|0x0000000084f00000, 0x0000000084f00000, 0x0000000085000000|  0%| F|  |TAMS 0x0000000084f00000, 0x0000000084f00000| Untracked 
|  80|0x0000000085000000, 0x0000000085000000, 0x0000000085100000|  0%| F|  |TAMS 0x0000000085000000, 0x0000000085000000| Untracked 
|  81|0x0000000085100000, 0x0000000085100000, 0x0000000085200000|  0%| F|  |TAMS 0x0000000085100000, 0x0000000085100000| Untracked 
|  82|0x0000000085200000, 0x0000000085200000, 0x0000000085300000|  0%| F|  |TAMS 0x0000000085200000, 0x0000000085200000| Untracked 
|  83|0x0000000085300000, 0x0000000085300000, 0x0000000085400000|  0%| F|  |TAMS 0x0000000085300000, 0x0000000085300000| Untracked 
|  84|0x0000000085400000, 0x0000000085400000, 0x0000000085500000|  0%| F|  |TAMS 0x0000000085400000, 0x0000000085400000| Untracked 
|  85|0x0000000085500000, 0x0000000085500000, 0x0000000085600000|  0%| F|  |TAMS 0x0000000085500000, 0x0000000085500000| Untracked 
|  86|0x0000000085600000, 0x0000000085600000, 0x0000000085700000|  0%| F|  |TAMS 0x0000000085600000, 0x0000000085600000| Untracked 
|  87|0x0000000085700000, 0x0000000085700000, 0x0000000085800000|  0%| F|  |TAMS 0x0000000085700000, 0x0000000085700000| Untracked 
|  88|0x0000000085800000, 0x0000000085800000, 0x0000000085900000|  0%| F|  |TAMS 0x0000000085800000, 0x0000000085800000| Untracked 
|  89|0x0000000085900000, 0x0000000085900000, 0x0000000085a00000|  0%| F|  |TAMS 0x0000000085900000, 0x0000000085900000| Untracked 
|  90|0x0000000085a00000, 0x0000000085a00000, 0x0000000085b00000|  0%| F|  |TAMS 0x0000000085a00000, 0x0000000085a00000| Untracked 
|  91|0x0000000085b00000, 0x0000000085b00000, 0x0000000085c00000|  0%| F|  |TAMS 0x0000000085b00000, 0x0000000085b00000| Untracked 
|  92|0x0000000085c00000, 0x0000000085c00000, 0x0000000085d00000|  0%| F|  |TAMS 0x0000000085c00000, 0x0000000085c00000| Untracked 
|  93|0x0000000085d00000, 0x0000000085d00000, 0x0000000085e00000|  0%| F|  |TAMS 0x0000000085d00000, 0x0000000085d00000| Untracked 
|  94|0x0000000085e00000, 0x0000000085e00000, 0x0000000085f00000|  0%| F|  |TAMS 0x0000000085e00000, 0x0000000085e00000| Untracked 
|  95|0x0000000085f00000, 0x0000000085f00000, 0x0000000086000000|  0%| F|  |TAMS 0x0000000085f00000, 0x0000000085f00000| Untracked 
|  96|0x0000000086000000, 0x0000000086000000, 0x0000000086100000|  0%| F|  |TAMS 0x0000000086000000, 0x0000000086000000| Untracked 
|  97|0x0000000086100000, 0x0000000086100000, 0x0000000086200000|  0%| F|  |TAMS 0x0000000086100000, 0x0000000086100000| Untracked 
|  98|0x0000000086200000, 0x0000000086200000, 0x0000000086300000|  0%| F|  |TAMS 0x0000000086200000, 0x0000000086200000| Untracked 
|  99|0x0000000086300000, 0x0000000086300000, 0x0000000086400000|  0%| F|  |TAMS 0x0000000086300000, 0x0000000086300000| Untracked 
| 100|0x0000000086400000, 0x0000000086400000, 0x0000000086500000|  0%| F|  |TAMS 0x0000000086400000, 0x0000000086400000| Untracked 
| 101|0x0000000086500000, 0x0000000086500000, 0x0000000086600000|  0%| F|  |TAMS 0x0000000086500000, 0x0000000086500000| Untracked 
| 102|0x0000000086600000, 0x0000000086600000, 0x0000000086700000|  0%| F|  |TAMS 0x0000000086600000, 0x0000000086600000| Untracked 
| 103|0x0000000086700000, 0x0000000086700000, 0x0000000086800000|  0%| F|  |TAMS 0x0000000086700000, 0x0000000086700000| Untracked 
| 104|0x0000000086800000, 0x0000000086800000, 0x0000000086900000|  0%| F|  |TAMS 0x0000000086800000, 0x0000000086800000| Untracked 
| 105|0x0000000086900000, 0x0000000086900000, 0x0000000086a00000|  0%| F|  |TAMS 0x0000000086900000, 0x0000000086900000| Untracked 
| 106|0x0000000086a00000, 0x0000000086a00000, 0x0000000086b00000|  0%| F|  |TAMS 0x0000000086a00000, 0x0000000086a00000| Untracked 
| 107|0x0000000086b00000, 0x0000000086b00000, 0x0000000086c00000|  0%| F|  |TAMS 0x0000000086b00000, 0x0000000086b00000| Untracked 
| 108|0x0000000086c00000, 0x0000000086c00000, 0x0000000086d00000|  0%| F|  |TAMS 0x0000000086c00000, 0x0000000086c00000| Untracked 
| 109|0x0000000086d00000, 0x0000000086d00000, 0x0000000086e00000|  0%| F|  |TAMS 0x0000000086d00000, 0x0000000086d00000| Untracked 
| 110|0x0000000086e00000, 0x0000000086e00000, 0x0000000086f00000|  0%| F|  |TAMS 0x0000000086e00000, 0x0000000086e00000| Untracked 
| 111|0x0000000086f00000, 0x0000000086f00000, 0x0000000087000000|  0%| F|  |TAMS 0x0000000086f00000, 0x0000000086f00000| Untracked 
| 112|0x0000000087000000, 0x0000000087000000, 0x0000000087100000|  0%| F|  |TAMS 0x0000000087000000, 0x0000000087000000| Untracked 
| 113|0x0000000087100000, 0x0000000087100000, 0x0000000087200000|  0%| F|  |TAMS 0x0000000087100000, 0x0000000087100000| Untracked 
| 114|0x0000000087200000, 0x0000000087200000, 0x0000000087300000|  0%| F|  |TAMS 0x0000000087200000, 0x0000000087200000| Untracked 
| 115|0x0000000087300000, 0x0000000087300000, 0x0000000087400000|  0%| F|  |TAMS 0x0000000087300000, 0x0000000087300000| Untracked 
| 116|0x0000000087400000, 0x0000000087400000, 0x0000000087500000|  0%| F|  |TAMS 0x0000000087400000, 0x0000000087400000| Untracked 
| 117|0x0000000087500000, 0x0000000087500000, 0x0000000087600000|  0%| F|  |TAMS 0x0000000087500000, 0x0000000087500000| Untracked 
| 118|0x0000000087600000, 0x0000000087600000, 0x0000000087700000|  0%| F|  |TAMS 0x0000000087600000, 0x0000000087600000| Untracked 
| 119|0x0000000087700000, 0x0000000087700000, 0x0000000087800000|  0%| F|  |TAMS 0x0000000087700000, 0x0000000087700000| Untracked 
| 120|0x0000000087800000, 0x0000000087900000, 0x0000000087900000|100%| S|CS|TAMS 0x0000000087800000, 0x0000000087800000| Complete 
| 121|0x0000000087900000, 0x0000000087900000, 0x0000000087a00000|  0%| F|  |TAMS 0x0000000087900000, 0x0000000087900000| Untracked 
| 122|0x0000000087a00000, 0x0000000087a00000, 0x0000000087b00000|  0%| F|  |TAMS 0x0000000087a00000, 0x0000000087a00000| Untracked 
| 123|0x0000000087b00000, 0x0000000087b8e1e0, 0x0000000087c00000| 55%| E|  |TAMS 0x0000000087b00000, 0x0000000087b00000| Complete 
| 124|0x0000000087c00000, 0x0000000087d00000, 0x0000000087d00000|100%| E|CS|TAMS 0x0000000087c00000, 0x0000000087c00000| Complete 
| 125|0x0000000087d00000, 0x0000000087e00000, 0x0000000087e00000|100%| E|CS|TAMS 0x0000000087d00000, 0x0000000087d00000| Complete 
| 126|0x0000000087e00000, 0x0000000087f00000, 0x0000000087f00000|100%| E|CS|TAMS 0x0000000087e00000, 0x0000000087e00000| Complete 
| 127|0x0000000087f00000, 0x0000000088000000, 0x0000000088000000|100%| E|CS|TAMS 0x0000000087f00000, 0x0000000087f00000| Complete 

Card table byte_map: [0x0000022570130000,0x0000022570530000] _byte_map_base: 0x000002256fd30000

Marking Bits (Prev, Next): (CMBitMap*) 0x0000022559ac0048, (CMBitMap*) 0x0000022559ac0080
 Prev Bits: [0x0000022570930000, 0x0000022572930000)
 Next Bits: [0x0000022572930000, 0x0000022574930000)

Polling page: 0x0000022557960000

Metaspace:

Usage:
  Non-class:      7.29 MB capacity,     7.21 MB ( 99%) used,    78.44 KB (  1%) free+waste,     4.69 KB ( <1%) overhead. 
      Class:    795.00 KB capacity,   740.62 KB ( 93%) used,    52.45 KB (  7%) free+waste,     1.94 KB ( <1%) overhead. 
       Both:      8.07 MB capacity,     7.93 MB ( 98%) used,   130.88 KB (  2%) free+waste,     6.63 KB ( <1%) overhead. 

Virtual space:
  Non-class space:        8.00 MB reserved,       7.50 MB ( 94%) committed 
      Class space:        1.00 GB reserved,     896.00 KB ( <1%) committed 
             Both:        1.01 GB reserved,       8.38 MB ( <1%) committed 

Chunk freelists:
   Non-Class:  3.00 KB
       Class:  640 bytes
        Both:  3.63 KB

CodeHeap 'non-profiled nmethods': size=239488Kb used=665Kb max_used=665Kb free=238822Kb
 bounds [0x0000022561750000, 0x00000225619c0000, 0x0000022570130000]
CodeHeap 'non-nmethods': size=6272Kb used=1074Kb max_used=1074Kb free=5197Kb
 bounds [0x0000022561130000, 0x00000225613a0000, 0x0000022561750000]
 total_blobs=862 nmethods=510 adapters=279
 compilation: enabled
              stopped_count=0, restarted_count=0
 full_count=0

Compilation events (10 events):
Event: 0.578 Thread 0x0000022576d6e000 nmethod 505 0x00000225617f4910 code [0x00000225617f4ac0, 0x00000225617f4d88]
Event: 0.578 Thread 0x0000022576d6e000  506       1       java.util.Collections$SetFromMap::remove (19 bytes)
Event: 0.578 Thread 0x0000022576d6e000 nmethod 506 0x00000225617f4f10 code [0x00000225617f50a0, 0x00000225617f5188]
Event: 0.578 Thread 0x0000022576d6e000  508       1       java.lang.ClassLoader::getClassLoadingLock (35 bytes)
Event: 0.579 Thread 0x0000022576d6e000 nmethod 508 0x00000225617f5210 code [0x00000225617f53a0, 0x00000225617f5508]
Event: 0.579 Thread 0x0000022576d6e000  509       1       jdk.internal.loader.URLClassPath::getResource (74 bytes)
Event: 0.579 Thread 0x0000022576d6e000 nmethod 509 0x00000225617f5610 code [0x00000225617f57c0, 0x00000225617f5938]
Event: 0.579 Thread 0x0000022576d6e000  510       1       java.util.jar.JarFile::getVersionedEntry (85 bytes)
Event: 0.580 Thread 0x0000022576d6e000 nmethod 510 0x00000225617f5a10 code [0x00000225617f5c40, 0x00000225617f61e8]
Event: 0.580 Thread 0x0000022576d6e000  511       1       java.net.URLStreamHandler::parseURL (1201 bytes)

GC Heap History (2 events):
Event: 0.390 GC heap before
{Heap before GC invocations=0 (full 0):
 garbage-first heap   total 131072K, used 7168K [0x0000000080000000, 0x0000000100000000)
  region size 1024K, 7 young (7168K), 0 survivors (0K)
 Metaspace       used 4551K, capacity 4592K, committed 4864K, reserved 1056768K
  class space    used 406K, capacity 428K, committed 512K, reserved 1048576K
}
Event: 0.396 GC heap after
{Heap after GC invocations=1 (full 0):
 garbage-first heap   total 131072K, used 5012K [0x0000000080000000, 0x0000000100000000)
  region size 1024K, 1 young (1024K), 1 survivors (1024K)
 Metaspace       used 4551K, capacity 4592K, committed 4864K, reserved 1056768K
  class space    used 406K, capacity 428K, committed 512K, reserved 1048576K
}

Deoptimization events (0 events):
No events

Classes redefined (0 events):
No events

Internal exceptions (3 events):
Event: 0.463 Thread 0x0000022559a83800 Exception <a 'java/lang/ClassNotFoundException'{0x0000000087e38a48}: javax/smartcardio/CardPermission> (0x0000000087e38a48) thrown at [./open/src/hotspot/share/classfile/systemDictionary.cpp, line 226]
Event: 0.467 Thread 0x0000022559a83800 Exception <a 'java/io/FileNotFoundException'{0x0000000087e473e0}> (0x0000000087e473e0) thrown at [./open/src/hotspot/share/prims/jni.cpp, line 611]
Event: 0.590 Thread 0x0000022559a83800 Exception <a 'java/lang/OutOfMemoryError'{0x0000000087b80908}> (0x0000000087b80908) thrown at [./open/src/hotspot/share/prims/jni.cpp, line 632]

Events (10 events):
Event: 0.588 loading class org/springframework/web/reactive$DispatcherHandler done
Event: 0.588 loading class java/lang/IllegalAccessError
Event: 0.588 loading class java/lang/IncompatibleClassChangeError
Event: 0.588 loading class java/lang/IncompatibleClassChangeError done
Event: 0.588 loading class java/lang/IllegalAccessError done
Event: 0.588 loading class javax/servlet/Servlet
Event: 0.588 loading class javax/servlet/Servlet done
Event: 0.589 loading class org/springframework/web/context/ConfigurableWebApplicationContext
Event: 0.589 loading class org/springframework/web/context/ConfigurableWebApplicationContext done
Event: 0.590 loading class java/util/zip/DataFormatException


Dynamic libraries:
0x00007ff74cfa0000 - 0x00007ff74cfaf000 	C:\Program Files\Java\jdk-11.0.16\bin\java.exe
0x00007ffbae3b0000 - 0x00007ffbae5a8000 	C:\Windows\SYSTEM32\ntdll.dll
0x00007ffbacf20000 - 0x00007ffbacfdd000 	C:\Windows\System32\KERNEL32.DLL
0x00007ffbabac0000 - 0x00007ffbabd92000 	C:\Windows\System32\KERNELBASE.dll
0x00007ffbac170000 - 0x00007ffbac270000 	C:\Windows\System32\ucrtbase.dll
0x00007ffba2de0000 - 0x00007ffba2df8000 	C:\Program Files\Java\jdk-11.0.16\bin\jli.dll
0x00007ffbad850000 - 0x00007ffbad8fe000 	C:\Windows\System32\ADVAPI32.dll
0x00007ffbadc10000 - 0x00007ffbadcae000 	C:\Windows\System32\msvcrt.dll
0x00007ffbad4a0000 - 0x00007ffbad53c000 	C:\Windows\System32\sechost.dll
0x00007ffbac4f0000 - 0x00007ffbac615000 	C:\Windows\System32\RPCRT4.dll
0x00007ffbad6b0000 - 0x00007ffbad84d000 	C:\Windows\System32\USER32.dll
0x00007ffbac060000 - 0x00007ffbac082000 	C:\Windows\System32\win32u.dll
0x00007ffbacfe0000 - 0x00007ffbad00b000 	C:\Windows\System32\GDI32.dll
0x00007ffbac270000 - 0x00007ffbac37f000 	C:\Windows\System32\gdi32full.dll
0x00007ffbabfc0000 - 0x00007ffbac05d000 	C:\Windows\System32\msvcp_win.dll
0x00007ffb93ee0000 - 0x00007ffb93ef5000 	C:\Program Files\Java\jdk-11.0.16\bin\VCRUNTIME140.dll
0x00007ffb8e310000 - 0x00007ffb8e5aa000 	C:\Windows\WinSxS\amd64_microsoft.windows.common-controls_6595b64144ccf1df_6.0.19041.1110_none_60b5254171f9507e\COMCTL32.dll
0x00007ffba3f80000 - 0x00007ffba3f8a000 	C:\Windows\SYSTEM32\VERSION.dll
0x00007ffbad920000 - 0x00007ffbad950000 	C:\Windows\System32\IMM32.DLL
0x00007ffb80e30000 - 0x00007ffb80ecb000 	C:\Program Files\Java\jdk-11.0.16\bin\msvcp140.dll
0x00007ffb50760000 - 0x00007ffb51278000 	C:\Program Files\Java\jdk-11.0.16\bin\server\jvm.dll
0x00007ffbaddd0000 - 0x00007ffbaddd8000 	C:\Windows\System32\PSAPI.DLL
0x00007ffba2dc0000 - 0x00007ffba2dc9000 	C:\Windows\SYSTEM32\WSOCK32.dll
0x00007ffbad540000 - 0x00007ffbad5ab000 	C:\Windows\System32\WS2_32.dll
0x00007ffb8bf30000 - 0x00007ffb8bf57000 	C:\Windows\SYSTEM32\WINMM.dll
0x00007ffba9960000 - 0x00007ffba9972000 	C:\Windows\SYSTEM32\kernel.appcore.dll
0x00007ffba50c0000 - 0x00007ffba50d0000 	C:\Program Files\Java\jdk-11.0.16\bin\verify.dll
0x00007ffb9d000000 - 0x00007ffb9d1e4000 	C:\Windows\SYSTEM32\DBGHELP.DLL
0x00007ffb9d7b0000 - 0x00007ffb9d7dc000 	C:\Windows\SYSTEM32\dbgcore.DLL
0x00007ffbac380000 - 0x00007ffbac402000 	C:\Windows\System32\bcryptPrimitives.dll
0x00007ffb93eb0000 - 0x00007ffb93ed8000 	C:\Program Files\Java\jdk-11.0.16\bin\java.dll
0x00007ffba2dd0000 - 0x00007ffba2dda000 	C:\Program Files\Java\jdk-11.0.16\bin\jimage.dll
0x00007ffb93e90000 - 0x00007ffb93ea6000 	C:\Program Files\Java\jdk-11.0.16\bin\zip.dll
0x00007ffbac620000 - 0x00007ffbacd63000 	C:\Windows\System32\SHELL32.dll
0x00007ffba9b60000 - 0x00007ffbaa2f1000 	C:\Windows\SYSTEM32\windows.storage.dll
0x00007ffbad010000 - 0x00007ffbad364000 	C:\Windows\System32\combase.dll
0x00007ffbab360000 - 0x00007ffbab390000 	C:\Windows\SYSTEM32\Wldp.dll
0x00007ffbada30000 - 0x00007ffbadadd000 	C:\Windows\System32\SHCORE.dll
0x00007ffbadcb0000 - 0x00007ffbadd05000 	C:\Windows\System32\shlwapi.dll
0x00007ffbaba00000 - 0x00007ffbaba1f000 	C:\Windows\SYSTEM32\profapi.dll
0x00007ffb93cf0000 - 0x00007ffb93d09000 	C:\Program Files\Java\jdk-11.0.16\bin\net.dll
0x00007ffba39f0000 - 0x00007ffba3afd000 	C:\Windows\SYSTEM32\WINHTTP.dll
0x00007ffbab140000 - 0x00007ffbab1aa000 	C:\Windows\system32\mswsock.dll
0x00007ffb93b90000 - 0x00007ffb93ba2000 	C:\Program Files\Java\jdk-11.0.16\bin\nio.dll

dbghelp: loaded successfully - version: 4.0.5 - missing functions: none
symbol engine: initialized successfully - sym options: 0x614 - pdb path: .;C:\Program Files\Java\jdk-11.0.16\bin;C:\Windows\SYSTEM32;C:\Windows\WinSxS\amd64_microsoft.windows.common-controls_6595b64144ccf1df_6.0.19041.1110_none_60b5254171f9507e;C:\Program Files\Java\jdk-11.0.16\bin\server

VM Arguments:
jvm_args: -Xverify:none -XX:TieredStopAtLevel=1 
java_command: com.eureka.app.gateway.GatwayApplication
java_class_path (initial): C:\Users\sfjbs\IdeaProjects\Deepika\Day11\eureka-app\gatway-service\target\classes;C:\Users\sfjbs\.m2\repository\org\springframework\boot\spring-boot\2.7.0\spring-boot-2.7.0.jar;C:\Users\sfjbs\.m2\repository\org\springframework\boot\spring-boot-autoconfigure\2.7.0\spring-boot-autoconfigure-2.7.0.jar;C:\Users\sfjbs\.m2\repository\ch\qos\logback\logback-classic\1.2.11\logback-classic-1.2.11.jar;C:\Users\sfjbs\.m2\repository\ch\qos\logback\logback-core\1.2.11\logback-core-1.2.11.jar;C:\Users\sfjbs\.m2\repository\org\apache\logging\log4j\log4j-to-slf4j\2.17.2\log4j-to-slf4j-2.17.2.jar;C:\Users\sfjbs\.m2\repository\org\apache\logging\log4j\log4j-api\2.17.2\log4j-api-2.17.2.jar;C:\Users\sfjbs\.m2\repository\org\slf4j\jul-to-slf4j\1.7.36\jul-to-slf4j-1.7.36.jar;C:\Users\sfjbs\.m2\repository\jakarta\annotation\jakarta.annotation-api\1.3.5\jakarta.annotation-api-1.3.5.jar;C:\Users\sfjbs\.m2\repository\org\yaml\snakeyaml\1.30\snakeyaml-1.30.jar;C:\Users\sfjbs\.m2\repository\org\springframework\boot\spring-boot-actuator-autoconfigure\2.7.0\spring-boot-actuator-autoconfigure-2.7.0.jar;C:\Users\sfjbs\.m2\repository\org\springframework\boot\spring-boot-actuator\2.7.0\spring-boot-actuator-2.7.0.jar;C:\Users\sfjbs\.m2\repository\com\fasterxml\jackson\core\jackson-databind\2.13.3\jackson-databind-2.13.3.jar;C:\Users\sfjbs\.m2\repository\com\fasterxml\jackson\datatype\jackson-datatype-jsr310\2.13.3\jackson-datatype-jsr310-2.13.3.jar;C:\Users\sfjbs\.m2\repository\io\micrometer\micrometer-core\1.9.0\micrometer-core-1.9.0.jar;C:\Users\sfjbs\.m2\repository\org\hdrhistogram\HdrHistogram\2.1.12\HdrHistogram-2.1.12.jar;C:\Users\sfjbs\.m2\repository\org\latencyutils\LatencyUtils\2.0.3\LatencyUtils-2.0.3.jar;C:\Users\sfjbs\.m2\repository\org\springframework\data\spring-data-rest-webmvc\3.7.0\spring-data-rest-webmvc-3.7.0.jar;C:\Users\sfjbs\.m2\repository\org\springframework\data\spring-data-rest-core\3.7.0\spring-data-rest-core-3.7.0.jar;C:\Users\sfjbs\.m2\reposit
Launcher Type: SUN_STANDARD

[Global flags]
     bool BytecodeVerificationLocal                = false                                     {product} {command line}
     bool BytecodeVerificationRemote               = false                                     {product} {command line}
     intx CICompilerCount                          = 2                                         {product} {ergonomic}
     uint ConcGCThreads                            = 1                                         {product} {ergonomic}
     uint G1ConcRefinementThreads                  = 2                                         {product} {ergonomic}
   size_t G1HeapRegionSize                         = 1048576                                   {product} {ergonomic}
    uintx GCDrainStackTargetSize                   = 64                                        {product} {ergonomic}
   size_t InitialHeapSize                          = 134217728                                 {product} {ergonomic}
   size_t MarkStackSize                            = 4194304                                   {product} {ergonomic}
   size_t MaxHeapSize                              = 2147483648                                {product} {ergonomic}
   size_t MaxNewSize                               = 1287651328                                {product} {ergonomic}
   size_t MinHeapDeltaBytes                        = 1048576                                   {product} {ergonomic}
    uintx NonNMethodCodeHeapSize                   = 6396312                                {pd product} {ergonomic}
    uintx NonProfiledCodeHeapSize                  = 245261928                              {pd product} {ergonomic}
    uintx ProfiledCodeHeapSize                     = 0                                      {pd product} {ergonomic}
    uintx ReservedCodeCacheSize                    = 251658240                              {pd product} {ergonomic}
     bool SegmentedCodeCache                       = true                                      {product} {ergonomic}
     intx TieredStopAtLevel                        = 1                                         {product} {command line}
     bool UseCompressedClassPointers               = true                                 {lp64_product} {ergonomic}
     bool UseCompressedOops                        = true                                 {lp64_product} {ergonomic}
     bool UseG1GC                                  = true                                      {product} {ergonomic}
     bool UseLargePagesIndividualAllocation        = false                                  {pd product} {ergonomic}

Logging:
Log output configuration:
 #0: stdout all=warning uptime,level,tags
 #1: stderr all=off uptime,level,tags

Environment Variables:
PATH=C:\Program Files\Common Files\Oracle\Java\javapath;C:\Windows\system32;C:\Windows;C:\Windows\System32\Wbem;C:\Windows\System32\WindowsPowerShell\v1.0\;C:\Windows\System32\OpenSSH\;C:\Users\sfjbs\Downloads\micro service-20221001T123314Z-001\micro service\apache-maven-3.8.5-bin\apache-maven-3.8.5\bin;C:\Users\sfjbs\Downloads\micro service-20221001T123314Z-001\micro service\apache-maven-3.8.5-bin\apache-maven-3.8.5\lib;C:\Program Files\Docker\Docker\resources\bin;C:\ProgramData\DockerDesktop\version-bin;C:\Program Files\Git\cmd;C:\Users\sfjbs\AppData\Local\Microsoft\WindowsApps;C:\Users\sfjbs\Downloads\micro service-20221001T123314Z-001\micro service\apache-maven-3.8.5-bin\apache-maven-3.8.5\bin;C:\Users\sfjbs\Downloads\micro service-20221001T123314Z-001\micro service\apache-maven-3.8.5-bin\apache-maven-3.8.5\lib;;C:\Program Files\JetBrains\IntelliJ IDEA Community Edition 2022.2.1\bin;
USERNAME=sfjbs
OS=Windows_NT
PROCESSOR_IDENTIFIER=Intel64 Family 6 Model 85 Stepping 7, GenuineIntel



---------------  S Y S T E M  ---------------

OS: Windows 10 , 64 bit Build 19041 (10.0.19041.1889)
Hyper-V role detected

CPU:total 2 (initial active 2) (1 cores per cpu, 2 threads per core) family 6 model 85 stepping 7 microcode 0xffffffff, cmov, cx8, fxsr, mmx, sse, sse2, sse3, ssse3, sse4.1, sse4.2, popcnt, avx, avx2, aes, clmul, erms, rtm, 3dnowpref, lzcnt, ht, tsc, bmi1, bmi2, adx, evex, fma

Memory: 4k page, system-wide physical 8190M (370M free)
TotalPageFile size 10238M (AvailPageFile size 4M)
current process WorkingSet (physical memory assigned to process): 51M, peak: 51M
current process commit charge ("private bytes"): 199M, peak: 199M

vm_info: Java HotSpot(TM) 64-Bit Server VM (11.0.16+11-LTS-199) for windows-amd64 JRE (11.0.16+11-LTS-199), built on Jun 28 2022 08:23:17 by "mach5one" with MS VC++ 15.9 (VS2017)

END.
