#
# There is insufficient memory for the Java Runtime Environment to continue.
# Native memory allocation (mmap) failed to map 33554432 bytes for Failed to commit area from 0x000000008a000000 to 0x000000008c000000 of length 33554432.
# Possible reasons:
#   The system is out of physical RAM or swap space
#   The process is running with CompressedOops enabled, and the Java Heap may be blocking the growth of the native heap
# Possible solutions:
#   Reduce memory load on the system
#   Increase physical memory or swap space
#   Check if swap backing store is full
#   Decrease Java heap size (-Xmx/-Xms)
#   Decrease number of Java threads
#   Decrease Java thread stack sizes (-Xss)
#   Set larger code cache with -XX:ReservedCodeCacheSize=
#   JVM is running with Unscaled Compressed Oops mode in which the Java heap is
#     placed in the first 4GB address space. The Java Heap base address is the
#     maximum limit for the native heap growth. Please use -XX:HeapBaseMinAddress
#     to set the Java Heap base and to place the Java Heap above 4GB virtual address.
# This output file may be truncated or incomplete.
#
#  Out of Memory Error (./open/src/hotspot/os/windows/os_windows.cpp:3287), pid=214560, tid=197800
#
# JRE version: Java(TM) SE Runtime Environment 18.9 (11.0.16+11) (build 11.0.16+11-LTS-199)
# Java VM: Java HotSpot(TM) 64-Bit Server VM 18.9 (11.0.16+11-LTS-199, mixed mode, tiered, compressed oops, g1 gc, windows-amd64)
# No core dump will be written. Minidumps are not enabled by default on client versions of Windows
#

---------------  S U M M A R Y ------------

Command Line: -ea -javaagent:C:\Users\sfjbs\AppData\Local\JetBrains\IdeaIC2022.2\testAgent\intellij-coverage-agent-1.0.673.jar=C:\Users\sfjbs\AppData\Local\Temp\coverage5args -Didea.new.sampling.coverage=true -Dcoverage.ignore.private.constructor.util.class=true -Didea.test.cyclic.buffer.size=1048576 -javaagent:C:\Program Files\JetBrains\IntelliJ IDEA Community Edition 2022.2.1\lib\idea_rt.jar=59758:C:\Program Files\JetBrains\IntelliJ IDEA Community Edition 2022.2.1\bin -Dfile.encoding=UTF-8 com.intellij.rt.junit.JUnitStarter -ideVersion5 -junit5 @w@C:\Users\sfjbs\AppData\Local\Temp\idea_working_dirs_junit.tmp @C:\Users\sfjbs\AppData\Local\Temp\idea_junit.tmp -socket59757

Host: Intel(R) Xeon(R) Platinum 8370C CPU @ 2.80GHz, 2 cores, 7G,  Windows 10 , 64 bit Build 19041 (10.0.19041.1889)
Time: Sat Oct 29 20:25:20 2022 Coordinated Universal Time elapsed time: 11.345657 seconds (0d 0h 0m 11s)

---------------  T H R E A D  ---------------

Current thread (0x000001f3869ad800):  VMThread "VM Thread" [stack: 0x0000004917900000,0x0000004917a00000] [id=197800]

Stack: [0x0000004917900000,0x0000004917a00000]
[error occurred during error reporting (printing stack bounds), id 0xc0000005, EXCEPTION_ACCESS_VIOLATION (0xc0000005) at pc=0x000001f3f0af10e7]

Native frames: (J=compiled Java code, j=interpreted, Vv=VM code, C=native code)
V  [jvm.dll+0x62a3ea]
V  [jvm.dll+0x76418f]
V  [jvm.dll+0x765839]
V  [jvm.dll+0x765e25]
V  [jvm.dll+0x765ddb]
V  [jvm.dll+0x6298d3]
V  [jvm.dll+0x629fe8]
C  [ntdll.dll+0xa241f]
C  [ntdll.dll+0x514a4]
C  [ntdll.dll+0xa0f4e]
C  0x000001f3f0af10e7

VM_Operation (0x00000049172f7db0): CollectForMetadataAllocation, mode: safepoint, requested by thread 0x000001f3e9446800


---------------  P R O C E S S  ---------------

Threads class SMR info:
_java_thread_list=0x000001f38b98c940, length=11, elements={
0x000001f3e9446800, 0x000001f3869c1000, 0x000001f3869c2800, 0x000001f387242800,
0x000001f3869bd800, 0x000001f3869ce000, 0x000001f3869d0000, 0x000001f3869fa800,
0x000001f3869fb800, 0x000001f387333000, 0x000001f387452000
}

Java Threads: ( => current thread )
  0x000001f3e9446800 JavaThread "main" [_thread_blocked, id=219884, stack(0x0000004917200000,0x0000004917300000)]
  0x000001f3869c1000 JavaThread "Reference Handler" daemon [_thread_blocked, id=209284, stack(0x0000004917a00000,0x0000004917b00000)]
  0x000001f3869c2800 JavaThread "Finalizer" daemon [_thread_blocked, id=186176, stack(0x0000004917b00000,0x0000004917c00000)]
  0x000001f387242800 JavaThread "Signal Dispatcher" daemon [_thread_blocked, id=216336, stack(0x0000004917c00000,0x0000004917d00000)]
  0x000001f3869bd800 JavaThread "Attach Listener" daemon [_thread_blocked, id=210844, stack(0x0000004917d00000,0x0000004917e00000)]
  0x000001f3869ce000 JavaThread "Service Thread" daemon [_thread_blocked, id=208440, stack(0x0000004917e00000,0x0000004917f00000)]
  0x000001f3869d0000 JavaThread "C2 CompilerThread0" daemon [_thread_in_native, id=211228, stack(0x0000004917f00000,0x0000004918000000)]
  0x000001f3869fa800 JavaThread "C1 CompilerThread0" daemon [_thread_blocked, id=56028, stack(0x0000004918000000,0x0000004918100000)]
  0x000001f3869fb800 JavaThread "Sweeper thread" daemon [_thread_blocked, id=213872, stack(0x0000004918100000,0x0000004918200000)]
  0x000001f387333000 JavaThread "Common-Cleaner" daemon [_thread_blocked, id=213352, stack(0x0000004918200000,0x0000004918300000)]
  0x000001f387452000 JavaThread "Monitor Ctrl-Break" daemon [_thread_in_native, id=213864, stack(0x0000004918300000,0x0000004918400000)]

Other Threads:
=>0x000001f3869ad800 VMThread "VM Thread" [stack: 0x0000004917900000,0x0000004917a00000] [id=197800]
  0x000001f387458800 WatcherThread [stack: 0x0000004918400000,0x0000004918500000] [id=208684]
  0x000001f3e945d800 GCTaskThread "GC Thread#0" [stack: 0x0000004917400000,0x0000004917500000] [id=217424]
  0x000001f38778f000 GCTaskThread "GC Thread#1" [stack: 0x0000004918600000,0x0000004918700000] [id=209084]
  0x000001f3e9490800 ConcurrentGCThread "G1 Main Marker" [stack: 0x0000004917500000,0x0000004917600000] [id=212860]
  0x000001f3e9492800 ConcurrentGCThread "G1 Conc#0" [stack: 0x0000004917600000,0x0000004917700000] [id=212432]
  0x000001f3e951a000 ConcurrentGCThread "G1 Refine#0" [stack: 0x0000004917700000,0x0000004917800000] [id=213972]
  0x000001f387501800 ConcurrentGCThread "G1 Refine#1" [stack: 0x0000004918700000,0x0000004918800000] [id=214356]
  0x000001f3e951b000 ConcurrentGCThread "G1 Young RemSet Sampling" [stack: 0x0000004917800000,0x0000004917900000] [id=213648]

Threads with active compile tasks:
C2 CompilerThread0    11356 3063 %     4       org.jetbrains.coverage.org.objectweb.asm.ClassReader::readCode @ 71 (5089 bytes)

VM state:at safepoint (normal execution)

VM Mutex/Monitor currently owned by a thread:  ([mutex/lock_event])
[0x000001f3e94429c0] Threads_lock - owner thread: 0x000001f3869ad800
[0x000001f3e9443f20] Heap_lock - owner thread: 0x000001f3e9446800

Heap address: 0x0000000080000000, size: 2048 MB, Compressed Oops mode: 32-bit
Narrow klass base: 0x0000000000000000, Narrow klass shift: 3
Compressed class space size: 1073741824 Address: 0x0000000100000000

Heap:
 garbage-first heap   total 196608K, used 30208K [0x0000000080000000, 0x0000000100000000)
  region size 1024K, 9 young (9216K), 9 survivors (9216K)
 Metaspace       used 34807K, capacity 35755K, committed 35888K, reserved 1081344K
  class space    used 3963K, capacity 4366K, committed 4480K, reserved 1048576K
Heap Regions: E=young(eden), S=young(survivor), O=old, HS=humongous(starts), HC=humongous(continues), CS=collection set, F=free, A=archive, TAMS=top-at-mark-start (previous, next)
|   0|0x0000000080000000, 0x0000000080100000, 0x0000000080100000|100%| O|  |TAMS 0x0000000080100000, 0x0000000080100000| Untracked 
|   1|0x0000000080100000, 0x0000000080200000, 0x0000000080200000|100%| O|  |TAMS 0x0000000080200000, 0x0000000080200000| Untracked 
|   2|0x0000000080200000, 0x0000000080300000, 0x0000000080300000|100%| O|  |TAMS 0x0000000080300000, 0x0000000080300000| Untracked 
|   3|0x0000000080300000, 0x0000000080400000, 0x0000000080400000|100%|HS|  |TAMS 0x0000000080400000, 0x0000000080400000| Complete 
|   4|0x0000000080400000, 0x0000000080500000, 0x0000000080500000|100%| O|  |TAMS 0x0000000080500000, 0x0000000080500000| Untracked 
|   5|0x0000000080500000, 0x0000000080600000, 0x0000000080600000|100%| O|  |TAMS 0x0000000080600000, 0x0000000080600000| Untracked 
|   6|0x0000000080600000, 0x0000000080700000, 0x0000000080700000|100%| O|  |TAMS 0x0000000080700000, 0x0000000080700000| Untracked 
|   7|0x0000000080700000, 0x0000000080800000, 0x0000000080800000|100%| O|  |TAMS 0x0000000080800000, 0x0000000080800000| Untracked 
|   8|0x0000000080800000, 0x0000000080900000, 0x0000000080900000|100%| O|  |TAMS 0x000000008083ae00, 0x0000000080900000| Untracked 
|   9|0x0000000080900000, 0x0000000080a00000, 0x0000000080a00000|100%| O|  |TAMS 0x0000000080900000, 0x0000000080a00000| Untracked 
|  10|0x0000000080a00000, 0x0000000080b00000, 0x0000000080b00000|100%| O|  |TAMS 0x0000000080a00000, 0x0000000080b00000| Untracked 
|  11|0x0000000080b00000, 0x0000000080c00000, 0x0000000080c00000|100%| O|  |TAMS 0x0000000080b00000, 0x0000000080c00000| Untracked 
|  12|0x0000000080c00000, 0x0000000080d00000, 0x0000000080d00000|100%| O|  |TAMS 0x0000000080c00000, 0x0000000080d00000| Untracked 
|  13|0x0000000080d00000, 0x0000000080e00000, 0x0000000080e00000|100%| O|  |TAMS 0x0000000080d00000, 0x0000000080e00000| Untracked 
|  14|0x0000000080e00000, 0x0000000080f00000, 0x0000000080f00000|100%| O|  |TAMS 0x0000000080e00000, 0x0000000080f00000| Untracked 
|  15|0x0000000080f00000, 0x0000000081000000, 0x0000000081000000|100%| O|  |TAMS 0x0000000080f00000, 0x0000000081000000| Untracked 
|  16|0x0000000081000000, 0x0000000081100000, 0x0000000081100000|100%| O|  |TAMS 0x0000000081000000, 0x0000000081100000| Untracked 
|  17|0x0000000081100000, 0x0000000081200000, 0x0000000081200000|100%| O|  |TAMS 0x0000000081100000, 0x0000000081200000| Untracked 
|  18|0x0000000081200000, 0x0000000081300000, 0x0000000081300000|100%| O|  |TAMS 0x0000000081200000, 0x0000000081300000| Untracked 
|  19|0x0000000081300000, 0x0000000081400000, 0x0000000081400000|100%| O|  |TAMS 0x0000000081300000, 0x0000000081400000| Untracked 
|  20|0x0000000081400000, 0x0000000081500000, 0x0000000081500000|100%| O|  |TAMS 0x0000000081400000, 0x0000000081500000| Untracked 
|  21|0x0000000081500000, 0x0000000081500000, 0x0000000081600000|  0%| F|  |TAMS 0x0000000081500000, 0x0000000081500000| Untracked 
|  22|0x0000000081600000, 0x0000000081600000, 0x0000000081700000|  0%| F|  |TAMS 0x0000000081600000, 0x0000000081600000| Untracked 
|  23|0x0000000081700000, 0x0000000081700000, 0x0000000081800000|  0%| F|  |TAMS 0x0000000081700000, 0x0000000081700000| Untracked 
|  24|0x0000000081800000, 0x0000000081800000, 0x0000000081900000|  0%| F|  |TAMS 0x0000000081800000, 0x0000000081800000| Untracked 
|  25|0x0000000081900000, 0x0000000081900000, 0x0000000081a00000|  0%| F|  |TAMS 0x0000000081900000, 0x0000000081900000| Untracked 
|  26|0x0000000081a00000, 0x0000000081a00000, 0x0000000081b00000|  0%| F|  |TAMS 0x0000000081a00000, 0x0000000081a00000| Untracked 
|  27|0x0000000081b00000, 0x0000000081b00000, 0x0000000081c00000|  0%| F|  |TAMS 0x0000000081b00000, 0x0000000081b00000| Untracked 
|  28|0x0000000081c00000, 0x0000000081c00000, 0x0000000081d00000|  0%| F|  |TAMS 0x0000000081c00000, 0x0000000081c00000| Untracked 
|  29|0x0000000081d00000, 0x0000000081d00000, 0x0000000081e00000|  0%| F|  |TAMS 0x0000000081d00000, 0x0000000081d00000| Untracked 
|  30|0x0000000081e00000, 0x0000000081e00000, 0x0000000081f00000|  0%| F|  |TAMS 0x0000000081e00000, 0x0000000081e00000| Untracked 
|  31|0x0000000081f00000, 0x0000000081f00000, 0x0000000082000000|  0%| F|  |TAMS 0x0000000081f00000, 0x0000000081f00000| Untracked 
|  32|0x0000000082000000, 0x0000000082000000, 0x0000000082100000|  0%| F|  |TAMS 0x0000000082000000, 0x0000000082000000| Untracked 
|  33|0x0000000082100000, 0x0000000082100000, 0x0000000082200000|  0%| F|  |TAMS 0x0000000082100000, 0x0000000082100000| Untracked 
|  34|0x0000000082200000, 0x0000000082200000, 0x0000000082300000|  0%| F|  |TAMS 0x0000000082200000, 0x0000000082200000| Untracked 
|  35|0x0000000082300000, 0x0000000082300000, 0x0000000082400000|  0%| F|  |TAMS 0x0000000082300000, 0x0000000082300000| Untracked 
|  36|0x0000000082400000, 0x0000000082400000, 0x0000000082500000|  0%| F|  |TAMS 0x0000000082400000, 0x0000000082400000| Untracked 
|  37|0x0000000082500000, 0x0000000082500000, 0x0000000082600000|  0%| F|  |TAMS 0x0000000082500000, 0x0000000082500000| Untracked 
|  38|0x0000000082600000, 0x0000000082600000, 0x0000000082700000|  0%| F|  |TAMS 0x0000000082600000, 0x0000000082600000| Untracked 
|  39|0x0000000082700000, 0x0000000082700000, 0x0000000082800000|  0%| F|  |TAMS 0x0000000082700000, 0x0000000082700000| Untracked 
|  40|0x0000000082800000, 0x0000000082800000, 0x0000000082900000|  0%| F|  |TAMS 0x0000000082800000, 0x0000000082800000| Untracked 
|  41|0x0000000082900000, 0x0000000082900000, 0x0000000082a00000|  0%| F|  |TAMS 0x0000000082900000, 0x0000000082900000| Untracked 
|  42|0x0000000082a00000, 0x0000000082a00000, 0x0000000082b00000|  0%| F|  |TAMS 0x0000000082a00000, 0x0000000082a00000| Untracked 
|  43|0x0000000082b00000, 0x0000000082b00000, 0x0000000082c00000|  0%| F|  |TAMS 0x0000000082b00000, 0x0000000082b00000| Untracked 
|  44|0x0000000082c00000, 0x0000000082c00000, 0x0000000082d00000|  0%| F|  |TAMS 0x0000000082c00000, 0x0000000082c00000| Untracked 
|  45|0x0000000082d00000, 0x0000000082d00000, 0x0000000082e00000|  0%| F|  |TAMS 0x0000000082d00000, 0x0000000082d00000| Untracked 
|  46|0x0000000082e00000, 0x0000000082e00000, 0x0000000082f00000|  0%| F|  |TAMS 0x0000000082e00000, 0x0000000082e00000| Untracked 
|  47|0x0000000082f00000, 0x0000000082f00000, 0x0000000083000000|  0%| F|  |TAMS 0x0000000082f00000, 0x0000000082f00000| Untracked 
|  48|0x0000000083000000, 0x0000000083000000, 0x0000000083100000|  0%| F|  |TAMS 0x0000000083000000, 0x0000000083000000| Untracked 
|  49|0x0000000083100000, 0x0000000083100000, 0x0000000083200000|  0%| F|  |TAMS 0x0000000083100000, 0x0000000083100000| Untracked 
|  50|0x0000000083200000, 0x0000000083200000, 0x0000000083300000|  0%| F|  |TAMS 0x0000000083200000, 0x0000000083200000| Untracked 
|  51|0x0000000083300000, 0x0000000083300000, 0x0000000083400000|  0%| F|  |TAMS 0x0000000083300000, 0x0000000083300000| Untracked 
|  52|0x0000000083400000, 0x0000000083400000, 0x0000000083500000|  0%| F|  |TAMS 0x0000000083400000, 0x0000000083400000| Untracked 
|  53|0x0000000083500000, 0x0000000083500000, 0x0000000083600000|  0%| F|  |TAMS 0x0000000083500000, 0x0000000083500000| Untracked 
|  54|0x0000000083600000, 0x0000000083600000, 0x0000000083700000|  0%| F|  |TAMS 0x0000000083600000, 0x0000000083600000| Untracked 
|  55|0x0000000083700000, 0x0000000083700000, 0x0000000083800000|  0%| F|  |TAMS 0x0000000083700000, 0x0000000083700000| Untracked 
|  56|0x0000000083800000, 0x0000000083800000, 0x0000000083900000|  0%| F|  |TAMS 0x0000000083800000, 0x0000000083800000| Untracked 
|  57|0x0000000083900000, 0x0000000083900000, 0x0000000083a00000|  0%| F|  |TAMS 0x0000000083900000, 0x0000000083900000| Untracked 
|  58|0x0000000083a00000, 0x0000000083a00000, 0x0000000083b00000|  0%| F|  |TAMS 0x0000000083a00000, 0x0000000083a00000| Untracked 
|  59|0x0000000083b00000, 0x0000000083b00000, 0x0000000083c00000|  0%| F|  |TAMS 0x0000000083b00000, 0x0000000083b00000| Untracked 
|  60|0x0000000083c00000, 0x0000000083c00000, 0x0000000083d00000|  0%| F|  |TAMS 0x0000000083c00000, 0x0000000083c00000| Untracked 
|  61|0x0000000083d00000, 0x0000000083d00000, 0x0000000083e00000|  0%| F|  |TAMS 0x0000000083d00000, 0x0000000083d00000| Untracked 
|  62|0x0000000083e00000, 0x0000000083e00000, 0x0000000083f00000|  0%| F|  |TAMS 0x0000000083e00000, 0x0000000083e00000| Untracked 
|  63|0x0000000083f00000, 0x0000000083f00000, 0x0000000084000000|  0%| F|  |TAMS 0x0000000083f00000, 0x0000000083f00000| Untracked 
|  64|0x0000000084000000, 0x0000000084000000, 0x0000000084100000|  0%| F|  |TAMS 0x0000000084000000, 0x0000000084000000| Untracked 
|  65|0x0000000084100000, 0x0000000084100000, 0x0000000084200000|  0%| F|  |TAMS 0x0000000084100000, 0x0000000084100000| Untracked 
|  66|0x0000000084200000, 0x0000000084200000, 0x0000000084300000|  0%| F|  |TAMS 0x0000000084200000, 0x0000000084200000| Untracked 
|  67|0x0000000084300000, 0x0000000084300000, 0x0000000084400000|  0%| F|  |TAMS 0x0000000084300000, 0x0000000084300000| Untracked 
|  68|0x0000000084400000, 0x0000000084400000, 0x0000000084500000|  0%| F|  |TAMS 0x0000000084400000, 0x0000000084400000| Untracked 
|  69|0x0000000084500000, 0x0000000084500000, 0x0000000084600000|  0%| F|  |TAMS 0x0000000084500000, 0x0000000084500000| Untracked 
|  70|0x0000000084600000, 0x0000000084600000, 0x0000000084700000|  0%| F|  |TAMS 0x0000000084600000, 0x0000000084600000| Untracked 
|  71|0x0000000084700000, 0x0000000084700000, 0x0000000084800000|  0%| F|  |TAMS 0x0000000084700000, 0x0000000084700000| Untracked 
|  72|0x0000000084800000, 0x0000000084800000, 0x0000000084900000|  0%| F|  |TAMS 0x0000000084800000, 0x0000000084800000| Untracked 
|  73|0x0000000084900000, 0x0000000084900000, 0x0000000084a00000|  0%| F|  |TAMS 0x0000000084900000, 0x0000000084900000| Untracked 
|  74|0x0000000084a00000, 0x0000000084a00000, 0x0000000084b00000|  0%| F|  |TAMS 0x0000000084a00000, 0x0000000084a00000| Untracked 
|  75|0x0000000084b00000, 0x0000000084b00000, 0x0000000084c00000|  0%| F|  |TAMS 0x0000000084b00000, 0x0000000084b00000| Untracked 
|  76|0x0000000084c00000, 0x0000000084c00000, 0x0000000084d00000|  0%| F|  |TAMS 0x0000000084c00000, 0x0000000084c00000| Untracked 
|  77|0x0000000084d00000, 0x0000000084d00000, 0x0000000084e00000|  0%| F|  |TAMS 0x0000000084d00000, 0x0000000084d00000| Untracked 
|  78|0x0000000084e00000, 0x0000000084e00000, 0x0000000084f00000|  0%| F|  |TAMS 0x0000000084e00000, 0x0000000084e00000| Untracked 
|  79|0x0000000084f00000, 0x0000000084f00000, 0x0000000085000000|  0%| F|  |TAMS 0x0000000084f00000, 0x0000000084f00000| Untracked 
|  80|0x0000000085000000, 0x0000000085000000, 0x0000000085100000|  0%| F|  |TAMS 0x0000000085000000, 0x0000000085000000| Untracked 
|  81|0x0000000085100000, 0x0000000085100000, 0x0000000085200000|  0%| F|  |TAMS 0x0000000085100000, 0x0000000085100000| Untracked 
|  82|0x0000000085200000, 0x0000000085200000, 0x0000000085300000|  0%| F|  |TAMS 0x0000000085200000, 0x0000000085200000| Untracked 
|  83|0x0000000085300000, 0x0000000085300000, 0x0000000085400000|  0%| F|  |TAMS 0x0000000085300000, 0x0000000085300000| Untracked 
|  84|0x0000000085400000, 0x0000000085400000, 0x0000000085500000|  0%| F|  |TAMS 0x0000000085400000, 0x0000000085400000| Untracked 
|  85|0x0000000085500000, 0x0000000085500000, 0x0000000085600000|  0%| F|  |TAMS 0x0000000085500000, 0x0000000085500000| Untracked 
|  86|0x0000000085600000, 0x0000000085600000, 0x0000000085700000|  0%| F|  |TAMS 0x0000000085600000, 0x0000000085600000| Untracked 
|  87|0x0000000085700000, 0x0000000085700000, 0x0000000085800000|  0%| F|  |TAMS 0x0000000085700000, 0x0000000085700000| Untracked 
|  88|0x0000000085800000, 0x0000000085800000, 0x0000000085900000|  0%| F|  |TAMS 0x0000000085800000, 0x0000000085800000| Untracked 
|  89|0x0000000085900000, 0x0000000085900000, 0x0000000085a00000|  0%| F|  |TAMS 0x0000000085900000, 0x0000000085900000| Untracked 
|  90|0x0000000085a00000, 0x0000000085a00000, 0x0000000085b00000|  0%| F|  |TAMS 0x0000000085a00000, 0x0000000085a00000| Untracked 
|  91|0x0000000085b00000, 0x0000000085b00000, 0x0000000085c00000|  0%| F|  |TAMS 0x0000000085b00000, 0x0000000085b00000| Untracked 
|  92|0x0000000085c00000, 0x0000000085c00000, 0x0000000085d00000|  0%| F|  |TAMS 0x0000000085c00000, 0x0000000085c00000| Untracked 
|  93|0x0000000085d00000, 0x0000000085d00000, 0x0000000085e00000|  0%| F|  |TAMS 0x0000000085d00000, 0x0000000085d00000| Untracked 
|  94|0x0000000085e00000, 0x0000000085e00000, 0x0000000085f00000|  0%| F|  |TAMS 0x0000000085e00000, 0x0000000085e00000| Untracked 
|  95|0x0000000085f00000, 0x0000000085f80000, 0x0000000086000000| 50%| S|CS|TAMS 0x0000000085f00000, 0x0000000085f00000| Complete 
|  96|0x0000000086000000, 0x0000000086100000, 0x0000000086100000|100%| S|CS|TAMS 0x0000000086000000, 0x0000000086000000| Complete 
|  97|0x0000000086100000, 0x0000000086200000, 0x0000000086200000|100%| S|CS|TAMS 0x0000000086100000, 0x0000000086100000| Complete 
|  98|0x0000000086200000, 0x0000000086300000, 0x0000000086300000|100%| S|CS|TAMS 0x0000000086200000, 0x0000000086200000| Complete 
|  99|0x0000000086300000, 0x0000000086400000, 0x0000000086400000|100%| S|CS|TAMS 0x0000000086300000, 0x0000000086300000| Complete 
| 100|0x0000000086400000, 0x0000000086500000, 0x0000000086500000|100%| S|CS|TAMS 0x0000000086400000, 0x0000000086400000| Complete 
| 101|0x0000000086500000, 0x0000000086600000, 0x0000000086600000|100%| S|CS|TAMS 0x0000000086500000, 0x0000000086500000| Complete 
| 102|0x0000000086600000, 0x0000000086700000, 0x0000000086700000|100%| S|CS|TAMS 0x0000000086600000, 0x0000000086600000| Complete 
| 103|0x0000000086700000, 0x0000000086800000, 0x0000000086800000|100%| S|CS|TAMS 0x0000000086700000, 0x0000000086700000| Complete 
| 104|0x0000000086800000, 0x0000000086800000, 0x0000000086900000|  0%| F|  |TAMS 0x0000000086800000, 0x0000000086800000| Untracked 
| 105|0x0000000086900000, 0x0000000086900000, 0x0000000086a00000|  0%| F|  |TAMS 0x0000000086900000, 0x0000000086900000| Untracked 
| 106|0x0000000086a00000, 0x0000000086a00000, 0x0000000086b00000|  0%| F|  |TAMS 0x0000000086a00000, 0x0000000086a00000| Untracked 
| 107|0x0000000086b00000, 0x0000000086b00000, 0x0000000086c00000|  0%| F|  |TAMS 0x0000000086b00000, 0x0000000086b00000| Untracked 
| 108|0x0000000086c00000, 0x0000000086c00000, 0x0000000086d00000|  0%| F|  |TAMS 0x0000000086c00000, 0x0000000086c00000| Untracked 
| 109|0x0000000086d00000, 0x0000000086d00000, 0x0000000086e00000|  0%| F|  |TAMS 0x0000000086d00000, 0x0000000086d00000| Untracked 
| 110|0x0000000086e00000, 0x0000000086e00000, 0x0000000086f00000|  0%| F|  |TAMS 0x0000000086e00000, 0x0000000086e00000| Untracked 
| 111|0x0000000086f00000, 0x0000000086f00000, 0x0000000087000000|  0%| F|  |TAMS 0x0000000086f00000, 0x0000000086f00000| Untracked 
| 112|0x0000000087000000, 0x0000000087000000, 0x0000000087100000|  0%| F|  |TAMS 0x0000000087000000, 0x0000000087000000| Untracked 
| 113|0x0000000087100000, 0x0000000087100000, 0x0000000087200000|  0%| F|  |TAMS 0x0000000087100000, 0x0000000087100000| Untracked 
| 114|0x0000000087200000, 0x0000000087200000, 0x0000000087300000|  0%| F|  |TAMS 0x0000000087200000, 0x0000000087200000| Untracked 
| 115|0x0000000087300000, 0x0000000087300000, 0x0000000087400000|  0%| F|  |TAMS 0x0000000087300000, 0x0000000087300000| Untracked 
| 116|0x0000000087400000, 0x0000000087400000, 0x0000000087500000|  0%| F|  |TAMS 0x0000000087400000, 0x0000000087400000| Untracked 
| 117|0x0000000087500000, 0x0000000087500000, 0x0000000087600000|  0%| F|  |TAMS 0x0000000087500000, 0x0000000087500000| Untracked 
| 118|0x0000000087600000, 0x0000000087600000, 0x0000000087700000|  0%| F|  |TAMS 0x0000000087600000, 0x0000000087600000| Untracked 
| 119|0x0000000087700000, 0x0000000087700000, 0x0000000087800000|  0%| F|  |TAMS 0x0000000087700000, 0x0000000087700000| Untracked 
| 120|0x0000000087800000, 0x0000000087800000, 0x0000000087900000|  0%| F|  |TAMS 0x0000000087800000, 0x0000000087800000| Untracked 
| 121|0x0000000087900000, 0x0000000087900000, 0x0000000087a00000|  0%| F|  |TAMS 0x0000000087900000, 0x0000000087900000| Untracked 
| 122|0x0000000087a00000, 0x0000000087a00000, 0x0000000087b00000|  0%| F|  |TAMS 0x0000000087a00000, 0x0000000087a00000| Untracked 
| 123|0x0000000087b00000, 0x0000000087b00000, 0x0000000087c00000|  0%| F|  |TAMS 0x0000000087b00000, 0x0000000087b00000| Untracked 
| 124|0x0000000087c00000, 0x0000000087c00000, 0x0000000087d00000|  0%| F|  |TAMS 0x0000000087c00000, 0x0000000087c00000| Untracked 
| 125|0x0000000087d00000, 0x0000000087d00000, 0x0000000087e00000|  0%| F|  |TAMS 0x0000000087d00000, 0x0000000087d00000| Untracked 
| 126|0x0000000087e00000, 0x0000000087e00000, 0x0000000087f00000|  0%| F|  |TAMS 0x0000000087e00000, 0x0000000087e00000| Untracked 
| 127|0x0000000087f00000, 0x0000000087f00000, 0x0000000088000000|  0%| F|  |TAMS 0x0000000087f00000, 0x0000000087f00000| Untracked 
| 128|0x0000000088000000, 0x0000000088000000, 0x0000000088100000|  0%| F|  |TAMS 0x0000000088000000, 0x0000000088000000| Untracked 
| 129|0x0000000088100000, 0x0000000088100000, 0x0000000088200000|  0%| F|  |TAMS 0x0000000088100000, 0x0000000088100000| Untracked 
| 130|0x0000000088200000, 0x0000000088200000, 0x0000000088300000|  0%| F|  |TAMS 0x0000000088200000, 0x0000000088200000| Untracked 
| 131|0x0000000088300000, 0x0000000088300000, 0x0000000088400000|  0%| F|  |TAMS 0x0000000088300000, 0x0000000088300000| Untracked 
| 132|0x0000000088400000, 0x0000000088400000, 0x0000000088500000|  0%| F|  |TAMS 0x0000000088400000, 0x0000000088400000| Untracked 
| 133|0x0000000088500000, 0x0000000088500000, 0x0000000088600000|  0%| F|  |TAMS 0x0000000088500000, 0x0000000088500000| Untracked 
| 134|0x0000000088600000, 0x0000000088600000, 0x0000000088700000|  0%| F|  |TAMS 0x0000000088600000, 0x0000000088600000| Untracked 
| 135|0x0000000088700000, 0x0000000088700000, 0x0000000088800000|  0%| F|  |TAMS 0x0000000088700000, 0x0000000088700000| Untracked 
| 136|0x0000000088800000, 0x0000000088800000, 0x0000000088900000|  0%| F|  |TAMS 0x0000000088800000, 0x0000000088800000| Untracked 
| 137|0x0000000088900000, 0x0000000088900000, 0x0000000088a00000|  0%| F|  |TAMS 0x0000000088900000, 0x0000000088900000| Untracked 
| 138|0x0000000088a00000, 0x0000000088a00000, 0x0000000088b00000|  0%| F|  |TAMS 0x0000000088a00000, 0x0000000088a00000| Untracked 
| 139|0x0000000088b00000, 0x0000000088b00000, 0x0000000088c00000|  0%| F|  |TAMS 0x0000000088b00000, 0x0000000088b00000| Untracked 
| 140|0x0000000088c00000, 0x0000000088c00000, 0x0000000088d00000|  0%| F|  |TAMS 0x0000000088c00000, 0x0000000088c00000| Untracked 
| 141|0x0000000088d00000, 0x0000000088d00000, 0x0000000088e00000|  0%| F|  |TAMS 0x0000000088d00000, 0x0000000088d00000| Untracked 
| 142|0x0000000088e00000, 0x0000000088e00000, 0x0000000088f00000|  0%| F|  |TAMS 0x0000000088e00000, 0x0000000088e00000| Untracked 
| 143|0x0000000088f00000, 0x0000000088f00000, 0x0000000089000000|  0%| F|  |TAMS 0x0000000088f00000, 0x0000000088f00000| Untracked 
| 144|0x0000000089000000, 0x0000000089000000, 0x0000000089100000|  0%| F|  |TAMS 0x0000000089000000, 0x0000000089000000| Untracked 
| 145|0x0000000089100000, 0x0000000089100000, 0x0000000089200000|  0%| F|  |TAMS 0x0000000089100000, 0x0000000089100000| Untracked 
| 146|0x0000000089200000, 0x0000000089200000, 0x0000000089300000|  0%| F|  |TAMS 0x0000000089200000, 0x0000000089200000| Untracked 
| 147|0x0000000089300000, 0x0000000089300000, 0x0000000089400000|  0%| F|  |TAMS 0x0000000089300000, 0x0000000089300000| Untracked 
| 148|0x0000000089400000, 0x0000000089400000, 0x0000000089500000|  0%| F|  |TAMS 0x0000000089400000, 0x0000000089400000| Untracked 
| 149|0x0000000089500000, 0x0000000089500000, 0x0000000089600000|  0%| F|  |TAMS 0x0000000089500000, 0x0000000089500000| Untracked 
| 150|0x0000000089600000, 0x0000000089600000, 0x0000000089700000|  0%| F|  |TAMS 0x0000000089600000, 0x0000000089600000| Untracked 
| 151|0x0000000089700000, 0x0000000089700000, 0x0000000089800000|  0%| F|  |TAMS 0x0000000089700000, 0x0000000089700000| Untracked 
| 152|0x0000000089800000, 0x0000000089800000, 0x0000000089900000|  0%| F|  |TAMS 0x0000000089800000, 0x0000000089800000| Untracked 
| 153|0x0000000089900000, 0x0000000089900000, 0x0000000089a00000|  0%| F|  |TAMS 0x0000000089900000, 0x0000000089900000| Untracked 
| 154|0x0000000089a00000, 0x0000000089a00000, 0x0000000089b00000|  0%| F|  |TAMS 0x0000000089a00000, 0x0000000089a00000| Untracked 
| 155|0x0000000089b00000, 0x0000000089b00000, 0x0000000089c00000|  0%| F|  |TAMS 0x0000000089b00000, 0x0000000089b00000| Untracked 
| 156|0x0000000089c00000, 0x0000000089c00000, 0x0000000089d00000|  0%| F|  |TAMS 0x0000000089c00000, 0x0000000089c00000| Untracked 
| 157|0x0000000089d00000, 0x0000000089d00000, 0x0000000089e00000|  0%| F|  |TAMS 0x0000000089d00000, 0x0000000089d00000| Untracked 
| 158|0x0000000089e00000, 0x0000000089e00000, 0x0000000089f00000|  0%| F|  |TAMS 0x0000000089e00000, 0x0000000089e00000| Untracked 
| 159|0x0000000089f00000, 0x0000000089f00000, 0x000000008a000000|  0%| F|  |TAMS 0x0000000089f00000, 0x0000000089f00000| Untracked 

Card table byte_map: [0x000001f380000000,0x000001f380400000] _byte_map_base: 0x000001f37fc00000

Marking Bits (Prev, Next): (CMBitMap*) 0x000001f3e9487bf0, (CMBitMap*) 0x000001f3e9487bb8
 Prev Bits: [0x000001f382800000, 0x000001f384800000)
 Next Bits: [0x000001f380800000, 0x000001f382800000)

Polling page: 0x000001f3e8c20000

Metaspace:

Usage:
  Non-class:     30.65 MB capacity,    30.12 MB ( 98%) used,   429.35 KB (  1%) free+waste,   115.31 KB ( <1%) overhead. 
      Class:      4.26 MB capacity,     3.87 MB ( 91%) used,   344.13 KB (  8%) free+waste,    58.44 KB (  1%) overhead. 
       Both:     34.92 MB capacity,    33.99 MB ( 97%) used,   773.48 KB (  2%) free+waste,   173.75 KB ( <1%) overhead. 

Virtual space:
  Non-class space:       32.00 MB reserved,      30.67 MB ( 96%) committed 
      Class space:        1.00 GB reserved,       4.38 MB ( <1%) committed 
             Both:        1.03 GB reserved,      35.05 MB (  3%) committed 

Chunk freelists:
   Non-Class:  2.38 KB
       Class:  2.25 KB
        Both:  4.63 KB

CodeHeap 'non-profiled nmethods': size=120064Kb used=1946Kb max_used=1946Kb free=118117Kb
 bounds [0x000001f3f85b0000, 0x000001f3f8820000, 0x000001f3ffaf0000]
CodeHeap 'profiled nmethods': size=120000Kb used=6241Kb max_used=6241Kb free=113758Kb
 bounds [0x000001f3f1080000, 0x000001f3f16a0000, 0x000001f3f85b0000]
CodeHeap 'non-nmethods': size=5696Kb used=1154Kb max_used=1202Kb free=4541Kb
 bounds [0x000001f3f0af0000, 0x000001f3f0d60000, 0x000001f3f1080000]
 total_blobs=3558 nmethods=3087 adapters=381
 compilation: enabled
              stopped_count=0, restarted_count=0
 full_count=0

Compilation events (10 events):
Event: 11.258 Thread 0x000001f3869fa800 3156       2       java.lang.Class::copyMethods (36 bytes)
Event: 11.258 Thread 0x000001f3869fa800 nmethod 3156 0x000001f3f1695e90 code [0x000001f3f1696060, 0x000001f3f1696538]
Event: 11.267 Thread 0x000001f3869fa800 3157       2       org.jetbrains.coverage.org.objectweb.asm.Type::getTypeInternal (199 bytes)
Event: 11.268 Thread 0x000001f3869fa800 nmethod 3157 0x000001f3f1696810 code [0x000001f3f1696a20, 0x000001f3f1697128]
Event: 11.316 Thread 0x000001f3869fa800 3158       2       java.lang.PublicMethods$MethodList::getMostSpecific (63 bytes)
Event: 11.316 Thread 0x000001f3869fa800 nmethod 3158 0x000001f3f1697410 code [0x000001f3f16975c0, 0x000001f3f16977c8]
Event: 11.317 Thread 0x000001f3869fa800 3159       2       java.lang.reflect.ProxyGenerator$ProxyMethod::<init> (71 bytes)
Event: 11.317 Thread 0x000001f3869fa800 nmethod 3159 0x000001f3f1697990 code [0x000001f3f1697b80, 0x000001f3f1698168]
Event: 11.319 Thread 0x000001f3869fa800 3160       2       jdk.internal.misc.Unsafe::pickPos (14 bytes)
Event: 11.320 Thread 0x000001f3869fa800 nmethod 3160 0x000001f3f1698390 code [0x000001f3f1698520, 0x000001f3f16985f8]

GC Heap History (10 events):
Event: 4.885 GC heap after
{Heap after GC invocations=7 (full 0):
 garbage-first heap   total 131072K, used 12928K [0x0000000080000000, 0x0000000100000000)
  region size 1024K, 6 young (6144K), 6 survivors (6144K)
 Metaspace       used 19287K, capacity 19896K, committed 20096K, reserved 1067008K
  class space    used 1948K, capacity 2161K, committed 2176K, reserved 1048576K
}
Event: 6.288 GC heap before
{Heap before GC invocations=7 (full 0):
 garbage-first heap   total 131072K, used 36480K [0x0000000080000000, 0x0000000100000000)
  region size 1024K, 30 young (30720K), 6 survivors (6144K)
 Metaspace       used 20563K, capacity 21157K, committed 21296K, reserved 1069056K
  class space    used 2112K, capacity 2350K, committed 2432K, reserved 1048576K
}
Event: 6.301 GC heap after
{Heap after GC invocations=8 (full 0):
 garbage-first heap   total 163840K, used 14568K [0x0000000080000000, 0x0000000100000000)
  region size 1024K, 6 young (6144K), 6 survivors (6144K)
 Metaspace       used 20563K, capacity 21157K, committed 21296K, reserved 1069056K
  class space    used 2112K, capacity 2350K, committed 2432K, reserved 1048576K
}
Event: 7.579 GC heap before
{Heap before GC invocations=9 (full 0):
 garbage-first heap   total 163840K, used 77032K [0x0000000080000000, 0x0000000100000000)
  region size 1024K, 67 young (68608K), 6 survivors (6144K)
 Metaspace       used 24340K, capacity 25116K, committed 25264K, reserved 1071104K
  class space    used 2617K, capacity 2960K, committed 3072K, reserved 1048576K
}
Event: 7.595 GC heap after
{Heap after GC invocations=10 (full 0):
 garbage-first heap   total 163840K, used 17554K [0x0000000080000000, 0x0000000100000000)
  region size 1024K, 8 young (8192K), 8 survivors (8192K)
 Metaspace       used 24340K, capacity 25116K, committed 25264K, reserved 1071104K
  class space    used 2617K, capacity 2960K, committed 3072K, reserved 1048576K
}
Event: 8.811 GC heap before
{Heap before GC invocations=10 (full 0):
 garbage-first heap   total 163840K, used 92306K [0x0000000080000000, 0x0000000100000000)
  region size 1024K, 82 young (83968K), 8 survivors (8192K)
 Metaspace       used 28107K, capacity 28987K, committed 29232K, reserved 1075200K
  class space    used 3014K, capacity 3383K, committed 3456K, reserved 1048576K
}
Event: 8.830 GC heap after
{Heap after GC invocations=11 (full 0):
 garbage-first heap   total 163840K, used 22094K [0x0000000080000000, 0x0000000100000000)
  region size 1024K, 9 young (9216K), 9 survivors (9216K)
 Metaspace       used 28107K, capacity 28987K, committed 29232K, reserved 1075200K
  class space    used 3014K, capacity 3383K, committed 3456K, reserved 1048576K
}
Event: 10.387 GC heap before
{Heap before GC invocations=11 (full 0):
 garbage-first heap   total 163840K, used 102990K [0x0000000080000000, 0x0000000100000000)
  region size 1024K, 88 young (90112K), 9 survivors (9216K)
 Metaspace       used 31962K, capacity 32927K, committed 33072K, reserved 1079296K
  class space    used 3453K, capacity 3851K, committed 3968K, reserved 1048576K
}
Event: 10.406 GC heap after
{Heap after GC invocations=12 (full 0):
 garbage-first heap   total 163840K, used 25118K [0x0000000080000000, 0x0000000100000000)
  region size 1024K, 8 young (8192K), 8 survivors (8192K)
 Metaspace       used 31962K, capacity 32927K, committed 33072K, reserved 1079296K
  class space    used 3453K, capacity 3851K, committed 3968K, reserved 1048576K
}
Event: 11.326 GC heap before
{Heap before GC invocations=12 (full 0):
 garbage-first heap   total 163840K, used 81438K [0x0000000080000000, 0x0000000100000000)
  region size 1024K, 64 young (65536K), 8 survivors (8192K)
 Metaspace       used 34807K, capacity 35755K, committed 35888K, reserved 1081344K
  class space    used 3963K, capacity 4366K, committed 4480K, reserved 1048576K
}

Deoptimization events (10 events):
Event: 10.156 Thread 0x000001f3e9446800 Uncommon trap: reason=unstable_if action=reinterpret pc=0x000001f3f875c994 method=org.jetbrains.coverage.org.objectweb.asm.MethodWriter.putMethodInfo(Lorg/jetbrains/coverage/org/objectweb/asm/ByteVector;)V @ 170 c2
Event: 10.156 Thread 0x000001f3e9446800 Uncommon trap: reason=unstable_if action=reinterpret pc=0x000001f3f8744c80 method=org.jetbrains.coverage.org.objectweb.asm.AnnotationWriter.putAnnotations(Lorg/jetbrains/coverage/org/objectweb/asm/SymbolTable;Lorg/jetbrains/coverage/org/objectweb/asm/Anno
Event: 10.169 Thread 0x000001f3e9446800 Uncommon trap: reason=unstable_if action=reinterpret pc=0x000001f3f8745774 method=org.jetbrains.coverage.org.objectweb.asm.AnnotationWriter.computeAnnotationsSize(Lorg/jetbrains/coverage/org/objectweb/asm/AnnotationWriter;Lorg/jetbrains/coverage/org/objec
Event: 10.197 Thread 0x000001f3e9446800 Uncommon trap: reason=unstable_if action=reinterpret pc=0x000001f3f876b6b4 method=org.jetbrains.coverage.org.objectweb.asm.ClassReader.readCode(Lorg/jetbrains/coverage/org/objectweb/asm/MethodVisitor;Lorg/jetbrains/coverage/org/objectweb/asm/Context;I)V @
Event: 10.197 Thread 0x000001f3e9446800 Uncommon trap: reason=unstable_if action=reinterpret pc=0x000001f3f868770c method=org.jetbrains.coverage.org.objectweb.asm.MethodWriter.visitJumpInsn(ILorg/jetbrains/coverage/org/objectweb/asm/Label;)V @ 364 c2
Event: 10.197 Thread 0x000001f3e9446800 Uncommon trap: reason=unstable_fused_if action=reinterpret pc=0x000001f3f8743484 method=org.jetbrains.coverage.org.objectweb.asm.commons.LocalVariablesSorter.visitVarInsn(II)V @ 1 c2
Event: 10.204 Thread 0x000001f3e9446800 Uncommon trap: reason=unstable_if action=reinterpret pc=0x000001f3f8698144 method=org.jetbrains.coverage.org.objectweb.asm.MethodWriter.visitIntInsn(II)V @ 84 c2
Event: 10.473 Thread 0x000001f3e9446800 Uncommon trap: reason=unstable_if action=reinterpret pc=0x000001f3f869ac14 method=org.jetbrains.coverage.org.objectweb.asm.MethodWriter.visitMethodInsn(ILjava/lang/String;Ljava/lang/String;Ljava/lang/String;Z)V @ 175 c2
Event: 10.558 Thread 0x000001f3e9446800 Uncommon trap: reason=unstable_if action=reinterpret pc=0x000001f3f86a40c4 method=org.jetbrains.coverage.org.objectweb.asm.commons.LocalVariablesSorter.setFrameLocal(ILjava/lang/Object;)V @ 8 c2
Event: 11.266 Thread 0x000001f3e9446800 Uncommon trap: reason=unstable_if action=reinterpret pc=0x000001f3f86852a4 method=org.jetbrains.coverage.org.objectweb.asm.Type.getTypeInternal(Ljava/lang/String;II)Lorg/jetbrains/coverage/org/objectweb/asm/Type; @ 5 c2

Classes redefined (0 events):
No events

Internal exceptions (10 events):
Event: 8.691 Thread 0x000001f3e9446800 Exception <a 'java/lang/NoSuchMethodError'{0x0000000086001350}: java.lang.invoke.DirectMethodHandle$Holder.invokeVirtual(Ljava/lang/Object;Ljava/lang/Object;)V> (0x0000000086001350) thrown at [./open/src/hotspot/share/interpreter/linkResolver.cpp, line 77
Event: 9.858 Thread 0x000001f38a2bb000 Exception <a 'java/lang/NoSuchMethodError'{0x00000000869ab7b8}: java.lang.invoke.DirectMethodHandle$Holder.invokeSpecial(Ljava/lang/Object;Ljava/lang/Object;)J> (0x00000000869ab7b8) thrown at [./open/src/hotspot/share/interpreter/linkResolver.cpp, line 77
Event: 9.860 Thread 0x000001f38a2bb000 Exception <a 'java/lang/NoSuchMethodError'{0x00000000869b5e58}: java.lang.invoke.DirectMethodHandle$Holder.invokeStatic(Ljava/lang/Object;Ljava/lang/Object;)J> (0x00000000869b5e58) thrown at [./open/src/hotspot/share/interpreter/linkResolver.cpp, line 772
Event: 9.863 Thread 0x000001f38a2bb000 Exception <a 'java/lang/NoSuchMethodError'{0x00000000869b8c80}: java.lang.invoke.DirectMethodHandle$Holder.invokeStaticInit(Ljava/lang/Object;Ljava/lang/Object;)J> (0x00000000869b8c80) thrown at [./open/src/hotspot/share/interpreter/linkResolver.cpp, line
Event: 9.864 Thread 0x000001f38a2bb000 Exception <a 'java/lang/NoSuchMethodError'{0x00000000869c51f0}: java.lang.invoke.DirectMethodHandle$Holder.invokeInterface(Ljava/lang/Object;Ljava/lang/Object;)J> (0x00000000869c51f0) thrown at [./open/src/hotspot/share/interpreter/linkResolver.cpp, line 
Event: 9.864 Thread 0x000001f38a2bb000 Exception <a 'java/lang/IncompatibleClassChangeError'{0x00000000869c7f88}: Found class java.lang.Object, but interface was expected> (0x00000000869c7f88) thrown at [./open/src/hotspot/share/interpreter/linkResolver.cpp, line 838]
Event: 9.902 Thread 0x000001f38a2bb000 Exception <a 'java/lang/NoSuchMethodError'{0x00000000867e2f18}: java.lang.invoke.DirectMethodHandle$Holder.invokeVirtual(Ljava/lang/Object;Ljava/lang/Object;Ljava/lang/Object;Ljava/lang/Object;)Ljava/lang/Object;> (0x00000000867e2f18) thrown at [./open/sr
Event: 10.339 Thread 0x000001f3e9446800 Exception <a 'java/lang/NoSuchMethodError'{0x000000008543bf00}: java.lang.invoke.DirectMethodHandle$Holder.invokeStaticInit(Ljava/lang/Object;Ljava/lang/Object;Ljava/lang/Object;Ljava/lang/Object;)I> (0x000000008543bf00) thrown at [./open/src/hotspot/shar
Event: 10.340 Thread 0x000001f3e9446800 Exception <a 'java/lang/IncompatibleClassChangeError'{0x0000000085444e70}: Found class java.lang.Object, but interface was expected> (0x0000000085444e70) thrown at [./open/src/hotspot/share/interpreter/linkResolver.cpp, line 838]
Event: 11.216 Thread 0x000001f3e9446800 Exception <a 'java/lang/ClassNotFoundException'{0x00000000872936b0}: java/lang/ClassLoader$ByteBuddyAccessor$V1> (0x00000000872936b0) thrown at [./open/src/hotspot/share/classfile/systemDictionary.cpp, line 226]

Events (10 events):
Event: 11.321 loading class net/bytebuddy/implementation/bind/annotation/TargetMethodAnnotationDrivenBinder$DelegationProcessor$Handler$Bound done
Event: 11.322 loading class net/bytebuddy/implementation/bind/annotation/TargetMethodAnnotationDrivenBinder$Record
Event: 11.322 loading class net/bytebuddy/implementation/bind/annotation/TargetMethodAnnotationDrivenBinder$Record done
Event: 11.323 loading class net/bytebuddy/implementation/bind/MethodDelegationBinder$MethodBinding
Event: 11.323 loading class net/bytebuddy/implementation/bind/MethodDelegationBinder$MethodBinding done
Event: 11.325 loading class net/bytebuddy/implementation/bind/MethodDelegationBinder$TerminationHandler$Default
Event: 11.325 loading class net/bytebuddy/implementation/bind/MethodDelegationBinder$TerminationHandler$Default done
Event: 11.325 loading class net/bytebuddy/implementation/bind/MethodDelegationBinder$TerminationHandler$Default$1
Event: 11.325 loading class net/bytebuddy/implementation/bind/MethodDelegationBinder$TerminationHandler$Default$1 done
Event: 11.326 Executing VM operation: CollectForMetadataAllocation


Dynamic libraries:
0x00007ff64a2f0000 - 0x00007ff64a2ff000 	C:\Program Files\Java\jdk-11.0.16\bin\java.exe
0x00007ffad39d0000 - 0x00007ffad3bc8000 	C:\Windows\SYSTEM32\ntdll.dll
0x00007ffad3870000 - 0x00007ffad392d000 	C:\Windows\System32\KERNEL32.DLL
0x00007ffad10e0000 - 0x00007ffad13b2000 	C:\Windows\System32\KERNELBASE.dll
0x00007ffad13c0000 - 0x00007ffad14c0000 	C:\Windows\System32\ucrtbase.dll
0x00007ffab2240000 - 0x00007ffab2258000 	C:\Program Files\Java\jdk-11.0.16\bin\jli.dll
0x00007ffad2cf0000 - 0x00007ffad2d9e000 	C:\Windows\System32\ADVAPI32.dll
0x00007ffad2ef0000 - 0x00007ffad2f8e000 	C:\Windows\System32\msvcrt.dll
0x00007ffad2f90000 - 0x00007ffad302c000 	C:\Windows\System32\sechost.dll
0x00007ffad2bc0000 - 0x00007ffad2ce5000 	C:\Windows\System32\RPCRT4.dll
0x00007ffad1a30000 - 0x00007ffad1bcd000 	C:\Windows\System32\USER32.dll
0x00007ffad1a00000 - 0x00007ffad1a22000 	C:\Windows\System32\win32u.dll
0x00007ffad1bd0000 - 0x00007ffad1bfb000 	C:\Windows\System32\GDI32.dll
0x00007ffad1620000 - 0x00007ffad172f000 	C:\Windows\System32\gdi32full.dll
0x00007ffad17c0000 - 0x00007ffad185d000 	C:\Windows\System32\msvcp_win.dll
0x00007ffab0d00000 - 0x00007ffab0d15000 	C:\Program Files\Java\jdk-11.0.16\bin\VCRUNTIME140.dll
0x00007ffaba030000 - 0x00007ffaba2ca000 	C:\Windows\WinSxS\amd64_microsoft.windows.common-controls_6595b64144ccf1df_6.0.19041.1110_none_60b5254171f9507e\COMCTL32.dll
0x00007ffaca020000 - 0x00007ffaca02a000 	C:\Windows\SYSTEM32\VERSION.dll
0x00007ffad2ec0000 - 0x00007ffad2ef0000 	C:\Windows\System32\IMM32.DLL
0x00007ffaad9e0000 - 0x00007ffaada7b000 	C:\Program Files\Java\jdk-11.0.16\bin\msvcp140.dll
0x00007ffa9e730000 - 0x00007ffa9f248000 	C:\Program Files\Java\jdk-11.0.16\bin\server\jvm.dll
0x00007ffad3390000 - 0x00007ffad3398000 	C:\Windows\System32\PSAPI.DLL
0x00007ffacc360000 - 0x00007ffacc369000 	C:\Windows\SYSTEM32\WSOCK32.dll
0x00007ffad2870000 - 0x00007ffad28db000 	C:\Windows\System32\WS2_32.dll
0x00007ffaaeb00000 - 0x00007ffaaeb27000 	C:\Windows\SYSTEM32\WINMM.dll
0x00007ffacef80000 - 0x00007ffacef92000 	C:\Windows\SYSTEM32\kernel.appcore.dll
0x00007ffab55b0000 - 0x00007ffab55c0000 	C:\Program Files\Java\jdk-11.0.16\bin\verify.dll
0x00007ffac9150000 - 0x00007ffac9334000 	C:\Windows\SYSTEM32\DBGHELP.DLL
0x00007ffac9120000 - 0x00007ffac914c000 	C:\Windows\SYSTEM32\dbgcore.DLL
0x00007ffad1730000 - 0x00007ffad17b2000 	C:\Windows\System32\bcryptPrimitives.dll
0x00007ffaadea0000 - 0x00007ffaadec8000 	C:\Program Files\Java\jdk-11.0.16\bin\java.dll
0x00007ffab5580000 - 0x00007ffab558a000 	C:\Program Files\Java\jdk-11.0.16\bin\jimage.dll
0x00007ffab1fe0000 - 0x00007ffab1fee000 	C:\Program Files\Java\jdk-11.0.16\bin\instrument.dll
0x00007ffaae790000 - 0x00007ffaae7a6000 	C:\Program Files\Java\jdk-11.0.16\bin\zip.dll
0x00007ffad1e20000 - 0x00007ffad2563000 	C:\Windows\System32\SHELL32.dll
0x00007ffacf180000 - 0x00007ffacf911000 	C:\Windows\SYSTEM32\windows.storage.dll
0x00007ffad3030000 - 0x00007ffad3384000 	C:\Windows\System32\combase.dll
0x00007ffad0980000 - 0x00007ffad09b0000 	C:\Windows\SYSTEM32\Wldp.dll
0x00007ffad2a20000 - 0x00007ffad2acd000 	C:\Windows\System32\SHCORE.dll
0x00007ffad2b60000 - 0x00007ffad2bb5000 	C:\Windows\System32\shlwapi.dll
0x00007ffad1020000 - 0x00007ffad103f000 	C:\Windows\SYSTEM32\profapi.dll
0x00007ffaae760000 - 0x00007ffaae779000 	C:\Program Files\Java\jdk-11.0.16\bin\net.dll
0x00007ffac6ae0000 - 0x00007ffac6bed000 	C:\Windows\SYSTEM32\WINHTTP.dll
0x00007ffad0760000 - 0x00007ffad07ca000 	C:\Windows\system32\mswsock.dll
0x00007ffaade80000 - 0x00007ffaade92000 	C:\Program Files\Java\jdk-11.0.16\bin\nio.dll
0x00007ffaad890000 - 0x00007ffaad8aa000 	C:\Program Files\JetBrains\IntelliJ IDEA Community Edition 2022.2.1\bin\breakgen64.dll
0x00007ffaad9d0000 - 0x00007ffaad9d9000 	C:\Program Files\Java\jdk-11.0.16\bin\management.dll
0x00007ffaad720000 - 0x00007ffaad72b000 	C:\Program Files\Java\jdk-11.0.16\bin\management_ext.dll
0x00007ffab8ba0000 - 0x00007ffab8bb7000 	C:\Windows\system32\napinsp.dll
0x00007ffab8b80000 - 0x00007ffab8b9b000 	C:\Windows\system32\pnrpnsp.dll
0x00007ffab8b60000 - 0x00007ffab8b75000 	C:\Windows\system32\wshbth.dll
0x00007ffaca680000 - 0x00007ffaca69d000 	C:\Windows\system32\NLAapi.dll
0x00007ffad0470000 - 0x00007ffad04ab000 	C:\Windows\SYSTEM32\IPHLPAPI.DLL
0x00007ffad04c0000 - 0x00007ffad058a000 	C:\Windows\SYSTEM32\DNSAPI.dll
0x00007ffad1c00000 - 0x00007ffad1c08000 	C:\Windows\System32\NSI.dll
0x00007ffab8b40000 - 0x00007ffab8b52000 	C:\Windows\System32\winrnr.dll
0x00007ffac3ab0000 - 0x00007ffac3aba000 	C:\Windows\System32\rasadhlp.dll
0x00007ffac86a0000 - 0x00007ffac8720000 	C:\Windows\System32\fwpuclnt.dll
0x00007ffad1980000 - 0x00007ffad19a7000 	C:\Windows\System32\bcrypt.dll

dbghelp: loaded successfully - version: 4.0.5 - missing functions: none
symbol engine: initialized successfully - sym options: 0x614 - pdb path: .;C:\Program Files\Java\jdk-11.0.16\bin;C:\Windows\SYSTEM32;C:\Windows\WinSxS\amd64_microsoft.windows.common-controls_6595b64144ccf1df_6.0.19041.1110_none_60b5254171f9507e;C:\Program Files\Java\jdk-11.0.16\bin\server;C:\Program Files\JetBrains\IntelliJ IDEA Community Edition 2022.2.1\bin

VM Arguments:
jvm_args: -ea -javaagent:C:\Users\sfjbs\AppData\Local\JetBrains\IdeaIC2022.2\testAgent\intellij-coverage-agent-1.0.673.jar=C:\Users\sfjbs\AppData\Local\Temp\coverage5args -Didea.new.sampling.coverage=true -Dcoverage.ignore.private.constructor.util.class=true -Didea.test.cyclic.buffer.size=1048576 -javaagent:C:\Program Files\JetBrains\IntelliJ IDEA Community Edition 2022.2.1\lib\idea_rt.jar=59758:C:\Program Files\JetBrains\IntelliJ IDEA Community Edition 2022.2.1\bin -Dfile.encoding=UTF-8 
java_command: com.intellij.rt.junit.JUnitStarter -ideVersion5 -junit5 @w@C:\Users\sfjbs\AppData\Local\Temp\idea_working_dirs_junit.tmp @C:\Users\sfjbs\AppData\Local\Temp\idea_junit.tmp -socket59757
java_class_path (initial): C:\Users\sfjbs\.m2\repository\org\junit\platform\junit-platform-launcher\1.8.2\junit-platform-launcher-1.8.2.jar;C:\Program Files\JetBrains\IntelliJ IDEA Community Edition 2022.2.1\lib\idea_rt.jar;C:\Program Files\JetBrains\IntelliJ IDEA Community Edition 2022.2.1\plugins\junit\lib\junit5-rt.jar;C:\Program Files\JetBrains\IntelliJ IDEA Community Edition 2022.2.1\plugins\junit\lib\junit-rt.jar;C:\Users\sfjbs\IdeaProjects\training\Mansi\Day 13\pension-management-system\target\test-classes;C:\Users\sfjbs\IdeaProjects\training\Mansi\Day 13\pension-management-system\target\classes;C:\Users\sfjbs\.m2\repository\org\springframework\boot\spring-boot-starter-web\2.7.3\spring-boot-starter-web-2.7.3.jar;C:\Users\sfjbs\.m2\repository\org\springframework\boot\spring-boot-starter\2.7.3\spring-boot-starter-2.7.3.jar;C:\Users\sfjbs\.m2\repository\org\springframework\boot\spring-boot\2.7.3\spring-boot-2.7.3.jar;C:\Users\sfjbs\.m2\repository\org\springframework\boot\spring-boot-autoconfigure\2.7.3\spring-boot-autoconfigure-2.7.3.jar;C:\Users\sfjbs\.m2\repository\org\springframework\boot\spring-boot-starter-logging\2.7.3\spring-boot-starter-logging-2.7.3.jar;C:\Users\sfjbs\.m2\repository\ch\qos\logback\logback-classic\1.2.11\logback-classic-1.2.11.jar;C:\Users\sfjbs\.m2\repository\ch\qos\logback\logback-core\1.2.11\logback-core-1.2.11.jar;C:\Users\sfjbs\.m2\repository\org\apache\logging\log4j\log4j-to-slf4j\2.17.2\log4j-to-slf4j-2.17.2.jar;C:\Users\sfjbs\.m2\repository\org\apache\logging\log4j\log4j-api\2.17.2\log4j-api-2.17.2.jar;C:\Users\sfjbs\.m2\repository\org\slf4j\jul-to-slf4j\1.7.36\jul-to-slf4j-1.7.36.jar;C:\Users\sfjbs\.m2\repository\jakarta\annotation\jakarta.annotation-api\1.3.5\jakarta.annotation-api-1.3.5.jar;C:\Users\sfjbs\.m2\repository\org\yaml\snakeyaml\1.30\snakeyaml-1.30.jar;C:\Users\sfjbs\.m2\repository\org\springframework\boot\spring-boot-starter-json\2.7.3\spring-boot-starter-json-2.7.3.jar;C:\Users\sfjbs\.m2\repository\com\fasterxml\
Launcher Type: SUN_STANDARD

[Global flags]
     intx CICompilerCount                          = 2                                         {product} {ergonomic}
     uint ConcGCThreads                            = 1                                         {product} {ergonomic}
     uint G1ConcRefinementThreads                  = 2                                         {product} {ergonomic}
   size_t G1HeapRegionSize                         = 1048576                                   {product} {ergonomic}
    uintx GCDrainStackTargetSize                   = 64                                        {product} {ergonomic}
   size_t InitialHeapSize                          = 134217728                                 {product} {ergonomic}
   size_t MarkStackSize                            = 4194304                                   {product} {ergonomic}
   size_t MaxHeapSize                              = 2147483648                                {product} {ergonomic}
   size_t MaxNewSize                               = 1287651328                                {product} {ergonomic}
   size_t MinHeapDeltaBytes                        = 1048576                                   {product} {ergonomic}
    uintx NonNMethodCodeHeapSize                   = 5825164                                {pd product} {ergonomic}
    uintx NonProfiledCodeHeapSize                  = 122916538                              {pd product} {ergonomic}
    uintx ProfiledCodeHeapSize                     = 122916538                              {pd product} {ergonomic}
    uintx ReservedCodeCacheSize                    = 251658240                              {pd product} {ergonomic}
     bool SegmentedCodeCache                       = true                                      {product} {ergonomic}
     bool UseCompressedClassPointers               = true                                 {lp64_product} {ergonomic}
     bool UseCompressedOops                        = true                                 {lp64_product} {ergonomic}
     bool UseG1GC                                  = true                                      {product} {ergonomic}
     bool UseLargePagesIndividualAllocation        = false                                  {pd product} {ergonomic}

Logging:
Log output configuration:
 #0: stdout all=warning uptime,level,tags
 #1: stderr all=off uptime,level,tags

Environment Variables:
PATH=C:\Program Files\Common Files\Oracle\Java\javapath;C:\Windows\system32;C:\Windows;C:\Windows\System32\Wbem;C:\Windows\System32\WindowsPowerShell\v1.0\;C:\Windows\System32\OpenSSH\;C:\Users\sfjbs\Downloads\micro service-20221001T105859Z-001\micro service\apache-maven-3.8.5-bin\apache-maven-3.8.5\bin;C:\Users\sfjbs\Downloads\micro service-20221001T105859Z-001\micro service\apache-maven-3.8.5-bin\apache-maven-3.8.5\lib;C:\Program Files\Git\cmd;C:\Program Files\Docker\Docker\resources\bin;C:\ProgramData\DockerDesktop\version-bin;C:\Users\sfjbs\AppData\Local\Microsoft\WindowsApps;C:\Users\sfjbs\Downloads\micro service-20221001T105859Z-001\micro service\apache-maven-3.8.5-bin\apache-maven-3.8.5\bin;C:\Users\sfjbs\Downloads\micro service-20221001T105859Z-001\micro service\apache-maven-3.8.5-bin\apache-maven-3.8.5\lib;;C:\Program Files\JetBrains\IntelliJ IDEA Community Edition 2022.2.1\bin;
USERNAME=sfjbs
OS=Windows_NT
PROCESSOR_IDENTIFIER=Intel64 Family 6 Model 106 Stepping 6, GenuineIntel



---------------  S Y S T E M  ---------------

OS: Windows 10 , 64 bit Build 19041 (10.0.19041.1889)
Hyper-V role detected

CPU:total 2 (initial active 2) (1 cores per cpu, 2 threads per core) family 6 model 106 stepping 6 microcode 0xffffffff, cmov, cx8, fxsr, mmx, sse, sse2, sse3, ssse3, sse4.1, sse4.2, popcnt, avx, avx2, aes, clmul, erms, rtm, 3dnowpref, lzcnt, ht, tsc, bmi1, bmi2, adx, evex, fma

Memory: 4k page, system-wide physical 8190M (1475M free)
TotalPageFile size 10238M (AvailPageFile size 31M)
current process WorkingSet (physical memory assigned to process): 248M, peak: 248M
current process commit charge ("private bytes"): 319M, peak: 351M

vm_info: Java HotSpot(TM) 64-Bit Server VM (11.0.16+11-LTS-199) for windows-amd64 JRE (11.0.16+11-LTS-199), built on Jun 28 2022 08:23:17 by "mach5one" with MS VC++ 15.9 (VS2017)

END.
