#
# There is insufficient memory for the Java Runtime Environment to continue.
# Native memory allocation (mmap) failed to map 134217728 bytes for Failed to commit area from 0x0000000080000000 to 0x0000000088000000 of length 134217728.
# Possible reasons:
#   The system is out of physical RAM or swap space
#   The process is running with CompressedOops enabled, and the Java Heap may be blocking the growth of the native heap
# Possible solutions:
#   Reduce memory load on the system
#   Increase physical memory or swap space
#   Check if swap backing store is full
#   Decrease Java heap size (-Xmx/-Xms)
#   Decrease number of Java threads
#   Decrease Java thread stack sizes (-Xss)
#   Set larger code cache with -XX:ReservedCodeCacheSize=
# This output file may be truncated or incomplete.
#
#  Out of Memory Error (./open/src/hotspot/os/windows/os_windows.cpp:3287), pid=15764, tid=15832
#
# JRE version:  (11.0.16+11) (build )
# Java VM: Java HotSpot(TM) 64-Bit Server VM (11.0.16+11-LTS-199, mixed mode, sharing, tiered, compressed oops, g1 gc, windows-amd64)
# No core dump will be written. Minidumps are not enabled by default on client versions of Windows
#

---------------  S U M M A R Y ------------

Command Line: -Dclassworlds.conf=C:\Users\sfjbs\Downloads\micro service-20221001T123314Z-001\micro service\apache-maven-3.8.5-bin\apache-maven-3.8.5\bin\m2.conf -Dmaven.home=C:\Users\sfjbs\Downloads\micro service-20221001T123314Z-001\micro service\apache-maven-3.8.5-bin\apache-maven-3.8.5 -Dlibrary.jansi.path=C:\Users\sfjbs\Downloads\micro service-20221001T123314Z-001\micro service\apache-maven-3.8.5-bin\apache-maven-3.8.5\lib\jansi-native -Dmaven.multiModuleProjectDirectory=C:\Users\sfjbs\Downloads\training\Sagar\Day11\eureka-app\student-service org.codehaus.plexus.classworlds.launcher.Launcher spring-boot:run

Host: Intel(R) Xeon(R) Platinum 8272CL CPU @ 2.60GHz, 2 cores, 7G,  Windows 10 , 64 bit Build 19041 (10.0.19041.1889)
Time: Thu Oct 20 09:40:57 2022 Coordinated Universal Time elapsed time: 0.018928 seconds (0d 0h 0m 0s)

---------------  T H R E A D  ---------------

Current thread (0x00000233738f7000):  JavaThread "Unknown thread" [_thread_in_vm, id=15832, stack(0x00000054f7e00000,0x00000054f7f00000)]

Stack: [0x00000054f7e00000,0x00000054f7f00000]
Native frames: (J=compiled Java code, j=interpreted, Vv=VM code, C=native code)
V  [jvm.dll+0x62a3ea]
V  [jvm.dll+0x76418f]
V  [jvm.dll+0x765839]
V  [jvm.dll+0x765ec3]
V  [jvm.dll+0x23da98]
V  [jvm.dll+0x62770a]
V  [jvm.dll+0x61c475]
V  [jvm.dll+0x2f2aac]
V  [jvm.dll+0x2f2932]
V  [jvm.dll+0x2f7656]
V  [jvm.dll+0x33a1cf]
V  [jvm.dll+0x339c00]
V  [jvm.dll+0x2d00c8]
V  [jvm.dll+0x2d1236]
V  [jvm.dll+0x73e757]
V  [jvm.dll+0x73ffef]
V  [jvm.dll+0x346ef9]
V  [jvm.dll+0x723f90]
V  [jvm.dll+0x3b5adf]
V  [jvm.dll+0x3b7bf1]
C  [jli.dll+0x5207]
C  [ucrtbase.dll+0x21bb2]
C  [KERNEL32.DLL+0x17034]
C  [ntdll.dll+0x526a1]


---------------  P R O C E S S  ---------------

Threads class SMR info:
_java_thread_list=0x0000023372052130, length=0, elements={
}

Java Threads: ( => current thread )

Other Threads:
  0x000002337390b800 GCTaskThread "GC Thread#0" [stack: 0x00000054f7f00000,0x00000054f8000000] [id=15840]
  0x000002337393c000 ConcurrentGCThread "G1 Main Marker" [stack: 0x00000054f8000000,0x00000054f8100000] [id=15792]
  0x000002337393e800 ConcurrentGCThread "G1 Conc#0" [stack: 0x00000054f8100000,0x00000054f8200000] [id=15824]

[error occurred during error reporting (printing all threads), id 0xc0000005, EXCEPTION_ACCESS_VIOLATION (0xc0000005) at pc=0x00007ff9fccaf357]

VM state:not at safepoint (not fully initialized)

VM Mutex/Monitor currently owned by a thread:  ([mutex/lock_event])
[0x00000233738f3990] Heap_lock - owner thread: 0x00000233738f7000

Heap address: 0x0000000080000000, size: 2048 MB, Compressed Oops mode: Non-zero based: 0x0000000080000000
Narrow klass base: 0x0000000000000000, Narrow klass shift: 0

GC Heap History (0 events):
No events

Deoptimization events (0 events):
No events

Classes redefined (0 events):
No events

Internal exceptions (0 events):
No events

Events (0 events):
No events


Dynamic libraries:
0x00007ff74d420000 - 0x00007ff74d42f000 	C:\Program Files\Java\jdk-11.0.16\bin\java.exe
0x00007ffa5ea10000 - 0x00007ffa5ec08000 	C:\Windows\SYSTEM32\ntdll.dll
0x00007ffa5e690000 - 0x00007ffa5e74d000 	C:\Windows\System32\KERNEL32.DLL
0x00007ffa5c580000 - 0x00007ffa5c852000 	C:\Windows\System32\KERNELBASE.dll
0x00007ffa5c860000 - 0x00007ffa5c960000 	C:\Windows\System32\ucrtbase.dll
0x00007ffa34df0000 - 0x00007ffa34e08000 	C:\Program Files\Java\jdk-11.0.16\bin\jli.dll
0x00007ffa34ae0000 - 0x00007ffa34af5000 	C:\Program Files\Java\jdk-11.0.16\bin\VCRUNTIME140.dll
0x00007ffa5e040000 - 0x00007ffa5e0ee000 	C:\Windows\System32\ADVAPI32.dll
0x00007ffa5e930000 - 0x00007ffa5e9ce000 	C:\Windows\System32\msvcrt.dll
0x00007ffa5dd80000 - 0x00007ffa5de1c000 	C:\Windows\System32\sechost.dll
0x00007ffa5df10000 - 0x00007ffa5e035000 	C:\Windows\System32\RPCRT4.dll
0x00007ffa5e240000 - 0x00007ffa5e3dd000 	C:\Windows\System32\USER32.dll
0x00007ffa5c440000 - 0x00007ffa5c462000 	C:\Windows\System32\win32u.dll
0x00007ffa5e3f0000 - 0x00007ffa5e41b000 	C:\Windows\System32\GDI32.dll
0x00007ffa5c470000 - 0x00007ffa5c57f000 	C:\Windows\System32\gdi32full.dll
0x00007ffa5c960000 - 0x00007ffa5c9fd000 	C:\Windows\System32\msvcp_win.dll
0x00007ffa454c0000 - 0x00007ffa4575a000 	C:\Windows\WinSxS\amd64_microsoft.windows.common-controls_6595b64144ccf1df_6.0.19041.1110_none_60b5254171f9507e\COMCTL32.dll
0x00007ffa542d0000 - 0x00007ffa542da000 	C:\Windows\SYSTEM32\VERSION.dll
0x00007ffa5ca70000 - 0x00007ffa5caa0000 	C:\Windows\System32\IMM32.DLL
0x00007ffa0af30000 - 0x00007ffa0afcb000 	C:\Program Files\Java\jdk-11.0.16\bin\msvcp140.dll
0x00007ff9fc9d0000 - 0x00007ff9fd4e8000 	C:\Program Files\Java\jdk-11.0.16\bin\server\jvm.dll
0x00007ffa5e3e0000 - 0x00007ffa5e3e8000 	C:\Windows\System32\PSAPI.DLL
0x00007ffa57980000 - 0x00007ffa57989000 	C:\Windows\SYSTEM32\WSOCK32.dll
0x00007ffa5de20000 - 0x00007ffa5de8b000 	C:\Windows\System32\WS2_32.dll
0x00007ffa3d750000 - 0x00007ffa3d777000 	C:\Windows\SYSTEM32\WINMM.dll
0x00007ffa59fc0000 - 0x00007ffa59fd2000 	C:\Windows\SYSTEM32\kernel.appcore.dll
0x00007ffa346f0000 - 0x00007ffa34700000 	C:\Program Files\Java\jdk-11.0.16\bin\verify.dll
0x00007ffa4acc0000 - 0x00007ffa4aea4000 	C:\Windows\SYSTEM32\DBGHELP.DLL
0x00007ffa4f070000 - 0x00007ffa4f09c000 	C:\Windows\SYSTEM32\dbgcore.DLL
0x00007ffa5c250000 - 0x00007ffa5c2d2000 	C:\Windows\System32\bcryptPrimitives.dll
0x00007ffa346c0000 - 0x00007ffa346e8000 	C:\Program Files\Java\jdk-11.0.16\bin\java.dll
0x00007ffa346b0000 - 0x00007ffa346ba000 	C:\Program Files\Java\jdk-11.0.16\bin\jimage.dll
0x00007ffa31ab0000 - 0x00007ffa31ac6000 	C:\Program Files\Java\jdk-11.0.16\bin\zip.dll

dbghelp: loaded successfully - version: 4.0.5 - missing functions: none
symbol engine: initialized successfully - sym options: 0x614 - pdb path: .;C:\Program Files\Java\jdk-11.0.16\bin;C:\Windows\SYSTEM32;C:\Windows\WinSxS\amd64_microsoft.windows.common-controls_6595b64144ccf1df_6.0.19041.1110_none_60b5254171f9507e;C:\Program Files\Java\jdk-11.0.16\bin\server

VM Arguments:
jvm_args: -Dclassworlds.conf=C:\Users\sfjbs\Downloads\micro service-20221001T123314Z-001\micro service\apache-maven-3.8.5-bin\apache-maven-3.8.5\bin\m2.conf -Dmaven.home=C:\Users\sfjbs\Downloads\micro service-20221001T123314Z-001\micro service\apache-maven-3.8.5-bin\apache-maven-3.8.5 -Dlibrary.jansi.path=C:\Users\sfjbs\Downloads\micro service-20221001T123314Z-001\micro service\apache-maven-3.8.5-bin\apache-maven-3.8.5\lib\jansi-native -Dmaven.multiModuleProjectDirectory=C:\Users\sfjbs\Downloads\training\Sagar\Day11\eureka-app\student-service 
java_command: org.codehaus.plexus.classworlds.launcher.Launcher spring-boot:run
java_class_path (initial): C:\Users\sfjbs\Downloads\micro service-20221001T123314Z-001\micro service\apache-maven-3.8.5-bin\apache-maven-3.8.5\boot\plexus-classworlds-2.6.0.jar
Launcher Type: SUN_STANDARD

[Global flags]
     intx CICompilerCount                          = 2                                         {product} {ergonomic}
     uint ConcGCThreads                            = 1                                         {product} {ergonomic}
     uint G1ConcRefinementThreads                  = 2                                         {product} {ergonomic}
   size_t G1HeapRegionSize                         = 1048576                                   {product} {ergonomic}
    uintx GCDrainStackTargetSize                   = 64                                        {product} {ergonomic}
   size_t InitialHeapSize                          = 134217728                                 {product} {ergonomic}
   size_t MarkStackSize                            = 4194304                                   {product} {ergonomic}
   size_t MaxHeapSize                              = 2147483648                                {product} {ergonomic}
   size_t MinHeapDeltaBytes                        = 1048576                                   {product} {ergonomic}
    uintx NonNMethodCodeHeapSize                   = 5825164                                {pd product} {ergonomic}
    uintx NonProfiledCodeHeapSize                  = 122916538                              {pd product} {ergonomic}
    uintx ProfiledCodeHeapSize                     = 122916538                              {pd product} {ergonomic}
    uintx ReservedCodeCacheSize                    = 251658240                              {pd product} {ergonomic}
     bool SegmentedCodeCache                       = true                                      {product} {ergonomic}
     bool UseCompressedClassPointers               = true                                 {lp64_product} {ergonomic}
     bool UseCompressedOops                        = true                                 {lp64_product} {ergonomic}
     bool UseG1GC                                  = true                                      {product} {ergonomic}
     bool UseLargePagesIndividualAllocation        = false                                  {pd product} {ergonomic}

Logging:
Log output configuration:
 #0: stdout all=warning uptime,level,tags
 #1: stderr all=off uptime,level,tags

Environment Variables:
PATH=C:\Program Files\Common Files\Oracle\Java\javapath;C:\Windows\system32;C:\Windows;C:\Windows\System32\Wbem;C:\Windows\System32\WindowsPowerShell\v1.0\;C:\Windows\System32\OpenSSH\;C:\Users\sfjbs\Downloads\micro service-20221001T123314Z-001\micro service\apache-maven-3.8.5-bin\apache-maven-3.8.5\bin;C:\Users\sfjbs\Downloads\micro service-20221001T123314Z-001\micro service\apache-maven-3.8.5-bin\apache-maven-3.8.5\lib;C:\Program Files\Docker\Docker\resources\bin;C:\ProgramData\DockerDesktop\version-bin;C:\Program Files\Git\cmd;C:\Users\sfjbs\AppData\Local\Microsoft\WindowsApps;C:\Users\sfjbs\Downloads\micro service-20221001T123314Z-001\micro service\apache-maven-3.8.5-bin\apache-maven-3.8.5\bin;C:\Users\sfjbs\Downloads\micro service-20221001T123314Z-001\micro service\apache-maven-3.8.5-bin\apache-maven-3.8.5\lib;;C:\Program Files\JetBrains\IntelliJ IDEA Community Edition 2022.2.1\bin;
USERNAME=sfjbs
OS=Windows_NT
PROCESSOR_IDENTIFIER=Intel64 Family 6 Model 85 Stepping 7, GenuineIntel



---------------  S Y S T E M  ---------------

OS: Windows 10 , 64 bit Build 19041 (10.0.19041.1889)
Hyper-V role detected

CPU:total 2 (initial active 2) (1 cores per cpu, 2 threads per core) family 6 model 85 stepping 7 microcode 0xffffffff, cmov, cx8, fxsr, mmx, sse, sse2, sse3, ssse3, sse4.1, sse4.2, popcnt, avx, avx2, aes, clmul, erms, rtm, 3dnowpref, lzcnt, ht, tsc, bmi1, bmi2, adx, evex, fma

Memory: 4k page, system-wide physical 8190M (293M free)
TotalPageFile size 10238M (AvailPageFile size 43M)
current process WorkingSet (physical memory assigned to process): 9M, peak: 9M
current process commit charge ("private bytes"): 47M, peak: 175M

vm_info: Java HotSpot(TM) 64-Bit Server VM (11.0.16+11-LTS-199) for windows-amd64 JRE (11.0.16+11-LTS-199), built on Jun 28 2022 08:23:17 by "mach5one" with MS VC++ 15.9 (VS2017)

END.
