#
# There is insufficient memory for the Java Runtime Environment to continue.
# Native memory allocation (malloc) failed to allocate 1358816 bytes for Chunk::new
# Possible reasons:
#   The system is out of physical RAM or swap space
#   The process is running with CompressedOops enabled, and the Java Heap may be blocking the growth of the native heap
# Possible solutions:
#   Reduce memory load on the system
#   Increase physical memory or swap space
#   Check if swap backing store is full
#   Decrease Java heap size (-Xmx/-Xms)
#   Decrease number of Java threads
#   Decrease Java thread stack sizes (-Xss)
#   Set larger code cache with -XX:ReservedCodeCacheSize=
#   JVM is running with Zero Based Compressed Oops mode in which the Java heap is
#     placed in the first 32GB address space. The Java Heap base address is the
#     maximum limit for the native heap growth. Please use -XX:HeapBaseMinAddress
#     to set the Java Heap base and to place the Java Heap above 32GB virtual address.
# This output file may be truncated or incomplete.
#
#  Out of Memory Error (./src/hotspot/share/memory/arena.cpp:197), pid=242344, tid=285648
#
# JRE version: OpenJDK Runtime Environment Corretto-11.0.17.8.1 (11.0.17+8) (build 11.0.17+8-LTS)
# Java VM: OpenJDK 64-Bit Server VM Corretto-11.0.17.8.1 (11.0.17+8-LTS, mixed mode, tiered, compressed oops, g1 gc, windows-amd64)
# No core dump will be written. Minidumps are not enabled by default on client versions of Windows
#

---------------  S U M M A R Y ------------

Command Line: -ea -Didea.test.cyclic.buffer.size=1048576 -javaagent:C:\Program Files\JetBrains\IntelliJ IDEA Community Edition 2022.2.1\lib\idea_rt.jar=57812:C:\Program Files\JetBrains\IntelliJ IDEA Community Edition 2022.2.1\bin -Dfile.encoding=UTF-8 com.intellij.rt.junit.JUnitStarter -ideVersion5 -junit4 com.practice.miniproject.PensionServiceTest,getPensionByIDTest

Host: Intel(R) Xeon(R) Platinum 8272CL CPU @ 2.60GHz, 4 cores, 15G,  Windows 10 , 64 bit Build 19041 (10.0.19041.1889)
Time: Sat Oct 29 12:49:46 2022 Coordinated Universal Time elapsed time: 8.256858 seconds (0d 0h 0m 8s)

---------------  T H R E A D  ---------------

Current thread (0x0000020ad4bfe800):  JavaThread "C2 CompilerThread1" daemon [_thread_in_native, id=285648, stack(0x0000002010f00000,0x0000002011000000)]


Current CompileTask:
C2:   8256 4128       4       jdk.internal.loader.BuiltinClassLoader::defineClass (121 bytes)

Stack: [0x0000002010f00000,0x0000002011000000]
Native frames: (J=compiled Java code, j=interpreted, Vv=VM code, C=native code)
V  [jvm.dll+0x61f66a]
V  [jvm.dll+0x7ac889]
V  [jvm.dll+0x7adf78]
V  [jvm.dll+0x7ae653]
V  [jvm.dll+0x24fbe8]
V  [jvm.dll+0xc262c]
V  [jvm.dll+0xc2bec]
V  [jvm.dll+0x2c1a64]
V  [jvm.dll+0x52e3cc]
V  [jvm.dll+0x21113b]
V  [jvm.dll+0x20aea4]
V  [jvm.dll+0x20806b]
V  [jvm.dll+0x18a3c1]
V  [jvm.dll+0x217894]
V  [jvm.dll+0x215adb]
V  [jvm.dll+0x76f380]
V  [jvm.dll+0x7682b4]
V  [jvm.dll+0x61e4d5]
C  [ucrtbase.dll+0x21bb2]
C  [KERNEL32.DLL+0x17034]
C  [ntdll.dll+0x526a1]


---------------  P R O C E S S  ---------------

Threads class SMR info:
_java_thread_list=0x0000020ad63fb8a0, length=15, elements={
0x0000020aac477000, 0x0000020ad01c4800, 0x0000020ad01c7800, 0x0000020ad01be800,
0x0000020ad01c2000, 0x0000020acf923800, 0x0000020acf925800, 0x0000020ad025f000,
0x0000020ad027f000, 0x0000020ad01b0800, 0x0000020ad0427800, 0x0000020ad4bfe800,
0x0000020ad28a8000, 0x0000020ad6204800, 0x0000020ad1630800
}

Java Threads: ( => current thread )
  0x0000020aac477000 JavaThread "main" [_thread_blocked, id=146832, stack(0x000000200fc00000,0x000000200fd00000)]
  0x0000020ad01c4800 JavaThread "Reference Handler" daemon [_thread_blocked, id=275092, stack(0x0000002010300000,0x0000002010400000)]
  0x0000020ad01c7800 JavaThread "Finalizer" daemon [_thread_blocked, id=324284, stack(0x0000002010400000,0x0000002010500000)]
  0x0000020ad01be800 JavaThread "Signal Dispatcher" daemon [_thread_blocked, id=326388, stack(0x0000002010600000,0x0000002010700000)]
  0x0000020ad01c2000 JavaThread "Attach Listener" daemon [_thread_blocked, id=314816, stack(0x0000002010700000,0x0000002010800000)]
  0x0000020acf923800 JavaThread "Service Thread" daemon [_thread_blocked, id=291408, stack(0x0000002010800000,0x0000002010900000)]
  0x0000020acf925800 JavaThread "C2 CompilerThread0" daemon [_thread_in_native, id=263368, stack(0x0000002010900000,0x0000002010a00000)]
  0x0000020ad025f000 JavaThread "C1 CompilerThread0" daemon [_thread_in_vm, id=315416, stack(0x0000002010a00000,0x0000002010b00000)]
  0x0000020ad027f000 JavaThread "Sweeper thread" daemon [_thread_blocked, id=316664, stack(0x0000002010b00000,0x0000002010c00000)]
  0x0000020ad01b0800 JavaThread "Common-Cleaner" daemon [_thread_blocked, id=275700, stack(0x0000002010c00000,0x0000002010d00000)]
  0x0000020ad0427800 JavaThread "Monitor Ctrl-Break" daemon [_thread_in_native, id=243640, stack(0x0000002010d00000,0x0000002010e00000)]
=>0x0000020ad4bfe800 JavaThread "C2 CompilerThread1" daemon [_thread_in_native, id=285648, stack(0x0000002010f00000,0x0000002011000000)]
  0x0000020ad28a8000 JavaThread "mysql-cj-abandoned-connection-cleanup" daemon [_thread_blocked, id=138712, stack(0x0000002011300000,0x0000002011400000)]
  0x0000020ad6204800 JavaThread "HikariPool-1 housekeeper" daemon [_thread_blocked, id=325200, stack(0x0000002011500000,0x0000002011600000)]
  0x0000020ad1630800 JavaThread "HikariPool-1 connection adder" daemon [_thread_in_vm, id=280000, stack(0x0000002011600000,0x0000002011700000)]

Other Threads:
  0x0000020ad01b1800 VMThread "VM Thread" [stack: 0x0000002010200000,0x0000002010300000] [id=339316]
  0x0000020ad042c000 WatcherThread [stack: 0x0000002010e00000,0x0000002010f00000] [id=278460]
  0x0000020aac48f800 GCTaskThread "GC Thread#0" [stack: 0x000000200fd00000,0x000000200fe00000] [id=316364]
  0x0000020ad0b45000 GCTaskThread "GC Thread#1" [stack: 0x0000002011000000,0x0000002011100000] [id=48956]
  0x0000020ad0e0d000 GCTaskThread "GC Thread#2" [stack: 0x0000002011100000,0x0000002011200000] [id=224804]
  0x0000020ad0db1800 GCTaskThread "GC Thread#3" [stack: 0x0000002011200000,0x0000002011300000] [id=284872]
  0x0000020aac4eb000 ConcurrentGCThread "G1 Main Marker" [stack: 0x000000200fe00000,0x000000200ff00000] [id=343924]
  0x0000020aac4ee800 ConcurrentGCThread "G1 Conc#0" [stack: 0x000000200ff00000,0x0000002010000000] [id=47068]
  0x0000020acf7da800 ConcurrentGCThread "G1 Refine#0" [stack: 0x0000002010000000,0x0000002010100000] [id=163884]
  0x0000020acf7dc800 ConcurrentGCThread "G1 Young RemSet Sampling" [stack: 0x0000002010100000,0x0000002010200000] [id=275196]

Threads with active compile tasks:
C2 CompilerThread0     8274 4143       4       java.lang.ClassLoader::defineClass (43 bytes)
C1 CompilerThread0     8274 4156       3       com.mysql.cj.conf.AbstractRuntimeProperty::initializeFrom (108 bytes)
C2 CompilerThread1     8274 4128       4       jdk.internal.loader.BuiltinClassLoader::defineClass (121 bytes)

VM state:not at safepoint (normal execution)

VM Mutex/Monitor currently owned by a thread: None

Heap address: 0x0000000700000000, size: 4096 MB, Compressed Oops mode: Zero based, Oop shift amount: 3
Narrow klass base: 0x0000000800000000, Narrow klass shift: 0
Compressed class space size: 1073741824 Address: 0x0000000800000000

Heap:
 garbage-first heap   total 315392K, used 32537K [0x0000000700000000, 0x0000000800000000)
  region size 1024K, 26 young (26624K), 11 survivors (11264K)
 Metaspace       used 51211K, capacity 52315K, committed 52608K, reserved 1095680K
  class space    used 6480K, capacity 6931K, committed 7040K, reserved 1048576K
Heap Regions: E=young(eden), S=young(survivor), O=old, HS=humongous(starts), HC=humongous(continues), CS=collection set, F=free, A=archive, TAMS=top-at-mark-start (previous, next)
|   0|0x0000000700000000, 0x0000000700100000, 0x0000000700100000|100%|HS|  |TAMS 0x0000000700100000, 0x0000000700000000| Complete 
|   1|0x0000000700100000, 0x0000000700200000, 0x0000000700200000|100%| O|  |TAMS 0x0000000700200000, 0x0000000700100000| Untracked 
|   2|0x0000000700200000, 0x0000000700300000, 0x0000000700300000|100%| O|  |TAMS 0x0000000700300000, 0x0000000700200000| Untracked 
|   3|0x0000000700300000, 0x0000000700400000, 0x0000000700400000|100%| O|  |TAMS 0x0000000700400000, 0x0000000700300000| Untracked 
|   4|0x0000000700400000, 0x0000000700500000, 0x0000000700500000|100%| O|  |TAMS 0x0000000700500000, 0x0000000700400000| Untracked 
|   5|0x0000000700500000, 0x0000000700600000, 0x0000000700600000|100%| O|  |TAMS 0x0000000700600000, 0x0000000700500000| Untracked 
|   6|0x0000000700600000, 0x0000000700700000, 0x0000000700700000|100%| O|  |TAMS 0x000000070064b400, 0x0000000700600000| Untracked 
|   7|0x0000000700700000, 0x0000000700770c00, 0x0000000700800000| 44%| O|  |TAMS 0x0000000700700000, 0x0000000700700000| Untracked 
|   8|0x0000000700800000, 0x0000000700800000, 0x0000000700900000|  0%| F|  |TAMS 0x0000000700800000, 0x0000000700800000| Untracked 
|   9|0x0000000700900000, 0x0000000700900000, 0x0000000700a00000|  0%| F|  |TAMS 0x0000000700900000, 0x0000000700900000| Untracked 
|  10|0x0000000700a00000, 0x0000000700a00000, 0x0000000700b00000|  0%| F|  |TAMS 0x0000000700a00000, 0x0000000700a00000| Untracked 
|  11|0x0000000700b00000, 0x0000000700b00000, 0x0000000700c00000|  0%| F|  |TAMS 0x0000000700b00000, 0x0000000700b00000| Untracked 
|  12|0x0000000700c00000, 0x0000000700c00000, 0x0000000700d00000|  0%| F|  |TAMS 0x0000000700c00000, 0x0000000700c00000| Untracked 
|  13|0x0000000700d00000, 0x0000000700d00000, 0x0000000700e00000|  0%| F|  |TAMS 0x0000000700d00000, 0x0000000700d00000| Untracked 
|  14|0x0000000700e00000, 0x0000000700e00000, 0x0000000700f00000|  0%| F|  |TAMS 0x0000000700e00000, 0x0000000700e00000| Untracked 
|  15|0x0000000700f00000, 0x0000000700f00000, 0x0000000701000000|  0%| F|  |TAMS 0x0000000700f00000, 0x0000000700f00000| Untracked 
|  16|0x0000000701000000, 0x0000000701000000, 0x0000000701100000|  0%| F|  |TAMS 0x0000000701000000, 0x0000000701000000| Untracked 
|  17|0x0000000701100000, 0x0000000701100000, 0x0000000701200000|  0%| F|  |TAMS 0x0000000701100000, 0x0000000701100000| Untracked 
|  18|0x0000000701200000, 0x0000000701200000, 0x0000000701300000|  0%| F|  |TAMS 0x0000000701200000, 0x0000000701200000| Untracked 
|  19|0x0000000701300000, 0x0000000701300000, 0x0000000701400000|  0%| F|  |TAMS 0x0000000701300000, 0x0000000701300000| Untracked 
|  20|0x0000000701400000, 0x0000000701400000, 0x0000000701500000|  0%| F|  |TAMS 0x0000000701400000, 0x0000000701400000| Untracked 
|  21|0x0000000701500000, 0x0000000701500000, 0x0000000701600000|  0%| F|  |TAMS 0x0000000701500000, 0x0000000701500000| Untracked 
|  22|0x0000000701600000, 0x0000000701600000, 0x0000000701700000|  0%| F|  |TAMS 0x0000000701600000, 0x0000000701600000| Untracked 
|  23|0x0000000701700000, 0x0000000701700000, 0x0000000701800000|  0%| F|  |TAMS 0x0000000701700000, 0x0000000701700000| Untracked 
|  24|0x0000000701800000, 0x0000000701800000, 0x0000000701900000|  0%| F|  |TAMS 0x0000000701800000, 0x0000000701800000| Untracked 
|  25|0x0000000701900000, 0x0000000701900000, 0x0000000701a00000|  0%| F|  |TAMS 0x0000000701900000, 0x0000000701900000| Untracked 
|  26|0x0000000701a00000, 0x0000000701a00000, 0x0000000701b00000|  0%| F|  |TAMS 0x0000000701a00000, 0x0000000701a00000| Untracked 
|  27|0x0000000701b00000, 0x0000000701b00000, 0x0000000701c00000|  0%| F|  |TAMS 0x0000000701b00000, 0x0000000701b00000| Untracked 
|  28|0x0000000701c00000, 0x0000000701c00000, 0x0000000701d00000|  0%| F|  |TAMS 0x0000000701c00000, 0x0000000701c00000| Untracked 
|  29|0x0000000701d00000, 0x0000000701d00000, 0x0000000701e00000|  0%| F|  |TAMS 0x0000000701d00000, 0x0000000701d00000| Untracked 
|  30|0x0000000701e00000, 0x0000000701e00000, 0x0000000701f00000|  0%| F|  |TAMS 0x0000000701e00000, 0x0000000701e00000| Untracked 
|  31|0x0000000701f00000, 0x0000000701f00000, 0x0000000702000000|  0%| F|  |TAMS 0x0000000701f00000, 0x0000000701f00000| Untracked 
|  32|0x0000000702000000, 0x0000000702000000, 0x0000000702100000|  0%| F|  |TAMS 0x0000000702000000, 0x0000000702000000| Untracked 
|  33|0x0000000702100000, 0x0000000702100000, 0x0000000702200000|  0%| F|  |TAMS 0x0000000702100000, 0x0000000702100000| Untracked 
|  34|0x0000000702200000, 0x0000000702200000, 0x0000000702300000|  0%| F|  |TAMS 0x0000000702200000, 0x0000000702200000| Untracked 
|  35|0x0000000702300000, 0x0000000702300000, 0x0000000702400000|  0%| F|  |TAMS 0x0000000702300000, 0x0000000702300000| Untracked 
|  36|0x0000000702400000, 0x0000000702400000, 0x0000000702500000|  0%| F|  |TAMS 0x0000000702400000, 0x0000000702400000| Untracked 
|  37|0x0000000702500000, 0x0000000702500000, 0x0000000702600000|  0%| F|  |TAMS 0x0000000702500000, 0x0000000702500000| Untracked 
|  38|0x0000000702600000, 0x0000000702600000, 0x0000000702700000|  0%| F|  |TAMS 0x0000000702600000, 0x0000000702600000| Untracked 
|  39|0x0000000702700000, 0x0000000702700000, 0x0000000702800000|  0%| F|  |TAMS 0x0000000702700000, 0x0000000702700000| Untracked 
|  40|0x0000000702800000, 0x0000000702800000, 0x0000000702900000|  0%| F|  |TAMS 0x0000000702800000, 0x0000000702800000| Untracked 
|  41|0x0000000702900000, 0x0000000702900000, 0x0000000702a00000|  0%| F|  |TAMS 0x0000000702900000, 0x0000000702900000| Untracked 
|  42|0x0000000702a00000, 0x0000000702a00000, 0x0000000702b00000|  0%| F|  |TAMS 0x0000000702a00000, 0x0000000702a00000| Untracked 
|  43|0x0000000702b00000, 0x0000000702b00000, 0x0000000702c00000|  0%| F|  |TAMS 0x0000000702b00000, 0x0000000702b00000| Untracked 
|  44|0x0000000702c00000, 0x0000000702c00000, 0x0000000702d00000|  0%| F|  |TAMS 0x0000000702c00000, 0x0000000702c00000| Untracked 
|  45|0x0000000702d00000, 0x0000000702d00000, 0x0000000702e00000|  0%| F|  |TAMS 0x0000000702d00000, 0x0000000702d00000| Untracked 
|  46|0x0000000702e00000, 0x0000000702e00000, 0x0000000702f00000|  0%| F|  |TAMS 0x0000000702e00000, 0x0000000702e00000| Untracked 
|  47|0x0000000702f00000, 0x0000000702f00000, 0x0000000703000000|  0%| F|  |TAMS 0x0000000702f00000, 0x0000000702f00000| Untracked 
|  48|0x0000000703000000, 0x0000000703000000, 0x0000000703100000|  0%| F|  |TAMS 0x0000000703000000, 0x0000000703000000| Untracked 
|  49|0x0000000703100000, 0x0000000703100000, 0x0000000703200000|  0%| F|  |TAMS 0x0000000703100000, 0x0000000703100000| Untracked 
|  50|0x0000000703200000, 0x0000000703200000, 0x0000000703300000|  0%| F|  |TAMS 0x0000000703200000, 0x0000000703200000| Untracked 
|  51|0x0000000703300000, 0x0000000703300000, 0x0000000703400000|  0%| F|  |TAMS 0x0000000703300000, 0x0000000703300000| Untracked 
|  52|0x0000000703400000, 0x0000000703400000, 0x0000000703500000|  0%| F|  |TAMS 0x0000000703400000, 0x0000000703400000| Untracked 
|  53|0x0000000703500000, 0x0000000703500000, 0x0000000703600000|  0%| F|  |TAMS 0x0000000703500000, 0x0000000703500000| Untracked 
|  54|0x0000000703600000, 0x0000000703600000, 0x0000000703700000|  0%| F|  |TAMS 0x0000000703600000, 0x0000000703600000| Untracked 
|  55|0x0000000703700000, 0x0000000703700000, 0x0000000703800000|  0%| F|  |TAMS 0x0000000703700000, 0x0000000703700000| Untracked 
|  56|0x0000000703800000, 0x0000000703800000, 0x0000000703900000|  0%| F|  |TAMS 0x0000000703800000, 0x0000000703800000| Untracked 
|  57|0x0000000703900000, 0x0000000703900000, 0x0000000703a00000|  0%| F|  |TAMS 0x0000000703900000, 0x0000000703900000| Untracked 
|  58|0x0000000703a00000, 0x0000000703a00000, 0x0000000703b00000|  0%| F|  |TAMS 0x0000000703a00000, 0x0000000703a00000| Untracked 
|  59|0x0000000703b00000, 0x0000000703b00000, 0x0000000703c00000|  0%| F|  |TAMS 0x0000000703b00000, 0x0000000703b00000| Untracked 
|  60|0x0000000703c00000, 0x0000000703c00000, 0x0000000703d00000|  0%| F|  |TAMS 0x0000000703c00000, 0x0000000703c00000| Untracked 
|  61|0x0000000703d00000, 0x0000000703d00000, 0x0000000703e00000|  0%| F|  |TAMS 0x0000000703d00000, 0x0000000703d00000| Untracked 
|  62|0x0000000703e00000, 0x0000000703e00000, 0x0000000703f00000|  0%| F|  |TAMS 0x0000000703e00000, 0x0000000703e00000| Untracked 
|  63|0x0000000703f00000, 0x0000000703f00000, 0x0000000704000000|  0%| F|  |TAMS 0x0000000703f00000, 0x0000000703f00000| Untracked 
|  64|0x0000000704000000, 0x0000000704000000, 0x0000000704100000|  0%| F|  |TAMS 0x0000000704000000, 0x0000000704000000| Untracked 
|  65|0x0000000704100000, 0x0000000704100000, 0x0000000704200000|  0%| F|  |TAMS 0x0000000704100000, 0x0000000704100000| Untracked 
|  66|0x0000000704200000, 0x0000000704200000, 0x0000000704300000|  0%| F|  |TAMS 0x0000000704200000, 0x0000000704200000| Untracked 
|  67|0x0000000704300000, 0x0000000704300000, 0x0000000704400000|  0%| F|  |TAMS 0x0000000704300000, 0x0000000704300000| Untracked 
|  68|0x0000000704400000, 0x0000000704400000, 0x0000000704500000|  0%| F|  |TAMS 0x0000000704400000, 0x0000000704400000| Untracked 
|  69|0x0000000704500000, 0x0000000704500000, 0x0000000704600000|  0%| F|  |TAMS 0x0000000704500000, 0x0000000704500000| Untracked 
|  70|0x0000000704600000, 0x0000000704600000, 0x0000000704700000|  0%| F|  |TAMS 0x0000000704600000, 0x0000000704600000| Untracked 
|  71|0x0000000704700000, 0x0000000704700000, 0x0000000704800000|  0%| F|  |TAMS 0x0000000704700000, 0x0000000704700000| Untracked 
|  72|0x0000000704800000, 0x0000000704800000, 0x0000000704900000|  0%| F|  |TAMS 0x0000000704800000, 0x0000000704800000| Untracked 
|  73|0x0000000704900000, 0x0000000704900000, 0x0000000704a00000|  0%| F|  |TAMS 0x0000000704900000, 0x0000000704900000| Untracked 
|  74|0x0000000704a00000, 0x0000000704a00000, 0x0000000704b00000|  0%| F|  |TAMS 0x0000000704a00000, 0x0000000704a00000| Untracked 
|  75|0x0000000704b00000, 0x0000000704b00000, 0x0000000704c00000|  0%| F|  |TAMS 0x0000000704b00000, 0x0000000704b00000| Untracked 
|  76|0x0000000704c00000, 0x0000000704c00000, 0x0000000704d00000|  0%| F|  |TAMS 0x0000000704c00000, 0x0000000704c00000| Untracked 
|  77|0x0000000704d00000, 0x0000000704d00000, 0x0000000704e00000|  0%| F|  |TAMS 0x0000000704d00000, 0x0000000704d00000| Untracked 
|  78|0x0000000704e00000, 0x0000000704e00000, 0x0000000704f00000|  0%| F|  |TAMS 0x0000000704e00000, 0x0000000704e00000| Untracked 
|  79|0x0000000704f00000, 0x0000000704f00000, 0x0000000705000000|  0%| F|  |TAMS 0x0000000704f00000, 0x0000000704f00000| Untracked 
|  80|0x0000000705000000, 0x0000000705000000, 0x0000000705100000|  0%| F|  |TAMS 0x0000000705000000, 0x0000000705000000| Untracked 
|  81|0x0000000705100000, 0x0000000705100000, 0x0000000705200000|  0%| F|  |TAMS 0x0000000705100000, 0x0000000705100000| Untracked 
|  82|0x0000000705200000, 0x0000000705200000, 0x0000000705300000|  0%| F|  |TAMS 0x0000000705200000, 0x0000000705200000| Untracked 
|  83|0x0000000705300000, 0x0000000705300000, 0x0000000705400000|  0%| F|  |TAMS 0x0000000705300000, 0x0000000705300000| Untracked 
|  84|0x0000000705400000, 0x0000000705400000, 0x0000000705500000|  0%| F|  |TAMS 0x0000000705400000, 0x0000000705400000| Untracked 
|  85|0x0000000705500000, 0x0000000705500000, 0x0000000705600000|  0%| F|  |TAMS 0x0000000705500000, 0x0000000705500000| Untracked 
|  86|0x0000000705600000, 0x0000000705600000, 0x0000000705700000|  0%| F|  |TAMS 0x0000000705600000, 0x0000000705600000| Untracked 
|  87|0x0000000705700000, 0x0000000705700000, 0x0000000705800000|  0%| F|  |TAMS 0x0000000705700000, 0x0000000705700000| Untracked 
|  88|0x0000000705800000, 0x0000000705800000, 0x0000000705900000|  0%| F|  |TAMS 0x0000000705800000, 0x0000000705800000| Untracked 
|  89|0x0000000705900000, 0x0000000705900000, 0x0000000705a00000|  0%| F|  |TAMS 0x0000000705900000, 0x0000000705900000| Untracked 
|  90|0x0000000705a00000, 0x0000000705a00000, 0x0000000705b00000|  0%| F|  |TAMS 0x0000000705a00000, 0x0000000705a00000| Untracked 
|  91|0x0000000705b00000, 0x0000000705b00000, 0x0000000705c00000|  0%| F|  |TAMS 0x0000000705b00000, 0x0000000705b00000| Untracked 
|  92|0x0000000705c00000, 0x0000000705c00000, 0x0000000705d00000|  0%| F|  |TAMS 0x0000000705c00000, 0x0000000705c00000| Untracked 
|  93|0x0000000705d00000, 0x0000000705d00000, 0x0000000705e00000|  0%| F|  |TAMS 0x0000000705d00000, 0x0000000705d00000| Untracked 
|  94|0x0000000705e00000, 0x0000000705e00000, 0x0000000705f00000|  0%| F|  |TAMS 0x0000000705e00000, 0x0000000705e00000| Untracked 
|  95|0x0000000705f00000, 0x0000000705f00000, 0x0000000706000000|  0%| F|  |TAMS 0x0000000705f00000, 0x0000000705f00000| Untracked 
|  96|0x0000000706000000, 0x0000000706000000, 0x0000000706100000|  0%| F|  |TAMS 0x0000000706000000, 0x0000000706000000| Untracked 
|  97|0x0000000706100000, 0x0000000706100000, 0x0000000706200000|  0%| F|  |TAMS 0x0000000706100000, 0x0000000706100000| Untracked 
|  98|0x0000000706200000, 0x0000000706200000, 0x0000000706300000|  0%| F|  |TAMS 0x0000000706200000, 0x0000000706200000| Untracked 
|  99|0x0000000706300000, 0x0000000706300000, 0x0000000706400000|  0%| F|  |TAMS 0x0000000706300000, 0x0000000706300000| Untracked 
| 100|0x0000000706400000, 0x0000000706400000, 0x0000000706500000|  0%| F|  |TAMS 0x0000000706400000, 0x0000000706400000| Untracked 
| 101|0x0000000706500000, 0x0000000706500000, 0x0000000706600000|  0%| F|  |TAMS 0x0000000706500000, 0x0000000706500000| Untracked 
| 102|0x0000000706600000, 0x0000000706600000, 0x0000000706700000|  0%| F|  |TAMS 0x0000000706600000, 0x0000000706600000| Untracked 
| 103|0x0000000706700000, 0x0000000706700000, 0x0000000706800000|  0%| F|  |TAMS 0x0000000706700000, 0x0000000706700000| Untracked 
| 104|0x0000000706800000, 0x0000000706800000, 0x0000000706900000|  0%| F|  |TAMS 0x0000000706800000, 0x0000000706800000| Untracked 
| 105|0x0000000706900000, 0x0000000706900000, 0x0000000706a00000|  0%| F|  |TAMS 0x0000000706900000, 0x0000000706900000| Untracked 
| 106|0x0000000706a00000, 0x0000000706a00000, 0x0000000706b00000|  0%| F|  |TAMS 0x0000000706a00000, 0x0000000706a00000| Untracked 
| 107|0x0000000706b00000, 0x0000000706b00000, 0x0000000706c00000|  0%| F|  |TAMS 0x0000000706b00000, 0x0000000706b00000| Untracked 
| 108|0x0000000706c00000, 0x0000000706c00000, 0x0000000706d00000|  0%| F|  |TAMS 0x0000000706c00000, 0x0000000706c00000| Untracked 
| 109|0x0000000706d00000, 0x0000000706d00000, 0x0000000706e00000|  0%| F|  |TAMS 0x0000000706d00000, 0x0000000706d00000| Untracked 
| 110|0x0000000706e00000, 0x0000000706e00000, 0x0000000706f00000|  0%| F|  |TAMS 0x0000000706e00000, 0x0000000706e00000| Untracked 
| 111|0x0000000706f00000, 0x0000000706f00000, 0x0000000707000000|  0%| F|  |TAMS 0x0000000706f00000, 0x0000000706f00000| Untracked 
| 112|0x0000000707000000, 0x0000000707000000, 0x0000000707100000|  0%| F|  |TAMS 0x0000000707000000, 0x0000000707000000| Untracked 
| 113|0x0000000707100000, 0x0000000707100000, 0x0000000707200000|  0%| F|  |TAMS 0x0000000707100000, 0x0000000707100000| Untracked 
| 114|0x0000000707200000, 0x0000000707200000, 0x0000000707300000|  0%| F|  |TAMS 0x0000000707200000, 0x0000000707200000| Untracked 
| 115|0x0000000707300000, 0x0000000707300000, 0x0000000707400000|  0%| F|  |TAMS 0x0000000707300000, 0x0000000707300000| Untracked 
| 116|0x0000000707400000, 0x0000000707400000, 0x0000000707500000|  0%| F|  |TAMS 0x0000000707400000, 0x0000000707400000| Untracked 
| 117|0x0000000707500000, 0x0000000707500000, 0x0000000707600000|  0%| F|  |TAMS 0x0000000707500000, 0x0000000707500000| Untracked 
| 118|0x0000000707600000, 0x0000000707600000, 0x0000000707700000|  0%| F|  |TAMS 0x0000000707600000, 0x0000000707600000| Untracked 
| 119|0x0000000707700000, 0x0000000707700000, 0x0000000707800000|  0%| F|  |TAMS 0x0000000707700000, 0x0000000707700000| Untracked 
| 120|0x0000000707800000, 0x0000000707800000, 0x0000000707900000|  0%| F|  |TAMS 0x0000000707800000, 0x0000000707800000| Untracked 
| 121|0x0000000707900000, 0x0000000707900000, 0x0000000707a00000|  0%| F|  |TAMS 0x0000000707900000, 0x0000000707900000| Untracked 
| 122|0x0000000707a00000, 0x0000000707a00000, 0x0000000707b00000|  0%| F|  |TAMS 0x0000000707a00000, 0x0000000707a00000| Untracked 
| 123|0x0000000707b00000, 0x0000000707b00000, 0x0000000707c00000|  0%| F|  |TAMS 0x0000000707b00000, 0x0000000707b00000| Untracked 
| 124|0x0000000707c00000, 0x0000000707c00000, 0x0000000707d00000|  0%| F|  |TAMS 0x0000000707c00000, 0x0000000707c00000| Untracked 
| 125|0x0000000707d00000, 0x0000000707d00000, 0x0000000707e00000|  0%| F|  |TAMS 0x0000000707d00000, 0x0000000707d00000| Untracked 
| 126|0x0000000707e00000, 0x0000000707e00000, 0x0000000707f00000|  0%| F|  |TAMS 0x0000000707e00000, 0x0000000707e00000| Untracked 
| 127|0x0000000707f00000, 0x0000000707f00000, 0x0000000708000000|  0%| F|  |TAMS 0x0000000707f00000, 0x0000000707f00000| Untracked 
| 128|0x0000000708000000, 0x0000000708000000, 0x0000000708100000|  0%| F|  |TAMS 0x0000000708000000, 0x0000000708000000| Untracked 
| 129|0x0000000708100000, 0x0000000708100000, 0x0000000708200000|  0%| F|  |TAMS 0x0000000708100000, 0x0000000708100000| Untracked 
| 130|0x0000000708200000, 0x0000000708200000, 0x0000000708300000|  0%| F|  |TAMS 0x0000000708200000, 0x0000000708200000| Untracked 
| 131|0x0000000708300000, 0x0000000708300000, 0x0000000708400000|  0%| F|  |TAMS 0x0000000708300000, 0x0000000708300000| Untracked 
| 132|0x0000000708400000, 0x0000000708400000, 0x0000000708500000|  0%| F|  |TAMS 0x0000000708400000, 0x0000000708400000| Untracked 
| 133|0x0000000708500000, 0x0000000708500000, 0x0000000708600000|  0%| F|  |TAMS 0x0000000708500000, 0x0000000708500000| Untracked 
| 134|0x0000000708600000, 0x0000000708600000, 0x0000000708700000|  0%| F|  |TAMS 0x0000000708600000, 0x0000000708600000| Untracked 
| 135|0x0000000708700000, 0x0000000708700000, 0x0000000708800000|  0%| F|  |TAMS 0x0000000708700000, 0x0000000708700000| Untracked 
| 136|0x0000000708800000, 0x0000000708800000, 0x0000000708900000|  0%| F|  |TAMS 0x0000000708800000, 0x0000000708800000| Untracked 
| 137|0x0000000708900000, 0x0000000708900000, 0x0000000708a00000|  0%| F|  |TAMS 0x0000000708900000, 0x0000000708900000| Untracked 
| 138|0x0000000708a00000, 0x0000000708a00000, 0x0000000708b00000|  0%| F|  |TAMS 0x0000000708a00000, 0x0000000708a00000| Untracked 
| 139|0x0000000708b00000, 0x0000000708b00000, 0x0000000708c00000|  0%| F|  |TAMS 0x0000000708b00000, 0x0000000708b00000| Untracked 
| 140|0x0000000708c00000, 0x0000000708c00000, 0x0000000708d00000|  0%| F|  |TAMS 0x0000000708c00000, 0x0000000708c00000| Untracked 
| 141|0x0000000708d00000, 0x0000000708d00000, 0x0000000708e00000|  0%| F|  |TAMS 0x0000000708d00000, 0x0000000708d00000| Untracked 
| 142|0x0000000708e00000, 0x0000000708e00000, 0x0000000708f00000|  0%| F|  |TAMS 0x0000000708e00000, 0x0000000708e00000| Untracked 
| 143|0x0000000708f00000, 0x0000000708f00000, 0x0000000709000000|  0%| F|  |TAMS 0x0000000708f00000, 0x0000000708f00000| Untracked 
| 144|0x0000000709000000, 0x0000000709000000, 0x0000000709100000|  0%| F|  |TAMS 0x0000000709000000, 0x0000000709000000| Untracked 
| 145|0x0000000709100000, 0x0000000709100000, 0x0000000709200000|  0%| F|  |TAMS 0x0000000709100000, 0x0000000709100000| Untracked 
| 146|0x0000000709200000, 0x0000000709200000, 0x0000000709300000|  0%| F|  |TAMS 0x0000000709200000, 0x0000000709200000| Untracked 
| 147|0x0000000709300000, 0x0000000709300000, 0x0000000709400000|  0%| F|  |TAMS 0x0000000709300000, 0x0000000709300000| Untracked 
| 148|0x0000000709400000, 0x0000000709400000, 0x0000000709500000|  0%| F|  |TAMS 0x0000000709400000, 0x0000000709400000| Untracked 
| 149|0x0000000709500000, 0x0000000709500000, 0x0000000709600000|  0%| F|  |TAMS 0x0000000709500000, 0x0000000709500000| Untracked 
| 150|0x0000000709600000, 0x0000000709600000, 0x0000000709700000|  0%| F|  |TAMS 0x0000000709600000, 0x0000000709600000| Untracked 
| 151|0x0000000709700000, 0x0000000709700000, 0x0000000709800000|  0%| F|  |TAMS 0x0000000709700000, 0x0000000709700000| Untracked 
| 152|0x0000000709800000, 0x0000000709800000, 0x0000000709900000|  0%| F|  |TAMS 0x0000000709800000, 0x0000000709800000| Untracked 
| 153|0x0000000709900000, 0x0000000709900000, 0x0000000709a00000|  0%| F|  |TAMS 0x0000000709900000, 0x0000000709900000| Untracked 
| 154|0x0000000709a00000, 0x0000000709a00000, 0x0000000709b00000|  0%| F|  |TAMS 0x0000000709a00000, 0x0000000709a00000| Untracked 
| 155|0x0000000709b00000, 0x0000000709b00000, 0x0000000709c00000|  0%| F|  |TAMS 0x0000000709b00000, 0x0000000709b00000| Untracked 
| 156|0x0000000709c00000, 0x0000000709c00000, 0x0000000709d00000|  0%| F|  |TAMS 0x0000000709c00000, 0x0000000709c00000| Untracked 
| 157|0x0000000709d00000, 0x0000000709d00000, 0x0000000709e00000|  0%| F|  |TAMS 0x0000000709d00000, 0x0000000709d00000| Untracked 
| 158|0x0000000709e00000, 0x0000000709e00000, 0x0000000709f00000|  0%| F|  |TAMS 0x0000000709e00000, 0x0000000709e00000| Untracked 
| 159|0x0000000709f00000, 0x0000000709f00000, 0x000000070a000000|  0%| F|  |TAMS 0x0000000709f00000, 0x0000000709f00000| Untracked 
| 160|0x000000070a000000, 0x000000070a000000, 0x000000070a100000|  0%| F|  |TAMS 0x000000070a000000, 0x000000070a000000| Untracked 
| 161|0x000000070a100000, 0x000000070a100000, 0x000000070a200000|  0%| F|  |TAMS 0x000000070a100000, 0x000000070a100000| Untracked 
| 162|0x000000070a200000, 0x000000070a200000, 0x000000070a300000|  0%| F|  |TAMS 0x000000070a200000, 0x000000070a200000| Untracked 
| 163|0x000000070a300000, 0x000000070a300000, 0x000000070a400000|  0%| F|  |TAMS 0x000000070a300000, 0x000000070a300000| Untracked 
| 164|0x000000070a400000, 0x000000070a400000, 0x000000070a500000|  0%| F|  |TAMS 0x000000070a400000, 0x000000070a400000| Untracked 
| 165|0x000000070a500000, 0x000000070a500000, 0x000000070a600000|  0%| F|  |TAMS 0x000000070a500000, 0x000000070a500000| Untracked 
| 166|0x000000070a600000, 0x000000070a600000, 0x000000070a700000|  0%| F|  |TAMS 0x000000070a600000, 0x000000070a600000| Untracked 
| 167|0x000000070a700000, 0x000000070a700000, 0x000000070a800000|  0%| F|  |TAMS 0x000000070a700000, 0x000000070a700000| Untracked 
| 168|0x000000070a800000, 0x000000070a800000, 0x000000070a900000|  0%| F|  |TAMS 0x000000070a800000, 0x000000070a800000| Untracked 
| 169|0x000000070a900000, 0x000000070a900000, 0x000000070aa00000|  0%| F|  |TAMS 0x000000070a900000, 0x000000070a900000| Untracked 
| 170|0x000000070aa00000, 0x000000070aa00000, 0x000000070ab00000|  0%| F|  |TAMS 0x000000070aa00000, 0x000000070aa00000| Untracked 
| 171|0x000000070ab00000, 0x000000070ab00000, 0x000000070ac00000|  0%| F|  |TAMS 0x000000070ab00000, 0x000000070ab00000| Untracked 
| 172|0x000000070ac00000, 0x000000070ac00000, 0x000000070ad00000|  0%| F|  |TAMS 0x000000070ac00000, 0x000000070ac00000| Untracked 
| 173|0x000000070ad00000, 0x000000070ad00000, 0x000000070ae00000|  0%| F|  |TAMS 0x000000070ad00000, 0x000000070ad00000| Untracked 
| 174|0x000000070ae00000, 0x000000070ae00000, 0x000000070af00000|  0%| F|  |TAMS 0x000000070ae00000, 0x000000070ae00000| Untracked 
| 175|0x000000070af00000, 0x000000070af00000, 0x000000070b000000|  0%| F|  |TAMS 0x000000070af00000, 0x000000070af00000| Untracked 
| 176|0x000000070b000000, 0x000000070b000000, 0x000000070b100000|  0%| F|  |TAMS 0x000000070b000000, 0x000000070b000000| Untracked 
| 177|0x000000070b100000, 0x000000070b100000, 0x000000070b200000|  0%| F|  |TAMS 0x000000070b100000, 0x000000070b100000| Untracked 
| 178|0x000000070b200000, 0x000000070b200000, 0x000000070b300000|  0%| F|  |TAMS 0x000000070b200000, 0x000000070b200000| Untracked 
| 179|0x000000070b300000, 0x000000070b300000, 0x000000070b400000|  0%| F|  |TAMS 0x000000070b300000, 0x000000070b300000| Untracked 
| 180|0x000000070b400000, 0x000000070b400000, 0x000000070b500000|  0%| F|  |TAMS 0x000000070b400000, 0x000000070b400000| Untracked 
| 181|0x000000070b500000, 0x000000070b500000, 0x000000070b600000|  0%| F|  |TAMS 0x000000070b500000, 0x000000070b500000| Untracked 
| 182|0x000000070b600000, 0x000000070b600000, 0x000000070b700000|  0%| F|  |TAMS 0x000000070b600000, 0x000000070b600000| Untracked 
| 183|0x000000070b700000, 0x000000070b700000, 0x000000070b800000|  0%| F|  |TAMS 0x000000070b700000, 0x000000070b700000| Untracked 
| 184|0x000000070b800000, 0x000000070b800000, 0x000000070b900000|  0%| F|  |TAMS 0x000000070b800000, 0x000000070b800000| Untracked 
| 185|0x000000070b900000, 0x000000070b900000, 0x000000070ba00000|  0%| F|  |TAMS 0x000000070b900000, 0x000000070b900000| Untracked 
| 186|0x000000070ba00000, 0x000000070ba00000, 0x000000070bb00000|  0%| F|  |TAMS 0x000000070ba00000, 0x000000070ba00000| Untracked 
| 187|0x000000070bb00000, 0x000000070bb00000, 0x000000070bc00000|  0%| F|  |TAMS 0x000000070bb00000, 0x000000070bb00000| Untracked 
| 188|0x000000070bc00000, 0x000000070bc00000, 0x000000070bd00000|  0%| F|  |TAMS 0x000000070bc00000, 0x000000070bc00000| Untracked 
| 189|0x000000070bd00000, 0x000000070bd00000, 0x000000070be00000|  0%| F|  |TAMS 0x000000070bd00000, 0x000000070bd00000| Untracked 
| 190|0x000000070be00000, 0x000000070be00000, 0x000000070bf00000|  0%| F|  |TAMS 0x000000070be00000, 0x000000070be00000| Untracked 
| 191|0x000000070bf00000, 0x000000070bf00000, 0x000000070c000000|  0%| F|  |TAMS 0x000000070bf00000, 0x000000070bf00000| Untracked 
| 192|0x000000070c000000, 0x000000070c000000, 0x000000070c100000|  0%| F|  |TAMS 0x000000070c000000, 0x000000070c000000| Untracked 
| 193|0x000000070c100000, 0x000000070c100000, 0x000000070c200000|  0%| F|  |TAMS 0x000000070c100000, 0x000000070c100000| Untracked 
| 194|0x000000070c200000, 0x000000070c200000, 0x000000070c300000|  0%| F|  |TAMS 0x000000070c200000, 0x000000070c200000| Untracked 
| 195|0x000000070c300000, 0x000000070c355a58, 0x000000070c400000| 33%| S|CS|TAMS 0x000000070c300000, 0x000000070c300000| Complete 
| 196|0x000000070c400000, 0x000000070c500000, 0x000000070c500000|100%| S|CS|TAMS 0x000000070c400000, 0x000000070c400000| Complete 
| 197|0x000000070c500000, 0x000000070c600000, 0x000000070c600000|100%| S|CS|TAMS 0x000000070c500000, 0x000000070c500000| Complete 
| 198|0x000000070c600000, 0x000000070c700000, 0x000000070c700000|100%| S|CS|TAMS 0x000000070c600000, 0x000000070c600000| Complete 
| 199|0x000000070c700000, 0x000000070c800000, 0x000000070c800000|100%| S|CS|TAMS 0x000000070c700000, 0x000000070c700000| Complete 
| 200|0x000000070c800000, 0x000000070c900000, 0x000000070c900000|100%| S|CS|TAMS 0x000000070c800000, 0x000000070c800000| Complete 
| 201|0x000000070c900000, 0x000000070ca00000, 0x000000070ca00000|100%| S|CS|TAMS 0x000000070c900000, 0x000000070c900000| Complete 
| 202|0x000000070ca00000, 0x000000070cb00000, 0x000000070cb00000|100%| S|CS|TAMS 0x000000070ca00000, 0x000000070ca00000| Complete 
| 203|0x000000070cb00000, 0x000000070cc00000, 0x000000070cc00000|100%| S|CS|TAMS 0x000000070cb00000, 0x000000070cb00000| Complete 
| 204|0x000000070cc00000, 0x000000070cd00000, 0x000000070cd00000|100%| S|CS|TAMS 0x000000070cc00000, 0x000000070cc00000| Complete 
| 205|0x000000070cd00000, 0x000000070ce00000, 0x000000070ce00000|100%| S|CS|TAMS 0x000000070cd00000, 0x000000070cd00000| Complete 
| 206|0x000000070ce00000, 0x000000070ce00000, 0x000000070cf00000|  0%| F|  |TAMS 0x000000070ce00000, 0x000000070ce00000| Untracked 
| 207|0x000000070cf00000, 0x000000070cf00000, 0x000000070d000000|  0%| F|  |TAMS 0x000000070cf00000, 0x000000070cf00000| Untracked 
| 208|0x000000070d000000, 0x000000070d000000, 0x000000070d100000|  0%| F|  |TAMS 0x000000070d000000, 0x000000070d000000| Untracked 
| 209|0x000000070d100000, 0x000000070d100000, 0x000000070d200000|  0%| F|  |TAMS 0x000000070d100000, 0x000000070d100000| Untracked 
| 210|0x000000070d200000, 0x000000070d200000, 0x000000070d300000|  0%| F|  |TAMS 0x000000070d200000, 0x000000070d200000| Untracked 
| 211|0x000000070d300000, 0x000000070d300000, 0x000000070d400000|  0%| F|  |TAMS 0x000000070d300000, 0x000000070d300000| Untracked 
| 212|0x000000070d400000, 0x000000070d400000, 0x000000070d500000|  0%| F|  |TAMS 0x000000070d400000, 0x000000070d400000| Untracked 
| 213|0x000000070d500000, 0x000000070d500000, 0x000000070d600000|  0%| F|  |TAMS 0x000000070d500000, 0x000000070d500000| Untracked 
| 214|0x000000070d600000, 0x000000070d600000, 0x000000070d700000|  0%| F|  |TAMS 0x000000070d600000, 0x000000070d600000| Untracked 
| 215|0x000000070d700000, 0x000000070d700000, 0x000000070d800000|  0%| F|  |TAMS 0x000000070d700000, 0x000000070d700000| Untracked 
| 216|0x000000070d800000, 0x000000070d800000, 0x000000070d900000|  0%| F|  |TAMS 0x000000070d800000, 0x000000070d800000| Untracked 
| 217|0x000000070d900000, 0x000000070d900000, 0x000000070da00000|  0%| F|  |TAMS 0x000000070d900000, 0x000000070d900000| Untracked 
| 218|0x000000070da00000, 0x000000070da00000, 0x000000070db00000|  0%| F|  |TAMS 0x000000070da00000, 0x000000070da00000| Untracked 
| 219|0x000000070db00000, 0x000000070db00000, 0x000000070dc00000|  0%| F|  |TAMS 0x000000070db00000, 0x000000070db00000| Untracked 
| 220|0x000000070dc00000, 0x000000070dc00000, 0x000000070dd00000|  0%| F|  |TAMS 0x000000070dc00000, 0x000000070dc00000| Untracked 
| 221|0x000000070dd00000, 0x000000070dd00000, 0x000000070de00000|  0%| F|  |TAMS 0x000000070dd00000, 0x000000070dd00000| Untracked 
| 222|0x000000070de00000, 0x000000070de00000, 0x000000070df00000|  0%| F|  |TAMS 0x000000070de00000, 0x000000070de00000| Untracked 
| 223|0x000000070df00000, 0x000000070df00000, 0x000000070e000000|  0%| F|  |TAMS 0x000000070df00000, 0x000000070df00000| Untracked 
| 224|0x000000070e000000, 0x000000070e000000, 0x000000070e100000|  0%| F|  |TAMS 0x000000070e000000, 0x000000070e000000| Untracked 
| 225|0x000000070e100000, 0x000000070e100000, 0x000000070e200000|  0%| F|  |TAMS 0x000000070e100000, 0x000000070e100000| Untracked 
| 226|0x000000070e200000, 0x000000070e200000, 0x000000070e300000|  0%| F|  |TAMS 0x000000070e200000, 0x000000070e200000| Untracked 
| 227|0x000000070e300000, 0x000000070e300000, 0x000000070e400000|  0%| F|  |TAMS 0x000000070e300000, 0x000000070e300000| Untracked 
| 228|0x000000070e400000, 0x000000070e400000, 0x000000070e500000|  0%| F|  |TAMS 0x000000070e400000, 0x000000070e400000| Untracked 
| 229|0x000000070e500000, 0x000000070e500000, 0x000000070e600000|  0%| F|  |TAMS 0x000000070e500000, 0x000000070e500000| Untracked 
| 230|0x000000070e600000, 0x000000070e600000, 0x000000070e700000|  0%| F|  |TAMS 0x000000070e600000, 0x000000070e600000| Untracked 
| 231|0x000000070e700000, 0x000000070e700000, 0x000000070e800000|  0%| F|  |TAMS 0x000000070e700000, 0x000000070e700000| Untracked 
| 232|0x000000070e800000, 0x000000070e800000, 0x000000070e900000|  0%| F|  |TAMS 0x000000070e800000, 0x000000070e800000| Untracked 
| 233|0x000000070e900000, 0x000000070e900000, 0x000000070ea00000|  0%| F|  |TAMS 0x000000070e900000, 0x000000070e900000| Untracked 
| 234|0x000000070ea00000, 0x000000070ea00000, 0x000000070eb00000|  0%| F|  |TAMS 0x000000070ea00000, 0x000000070ea00000| Untracked 
| 235|0x000000070eb00000, 0x000000070eb00000, 0x000000070ec00000|  0%| F|  |TAMS 0x000000070eb00000, 0x000000070eb00000| Untracked 
| 236|0x000000070ec00000, 0x000000070ec00000, 0x000000070ed00000|  0%| F|  |TAMS 0x000000070ec00000, 0x000000070ec00000| Untracked 
| 237|0x000000070ed00000, 0x000000070ed00000, 0x000000070ee00000|  0%| F|  |TAMS 0x000000070ed00000, 0x000000070ed00000| Untracked 
| 238|0x000000070ee00000, 0x000000070ee00000, 0x000000070ef00000|  0%| F|  |TAMS 0x000000070ee00000, 0x000000070ee00000| Untracked 
| 239|0x000000070ef00000, 0x000000070ef00000, 0x000000070f000000|  0%| F|  |TAMS 0x000000070ef00000, 0x000000070ef00000| Untracked 
| 240|0x000000070f000000, 0x000000070f000000, 0x000000070f100000|  0%| F|  |TAMS 0x000000070f000000, 0x000000070f000000| Untracked 
| 241|0x000000070f100000, 0x000000070f100000, 0x000000070f200000|  0%| F|  |TAMS 0x000000070f100000, 0x000000070f100000| Untracked 
| 242|0x000000070f200000, 0x000000070f200000, 0x000000070f300000|  0%| F|  |TAMS 0x000000070f200000, 0x000000070f200000| Untracked 
| 243|0x000000070f300000, 0x000000070f300000, 0x000000070f400000|  0%| F|  |TAMS 0x000000070f300000, 0x000000070f300000| Untracked 
| 244|0x000000070f400000, 0x000000070f400000, 0x000000070f500000|  0%| F|  |TAMS 0x000000070f400000, 0x000000070f400000| Untracked 
| 245|0x000000070f500000, 0x000000070f500000, 0x000000070f600000|  0%| F|  |TAMS 0x000000070f500000, 0x000000070f500000| Untracked 
| 246|0x000000070f600000, 0x000000070f600000, 0x000000070f700000|  0%| F|  |TAMS 0x000000070f600000, 0x000000070f600000| Untracked 
| 247|0x000000070f700000, 0x000000070f700000, 0x000000070f800000|  0%| F|  |TAMS 0x000000070f700000, 0x000000070f700000| Untracked 
| 248|0x000000070f800000, 0x000000070f800000, 0x000000070f900000|  0%| F|  |TAMS 0x000000070f800000, 0x000000070f800000| Untracked 
| 249|0x000000070f900000, 0x000000070f900000, 0x000000070fa00000|  0%| F|  |TAMS 0x000000070f900000, 0x000000070f900000| Untracked 
| 250|0x000000070fa00000, 0x000000070fa00000, 0x000000070fb00000|  0%| F|  |TAMS 0x000000070fa00000, 0x000000070fa00000| Untracked 
| 251|0x000000070fb00000, 0x000000070fb00000, 0x000000070fc00000|  0%| F|  |TAMS 0x000000070fb00000, 0x000000070fb00000| Untracked 
| 252|0x000000070fc00000, 0x000000070fc00000, 0x000000070fd00000|  0%| F|  |TAMS 0x000000070fc00000, 0x000000070fc00000| Untracked 
| 253|0x000000070fd00000, 0x000000070fd00000, 0x000000070fe00000|  0%| F|  |TAMS 0x000000070fd00000, 0x000000070fd00000| Untracked 
| 254|0x000000070fe00000, 0x000000070fe00000, 0x000000070ff00000|  0%| F|  |TAMS 0x000000070fe00000, 0x000000070fe00000| Untracked 
| 255|0x000000070ff00000, 0x000000070ff00000, 0x0000000710000000|  0%| F|  |TAMS 0x000000070ff00000, 0x000000070ff00000| Untracked 
| 256|0x0000000710000000, 0x0000000710000000, 0x0000000710100000|  0%| F|  |TAMS 0x0000000710000000, 0x0000000710000000| Untracked 
| 257|0x0000000710100000, 0x0000000710100000, 0x0000000710200000|  0%| F|  |TAMS 0x0000000710100000, 0x0000000710100000| Untracked 
| 258|0x0000000710200000, 0x0000000710200000, 0x0000000710300000|  0%| F|  |TAMS 0x0000000710200000, 0x0000000710200000| Untracked 
| 259|0x0000000710300000, 0x0000000710300000, 0x0000000710400000|  0%| F|  |TAMS 0x0000000710300000, 0x0000000710300000| Untracked 
| 260|0x0000000710400000, 0x0000000710400000, 0x0000000710500000|  0%| F|  |TAMS 0x0000000710400000, 0x0000000710400000| Untracked 
| 261|0x0000000710500000, 0x0000000710500000, 0x0000000710600000|  0%| F|  |TAMS 0x0000000710500000, 0x0000000710500000| Untracked 
| 262|0x0000000710600000, 0x0000000710600000, 0x0000000710700000|  0%| F|  |TAMS 0x0000000710600000, 0x0000000710600000| Untracked 
| 263|0x0000000710700000, 0x0000000710700000, 0x0000000710800000|  0%| F|  |TAMS 0x0000000710700000, 0x0000000710700000| Untracked 
| 264|0x0000000710800000, 0x0000000710800000, 0x0000000710900000|  0%| F|  |TAMS 0x0000000710800000, 0x0000000710800000| Untracked 
| 265|0x0000000710900000, 0x0000000710900000, 0x0000000710a00000|  0%| F|  |TAMS 0x0000000710900000, 0x0000000710900000| Untracked 
| 266|0x0000000710a00000, 0x0000000710a00000, 0x0000000710b00000|  0%| F|  |TAMS 0x0000000710a00000, 0x0000000710a00000| Untracked 
| 267|0x0000000710b00000, 0x0000000710b00000, 0x0000000710c00000|  0%| F|  |TAMS 0x0000000710b00000, 0x0000000710b00000| Untracked 
| 268|0x0000000710c00000, 0x0000000710c00000, 0x0000000710d00000|  0%| F|  |TAMS 0x0000000710c00000, 0x0000000710c00000| Untracked 
| 269|0x0000000710d00000, 0x0000000710d00000, 0x0000000710e00000|  0%| F|  |TAMS 0x0000000710d00000, 0x0000000710d00000| Untracked 
| 270|0x0000000710e00000, 0x0000000710e00000, 0x0000000710f00000|  0%| F|  |TAMS 0x0000000710e00000, 0x0000000710e00000| Untracked 
| 271|0x0000000710f00000, 0x0000000710f00000, 0x0000000711000000|  0%| F|  |TAMS 0x0000000710f00000, 0x0000000710f00000| Untracked 
| 272|0x0000000711000000, 0x0000000711000000, 0x0000000711100000|  0%| F|  |TAMS 0x0000000711000000, 0x0000000711000000| Untracked 
| 273|0x0000000711100000, 0x0000000711100000, 0x0000000711200000|  0%| F|  |TAMS 0x0000000711100000, 0x0000000711100000| Untracked 
| 274|0x0000000711200000, 0x0000000711200000, 0x0000000711300000|  0%| F|  |TAMS 0x0000000711200000, 0x0000000711200000| Untracked 
| 275|0x0000000711300000, 0x0000000711300000, 0x0000000711400000|  0%| F|  |TAMS 0x0000000711300000, 0x0000000711300000| Untracked 
| 276|0x0000000711400000, 0x0000000711400000, 0x0000000711500000|  0%| F|  |TAMS 0x0000000711400000, 0x0000000711400000| Untracked 
| 277|0x0000000711500000, 0x0000000711500000, 0x0000000711600000|  0%| F|  |TAMS 0x0000000711500000, 0x0000000711500000| Untracked 
| 278|0x0000000711600000, 0x0000000711600000, 0x0000000711700000|  0%| F|  |TAMS 0x0000000711600000, 0x0000000711600000| Untracked 
| 279|0x0000000711700000, 0x0000000711700000, 0x0000000711800000|  0%| F|  |TAMS 0x0000000711700000, 0x0000000711700000| Untracked 
| 280|0x0000000711800000, 0x0000000711800000, 0x0000000711900000|  0%| F|  |TAMS 0x0000000711800000, 0x0000000711800000| Untracked 
| 281|0x0000000711900000, 0x0000000711900000, 0x0000000711a00000|  0%| F|  |TAMS 0x0000000711900000, 0x0000000711900000| Untracked 
| 282|0x0000000711a00000, 0x0000000711a00000, 0x0000000711b00000|  0%| F|  |TAMS 0x0000000711a00000, 0x0000000711a00000| Untracked 
| 283|0x0000000711b00000, 0x0000000711b00000, 0x0000000711c00000|  0%| F|  |TAMS 0x0000000711b00000, 0x0000000711b00000| Untracked 
| 284|0x0000000711c00000, 0x0000000711c00000, 0x0000000711d00000|  0%| F|  |TAMS 0x0000000711c00000, 0x0000000711c00000| Untracked 
| 285|0x0000000711d00000, 0x0000000711d00000, 0x0000000711e00000|  0%| F|  |TAMS 0x0000000711d00000, 0x0000000711d00000| Untracked 
| 286|0x0000000711e00000, 0x0000000711e00000, 0x0000000711f00000|  0%| F|  |TAMS 0x0000000711e00000, 0x0000000711e00000| Untracked 
| 287|0x0000000711f00000, 0x0000000711f00000, 0x0000000712000000|  0%| F|  |TAMS 0x0000000711f00000, 0x0000000711f00000| Untracked 
| 288|0x0000000712000000, 0x0000000712000000, 0x0000000712100000|  0%| F|  |TAMS 0x0000000712000000, 0x0000000712000000| Untracked 
| 289|0x0000000712100000, 0x0000000712100000, 0x0000000712200000|  0%| F|  |TAMS 0x0000000712100000, 0x0000000712100000| Untracked 
| 290|0x0000000712200000, 0x0000000712200000, 0x0000000712300000|  0%| F|  |TAMS 0x0000000712200000, 0x0000000712200000| Untracked 
| 291|0x0000000712300000, 0x0000000712300000, 0x0000000712400000|  0%| F|  |TAMS 0x0000000712300000, 0x0000000712300000| Untracked 
| 292|0x0000000712400000, 0x0000000712480800, 0x0000000712500000| 50%| E|  |TAMS 0x0000000712400000, 0x0000000712400000| Complete 
| 293|0x0000000712500000, 0x0000000712600000, 0x0000000712600000|100%| E|CS|TAMS 0x0000000712500000, 0x0000000712500000| Complete 
| 294|0x0000000712600000, 0x0000000712700000, 0x0000000712700000|100%| E|CS|TAMS 0x0000000712600000, 0x0000000712600000| Complete 
| 295|0x0000000712700000, 0x0000000712800000, 0x0000000712800000|100%| E|CS|TAMS 0x0000000712700000, 0x0000000712700000| Complete 
| 296|0x0000000712800000, 0x0000000712900000, 0x0000000712900000|100%| E|CS|TAMS 0x0000000712800000, 0x0000000712800000| Complete 
| 297|0x0000000712900000, 0x0000000712a00000, 0x0000000712a00000|100%| E|CS|TAMS 0x0000000712900000, 0x0000000712900000| Complete 
| 298|0x0000000712a00000, 0x0000000712b00000, 0x0000000712b00000|100%| E|CS|TAMS 0x0000000712a00000, 0x0000000712a00000| Complete 
| 299|0x0000000712b00000, 0x0000000712c00000, 0x0000000712c00000|100%| E|CS|TAMS 0x0000000712b00000, 0x0000000712b00000| Complete 
| 300|0x0000000712c00000, 0x0000000712d00000, 0x0000000712d00000|100%| E|CS|TAMS 0x0000000712c00000, 0x0000000712c00000| Complete 
| 301|0x0000000712d00000, 0x0000000712e00000, 0x0000000712e00000|100%| E|CS|TAMS 0x0000000712d00000, 0x0000000712d00000| Complete 
| 302|0x0000000712e00000, 0x0000000712f00000, 0x0000000712f00000|100%| E|CS|TAMS 0x0000000712e00000, 0x0000000712e00000| Complete 
| 303|0x0000000712f00000, 0x0000000713000000, 0x0000000713000000|100%| E|CS|TAMS 0x0000000712f00000, 0x0000000712f00000| Complete 
| 304|0x0000000713000000, 0x0000000713100000, 0x0000000713100000|100%| E|CS|TAMS 0x0000000713000000, 0x0000000713000000| Complete 
| 305|0x0000000713100000, 0x0000000713200000, 0x0000000713200000|100%| E|CS|TAMS 0x0000000713100000, 0x0000000713100000| Complete 
| 306|0x0000000713200000, 0x0000000713300000, 0x0000000713300000|100%| E|CS|TAMS 0x0000000713200000, 0x0000000713200000| Complete 
| 307|0x0000000713300000, 0x0000000713400000, 0x0000000713400000|100%| E|CS|TAMS 0x0000000713300000, 0x0000000713300000| Complete 

Card table byte_map: [0x0000020ac43f0000,0x0000020ac4bf0000] _byte_map_base: 0x0000020ac0bf0000

Marking Bits (Prev, Next): (CMBitMap*) 0x0000020aac4da218, (CMBitMap*) 0x0000020aac4da250
 Prev Bits: [0x0000020ac53f0000, 0x0000020ac93f0000)
 Next Bits: [0x0000020ac93f0000, 0x0000020acd3f0000)

Polling page: 0x0000020aaa330000

Metaspace:

Usage:
  Non-class:     44.38 MB capacity,    43.71 MB ( 98%) used,   539.94 KB (  1%) free+waste,   145.75 KB ( <1%) overhead. 
      Class:      6.77 MB capacity,     6.33 MB ( 94%) used,   377.31 KB (  5%) free+waste,    69.38 KB (  1%) overhead. 
       Both:     51.15 MB capacity,    50.05 MB ( 98%) used,   917.25 KB (  2%) free+waste,   215.13 KB ( <1%) overhead. 

Virtual space:
  Non-class space:       46.00 MB reserved,      44.50 MB ( 97%) committed 
      Class space:        1.00 GB reserved,       6.88 MB ( <1%) committed 
             Both:        1.04 GB reserved,      51.38 MB (  5%) committed 

Chunk freelists:
   Non-Class:  56.00 KB
       Class:  13.00 KB
        Both:  69.00 KB

MaxMetaspaceSize: 17179869184.00 GB
CompressedClassSpaceSize: 1.00 GB
Initial GC threshold: 20.80 MB
Current GC threshold: 58.75 MB
CDS: off

CodeHeap 'non-profiled nmethods': size=120064Kb used=2296Kb max_used=2296Kb free=117767Kb
 bounds [0x0000020abc6b0000, 0x0000020abc920000, 0x0000020ac3bf0000]
CodeHeap 'profiled nmethods': size=120000Kb used=9803Kb max_used=9803Kb free=110196Kb
 bounds [0x0000020ab5180000, 0x0000020ab5b20000, 0x0000020abc6b0000]
CodeHeap 'non-nmethods': size=5696Kb used=1282Kb max_used=1296Kb free=4413Kb
 bounds [0x0000020ab4bf0000, 0x0000020ab4e60000, 0x0000020ab5180000]
 total_blobs=4705 nmethods=4147 adapters=470
 compilation: enabled
              stopped_count=0, restarted_count=0
 full_count=0

Compilation events (20 events):
Event: 8.129 Thread 0x0000020acf925800 4140       4       java.lang.String::getBytes (44 bytes)
Event: 8.131 Thread 0x0000020acf925800 nmethod 4140 0x0000020abc8eda90 code [0x0000020abc8edc20, 0x0000020abc8edd38]
Event: 8.134 Thread 0x0000020ad025f000 4141       1       com.mysql.cj.protocol.a.NativeProtocol::getServerSession (5 bytes)
Event: 8.134 Thread 0x0000020ad025f000 nmethod 4141 0x0000020abc8ede90 code [0x0000020abc8ee040, 0x0000020abc8ee0f8]
Event: 8.137 Thread 0x0000020ad025f000 4142       3       java.nio.ByteBuffer::<init> (45 bytes)
Event: 8.137 Thread 0x0000020ad025f000 nmethod 4142 0x0000020ab5af6710 code [0x0000020ab5af68e0, 0x0000020ab5af6b08]
Event: 8.150 Thread 0x0000020acf925800 4143       4       java.lang.ClassLoader::defineClass (43 bytes)
Event: 8.170 Thread 0x0000020ad025f000 4146       2       java.security.CodeSource::matchCerts (254 bytes)
Event: 8.171 Thread 0x0000020ad025f000 nmethod 4146 0x0000020ab5af6c10 code [0x0000020ab5af6e20, 0x0000020ab5af73f8]
Event: 8.201 Thread 0x0000020ad025f000 4147       3       java.lang.Class::getConstructor (31 bytes)
Event: 8.202 Thread 0x0000020ad025f000 nmethod 4147 0x0000020ab5af7810 code [0x0000020ab5af7a80, 0x0000020ab5af8308]
Event: 8.202 Thread 0x0000020ad025f000 4148   !   3       java.lang.Class::newInstance (160 bytes)
Event: 8.204 Thread 0x0000020ad025f000 nmethod 4148 0x0000020ab5af8610 code [0x0000020ab5af8a00, 0x0000020ab5afa288]
Event: 8.236 Thread 0x0000020ad025f000 4149       3       java.util.HashMap::afterNodeAccess (1 bytes)
Event: 8.236 Thread 0x0000020ad025f000 nmethod 4149 0x0000020ab5afac90 code [0x0000020ab5afae40, 0x0000020ab5afaf38]
Event: 8.237 Thread 0x0000020ad025f000 4150       3       java.lang.reflect.ProxyGenerator$ProxyMethod::generateMethod (733 bytes)
Event: 8.249 Thread 0x0000020ad025f000 nmethod 4150 0x0000020ab5afb010 code [0x0000020ab5afbd80, 0x0000020ab5b04da8]
Event: 8.251 Thread 0x0000020ad025f000 4151       3       java.lang.reflect.ProxyGenerator$MethodInfo::write (283 bytes)
Event: 8.255 Thread 0x0000020ad025f000 nmethod 4151 0x0000020ab5b08490 code [0x0000020ab5b08b40, 0x0000020ab5b0d348]
Event: 8.255 Thread 0x0000020ad025f000 4152  s    3       java.io.ByteArrayOutputStream::writeTo (14 bytes)

GC Heap History (14 events):
Event: 0.798 GC heap before
{Heap before GC invocations=0 (full 0):
 garbage-first heap   total 262144K, used 14336K [0x0000000700000000, 0x0000000800000000)
  region size 1024K, 14 young (14336K), 0 survivors (0K)
 Metaspace       used 9105K, capacity 9212K, committed 9344K, reserved 1058816K
  class space    used 825K, capacity 876K, committed 896K, reserved 1048576K
}
Event: 0.806 GC heap after
{Heap after GC invocations=1 (full 0):
 garbage-first heap   total 262144K, used 6656K [0x0000000700000000, 0x0000000800000000)
  region size 1024K, 2 young (2048K), 2 survivors (2048K)
 Metaspace       used 9105K, capacity 9212K, committed 9344K, reserved 1058816K
  class space    used 825K, capacity 876K, committed 896K, reserved 1048576K
}
Event: 1.138 GC heap before
{Heap before GC invocations=1 (full 0):
 garbage-first heap   total 262144K, used 18944K [0x0000000700000000, 0x0000000800000000)
  region size 1024K, 14 young (14336K), 2 survivors (2048K)
 Metaspace       used 11650K, capacity 11817K, committed 12032K, reserved 1060864K
  class space    used 1094K, capacity 1169K, committed 1280K, reserved 1048576K
}
Event: 1.143 GC heap after
{Heap after GC invocations=2 (full 0):
 garbage-first heap   total 262144K, used 7711K [0x0000000700000000, 0x0000000800000000)
  region size 1024K, 2 young (2048K), 2 survivors (2048K)
 Metaspace       used 11650K, capacity 11817K, committed 12032K, reserved 1060864K
  class space    used 1094K, capacity 1169K, committed 1280K, reserved 1048576K
}
Event: 2.157 GC heap before
{Heap before GC invocations=2 (full 0):
 garbage-first heap   total 262144K, used 42527K [0x0000000700000000, 0x0000000800000000)
  region size 1024K, 36 young (36864K), 2 survivors (2048K)
 Metaspace       used 17862K, capacity 18213K, committed 18432K, reserved 1064960K
  class space    used 1853K, capacity 1987K, committed 2048K, reserved 1048576K
}
Event: 2.164 GC heap after
{Heap after GC invocations=3 (full 0):
 garbage-first heap   total 262144K, used 9191K [0x0000000700000000, 0x0000000800000000)
  region size 1024K, 3 young (3072K), 3 survivors (3072K)
 Metaspace       used 17862K, capacity 18213K, committed 18432K, reserved 1064960K
  class space    used 1853K, capacity 1987K, committed 2048K, reserved 1048576K
}
Event: 2.745 GC heap before
{Heap before GC invocations=3 (full 0):
 garbage-first heap   total 262144K, used 24551K [0x0000000700000000, 0x0000000800000000)
  region size 1024K, 19 young (19456K), 3 survivors (3072K)
 Metaspace       used 20640K, capacity 21164K, committed 21504K, reserved 1069056K
  class space    used 2239K, capacity 2442K, committed 2560K, reserved 1048576K
}
Event: 2.754 GC heap after
{Heap after GC invocations=4 (full 0):
 garbage-first heap   total 262144K, used 10070K [0x0000000700000000, 0x0000000800000000)
  region size 1024K, 4 young (4096K), 4 survivors (4096K)
 Metaspace       used 20640K, capacity 21164K, committed 21504K, reserved 1069056K
  class space    used 2239K, capacity 2442K, committed 2560K, reserved 1048576K
}
Event: 3.911 GC heap before
{Heap before GC invocations=5 (full 0):
 garbage-first heap   total 262144K, used 71510K [0x0000000700000000, 0x0000000800000000)
  region size 1024K, 65 young (66560K), 4 survivors (4096K)
 Metaspace       used 28146K, capacity 28844K, committed 29056K, reserved 1075200K
  class space    used 3141K, capacity 3449K, committed 3456K, reserved 1048576K
}
Event: 3.926 GC heap after
{Heap after GC invocations=6 (full 0):
 garbage-first heap   total 315392K, used 12338K [0x0000000700000000, 0x0000000800000000)
  region size 1024K, 6 young (6144K), 6 survivors (6144K)
 Metaspace       used 28146K, capacity 28844K, committed 29056K, reserved 1075200K
  class space    used 3141K, capacity 3449K, committed 3456K, reserved 1048576K
}
Event: 5.416 GC heap before
{Heap before GC invocations=6 (full 0):
 garbage-first heap   total 315392K, used 79922K [0x0000000700000000, 0x0000000800000000)
  region size 1024K, 73 young (74752K), 6 survivors (6144K)
 Metaspace       used 34868K, capacity 35744K, committed 35840K, reserved 1081344K
  class space    used 4180K, capacity 4517K, committed 4608K, reserved 1048576K
}
Event: 5.436 GC heap after
{Heap after GC invocations=7 (full 0):
 garbage-first heap   total 315392K, used 14368K [0x0000000700000000, 0x0000000800000000)
  region size 1024K, 8 young (8192K), 8 survivors (8192K)
 Metaspace       used 34868K, capacity 35744K, committed 35840K, reserved 1081344K
  class space    used 4180K, capacity 4517K, committed 4608K, reserved 1048576K
}
Event: 7.501 GC heap before
{Heap before GC invocations=8 (full 0):
 garbage-first heap   total 315392K, used 110624K [0x0000000700000000, 0x0000000800000000)
  region size 1024K, 102 young (104448K), 8 survivors (8192K)
 Metaspace       used 45661K, capacity 46786K, committed 46976K, reserved 1089536K
  class space    used 5779K, capacity 6232K, committed 6272K, reserved 1048576K
}
Event: 7.523 GC heap after
{Heap after GC invocations=9 (full 0):
 garbage-first heap   total 315392K, used 18201K [0x0000000700000000, 0x0000000800000000)
  region size 1024K, 11 young (11264K), 11 survivors (11264K)
 Metaspace       used 45661K, capacity 46786K, committed 46976K, reserved 1089536K
  class space    used 5779K, capacity 6232K, committed 6272K, reserved 1048576K
}

Deoptimization events (20 events):
Event: 7.995 Thread 0x0000020aac477000 DEOPT PACKING pc=0x0000020ab5adc7b4 sp=0x000000200fcfb7a0
Event: 7.995 Thread 0x0000020aac477000 DEOPT UNPACKING pc=0x0000020ab4c39d0e sp=0x000000200fcfac60 mode 0
Event: 7.996 Thread 0x0000020aac477000 DEOPT PACKING pc=0x0000020ab5adbd39 sp=0x000000200fcfb800
Event: 7.996 Thread 0x0000020aac477000 DEOPT UNPACKING pc=0x0000020ab4c39d0e sp=0x000000200fcfacc8 mode 0
Event: 7.997 Thread 0x0000020aac477000 DEOPT PACKING pc=0x0000020ab5adc7b4 sp=0x000000200fcfb7a0
Event: 7.997 Thread 0x0000020aac477000 DEOPT UNPACKING pc=0x0000020ab4c39d0e sp=0x000000200fcfac60 mode 0
Event: 7.998 Thread 0x0000020aac477000 DEOPT PACKING pc=0x0000020ab5adc7b4 sp=0x000000200fcfb7a0
Event: 7.998 Thread 0x0000020aac477000 DEOPT UNPACKING pc=0x0000020ab4c39d0e sp=0x000000200fcfac60 mode 0
Event: 7.998 Thread 0x0000020aac477000 DEOPT PACKING pc=0x0000020ab5adbd39 sp=0x000000200fcfb800
Event: 7.998 Thread 0x0000020aac477000 DEOPT UNPACKING pc=0x0000020ab4c39d0e sp=0x000000200fcfacc8 mode 0
Event: 8.000 Thread 0x0000020aac477000 DEOPT PACKING pc=0x0000020ab5adc7b4 sp=0x000000200fcfb7a0
Event: 8.000 Thread 0x0000020aac477000 DEOPT UNPACKING pc=0x0000020ab4c39d0e sp=0x000000200fcfac60 mode 0
Event: 8.107 Thread 0x0000020aac477000 Uncommon trap: trap_request=0xffffff4d fr.pc=0x0000020abc6d2fa8 relative=0x0000000000000568
Event: 8.107 Thread 0x0000020aac477000 Uncommon trap: reason=unstable_if action=reinterpret pc=0x0000020abc6d2fa8 method=java.lang.AbstractStringBuilder.append(Ljava/lang/String;)Ljava/lang/AbstractStringBuilder; @ 1 c2
Event: 8.107 Thread 0x0000020aac477000 DEOPT PACKING pc=0x0000020abc6d2fa8 sp=0x000000200fcfc4d0
Event: 8.107 Thread 0x0000020aac477000 DEOPT UNPACKING pc=0x0000020ab4bf85af sp=0x000000200fcfc450 mode 2
Event: 8.107 Thread 0x0000020aac477000 Uncommon trap: trap_request=0xffffff4d fr.pc=0x0000020abc6d4388 relative=0x0000000000000548
Event: 8.107 Thread 0x0000020aac477000 Uncommon trap: reason=unstable_if action=reinterpret pc=0x0000020abc6d4388 method=java.lang.AbstractStringBuilder.append(Ljava/lang/String;)Ljava/lang/AbstractStringBuilder; @ 1 c2
Event: 8.107 Thread 0x0000020aac477000 DEOPT PACKING pc=0x0000020abc6d4388 sp=0x000000200fcfc460
Event: 8.107 Thread 0x0000020aac477000 DEOPT UNPACKING pc=0x0000020ab4bf85af sp=0x000000200fcfc448 mode 2

Classes redefined (0 events):
No events

Internal exceptions (20 events):
Event: 6.596 Thread 0x0000020aac477000 Exception <a 'java/lang/ClassNotFoundException'{0x000000070fae7498}: org/springframework/beans/factory/AwareCustomizer> (0x000000070fae7498) thrown at [./src/hotspot/share/classfile/systemDictionary.cpp, line 230]
Event: 6.596 Thread 0x0000020aac477000 Exception <a 'java/lang/ClassNotFoundException'{0x000000070f900980}: org/springframework/context/weaving/LoadTimeWeaverAwareCustomizer> (0x000000070f900980) thrown at [./src/hotspot/share/classfile/systemDictionary.cpp, line 230]
Event: 6.597 Thread 0x0000020aac477000 Exception <a 'java/lang/ClassNotFoundException'{0x000000070f917d08}: org/springframework/beans/factory/AwareCustomizer> (0x000000070f917d08) thrown at [./src/hotspot/share/classfile/systemDictionary.cpp, line 230]
Event: 6.598 Thread 0x0000020aac477000 Exception <a 'java/lang/ClassNotFoundException'{0x000000070f92f570}: org/springframework/beans/factory/FactoryBeanCustomizer> (0x000000070f92f570) thrown at [./src/hotspot/share/classfile/systemDictionary.cpp, line 230]
Event: 6.599 Thread 0x0000020aac477000 Exception <a 'java/lang/ClassNotFoundException'{0x000000070f94c470}: org/springframework/beans/factory/BeanClassLoaderAwareCustomizer> (0x000000070f94c470) thrown at [./src/hotspot/share/classfile/systemDictionary.cpp, line 230]
Event: 6.599 Thread 0x0000020aac477000 Exception <a 'java/lang/ClassNotFoundException'{0x000000070f963358}: org/springframework/beans/factory/AwareCustomizer> (0x000000070f963358) thrown at [./src/hotspot/share/classfile/systemDictionary.cpp, line 230]
Event: 6.600 Thread 0x0000020aac477000 Exception <a 'java/lang/ClassNotFoundException'{0x000000070f97b730}: org/springframework/beans/factory/BeanFactoryAwareCustomizer> (0x000000070f97b730) thrown at [./src/hotspot/share/classfile/systemDictionary.cpp, line 230]
Event: 6.600 Thread 0x0000020aac477000 Exception <a 'java/lang/ClassNotFoundException'{0x000000070f992da0}: org/springframework/beans/factory/AwareCustomizer> (0x000000070f992da0) thrown at [./src/hotspot/share/classfile/systemDictionary.cpp, line 230]
Event: 6.601 Thread 0x0000020aac477000 Exception <a 'java/lang/ClassNotFoundException'{0x000000070f9aa5a8}: org/springframework/beans/factory/BeanNameAwareCustomizer> (0x000000070f9aa5a8) thrown at [./src/hotspot/share/classfile/systemDictionary.cpp, line 230]
Event: 6.602 Thread 0x0000020aac477000 Exception <a 'java/lang/ClassNotFoundException'{0x000000070f9c1850}: org/springframework/beans/factory/AwareCustomizer> (0x000000070f9c1850) thrown at [./src/hotspot/share/classfile/systemDictionary.cpp, line 230]
Event: 6.602 Thread 0x0000020aac477000 Exception <a 'java/lang/ClassNotFoundException'{0x000000070f9d9c28}: org/springframework/beans/factory/InitializingBeanCustomizer> (0x000000070f9d9c28) thrown at [./src/hotspot/share/classfile/systemDictionary.cpp, line 230]
Event: 6.603 Thread 0x0000020aac477000 Exception <a 'java/lang/ClassNotFoundException'{0x000000070f9f21d0}: org/springframework/beans/factory/DisposableBeanCustomizer> (0x000000070f9f21d0) thrown at [./src/hotspot/share/classfile/systemDictionary.cpp, line 230]
Event: 6.603 Thread 0x0000020aac477000 Exception <a 'java/lang/ClassNotFoundException'{0x000000070f80bf70}: org/springframework/orm/jpa/EntityManagerFactoryInfoCustomizer> (0x000000070f80bf70) thrown at [./src/hotspot/share/classfile/systemDictionary.cpp, line 230]
Event: 6.605 Thread 0x0000020aac477000 Exception <a 'java/lang/ClassNotFoundException'{0x000000070f830d98}: org/springframework/dao/support/PersistenceExceptionTranslatorCustomizer> (0x000000070f830d98) thrown at [./src/hotspot/share/classfile/systemDictionary.cpp, line 230]
Event: 6.925 Thread 0x0000020aac477000 Exception <a 'java/lang/NoSuchMethodError'{0x000000070e133210}: 'java.lang.Object java.lang.invoke.DirectMethodHandle$Holder.invokeStaticInit(java.lang.Object, int, int, int, int)'> (0x000000070e133210) thrown at [./src/hotspot/share/interpreter/linkResolver.cpp, line 773]
Event: 7.031 Thread 0x0000020aac477000 Exception <a 'java/lang/NoSuchMethodError'{0x000000070e1779d8}: 'java.lang.Object java.lang.invoke.DirectMethodHandle$Holder.invokeStaticInit(java.lang.Object, java.lang.Object, int, int, int, int)'> (0x000000070e1779d8) thrown at [./src/hotspot/share/interpreter/linkResolver.cpp, line 773]
Event: 7.698 Thread 0x0000020aac477000 Exception <a 'sun/nio/fs/WindowsException'{0x0000000712fec710}> (0x0000000712fec710) thrown at [./src/hotspot/share/prims/jni.cpp, line 617]
Event: 8.107 Thread 0x0000020aac477000 Implicit null exception at 0x0000020abc6d2a74 to 0x0000020abc6d2f90
Event: 8.107 Thread 0x0000020aac477000 Implicit null exception at 0x0000020abc6d3e74 to 0x0000020abc6d4370
Event: 8.235 Thread 0x0000020aac477000 Exception <a 'java/lang/NoSuchMethodError'{0x000000071266b3e0}: 'java.lang.Object java.lang.invoke.DirectMethodHandle$Holder.invokeStaticInit(java.lang.Object, java.lang.Object, java.lang.Object, java.lang.Object)'> (0x000000071266b3e0) thrown at [./src/hotspot/share/interpreter/linkResolver.cpp, line 773]

Events (20 events):
Event: 8.230 loading class org/hibernate/internal/CoreMessageLogger_$logger_en
Event: 8.230 loading class org/hibernate/internal/CoreMessageLogger_$logger_en done
Event: 8.231 loading class com/mysql/cj/jdbc/Clob
Event: 8.231 loading class com/mysql/cj/jdbc/Clob done
Event: 8.231 loading class com/mysql/cj/protocol/OutputStreamWatcher
Event: 8.231 loading class com/mysql/cj/protocol/OutputStreamWatcher done
Event: 8.232 loading class com/mysql/cj/protocol/WriterWatcher
Event: 8.232 loading class com/mysql/cj/protocol/WriterWatcher done
Event: 8.232 loading class com/mysql/cj/protocol/WatchableWriter
Event: 8.232 loading class com/mysql/cj/protocol/WatchableWriter done
Event: 8.233 loading class java/io/CharArrayWriter
Event: 8.233 loading class java/io/CharArrayWriter done
Event: 8.233 loading class java/lang/StringIndexOutOfBoundsException
Event: 8.233 loading class java/lang/StringIndexOutOfBoundsException done
Event: 8.233 loading class com/mysql/cj/protocol/WatchableOutputStream
Event: 8.233 loading class com/mysql/cj/protocol/WatchableOutputStream done
Event: 8.233 loading class com/mysql/cj/protocol/WatchableStream
Event: 8.233 loading class com/mysql/cj/protocol/WatchableStream done
Event: 8.234 loading class com/zaxxer/hikari/pool/ProxyConnection$ClosedConnection
Event: 8.234 loading class com/zaxxer/hikari/pool/ProxyConnection$ClosedConnection done


Dynamic libraries:
0x00007ff76a740000 - 0x00007ff76a74d000 	C:\Users\sfjbs\.jdks\corretto-11.0.17\bin\java.exe
0x00007ff99de70000 - 0x00007ff99e068000 	C:\Windows\SYSTEM32\ntdll.dll
0x00007ff99ca80000 - 0x00007ff99cb3d000 	C:\Windows\System32\KERNEL32.DLL
0x00007ff99ba70000 - 0x00007ff99bd42000 	C:\Windows\System32\KERNELBASE.dll
0x00007ff99b860000 - 0x00007ff99b960000 	C:\Windows\System32\ucrtbase.dll
0x00007ff982e90000 - 0x00007ff982ea7000 	C:\Users\sfjbs\.jdks\corretto-11.0.17\bin\jli.dll
0x00007ff99da90000 - 0x00007ff99dc2d000 	C:\Windows\System32\USER32.dll
0x00007ff99b640000 - 0x00007ff99b662000 	C:\Windows\System32\win32u.dll
0x00007ff99c060000 - 0x00007ff99c08b000 	C:\Windows\System32\GDI32.dll
0x00007ff99b960000 - 0x00007ff99ba6f000 	C:\Windows\System32\gdi32full.dll
0x00007ff99bd80000 - 0x00007ff99be1d000 	C:\Windows\System32\msvcp_win.dll
0x00007ff982e00000 - 0x00007ff982e19000 	C:\Users\sfjbs\.jdks\corretto-11.0.17\bin\VCRUNTIME140.dll
0x00007ff979310000 - 0x00007ff9795aa000 	C:\Windows\WinSxS\amd64_microsoft.windows.common-controls_6595b64144ccf1df_6.0.19041.1110_none_60b5254171f9507e\COMCTL32.dll
0x00007ff99bed0000 - 0x00007ff99bf6e000 	C:\Windows\System32\msvcrt.dll
0x00007ff99c920000 - 0x00007ff99c950000 	C:\Windows\System32\IMM32.DLL
0x00007ff97c880000 - 0x00007ff97c91b000 	C:\Users\sfjbs\.jdks\corretto-11.0.17\bin\msvcp140.dll
0x00007ff965ea0000 - 0x00007ff966a25000 	C:\Users\sfjbs\.jdks\corretto-11.0.17\bin\server\jvm.dll
0x00007ff99c950000 - 0x00007ff99c9fe000 	C:\Windows\System32\ADVAPI32.dll
0x00007ff99c140000 - 0x00007ff99c1dc000 	C:\Windows\System32\sechost.dll
0x00007ff99d960000 - 0x00007ff99da85000 	C:\Windows\System32\RPCRT4.dll
0x00007ff99c1e0000 - 0x00007ff99c1e8000 	C:\Windows\System32\PSAPI.DLL
0x00007ff9928d0000 - 0x00007ff9928d9000 	C:\Windows\SYSTEM32\WSOCK32.dll
0x00007ff99ca10000 - 0x00007ff99ca7b000 	C:\Windows\System32\WS2_32.dll
0x00007ff978330000 - 0x00007ff978357000 	C:\Windows\SYSTEM32\WINMM.dll
0x00007ff991c00000 - 0x00007ff991c0a000 	C:\Windows\SYSTEM32\VERSION.dll
0x00007ff999420000 - 0x00007ff999432000 	C:\Windows\SYSTEM32\kernel.appcore.dll
0x00007ff986480000 - 0x00007ff986490000 	C:\Users\sfjbs\.jdks\corretto-11.0.17\bin\verify.dll
0x00007ff994360000 - 0x00007ff994544000 	C:\Windows\SYSTEM32\DBGHELP.DLL
0x00007ff994330000 - 0x00007ff99435c000 	C:\Windows\SYSTEM32\dbgcore.DLL
0x00007ff99b7d0000 - 0x00007ff99b852000 	C:\Windows\System32\bcryptPrimitives.dll
0x00007ff9820d0000 - 0x00007ff9820f8000 	C:\Users\sfjbs\.jdks\corretto-11.0.17\bin\java.dll
0x00007ff986450000 - 0x00007ff98645a000 	C:\Users\sfjbs\.jdks\corretto-11.0.17\bin\jimage.dll
0x00007ff996810000 - 0x00007ff99681e000 	C:\Users\sfjbs\.jdks\corretto-11.0.17\bin\instrument.dll
0x00007ff982dd0000 - 0x00007ff982de8000 	C:\Users\sfjbs\.jdks\corretto-11.0.17\bin\zip.dll
0x00007ff99ccd0000 - 0x00007ff99d413000 	C:\Windows\System32\SHELL32.dll
0x00007ff999620000 - 0x00007ff999db1000 	C:\Windows\SYSTEM32\windows.storage.dll
0x00007ff99c5b0000 - 0x00007ff99c904000 	C:\Windows\System32\combase.dll
0x00007ff99ae20000 - 0x00007ff99ae50000 	C:\Windows\SYSTEM32\Wldp.dll
0x00007ff99cb40000 - 0x00007ff99cbed000 	C:\Windows\System32\SHCORE.dll
0x00007ff99bf70000 - 0x00007ff99bfc5000 	C:\Windows\System32\shlwapi.dll
0x00007ff99b4c0000 - 0x00007ff99b4df000 	C:\Windows\SYSTEM32\profapi.dll
0x00007ff982b10000 - 0x00007ff982b29000 	C:\Users\sfjbs\.jdks\corretto-11.0.17\bin\net.dll
0x00007ff995940000 - 0x00007ff995a4d000 	C:\Windows\SYSTEM32\WINHTTP.dll
0x00007ff99ac00000 - 0x00007ff99ac6a000 	C:\Windows\system32\mswsock.dll
0x00007ff982460000 - 0x00007ff982473000 	C:\Users\sfjbs\.jdks\corretto-11.0.17\bin\nio.dll
0x00007ff97eae0000 - 0x00007ff97eafa000 	C:\Program Files\JetBrains\IntelliJ IDEA Community Edition 2022.2.1\bin\breakgen64.dll
0x00007ff987b20000 - 0x00007ff987b29000 	C:\Users\sfjbs\.jdks\corretto-11.0.17\bin\management.dll
0x00007ff981950000 - 0x00007ff98195b000 	C:\Users\sfjbs\.jdks\corretto-11.0.17\bin\management_ext.dll
0x00007ff987e40000 - 0x00007ff987e57000 	C:\Windows\system32\napinsp.dll
0x00007ff9867a0000 - 0x00007ff9867bb000 	C:\Windows\system32\pnrpnsp.dll
0x00007ff986780000 - 0x00007ff986795000 	C:\Windows\system32\wshbth.dll
0x00007ff994310000 - 0x00007ff99432d000 	C:\Windows\system32\NLAapi.dll
0x00007ff99a910000 - 0x00007ff99a94b000 	C:\Windows\SYSTEM32\IPHLPAPI.DLL
0x00007ff99a950000 - 0x00007ff99aa1a000 	C:\Windows\SYSTEM32\DNSAPI.dll
0x00007ff99ca00000 - 0x00007ff99ca08000 	C:\Windows\System32\NSI.dll
0x00007ff986760000 - 0x00007ff986772000 	C:\Windows\System32\winrnr.dll
0x00007ff990910000 - 0x00007ff99091a000 	C:\Windows\System32\rasadhlp.dll
0x00007ff995c60000 - 0x00007ff995ce0000 	C:\Windows\System32\fwpuclnt.dll
0x00007ff99bd50000 - 0x00007ff99bd77000 	C:\Windows\System32\bcrypt.dll
0x00007ff99ae60000 - 0x00007ff99ae78000 	C:\Windows\SYSTEM32\CRYPTSP.dll
0x00007ff99a540000 - 0x00007ff99a574000 	C:\Windows\system32\rsaenh.dll
0x00007ff99b480000 - 0x00007ff99b4ae000 	C:\Windows\SYSTEM32\USERENV.dll
0x00007ff99ad90000 - 0x00007ff99ad9c000 	C:\Windows\SYSTEM32\CRYPTBASE.dll
0x00007ff995c30000 - 0x00007ff995c47000 	C:\Windows\SYSTEM32\dhcpcsvc6.DLL
0x00007ff995b50000 - 0x00007ff995b6d000 	C:\Windows\SYSTEM32\dhcpcsvc.DLL
0x00007ff97d640000 - 0x00007ff97d665000 	C:\Users\sfjbs\.jdks\corretto-11.0.17\bin\sunec.dll
0x00007ff9818e0000 - 0x00007ff9818ee000 	C:\Users\sfjbs\.jdks\corretto-11.0.17\bin\sunmscapi.dll
0x00007ff99b670000 - 0x00007ff99b7c6000 	C:\Windows\System32\CRYPT32.dll
0x00007ff99af50000 - 0x00007ff99af77000 	C:\Windows\SYSTEM32\ncrypt.dll
0x00007ff99af10000 - 0x00007ff99af4b000 	C:\Windows\SYSTEM32\NTASN1.dll

dbghelp: loaded successfully - version: 4.0.5 - missing functions: none
symbol engine: initialized successfully - sym options: 0x614 - pdb path: .;C:\Users\sfjbs\.jdks\corretto-11.0.17\bin;C:\Windows\SYSTEM32;C:\Windows\WinSxS\amd64_microsoft.windows.common-controls_6595b64144ccf1df_6.0.19041.1110_none_60b5254171f9507e;C:\Users\sfjbs\.jdks\corretto-11.0.17\bin\server;C:\Program Files\JetBrains\IntelliJ IDEA Community Edition 2022.2.1\bin

VM Arguments:
jvm_args: -ea -Didea.test.cyclic.buffer.size=1048576 -javaagent:C:\Program Files\JetBrains\IntelliJ IDEA Community Edition 2022.2.1\lib\idea_rt.jar=57812:C:\Program Files\JetBrains\IntelliJ IDEA Community Edition 2022.2.1\bin -Dfile.encoding=UTF-8 
java_command: com.intellij.rt.junit.JUnitStarter -ideVersion5 -junit4 com.practice.miniproject.PensionServiceTest,getPensionByIDTest
java_class_path (initial): C:\Program Files\JetBrains\IntelliJ IDEA Community Edition 2022.2.1\lib\idea_rt.jar;C:\Program Files\JetBrains\IntelliJ IDEA Community Edition 2022.2.1\plugins\junit\lib\junit5-rt.jar;C:\Program Files\JetBrains\IntelliJ IDEA Community Edition 2022.2.1\plugins\junit\lib\junit-rt.jar;C:\Users\sfjbs\IdeaProjects\training\SeshaGayathri\MiniProject\target\test-classes;C:\Users\sfjbs\IdeaProjects\training\SeshaGayathri\MiniProject\target\classes;C:\Users\sfjbs\.m2\repository\org\springframework\boot\spring-boot-starter-web\2.7.3\spring-boot-starter-web-2.7.3.jar;C:\Users\sfjbs\.m2\repository\org\springframework\boot\spring-boot-starter\2.7.3\spring-boot-starter-2.7.3.jar;C:\Users\sfjbs\.m2\repository\org\springframework\boot\spring-boot\2.7.3\spring-boot-2.7.3.jar;C:\Users\sfjbs\.m2\repository\org\springframework\boot\spring-boot-autoconfigure\2.7.3\spring-boot-autoconfigure-2.7.3.jar;C:\Users\sfjbs\.m2\repository\org\springframework\boot\spring-boot-starter-logging\2.7.3\spring-boot-starter-logging-2.7.3.jar;C:\Users\sfjbs\.m2\repository\ch\qos\logback\logback-classic\1.2.11\logback-classic-1.2.11.jar;C:\Users\sfjbs\.m2\repository\ch\qos\logback\logback-core\1.2.11\logback-core-1.2.11.jar;C:\Users\sfjbs\.m2\repository\org\apache\logging\log4j\log4j-to-slf4j\2.17.2\log4j-to-slf4j-2.17.2.jar;C:\Users\sfjbs\.m2\repository\org\apache\logging\log4j\log4j-api\2.17.2\log4j-api-2.17.2.jar;C:\Users\sfjbs\.m2\repository\org\slf4j\jul-to-slf4j\1.7.36\jul-to-slf4j-1.7.36.jar;C:\Users\sfjbs\.m2\repository\jakarta\annotation\jakarta.annotation-api\1.3.5\jakarta.annotation-api-1.3.5.jar;C:\Users\sfjbs\.m2\repository\org\yaml\snakeyaml\1.30\snakeyaml-1.30.jar;C:\Users\sfjbs\.m2\repository\org\springframework\boot\spring-boot-starter-json\2.7.3\spring-boot-starter-json-2.7.3.jar;C:\Users\sfjbs\.m2\repository\com\fasterxml\jackson\core\jackson-databind\2.13.3\jackson-databind-2.13.3.jar;C:\Users\sfjbs\.m2\repository\com\fasterxml\jackson\core\jackson-annotatio
Launcher Type: SUN_STANDARD

[Global flags]
     intx CICompilerCount                          = 3                                         {product} {ergonomic}
     uint ConcGCThreads                            = 1                                         {product} {ergonomic}
     uint G1ConcRefinementThreads                  = 4                                         {product} {ergonomic}
   size_t G1HeapRegionSize                         = 1048576                                   {product} {ergonomic}
    uintx GCDrainStackTargetSize                   = 64                                        {product} {ergonomic}
   size_t InitialHeapSize                          = 268435456                                 {product} {ergonomic}
   size_t MarkStackSize                            = 4194304                                   {product} {ergonomic}
   size_t MaxHeapSize                              = 4294967296                                {product} {ergonomic}
   size_t MaxNewSize                               = 2576351232                                {product} {ergonomic}
   size_t MinHeapDeltaBytes                        = 1048576                                   {product} {ergonomic}
    uintx NonNMethodCodeHeapSize                   = 5830732                                {pd product} {ergonomic}
    uintx NonProfiledCodeHeapSize                  = 122913754                              {pd product} {ergonomic}
    uintx ProfiledCodeHeapSize                     = 122913754                              {pd product} {ergonomic}
    uintx ReservedCodeCacheSize                    = 251658240                              {pd product} {ergonomic}
     bool SegmentedCodeCache                       = true                                      {product} {ergonomic}
     bool UseCompressedClassPointers               = true                                 {lp64_product} {ergonomic}
     bool UseCompressedOops                        = true                                 {lp64_product} {ergonomic}
     bool UseG1GC                                  = true                                      {product} {ergonomic}
     bool UseLargePagesIndividualAllocation        = false                                  {pd product} {ergonomic}

Logging:
Log output configuration:
 #0: stdout all=warning uptime,level,tags
 #1: stderr all=off uptime,level,tags

Environment Variables:
PATH=C:\Program Files\Common Files\Oracle\Java\javapath;C:\Windows\system32;C:\Windows;C:\Windows\System32\Wbem;C:\Windows\System32\WindowsPowerShell\v1.0\;C:\Windows\System32\OpenSSH\;C:\Users\sfjbs\Downloads\micro service-20221001T105859Z-001\micro service\apache-maven-3.8.5-bin\apache-maven-3.8.5\bin;C:\Users\sfjbs\Downloads\micro service-20221001T105859Z-001\micro service\apache-maven-3.8.5-bin\apache-maven-3.8.5\lib;C:\Program Files\Git\cmd;C:\Program Files\Docker\Docker\resources\bin;C:\ProgramData\DockerDesktop\version-bin;C:\Users\sfjbs\AppData\Local\Microsoft\WindowsApps;C:\Users\sfjbs\Downloads\micro service-20221001T105859Z-001\micro service\apache-maven-3.8.5-bin\apache-maven-3.8.5\bin;C:\Users\sfjbs\Downloads\micro service-20221001T105859Z-001\micro service\apache-maven-3.8.5-bin\apache-maven-3.8.5\lib;;C:\Program Files\JetBrains\IntelliJ IDEA Community Edition 2022.2.1\bin;
USERNAME=sfjbs
OS=Windows_NT
PROCESSOR_IDENTIFIER=Intel64 Family 6 Model 85 Stepping 7, GenuineIntel
TMP=C:\Users\sfjbs\AppData\Local\Temp
TEMP=C:\Users\sfjbs\AppData\Local\Temp



---------------  S Y S T E M  ---------------

OS: Windows 10 , 64 bit Build 19041 (10.0.19041.1889)
OS uptime: 10 days 1:48 hours
Hyper-V role detected

CPU:total 4 (initial active 4) (2 cores per cpu, 2 threads per core) family 6 model 85 stepping 7 microcode 0xffffffff, cmov, cx8, fxsr, mmx, sse, sse2, sse3, ssse3, sse4.1, sse4.2, popcnt, avx, avx2, aes, clmul, erms, rtm, 3dnowpref, lzcnt, ht, tsc, bmi1, bmi2, adx, evex, fma

Memory: 4k page, system-wide physical 16382M (1896M free)
TotalPageFile size 20478M (AvailPageFile size 4M)
current process WorkingSet (physical memory assigned to process): 297M, peak: 297M
current process commit charge ("private bytes"): 506M, peak: 507M

vm_info: OpenJDK 64-Bit Server VM (11.0.17+8-LTS) for windows-amd64 JRE (11.0.17+8-LTS), built on Oct 14 2022 18:02:01 by "Administrator" with MS VC++ 15.9 (VS2017)

END.
