#
# There is insufficient memory for the Java Runtime Environment to continue.
# Native memory allocation (malloc) failed to allocate 1161616 bytes for Chunk::new
# Possible reasons:
#   The system is out of physical RAM or swap space
#   The process is running with CompressedOops enabled, and the Java Heap may be blocking the growth of the native heap
# Possible solutions:
#   Reduce memory load on the system
#   Increase physical memory or swap space
#   Check if swap backing store is full
#   Decrease Java heap size (-Xmx/-Xms)
#   Decrease number of Java threads
#   Decrease Java thread stack sizes (-Xss)
#   Set larger code cache with -XX:ReservedCodeCacheSize=
#   JVM is running with Zero Based Compressed Oops mode in which the Java heap is
#     placed in the first 32GB address space. The Java Heap base address is the
#     maximum limit for the native heap growth. Please use -XX:HeapBaseMinAddress
#     to set the Java Heap base and to place the Java Heap above 32GB virtual address.
# This output file may be truncated or incomplete.
#
#  Out of Memory Error (./src/hotspot/share/memory/arena.cpp:197), pid=102920, tid=416628
#
# JRE version: OpenJDK Runtime Environment Corretto-11.0.17.8.1 (11.0.17+8) (build 11.0.17+8-LTS)
# Java VM: OpenJDK 64-Bit Server VM Corretto-11.0.17.8.1 (11.0.17+8-LTS, mixed mode, tiered, compressed oops, g1 gc, windows-amd64)
# No core dump will be written. Minidumps are not enabled by default on client versions of Windows
#

---------------  S U M M A R Y ------------

Command Line: -ea -Didea.test.cyclic.buffer.size=1048576 -javaagent:C:\Program Files\JetBrains\IntelliJ IDEA Community Edition 2022.2.1\lib\idea_rt.jar=57798:C:\Program Files\JetBrains\IntelliJ IDEA Community Edition 2022.2.1\bin -Dfile.encoding=UTF-8 com.intellij.rt.junit.JUnitStarter -ideVersion5 -junit4 com.practice.miniproject.PensionServiceTest,getPensionByIDTest

Host: Intel(R) Xeon(R) Platinum 8272CL CPU @ 2.60GHz, 4 cores, 15G,  Windows 10 , 64 bit Build 19041 (10.0.19041.1889)
Time: Sat Oct 29 12:49:22 2022 Coordinated Universal Time elapsed time: 10.168393 seconds (0d 0h 0m 10s)

---------------  T H R E A D  ---------------

Current thread (0x0000020cb320c800):  JavaThread "C2 CompilerThread0" daemon [_thread_in_native, id=416628, stack(0x00000057e7800000,0x00000057e7900000)]


Current CompileTask:
C2:  10168 4566       4       org.springframework.core.annotation.AnnotationsScanner::getDeclaredAnnotations (166 bytes)

Stack: [0x00000057e7800000,0x00000057e7900000]
Native frames: (J=compiled Java code, j=interpreted, Vv=VM code, C=native code)
V  [jvm.dll+0x61f66a]
V  [jvm.dll+0x7ac889]
V  [jvm.dll+0x7adf78]
V  [jvm.dll+0x7ae653]
V  [jvm.dll+0x24fbe8]
V  [jvm.dll+0xc262c]
V  [jvm.dll+0xc2bec]
V  [jvm.dll+0x35a037]
V  [jvm.dll+0x325fc3]
V  [jvm.dll+0x3252fa]
V  [jvm.dll+0x209083]
V  [jvm.dll+0x20818d]
V  [jvm.dll+0x18a3c1]
V  [jvm.dll+0x217894]
V  [jvm.dll+0x215adb]
V  [jvm.dll+0x76f380]
V  [jvm.dll+0x7682b4]
V  [jvm.dll+0x61e4d5]
C  [ucrtbase.dll+0x21bb2]
C  [KERNEL32.DLL+0x17034]
C  [ntdll.dll+0x526a1]


---------------  P R O C E S S  ---------------

Threads class SMR info:
_java_thread_list=0x0000020cb9824990, length=15, elements={
0x0000020c8f48a000, 0x0000020cb2901800, 0x0000020cb2903000, 0x0000020cb3204800,
0x0000020cb3207800, 0x0000020cb3209000, 0x0000020cb320c800, 0x0000020cb3259800,
0x0000020cb327e000, 0x0000020cb31b1000, 0x0000020cb3443000, 0x0000020cb4eaa000,
0x0000020cb9688000, 0x0000020cb7c16000, 0x0000020cb37a9800
}

Java Threads: ( => current thread )
  0x0000020c8f48a000 JavaThread "main" [_thread_in_Java, id=282068, stack(0x00000057e6c00000,0x00000057e6d00000)]
  0x0000020cb2901800 JavaThread "Reference Handler" daemon [_thread_blocked, id=314944, stack(0x00000057e7300000,0x00000057e7400000)]
  0x0000020cb2903000 JavaThread "Finalizer" daemon [_thread_blocked, id=182292, stack(0x00000057e7400000,0x00000057e7500000)]
  0x0000020cb3204800 JavaThread "Signal Dispatcher" daemon [_thread_blocked, id=275896, stack(0x00000057e7500000,0x00000057e7600000)]
  0x0000020cb3207800 JavaThread "Attach Listener" daemon [_thread_blocked, id=203356, stack(0x00000057e7600000,0x00000057e7700000)]
  0x0000020cb3209000 JavaThread "Service Thread" daemon [_thread_blocked, id=335000, stack(0x00000057e7700000,0x00000057e7800000)]
=>0x0000020cb320c800 JavaThread "C2 CompilerThread0" daemon [_thread_in_native, id=416628, stack(0x00000057e7800000,0x00000057e7900000)]
  0x0000020cb3259800 JavaThread "C1 CompilerThread0" daemon [_thread_blocked, id=328184, stack(0x00000057e7900000,0x00000057e7a00000)]
  0x0000020cb327e000 JavaThread "Sweeper thread" daemon [_thread_blocked, id=173400, stack(0x00000057e7a00000,0x00000057e7b00000)]
  0x0000020cb31b1000 JavaThread "Common-Cleaner" daemon [_thread_blocked, id=5536, stack(0x00000057e7b00000,0x00000057e7c00000)]
  0x0000020cb3443000 JavaThread "Monitor Ctrl-Break" daemon [_thread_in_native, id=247756, stack(0x00000057e7c00000,0x00000057e7d00000)]
  0x0000020cb4eaa000 JavaThread "mysql-cj-abandoned-connection-cleanup" daemon [_thread_blocked, id=328880, stack(0x00000057e8200000,0x00000057e8300000)]
  0x0000020cb9688000 JavaThread "HikariPool-1 housekeeper" daemon [_thread_blocked, id=316548, stack(0x00000057e8400000,0x00000057e8500000)]
  0x0000020cb7c16000 JavaThread "HikariPool-1 connection adder" daemon [_thread_in_native, id=319388, stack(0x00000057e8500000,0x00000057e8600000)]
  0x0000020cb37a9800 JavaThread "C2 CompilerThread1" daemon [_thread_in_native, id=255940, stack(0x00000057e7e00000,0x00000057e7f00000)]

Other Threads:
  0x0000020cb292d800 VMThread "VM Thread" [stack: 0x00000057e7200000,0x00000057e7300000] [id=356548]
  0x0000020cb3444000 WatcherThread [stack: 0x00000057e7d00000,0x00000057e7e00000] [id=61808]
  0x0000020c8f4a2800 GCTaskThread "GC Thread#0" [stack: 0x00000057e6d00000,0x00000057e6e00000] [id=317616]
  0x0000020cb3b32000 GCTaskThread "GC Thread#1" [stack: 0x00000057e7f00000,0x00000057e8000000] [id=271820]
  0x0000020cb3b2e800 GCTaskThread "GC Thread#2" [stack: 0x00000057e8000000,0x00000057e8100000] [id=284592]
  0x0000020cb3b2f000 GCTaskThread "GC Thread#3" [stack: 0x00000057e8100000,0x00000057e8200000] [id=312200]
  0x0000020c8f4fe000 ConcurrentGCThread "G1 Main Marker" [stack: 0x00000057e6e00000,0x00000057e6f00000] [id=277564]
  0x0000020c8f501800 ConcurrentGCThread "G1 Conc#0" [stack: 0x00000057e6f00000,0x00000057e7000000] [id=355760]
  0x0000020cb27e6800 ConcurrentGCThread "G1 Refine#0" [stack: 0x00000057e7000000,0x00000057e7100000] [id=400564]
  0x0000020cb27e8000 ConcurrentGCThread "G1 Young RemSet Sampling" [stack: 0x00000057e7100000,0x00000057e7200000] [id=308172]

Threads with active compile tasks:
C2 CompilerThread0    10187 4566       4       org.springframework.core.annotation.AnnotationsScanner::getDeclaredAnnotations (166 bytes)
C1 CompilerThread0    10187 4638       3       sun.reflect.misc.ReflectUtil::checkPackageAccess (77 bytes)
C2 CompilerThread1    10187 4637   !   4       org.springframework.beans.factory.support.DefaultSingletonBeanRegistry::getSingleton (147 bytes)

VM state:not at safepoint (normal execution)

VM Mutex/Monitor currently owned by a thread: None

Heap address: 0x0000000700000000, size: 4096 MB, Compressed Oops mode: Zero based, Oop shift amount: 3
Narrow klass base: 0x0000000800000000, Narrow klass shift: 0
Compressed class space size: 1073741824 Address: 0x0000000800000000

Heap:
 garbage-first heap   total 315392K, used 83404K [0x0000000700000000, 0x0000000800000000)
  region size 1024K, 73 young (74752K), 8 survivors (8192K)
 Metaspace       used 57838K, capacity 59058K, committed 59392K, reserved 1101824K
  class space    used 7325K, capacity 7830K, committed 7936K, reserved 1048576K
Heap Regions: E=young(eden), S=young(survivor), O=old, HS=humongous(starts), HC=humongous(continues), CS=collection set, F=free, A=archive, TAMS=top-at-mark-start (previous, next)
|   0|0x0000000700000000, 0x0000000700100000, 0x0000000700100000|100%|HS|  |TAMS 0x0000000700100000, 0x0000000700000000| Complete 
|   1|0x0000000700100000, 0x0000000700200000, 0x0000000700200000|100%| O|  |TAMS 0x0000000700200000, 0x0000000700100000| Untracked 
|   2|0x0000000700200000, 0x0000000700300000, 0x0000000700300000|100%| O|  |TAMS 0x0000000700300000, 0x0000000700200000| Untracked 
|   3|0x0000000700300000, 0x0000000700400000, 0x0000000700400000|100%| O|  |TAMS 0x0000000700400000, 0x0000000700300000| Untracked 
|   4|0x0000000700400000, 0x0000000700500000, 0x0000000700500000|100%| O|  |TAMS 0x0000000700500000, 0x0000000700400000| Untracked 
|   5|0x0000000700500000, 0x0000000700600000, 0x0000000700600000|100%| O|  |TAMS 0x0000000700600000, 0x0000000700500000| Untracked 
|   6|0x0000000700600000, 0x0000000700700000, 0x0000000700700000|100%| O|  |TAMS 0x0000000700700000, 0x0000000700600000| Untracked 
|   7|0x0000000700700000, 0x0000000700800000, 0x0000000700800000|100%| O|  |TAMS 0x0000000700800000, 0x0000000700700000| Untracked 
|   8|0x0000000700800000, 0x0000000700900000, 0x0000000700900000|100%| O|  |TAMS 0x0000000700900000, 0x0000000700800000| Untracked 
|   9|0x0000000700900000, 0x0000000700975000, 0x0000000700a00000| 45%| O|  |TAMS 0x0000000700975000, 0x0000000700900000| Untracked 
|  10|0x0000000700a00000, 0x0000000700a00000, 0x0000000700b00000|  0%| F|  |TAMS 0x0000000700a00000, 0x0000000700a00000| Untracked 
|  11|0x0000000700b00000, 0x0000000700b00000, 0x0000000700c00000|  0%| F|  |TAMS 0x0000000700b00000, 0x0000000700b00000| Untracked 
|  12|0x0000000700c00000, 0x0000000700c00000, 0x0000000700d00000|  0%| F|  |TAMS 0x0000000700c00000, 0x0000000700c00000| Untracked 
|  13|0x0000000700d00000, 0x0000000700d00000, 0x0000000700e00000|  0%| F|  |TAMS 0x0000000700d00000, 0x0000000700d00000| Untracked 
|  14|0x0000000700e00000, 0x0000000700e00000, 0x0000000700f00000|  0%| F|  |TAMS 0x0000000700e00000, 0x0000000700e00000| Untracked 
|  15|0x0000000700f00000, 0x0000000700f00000, 0x0000000701000000|  0%| F|  |TAMS 0x0000000700f00000, 0x0000000700f00000| Untracked 
|  16|0x0000000701000000, 0x0000000701000000, 0x0000000701100000|  0%| F|  |TAMS 0x0000000701000000, 0x0000000701000000| Untracked 
|  17|0x0000000701100000, 0x0000000701100000, 0x0000000701200000|  0%| F|  |TAMS 0x0000000701100000, 0x0000000701100000| Untracked 
|  18|0x0000000701200000, 0x0000000701200000, 0x0000000701300000|  0%| F|  |TAMS 0x0000000701200000, 0x0000000701200000| Untracked 
|  19|0x0000000701300000, 0x0000000701300000, 0x0000000701400000|  0%| F|  |TAMS 0x0000000701300000, 0x0000000701300000| Untracked 
|  20|0x0000000701400000, 0x0000000701400000, 0x0000000701500000|  0%| F|  |TAMS 0x0000000701400000, 0x0000000701400000| Untracked 
|  21|0x0000000701500000, 0x0000000701500000, 0x0000000701600000|  0%| F|  |TAMS 0x0000000701500000, 0x0000000701500000| Untracked 
|  22|0x0000000701600000, 0x0000000701600000, 0x0000000701700000|  0%| F|  |TAMS 0x0000000701600000, 0x0000000701600000| Untracked 
|  23|0x0000000701700000, 0x0000000701700000, 0x0000000701800000|  0%| F|  |TAMS 0x0000000701700000, 0x0000000701700000| Untracked 
|  24|0x0000000701800000, 0x0000000701800000, 0x0000000701900000|  0%| F|  |TAMS 0x0000000701800000, 0x0000000701800000| Untracked 
|  25|0x0000000701900000, 0x0000000701900000, 0x0000000701a00000|  0%| F|  |TAMS 0x0000000701900000, 0x0000000701900000| Untracked 
|  26|0x0000000701a00000, 0x0000000701a00000, 0x0000000701b00000|  0%| F|  |TAMS 0x0000000701a00000, 0x0000000701a00000| Untracked 
|  27|0x0000000701b00000, 0x0000000701b00000, 0x0000000701c00000|  0%| F|  |TAMS 0x0000000701b00000, 0x0000000701b00000| Untracked 
|  28|0x0000000701c00000, 0x0000000701c00000, 0x0000000701d00000|  0%| F|  |TAMS 0x0000000701c00000, 0x0000000701c00000| Untracked 
|  29|0x0000000701d00000, 0x0000000701d00000, 0x0000000701e00000|  0%| F|  |TAMS 0x0000000701d00000, 0x0000000701d00000| Untracked 
|  30|0x0000000701e00000, 0x0000000701e00000, 0x0000000701f00000|  0%| F|  |TAMS 0x0000000701e00000, 0x0000000701e00000| Untracked 
|  31|0x0000000701f00000, 0x0000000701f00000, 0x0000000702000000|  0%| F|  |TAMS 0x0000000701f00000, 0x0000000701f00000| Untracked 
|  32|0x0000000702000000, 0x0000000702000000, 0x0000000702100000|  0%| F|  |TAMS 0x0000000702000000, 0x0000000702000000| Untracked 
|  33|0x0000000702100000, 0x0000000702100000, 0x0000000702200000|  0%| F|  |TAMS 0x0000000702100000, 0x0000000702100000| Untracked 
|  34|0x0000000702200000, 0x0000000702200000, 0x0000000702300000|  0%| F|  |TAMS 0x0000000702200000, 0x0000000702200000| Untracked 
|  35|0x0000000702300000, 0x0000000702300000, 0x0000000702400000|  0%| F|  |TAMS 0x0000000702300000, 0x0000000702300000| Untracked 
|  36|0x0000000702400000, 0x0000000702400000, 0x0000000702500000|  0%| F|  |TAMS 0x0000000702400000, 0x0000000702400000| Untracked 
|  37|0x0000000702500000, 0x0000000702500000, 0x0000000702600000|  0%| F|  |TAMS 0x0000000702500000, 0x0000000702500000| Untracked 
|  38|0x0000000702600000, 0x0000000702600000, 0x0000000702700000|  0%| F|  |TAMS 0x0000000702600000, 0x0000000702600000| Untracked 
|  39|0x0000000702700000, 0x0000000702700000, 0x0000000702800000|  0%| F|  |TAMS 0x0000000702700000, 0x0000000702700000| Untracked 
|  40|0x0000000702800000, 0x0000000702800000, 0x0000000702900000|  0%| F|  |TAMS 0x0000000702800000, 0x0000000702800000| Untracked 
|  41|0x0000000702900000, 0x0000000702900000, 0x0000000702a00000|  0%| F|  |TAMS 0x0000000702900000, 0x0000000702900000| Untracked 
|  42|0x0000000702a00000, 0x0000000702a00000, 0x0000000702b00000|  0%| F|  |TAMS 0x0000000702a00000, 0x0000000702a00000| Untracked 
|  43|0x0000000702b00000, 0x0000000702b00000, 0x0000000702c00000|  0%| F|  |TAMS 0x0000000702b00000, 0x0000000702b00000| Untracked 
|  44|0x0000000702c00000, 0x0000000702c00000, 0x0000000702d00000|  0%| F|  |TAMS 0x0000000702c00000, 0x0000000702c00000| Untracked 
|  45|0x0000000702d00000, 0x0000000702d00000, 0x0000000702e00000|  0%| F|  |TAMS 0x0000000702d00000, 0x0000000702d00000| Untracked 
|  46|0x0000000702e00000, 0x0000000702e00000, 0x0000000702f00000|  0%| F|  |TAMS 0x0000000702e00000, 0x0000000702e00000| Untracked 
|  47|0x0000000702f00000, 0x0000000702f00000, 0x0000000703000000|  0%| F|  |TAMS 0x0000000702f00000, 0x0000000702f00000| Untracked 
|  48|0x0000000703000000, 0x0000000703000000, 0x0000000703100000|  0%| F|  |TAMS 0x0000000703000000, 0x0000000703000000| Untracked 
|  49|0x0000000703100000, 0x0000000703100000, 0x0000000703200000|  0%| F|  |TAMS 0x0000000703100000, 0x0000000703100000| Untracked 
|  50|0x0000000703200000, 0x0000000703200000, 0x0000000703300000|  0%| F|  |TAMS 0x0000000703200000, 0x0000000703200000| Untracked 
|  51|0x0000000703300000, 0x0000000703300000, 0x0000000703400000|  0%| F|  |TAMS 0x0000000703300000, 0x0000000703300000| Untracked 
|  52|0x0000000703400000, 0x0000000703400000, 0x0000000703500000|  0%| F|  |TAMS 0x0000000703400000, 0x0000000703400000| Untracked 
|  53|0x0000000703500000, 0x0000000703500000, 0x0000000703600000|  0%| F|  |TAMS 0x0000000703500000, 0x0000000703500000| Untracked 
|  54|0x0000000703600000, 0x0000000703600000, 0x0000000703700000|  0%| F|  |TAMS 0x0000000703600000, 0x0000000703600000| Untracked 
|  55|0x0000000703700000, 0x0000000703700000, 0x0000000703800000|  0%| F|  |TAMS 0x0000000703700000, 0x0000000703700000| Untracked 
|  56|0x0000000703800000, 0x0000000703800000, 0x0000000703900000|  0%| F|  |TAMS 0x0000000703800000, 0x0000000703800000| Untracked 
|  57|0x0000000703900000, 0x0000000703900000, 0x0000000703a00000|  0%| F|  |TAMS 0x0000000703900000, 0x0000000703900000| Untracked 
|  58|0x0000000703a00000, 0x0000000703a00000, 0x0000000703b00000|  0%| F|  |TAMS 0x0000000703a00000, 0x0000000703a00000| Untracked 
|  59|0x0000000703b00000, 0x0000000703b00000, 0x0000000703c00000|  0%| F|  |TAMS 0x0000000703b00000, 0x0000000703b00000| Untracked 
|  60|0x0000000703c00000, 0x0000000703c00000, 0x0000000703d00000|  0%| F|  |TAMS 0x0000000703c00000, 0x0000000703c00000| Untracked 
|  61|0x0000000703d00000, 0x0000000703d00000, 0x0000000703e00000|  0%| F|  |TAMS 0x0000000703d00000, 0x0000000703d00000| Untracked 
|  62|0x0000000703e00000, 0x0000000703e00000, 0x0000000703f00000|  0%| F|  |TAMS 0x0000000703e00000, 0x0000000703e00000| Untracked 
|  63|0x0000000703f00000, 0x0000000703f00000, 0x0000000704000000|  0%| F|  |TAMS 0x0000000703f00000, 0x0000000703f00000| Untracked 
|  64|0x0000000704000000, 0x0000000704000000, 0x0000000704100000|  0%| F|  |TAMS 0x0000000704000000, 0x0000000704000000| Untracked 
|  65|0x0000000704100000, 0x0000000704100000, 0x0000000704200000|  0%| F|  |TAMS 0x0000000704100000, 0x0000000704100000| Untracked 
|  66|0x0000000704200000, 0x0000000704200000, 0x0000000704300000|  0%| F|  |TAMS 0x0000000704200000, 0x0000000704200000| Untracked 
|  67|0x0000000704300000, 0x0000000704300000, 0x0000000704400000|  0%| F|  |TAMS 0x0000000704300000, 0x0000000704300000| Untracked 
|  68|0x0000000704400000, 0x0000000704400000, 0x0000000704500000|  0%| F|  |TAMS 0x0000000704400000, 0x0000000704400000| Untracked 
|  69|0x0000000704500000, 0x0000000704500000, 0x0000000704600000|  0%| F|  |TAMS 0x0000000704500000, 0x0000000704500000| Untracked 
|  70|0x0000000704600000, 0x0000000704600000, 0x0000000704700000|  0%| F|  |TAMS 0x0000000704600000, 0x0000000704600000| Untracked 
|  71|0x0000000704700000, 0x0000000704700000, 0x0000000704800000|  0%| F|  |TAMS 0x0000000704700000, 0x0000000704700000| Untracked 
|  72|0x0000000704800000, 0x0000000704800000, 0x0000000704900000|  0%| F|  |TAMS 0x0000000704800000, 0x0000000704800000| Untracked 
|  73|0x0000000704900000, 0x0000000704900000, 0x0000000704a00000|  0%| F|  |TAMS 0x0000000704900000, 0x0000000704900000| Untracked 
|  74|0x0000000704a00000, 0x0000000704a00000, 0x0000000704b00000|  0%| F|  |TAMS 0x0000000704a00000, 0x0000000704a00000| Untracked 
|  75|0x0000000704b00000, 0x0000000704b00000, 0x0000000704c00000|  0%| F|  |TAMS 0x0000000704b00000, 0x0000000704b00000| Untracked 
|  76|0x0000000704c00000, 0x0000000704c00000, 0x0000000704d00000|  0%| F|  |TAMS 0x0000000704c00000, 0x0000000704c00000| Untracked 
|  77|0x0000000704d00000, 0x0000000704d00000, 0x0000000704e00000|  0%| F|  |TAMS 0x0000000704d00000, 0x0000000704d00000| Untracked 
|  78|0x0000000704e00000, 0x0000000704e00000, 0x0000000704f00000|  0%| F|  |TAMS 0x0000000704e00000, 0x0000000704e00000| Untracked 
|  79|0x0000000704f00000, 0x0000000704f00000, 0x0000000705000000|  0%| F|  |TAMS 0x0000000704f00000, 0x0000000704f00000| Untracked 
|  80|0x0000000705000000, 0x0000000705000000, 0x0000000705100000|  0%| F|  |TAMS 0x0000000705000000, 0x0000000705000000| Untracked 
|  81|0x0000000705100000, 0x0000000705100000, 0x0000000705200000|  0%| F|  |TAMS 0x0000000705100000, 0x0000000705100000| Untracked 
|  82|0x0000000705200000, 0x0000000705200000, 0x0000000705300000|  0%| F|  |TAMS 0x0000000705200000, 0x0000000705200000| Untracked 
|  83|0x0000000705300000, 0x0000000705300000, 0x0000000705400000|  0%| F|  |TAMS 0x0000000705300000, 0x0000000705300000| Untracked 
|  84|0x0000000705400000, 0x0000000705400000, 0x0000000705500000|  0%| F|  |TAMS 0x0000000705400000, 0x0000000705400000| Untracked 
|  85|0x0000000705500000, 0x0000000705500000, 0x0000000705600000|  0%| F|  |TAMS 0x0000000705500000, 0x0000000705500000| Untracked 
|  86|0x0000000705600000, 0x0000000705600000, 0x0000000705700000|  0%| F|  |TAMS 0x0000000705600000, 0x0000000705600000| Untracked 
|  87|0x0000000705700000, 0x0000000705700000, 0x0000000705800000|  0%| F|  |TAMS 0x0000000705700000, 0x0000000705700000| Untracked 
|  88|0x0000000705800000, 0x0000000705800000, 0x0000000705900000|  0%| F|  |TAMS 0x0000000705800000, 0x0000000705800000| Untracked 
|  89|0x0000000705900000, 0x0000000705900000, 0x0000000705a00000|  0%| F|  |TAMS 0x0000000705900000, 0x0000000705900000| Untracked 
|  90|0x0000000705a00000, 0x0000000705a00000, 0x0000000705b00000|  0%| F|  |TAMS 0x0000000705a00000, 0x0000000705a00000| Untracked 
|  91|0x0000000705b00000, 0x0000000705b00000, 0x0000000705c00000|  0%| F|  |TAMS 0x0000000705b00000, 0x0000000705b00000| Untracked 
|  92|0x0000000705c00000, 0x0000000705c00000, 0x0000000705d00000|  0%| F|  |TAMS 0x0000000705c00000, 0x0000000705c00000| Untracked 
|  93|0x0000000705d00000, 0x0000000705d00000, 0x0000000705e00000|  0%| F|  |TAMS 0x0000000705d00000, 0x0000000705d00000| Untracked 
|  94|0x0000000705e00000, 0x0000000705e00000, 0x0000000705f00000|  0%| F|  |TAMS 0x0000000705e00000, 0x0000000705e00000| Untracked 
|  95|0x0000000705f00000, 0x0000000705f00000, 0x0000000706000000|  0%| F|  |TAMS 0x0000000705f00000, 0x0000000705f00000| Untracked 
|  96|0x0000000706000000, 0x0000000706000000, 0x0000000706100000|  0%| F|  |TAMS 0x0000000706000000, 0x0000000706000000| Untracked 
|  97|0x0000000706100000, 0x0000000706100000, 0x0000000706200000|  0%| F|  |TAMS 0x0000000706100000, 0x0000000706100000| Untracked 
|  98|0x0000000706200000, 0x0000000706200000, 0x0000000706300000|  0%| F|  |TAMS 0x0000000706200000, 0x0000000706200000| Untracked 
|  99|0x0000000706300000, 0x0000000706300000, 0x0000000706400000|  0%| F|  |TAMS 0x0000000706300000, 0x0000000706300000| Untracked 
| 100|0x0000000706400000, 0x0000000706400000, 0x0000000706500000|  0%| F|  |TAMS 0x0000000706400000, 0x0000000706400000| Untracked 
| 101|0x0000000706500000, 0x0000000706500000, 0x0000000706600000|  0%| F|  |TAMS 0x0000000706500000, 0x0000000706500000| Untracked 
| 102|0x0000000706600000, 0x0000000706600000, 0x0000000706700000|  0%| F|  |TAMS 0x0000000706600000, 0x0000000706600000| Untracked 
| 103|0x0000000706700000, 0x0000000706700000, 0x0000000706800000|  0%| F|  |TAMS 0x0000000706700000, 0x0000000706700000| Untracked 
| 104|0x0000000706800000, 0x0000000706800000, 0x0000000706900000|  0%| F|  |TAMS 0x0000000706800000, 0x0000000706800000| Untracked 
| 105|0x0000000706900000, 0x0000000706900000, 0x0000000706a00000|  0%| F|  |TAMS 0x0000000706900000, 0x0000000706900000| Untracked 
| 106|0x0000000706a00000, 0x0000000706a00000, 0x0000000706b00000|  0%| F|  |TAMS 0x0000000706a00000, 0x0000000706a00000| Untracked 
| 107|0x0000000706b00000, 0x0000000706b00000, 0x0000000706c00000|  0%| F|  |TAMS 0x0000000706b00000, 0x0000000706b00000| Untracked 
| 108|0x0000000706c00000, 0x0000000706c00000, 0x0000000706d00000|  0%| F|  |TAMS 0x0000000706c00000, 0x0000000706c00000| Untracked 
| 109|0x0000000706d00000, 0x0000000706d00000, 0x0000000706e00000|  0%| F|  |TAMS 0x0000000706d00000, 0x0000000706d00000| Untracked 
| 110|0x0000000706e00000, 0x0000000706e00000, 0x0000000706f00000|  0%| F|  |TAMS 0x0000000706e00000, 0x0000000706e00000| Untracked 
| 111|0x0000000706f00000, 0x0000000706f00000, 0x0000000707000000|  0%| F|  |TAMS 0x0000000706f00000, 0x0000000706f00000| Untracked 
| 112|0x0000000707000000, 0x0000000707000000, 0x0000000707100000|  0%| F|  |TAMS 0x0000000707000000, 0x0000000707000000| Untracked 
| 113|0x0000000707100000, 0x0000000707100000, 0x0000000707200000|  0%| F|  |TAMS 0x0000000707100000, 0x0000000707100000| Untracked 
| 114|0x0000000707200000, 0x0000000707200000, 0x0000000707300000|  0%| F|  |TAMS 0x0000000707200000, 0x0000000707200000| Untracked 
| 115|0x0000000707300000, 0x0000000707300000, 0x0000000707400000|  0%| F|  |TAMS 0x0000000707300000, 0x0000000707300000| Untracked 
| 116|0x0000000707400000, 0x0000000707400000, 0x0000000707500000|  0%| F|  |TAMS 0x0000000707400000, 0x0000000707400000| Untracked 
| 117|0x0000000707500000, 0x0000000707500000, 0x0000000707600000|  0%| F|  |TAMS 0x0000000707500000, 0x0000000707500000| Untracked 
| 118|0x0000000707600000, 0x0000000707600000, 0x0000000707700000|  0%| F|  |TAMS 0x0000000707600000, 0x0000000707600000| Untracked 
| 119|0x0000000707700000, 0x0000000707700000, 0x0000000707800000|  0%| F|  |TAMS 0x0000000707700000, 0x0000000707700000| Untracked 
| 120|0x0000000707800000, 0x0000000707800000, 0x0000000707900000|  0%| F|  |TAMS 0x0000000707800000, 0x0000000707800000| Untracked 
| 121|0x0000000707900000, 0x0000000707900000, 0x0000000707a00000|  0%| F|  |TAMS 0x0000000707900000, 0x0000000707900000| Untracked 
| 122|0x0000000707a00000, 0x0000000707a00000, 0x0000000707b00000|  0%| F|  |TAMS 0x0000000707a00000, 0x0000000707a00000| Untracked 
| 123|0x0000000707b00000, 0x0000000707b00000, 0x0000000707c00000|  0%| F|  |TAMS 0x0000000707b00000, 0x0000000707b00000| Untracked 
| 124|0x0000000707c00000, 0x0000000707c00000, 0x0000000707d00000|  0%| F|  |TAMS 0x0000000707c00000, 0x0000000707c00000| Untracked 
| 125|0x0000000707d00000, 0x0000000707d00000, 0x0000000707e00000|  0%| F|  |TAMS 0x0000000707d00000, 0x0000000707d00000| Untracked 
| 126|0x0000000707e00000, 0x0000000707e00000, 0x0000000707f00000|  0%| F|  |TAMS 0x0000000707e00000, 0x0000000707e00000| Untracked 
| 127|0x0000000707f00000, 0x0000000707f00000, 0x0000000708000000|  0%| F|  |TAMS 0x0000000707f00000, 0x0000000707f00000| Untracked 
| 128|0x0000000708000000, 0x0000000708000000, 0x0000000708100000|  0%| F|  |TAMS 0x0000000708000000, 0x0000000708000000| Untracked 
| 129|0x0000000708100000, 0x0000000708100000, 0x0000000708200000|  0%| F|  |TAMS 0x0000000708100000, 0x0000000708100000| Untracked 
| 130|0x0000000708200000, 0x0000000708200000, 0x0000000708300000|  0%| F|  |TAMS 0x0000000708200000, 0x0000000708200000| Untracked 
| 131|0x0000000708300000, 0x0000000708300000, 0x0000000708400000|  0%| F|  |TAMS 0x0000000708300000, 0x0000000708300000| Untracked 
| 132|0x0000000708400000, 0x0000000708400000, 0x0000000708500000|  0%| F|  |TAMS 0x0000000708400000, 0x0000000708400000| Untracked 
| 133|0x0000000708500000, 0x0000000708500000, 0x0000000708600000|  0%| F|  |TAMS 0x0000000708500000, 0x0000000708500000| Untracked 
| 134|0x0000000708600000, 0x0000000708600000, 0x0000000708700000|  0%| F|  |TAMS 0x0000000708600000, 0x0000000708600000| Untracked 
| 135|0x0000000708700000, 0x0000000708700000, 0x0000000708800000|  0%| F|  |TAMS 0x0000000708700000, 0x0000000708700000| Untracked 
| 136|0x0000000708800000, 0x0000000708800000, 0x0000000708900000|  0%| F|  |TAMS 0x0000000708800000, 0x0000000708800000| Untracked 
| 137|0x0000000708900000, 0x0000000708900000, 0x0000000708a00000|  0%| F|  |TAMS 0x0000000708900000, 0x0000000708900000| Untracked 
| 138|0x0000000708a00000, 0x0000000708a00000, 0x0000000708b00000|  0%| F|  |TAMS 0x0000000708a00000, 0x0000000708a00000| Untracked 
| 139|0x0000000708b00000, 0x0000000708b00000, 0x0000000708c00000|  0%| F|  |TAMS 0x0000000708b00000, 0x0000000708b00000| Untracked 
| 140|0x0000000708c00000, 0x0000000708c00000, 0x0000000708d00000|  0%| F|  |TAMS 0x0000000708c00000, 0x0000000708c00000| Untracked 
| 141|0x0000000708d00000, 0x0000000708d00000, 0x0000000708e00000|  0%| F|  |TAMS 0x0000000708d00000, 0x0000000708d00000| Untracked 
| 142|0x0000000708e00000, 0x0000000708e00000, 0x0000000708f00000|  0%| F|  |TAMS 0x0000000708e00000, 0x0000000708e00000| Untracked 
| 143|0x0000000708f00000, 0x0000000708f00000, 0x0000000709000000|  0%| F|  |TAMS 0x0000000708f00000, 0x0000000708f00000| Untracked 
| 144|0x0000000709000000, 0x0000000709000000, 0x0000000709100000|  0%| F|  |TAMS 0x0000000709000000, 0x0000000709000000| Untracked 
| 145|0x0000000709100000, 0x0000000709100000, 0x0000000709200000|  0%| F|  |TAMS 0x0000000709100000, 0x0000000709100000| Untracked 
| 146|0x0000000709200000, 0x0000000709200000, 0x0000000709300000|  0%| F|  |TAMS 0x0000000709200000, 0x0000000709200000| Untracked 
| 147|0x0000000709300000, 0x0000000709300000, 0x0000000709400000|  0%| F|  |TAMS 0x0000000709300000, 0x0000000709300000| Untracked 
| 148|0x0000000709400000, 0x0000000709400000, 0x0000000709500000|  0%| F|  |TAMS 0x0000000709400000, 0x0000000709400000| Untracked 
| 149|0x0000000709500000, 0x0000000709500000, 0x0000000709600000|  0%| F|  |TAMS 0x0000000709500000, 0x0000000709500000| Untracked 
| 150|0x0000000709600000, 0x0000000709600000, 0x0000000709700000|  0%| F|  |TAMS 0x0000000709600000, 0x0000000709600000| Untracked 
| 151|0x0000000709700000, 0x0000000709700000, 0x0000000709800000|  0%| F|  |TAMS 0x0000000709700000, 0x0000000709700000| Untracked 
| 152|0x0000000709800000, 0x0000000709800000, 0x0000000709900000|  0%| F|  |TAMS 0x0000000709800000, 0x0000000709800000| Untracked 
| 153|0x0000000709900000, 0x0000000709900000, 0x0000000709a00000|  0%| F|  |TAMS 0x0000000709900000, 0x0000000709900000| Untracked 
| 154|0x0000000709a00000, 0x0000000709a00000, 0x0000000709b00000|  0%| F|  |TAMS 0x0000000709a00000, 0x0000000709a00000| Untracked 
| 155|0x0000000709b00000, 0x0000000709b00000, 0x0000000709c00000|  0%| F|  |TAMS 0x0000000709b00000, 0x0000000709b00000| Untracked 
| 156|0x0000000709c00000, 0x0000000709c00000, 0x0000000709d00000|  0%| F|  |TAMS 0x0000000709c00000, 0x0000000709c00000| Untracked 
| 157|0x0000000709d00000, 0x0000000709d00000, 0x0000000709e00000|  0%| F|  |TAMS 0x0000000709d00000, 0x0000000709d00000| Untracked 
| 158|0x0000000709e00000, 0x0000000709e00000, 0x0000000709f00000|  0%| F|  |TAMS 0x0000000709e00000, 0x0000000709e00000| Untracked 
| 159|0x0000000709f00000, 0x0000000709f00000, 0x000000070a000000|  0%| F|  |TAMS 0x0000000709f00000, 0x0000000709f00000| Untracked 
| 160|0x000000070a000000, 0x000000070a000000, 0x000000070a100000|  0%| F|  |TAMS 0x000000070a000000, 0x000000070a000000| Untracked 
| 161|0x000000070a100000, 0x000000070a100000, 0x000000070a200000|  0%| F|  |TAMS 0x000000070a100000, 0x000000070a100000| Untracked 
| 162|0x000000070a200000, 0x000000070a200000, 0x000000070a300000|  0%| F|  |TAMS 0x000000070a200000, 0x000000070a200000| Untracked 
| 163|0x000000070a300000, 0x000000070a300000, 0x000000070a400000|  0%| F|  |TAMS 0x000000070a300000, 0x000000070a300000| Untracked 
| 164|0x000000070a400000, 0x000000070a400000, 0x000000070a500000|  0%| F|  |TAMS 0x000000070a400000, 0x000000070a400000| Untracked 
| 165|0x000000070a500000, 0x000000070a500000, 0x000000070a600000|  0%| F|  |TAMS 0x000000070a500000, 0x000000070a500000| Untracked 
| 166|0x000000070a600000, 0x000000070a600000, 0x000000070a700000|  0%| F|  |TAMS 0x000000070a600000, 0x000000070a600000| Untracked 
| 167|0x000000070a700000, 0x000000070a700000, 0x000000070a800000|  0%| F|  |TAMS 0x000000070a700000, 0x000000070a700000| Untracked 
| 168|0x000000070a800000, 0x000000070a800000, 0x000000070a900000|  0%| F|  |TAMS 0x000000070a800000, 0x000000070a800000| Untracked 
| 169|0x000000070a900000, 0x000000070a900000, 0x000000070aa00000|  0%| F|  |TAMS 0x000000070a900000, 0x000000070a900000| Untracked 
| 170|0x000000070aa00000, 0x000000070aa00000, 0x000000070ab00000|  0%| F|  |TAMS 0x000000070aa00000, 0x000000070aa00000| Untracked 
| 171|0x000000070ab00000, 0x000000070ab00000, 0x000000070ac00000|  0%| F|  |TAMS 0x000000070ab00000, 0x000000070ab00000| Untracked 
| 172|0x000000070ac00000, 0x000000070ac00000, 0x000000070ad00000|  0%| F|  |TAMS 0x000000070ac00000, 0x000000070ac00000| Untracked 
| 173|0x000000070ad00000, 0x000000070ad00000, 0x000000070ae00000|  0%| F|  |TAMS 0x000000070ad00000, 0x000000070ad00000| Untracked 
| 174|0x000000070ae00000, 0x000000070ae00000, 0x000000070af00000|  0%| F|  |TAMS 0x000000070ae00000, 0x000000070ae00000| Untracked 
| 175|0x000000070af00000, 0x000000070af00000, 0x000000070b000000|  0%| F|  |TAMS 0x000000070af00000, 0x000000070af00000| Untracked 
| 176|0x000000070b000000, 0x000000070b000000, 0x000000070b100000|  0%| F|  |TAMS 0x000000070b000000, 0x000000070b000000| Untracked 
| 177|0x000000070b100000, 0x000000070b100000, 0x000000070b200000|  0%| F|  |TAMS 0x000000070b100000, 0x000000070b100000| Untracked 
| 178|0x000000070b200000, 0x000000070b200000, 0x000000070b300000|  0%| F|  |TAMS 0x000000070b200000, 0x000000070b200000| Untracked 
| 179|0x000000070b300000, 0x000000070b300000, 0x000000070b400000|  0%| F|  |TAMS 0x000000070b300000, 0x000000070b300000| Untracked 
| 180|0x000000070b400000, 0x000000070b400000, 0x000000070b500000|  0%| F|  |TAMS 0x000000070b400000, 0x000000070b400000| Untracked 
| 181|0x000000070b500000, 0x000000070b500000, 0x000000070b600000|  0%| F|  |TAMS 0x000000070b500000, 0x000000070b500000| Untracked 
| 182|0x000000070b600000, 0x000000070b600000, 0x000000070b700000|  0%| F|  |TAMS 0x000000070b600000, 0x000000070b600000| Untracked 
| 183|0x000000070b700000, 0x000000070b700000, 0x000000070b800000|  0%| F|  |TAMS 0x000000070b700000, 0x000000070b700000| Untracked 
| 184|0x000000070b800000, 0x000000070b800000, 0x000000070b900000|  0%| F|  |TAMS 0x000000070b800000, 0x000000070b800000| Untracked 
| 185|0x000000070b900000, 0x000000070b900000, 0x000000070ba00000|  0%| F|  |TAMS 0x000000070b900000, 0x000000070b900000| Untracked 
| 186|0x000000070ba00000, 0x000000070ba00000, 0x000000070bb00000|  0%| F|  |TAMS 0x000000070ba00000, 0x000000070ba00000| Untracked 
| 187|0x000000070bb00000, 0x000000070bb00000, 0x000000070bc00000|  0%| F|  |TAMS 0x000000070bb00000, 0x000000070bb00000| Untracked 
| 188|0x000000070bc00000, 0x000000070bc00000, 0x000000070bd00000|  0%| F|  |TAMS 0x000000070bc00000, 0x000000070bc00000| Untracked 
| 189|0x000000070bd00000, 0x000000070bd00000, 0x000000070be00000|  0%| F|  |TAMS 0x000000070bd00000, 0x000000070bd00000| Untracked 
| 190|0x000000070be00000, 0x000000070be00000, 0x000000070bf00000|  0%| F|  |TAMS 0x000000070be00000, 0x000000070be00000| Untracked 
| 191|0x000000070bf00000, 0x000000070bf00000, 0x000000070c000000|  0%| F|  |TAMS 0x000000070bf00000, 0x000000070bf00000| Untracked 
| 192|0x000000070c000000, 0x000000070c000000, 0x000000070c100000|  0%| F|  |TAMS 0x000000070c000000, 0x000000070c000000| Untracked 
| 193|0x000000070c100000, 0x000000070c100000, 0x000000070c200000|  0%| F|  |TAMS 0x000000070c100000, 0x000000070c100000| Untracked 
| 194|0x000000070c200000, 0x000000070c200000, 0x000000070c300000|  0%| F|  |TAMS 0x000000070c200000, 0x000000070c200000| Untracked 
| 195|0x000000070c300000, 0x000000070c300000, 0x000000070c400000|  0%| F|  |TAMS 0x000000070c300000, 0x000000070c300000| Untracked 
| 196|0x000000070c400000, 0x000000070c400000, 0x000000070c500000|  0%| F|  |TAMS 0x000000070c400000, 0x000000070c400000| Untracked 
| 197|0x000000070c500000, 0x000000070c500000, 0x000000070c600000|  0%| F|  |TAMS 0x000000070c500000, 0x000000070c500000| Untracked 
| 198|0x000000070c600000, 0x000000070c600000, 0x000000070c700000|  0%| F|  |TAMS 0x000000070c600000, 0x000000070c600000| Untracked 
| 199|0x000000070c700000, 0x000000070c700000, 0x000000070c800000|  0%| F|  |TAMS 0x000000070c700000, 0x000000070c700000| Untracked 
| 200|0x000000070c800000, 0x000000070c800000, 0x000000070c900000|  0%| F|  |TAMS 0x000000070c800000, 0x000000070c800000| Untracked 
| 201|0x000000070c900000, 0x000000070c9fe0c8, 0x000000070ca00000| 99%| S|CS|TAMS 0x000000070c900000, 0x000000070c900000| Complete 
| 202|0x000000070ca00000, 0x000000070cb00000, 0x000000070cb00000|100%| S|CS|TAMS 0x000000070ca00000, 0x000000070ca00000| Complete 
| 203|0x000000070cb00000, 0x000000070cc00000, 0x000000070cc00000|100%| S|CS|TAMS 0x000000070cb00000, 0x000000070cb00000| Complete 
| 204|0x000000070cc00000, 0x000000070cd00000, 0x000000070cd00000|100%| S|CS|TAMS 0x000000070cc00000, 0x000000070cc00000| Complete 
| 205|0x000000070cd00000, 0x000000070cd00000, 0x000000070ce00000|  0%| F|  |TAMS 0x000000070cd00000, 0x000000070cd00000| Untracked 
| 206|0x000000070ce00000, 0x000000070ce00000, 0x000000070cf00000|  0%| F|  |TAMS 0x000000070ce00000, 0x000000070ce00000| Untracked 
| 207|0x000000070cf00000, 0x000000070cf00000, 0x000000070d000000|  0%| F|  |TAMS 0x000000070cf00000, 0x000000070cf00000| Untracked 
| 208|0x000000070d000000, 0x000000070d000000, 0x000000070d100000|  0%| F|  |TAMS 0x000000070d000000, 0x000000070d000000| Untracked 
| 209|0x000000070d100000, 0x000000070d100000, 0x000000070d200000|  0%| F|  |TAMS 0x000000070d100000, 0x000000070d100000| Untracked 
| 210|0x000000070d200000, 0x000000070d300000, 0x000000070d300000|100%| S|CS|TAMS 0x000000070d200000, 0x000000070d200000| Complete 
| 211|0x000000070d300000, 0x000000070d400000, 0x000000070d400000|100%| S|CS|TAMS 0x000000070d300000, 0x000000070d300000| Complete 
| 212|0x000000070d400000, 0x000000070d500000, 0x000000070d500000|100%| S|CS|TAMS 0x000000070d400000, 0x000000070d400000| Complete 
| 213|0x000000070d500000, 0x000000070d600000, 0x000000070d600000|100%| S|CS|TAMS 0x000000070d500000, 0x000000070d500000| Complete 
| 214|0x000000070d600000, 0x000000070d600000, 0x000000070d700000|  0%| F|  |TAMS 0x000000070d600000, 0x000000070d600000| Untracked 
| 215|0x000000070d700000, 0x000000070d700000, 0x000000070d800000|  0%| F|  |TAMS 0x000000070d700000, 0x000000070d700000| Untracked 
| 216|0x000000070d800000, 0x000000070d800000, 0x000000070d900000|  0%| F|  |TAMS 0x000000070d800000, 0x000000070d800000| Untracked 
| 217|0x000000070d900000, 0x000000070d900000, 0x000000070da00000|  0%| F|  |TAMS 0x000000070d900000, 0x000000070d900000| Untracked 
| 218|0x000000070da00000, 0x000000070da00000, 0x000000070db00000|  0%| F|  |TAMS 0x000000070da00000, 0x000000070da00000| Untracked 
| 219|0x000000070db00000, 0x000000070db00000, 0x000000070dc00000|  0%| F|  |TAMS 0x000000070db00000, 0x000000070db00000| Untracked 
| 220|0x000000070dc00000, 0x000000070dc00000, 0x000000070dd00000|  0%| F|  |TAMS 0x000000070dc00000, 0x000000070dc00000| Untracked 
| 221|0x000000070dd00000, 0x000000070dd00000, 0x000000070de00000|  0%| F|  |TAMS 0x000000070dd00000, 0x000000070dd00000| Untracked 
| 222|0x000000070de00000, 0x000000070de00000, 0x000000070df00000|  0%| F|  |TAMS 0x000000070de00000, 0x000000070de00000| Untracked 
| 223|0x000000070df00000, 0x000000070df00000, 0x000000070e000000|  0%| F|  |TAMS 0x000000070df00000, 0x000000070df00000| Untracked 
| 224|0x000000070e000000, 0x000000070e000000, 0x000000070e100000|  0%| F|  |TAMS 0x000000070e000000, 0x000000070e000000| Untracked 
| 225|0x000000070e100000, 0x000000070e100000, 0x000000070e200000|  0%| F|  |TAMS 0x000000070e100000, 0x000000070e100000| Untracked 
| 226|0x000000070e200000, 0x000000070e200000, 0x000000070e300000|  0%| F|  |TAMS 0x000000070e200000, 0x000000070e200000| Untracked 
| 227|0x000000070e300000, 0x000000070e300000, 0x000000070e400000|  0%| F|  |TAMS 0x000000070e300000, 0x000000070e300000| Untracked 
| 228|0x000000070e400000, 0x000000070e400000, 0x000000070e500000|  0%| F|  |TAMS 0x000000070e400000, 0x000000070e400000| Untracked 
| 229|0x000000070e500000, 0x000000070e500000, 0x000000070e600000|  0%| F|  |TAMS 0x000000070e500000, 0x000000070e500000| Untracked 
| 230|0x000000070e600000, 0x000000070e600000, 0x000000070e700000|  0%| F|  |TAMS 0x000000070e600000, 0x000000070e600000| Untracked 
| 231|0x000000070e700000, 0x000000070e700000, 0x000000070e800000|  0%| F|  |TAMS 0x000000070e700000, 0x000000070e700000| Untracked 
| 232|0x000000070e800000, 0x000000070e800000, 0x000000070e900000|  0%| F|  |TAMS 0x000000070e800000, 0x000000070e800000| Untracked 
| 233|0x000000070e900000, 0x000000070e900000, 0x000000070ea00000|  0%| F|  |TAMS 0x000000070e900000, 0x000000070e900000| Untracked 
| 234|0x000000070ea00000, 0x000000070ea00000, 0x000000070eb00000|  0%| F|  |TAMS 0x000000070ea00000, 0x000000070ea00000| Untracked 
| 235|0x000000070eb00000, 0x000000070eb00000, 0x000000070ec00000|  0%| F|  |TAMS 0x000000070eb00000, 0x000000070eb00000| Untracked 
| 236|0x000000070ec00000, 0x000000070ec00000, 0x000000070ed00000|  0%| F|  |TAMS 0x000000070ec00000, 0x000000070ec00000| Untracked 
| 237|0x000000070ed00000, 0x000000070ed00000, 0x000000070ee00000|  0%| F|  |TAMS 0x000000070ed00000, 0x000000070ed00000| Untracked 
| 238|0x000000070ee00000, 0x000000070ee00000, 0x000000070ef00000|  0%| F|  |TAMS 0x000000070ee00000, 0x000000070ee00000| Untracked 
| 239|0x000000070ef00000, 0x000000070ef00000, 0x000000070f000000|  0%| F|  |TAMS 0x000000070ef00000, 0x000000070ef00000| Untracked 
| 240|0x000000070f000000, 0x000000070f000000, 0x000000070f100000|  0%| F|  |TAMS 0x000000070f000000, 0x000000070f000000| Untracked 
| 241|0x000000070f100000, 0x000000070f100000, 0x000000070f200000|  0%| F|  |TAMS 0x000000070f100000, 0x000000070f100000| Untracked 
| 242|0x000000070f200000, 0x000000070f280800, 0x000000070f300000| 50%| E|  |TAMS 0x000000070f200000, 0x000000070f200000| Complete 
| 243|0x000000070f300000, 0x000000070f400000, 0x000000070f400000|100%| E|CS|TAMS 0x000000070f300000, 0x000000070f300000| Complete 
| 244|0x000000070f400000, 0x000000070f500000, 0x000000070f500000|100%| E|CS|TAMS 0x000000070f400000, 0x000000070f400000| Complete 
| 245|0x000000070f500000, 0x000000070f600000, 0x000000070f600000|100%| E|CS|TAMS 0x000000070f500000, 0x000000070f500000| Complete 
| 246|0x000000070f600000, 0x000000070f700000, 0x000000070f700000|100%| E|CS|TAMS 0x000000070f600000, 0x000000070f600000| Complete 
| 247|0x000000070f700000, 0x000000070f800000, 0x000000070f800000|100%| E|CS|TAMS 0x000000070f700000, 0x000000070f700000| Complete 
| 248|0x000000070f800000, 0x000000070f900000, 0x000000070f900000|100%| E|CS|TAMS 0x000000070f800000, 0x000000070f800000| Complete 
| 249|0x000000070f900000, 0x000000070fa00000, 0x000000070fa00000|100%| E|CS|TAMS 0x000000070f900000, 0x000000070f900000| Complete 
| 250|0x000000070fa00000, 0x000000070fb00000, 0x000000070fb00000|100%| E|CS|TAMS 0x000000070fa00000, 0x000000070fa00000| Complete 
| 251|0x000000070fb00000, 0x000000070fc00000, 0x000000070fc00000|100%| E|CS|TAMS 0x000000070fb00000, 0x000000070fb00000| Complete 
| 252|0x000000070fc00000, 0x000000070fd00000, 0x000000070fd00000|100%| E|CS|TAMS 0x000000070fc00000, 0x000000070fc00000| Complete 
| 253|0x000000070fd00000, 0x000000070fe00000, 0x000000070fe00000|100%| E|CS|TAMS 0x000000070fd00000, 0x000000070fd00000| Complete 
| 254|0x000000070fe00000, 0x000000070ff00000, 0x000000070ff00000|100%| E|CS|TAMS 0x000000070fe00000, 0x000000070fe00000| Complete 
| 255|0x000000070ff00000, 0x0000000710000000, 0x0000000710000000|100%| E|CS|TAMS 0x000000070ff00000, 0x000000070ff00000| Complete 
| 256|0x0000000710000000, 0x0000000710100000, 0x0000000710100000|100%| E|CS|TAMS 0x0000000710000000, 0x0000000710000000| Complete 
| 257|0x0000000710100000, 0x0000000710200000, 0x0000000710200000|100%| E|CS|TAMS 0x0000000710100000, 0x0000000710100000| Complete 
| 258|0x0000000710200000, 0x0000000710300000, 0x0000000710300000|100%| E|CS|TAMS 0x0000000710200000, 0x0000000710200000| Complete 
| 259|0x0000000710300000, 0x0000000710400000, 0x0000000710400000|100%| E|CS|TAMS 0x0000000710300000, 0x0000000710300000| Complete 
| 260|0x0000000710400000, 0x0000000710500000, 0x0000000710500000|100%| E|CS|TAMS 0x0000000710400000, 0x0000000710400000| Complete 
| 261|0x0000000710500000, 0x0000000710600000, 0x0000000710600000|100%| E|CS|TAMS 0x0000000710500000, 0x0000000710500000| Complete 
| 262|0x0000000710600000, 0x0000000710700000, 0x0000000710700000|100%| E|CS|TAMS 0x0000000710600000, 0x0000000710600000| Complete 
| 263|0x0000000710700000, 0x0000000710800000, 0x0000000710800000|100%| E|CS|TAMS 0x0000000710700000, 0x0000000710700000| Complete 
| 264|0x0000000710800000, 0x0000000710900000, 0x0000000710900000|100%| E|CS|TAMS 0x0000000710800000, 0x0000000710800000| Complete 
| 265|0x0000000710900000, 0x0000000710a00000, 0x0000000710a00000|100%| E|CS|TAMS 0x0000000710900000, 0x0000000710900000| Complete 
| 266|0x0000000710a00000, 0x0000000710b00000, 0x0000000710b00000|100%| E|CS|TAMS 0x0000000710a00000, 0x0000000710a00000| Complete 
| 267|0x0000000710b00000, 0x0000000710c00000, 0x0000000710c00000|100%| E|CS|TAMS 0x0000000710b00000, 0x0000000710b00000| Complete 
| 268|0x0000000710c00000, 0x0000000710d00000, 0x0000000710d00000|100%| E|CS|TAMS 0x0000000710c00000, 0x0000000710c00000| Complete 
| 269|0x0000000710d00000, 0x0000000710e00000, 0x0000000710e00000|100%| E|CS|TAMS 0x0000000710d00000, 0x0000000710d00000| Complete 
| 270|0x0000000710e00000, 0x0000000710f00000, 0x0000000710f00000|100%| E|CS|TAMS 0x0000000710e00000, 0x0000000710e00000| Complete 
| 271|0x0000000710f00000, 0x0000000711000000, 0x0000000711000000|100%| E|CS|TAMS 0x0000000710f00000, 0x0000000710f00000| Complete 
| 272|0x0000000711000000, 0x0000000711100000, 0x0000000711100000|100%| E|CS|TAMS 0x0000000711000000, 0x0000000711000000| Complete 
| 273|0x0000000711100000, 0x0000000711200000, 0x0000000711200000|100%| E|CS|TAMS 0x0000000711100000, 0x0000000711100000| Complete 
| 274|0x0000000711200000, 0x0000000711300000, 0x0000000711300000|100%| E|CS|TAMS 0x0000000711200000, 0x0000000711200000| Complete 
| 275|0x0000000711300000, 0x0000000711400000, 0x0000000711400000|100%| E|CS|TAMS 0x0000000711300000, 0x0000000711300000| Complete 
| 276|0x0000000711400000, 0x0000000711500000, 0x0000000711500000|100%| E|CS|TAMS 0x0000000711400000, 0x0000000711400000| Complete 
| 277|0x0000000711500000, 0x0000000711600000, 0x0000000711600000|100%| E|CS|TAMS 0x0000000711500000, 0x0000000711500000| Complete 
| 278|0x0000000711600000, 0x0000000711700000, 0x0000000711700000|100%| E|CS|TAMS 0x0000000711600000, 0x0000000711600000| Complete 
| 279|0x0000000711700000, 0x0000000711800000, 0x0000000711800000|100%| E|CS|TAMS 0x0000000711700000, 0x0000000711700000| Complete 
| 280|0x0000000711800000, 0x0000000711900000, 0x0000000711900000|100%| E|CS|TAMS 0x0000000711800000, 0x0000000711800000| Complete 
| 281|0x0000000711900000, 0x0000000711a00000, 0x0000000711a00000|100%| E|CS|TAMS 0x0000000711900000, 0x0000000711900000| Complete 
| 282|0x0000000711a00000, 0x0000000711b00000, 0x0000000711b00000|100%| E|CS|TAMS 0x0000000711a00000, 0x0000000711a00000| Complete 
| 283|0x0000000711b00000, 0x0000000711c00000, 0x0000000711c00000|100%| E|CS|TAMS 0x0000000711b00000, 0x0000000711b00000| Complete 
| 284|0x0000000711c00000, 0x0000000711d00000, 0x0000000711d00000|100%| E|CS|TAMS 0x0000000711c00000, 0x0000000711c00000| Complete 
| 285|0x0000000711d00000, 0x0000000711e00000, 0x0000000711e00000|100%| E|CS|TAMS 0x0000000711d00000, 0x0000000711d00000| Complete 
| 286|0x0000000711e00000, 0x0000000711f00000, 0x0000000711f00000|100%| E|CS|TAMS 0x0000000711e00000, 0x0000000711e00000| Complete 
| 287|0x0000000711f00000, 0x0000000712000000, 0x0000000712000000|100%| E|CS|TAMS 0x0000000711f00000, 0x0000000711f00000| Complete 
| 288|0x0000000712000000, 0x0000000712100000, 0x0000000712100000|100%| E|CS|TAMS 0x0000000712000000, 0x0000000712000000| Complete 
| 289|0x0000000712100000, 0x0000000712200000, 0x0000000712200000|100%| E|CS|TAMS 0x0000000712100000, 0x0000000712100000| Complete 
| 290|0x0000000712200000, 0x0000000712300000, 0x0000000712300000|100%| E|CS|TAMS 0x0000000712200000, 0x0000000712200000| Complete 
| 291|0x0000000712300000, 0x0000000712400000, 0x0000000712400000|100%| E|CS|TAMS 0x0000000712300000, 0x0000000712300000| Complete 
| 292|0x0000000712400000, 0x0000000712500000, 0x0000000712500000|100%| E|CS|TAMS 0x0000000712400000, 0x0000000712400000| Complete 
| 293|0x0000000712500000, 0x0000000712600000, 0x0000000712600000|100%| E|CS|TAMS 0x0000000712500000, 0x0000000712500000| Complete 
| 294|0x0000000712600000, 0x0000000712700000, 0x0000000712700000|100%| E|CS|TAMS 0x0000000712600000, 0x0000000712600000| Complete 
| 295|0x0000000712700000, 0x0000000712800000, 0x0000000712800000|100%| E|CS|TAMS 0x0000000712700000, 0x0000000712700000| Complete 
| 296|0x0000000712800000, 0x0000000712900000, 0x0000000712900000|100%| E|CS|TAMS 0x0000000712800000, 0x0000000712800000| Complete 
| 297|0x0000000712900000, 0x0000000712a00000, 0x0000000712a00000|100%| E|CS|TAMS 0x0000000712900000, 0x0000000712900000| Complete 
| 298|0x0000000712a00000, 0x0000000712b00000, 0x0000000712b00000|100%| E|CS|TAMS 0x0000000712a00000, 0x0000000712a00000| Complete 
| 299|0x0000000712b00000, 0x0000000712c00000, 0x0000000712c00000|100%| E|CS|TAMS 0x0000000712b00000, 0x0000000712b00000| Complete 
| 300|0x0000000712c00000, 0x0000000712d00000, 0x0000000712d00000|100%| E|CS|TAMS 0x0000000712c00000, 0x0000000712c00000| Complete 
| 301|0x0000000712d00000, 0x0000000712e00000, 0x0000000712e00000|100%| E|CS|TAMS 0x0000000712d00000, 0x0000000712d00000| Complete 
| 302|0x0000000712e00000, 0x0000000712f00000, 0x0000000712f00000|100%| E|CS|TAMS 0x0000000712e00000, 0x0000000712e00000| Complete 
| 303|0x0000000712f00000, 0x0000000713000000, 0x0000000713000000|100%| E|CS|TAMS 0x0000000712f00000, 0x0000000712f00000| Complete 
| 304|0x0000000713000000, 0x0000000713100000, 0x0000000713100000|100%| E|CS|TAMS 0x0000000713000000, 0x0000000713000000| Complete 
| 305|0x0000000713100000, 0x0000000713200000, 0x0000000713200000|100%| E|CS|TAMS 0x0000000713100000, 0x0000000713100000| Complete 
| 306|0x0000000713200000, 0x0000000713300000, 0x0000000713300000|100%| E|CS|TAMS 0x0000000713200000, 0x0000000713200000| Complete 
| 307|0x0000000713300000, 0x0000000713400000, 0x0000000713400000|100%| E|CS|TAMS 0x0000000713300000, 0x0000000713300000| Complete 

Card table byte_map: [0x0000020ca7400000,0x0000020ca7c00000] _byte_map_base: 0x0000020ca3c00000

Marking Bits (Prev, Next): (CMBitMap*) 0x0000020c8f4ed3d8, (CMBitMap*) 0x0000020c8f4ed410
 Prev Bits: [0x0000020ca8400000, 0x0000020cac400000)
 Next Bits: [0x0000020cac400000, 0x0000020cb0400000)

Polling page: 0x0000020c8ec60000

Metaspace:

Usage:
  Non-class:     50.03 MB capacity,    49.33 MB ( 99%) used,   554.26 KB (  1%) free+waste,   159.19 KB ( <1%) overhead. 
      Class:      7.65 MB capacity,     7.15 MB ( 94%) used,   429.21 KB (  5%) free+waste,    75.19 KB ( <1%) overhead. 
       Both:     57.67 MB capacity,    56.48 MB ( 98%) used,   983.47 KB (  2%) free+waste,   234.38 KB ( <1%) overhead. 

Virtual space:
  Non-class space:       52.00 MB reserved,      50.25 MB ( 97%) committed 
      Class space:        1.00 GB reserved,       7.75 MB ( <1%) committed 
             Both:        1.05 GB reserved,      58.00 MB (  5%) committed 

Chunk freelists:
   Non-Class:  36.00 KB
       Class:  10.00 KB
        Both:  46.00 KB

MaxMetaspaceSize: 17179869184.00 GB
CompressedClassSpaceSize: 1.00 GB
Initial GC threshold: 20.80 MB
Current GC threshold: 58.75 MB
CDS: off

CodeHeap 'non-profiled nmethods': size=120064Kb used=2674Kb max_used=2674Kb free=117389Kb
 bounds [0x0000020c9f6c0000, 0x0000020c9f960000, 0x0000020ca6c00000]
CodeHeap 'profiled nmethods': size=120000Kb used=10807Kb max_used=10807Kb free=109192Kb
 bounds [0x0000020c98190000, 0x0000020c98c20000, 0x0000020c9f6c0000]
CodeHeap 'non-nmethods': size=5696Kb used=1307Kb max_used=1329Kb free=4388Kb
 bounds [0x0000020c97c00000, 0x0000020c97e70000, 0x0000020c98190000]
 total_blobs=5222 nmethods=4631 adapters=503
 compilation: enabled
              stopped_count=0, restarted_count=0
 full_count=0

Compilation events (20 events):
Event: 10.142 Thread 0x0000020cb3259800 nmethod 4616 0x0000020c98c08510 code [0x0000020c98c08700, 0x0000020c98c08ae8]
Event: 10.142 Thread 0x0000020cb3259800 4617       3       java.security.MessageDigest$Delegate::engineDigest (11 bytes)
Event: 10.142 Thread 0x0000020cb3259800 nmethod 4617 0x0000020c98c08c90 code [0x0000020c98c08e40, 0x0000020c98c09008]
Event: 10.153 Thread 0x0000020cb3259800 4618       3       java.lang.String::getBytes (25 bytes)
Event: 10.153 Thread 0x0000020cb3259800 nmethod 4618 0x0000020c98c09110 code [0x0000020c98c092e0, 0x0000020c98c095b8]
Event: 10.153 Thread 0x0000020cb3259800 4619   !   3       java.lang.StringCoding::encode (152 bytes)
Event: 10.155 Thread 0x0000020cb3259800 nmethod 4619 0x0000020c98c09710 code [0x0000020c98c09ac0, 0x0000020c98c0b188]
Event: 10.155 Thread 0x0000020cb3259800 4620   !   3       javax.crypto.Cipher::chooseFirstProvider (298 bytes)
Event: 10.158 Thread 0x0000020cb3259800 nmethod 4620 0x0000020c98c0bb10 code [0x0000020c98c0be60, 0x0000020c98c0d758]
Event: 10.158 Thread 0x0000020cb3259800 4621   !   3       com.sun.proxy.$Proxy31::annotationType (29 bytes)
Event: 10.159 Thread 0x0000020cb3259800 nmethod 4621 0x0000020c98c0e090 code [0x0000020c98c0e280, 0x0000020c98c0e698]
Event: 10.163 Thread 0x0000020cb3259800 4622       3       com.sun.beans.util.Cache$Kind$Soft::isStale (14 bytes)
Event: 10.163 Thread 0x0000020cb3259800 nmethod 4622 0x0000020c98c0e890 code [0x0000020c98c0ea60, 0x0000020c98c0ed78]
Event: 10.164 Thread 0x0000020cb3259800 4623       3       org.springframework.core.annotation.TypeMappedAnnotations::getAggregates (51 bytes)
Event: 10.165 Thread 0x0000020cb3259800 nmethod 4623 0x0000020c98c0ee10 code [0x0000020c98c0f040, 0x0000020c98c0f9b8]
Event: 10.166 Thread 0x0000020cb3259800 4624       3       org.springframework.core.convert.support.GenericConversionService$Converters::getRegisteredConverter (93 bytes)
Event: 10.166 Thread 0x0000020cb3259800 nmethod 4624 0x0000020c98c0fc90 code [0x0000020c98c0fee0, 0x0000020c98c10918]
Event: 10.166 Thread 0x0000020cb3259800 4625       3       java.util.concurrent.CopyOnWriteArraySet::iterator (8 bytes)
Event: 10.167 Thread 0x0000020cb3259800 nmethod 4625 0x0000020c98c10b90 code [0x0000020c98c10d60, 0x0000020c98c110f8]
Event: 10.167 Thread 0x0000020cb3259800 4626       3       java.util.Arrays::sort (47 bytes)

GC Heap History (12 events):
Event: 0.801 GC heap before
{Heap before GC invocations=0 (full 0):
 garbage-first heap   total 262144K, used 14336K [0x0000000700000000, 0x0000000800000000)
  region size 1024K, 14 young (14336K), 0 survivors (0K)
 Metaspace       used 9102K, capacity 9212K, committed 9344K, reserved 1058816K
  class space    used 827K, capacity 876K, committed 896K, reserved 1048576K
}
Event: 0.808 GC heap after
{Heap after GC invocations=1 (full 0):
 garbage-first heap   total 262144K, used 6525K [0x0000000700000000, 0x0000000800000000)
  region size 1024K, 2 young (2048K), 2 survivors (2048K)
 Metaspace       used 9102K, capacity 9212K, committed 9344K, reserved 1058816K
  class space    used 827K, capacity 876K, committed 896K, reserved 1048576K
}
Event: 2.594 GC heap before
{Heap before GC invocations=1 (full 0):
 garbage-first heap   total 262144K, used 67965K [0x0000000700000000, 0x0000000800000000)
  region size 1024K, 63 young (64512K), 2 survivors (2048K)
 Metaspace       used 20639K, capacity 21084K, committed 21248K, reserved 1069056K
  class space    used 2243K, capacity 2437K, committed 2560K, reserved 1048576K
}
Event: 2.607 GC heap after
{Heap after GC invocations=2 (full 0):
 garbage-first heap   total 262144K, used 9967K [0x0000000700000000, 0x0000000800000000)
  region size 1024K, 6 young (6144K), 6 survivors (6144K)
 Metaspace       used 20639K, capacity 21084K, committed 21248K, reserved 1069056K
  class space    used 2243K, capacity 2437K, committed 2560K, reserved 1048576K
}
Event: 2.860 GC heap before
{Heap before GC invocations=3 (full 0):
 garbage-first heap   total 262144K, used 26351K [0x0000000700000000, 0x0000000800000000)
  region size 1024K, 23 young (23552K), 6 survivors (6144K)
 Metaspace       used 23685K, capacity 24244K, committed 24448K, reserved 1071104K
  class space    used 2588K, capacity 2835K, committed 2944K, reserved 1048576K
}
Event: 2.874 GC heap after
{Heap after GC invocations=4 (full 0):
 garbage-first heap   total 262144K, used 10518K [0x0000000700000000, 0x0000000800000000)
  region size 1024K, 1 young (1024K), 1 survivors (1024K)
 Metaspace       used 23685K, capacity 24244K, committed 24448K, reserved 1071104K
  class space    used 2588K, capacity 2835K, committed 2944K, reserved 1048576K
}
Event: 4.521 GC heap before
{Heap before GC invocations=4 (full 0):
 garbage-first heap   total 262144K, used 77078K [0x0000000700000000, 0x0000000800000000)
  region size 1024K, 66 young (67584K), 1 survivors (1024K)
 Metaspace       used 30323K, capacity 31214K, committed 31488K, reserved 1077248K
  class space    used 3441K, capacity 3767K, committed 3840K, reserved 1048576K
}
Event: 4.533 GC heap after
{Heap after GC invocations=5 (full 0):
 garbage-first heap   total 262144K, used 12942K [0x0000000700000000, 0x0000000800000000)
  region size 1024K, 4 young (4096K), 4 survivors (4096K)
 Metaspace       used 30323K, capacity 31214K, committed 31488K, reserved 1077248K
  class space    used 3441K, capacity 3767K, committed 3840K, reserved 1048576K
}
Event: 5.408 GC heap before
{Heap before GC invocations=5 (full 0):
 garbage-first heap   total 262144K, used 59022K [0x0000000700000000, 0x0000000800000000)
  region size 1024K, 50 young (51200K), 4 survivors (4096K)
 Metaspace       used 34875K, capacity 35742K, committed 35840K, reserved 1081344K
  class space    used 4180K, capacity 4517K, committed 4608K, reserved 1048576K
}
Event: 5.420 GC heap after
{Heap after GC invocations=6 (full 0):
 garbage-first heap   total 315392K, used 14555K [0x0000000700000000, 0x0000000800000000)
  region size 1024K, 5 young (5120K), 5 survivors (5120K)
 Metaspace       used 34875K, capacity 35742K, committed 35840K, reserved 1081344K
  class space    used 4180K, capacity 4517K, committed 4608K, reserved 1048576K
}
Event: 7.683 GC heap before
{Heap before GC invocations=7 (full 0):
 garbage-first heap   total 315392K, used 110811K [0x0000000700000000, 0x0000000800000000)
  region size 1024K, 99 young (101376K), 5 survivors (5120K)
 Metaspace       used 45868K, capacity 46987K, committed 47104K, reserved 1089536K
  class space    used 5810K, capacity 6286K, committed 6400K, reserved 1048576K
}
Event: 7.699 GC heap after
{Heap after GC invocations=8 (full 0):
 garbage-first heap   total 315392K, used 17868K [0x0000000700000000, 0x0000000800000000)
  region size 1024K, 8 young (8192K), 8 survivors (8192K)
 Metaspace       used 45868K, capacity 46987K, committed 47104K, reserved 1089536K
  class space    used 5810K, capacity 6286K, committed 6400K, reserved 1048576K
}

Deoptimization events (20 events):
Event: 10.051 Thread 0x0000020cb7c16000 DEOPT PACKING pc=0x0000020c98b44fe0 sp=0x00000057e85fddd0
Event: 10.051 Thread 0x0000020cb7c16000 DEOPT UNPACKING pc=0x0000020c97c49d0e sp=0x00000057e85fd268 mode 0
Event: 10.079 Thread 0x0000020c8f48a000 Uncommon trap: trap_request=0xffffffde fr.pc=0x0000020c9f89d31c relative=0x00000000000060dc
Event: 10.079 Thread 0x0000020c8f48a000 Uncommon trap: reason=class_check action=maybe_recompile pc=0x0000020c9f89d31c method=org.springframework.beans.factory.support.AbstractBeanFactory.isTypeMatch(Ljava/lang/String;Lorg/springframework/core/ResolvableType;Z)Z @ 53 c2
Event: 10.079 Thread 0x0000020c8f48a000 DEOPT PACKING pc=0x0000020c9f89d31c sp=0x00000057e6cfd090
Event: 10.079 Thread 0x0000020c8f48a000 DEOPT UNPACKING pc=0x0000020c97c085af sp=0x00000057e6cfd050 mode 2
Event: 10.081 Thread 0x0000020c8f48a000 Uncommon trap: trap_request=0xffffffde fr.pc=0x0000020c9f89d31c relative=0x00000000000060dc
Event: 10.081 Thread 0x0000020c8f48a000 Uncommon trap: reason=class_check action=maybe_recompile pc=0x0000020c9f89d31c method=org.springframework.beans.factory.support.AbstractBeanFactory.isTypeMatch(Ljava/lang/String;Lorg/springframework/core/ResolvableType;Z)Z @ 53 c2
Event: 10.081 Thread 0x0000020c8f48a000 DEOPT PACKING pc=0x0000020c9f89d31c sp=0x00000057e6cfc660
Event: 10.081 Thread 0x0000020c8f48a000 DEOPT UNPACKING pc=0x0000020c97c085af sp=0x00000057e6cfc620 mode 2
Event: 10.092 Thread 0x0000020c8f48a000 Uncommon trap: trap_request=0xffffffde fr.pc=0x0000020c9f89d31c relative=0x00000000000060dc
Event: 10.092 Thread 0x0000020c8f48a000 Uncommon trap: reason=class_check action=maybe_recompile pc=0x0000020c9f89d31c method=org.springframework.beans.factory.support.AbstractBeanFactory.isTypeMatch(Ljava/lang/String;Lorg/springframework/core/ResolvableType;Z)Z @ 53 c2
Event: 10.092 Thread 0x0000020c8f48a000 DEOPT PACKING pc=0x0000020c9f89d31c sp=0x00000057e6cfb9f0
Event: 10.092 Thread 0x0000020c8f48a000 DEOPT UNPACKING pc=0x0000020c97c085af sp=0x00000057e6cfb9b0 mode 2
Event: 10.129 Thread 0x0000020c8f48a000 Uncommon trap: trap_request=0xffffffde fr.pc=0x0000020c9f89d31c relative=0x00000000000060dc
Event: 10.129 Thread 0x0000020c8f48a000 Uncommon trap: reason=class_check action=maybe_recompile pc=0x0000020c9f89d31c method=org.springframework.beans.factory.support.AbstractBeanFactory.isTypeMatch(Ljava/lang/String;Lorg/springframework/core/ResolvableType;Z)Z @ 53 c2
Event: 10.129 Thread 0x0000020c8f48a000 DEOPT PACKING pc=0x0000020c9f89d31c sp=0x00000057e6cfd090
Event: 10.129 Thread 0x0000020c8f48a000 DEOPT UNPACKING pc=0x0000020c97c085af sp=0x00000057e6cfd050 mode 2
Event: 10.134 Thread 0x0000020cb7c16000 DEOPT PACKING pc=0x0000020c98b04f29 sp=0x00000057e85fd870
Event: 10.134 Thread 0x0000020cb7c16000 DEOPT UNPACKING pc=0x0000020c97c49d0e sp=0x00000057e85fccf0 mode 0

Classes redefined (0 events):
No events

Internal exceptions (20 events):
Event: 10.087 Thread 0x0000020c8f48a000 Exception <a 'java/lang/ClassNotFoundException'{0x000000070f733d08}: org/springframework/security/config/annotation/configuration/ObjectPostProcessorConfigurationCustomizer> (0x000000070f733d08) thrown at [./src/hotspot/share/classfile/systemDictionary.cpp, line 230]
Event: 10.095 Thread 0x0000020c8f48a000 Exception <a 'java/lang/ClassNotFoundException'{0x000000070f74eb68}: java/lang/ObjectCustomizer> (0x000000070f74eb68) thrown at [./src/hotspot/share/classfile/systemDictionary.cpp, line 230]
Event: 10.096 Thread 0x0000020c8f48a000 Exception <a 'java/lang/ClassNotFoundException'{0x000000070f76e1c8}: org/springframework/security/config/annotation/configuration/AutowireBeanFactoryObjectPostProcessorCustomizer> (0x000000070f76e1c8) thrown at [./src/hotspot/share/classfile/systemDictionary.cpp, line 230]
Event: 10.114 Thread 0x0000020c8f48a000 Exception <a 'java/lang/ClassNotFoundException'{0x000000070f639638}: org/springframework/security/config/annotation/ObjectPostProcessorCustomizer> (0x000000070f639638) thrown at [./src/hotspot/share/classfile/systemDictionary.cpp, line 230]
Event: 10.115 Thread 0x0000020c8f48a000 Exception <a 'java/lang/ClassNotFoundException'{0x000000070f64e540}: org/springframework/beans/factory/DisposableBeanCustomizer> (0x000000070f64e540) thrown at [./src/hotspot/share/classfile/systemDictionary.cpp, line 230]
Event: 10.116 Thread 0x0000020c8f48a000 Exception <a 'java/lang/ClassNotFoundException'{0x000000070f664d18}: org/springframework/beans/factory/SmartInitializingSingletonCustomizer> (0x000000070f664d18) thrown at [./src/hotspot/share/classfile/systemDictionary.cpp, line 230]
Event: 10.132 Thread 0x0000020c8f48a000 Exception <a 'java/lang/ClassNotFoundException'{0x000000070f568f70}: java/lang/ObjectCustomizer> (0x000000070f568f70) thrown at [./src/hotspot/share/classfile/systemDictionary.cpp, line 230]
Event: 10.133 Thread 0x0000020c8f48a000 Exception <a 'java/lang/ClassNotFoundException'{0x000000070f588f90}: org/springframework/security/config/annotation/authentication/configuration/AuthenticationConfigurationCustomizer> (0x000000070f588f90) thrown at [./src/hotspot/share/classfile/systemDictionary.cpp, line 230]
Event: 10.140 Thread 0x0000020c8f48a000 Exception <a 'java/lang/ClassNotFoundException'{0x000000070f5b5520}: java/lang/ObjectCustomizer> (0x000000070f5b5520) thrown at [./src/hotspot/share/classfile/systemDictionary.cpp, line 230]
Event: 10.141 Thread 0x0000020c8f48a000 Exception <a 'java/lang/ClassNotFoundException'{0x000000070f5d73b0}: org/springframework/security/config/annotation/authentication/configuration/GlobalAuthenticationConfigurerAdapterCustomizer> (0x000000070f5d73b0) thrown at [./src/hotspot/share/classfile/systemDictionary.cpp, line 230]
Event: 10.142 Thread 0x0000020c8f48a000 Exception <a 'java/lang/ClassNotFoundException'{0x000000070f5ff248}: org/springframework/security/config/annotation/authentication/configuration/AuthenticationConfiguration$EnableGlobalAuthenticationAutowiredConfigurerCustomizer> (0x000000070f5ff248) thrown at [./src/hotspot/share/classfile/systemDictionary.cpp, line 230]
Event: 10.147 Thread 0x0000020c8f48a000 Exception <a 'java/lang/ClassNotFoundException'{0x000000070f418e30}: org/springframework/security/config/annotation/SecurityConfigurerCustomizer> (0x000000070f418e30) thrown at [./src/hotspot/share/classfile/systemDictionary.cpp, line 230]
Event: 10.151 Thread 0x0000020c8f48a000 Exception <a 'java/lang/ClassNotFoundException'{0x000000070f426238}: java/lang/ObjectCustomizer> (0x000000070f426238) thrown at [./src/hotspot/share/classfile/systemDictionary.cpp, line 230]
Event: 10.153 Thread 0x0000020c8f48a000 Exception <a 'java/lang/ClassNotFoundException'{0x000000070f448088}: org/springframework/security/config/annotation/authentication/configuration/GlobalAuthenticationConfigurerAdapterCustomizer> (0x000000070f448088) thrown at [./src/hotspot/share/classfile/systemDictionary.cpp, line 230]
Event: 10.154 Thread 0x0000020c8f48a000 Exception <a 'java/lang/ClassNotFoundException'{0x000000070f46a488}: org/springframework/security/config/annotation/authentication/configuration/InitializeUserDetailsBeanManagerConfigurerCustomizer> (0x000000070f46a488) thrown at [./src/hotspot/share/classfile/systemDictionary.cpp, line 230]
Event: 10.155 Thread 0x0000020c8f48a000 Exception <a 'java/lang/ClassNotFoundException'{0x000000070f483bf0}: org/springframework/security/config/annotation/SecurityConfigurerCustomizer> (0x000000070f483bf0) thrown at [./src/hotspot/share/classfile/systemDictionary.cpp, line 230]
Event: 10.160 Thread 0x0000020c8f48a000 Exception <a 'java/lang/ClassNotFoundException'{0x000000070f4913a8}: java/lang/ObjectCustomizer> (0x000000070f4913a8) thrown at [./src/hotspot/share/classfile/systemDictionary.cpp, line 230]
Event: 10.161 Thread 0x0000020c8f48a000 Exception <a 'java/lang/ClassNotFoundException'{0x000000070f4b31f8}: org/springframework/security/config/annotation/authentication/configuration/GlobalAuthenticationConfigurerAdapterCustomizer> (0x000000070f4b31f8) thrown at [./src/hotspot/share/classfile/systemDictionary.cpp, line 230]
Event: 10.163 Thread 0x0000020c8f48a000 Exception <a 'java/lang/ClassNotFoundException'{0x000000070f4d7728}: org/springframework/security/config/annotation/authentication/configuration/InitializeAuthenticationProviderBeanManagerConfigurerCustomizer> (0x000000070f4d7728) thrown at [./src/hotspot/share/classfile/systemDictionary.cpp, line 230]
Event: 10.164 Thread 0x0000020c8f48a000 Exception <a 'java/lang/ClassNotFoundException'{0x000000070f4f10a0}: org/springframework/security/config/annotation/SecurityConfigurerCustomizer> (0x000000070f4f10a0) thrown at [./src/hotspot/share/classfile/systemDictionary.cpp, line 230]

Events (20 events):
Event: 10.160 loading class java/lang/ObjectCustomizer
Event: 10.160 loading class java/lang/ObjectCustomizer done
Event: 10.160 loading class org/springframework/security/config/annotation/authentication/configuration/GlobalAuthenticationConfigurerAdapterCustomizer
Event: 10.160 loading class org/springframework/security/config/annotation/authentication/configuration/GlobalAuthenticationConfigurerAdapterCustomizer done
Event: 10.161 loading class org/springframework/security/config/annotation/authentication/configuration/GlobalAuthenticationConfigurerAdapterCustomizer
Event: 10.161 loading class org/springframework/security/config/annotation/authentication/configuration/GlobalAuthenticationConfigurerAdapterCustomizer done
Event: 10.161 loading class org/springframework/security/config/annotation/authentication/configuration/GlobalAuthenticationConfigurerAdapterCustomizer
Event: 10.161 loading class org/springframework/security/config/annotation/authentication/configuration/GlobalAuthenticationConfigurerAdapterCustomizer done
Event: 10.162 loading class org/springframework/security/config/annotation/authentication/configuration/InitializeAuthenticationProviderBeanManagerConfigurerCustomizer
Event: 10.162 loading class org/springframework/security/config/annotation/authentication/configuration/InitializeAuthenticationProviderBeanManagerConfigurerCustomizer done
Event: 10.162 loading class org/springframework/security/config/annotation/authentication/configuration/InitializeAuthenticationProviderBeanManagerConfigurerCustomizer
Event: 10.162 loading class org/springframework/security/config/annotation/authentication/configuration/InitializeAuthenticationProviderBeanManagerConfigurerCustomizer done
Event: 10.162 loading class org/springframework/security/config/annotation/authentication/configuration/InitializeAuthenticationProviderBeanManagerConfigurerCustomizer
Event: 10.162 loading class org/springframework/security/config/annotation/authentication/configuration/InitializeAuthenticationProviderBeanManagerConfigurerCustomizer done
Event: 10.163 loading class org/springframework/security/config/annotation/SecurityConfigurerCustomizer
Event: 10.163 loading class org/springframework/security/config/annotation/SecurityConfigurerCustomizer done
Event: 10.164 loading class org/springframework/security/config/annotation/SecurityConfigurerCustomizer
Event: 10.164 loading class org/springframework/security/config/annotation/SecurityConfigurerCustomizer done
Event: 10.164 loading class org/springframework/security/config/annotation/SecurityConfigurerCustomizer
Event: 10.164 loading class org/springframework/security/config/annotation/SecurityConfigurerCustomizer done


Dynamic libraries:
0x00007ff76a740000 - 0x00007ff76a74d000 	C:\Users\sfjbs\.jdks\corretto-11.0.17\bin\java.exe
0x00007ff99de70000 - 0x00007ff99e068000 	C:\Windows\SYSTEM32\ntdll.dll
0x00007ff99ca80000 - 0x00007ff99cb3d000 	C:\Windows\System32\KERNEL32.DLL
0x00007ff99ba70000 - 0x00007ff99bd42000 	C:\Windows\System32\KERNELBASE.dll
0x00007ff99b860000 - 0x00007ff99b960000 	C:\Windows\System32\ucrtbase.dll
0x00007ff982e00000 - 0x00007ff982e19000 	C:\Users\sfjbs\.jdks\corretto-11.0.17\bin\VCRUNTIME140.dll
0x00007ff982e90000 - 0x00007ff982ea7000 	C:\Users\sfjbs\.jdks\corretto-11.0.17\bin\jli.dll
0x00007ff99da90000 - 0x00007ff99dc2d000 	C:\Windows\System32\USER32.dll
0x00007ff99b640000 - 0x00007ff99b662000 	C:\Windows\System32\win32u.dll
0x00007ff99c060000 - 0x00007ff99c08b000 	C:\Windows\System32\GDI32.dll
0x00007ff99b960000 - 0x00007ff99ba6f000 	C:\Windows\System32\gdi32full.dll
0x00007ff99bd80000 - 0x00007ff99be1d000 	C:\Windows\System32\msvcp_win.dll
0x00007ff979310000 - 0x00007ff9795aa000 	C:\Windows\WinSxS\amd64_microsoft.windows.common-controls_6595b64144ccf1df_6.0.19041.1110_none_60b5254171f9507e\COMCTL32.dll
0x00007ff99bed0000 - 0x00007ff99bf6e000 	C:\Windows\System32\msvcrt.dll
0x00007ff99c920000 - 0x00007ff99c950000 	C:\Windows\System32\IMM32.DLL
0x00007ff97c880000 - 0x00007ff97c91b000 	C:\Users\sfjbs\.jdks\corretto-11.0.17\bin\msvcp140.dll
0x00007ff965ea0000 - 0x00007ff966a25000 	C:\Users\sfjbs\.jdks\corretto-11.0.17\bin\server\jvm.dll
0x00007ff99c950000 - 0x00007ff99c9fe000 	C:\Windows\System32\ADVAPI32.dll
0x00007ff99c140000 - 0x00007ff99c1dc000 	C:\Windows\System32\sechost.dll
0x00007ff99d960000 - 0x00007ff99da85000 	C:\Windows\System32\RPCRT4.dll
0x00007ff99c1e0000 - 0x00007ff99c1e8000 	C:\Windows\System32\PSAPI.DLL
0x00007ff9928d0000 - 0x00007ff9928d9000 	C:\Windows\SYSTEM32\WSOCK32.dll
0x00007ff99ca10000 - 0x00007ff99ca7b000 	C:\Windows\System32\WS2_32.dll
0x00007ff978330000 - 0x00007ff978357000 	C:\Windows\SYSTEM32\WINMM.dll
0x00007ff991c00000 - 0x00007ff991c0a000 	C:\Windows\SYSTEM32\VERSION.dll
0x00007ff999420000 - 0x00007ff999432000 	C:\Windows\SYSTEM32\kernel.appcore.dll
0x00007ff986480000 - 0x00007ff986490000 	C:\Users\sfjbs\.jdks\corretto-11.0.17\bin\verify.dll
0x00007ff994360000 - 0x00007ff994544000 	C:\Windows\SYSTEM32\DBGHELP.DLL
0x00007ff994330000 - 0x00007ff99435c000 	C:\Windows\SYSTEM32\dbgcore.DLL
0x00007ff99b7d0000 - 0x00007ff99b852000 	C:\Windows\System32\bcryptPrimitives.dll
0x00007ff9820d0000 - 0x00007ff9820f8000 	C:\Users\sfjbs\.jdks\corretto-11.0.17\bin\java.dll
0x00007ff986450000 - 0x00007ff98645a000 	C:\Users\sfjbs\.jdks\corretto-11.0.17\bin\jimage.dll
0x00007ff996820000 - 0x00007ff99682e000 	C:\Users\sfjbs\.jdks\corretto-11.0.17\bin\instrument.dll
0x00007ff982dd0000 - 0x00007ff982de8000 	C:\Users\sfjbs\.jdks\corretto-11.0.17\bin\zip.dll
0x00007ff99ccd0000 - 0x00007ff99d413000 	C:\Windows\System32\SHELL32.dll
0x00007ff999620000 - 0x00007ff999db1000 	C:\Windows\SYSTEM32\windows.storage.dll
0x00007ff99c5b0000 - 0x00007ff99c904000 	C:\Windows\System32\combase.dll
0x00007ff99ae20000 - 0x00007ff99ae50000 	C:\Windows\SYSTEM32\Wldp.dll
0x00007ff99cb40000 - 0x00007ff99cbed000 	C:\Windows\System32\SHCORE.dll
0x00007ff99bf70000 - 0x00007ff99bfc5000 	C:\Windows\System32\shlwapi.dll
0x00007ff99b4c0000 - 0x00007ff99b4df000 	C:\Windows\SYSTEM32\profapi.dll
0x00007ff982b10000 - 0x00007ff982b29000 	C:\Users\sfjbs\.jdks\corretto-11.0.17\bin\net.dll
0x00007ff995940000 - 0x00007ff995a4d000 	C:\Windows\SYSTEM32\WINHTTP.dll
0x00007ff99ac00000 - 0x00007ff99ac6a000 	C:\Windows\system32\mswsock.dll
0x00007ff982460000 - 0x00007ff982473000 	C:\Users\sfjbs\.jdks\corretto-11.0.17\bin\nio.dll
0x00007ff981870000 - 0x00007ff98188a000 	C:\Program Files\JetBrains\IntelliJ IDEA Community Edition 2022.2.1\bin\breakgen64.dll
0x00007ff996810000 - 0x00007ff996819000 	C:\Users\sfjbs\.jdks\corretto-11.0.17\bin\management.dll
0x00007ff987b20000 - 0x00007ff987b2b000 	C:\Users\sfjbs\.jdks\corretto-11.0.17\bin\management_ext.dll
0x00007ff987e40000 - 0x00007ff987e57000 	C:\Windows\system32\napinsp.dll
0x00007ff9867a0000 - 0x00007ff9867bb000 	C:\Windows\system32\pnrpnsp.dll
0x00007ff986780000 - 0x00007ff986795000 	C:\Windows\system32\wshbth.dll
0x00007ff994310000 - 0x00007ff99432d000 	C:\Windows\system32\NLAapi.dll
0x00007ff99a910000 - 0x00007ff99a94b000 	C:\Windows\SYSTEM32\IPHLPAPI.DLL
0x00007ff99a950000 - 0x00007ff99aa1a000 	C:\Windows\SYSTEM32\DNSAPI.dll
0x00007ff99ca00000 - 0x00007ff99ca08000 	C:\Windows\System32\NSI.dll
0x00007ff986760000 - 0x00007ff986772000 	C:\Windows\System32\winrnr.dll
0x00007ff990910000 - 0x00007ff99091a000 	C:\Windows\System32\rasadhlp.dll
0x00007ff995c60000 - 0x00007ff995ce0000 	C:\Windows\System32\fwpuclnt.dll
0x00007ff99bd50000 - 0x00007ff99bd77000 	C:\Windows\System32\bcrypt.dll
0x00007ff99ae60000 - 0x00007ff99ae78000 	C:\Windows\SYSTEM32\CRYPTSP.dll
0x00007ff99a540000 - 0x00007ff99a574000 	C:\Windows\system32\rsaenh.dll
0x00007ff99b480000 - 0x00007ff99b4ae000 	C:\Windows\SYSTEM32\USERENV.dll
0x00007ff99ad90000 - 0x00007ff99ad9c000 	C:\Windows\SYSTEM32\CRYPTBASE.dll
0x00007ff995c30000 - 0x00007ff995c47000 	C:\Windows\SYSTEM32\dhcpcsvc6.DLL
0x00007ff995b50000 - 0x00007ff995b6d000 	C:\Windows\SYSTEM32\dhcpcsvc.DLL
0x00007ff982f10000 - 0x00007ff982f1e000 	C:\Users\sfjbs\.jdks\corretto-11.0.17\bin\sunmscapi.dll
0x00007ff99b670000 - 0x00007ff99b7c6000 	C:\Windows\System32\CRYPT32.dll
0x00007ff99af50000 - 0x00007ff99af77000 	C:\Windows\SYSTEM32\ncrypt.dll
0x00007ff99af10000 - 0x00007ff99af4b000 	C:\Windows\SYSTEM32\NTASN1.dll
0x00007ff97eb70000 - 0x00007ff97eb95000 	C:\Users\sfjbs\.jdks\corretto-11.0.17\bin\sunec.dll

dbghelp: loaded successfully - version: 4.0.5 - missing functions: none
symbol engine: initialized successfully - sym options: 0x614 - pdb path: .;C:\Users\sfjbs\.jdks\corretto-11.0.17\bin;C:\Windows\SYSTEM32;C:\Windows\WinSxS\amd64_microsoft.windows.common-controls_6595b64144ccf1df_6.0.19041.1110_none_60b5254171f9507e;C:\Users\sfjbs\.jdks\corretto-11.0.17\bin\server;C:\Program Files\JetBrains\IntelliJ IDEA Community Edition 2022.2.1\bin

VM Arguments:
jvm_args: -ea -Didea.test.cyclic.buffer.size=1048576 -javaagent:C:\Program Files\JetBrains\IntelliJ IDEA Community Edition 2022.2.1\lib\idea_rt.jar=57798:C:\Program Files\JetBrains\IntelliJ IDEA Community Edition 2022.2.1\bin -Dfile.encoding=UTF-8 
java_command: com.intellij.rt.junit.JUnitStarter -ideVersion5 -junit4 com.practice.miniproject.PensionServiceTest,getPensionByIDTest
java_class_path (initial): C:\Program Files\JetBrains\IntelliJ IDEA Community Edition 2022.2.1\lib\idea_rt.jar;C:\Program Files\JetBrains\IntelliJ IDEA Community Edition 2022.2.1\plugins\junit\lib\junit5-rt.jar;C:\Program Files\JetBrains\IntelliJ IDEA Community Edition 2022.2.1\plugins\junit\lib\junit-rt.jar;C:\Users\sfjbs\IdeaProjects\training\SeshaGayathri\MiniProject\target\test-classes;C:\Users\sfjbs\IdeaProjects\training\SeshaGayathri\MiniProject\target\classes;C:\Users\sfjbs\.m2\repository\org\springframework\boot\spring-boot-starter-web\2.7.3\spring-boot-starter-web-2.7.3.jar;C:\Users\sfjbs\.m2\repository\org\springframework\boot\spring-boot-starter\2.7.3\spring-boot-starter-2.7.3.jar;C:\Users\sfjbs\.m2\repository\org\springframework\boot\spring-boot\2.7.3\spring-boot-2.7.3.jar;C:\Users\sfjbs\.m2\repository\org\springframework\boot\spring-boot-autoconfigure\2.7.3\spring-boot-autoconfigure-2.7.3.jar;C:\Users\sfjbs\.m2\repository\org\springframework\boot\spring-boot-starter-logging\2.7.3\spring-boot-starter-logging-2.7.3.jar;C:\Users\sfjbs\.m2\repository\ch\qos\logback\logback-classic\1.2.11\logback-classic-1.2.11.jar;C:\Users\sfjbs\.m2\repository\ch\qos\logback\logback-core\1.2.11\logback-core-1.2.11.jar;C:\Users\sfjbs\.m2\repository\org\apache\logging\log4j\log4j-to-slf4j\2.17.2\log4j-to-slf4j-2.17.2.jar;C:\Users\sfjbs\.m2\repository\org\apache\logging\log4j\log4j-api\2.17.2\log4j-api-2.17.2.jar;C:\Users\sfjbs\.m2\repository\org\slf4j\jul-to-slf4j\1.7.36\jul-to-slf4j-1.7.36.jar;C:\Users\sfjbs\.m2\repository\jakarta\annotation\jakarta.annotation-api\1.3.5\jakarta.annotation-api-1.3.5.jar;C:\Users\sfjbs\.m2\repository\org\yaml\snakeyaml\1.30\snakeyaml-1.30.jar;C:\Users\sfjbs\.m2\repository\org\springframework\boot\spring-boot-starter-json\2.7.3\spring-boot-starter-json-2.7.3.jar;C:\Users\sfjbs\.m2\repository\com\fasterxml\jackson\core\jackson-databind\2.13.3\jackson-databind-2.13.3.jar;C:\Users\sfjbs\.m2\repository\com\fasterxml\jackson\core\jackson-annotatio
Launcher Type: SUN_STANDARD

[Global flags]
     intx CICompilerCount                          = 3                                         {product} {ergonomic}
     uint ConcGCThreads                            = 1                                         {product} {ergonomic}
     uint G1ConcRefinementThreads                  = 4                                         {product} {ergonomic}
   size_t G1HeapRegionSize                         = 1048576                                   {product} {ergonomic}
    uintx GCDrainStackTargetSize                   = 64                                        {product} {ergonomic}
   size_t InitialHeapSize                          = 268435456                                 {product} {ergonomic}
   size_t MarkStackSize                            = 4194304                                   {product} {ergonomic}
   size_t MaxHeapSize                              = 4294967296                                {product} {ergonomic}
   size_t MaxNewSize                               = 2576351232                                {product} {ergonomic}
   size_t MinHeapDeltaBytes                        = 1048576                                   {product} {ergonomic}
    uintx NonNMethodCodeHeapSize                   = 5830732                                {pd product} {ergonomic}
    uintx NonProfiledCodeHeapSize                  = 122913754                              {pd product} {ergonomic}
    uintx ProfiledCodeHeapSize                     = 122913754                              {pd product} {ergonomic}
    uintx ReservedCodeCacheSize                    = 251658240                              {pd product} {ergonomic}
     bool SegmentedCodeCache                       = true                                      {product} {ergonomic}
     bool UseCompressedClassPointers               = true                                 {lp64_product} {ergonomic}
     bool UseCompressedOops                        = true                                 {lp64_product} {ergonomic}
     bool UseG1GC                                  = true                                      {product} {ergonomic}
     bool UseLargePagesIndividualAllocation        = false                                  {pd product} {ergonomic}

Logging:
Log output configuration:
 #0: stdout all=warning uptime,level,tags
 #1: stderr all=off uptime,level,tags

Environment Variables:
PATH=C:\Program Files\Common Files\Oracle\Java\javapath;C:\Windows\system32;C:\Windows;C:\Windows\System32\Wbem;C:\Windows\System32\WindowsPowerShell\v1.0\;C:\Windows\System32\OpenSSH\;C:\Users\sfjbs\Downloads\micro service-20221001T105859Z-001\micro service\apache-maven-3.8.5-bin\apache-maven-3.8.5\bin;C:\Users\sfjbs\Downloads\micro service-20221001T105859Z-001\micro service\apache-maven-3.8.5-bin\apache-maven-3.8.5\lib;C:\Program Files\Git\cmd;C:\Program Files\Docker\Docker\resources\bin;C:\ProgramData\DockerDesktop\version-bin;C:\Users\sfjbs\AppData\Local\Microsoft\WindowsApps;C:\Users\sfjbs\Downloads\micro service-20221001T105859Z-001\micro service\apache-maven-3.8.5-bin\apache-maven-3.8.5\bin;C:\Users\sfjbs\Downloads\micro service-20221001T105859Z-001\micro service\apache-maven-3.8.5-bin\apache-maven-3.8.5\lib;;C:\Program Files\JetBrains\IntelliJ IDEA Community Edition 2022.2.1\bin;
USERNAME=sfjbs
OS=Windows_NT
PROCESSOR_IDENTIFIER=Intel64 Family 6 Model 85 Stepping 7, GenuineIntel
TMP=C:\Users\sfjbs\AppData\Local\Temp
TEMP=C:\Users\sfjbs\AppData\Local\Temp



---------------  S Y S T E M  ---------------

OS: Windows 10 , 64 bit Build 19041 (10.0.19041.1889)
OS uptime: 10 days 1:47 hours
Hyper-V role detected

CPU:total 4 (initial active 4) (2 cores per cpu, 2 threads per core) family 6 model 85 stepping 7 microcode 0xffffffff, cmov, cx8, fxsr, mmx, sse, sse2, sse3, ssse3, sse4.1, sse4.2, popcnt, avx, avx2, aes, clmul, erms, rtm, 3dnowpref, lzcnt, ht, tsc, bmi1, bmi2, adx, evex, fma

Memory: 4k page, system-wide physical 16382M (1899M free)
TotalPageFile size 20478M (AvailPageFile size 5M)
current process WorkingSet (physical memory assigned to process): 295M, peak: 295M
current process commit charge ("private bytes"): 504M, peak: 505M

vm_info: OpenJDK 64-Bit Server VM (11.0.17+8-LTS) for windows-amd64 JRE (11.0.17+8-LTS), built on Oct 14 2022 18:02:01 by "Administrator" with MS VC++ 15.9 (VS2017)

END.
