#
# There is insufficient memory for the Java Runtime Environment to continue.
# Native memory allocation (malloc) failed to allocate 1008336 bytes for Chunk::new
# Possible reasons:
#   The system is out of physical RAM or swap space
#   The process is running with CompressedOops enabled, and the Java Heap may be blocking the growth of the native heap
# Possible solutions:
#   Reduce memory load on the system
#   Increase physical memory or swap space
#   Check if swap backing store is full
#   Decrease Java heap size (-Xmx/-Xms)
#   Decrease number of Java threads
#   Decrease Java thread stack sizes (-Xss)
#   Set larger code cache with -XX:ReservedCodeCacheSize=
#   JVM is running with Unscaled Compressed Oops mode in which the Java heap is
#     placed in the first 4GB address space. The Java Heap base address is the
#     maximum limit for the native heap growth. Please use -XX:HeapBaseMinAddress
#     to set the Java Heap base and to place the Java Heap above 4GB virtual address.
# This output file may be truncated or incomplete.
#
#  Out of Memory Error (./open/src/hotspot/share/memory/arena.cpp:197), pid=113084, tid=40460
#
# JRE version: Java(TM) SE Runtime Environment 18.9 (11.0.16+11) (build 11.0.16+11-LTS-199)
# Java VM: Java HotSpot(TM) 64-Bit Server VM 18.9 (11.0.16+11-LTS-199, mixed mode, tiered, compressed oops, g1 gc, windows-amd64)
# No core dump will be written. Minidumps are not enabled by default on client versions of Windows
#

---------------  S U M M A R Y ------------

Command Line: -Dclassworlds.conf=C:\Users\sfjbs\Downloads\micro service-20221001T123314Z-001\micro service\apache-maven-3.8.5-bin\apache-maven-3.8.5\bin\m2.conf -Dmaven.home=C:\Users\sfjbs\Downloads\micro service-20221001T123314Z-001\micro service\apache-maven-3.8.5-bin\apache-maven-3.8.5 -Dlibrary.jansi.path=C:\Users\sfjbs\Downloads\micro service-20221001T123314Z-001\micro service\apache-maven-3.8.5-bin\apache-maven-3.8.5\lib\jansi-native -Dmaven.multiModuleProjectDirectory=C:\Users\sfjbs\IdeaProjects\training\Harshad\day13\pension-management-system org.codehaus.plexus.classworlds.launcher.Launcher spring-boot:run

Host: Intel(R) Xeon(R) Platinum 8370C CPU @ 2.80GHz, 2 cores, 7G,  Windows 10 , 64 bit Build 19041 (10.0.19041.1889)
Time: Sun Oct 23 06:39:57 2022 Coordinated Universal Time elapsed time: 6.841777 seconds (0d 0h 0m 6s)

---------------  T H R E A D  ---------------

Current thread (0x00000167ff150800):  JavaThread "C2 CompilerThread0" daemon [_thread_in_native, id=40460, stack(0x0000005675000000,0x0000005675100000)]


Current CompileTask:
C2:   6841 3941   !   4       org.codehaus.plexus.interpolation.StringSearchInterpolator::interpolate (668 bytes)

Stack: [0x0000005675000000,0x0000005675100000]
Native frames: (J=compiled Java code, j=interpreted, Vv=VM code, C=native code)
V  [jvm.dll+0x62a3ea]
V  [jvm.dll+0x76418f]
V  [jvm.dll+0x765839]
V  [jvm.dll+0x765ec3]
V  [jvm.dll+0x23da98]
V  [jvm.dll+0xb2a1c]
V  [jvm.dll+0xb2fdc]
V  [jvm.dll+0x2ae814]
V  [jvm.dll+0x53d97b]
V  [jvm.dll+0x200877]
V  [jvm.dll+0x1fa5ba]
V  [jvm.dll+0x1f756d]
V  [jvm.dll+0x177c81]
V  [jvm.dll+0x207006]
V  [jvm.dll+0x20519b]
V  [jvm.dll+0x729fa0]
V  [jvm.dll+0x722b74]
V  [jvm.dll+0x629286]
C  [ucrtbase.dll+0x21bb2]
C  [KERNEL32.DLL+0x17034]
C  [ntdll.dll+0x526a1]


---------------  P R O C E S S  ---------------

Threads class SMR info:
_java_thread_list=0x00000167ffbf7270, length=10, elements={
0x00000167f0e86000, 0x00000167ff12e800, 0x00000167ff138000, 0x00000167ff149800,
0x00000167ff14d800, 0x00000167ff14e800, 0x00000167ff150800, 0x00000167ff15d000,
0x00000167ff161800, 0x00000167ffc11800
}

Java Threads: ( => current thread )
  0x00000167f0e86000 JavaThread "main" [_thread_in_native, id=42672, stack(0x0000005674400000,0x0000005674500000)]
  0x00000167ff12e800 JavaThread "Reference Handler" daemon [_thread_blocked, id=29008, stack(0x0000005674b00000,0x0000005674c00000)]
  0x00000167ff138000 JavaThread "Finalizer" daemon [_thread_blocked, id=26472, stack(0x0000005674c00000,0x0000005674d00000)]
  0x00000167ff149800 JavaThread "Signal Dispatcher" daemon [_thread_blocked, id=29660, stack(0x0000005674d00000,0x0000005674e00000)]
  0x00000167ff14d800 JavaThread "Attach Listener" daemon [_thread_blocked, id=30612, stack(0x0000005674e00000,0x0000005674f00000)]
  0x00000167ff14e800 JavaThread "Service Thread" daemon [_thread_blocked, id=21184, stack(0x0000005674f00000,0x0000005675000000)]
=>0x00000167ff150800 JavaThread "C2 CompilerThread0" daemon [_thread_in_native, id=40460, stack(0x0000005675000000,0x0000005675100000)]
  0x00000167ff15d000 JavaThread "C1 CompilerThread0" daemon [_thread_blocked, id=33008, stack(0x0000005675100000,0x0000005675200000)]
  0x00000167ff161800 JavaThread "Sweeper thread" daemon [_thread_blocked, id=96604, stack(0x0000005675200000,0x0000005675300000)]
  0x00000167ffc11800 JavaThread "Common-Cleaner" daemon [_thread_blocked, id=31276, stack(0x0000005675400000,0x0000005675500000)]

Other Threads:
  0x00000167ff12b800 VMThread "VM Thread" [stack: 0x0000005674a00000,0x0000005674b00000] [id=15824]
  0x00000167ffc0f000 WatcherThread [stack: 0x0000005675300000,0x0000005675400000] [id=34920]
  0x00000167f0e9c800 GCTaskThread "GC Thread#0" [stack: 0x0000005674500000,0x0000005674600000] [id=7592]
  0x00000167911ed000 GCTaskThread "GC Thread#1" [stack: 0x0000005675500000,0x0000005675600000] [id=22184]
  0x00000167f0ecc000 ConcurrentGCThread "G1 Main Marker" [stack: 0x0000005674600000,0x0000005674700000] [id=37836]
  0x00000167f0ece800 ConcurrentGCThread "G1 Conc#0" [stack: 0x0000005674700000,0x0000005674800000] [id=96260]
  0x00000167f0f58800 ConcurrentGCThread "G1 Refine#0" [stack: 0x0000005674800000,0x0000005674900000] [id=12680]
  0x00000167f0f5a800 ConcurrentGCThread "G1 Young RemSet Sampling" [stack: 0x0000005674900000,0x0000005674a00000] [id=35436]

Threads with active compile tasks:
C2 CompilerThread0     6869 3941   !   4       org.codehaus.plexus.interpolation.StringSearchInterpolator::interpolate (668 bytes)

VM state:not at safepoint (normal execution)

VM Mutex/Monitor currently owned by a thread: None

Heap address: 0x0000000080000000, size: 2048 MB, Compressed Oops mode: 32-bit
Narrow klass base: 0x0000000000000000, Narrow klass shift: 3
Compressed class space size: 1073741824 Address: 0x0000000100000000

Heap:
 garbage-first heap   total 157696K, used 32639K [0x0000000080000000, 0x0000000100000000)
  region size 1024K, 25 young (25600K), 7 survivors (7168K)
 Metaspace       used 24162K, capacity 24591K, committed 24704K, reserved 1071104K
  class space    used 2468K, capacity 2630K, committed 2688K, reserved 1048576K
Heap Regions: E=young(eden), S=young(survivor), O=old, HS=humongous(starts), HC=humongous(continues), CS=collection set, F=free, A=archive, TAMS=top-at-mark-start (previous, next)
|   0|0x0000000080000000, 0x0000000080100000, 0x0000000080100000|100%| O|  |TAMS 0x0000000080100000, 0x0000000080000000| Untracked 
|   1|0x0000000080100000, 0x0000000080200000, 0x0000000080200000|100%| O|  |TAMS 0x0000000080200000, 0x0000000080100000| Untracked 
|   2|0x0000000080200000, 0x0000000080300000, 0x0000000080300000|100%| O|  |TAMS 0x0000000080219c00, 0x0000000080200000| Untracked 
|   3|0x0000000080300000, 0x0000000080400000, 0x0000000080400000|100%| O|  |TAMS 0x0000000080300000, 0x0000000080300000| Untracked 
|   4|0x0000000080400000, 0x0000000080500000, 0x0000000080500000|100%| O|  |TAMS 0x0000000080400000, 0x0000000080400000| Untracked 
|   5|0x0000000080500000, 0x0000000080600000, 0x0000000080600000|100%| O|  |TAMS 0x0000000080500000, 0x0000000080500000| Untracked 
|   6|0x0000000080600000, 0x00000000806dfc00, 0x0000000080700000| 87%| O|  |TAMS 0x0000000080600000, 0x0000000080600000| Untracked 
|   7|0x0000000080700000, 0x0000000080800000, 0x0000000080800000|100%|HS|  |TAMS 0x0000000080700000, 0x0000000080700000| Complete 
|   8|0x0000000080800000, 0x0000000080800000, 0x0000000080900000|  0%| F|  |TAMS 0x0000000080800000, 0x0000000080800000| Untracked 
|   9|0x0000000080900000, 0x0000000080900000, 0x0000000080a00000|  0%| F|  |TAMS 0x0000000080900000, 0x0000000080900000| Untracked 
|  10|0x0000000080a00000, 0x0000000080a00000, 0x0000000080b00000|  0%| F|  |TAMS 0x0000000080a00000, 0x0000000080a00000| Untracked 
|  11|0x0000000080b00000, 0x0000000080b00000, 0x0000000080c00000|  0%| F|  |TAMS 0x0000000080b00000, 0x0000000080b00000| Untracked 
|  12|0x0000000080c00000, 0x0000000080c00000, 0x0000000080d00000|  0%| F|  |TAMS 0x0000000080c00000, 0x0000000080c00000| Untracked 
|  13|0x0000000080d00000, 0x0000000080d00000, 0x0000000080e00000|  0%| F|  |TAMS 0x0000000080d00000, 0x0000000080d00000| Untracked 
|  14|0x0000000080e00000, 0x0000000080e00000, 0x0000000080f00000|  0%| F|  |TAMS 0x0000000080e00000, 0x0000000080e00000| Untracked 
|  15|0x0000000080f00000, 0x0000000080f00000, 0x0000000081000000|  0%| F|  |TAMS 0x0000000080f00000, 0x0000000080f00000| Untracked 
|  16|0x0000000081000000, 0x0000000081000000, 0x0000000081100000|  0%| F|  |TAMS 0x0000000081000000, 0x0000000081000000| Untracked 
|  17|0x0000000081100000, 0x0000000081100000, 0x0000000081200000|  0%| F|  |TAMS 0x0000000081100000, 0x0000000081100000| Untracked 
|  18|0x0000000081200000, 0x0000000081200000, 0x0000000081300000|  0%| F|  |TAMS 0x0000000081200000, 0x0000000081200000| Untracked 
|  19|0x0000000081300000, 0x0000000081300000, 0x0000000081400000|  0%| F|  |TAMS 0x0000000081300000, 0x0000000081300000| Untracked 
|  20|0x0000000081400000, 0x0000000081400000, 0x0000000081500000|  0%| F|  |TAMS 0x0000000081400000, 0x0000000081400000| Untracked 
|  21|0x0000000081500000, 0x0000000081500000, 0x0000000081600000|  0%| F|  |TAMS 0x0000000081500000, 0x0000000081500000| Untracked 
|  22|0x0000000081600000, 0x0000000081600000, 0x0000000081700000|  0%| F|  |TAMS 0x0000000081600000, 0x0000000081600000| Untracked 
|  23|0x0000000081700000, 0x0000000081700000, 0x0000000081800000|  0%| F|  |TAMS 0x0000000081700000, 0x0000000081700000| Untracked 
|  24|0x0000000081800000, 0x0000000081800000, 0x0000000081900000|  0%| F|  |TAMS 0x0000000081800000, 0x0000000081800000| Untracked 
|  25|0x0000000081900000, 0x0000000081900000, 0x0000000081a00000|  0%| F|  |TAMS 0x0000000081900000, 0x0000000081900000| Untracked 
|  26|0x0000000081a00000, 0x0000000081a00000, 0x0000000081b00000|  0%| F|  |TAMS 0x0000000081a00000, 0x0000000081a00000| Untracked 
|  27|0x0000000081b00000, 0x0000000081b00000, 0x0000000081c00000|  0%| F|  |TAMS 0x0000000081b00000, 0x0000000081b00000| Untracked 
|  28|0x0000000081c00000, 0x0000000081c00000, 0x0000000081d00000|  0%| F|  |TAMS 0x0000000081c00000, 0x0000000081c00000| Untracked 
|  29|0x0000000081d00000, 0x0000000081d00000, 0x0000000081e00000|  0%| F|  |TAMS 0x0000000081d00000, 0x0000000081d00000| Untracked 
|  30|0x0000000081e00000, 0x0000000081e00000, 0x0000000081f00000|  0%| F|  |TAMS 0x0000000081e00000, 0x0000000081e00000| Untracked 
|  31|0x0000000081f00000, 0x0000000081f00000, 0x0000000082000000|  0%| F|  |TAMS 0x0000000081f00000, 0x0000000081f00000| Untracked 
|  32|0x0000000082000000, 0x0000000082000000, 0x0000000082100000|  0%| F|  |TAMS 0x0000000082000000, 0x0000000082000000| Untracked 
|  33|0x0000000082100000, 0x0000000082100000, 0x0000000082200000|  0%| F|  |TAMS 0x0000000082100000, 0x0000000082100000| Untracked 
|  34|0x0000000082200000, 0x0000000082200000, 0x0000000082300000|  0%| F|  |TAMS 0x0000000082200000, 0x0000000082200000| Untracked 
|  35|0x0000000082300000, 0x0000000082300000, 0x0000000082400000|  0%| F|  |TAMS 0x0000000082300000, 0x0000000082300000| Untracked 
|  36|0x0000000082400000, 0x0000000082400000, 0x0000000082500000|  0%| F|  |TAMS 0x0000000082400000, 0x0000000082400000| Untracked 
|  37|0x0000000082500000, 0x0000000082500000, 0x0000000082600000|  0%| F|  |TAMS 0x0000000082500000, 0x0000000082500000| Untracked 
|  38|0x0000000082600000, 0x0000000082600000, 0x0000000082700000|  0%| F|  |TAMS 0x0000000082600000, 0x0000000082600000| Untracked 
|  39|0x0000000082700000, 0x0000000082700000, 0x0000000082800000|  0%| F|  |TAMS 0x0000000082700000, 0x0000000082700000| Untracked 
|  40|0x0000000082800000, 0x0000000082800000, 0x0000000082900000|  0%| F|  |TAMS 0x0000000082800000, 0x0000000082800000| Untracked 
|  41|0x0000000082900000, 0x0000000082900000, 0x0000000082a00000|  0%| F|  |TAMS 0x0000000082900000, 0x0000000082900000| Untracked 
|  42|0x0000000082a00000, 0x0000000082a00000, 0x0000000082b00000|  0%| F|  |TAMS 0x0000000082a00000, 0x0000000082a00000| Untracked 
|  43|0x0000000082b00000, 0x0000000082b00000, 0x0000000082c00000|  0%| F|  |TAMS 0x0000000082b00000, 0x0000000082b00000| Untracked 
|  44|0x0000000082c00000, 0x0000000082c00000, 0x0000000082d00000|  0%| F|  |TAMS 0x0000000082c00000, 0x0000000082c00000| Untracked 
|  45|0x0000000082d00000, 0x0000000082d00000, 0x0000000082e00000|  0%| F|  |TAMS 0x0000000082d00000, 0x0000000082d00000| Untracked 
|  46|0x0000000082e00000, 0x0000000082e00000, 0x0000000082f00000|  0%| F|  |TAMS 0x0000000082e00000, 0x0000000082e00000| Untracked 
|  47|0x0000000082f00000, 0x0000000082f00000, 0x0000000083000000|  0%| F|  |TAMS 0x0000000082f00000, 0x0000000082f00000| Untracked 
|  48|0x0000000083000000, 0x0000000083000000, 0x0000000083100000|  0%| F|  |TAMS 0x0000000083000000, 0x0000000083000000| Untracked 
|  49|0x0000000083100000, 0x0000000083100000, 0x0000000083200000|  0%| F|  |TAMS 0x0000000083100000, 0x0000000083100000| Untracked 
|  50|0x0000000083200000, 0x0000000083200000, 0x0000000083300000|  0%| F|  |TAMS 0x0000000083200000, 0x0000000083200000| Untracked 
|  51|0x0000000083300000, 0x0000000083300000, 0x0000000083400000|  0%| F|  |TAMS 0x0000000083300000, 0x0000000083300000| Untracked 
|  52|0x0000000083400000, 0x0000000083400000, 0x0000000083500000|  0%| F|  |TAMS 0x0000000083400000, 0x0000000083400000| Untracked 
|  53|0x0000000083500000, 0x0000000083500000, 0x0000000083600000|  0%| F|  |TAMS 0x0000000083500000, 0x0000000083500000| Untracked 
|  54|0x0000000083600000, 0x0000000083600000, 0x0000000083700000|  0%| F|  |TAMS 0x0000000083600000, 0x0000000083600000| Untracked 
|  55|0x0000000083700000, 0x0000000083700000, 0x0000000083800000|  0%| F|  |TAMS 0x0000000083700000, 0x0000000083700000| Untracked 
|  56|0x0000000083800000, 0x0000000083800000, 0x0000000083900000|  0%| F|  |TAMS 0x0000000083800000, 0x0000000083800000| Untracked 
|  57|0x0000000083900000, 0x0000000083900000, 0x0000000083a00000|  0%| F|  |TAMS 0x0000000083900000, 0x0000000083900000| Untracked 
|  58|0x0000000083a00000, 0x0000000083a00000, 0x0000000083b00000|  0%| F|  |TAMS 0x0000000083a00000, 0x0000000083a00000| Untracked 
|  59|0x0000000083b00000, 0x0000000083b00000, 0x0000000083c00000|  0%| F|  |TAMS 0x0000000083b00000, 0x0000000083b00000| Untracked 
|  60|0x0000000083c00000, 0x0000000083c00000, 0x0000000083d00000|  0%| F|  |TAMS 0x0000000083c00000, 0x0000000083c00000| Untracked 
|  61|0x0000000083d00000, 0x0000000083d00000, 0x0000000083e00000|  0%| F|  |TAMS 0x0000000083d00000, 0x0000000083d00000| Untracked 
|  62|0x0000000083e00000, 0x0000000083e00000, 0x0000000083f00000|  0%| F|  |TAMS 0x0000000083e00000, 0x0000000083e00000| Untracked 
|  63|0x0000000083f00000, 0x0000000083f00000, 0x0000000084000000|  0%| F|  |TAMS 0x0000000083f00000, 0x0000000083f00000| Untracked 
|  64|0x0000000084000000, 0x0000000084000000, 0x0000000084100000|  0%| F|  |TAMS 0x0000000084000000, 0x0000000084000000| Untracked 
|  65|0x0000000084100000, 0x0000000084100000, 0x0000000084200000|  0%| F|  |TAMS 0x0000000084100000, 0x0000000084100000| Untracked 
|  66|0x0000000084200000, 0x0000000084200000, 0x0000000084300000|  0%| F|  |TAMS 0x0000000084200000, 0x0000000084200000| Untracked 
|  67|0x0000000084300000, 0x0000000084300000, 0x0000000084400000|  0%| F|  |TAMS 0x0000000084300000, 0x0000000084300000| Untracked 
|  68|0x0000000084400000, 0x0000000084400000, 0x0000000084500000|  0%| F|  |TAMS 0x0000000084400000, 0x0000000084400000| Untracked 
|  69|0x0000000084500000, 0x0000000084500000, 0x0000000084600000|  0%| F|  |TAMS 0x0000000084500000, 0x0000000084500000| Untracked 
|  70|0x0000000084600000, 0x0000000084600000, 0x0000000084700000|  0%| F|  |TAMS 0x0000000084600000, 0x0000000084600000| Untracked 
|  71|0x0000000084700000, 0x0000000084700000, 0x0000000084800000|  0%| F|  |TAMS 0x0000000084700000, 0x0000000084700000| Untracked 
|  72|0x0000000084800000, 0x0000000084800000, 0x0000000084900000|  0%| F|  |TAMS 0x0000000084800000, 0x0000000084800000| Untracked 
|  73|0x0000000084900000, 0x0000000084900000, 0x0000000084a00000|  0%| F|  |TAMS 0x0000000084900000, 0x0000000084900000| Untracked 
|  74|0x0000000084a00000, 0x0000000084a00000, 0x0000000084b00000|  0%| F|  |TAMS 0x0000000084a00000, 0x0000000084a00000| Untracked 
|  75|0x0000000084b00000, 0x0000000084b00000, 0x0000000084c00000|  0%| F|  |TAMS 0x0000000084b00000, 0x0000000084b00000| Untracked 
|  76|0x0000000084c00000, 0x0000000084c00000, 0x0000000084d00000|  0%| F|  |TAMS 0x0000000084c00000, 0x0000000084c00000| Untracked 
|  77|0x0000000084d00000, 0x0000000084d00000, 0x0000000084e00000|  0%| F|  |TAMS 0x0000000084d00000, 0x0000000084d00000| Untracked 
|  78|0x0000000084e00000, 0x0000000084e00000, 0x0000000084f00000|  0%| F|  |TAMS 0x0000000084e00000, 0x0000000084e00000| Untracked 
|  79|0x0000000084f00000, 0x0000000084f00000, 0x0000000085000000|  0%| F|  |TAMS 0x0000000084f00000, 0x0000000084f00000| Untracked 
|  80|0x0000000085000000, 0x0000000085000000, 0x0000000085100000|  0%| F|  |TAMS 0x0000000085000000, 0x0000000085000000| Untracked 
|  81|0x0000000085100000, 0x0000000085100000, 0x0000000085200000|  0%| F|  |TAMS 0x0000000085100000, 0x0000000085100000| Untracked 
|  82|0x0000000085200000, 0x0000000085300000, 0x0000000085300000|100%| S|CS|TAMS 0x0000000085200000, 0x0000000085200000| Complete 
|  83|0x0000000085300000, 0x0000000085400000, 0x0000000085400000|100%| S|CS|TAMS 0x0000000085300000, 0x0000000085300000| Complete 
|  84|0x0000000085400000, 0x0000000085500000, 0x0000000085500000|100%| S|CS|TAMS 0x0000000085400000, 0x0000000085400000| Complete 
|  85|0x0000000085500000, 0x0000000085600000, 0x0000000085600000|100%| S|CS|TAMS 0x0000000085500000, 0x0000000085500000| Complete 
|  86|0x0000000085600000, 0x0000000085700000, 0x0000000085700000|100%| S|CS|TAMS 0x0000000085600000, 0x0000000085600000| Complete 
|  87|0x0000000085700000, 0x0000000085800000, 0x0000000085800000|100%| S|CS|TAMS 0x0000000085700000, 0x0000000085700000| Complete 
|  88|0x0000000085800000, 0x0000000085900000, 0x0000000085900000|100%| S|CS|TAMS 0x0000000085800000, 0x0000000085800000| Complete 
|  89|0x0000000085900000, 0x0000000085900000, 0x0000000085a00000|  0%| F|  |TAMS 0x0000000085900000, 0x0000000085900000| Untracked 
|  90|0x0000000085a00000, 0x0000000085a00000, 0x0000000085b00000|  0%| F|  |TAMS 0x0000000085a00000, 0x0000000085a00000| Untracked 
|  91|0x0000000085b00000, 0x0000000085b00000, 0x0000000085c00000|  0%| F|  |TAMS 0x0000000085b00000, 0x0000000085b00000| Untracked 
|  92|0x0000000085c00000, 0x0000000085c00000, 0x0000000085d00000|  0%| F|  |TAMS 0x0000000085c00000, 0x0000000085c00000| Untracked 
|  93|0x0000000085d00000, 0x0000000085d00000, 0x0000000085e00000|  0%| F|  |TAMS 0x0000000085d00000, 0x0000000085d00000| Untracked 
|  94|0x0000000085e00000, 0x0000000085e00000, 0x0000000085f00000|  0%| F|  |TAMS 0x0000000085e00000, 0x0000000085e00000| Untracked 
|  95|0x0000000085f00000, 0x0000000085f00000, 0x0000000086000000|  0%| F|  |TAMS 0x0000000085f00000, 0x0000000085f00000| Untracked 
|  96|0x0000000086000000, 0x0000000086000000, 0x0000000086100000|  0%| F|  |TAMS 0x0000000086000000, 0x0000000086000000| Untracked 
|  97|0x0000000086100000, 0x0000000086100000, 0x0000000086200000|  0%| F|  |TAMS 0x0000000086100000, 0x0000000086100000| Untracked 
|  98|0x0000000086200000, 0x0000000086200000, 0x0000000086300000|  0%| F|  |TAMS 0x0000000086200000, 0x0000000086200000| Untracked 
|  99|0x0000000086300000, 0x0000000086300000, 0x0000000086400000|  0%| F|  |TAMS 0x0000000086300000, 0x0000000086300000| Untracked 
| 100|0x0000000086400000, 0x0000000086400000, 0x0000000086500000|  0%| F|  |TAMS 0x0000000086400000, 0x0000000086400000| Untracked 
| 101|0x0000000086500000, 0x0000000086500000, 0x0000000086600000|  0%| F|  |TAMS 0x0000000086500000, 0x0000000086500000| Untracked 
| 102|0x0000000086600000, 0x0000000086600000, 0x0000000086700000|  0%| F|  |TAMS 0x0000000086600000, 0x0000000086600000| Untracked 
| 103|0x0000000086700000, 0x0000000086700000, 0x0000000086800000|  0%| F|  |TAMS 0x0000000086700000, 0x0000000086700000| Untracked 
| 104|0x0000000086800000, 0x0000000086800000, 0x0000000086900000|  0%| F|  |TAMS 0x0000000086800000, 0x0000000086800000| Untracked 
| 105|0x0000000086900000, 0x0000000086900000, 0x0000000086a00000|  0%| F|  |TAMS 0x0000000086900000, 0x0000000086900000| Untracked 
| 106|0x0000000086a00000, 0x0000000086a00000, 0x0000000086b00000|  0%| F|  |TAMS 0x0000000086a00000, 0x0000000086a00000| Untracked 
| 107|0x0000000086b00000, 0x0000000086b00000, 0x0000000086c00000|  0%| F|  |TAMS 0x0000000086b00000, 0x0000000086b00000| Untracked 
| 108|0x0000000086c00000, 0x0000000086c00000, 0x0000000086d00000|  0%| F|  |TAMS 0x0000000086c00000, 0x0000000086c00000| Untracked 
| 109|0x0000000086d00000, 0x0000000086d00000, 0x0000000086e00000|  0%| F|  |TAMS 0x0000000086d00000, 0x0000000086d00000| Untracked 
| 110|0x0000000086e00000, 0x0000000086e00000, 0x0000000086f00000|  0%| F|  |TAMS 0x0000000086e00000, 0x0000000086e00000| Untracked 
| 111|0x0000000086f00000, 0x0000000086f00000, 0x0000000087000000|  0%| F|  |TAMS 0x0000000086f00000, 0x0000000086f00000| Untracked 
| 112|0x0000000087000000, 0x0000000087000000, 0x0000000087100000|  0%| F|  |TAMS 0x0000000087000000, 0x0000000087000000| Untracked 
| 113|0x0000000087100000, 0x0000000087100000, 0x0000000087200000|  0%| F|  |TAMS 0x0000000087100000, 0x0000000087100000| Untracked 
| 114|0x0000000087200000, 0x0000000087200000, 0x0000000087300000|  0%| F|  |TAMS 0x0000000087200000, 0x0000000087200000| Untracked 
| 115|0x0000000087300000, 0x0000000087300000, 0x0000000087400000|  0%| F|  |TAMS 0x0000000087300000, 0x0000000087300000| Untracked 
| 116|0x0000000087400000, 0x0000000087400000, 0x0000000087500000|  0%| F|  |TAMS 0x0000000087400000, 0x0000000087400000| Untracked 
| 117|0x0000000087500000, 0x0000000087500000, 0x0000000087600000|  0%| F|  |TAMS 0x0000000087500000, 0x0000000087500000| Untracked 
| 118|0x0000000087600000, 0x0000000087600000, 0x0000000087700000|  0%| F|  |TAMS 0x0000000087600000, 0x0000000087600000| Untracked 
| 119|0x0000000087700000, 0x0000000087700000, 0x0000000087800000|  0%| F|  |TAMS 0x0000000087700000, 0x0000000087700000| Untracked 
| 120|0x0000000087800000, 0x0000000087800000, 0x0000000087900000|  0%| F|  |TAMS 0x0000000087800000, 0x0000000087800000| Untracked 
| 121|0x0000000087900000, 0x0000000087900000, 0x0000000087a00000|  0%| F|  |TAMS 0x0000000087900000, 0x0000000087900000| Untracked 
| 122|0x0000000087a00000, 0x0000000087a00000, 0x0000000087b00000|  0%| F|  |TAMS 0x0000000087a00000, 0x0000000087a00000| Untracked 
| 123|0x0000000087b00000, 0x0000000087b00000, 0x0000000087c00000|  0%| F|  |TAMS 0x0000000087b00000, 0x0000000087b00000| Untracked 
| 124|0x0000000087c00000, 0x0000000087c00000, 0x0000000087d00000|  0%| F|  |TAMS 0x0000000087c00000, 0x0000000087c00000| Untracked 
| 125|0x0000000087d00000, 0x0000000087d00000, 0x0000000087e00000|  0%| F|  |TAMS 0x0000000087d00000, 0x0000000087d00000| Untracked 
| 126|0x0000000087e00000, 0x0000000087e00000, 0x0000000087f00000|  0%| F|  |TAMS 0x0000000087e00000, 0x0000000087e00000| Untracked 
| 127|0x0000000087f00000, 0x0000000087f00000, 0x0000000088000000|  0%| F|  |TAMS 0x0000000087f00000, 0x0000000087f00000| Untracked 
| 128|0x0000000088000000, 0x0000000088000000, 0x0000000088100000|  0%| F|  |TAMS 0x0000000088000000, 0x0000000088000000| Untracked 
| 129|0x0000000088100000, 0x0000000088100000, 0x0000000088200000|  0%| F|  |TAMS 0x0000000088100000, 0x0000000088100000| Untracked 
| 130|0x0000000088200000, 0x0000000088200000, 0x0000000088300000|  0%| F|  |TAMS 0x0000000088200000, 0x0000000088200000| Untracked 
| 131|0x0000000088300000, 0x0000000088300000, 0x0000000088400000|  0%| F|  |TAMS 0x0000000088300000, 0x0000000088300000| Untracked 
| 132|0x0000000088400000, 0x0000000088400000, 0x0000000088500000|  0%| F|  |TAMS 0x0000000088400000, 0x0000000088400000| Untracked 
| 133|0x0000000088500000, 0x0000000088500000, 0x0000000088600000|  0%| F|  |TAMS 0x0000000088500000, 0x0000000088500000| Untracked 
| 134|0x0000000088600000, 0x0000000088600000, 0x0000000088700000|  0%| F|  |TAMS 0x0000000088600000, 0x0000000088600000| Untracked 
| 135|0x0000000088700000, 0x0000000088700000, 0x0000000088800000|  0%| F|  |TAMS 0x0000000088700000, 0x0000000088700000| Untracked 
| 136|0x0000000088800000, 0x0000000088900000, 0x0000000088900000|100%| E|  |TAMS 0x0000000088800000, 0x0000000088800000| Complete 
| 137|0x0000000088900000, 0x0000000088a00000, 0x0000000088a00000|100%| E|CS|TAMS 0x0000000088900000, 0x0000000088900000| Complete 
| 138|0x0000000088a00000, 0x0000000088b00000, 0x0000000088b00000|100%| E|CS|TAMS 0x0000000088a00000, 0x0000000088a00000| Complete 
| 139|0x0000000088b00000, 0x0000000088c00000, 0x0000000088c00000|100%| E|CS|TAMS 0x0000000088b00000, 0x0000000088b00000| Complete 
| 140|0x0000000088c00000, 0x0000000088d00000, 0x0000000088d00000|100%| E|CS|TAMS 0x0000000088c00000, 0x0000000088c00000| Complete 
| 141|0x0000000088d00000, 0x0000000088e00000, 0x0000000088e00000|100%| E|CS|TAMS 0x0000000088d00000, 0x0000000088d00000| Complete 
| 142|0x0000000088e00000, 0x0000000088f00000, 0x0000000088f00000|100%| E|CS|TAMS 0x0000000088e00000, 0x0000000088e00000| Complete 
| 143|0x0000000088f00000, 0x0000000089000000, 0x0000000089000000|100%| E|CS|TAMS 0x0000000088f00000, 0x0000000088f00000| Complete 
| 144|0x0000000089000000, 0x0000000089100000, 0x0000000089100000|100%| E|CS|TAMS 0x0000000089000000, 0x0000000089000000| Complete 
| 145|0x0000000089100000, 0x0000000089200000, 0x0000000089200000|100%| E|CS|TAMS 0x0000000089100000, 0x0000000089100000| Complete 
| 146|0x0000000089200000, 0x0000000089300000, 0x0000000089300000|100%| E|CS|TAMS 0x0000000089200000, 0x0000000089200000| Complete 
| 147|0x0000000089300000, 0x0000000089400000, 0x0000000089400000|100%| E|CS|TAMS 0x0000000089300000, 0x0000000089300000| Complete 
| 148|0x0000000089400000, 0x0000000089500000, 0x0000000089500000|100%| E|CS|TAMS 0x0000000089400000, 0x0000000089400000| Complete 
| 149|0x0000000089500000, 0x0000000089600000, 0x0000000089600000|100%| E|CS|TAMS 0x0000000089500000, 0x0000000089500000| Complete 
| 150|0x0000000089600000, 0x0000000089700000, 0x0000000089700000|100%| E|CS|TAMS 0x0000000089600000, 0x0000000089600000| Complete 
| 151|0x0000000089700000, 0x0000000089800000, 0x0000000089800000|100%| E|CS|TAMS 0x0000000089700000, 0x0000000089700000| Complete 
| 152|0x0000000089800000, 0x0000000089900000, 0x0000000089900000|100%| E|CS|TAMS 0x0000000089800000, 0x0000000089800000| Complete 
| 153|0x0000000089900000, 0x0000000089a00000, 0x0000000089a00000|100%| E|CS|TAMS 0x0000000089900000, 0x0000000089900000| Complete 

Card table byte_map: [0x00000167fa520000,0x00000167fa920000] _byte_map_base: 0x00000167fa120000

Marking Bits (Prev, Next): (CMBitMap*) 0x00000167f0ec35b0, (CMBitMap*) 0x00000167f0ec3578
 Prev Bits: [0x00000167fcd20000, 0x00000167fed20000)
 Next Bits: [0x00000167fad20000, 0x00000167fcd20000)

Polling page: 0x00000167f0d40000

Metaspace:

Usage:
  Non-class:     21.45 MB capacity,    21.19 MB ( 99%) used,   236.19 KB (  1%) free+waste,    30.06 KB ( <1%) overhead. 
      Class:      2.57 MB capacity,     2.41 MB ( 94%) used,   149.30 KB (  6%) free+waste,    12.50 KB ( <1%) overhead. 
       Both:     24.01 MB capacity,    23.60 MB ( 98%) used,   385.49 KB (  2%) free+waste,    42.56 KB ( <1%) overhead. 

Virtual space:
  Non-class space:       22.00 MB reserved,      21.50 MB ( 98%) committed 
      Class space:        1.00 GB reserved,       2.63 MB ( <1%) committed 
             Both:        1.02 GB reserved,      24.13 MB (  2%) committed 

Chunk freelists:
   Non-Class:  6.88 KB
       Class:  0 bytes
        Both:  6.88 KB

CodeHeap 'non-profiled nmethods': size=120064Kb used=1780Kb max_used=1780Kb free=118283Kb
 bounds [0x0000016787ac0000, 0x0000016787d30000, 0x000001678f000000]
CodeHeap 'profiled nmethods': size=120000Kb used=9555Kb max_used=9555Kb free=110444Kb
 bounds [0x0000016780590000, 0x0000016780ef0000, 0x0000016787ac0000]
CodeHeap 'non-nmethods': size=5696Kb used=1131Kb max_used=1179Kb free=4565Kb
 bounds [0x0000016780000000, 0x0000016780270000, 0x0000016780590000]
 total_blobs=4533 nmethods=4094 adapters=350
 compilation: enabled
              stopped_count=0, restarted_count=0
 full_count=0

Compilation events (10 events):
Event: 6.496 Thread 0x00000167ff15d000 4098       3       java.lang.invoke.MemberName::init (66 bytes)
Event: 6.497 Thread 0x00000167ff15d000 nmethod 4098 0x0000016780ee4390 code [0x0000016780ee4540, 0x0000016780ee4778]
Event: 6.497 Thread 0x00000167ff15d000 4102       1       java.lang.invoke.LambdaForm$NamedFunction::intrinsicName (5 bytes)
Event: 6.497 Thread 0x00000167ff15d000 nmethod 4102 0x0000016787c6c910 code [0x0000016787c6caa0, 0x0000016787c6cb58]
Event: 6.513 Thread 0x00000167ff15d000 4105       3       jdk.internal.org.objectweb.asm.ByteVector::enlarge (51 bytes)
Event: 6.514 Thread 0x00000167ff15d000 nmethod 4105 0x0000016780ee4810 code [0x0000016780ee49c0, 0x0000016780ee4cc8]
Event: 6.706 Thread 0x00000167ff150800 nmethod 3940 0x0000016787c6d010 code [0x0000016787c6d800, 0x0000016787c76c38]
Event: 6.707 Thread 0x00000167ff150800 3968       4       java.util.Properties$LineReader::readLine (584 bytes)
Event: 6.722 Thread 0x00000167ff150800 nmethod 3968 0x0000016787c7c390 code [0x0000016787c7c540, 0x0000016787c7cc28]
Event: 6.722 Thread 0x00000167ff150800 3941   !   4       org.codehaus.plexus.interpolation.StringSearchInterpolator::interpolate (668 bytes)

GC Heap History (10 events):
Event: 1.162 GC heap before
{Heap before GC invocations=2 (full 0):
 garbage-first heap   total 131072K, used 16395K [0x0000000080000000, 0x0000000100000000)
  region size 1024K, 14 young (14336K), 1 survivors (1024K)
 Metaspace       used 12384K, capacity 12596K, committed 12672K, reserved 1060864K
  class space    used 1251K, capacity 1348K, committed 1408K, reserved 1048576K
}
Event: 1.166 GC heap after
{Heap after GC invocations=3 (full 0):
 garbage-first heap   total 131072K, used 3661K [0x0000000080000000, 0x0000000100000000)
  region size 1024K, 2 young (2048K), 2 survivors (2048K)
 Metaspace       used 12384K, capacity 12596K, committed 12672K, reserved 1060864K
  class space    used 1251K, capacity 1348K, committed 1408K, reserved 1048576K
}
Event: 1.671 GC heap before
{Heap before GC invocations=3 (full 0):
 garbage-first heap   total 131072K, used 23117K [0x0000000080000000, 0x0000000100000000)
  region size 1024K, 21 young (21504K), 2 survivors (2048K)
 Metaspace       used 14542K, capacity 14745K, committed 14976K, reserved 1062912K
  class space    used 1522K, capacity 1615K, committed 1664K, reserved 1048576K
}
Event: 1.679 GC heap after
{Heap after GC invocations=4 (full 0):
 garbage-first heap   total 131072K, used 4427K [0x0000000080000000, 0x0000000100000000)
  region size 1024K, 3 young (3072K), 3 survivors (3072K)
 Metaspace       used 14542K, capacity 14745K, committed 14976K, reserved 1062912K
  class space    used 1522K, capacity 1615K, committed 1664K, reserved 1048576K
}
Event: 2.865 GC heap before
{Heap before GC invocations=4 (full 0):
 garbage-first heap   total 131072K, used 37195K [0x0000000080000000, 0x0000000100000000)
  region size 1024K, 35 young (35840K), 3 survivors (3072K)
 Metaspace       used 19799K, capacity 20135K, committed 20224K, reserved 1067008K
  class space    used 2118K, capacity 2247K, committed 2304K, reserved 1048576K
}
Event: 2.881 GC heap after
{Heap after GC invocations=5 (full 0):
 garbage-first heap   total 157696K, used 7271K [0x0000000080000000, 0x0000000100000000)
  region size 1024K, 5 young (5120K), 5 survivors (5120K)
 Metaspace       used 19799K, capacity 20135K, committed 20224K, reserved 1067008K
  class space    used 2118K, capacity 2247K, committed 2304K, reserved 1048576K
}
Event: 4.505 GC heap before
{Heap before GC invocations=5 (full 0):
 garbage-first heap   total 157696K, used 55399K [0x0000000080000000, 0x0000000100000000)
  region size 1024K, 53 young (54272K), 5 survivors (5120K)
 Metaspace       used 20957K, capacity 21206K, committed 21248K, reserved 1069056K
  class space    used 2176K, capacity 2283K, committed 2304K, reserved 1048576K
}
Event: 4.526 GC heap after
{Heap after GC invocations=6 (full 0):
 garbage-first heap   total 157696K, used 11797K [0x0000000080000000, 0x0000000100000000)
  region size 1024K, 10 young (10240K), 10 survivors (10240K)
 Metaspace       used 20957K, capacity 21206K, committed 21248K, reserved 1069056K
  class space    used 2176K, capacity 2283K, committed 2304K, reserved 1048576K
}
Event: 6.053 GC heap before
{Heap before GC invocations=7 (full 0):
 garbage-first heap   total 157696K, used 68117K [0x0000000080000000, 0x0000000100000000)
  region size 1024K, 65 young (66560K), 10 survivors (10240K)
 Metaspace       used 23094K, capacity 23489K, committed 23808K, reserved 1071104K
  class space    used 2348K, capacity 2471K, committed 2560K, reserved 1048576K
}
Event: 6.082 GC heap after
{Heap after GC invocations=8 (full 0):
 garbage-first heap   total 157696K, used 14207K [0x0000000080000000, 0x0000000100000000)
  region size 1024K, 7 young (7168K), 7 survivors (7168K)
 Metaspace       used 23094K, capacity 23489K, committed 23808K, reserved 1071104K
  class space    used 2348K, capacity 2471K, committed 2560K, reserved 1048576K
}

Deoptimization events (10 events):
Event: 5.774 Thread 0x00000167f0e86000 Uncommon trap: reason=profile_predicate action=maybe_recompile pc=0x0000016787c43ef8 method=sun.nio.cs.ISO_8859_1$Decoder.decodeArrayLoop(Ljava/nio/ByteBuffer;Ljava/nio/CharBuffer;)Ljava/nio/charset/CoderResult; @ 133 c2
Event: 5.774 Thread 0x00000167f0e86000 Uncommon trap: reason=profile_predicate action=maybe_recompile pc=0x0000016787c43ef8 method=sun.nio.cs.ISO_8859_1$Decoder.decodeArrayLoop(Ljava/nio/ByteBuffer;Ljava/nio/CharBuffer;)Ljava/nio/charset/CoderResult; @ 133 c2
Event: 5.774 Thread 0x00000167f0e86000 Uncommon trap: reason=profile_predicate action=maybe_recompile pc=0x0000016787c43ef8 method=sun.nio.cs.ISO_8859_1$Decoder.decodeArrayLoop(Ljava/nio/ByteBuffer;Ljava/nio/CharBuffer;)Ljava/nio/charset/CoderResult; @ 133 c2
Event: 6.006 Thread 0x00000167f0e86000 Uncommon trap: reason=unstable_if action=reinterpret pc=0x0000016787c3ae28 method=org.eclipse.aether.util.graph.transformer.ConflictResolver$State.deriveOptional(Lorg/eclipse/aether/graph/DependencyNode;Ljava/lang/Object;)Z @ 15 c2
Event: 6.348 Thread 0x00000167f0e86000 Uncommon trap: reason=unstable_if action=reinterpret pc=0x0000016787bc4ea0 method=com.google.inject.internal.MoreTypes.canonicalize(Ljava/lang/reflect/Type;)Ljava/lang/reflect/Type; @ 16 c2
Event: 6.348 Thread 0x00000167f0e86000 Uncommon trap: reason=class_check action=maybe_recompile pc=0x0000016787c3ea74 method=com.google.inject.internal.MoreTypes.getRawType(Ljava/lang/reflect/Type;)Ljava/lang/Class; @ 13 c2
Event: 6.352 Thread 0x00000167f0e86000 Uncommon trap: reason=class_check action=maybe_recompile pc=0x0000016787c3ea74 method=com.google.inject.internal.MoreTypes.getRawType(Ljava/lang/reflect/Type;)Ljava/lang/Class; @ 13 c2
Event: 6.359 Thread 0x00000167f0e86000 Uncommon trap: reason=class_check action=maybe_recompile pc=0x0000016787c3ea74 method=com.google.inject.internal.MoreTypes.getRawType(Ljava/lang/reflect/Type;)Ljava/lang/Class; @ 13 c2
Event: 6.476 Thread 0x00000167f0e86000 Uncommon trap: reason=class_check action=maybe_recompile pc=0x0000016787ba2004 method=java.util.LinkedHashMap.afterNodeInsertion(Z)V @ 15 c2
Event: 6.514 Thread 0x00000167f0e86000 Uncommon trap: reason=class_check action=maybe_recompile pc=0x0000016787beb294 method=java.util.Hashtable.get(Ljava/lang/Object;)Ljava/lang/Object; @ 6 c2

Classes redefined (0 events):
No events

Internal exceptions (10 events):
Event: 3.506 Thread 0x00000167f0e86000 Implicit null exception at 0x0000016787b1b055 to 0x0000016787b1b21c
Event: 3.506 Thread 0x00000167f0e86000 Implicit null exception at 0x0000016787b3579b to 0x0000016787b35e5a
Event: 6.334 Thread 0x00000167f0e86000 Exception <a 'java/lang/NoClassDefFoundError'{0x0000000088e5ee98}: org/sonatype/aether/version/VersionConstraint> (0x0000000088e5ee98) thrown at [./open/src/hotspot/share/classfile/systemDictionary.cpp, line 215]
Event: 6.363 Thread 0x00000167f0e86000 Exception <a 'java/lang/NoSuchMethodError'{0x0000000088d40238}: java.lang.invoke.DirectMethodHandle$Holder.invokeStaticInit(Ljava/lang/Object;Ljava/lang/Object;)I> (0x0000000088d40238) thrown at [./open/src/hotspot/share/interpreter/linkResolver.cpp, line
Event: 6.489 Thread 0x00000167f0e86000 Exception <a 'java/lang/NoSuchMethodError'{0x00000000888c1728}: java.lang.invoke.DirectMethodHandle$Holder.invokeStatic(Ljava/lang/Object;J)V> (0x00000000888c1728) thrown at [./open/src/hotspot/share/interpreter/linkResolver.cpp, line 772]
Event: 6.491 Thread 0x00000167f0e86000 Exception <a 'java/lang/NoSuchMethodError'{0x00000000888c6970}: java.lang.invoke.DirectMethodHandle$Holder.invokeStatic(Ljava/lang/Object;J)Ljava/lang/Object;> (0x00000000888c6970) thrown at [./open/src/hotspot/share/interpreter/linkResolver.cpp, line 772
Event: 6.496 Thread 0x00000167f0e86000 Exception <a 'java/lang/NoSuchMethodError'{0x00000000888d4dc8}: java.lang.invoke.DirectMethodHandle$Holder.invokeStaticInit(Ljava/lang/Object;Ljava/lang/Object;JLjava/lang/Object;)Ljava/lang/Object;> (0x00000000888d4dc8) thrown at [./open/src/hotspot/shar
Event: 6.497 Thread 0x00000167f0e86000 Exception <a 'java/lang/NoSuchMethodError'{0x00000000888dace8}: java.lang.invoke.DirectMethodHandle$Holder.invokeStatic(Ljava/lang/Object;Ljava/lang/Object;J)Ljava/lang/Object;> (0x00000000888dace8) thrown at [./open/src/hotspot/share/interpreter/linkReso
Event: 6.497 Thread 0x00000167f0e86000 Exception <a 'java/lang/NoSuchMethodError'{0x00000000888e0fb8}: java.lang.invoke.Invokers$Holder.linkToTargetMethod(Ljava/lang/Object;JLjava/lang/Object;)Ljava/lang/Object;> (0x00000000888e0fb8) thrown at [./open/src/hotspot/share/interpreter/linkResolver
Event: 6.511 Thread 0x00000167f0e86000 Exception <a 'java/lang/NoSuchMethodError'{0x00000000888e4500}: java.lang.invoke.DirectMethodHandle$Holder.invokeVirtual(Ljava/lang/Object;Ljava/lang/Object;)I> (0x00000000888e4500) thrown at [./open/src/hotspot/share/interpreter/linkResolver.cpp, line 77

Events (10 events):
Event: 6.513 loading class sun/invoke/util/VerifyAccess$1 done
Event: 6.513 loading class sun/misc/SignalHandler
Event: 6.513 loading class sun/misc/SignalHandler done
Event: 6.514 loading class sun/misc/Signal$InternalMiscHandler
Event: 6.514 loading class sun/misc/Signal$InternalMiscHandler done
Event: 6.514 loading class sun/misc/Signal$SunMiscHandler
Event: 6.514 loading class sun/misc/Signal$SunMiscHandler done
Event: 6.514 Thread 0x00000167f0e86000 Uncommon trap: trap_request=0xffffffde fr.pc=0x0000016787beb294 relative=0x0000000000000474
Event: 6.514 Thread 0x00000167f0e86000 DEOPT PACKING pc=0x0000016787beb294 sp=0x00000056744fd7f0
Event: 6.514 Thread 0x00000167f0e86000 DEOPT UNPACKING pc=0x00000167800083af sp=0x00000056744fd7a0 mode 2


Dynamic libraries:
0x00007ff6b1590000 - 0x00007ff6b159f000 	C:\Program Files\Java\jdk-11.0.16\bin\java.exe
0x00007ffbdfc50000 - 0x00007ffbdfe48000 	C:\Windows\SYSTEM32\ntdll.dll
0x00007ffbdf080000 - 0x00007ffbdf13d000 	C:\Windows\System32\KERNEL32.DLL
0x00007ffbdd6d0000 - 0x00007ffbdd99e000 	C:\Windows\System32\KERNELBASE.dll
0x00007ffbddbb0000 - 0x00007ffbddcb0000 	C:\Windows\System32\ucrtbase.dll
0x00007ffbcb310000 - 0x00007ffbcb325000 	C:\Program Files\Java\jdk-11.0.16\bin\VCRUNTIME140.dll
0x00007ffbcb170000 - 0x00007ffbcb188000 	C:\Program Files\Java\jdk-11.0.16\bin\jli.dll
0x00007ffbdeb60000 - 0x00007ffbdec0e000 	C:\Windows\System32\ADVAPI32.dll
0x00007ffbde6d0000 - 0x00007ffbde76e000 	C:\Windows\System32\msvcrt.dll
0x00007ffbdf430000 - 0x00007ffbdf4cc000 	C:\Windows\System32\sechost.dll
0x00007ffbdfa60000 - 0x00007ffbdfb85000 	C:\Windows\System32\RPCRT4.dll
0x00007ffbdf290000 - 0x00007ffbdf430000 	C:\Windows\System32\USER32.dll
0x00007ffbddb50000 - 0x00007ffbddb72000 	C:\Windows\System32\win32u.dll
0x00007ffbddd30000 - 0x00007ffbddd5a000 	C:\Windows\System32\GDI32.dll
0x00007ffbdd9a0000 - 0x00007ffbddaab000 	C:\Windows\System32\gdi32full.dll
0x00007ffbddab0000 - 0x00007ffbddb4d000 	C:\Windows\System32\msvcp_win.dll
0x00007ffbcab10000 - 0x00007ffbcadaa000 	C:\Windows\WinSxS\amd64_microsoft.windows.common-controls_6595b64144ccf1df_6.0.19041.1110_none_60b5254171f9507e\COMCTL32.dll
0x00007ffbd5190000 - 0x00007ffbd519a000 	C:\Windows\SYSTEM32\VERSION.dll
0x00007ffbde770000 - 0x00007ffbde7a0000 	C:\Windows\System32\IMM32.DLL
0x00007ffbc4140000 - 0x00007ffbc41db000 	C:\Program Files\Java\jdk-11.0.16\bin\msvcp140.dll
0x00007ffbb1c80000 - 0x00007ffbb2798000 	C:\Program Files\Java\jdk-11.0.16\bin\server\jvm.dll
0x00007ffbdfb90000 - 0x00007ffbdfb98000 	C:\Windows\System32\PSAPI.DLL
0x00007ffbd74a0000 - 0x00007ffbd74a9000 	C:\Windows\SYSTEM32\WSOCK32.dll
0x00007ffbdf140000 - 0x00007ffbdf1ab000 	C:\Windows\System32\WS2_32.dll
0x00007ffbc08e0000 - 0x00007ffbc0907000 	C:\Windows\SYSTEM32\WINMM.dll
0x00007ffbdb240000 - 0x00007ffbdb252000 	C:\Windows\SYSTEM32\kernel.appcore.dll
0x00007ffbcb230000 - 0x00007ffbcb240000 	C:\Program Files\Java\jdk-11.0.16\bin\verify.dll
0x00007ffbcf6f0000 - 0x00007ffbcf8d4000 	C:\Windows\SYSTEM32\DBGHELP.DLL
0x00007ffbcfbb0000 - 0x00007ffbcfbdc000 	C:\Windows\SYSTEM32\dbgcore.DLL
0x00007ffbdd640000 - 0x00007ffbdd6c2000 	C:\Windows\System32\bcryptPrimitives.dll
0x00007ffbc5cd0000 - 0x00007ffbc5cf8000 	C:\Program Files\Java\jdk-11.0.16\bin\java.dll
0x00007ffbcb160000 - 0x00007ffbcb16a000 	C:\Program Files\Java\jdk-11.0.16\bin\jimage.dll
0x00007ffbc5e30000 - 0x00007ffbc5e46000 	C:\Program Files\Java\jdk-11.0.16\bin\zip.dll
0x00007ffbdddf0000 - 0x00007ffbde533000 	C:\Windows\System32\SHELL32.dll
0x00007ffbdb440000 - 0x00007ffbdbbd5000 	C:\Windows\SYSTEM32\windows.storage.dll
0x00007ffbdf680000 - 0x00007ffbdf9d4000 	C:\Windows\System32\combase.dll
0x00007ffbdcc20000 - 0x00007ffbdcc50000 	C:\Windows\SYSTEM32\Wldp.dll
0x00007ffbdea40000 - 0x00007ffbdeaed000 	C:\Windows\System32\SHCORE.dll
0x00007ffbde670000 - 0x00007ffbde6c5000 	C:\Windows\System32\shlwapi.dll
0x00007ffbdd2b0000 - 0x00007ffbdd2cf000 	C:\Windows\SYSTEM32\profapi.dll
0x00007ffbc5cb0000 - 0x00007ffbc5cc9000 	C:\Program Files\Java\jdk-11.0.16\bin\net.dll
0x00007ffbd4cf0000 - 0x00007ffbd4dfa000 	C:\Windows\SYSTEM32\WINHTTP.dll
0x00007ffbdca00000 - 0x00007ffbdca6a000 	C:\Windows\system32\mswsock.dll
0x00007ffbc5720000 - 0x00007ffbc5732000 	C:\Program Files\Java\jdk-11.0.16\bin\nio.dll
0x0000000069ac0000 - 0x0000000069ae4000 	C:\Users\sfjbs\Downloads\micro service-20221001T123314Z-001\micro service\apache-maven-3.8.5-bin\apache-maven-3.8.5\lib\jansi-native\Windows\x86_64\jansi.dll

dbghelp: loaded successfully - version: 4.0.5 - missing functions: none
symbol engine: initialized successfully - sym options: 0x614 - pdb path: .;C:\Program Files\Java\jdk-11.0.16\bin;C:\Windows\SYSTEM32;C:\Windows\WinSxS\amd64_microsoft.windows.common-controls_6595b64144ccf1df_6.0.19041.1110_none_60b5254171f9507e;C:\Program Files\Java\jdk-11.0.16\bin\server;C:\Users\sfjbs\Downloads\micro service-20221001T123314Z-001\micro service\apache-maven-3.8.5-bin\apache-maven-3.8.5\lib\jansi-native\Windows\x86_64

VM Arguments:
jvm_args: -Dclassworlds.conf=C:\Users\sfjbs\Downloads\micro service-20221001T123314Z-001\micro service\apache-maven-3.8.5-bin\apache-maven-3.8.5\bin\m2.conf -Dmaven.home=C:\Users\sfjbs\Downloads\micro service-20221001T123314Z-001\micro service\apache-maven-3.8.5-bin\apache-maven-3.8.5 -Dlibrary.jansi.path=C:\Users\sfjbs\Downloads\micro service-20221001T123314Z-001\micro service\apache-maven-3.8.5-bin\apache-maven-3.8.5\lib\jansi-native -Dmaven.multiModuleProjectDirectory=C:\Users\sfjbs\IdeaProjects\training\Harshad\day13\pension-management-system 
java_command: org.codehaus.plexus.classworlds.launcher.Launcher spring-boot:run
java_class_path (initial): C:\Users\sfjbs\Downloads\micro service-20221001T123314Z-001\micro service\apache-maven-3.8.5-bin\apache-maven-3.8.5\boot\plexus-classworlds-2.6.0.jar
Launcher Type: SUN_STANDARD

[Global flags]
     intx CICompilerCount                          = 2                                         {product} {ergonomic}
     uint ConcGCThreads                            = 1                                         {product} {ergonomic}
     uint G1ConcRefinementThreads                  = 2                                         {product} {ergonomic}
   size_t G1HeapRegionSize                         = 1048576                                   {product} {ergonomic}
    uintx GCDrainStackTargetSize                   = 64                                        {product} {ergonomic}
   size_t InitialHeapSize                          = 134217728                                 {product} {ergonomic}
   size_t MarkStackSize                            = 4194304                                   {product} {ergonomic}
   size_t MaxHeapSize                              = 2147483648                                {product} {ergonomic}
   size_t MaxNewSize                               = 1287651328                                {product} {ergonomic}
   size_t MinHeapDeltaBytes                        = 1048576                                   {product} {ergonomic}
    uintx NonNMethodCodeHeapSize                   = 5825164                                {pd product} {ergonomic}
    uintx NonProfiledCodeHeapSize                  = 122916538                              {pd product} {ergonomic}
    uintx ProfiledCodeHeapSize                     = 122916538                              {pd product} {ergonomic}
    uintx ReservedCodeCacheSize                    = 251658240                              {pd product} {ergonomic}
     bool SegmentedCodeCache                       = true                                      {product} {ergonomic}
     bool UseCompressedClassPointers               = true                                 {lp64_product} {ergonomic}
     bool UseCompressedOops                        = true                                 {lp64_product} {ergonomic}
     bool UseG1GC                                  = true                                      {product} {ergonomic}
     bool UseLargePagesIndividualAllocation        = false                                  {pd product} {ergonomic}

Logging:
Log output configuration:
 #0: stdout all=warning uptime,level,tags
 #1: stderr all=off uptime,level,tags

Environment Variables:
PATH=C:\Program Files\Common Files\Oracle\Java\javapath;C:\Windows\system32;C:\Windows;C:\Windows\System32\Wbem;C:\Windows\System32\WindowsPowerShell\v1.0\;C:\Windows\System32\OpenSSH\;C:\Users\sfjbs\Downloads\micro service-20221001T123314Z-001\micro service\apache-maven-3.8.5-bin\apache-maven-3.8.5\bin;C:\Users\sfjbs\Downloads\micro service-20221001T123314Z-001\micro service\apache-maven-3.8.5-bin\apache-maven-3.8.5\lib;C:\Program Files\Docker\Docker\resources\bin;C:\ProgramData\DockerDesktop\version-bin;C:\Program Files\Git\cmd;C:\Users\sfjbs\AppData\Local\Microsoft\WindowsApps;C:\Users\sfjbs\Downloads\micro service-20221001T123314Z-001\micro service\apache-maven-3.8.5-bin\apache-maven-3.8.5\bin;C:\Users\sfjbs\Downloads\micro service-20221001T123314Z-001\micro service\apache-maven-3.8.5-bin\apache-maven-3.8.5\lib;;C:\Program Files\JetBrains\IntelliJ IDEA Community Edition 2022.2.1\bin;
USERNAME=sfjbs
OS=Windows_NT
PROCESSOR_IDENTIFIER=Intel64 Family 6 Model 106 Stepping 6, GenuineIntel



---------------  S Y S T E M  ---------------

OS: Windows 10 , 64 bit Build 19041 (10.0.19041.1889)
Hyper-V role detected

CPU:total 2 (initial active 2) (1 cores per cpu, 2 threads per core) family 6 model 106 stepping 6 microcode 0xffffffff, cmov, cx8, fxsr, mmx, sse, sse2, sse3, ssse3, sse4.1, sse4.2, popcnt, avx, avx2, aes, clmul, erms, rtm, 3dnowpref, lzcnt, ht, tsc, bmi1, bmi2, adx, evex, fma

Memory: 4k page, system-wide physical 8190M (466M free)
TotalPageFile size 10238M (AvailPageFile size 4M)
current process WorkingSet (physical memory assigned to process): 181M, peak: 182M
current process commit charge ("private bytes"): 285M, peak: 287M

vm_info: Java HotSpot(TM) 64-Bit Server VM (11.0.16+11-LTS-199) for windows-amd64 JRE (11.0.16+11-LTS-199), built on Jun 28 2022 08:23:17 by "mach5one" with MS VC++ 15.9 (VS2017)

END.
