#
# There is insufficient memory for the Java Runtime Environment to continue.
# Native memory allocation (mmap) failed to map 134217728 bytes for Failed to commit area from 0x0000000080000000 to 0x0000000088000000 of length 134217728.
# Possible reasons:
#   The system is out of physical RAM or swap space
#   The process is running with CompressedOops enabled, and the Java Heap may be blocking the growth of the native heap
# Possible solutions:
#   Reduce memory load on the system
#   Increase physical memory or swap space
#   Check if swap backing store is full
#   Decrease Java heap size (-Xmx/-Xms)
#   Decrease number of Java threads
#   Decrease Java thread stack sizes (-Xss)
#   Set larger code cache with -XX:ReservedCodeCacheSize=
# This output file may be truncated or incomplete.
#
#  Out of Memory Error (./open/src/hotspot/os/windows/os_windows.cpp:3287), pid=17804, tid=3940
#
# JRE version:  (11.0.16+11) (build )
# Java VM: Java HotSpot(TM) 64-Bit Server VM (11.0.16+11-LTS-199, mixed mode, sharing, tiered, compressed oops, g1 gc, windows-amd64)
# No core dump will be written. Minidumps are not enabled by default on client versions of Windows
#

---------------  S U M M A R Y ------------

Command Line: -Xverify:none -XX:TieredStopAtLevel=1 com.rama.artemis.ArtemisConsumerApp

Host: Intel(R) Xeon(R) CPU E5-2673 v3 @ 2.40GHz, 2 cores, 7G,  Windows 10 , 64 bit Build 19041 (10.0.19041.1889)
Time: Fri Oct 21 09:49:58 2022 Coordinated Universal Time elapsed time: 0.039814 seconds (0d 0h 0m 0s)

---------------  T H R E A D  ---------------

Current thread (0x0000023b56c30800):  JavaThread "Unknown thread" [_thread_in_vm, id=3940, stack(0x000000f124f00000,0x000000f125000000)]

Stack: [0x000000f124f00000,0x000000f125000000]
Native frames: (J=compiled Java code, j=interpreted, Vv=VM code, C=native code)
V  [jvm.dll+0x62a3ea]
V  [jvm.dll+0x76418f]
V  [jvm.dll+0x765839]
V  [jvm.dll+0x765ec3]
V  [jvm.dll+0x23da98]
V  [jvm.dll+0x62770a]
V  [jvm.dll+0x61c475]
V  [jvm.dll+0x2f2aac]
V  [jvm.dll+0x2f2932]
V  [jvm.dll+0x2f7656]
V  [jvm.dll+0x33a1cf]
V  [jvm.dll+0x339c00]
V  [jvm.dll+0x2d00c8]
V  [jvm.dll+0x2d1236]
V  [jvm.dll+0x73e757]
V  [jvm.dll+0x73ffef]
V  [jvm.dll+0x346ef9]
V  [jvm.dll+0x723f90]
V  [jvm.dll+0x3b5adf]
V  [jvm.dll+0x3b7bf1]
C  [jli.dll+0x5207]
C  [ucrtbase.dll+0x21bb2]
C  [KERNEL32.DLL+0x17034]
C  [ntdll.dll+0x526a1]


---------------  P R O C E S S  ---------------

Threads class SMR info:
_java_thread_list=0x0000023b54a07d90, length=0, elements={
}

Java Threads: ( => current thread )

Other Threads:
  0x0000023b56c46800 GCTaskThread "GC Thread#0" [stack: 0x000000f125000000,0x000000f125100000] [id=11660]
  0x0000023b56c71000 ConcurrentGCThread "G1 Main Marker" [stack: 0x000000f125100000,0x000000f125200000] [id=17640]
  0x0000023b56c73800 ConcurrentGCThread "G1 Conc#0" [stack: 0x000000f125200000,0x000000f125300000] [id=18112]

[error occurred during error reporting (printing all threads), id 0xc0000005, EXCEPTION_ACCESS_VIOLATION (0xc0000005) at pc=0x00007ffe2810f357]

VM state:not at safepoint (not fully initialized)

VM Mutex/Monitor currently owned by a thread:  ([mutex/lock_event])
[0x0000023b56c2c440] Heap_lock - owner thread: 0x0000023b56c30800

Heap address: 0x0000000080000000, size: 2048 MB, Compressed Oops mode: Non-zero based: 0x0000000080000000
Narrow klass base: 0x0000000000000000, Narrow klass shift: 0

GC Heap History (0 events):
No events

Deoptimization events (0 events):
No events

Classes redefined (0 events):
No events

Internal exceptions (0 events):
No events

Events (0 events):
No events


Dynamic libraries:
0x00007ff6f1fd0000 - 0x00007ff6f1fdf000 	C:\Program Files\Java\jdk-11.0.16\bin\java.exe
0x00007ffe8a430000 - 0x00007ffe8a628000 	C:\Windows\SYSTEM32\ntdll.dll
0x00007ffe8a0f0000 - 0x00007ffe8a1ad000 	C:\Windows\System32\KERNEL32.DLL
0x00007ffe87fa0000 - 0x00007ffe88272000 	C:\Windows\System32\KERNELBASE.dll
0x00007ffe87d70000 - 0x00007ffe87e70000 	C:\Windows\System32\ucrtbase.dll
0x00007ffe75730000 - 0x00007ffe75748000 	C:\Program Files\Java\jdk-11.0.16\bin\jli.dll
0x00007ffe8a340000 - 0x00007ffe8a3ee000 	C:\Windows\System32\ADVAPI32.dll
0x00007ffe88a40000 - 0x00007ffe88ade000 	C:\Windows\System32\msvcrt.dll
0x00007ffe8a220000 - 0x00007ffe8a2bc000 	C:\Windows\System32\sechost.dll
0x00007ffe896a0000 - 0x00007ffe897c5000 	C:\Windows\System32\RPCRT4.dll
0x00007ffe89f40000 - 0x00007ffe8a0dd000 	C:\Windows\System32\USER32.dll
0x00007ffe87ee0000 - 0x00007ffe87f02000 	C:\Windows\System32\win32u.dll
0x00007ffe8a310000 - 0x00007ffe8a33b000 	C:\Windows\System32\GDI32.dll
0x00007ffe87b90000 - 0x00007ffe87c9f000 	C:\Windows\System32\gdi32full.dll
0x00007ffe87cd0000 - 0x00007ffe87d6d000 	C:\Windows\System32\msvcp_win.dll
0x00007ffe71990000 - 0x00007ffe719a5000 	C:\Program Files\Java\jdk-11.0.16\bin\VCRUNTIME140.dll
0x00007ffe69b80000 - 0x00007ffe69e1a000 	C:\Windows\WinSxS\amd64_microsoft.windows.common-controls_6595b64144ccf1df_6.0.19041.1110_none_60b5254171f9507e\COMCTL32.dll
0x00007ffe7fb10000 - 0x00007ffe7fb1a000 	C:\Windows\SYSTEM32\VERSION.dll
0x00007ffe8a2c0000 - 0x00007ffe8a2f0000 	C:\Windows\System32\IMM32.DLL
0x00007ffe70080000 - 0x00007ffe7011b000 	C:\Program Files\Java\jdk-11.0.16\bin\msvcp140.dll
0x00007ffe27e30000 - 0x00007ffe28948000 	C:\Program Files\Java\jdk-11.0.16\bin\server\jvm.dll
0x00007ffe89360000 - 0x00007ffe89368000 	C:\Windows\System32\PSAPI.DLL
0x00007ffe6c450000 - 0x00007ffe6c459000 	C:\Windows\SYSTEM32\WSOCK32.dll
0x00007ffe8a1b0000 - 0x00007ffe8a21b000 	C:\Windows\System32\WS2_32.dll
0x00007ffe63bd0000 - 0x00007ffe63bf7000 	C:\Windows\SYSTEM32\WINMM.dll
0x00007ffe859e0000 - 0x00007ffe859f2000 	C:\Windows\SYSTEM32\kernel.appcore.dll
0x00007ffe75960000 - 0x00007ffe75970000 	C:\Program Files\Java\jdk-11.0.16\bin\verify.dll
0x00007ffe7cf40000 - 0x00007ffe7d124000 	C:\Windows\SYSTEM32\DBGHELP.DLL
0x00007ffe7cf10000 - 0x00007ffe7cf3c000 	C:\Windows\SYSTEM32\dbgcore.DLL
0x00007ffe87f10000 - 0x00007ffe87f92000 	C:\Windows\System32\bcryptPrimitives.dll
0x00007ffe70d60000 - 0x00007ffe70d88000 	C:\Program Files\Java\jdk-11.0.16\bin\java.dll
0x00007ffe71950000 - 0x00007ffe7195a000 	C:\Program Files\Java\jdk-11.0.16\bin\jimage.dll
0x00007ffe70060000 - 0x00007ffe70076000 	C:\Program Files\Java\jdk-11.0.16\bin\zip.dll

dbghelp: loaded successfully - version: 4.0.5 - missing functions: none
symbol engine: initialized successfully - sym options: 0x614 - pdb path: .;C:\Program Files\Java\jdk-11.0.16\bin;C:\Windows\SYSTEM32;C:\Windows\WinSxS\amd64_microsoft.windows.common-controls_6595b64144ccf1df_6.0.19041.1110_none_60b5254171f9507e;C:\Program Files\Java\jdk-11.0.16\bin\server

VM Arguments:
jvm_args: -Xverify:none -XX:TieredStopAtLevel=1 
java_command: com.rama.artemis.ArtemisConsumerApp
java_class_path (initial): C:\Users\sfjbs\Downloads\first-spring-boot\training\Radhika\Day12\fourth-artemis-demo\artemis-demo-consumer\target\classes;C:\Users\sfjbs\.m2\repository\org\springframework\boot\spring-boot\2.7.0\spring-boot-2.7.0.jar;C:\Users\sfjbs\.m2\repository\org\springframework\spring-context\5.3.20\spring-context-5.3.20.jar;C:\Users\sfjbs\.m2\repository\org\springframework\boot\spring-boot-autoconfigure\2.7.0\spring-boot-autoconfigure-2.7.0.jar;C:\Users\sfjbs\.m2\repository\ch\qos\logback\logback-classic\1.2.11\logback-classic-1.2.11.jar;C:\Users\sfjbs\.m2\repository\ch\qos\logback\logback-core\1.2.11\logback-core-1.2.11.jar;C:\Users\sfjbs\.m2\repository\org\apache\logging\log4j\log4j-to-slf4j\2.17.2\log4j-to-slf4j-2.17.2.jar;C:\Users\sfjbs\.m2\repository\org\apache\logging\log4j\log4j-api\2.17.2\log4j-api-2.17.2.jar;C:\Users\sfjbs\.m2\repository\org\slf4j\jul-to-slf4j\1.7.36\jul-to-slf4j-1.7.36.jar;C:\Users\sfjbs\.m2\repository\jakarta\annotation\jakarta.annotation-api\1.3.5\jakarta.annotation-api-1.3.5.jar;C:\Users\sfjbs\.m2\repository\org\springframework\spring-core\5.3.20\spring-core-5.3.20.jar;C:\Users\sfjbs\.m2\repository\org\springframework\spring-jcl\5.3.20\spring-jcl-5.3.20.jar;C:\Users\sfjbs\.m2\repository\org\yaml\snakeyaml\1.30\snakeyaml-1.30.jar;C:\Users\sfjbs\.m2\repository\org\springframework\spring-jms\5.3.20\spring-jms-5.3.20.jar;C:\Users\sfjbs\.m2\repository\org\springframework\spring-beans\5.3.20\spring-beans-5.3.20.jar;C:\Users\sfjbs\.m2\repository\org\springframework\spring-messaging\5.3.20\spring-messaging-5.3.20.jar;C:\Users\sfjbs\.m2\repository\org\springframework\spring-tx\5.3.20\spring-tx-5.3.20.jar;C:\Users\sfjbs\.m2\repository\org\apache\activemq\activemq-broker\5.16.5\activemq-broker-5.16.5.jar;C:\Users\sfjbs\.m2\repository\org\apache\activemq\activemq-client\5.16.5\activemq-client-5.16.5.jar;C:\Users\sfjbs\.m2\repository\org\fusesource\hawtbuf\hawtbuf\1.11\hawtbuf-1.11.jar;C:\Users\sfjbs\.m2\repository\org\apache\acti
Launcher Type: SUN_STANDARD

[Global flags]
     bool BytecodeVerificationLocal                = false                                     {product} {command line}
     bool BytecodeVerificationRemote               = false                                     {product} {command line}
     intx CICompilerCount                          = 2                                         {product} {ergonomic}
     uint ConcGCThreads                            = 1                                         {product} {ergonomic}
     uint G1ConcRefinementThreads                  = 2                                         {product} {ergonomic}
   size_t G1HeapRegionSize                         = 1048576                                   {product} {ergonomic}
    uintx GCDrainStackTargetSize                   = 64                                        {product} {ergonomic}
   size_t InitialHeapSize                          = 134217728                                 {product} {ergonomic}
   size_t MarkStackSize                            = 4194304                                   {product} {ergonomic}
   size_t MaxHeapSize                              = 2147483648                                {product} {ergonomic}
   size_t MinHeapDeltaBytes                        = 1048576                                   {product} {ergonomic}
    uintx NonNMethodCodeHeapSize                   = 6396312                                {pd product} {ergonomic}
    uintx NonProfiledCodeHeapSize                  = 245261928                              {pd product} {ergonomic}
    uintx ProfiledCodeHeapSize                     = 0                                      {pd product} {ergonomic}
    uintx ReservedCodeCacheSize                    = 251658240                              {pd product} {ergonomic}
     bool SegmentedCodeCache                       = true                                      {product} {ergonomic}
     intx TieredStopAtLevel                        = 1                                         {product} {command line}
     bool UseCompressedClassPointers               = true                                 {lp64_product} {ergonomic}
     bool UseCompressedOops                        = true                                 {lp64_product} {ergonomic}
     bool UseG1GC                                  = true                                      {product} {ergonomic}
     bool UseLargePagesIndividualAllocation        = false                                  {pd product} {ergonomic}

Logging:
Log output configuration:
 #0: stdout all=warning uptime,level,tags
 #1: stderr all=off uptime,level,tags

Environment Variables:
PATH=C:\Program Files\Common Files\Oracle\Java\javapath;C:\Windows\system32;C:\Windows;C:\Windows\System32\Wbem;C:\Windows\System32\WindowsPowerShell\v1.0\;C:\Windows\System32\OpenSSH\;C:\Users\sfjbs\Downloads\micro service-20221001T123314Z-001\micro service\apache-maven-3.8.5-bin\apache-maven-3.8.5\bin;C:\Users\sfjbs\Downloads\micro service-20221001T123314Z-001\micro service\apache-maven-3.8.5-bin\apache-maven-3.8.5\lib;C:\Program Files\Docker\Docker\resources\bin;C:\ProgramData\DockerDesktop\version-bin;C:\Program Files\Git\cmd;C:\Users\sfjbs\AppData\Local\Microsoft\WindowsApps;C:\Users\sfjbs\Downloads\micro service-20221001T123314Z-001\micro service\apache-maven-3.8.5-bin\apache-maven-3.8.5\bin;C:\Users\sfjbs\Downloads\micro service-20221001T123314Z-001\micro service\apache-maven-3.8.5-bin\apache-maven-3.8.5\lib;;C:\Program Files\JetBrains\IntelliJ IDEA Community Edition 2022.2.1\bin;
USERNAME=sfjbs
OS=Windows_NT
PROCESSOR_IDENTIFIER=Intel64 Family 6 Model 63 Stepping 2, GenuineIntel



---------------  S Y S T E M  ---------------

OS: Windows 10 , 64 bit Build 19041 (10.0.19041.1889)
Hyper-V role detected

CPU:total 2 (initial active 2) (1 cores per cpu, 2 threads per core) family 6 model 63 stepping 2 microcode 0xffffffff, cmov, cx8, fxsr, mmx, sse, sse2, sse3, ssse3, sse4.1, sse4.2, popcnt, avx, avx2, aes, clmul, erms, lzcnt, ht, tsc, bmi1, bmi2, fma

Memory: 4k page, system-wide physical 8190M (254M free)
TotalPageFile size 10238M (AvailPageFile size 78M)
current process WorkingSet (physical memory assigned to process): 9M, peak: 9M
current process commit charge ("private bytes"): 45M, peak: 173M

vm_info: Java HotSpot(TM) 64-Bit Server VM (11.0.16+11-LTS-199) for windows-amd64 JRE (11.0.16+11-LTS-199), built on Jun 28 2022 08:23:17 by "mach5one" with MS VC++ 15.9 (VS2017)

END.
