#
# There is insufficient memory for the Java Runtime Environment to continue.
# Native memory allocation (malloc) failed to allocate 256976 bytes for Chunk::new
# Possible reasons:
#   The system is out of physical RAM or swap space
#   The process is running with CompressedOops enabled, and the Java Heap may be blocking the growth of the native heap
# Possible solutions:
#   Reduce memory load on the system
#   Increase physical memory or swap space
#   Check if swap backing store is full
#   Decrease Java heap size (-Xmx/-Xms)
#   Decrease number of Java threads
#   Decrease Java thread stack sizes (-Xss)
#   Set larger code cache with -XX:ReservedCodeCacheSize=
#   JVM is running with Unscaled Compressed Oops mode in which the Java heap is
#     placed in the first 4GB address space. The Java Heap base address is the
#     maximum limit for the native heap growth. Please use -XX:HeapBaseMinAddress
#     to set the Java Heap base and to place the Java Heap above 4GB virtual address.
# This output file may be truncated or incomplete.
#
#  Out of Memory Error (./open/src/hotspot/share/memory/arena.cpp:197), pid=10136, tid=12704
#
# JRE version: Java(TM) SE Runtime Environment 18.9 (11.0.16+11) (build 11.0.16+11-LTS-199)
# Java VM: Java HotSpot(TM) 64-Bit Server VM 18.9 (11.0.16+11-LTS-199, mixed mode, tiered, compressed oops, g1 gc, windows-amd64)
# No core dump will be written. Minidumps are not enabled by default on client versions of Windows
#

---------------  S U M M A R Y ------------

Command Line: -Dclassworlds.conf=C:\Users\sfjbs\Downloads\micro service-20221001T123314Z-001\micro service\apache-maven-3.8.5-bin\apache-maven-3.8.5\bin\m2.conf -Dmaven.home=C:\Users\sfjbs\Downloads\micro service-20221001T123314Z-001\micro service\apache-maven-3.8.5-bin\apache-maven-3.8.5 -Dlibrary.jansi.path=C:\Users\sfjbs\Downloads\micro service-20221001T123314Z-001\micro service\apache-maven-3.8.5-bin\apache-maven-3.8.5\lib\jansi-native -Dmaven.multiModuleProjectDirectory=C:\Users\sfjbs\IdeaProjects\training\Harshad\day11\eureka-app\student-service org.codehaus.plexus.classworlds.launcher.Launcher spring-boot:run

Host: Intel(R) Xeon(R) Platinum 8370C CPU @ 2.80GHz, 2 cores, 7G,  Windows 10 , 64 bit Build 19041 (10.0.19041.1889)
Time: Thu Oct 20 09:30:52 2022 Coordinated Universal Time elapsed time: 12.780673 seconds (0d 0h 0m 12s)

---------------  T H R E A D  ---------------

Current thread (0x00000251ee733000):  JavaThread "C2 CompilerThread0" daemon [_thread_in_native, id=12704, stack(0x0000008f95300000,0x0000008f95400000)]


Current CompileTask:
C2:  12780 5050       4       org.codehaus.plexus.interpolation.reflection.ReflectionValueExtractor::evaluate (242 bytes)

Stack: [0x0000008f95300000,0x0000008f95400000]
Native frames: (J=compiled Java code, j=interpreted, Vv=VM code, C=native code)
V  [jvm.dll+0x62a3ea]
V  [jvm.dll+0x76418f]
V  [jvm.dll+0x765839]
V  [jvm.dll+0x765ec3]
V  [jvm.dll+0x23da98]
V  [jvm.dll+0xb2a1c]
V  [jvm.dll+0xb2fdc]
V  [jvm.dll+0x341442]
V  [jvm.dll+0x18c6de]
V  [jvm.dll+0x1f85b2]
V  [jvm.dll+0x1f768d]
V  [jvm.dll+0x177c81]
V  [jvm.dll+0x207006]
V  [jvm.dll+0x20519b]
V  [jvm.dll+0x729fa0]
V  [jvm.dll+0x722b74]
V  [jvm.dll+0x629286]
C  [ucrtbase.dll+0x21bb2]
C  [KERNEL32.DLL+0x17034]
C  [ntdll.dll+0x526a1]


---------------  P R O C E S S  ---------------

Threads class SMR info:
_java_thread_list=0x00000251ef1d46d0, length=10, elements={
0x00000251d0c96000, 0x00000251ee70d000, 0x00000251ee70e800, 0x00000251ee729000,
0x00000251ee72b800, 0x00000251ee72e000, 0x00000251ee733000, 0x00000251ee735000,
0x00000251ee76c000, 0x00000251ef202800
}

Java Threads: ( => current thread )
  0x00000251d0c96000 JavaThread "main" [_thread_in_native, id=12340, stack(0x0000008f94700000,0x0000008f94800000)]
  0x00000251ee70d000 JavaThread "Reference Handler" daemon [_thread_blocked, id=13260, stack(0x0000008f94e00000,0x0000008f94f00000)]
  0x00000251ee70e800 JavaThread "Finalizer" daemon [_thread_blocked, id=12876, stack(0x0000008f94f00000,0x0000008f95000000)]
  0x00000251ee729000 JavaThread "Signal Dispatcher" daemon [_thread_blocked, id=12548, stack(0x0000008f95000000,0x0000008f95100000)]
  0x00000251ee72b800 JavaThread "Attach Listener" daemon [_thread_blocked, id=8108, stack(0x0000008f95100000,0x0000008f95200000)]
  0x00000251ee72e000 JavaThread "Service Thread" daemon [_thread_blocked, id=12080, stack(0x0000008f95200000,0x0000008f95300000)]
=>0x00000251ee733000 JavaThread "C2 CompilerThread0" daemon [_thread_in_native, id=12704, stack(0x0000008f95300000,0x0000008f95400000)]
  0x00000251ee735000 JavaThread "C1 CompilerThread0" daemon [_thread_blocked, id=2268, stack(0x0000008f95400000,0x0000008f95500000)]
  0x00000251ee76c000 JavaThread "Sweeper thread" daemon [_thread_blocked, id=12596, stack(0x0000008f95500000,0x0000008f95600000)]
  0x00000251ef202800 JavaThread "Common-Cleaner" daemon [_thread_blocked, id=12184, stack(0x0000008f95700000,0x0000008f95800000)]

Other Threads:
  0x00000251ee709800 VMThread "VM Thread" [stack: 0x0000008f94d00000,0x0000008f94e00000] [id=2808]
  0x00000251ef201800 WatcherThread [stack: 0x0000008f95600000,0x0000008f95700000] [id=12872]
  0x00000251d0cab800 GCTaskThread "GC Thread#0" [stack: 0x0000008f94800000,0x0000008f94900000] [id=9812]
  0x00000251ef51c800 GCTaskThread "GC Thread#1" [stack: 0x0000008f95800000,0x0000008f95900000] [id=10288]
  0x00000251d0cdb800 ConcurrentGCThread "G1 Main Marker" [stack: 0x0000008f94900000,0x0000008f94a00000] [id=6856]
  0x00000251d0cde000 ConcurrentGCThread "G1 Conc#0" [stack: 0x0000008f94a00000,0x0000008f94b00000] [id=11920]
  0x00000251d0d63800 ConcurrentGCThread "G1 Refine#0" [stack: 0x0000008f94b00000,0x0000008f94c00000] [id=12352]
  0x00000251d0d66000 ConcurrentGCThread "G1 Young RemSet Sampling" [stack: 0x0000008f94c00000,0x0000008f94d00000] [id=12456]

Threads with active compile tasks:
C2 CompilerThread0    12832 5050       4       org.codehaus.plexus.interpolation.reflection.ReflectionValueExtractor::evaluate (242 bytes)

VM state:not at safepoint (normal execution)

VM Mutex/Monitor currently owned by a thread: None

Heap address: 0x0000000080000000, size: 2048 MB, Compressed Oops mode: 32-bit
Narrow klass base: 0x0000000000000000, Narrow klass shift: 3
Compressed class space size: 1073741824 Address: 0x0000000100000000

Heap:
 garbage-first heap   total 157696K, used 40466K [0x0000000080000000, 0x0000000100000000)
  region size 1024K, 28 young (28672K), 12 survivors (12288K)
 Metaspace       used 31145K, capacity 31744K, committed 32000K, reserved 1077248K
  class space    used 3273K, capacity 3510K, committed 3584K, reserved 1048576K
Heap Regions: E=young(eden), S=young(survivor), O=old, HS=humongous(starts), HC=humongous(continues), CS=collection set, F=free, A=archive, TAMS=top-at-mark-start (previous, next)
|   0|0x0000000080000000, 0x0000000080100000, 0x0000000080100000|100%| O|  |TAMS 0x0000000080100000, 0x0000000080000000| Untracked 
|   1|0x0000000080100000, 0x0000000080200000, 0x0000000080200000|100%| O|  |TAMS 0x00000000801ffe00, 0x0000000080100000| Untracked 
|   2|0x0000000080200000, 0x0000000080200000, 0x0000000080300000|  0%| F|  |TAMS 0x0000000080200000, 0x0000000080200000| Untracked 
|   3|0x0000000080300000, 0x0000000080300000, 0x0000000080400000|  0%| F|  |TAMS 0x0000000080300000, 0x0000000080300000| Untracked 
|   4|0x0000000080400000, 0x0000000080400000, 0x0000000080500000|  0%| F|  |TAMS 0x0000000080400000, 0x0000000080400000| Untracked 
|   5|0x0000000080500000, 0x0000000080500000, 0x0000000080600000|  0%| F|  |TAMS 0x0000000080500000, 0x0000000080500000| Untracked 
|   6|0x0000000080600000, 0x0000000080600000, 0x0000000080700000|  0%| F|  |TAMS 0x0000000080600000, 0x0000000080600000| Untracked 
|   7|0x0000000080700000, 0x0000000080700000, 0x0000000080800000|  0%| F|  |TAMS 0x0000000080700000, 0x0000000080700000| Untracked 
|   8|0x0000000080800000, 0x0000000080800000, 0x0000000080900000|  0%| F|  |TAMS 0x0000000080800000, 0x0000000080800000| Untracked 
|   9|0x0000000080900000, 0x0000000080900000, 0x0000000080a00000|  0%| F|  |TAMS 0x0000000080900000, 0x0000000080900000| Untracked 
|  10|0x0000000080a00000, 0x0000000080a00000, 0x0000000080b00000|  0%| F|  |TAMS 0x0000000080a00000, 0x0000000080a00000| Untracked 
|  11|0x0000000080b00000, 0x0000000080b00000, 0x0000000080c00000|  0%| F|  |TAMS 0x0000000080b00000, 0x0000000080b00000| Untracked 
|  12|0x0000000080c00000, 0x0000000080c00000, 0x0000000080d00000|  0%| F|  |TAMS 0x0000000080c00000, 0x0000000080c00000| Untracked 
|  13|0x0000000080d00000, 0x0000000080d00000, 0x0000000080e00000|  0%| F|  |TAMS 0x0000000080d00000, 0x0000000080d00000| Untracked 
|  14|0x0000000080e00000, 0x0000000080e00000, 0x0000000080f00000|  0%| F|  |TAMS 0x0000000080e00000, 0x0000000080e00000| Untracked 
|  15|0x0000000080f00000, 0x0000000080f00000, 0x0000000081000000|  0%| F|  |TAMS 0x0000000080f00000, 0x0000000080f00000| Untracked 
|  16|0x0000000081000000, 0x0000000081000000, 0x0000000081100000|  0%| F|  |TAMS 0x0000000081000000, 0x0000000081000000| Untracked 
|  17|0x0000000081100000, 0x0000000081100000, 0x0000000081200000|  0%| F|  |TAMS 0x0000000081100000, 0x0000000081100000| Untracked 
|  18|0x0000000081200000, 0x0000000081200000, 0x0000000081300000|  0%| F|  |TAMS 0x0000000081200000, 0x0000000081200000| Untracked 
|  19|0x0000000081300000, 0x0000000081300000, 0x0000000081400000|  0%| F|  |TAMS 0x0000000081300000, 0x0000000081300000| Untracked 
|  20|0x0000000081400000, 0x0000000081400000, 0x0000000081500000|  0%| F|  |TAMS 0x0000000081400000, 0x0000000081400000| Untracked 
|  21|0x0000000081500000, 0x0000000081500000, 0x0000000081600000|  0%| F|  |TAMS 0x0000000081500000, 0x0000000081500000| Untracked 
|  22|0x0000000081600000, 0x0000000081600000, 0x0000000081700000|  0%| F|  |TAMS 0x0000000081600000, 0x0000000081600000| Untracked 
|  23|0x0000000081700000, 0x0000000081700000, 0x0000000081800000|  0%| F|  |TAMS 0x0000000081700000, 0x0000000081700000| Untracked 
|  24|0x0000000081800000, 0x0000000081800000, 0x0000000081900000|  0%| F|  |TAMS 0x0000000081800000, 0x0000000081800000| Untracked 
|  25|0x0000000081900000, 0x0000000081900000, 0x0000000081a00000|  0%| F|  |TAMS 0x0000000081900000, 0x0000000081900000| Untracked 
|  26|0x0000000081a00000, 0x0000000081a00000, 0x0000000081b00000|  0%| F|  |TAMS 0x0000000081a00000, 0x0000000081a00000| Untracked 
|  27|0x0000000081b00000, 0x0000000081b00000, 0x0000000081c00000|  0%| F|  |TAMS 0x0000000081b00000, 0x0000000081b00000| Untracked 
|  28|0x0000000081c00000, 0x0000000081c00000, 0x0000000081d00000|  0%| F|  |TAMS 0x0000000081c00000, 0x0000000081c00000| Untracked 
|  29|0x0000000081d00000, 0x0000000081d00000, 0x0000000081e00000|  0%| F|  |TAMS 0x0000000081d00000, 0x0000000081d00000| Untracked 
|  30|0x0000000081e00000, 0x0000000081e00000, 0x0000000081f00000|  0%| F|  |TAMS 0x0000000081e00000, 0x0000000081e00000| Untracked 
|  31|0x0000000081f00000, 0x0000000081f00000, 0x0000000082000000|  0%| F|  |TAMS 0x0000000081f00000, 0x0000000081f00000| Untracked 
|  32|0x0000000082000000, 0x0000000082000000, 0x0000000082100000|  0%| F|  |TAMS 0x0000000082000000, 0x0000000082000000| Untracked 
|  33|0x0000000082100000, 0x0000000082100000, 0x0000000082200000|  0%| F|  |TAMS 0x0000000082100000, 0x0000000082100000| Untracked 
|  34|0x0000000082200000, 0x0000000082200000, 0x0000000082300000|  0%| F|  |TAMS 0x0000000082200000, 0x0000000082200000| Untracked 
|  35|0x0000000082300000, 0x0000000082300000, 0x0000000082400000|  0%| F|  |TAMS 0x0000000082300000, 0x0000000082300000| Untracked 
|  36|0x0000000082400000, 0x0000000082400000, 0x0000000082500000|  0%| F|  |TAMS 0x0000000082400000, 0x0000000082400000| Untracked 
|  37|0x0000000082500000, 0x0000000082500000, 0x0000000082600000|  0%| F|  |TAMS 0x0000000082500000, 0x0000000082500000| Untracked 
|  38|0x0000000082600000, 0x0000000082600000, 0x0000000082700000|  0%| F|  |TAMS 0x0000000082600000, 0x0000000082600000| Untracked 
|  39|0x0000000082700000, 0x0000000082700000, 0x0000000082800000|  0%| F|  |TAMS 0x0000000082700000, 0x0000000082700000| Untracked 
|  40|0x0000000082800000, 0x0000000082800000, 0x0000000082900000|  0%| F|  |TAMS 0x0000000082800000, 0x0000000082800000| Untracked 
|  41|0x0000000082900000, 0x00000000829c0df0, 0x0000000082a00000| 75%| S|CS|TAMS 0x0000000082900000, 0x0000000082900000| Complete 
|  42|0x0000000082a00000, 0x0000000082b00000, 0x0000000082b00000|100%| S|CS|TAMS 0x0000000082a00000, 0x0000000082a00000| Complete 
|  43|0x0000000082b00000, 0x0000000082c00000, 0x0000000082c00000|100%| S|CS|TAMS 0x0000000082b00000, 0x0000000082b00000| Complete 
|  44|0x0000000082c00000, 0x0000000082d00000, 0x0000000082d00000|100%| S|CS|TAMS 0x0000000082c00000, 0x0000000082c00000| Complete 
|  45|0x0000000082d00000, 0x0000000082e00000, 0x0000000082e00000|100%| S|CS|TAMS 0x0000000082d00000, 0x0000000082d00000| Complete 
|  46|0x0000000082e00000, 0x0000000082f00000, 0x0000000082f00000|100%| S|CS|TAMS 0x0000000082e00000, 0x0000000082e00000| Complete 
|  47|0x0000000082f00000, 0x0000000083000000, 0x0000000083000000|100%| S|CS|TAMS 0x0000000082f00000, 0x0000000082f00000| Complete 
|  48|0x0000000083000000, 0x0000000083100000, 0x0000000083100000|100%| S|CS|TAMS 0x0000000083000000, 0x0000000083000000| Complete 
|  49|0x0000000083100000, 0x0000000083200000, 0x0000000083200000|100%| S|CS|TAMS 0x0000000083100000, 0x0000000083100000| Complete 
|  50|0x0000000083200000, 0x0000000083300000, 0x0000000083300000|100%| O|  |TAMS 0x0000000083200000, 0x0000000083200000| Untracked 
|  51|0x0000000083300000, 0x0000000083400000, 0x0000000083400000|100%| O|  |TAMS 0x0000000083300000, 0x0000000083300000| Untracked 
|  52|0x0000000083400000, 0x0000000083500000, 0x0000000083500000|100%| O|  |TAMS 0x0000000083400000, 0x0000000083400000| Untracked 
|  53|0x0000000083500000, 0x0000000083600000, 0x0000000083600000|100%| O|  |TAMS 0x0000000083500000, 0x0000000083500000| Untracked 
|  54|0x0000000083600000, 0x0000000083700000, 0x0000000083700000|100%| O|  |TAMS 0x0000000083600000, 0x0000000083600000| Untracked 
|  55|0x0000000083700000, 0x0000000083800000, 0x0000000083800000|100%| O|  |TAMS 0x0000000083700000, 0x0000000083700000| Untracked 
|  56|0x0000000083800000, 0x0000000083900000, 0x0000000083900000|100%| O|  |TAMS 0x0000000083800000, 0x0000000083800000| Untracked 
|  57|0x0000000083900000, 0x0000000083a00000, 0x0000000083a00000|100%| O|  |TAMS 0x0000000083900000, 0x0000000083900000| Untracked 
|  58|0x0000000083a00000, 0x0000000083b00000, 0x0000000083b00000|100%| O|  |TAMS 0x0000000083a00000, 0x0000000083a00000| Untracked 
|  59|0x0000000083b00000, 0x0000000083c00000, 0x0000000083c00000|100%| O|  |TAMS 0x0000000083b00000, 0x0000000083b00000| Untracked 
|  60|0x0000000083c00000, 0x0000000083cc3e00, 0x0000000083d00000| 76%| O|  |TAMS 0x0000000083c00000, 0x0000000083c00000| Untracked 
|  61|0x0000000083d00000, 0x0000000083e00000, 0x0000000083e00000|100%| S|CS|TAMS 0x0000000083d00000, 0x0000000083d00000| Complete 
|  62|0x0000000083e00000, 0x0000000083f00000, 0x0000000083f00000|100%| S|CS|TAMS 0x0000000083e00000, 0x0000000083e00000| Complete 
|  63|0x0000000083f00000, 0x0000000084000000, 0x0000000084000000|100%| S|CS|TAMS 0x0000000083f00000, 0x0000000083f00000| Complete 
|  64|0x0000000084000000, 0x0000000084000000, 0x0000000084100000|  0%| F|  |TAMS 0x0000000084000000, 0x0000000084000000| Untracked 
|  65|0x0000000084100000, 0x0000000084100000, 0x0000000084200000|  0%| F|  |TAMS 0x0000000084100000, 0x0000000084100000| Untracked 
|  66|0x0000000084200000, 0x0000000084200000, 0x0000000084300000|  0%| F|  |TAMS 0x0000000084200000, 0x0000000084200000| Untracked 
|  67|0x0000000084300000, 0x0000000084300000, 0x0000000084400000|  0%| F|  |TAMS 0x0000000084300000, 0x0000000084300000| Untracked 
|  68|0x0000000084400000, 0x0000000084400000, 0x0000000084500000|  0%| F|  |TAMS 0x0000000084400000, 0x0000000084400000| Untracked 
|  69|0x0000000084500000, 0x0000000084500000, 0x0000000084600000|  0%| F|  |TAMS 0x0000000084500000, 0x0000000084500000| Untracked 
|  70|0x0000000084600000, 0x0000000084600000, 0x0000000084700000|  0%| F|  |TAMS 0x0000000084600000, 0x0000000084600000| Untracked 
|  71|0x0000000084700000, 0x0000000084700000, 0x0000000084800000|  0%| F|  |TAMS 0x0000000084700000, 0x0000000084700000| Untracked 
|  72|0x0000000084800000, 0x0000000084800000, 0x0000000084900000|  0%| F|  |TAMS 0x0000000084800000, 0x0000000084800000| Untracked 
|  73|0x0000000084900000, 0x0000000084900000, 0x0000000084a00000|  0%| F|  |TAMS 0x0000000084900000, 0x0000000084900000| Untracked 
|  74|0x0000000084a00000, 0x0000000084a00000, 0x0000000084b00000|  0%| F|  |TAMS 0x0000000084a00000, 0x0000000084a00000| Untracked 
|  75|0x0000000084b00000, 0x0000000084b00000, 0x0000000084c00000|  0%| F|  |TAMS 0x0000000084b00000, 0x0000000084b00000| Untracked 
|  76|0x0000000084c00000, 0x0000000084c00000, 0x0000000084d00000|  0%| F|  |TAMS 0x0000000084c00000, 0x0000000084c00000| Untracked 
|  77|0x0000000084d00000, 0x0000000084d00000, 0x0000000084e00000|  0%| F|  |TAMS 0x0000000084d00000, 0x0000000084d00000| Untracked 
|  78|0x0000000084e00000, 0x0000000084e00000, 0x0000000084f00000|  0%| F|  |TAMS 0x0000000084e00000, 0x0000000084e00000| Untracked 
|  79|0x0000000084f00000, 0x0000000084f00000, 0x0000000085000000|  0%| F|  |TAMS 0x0000000084f00000, 0x0000000084f00000| Untracked 
|  80|0x0000000085000000, 0x0000000085000000, 0x0000000085100000|  0%| F|  |TAMS 0x0000000085000000, 0x0000000085000000| Untracked 
|  81|0x0000000085100000, 0x0000000085100000, 0x0000000085200000|  0%| F|  |TAMS 0x0000000085100000, 0x0000000085100000| Untracked 
|  82|0x0000000085200000, 0x0000000085200000, 0x0000000085300000|  0%| F|  |TAMS 0x0000000085200000, 0x0000000085200000| Untracked 
|  83|0x0000000085300000, 0x0000000085300000, 0x0000000085400000|  0%| F|  |TAMS 0x0000000085300000, 0x0000000085300000| Untracked 
|  84|0x0000000085400000, 0x0000000085400000, 0x0000000085500000|  0%| F|  |TAMS 0x0000000085400000, 0x0000000085400000| Untracked 
|  85|0x0000000085500000, 0x0000000085500000, 0x0000000085600000|  0%| F|  |TAMS 0x0000000085500000, 0x0000000085500000| Untracked 
|  86|0x0000000085600000, 0x0000000085600000, 0x0000000085700000|  0%| F|  |TAMS 0x0000000085600000, 0x0000000085600000| Untracked 
|  87|0x0000000085700000, 0x0000000085700000, 0x0000000085800000|  0%| F|  |TAMS 0x0000000085700000, 0x0000000085700000| Untracked 
|  88|0x0000000085800000, 0x0000000085800000, 0x0000000085900000|  0%| F|  |TAMS 0x0000000085800000, 0x0000000085800000| Untracked 
|  89|0x0000000085900000, 0x0000000085900000, 0x0000000085a00000|  0%| F|  |TAMS 0x0000000085900000, 0x0000000085900000| Untracked 
|  90|0x0000000085a00000, 0x0000000085a00000, 0x0000000085b00000|  0%| F|  |TAMS 0x0000000085a00000, 0x0000000085a00000| Untracked 
|  91|0x0000000085b00000, 0x0000000085b00000, 0x0000000085c00000|  0%| F|  |TAMS 0x0000000085b00000, 0x0000000085b00000| Untracked 
|  92|0x0000000085c00000, 0x0000000085c00000, 0x0000000085d00000|  0%| F|  |TAMS 0x0000000085c00000, 0x0000000085c00000| Untracked 
|  93|0x0000000085d00000, 0x0000000085d00000, 0x0000000085e00000|  0%| F|  |TAMS 0x0000000085d00000, 0x0000000085d00000| Untracked 
|  94|0x0000000085e00000, 0x0000000085e00000, 0x0000000085f00000|  0%| F|  |TAMS 0x0000000085e00000, 0x0000000085e00000| Untracked 
|  95|0x0000000085f00000, 0x0000000085f00000, 0x0000000086000000|  0%| F|  |TAMS 0x0000000085f00000, 0x0000000085f00000| Untracked 
|  96|0x0000000086000000, 0x0000000086000000, 0x0000000086100000|  0%| F|  |TAMS 0x0000000086000000, 0x0000000086000000| Untracked 
|  97|0x0000000086100000, 0x0000000086100000, 0x0000000086200000|  0%| F|  |TAMS 0x0000000086100000, 0x0000000086100000| Untracked 
|  98|0x0000000086200000, 0x0000000086200000, 0x0000000086300000|  0%| F|  |TAMS 0x0000000086200000, 0x0000000086200000| Untracked 
|  99|0x0000000086300000, 0x0000000086300000, 0x0000000086400000|  0%| F|  |TAMS 0x0000000086300000, 0x0000000086300000| Untracked 
| 100|0x0000000086400000, 0x0000000086400000, 0x0000000086500000|  0%| F|  |TAMS 0x0000000086400000, 0x0000000086400000| Untracked 
| 101|0x0000000086500000, 0x0000000086500000, 0x0000000086600000|  0%| F|  |TAMS 0x0000000086500000, 0x0000000086500000| Untracked 
| 102|0x0000000086600000, 0x0000000086600000, 0x0000000086700000|  0%| F|  |TAMS 0x0000000086600000, 0x0000000086600000| Untracked 
| 103|0x0000000086700000, 0x0000000086700000, 0x0000000086800000|  0%| F|  |TAMS 0x0000000086700000, 0x0000000086700000| Untracked 
| 104|0x0000000086800000, 0x0000000086800000, 0x0000000086900000|  0%| F|  |TAMS 0x0000000086800000, 0x0000000086800000| Untracked 
| 105|0x0000000086900000, 0x0000000086900000, 0x0000000086a00000|  0%| F|  |TAMS 0x0000000086900000, 0x0000000086900000| Untracked 
| 106|0x0000000086a00000, 0x0000000086a00000, 0x0000000086b00000|  0%| F|  |TAMS 0x0000000086a00000, 0x0000000086a00000| Untracked 
| 107|0x0000000086b00000, 0x0000000086b00000, 0x0000000086c00000|  0%| F|  |TAMS 0x0000000086b00000, 0x0000000086b00000| Untracked 
| 108|0x0000000086c00000, 0x0000000086c00000, 0x0000000086d00000|  0%| F|  |TAMS 0x0000000086c00000, 0x0000000086c00000| Untracked 
| 109|0x0000000086d00000, 0x0000000086d00000, 0x0000000086e00000|  0%| F|  |TAMS 0x0000000086d00000, 0x0000000086d00000| Untracked 
| 110|0x0000000086e00000, 0x0000000086e00000, 0x0000000086f00000|  0%| F|  |TAMS 0x0000000086e00000, 0x0000000086e00000| Untracked 
| 111|0x0000000086f00000, 0x0000000086f00000, 0x0000000087000000|  0%| F|  |TAMS 0x0000000086f00000, 0x0000000086f00000| Untracked 
| 112|0x0000000087000000, 0x0000000087000000, 0x0000000087100000|  0%| F|  |TAMS 0x0000000087000000, 0x0000000087000000| Untracked 
| 113|0x0000000087100000, 0x0000000087100000, 0x0000000087200000|  0%| F|  |TAMS 0x0000000087100000, 0x0000000087100000| Untracked 
| 114|0x0000000087200000, 0x0000000087200000, 0x0000000087300000|  0%| F|  |TAMS 0x0000000087200000, 0x0000000087200000| Untracked 
| 115|0x0000000087300000, 0x0000000087300000, 0x0000000087400000|  0%| F|  |TAMS 0x0000000087300000, 0x0000000087300000| Untracked 
| 116|0x0000000087400000, 0x0000000087400000, 0x0000000087500000|  0%| F|  |TAMS 0x0000000087400000, 0x0000000087400000| Untracked 
| 117|0x0000000087500000, 0x0000000087500000, 0x0000000087600000|  0%| F|  |TAMS 0x0000000087500000, 0x0000000087500000| Untracked 
| 118|0x0000000087600000, 0x0000000087600000, 0x0000000087700000|  0%| F|  |TAMS 0x0000000087600000, 0x0000000087600000| Untracked 
| 119|0x0000000087700000, 0x0000000087700000, 0x0000000087800000|  0%| F|  |TAMS 0x0000000087700000, 0x0000000087700000| Untracked 
| 120|0x0000000087800000, 0x0000000087800000, 0x0000000087900000|  0%| F|  |TAMS 0x0000000087800000, 0x0000000087800000| Untracked 
| 121|0x0000000087900000, 0x0000000087900000, 0x0000000087a00000|  0%| F|  |TAMS 0x0000000087900000, 0x0000000087900000| Untracked 
| 122|0x0000000087a00000, 0x0000000087a00000, 0x0000000087b00000|  0%| F|  |TAMS 0x0000000087a00000, 0x0000000087a00000| Untracked 
| 123|0x0000000087b00000, 0x0000000087b00000, 0x0000000087c00000|  0%| F|  |TAMS 0x0000000087b00000, 0x0000000087b00000| Untracked 
| 124|0x0000000087c00000, 0x0000000087c00000, 0x0000000087d00000|  0%| F|  |TAMS 0x0000000087c00000, 0x0000000087c00000| Untracked 
| 125|0x0000000087d00000, 0x0000000087d00000, 0x0000000087e00000|  0%| F|  |TAMS 0x0000000087d00000, 0x0000000087d00000| Untracked 
| 126|0x0000000087e00000, 0x0000000087e00000, 0x0000000087f00000|  0%| F|  |TAMS 0x0000000087e00000, 0x0000000087e00000| Untracked 
| 127|0x0000000087f00000, 0x0000000087f00000, 0x0000000088000000|  0%| F|  |TAMS 0x0000000087f00000, 0x0000000087f00000| Untracked 
| 128|0x0000000088000000, 0x0000000088000000, 0x0000000088100000|  0%| F|  |TAMS 0x0000000088000000, 0x0000000088000000| Untracked 
| 129|0x0000000088100000, 0x0000000088100000, 0x0000000088200000|  0%| F|  |TAMS 0x0000000088100000, 0x0000000088100000| Untracked 
| 130|0x0000000088200000, 0x0000000088200000, 0x0000000088300000|  0%| F|  |TAMS 0x0000000088200000, 0x0000000088200000| Untracked 
| 131|0x0000000088300000, 0x0000000088300000, 0x0000000088400000|  0%| F|  |TAMS 0x0000000088300000, 0x0000000088300000| Untracked 
| 132|0x0000000088400000, 0x0000000088400000, 0x0000000088500000|  0%| F|  |TAMS 0x0000000088400000, 0x0000000088400000| Untracked 
| 133|0x0000000088500000, 0x0000000088500000, 0x0000000088600000|  0%| F|  |TAMS 0x0000000088500000, 0x0000000088500000| Untracked 
| 134|0x0000000088600000, 0x0000000088600000, 0x0000000088700000|  0%| F|  |TAMS 0x0000000088600000, 0x0000000088600000| Untracked 
| 135|0x0000000088700000, 0x0000000088700000, 0x0000000088800000|  0%| F|  |TAMS 0x0000000088700000, 0x0000000088700000| Untracked 
| 136|0x0000000088800000, 0x0000000088800000, 0x0000000088900000|  0%| F|  |TAMS 0x0000000088800000, 0x0000000088800000| Untracked 
| 137|0x0000000088900000, 0x0000000088900000, 0x0000000088a00000|  0%| F|  |TAMS 0x0000000088900000, 0x0000000088900000| Untracked 
| 138|0x0000000088a00000, 0x0000000088a80740, 0x0000000088b00000| 50%| E|  |TAMS 0x0000000088a00000, 0x0000000088a00000| Complete 
| 139|0x0000000088b00000, 0x0000000088c00000, 0x0000000088c00000|100%| E|CS|TAMS 0x0000000088b00000, 0x0000000088b00000| Complete 
| 140|0x0000000088c00000, 0x0000000088d00000, 0x0000000088d00000|100%| E|CS|TAMS 0x0000000088c00000, 0x0000000088c00000| Complete 
| 141|0x0000000088d00000, 0x0000000088e00000, 0x0000000088e00000|100%| E|CS|TAMS 0x0000000088d00000, 0x0000000088d00000| Complete 
| 142|0x0000000088e00000, 0x0000000088f00000, 0x0000000088f00000|100%| E|CS|TAMS 0x0000000088e00000, 0x0000000088e00000| Complete 
| 143|0x0000000088f00000, 0x0000000089000000, 0x0000000089000000|100%| E|CS|TAMS 0x0000000088f00000, 0x0000000088f00000| Complete 
| 144|0x0000000089000000, 0x0000000089100000, 0x0000000089100000|100%| E|CS|TAMS 0x0000000089000000, 0x0000000089000000| Complete 
| 145|0x0000000089100000, 0x0000000089200000, 0x0000000089200000|100%| E|CS|TAMS 0x0000000089100000, 0x0000000089100000| Complete 
| 146|0x0000000089200000, 0x0000000089300000, 0x0000000089300000|100%| E|CS|TAMS 0x0000000089200000, 0x0000000089200000| Complete 
| 147|0x0000000089300000, 0x0000000089400000, 0x0000000089400000|100%| E|CS|TAMS 0x0000000089300000, 0x0000000089300000| Complete 
| 148|0x0000000089400000, 0x0000000089500000, 0x0000000089500000|100%| E|CS|TAMS 0x0000000089400000, 0x0000000089400000| Complete 
| 149|0x0000000089500000, 0x0000000089600000, 0x0000000089600000|100%| E|CS|TAMS 0x0000000089500000, 0x0000000089500000| Complete 
| 150|0x0000000089600000, 0x0000000089700000, 0x0000000089700000|100%| E|CS|TAMS 0x0000000089600000, 0x0000000089600000| Complete 
| 151|0x0000000089700000, 0x0000000089800000, 0x0000000089800000|100%| E|CS|TAMS 0x0000000089700000, 0x0000000089700000| Complete 
| 152|0x0000000089800000, 0x0000000089900000, 0x0000000089900000|100%| E|CS|TAMS 0x0000000089800000, 0x0000000089800000| Complete 
| 153|0x0000000089900000, 0x0000000089a00000, 0x0000000089a00000|100%| E|CS|TAMS 0x0000000089900000, 0x0000000089900000| Complete 

Card table byte_map: [0x00000251e7b50000,0x00000251e7f50000] _byte_map_base: 0x00000251e7750000

Marking Bits (Prev, Next): (CMBitMap*) 0x00000251d0cd2d10, (CMBitMap*) 0x00000251d0cd2cd8
 Prev Bits: [0x00000251ea350000, 0x00000251ec350000)
 Next Bits: [0x00000251e8350000, 0x00000251ea350000)

Polling page: 0x00000251cf340000

Metaspace:

Usage:
  Non-class:     27.57 MB capacity,    27.22 MB ( 99%) used,   314.63 KB (  1%) free+waste,    48.06 KB ( <1%) overhead. 
      Class:      3.43 MB capacity,     3.20 MB ( 93%) used,   215.17 KB (  6%) free+waste,    21.00 KB ( <1%) overhead. 
       Both:     31.00 MB capacity,    30.42 MB ( 98%) used,   529.80 KB (  2%) free+waste,    69.06 KB ( <1%) overhead. 

Virtual space:
  Non-class space:       28.00 MB reserved,      27.75 MB (>99%) committed 
      Class space:        1.00 GB reserved,       3.50 MB ( <1%) committed 
             Both:        1.03 GB reserved,      31.25 MB (  3%) committed 

Chunk freelists:
   Non-Class:  6.75 KB
       Class:  1.25 KB
        Both:  8.00 KB

CodeHeap 'non-profiled nmethods': size=120064Kb used=2552Kb max_used=2552Kb free=117511Kb
 bounds [0x00000251dfe10000, 0x00000251e0090000, 0x00000251e7350000]
CodeHeap 'profiled nmethods': size=120000Kb used=11770Kb max_used=11770Kb free=108229Kb
 bounds [0x00000251d88e0000, 0x00000251d9460000, 0x00000251dfe10000]
CodeHeap 'non-nmethods': size=5696Kb used=1148Kb max_used=1194Kb free=4547Kb
 bounds [0x00000251d8350000, 0x00000251d85c0000, 0x00000251d88e0000]
 total_blobs=5519 nmethods=5051 adapters=379
 compilation: enabled
              stopped_count=0, restarted_count=0
 full_count=0

Compilation events (10 events):
Event: 12.730 Thread 0x00000251ee735000 5066       1       org.apache.maven.artifact.DefaultArtifact::getClassifier (5 bytes)
Event: 12.730 Thread 0x00000251ee735000 nmethod 5066 0x00000251e008dc10 code [0x00000251e008dda0, 0x00000251e008de58]
Event: 12.732 Thread 0x00000251ee735000 5067       3       org.apache.maven.cli.logging.Slf4jLogger::isDebugEnabled (10 bytes)
Event: 12.732 Thread 0x00000251ee735000 nmethod 5067 0x00000251d9452290 code [0x00000251d9452440, 0x00000251d9452608]
Event: 12.735 Thread 0x00000251ee735000 5069       3       org.eclipse.sisu.inject.RankedSequence::insert (43 bytes)
Event: 12.736 Thread 0x00000251ee735000 nmethod 5069 0x00000251d9452710 code [0x00000251d94529c0, 0x00000251d9453798]
Event: 12.736 Thread 0x00000251ee735000 5070       3       sun.net.util.IPAddressUtil::checkExternalForm (69 bytes)
Event: 12.738 Thread 0x00000251ee735000 nmethod 5070 0x00000251d9453c90 code [0x00000251d9453f60, 0x00000251d9454d98]
Event: 12.742 Thread 0x00000251ee735000 5071       1       org.apache.maven.plugin.descriptor.MojoDescriptor::getPluginDescriptor (5 bytes)
Event: 12.743 Thread 0x00000251ee735000 nmethod 5071 0x00000251e008df10 code [0x00000251e008e0a0, 0x00000251e008e158]

GC Heap History (10 events):
Event: 2.260 GC heap before
{Heap before GC invocations=3 (full 0):
 garbage-first heap   total 131072K, used 23021K [0x0000000080000000, 0x0000000100000000)
  region size 1024K, 21 young (21504K), 2 survivors (2048K)
 Metaspace       used 14617K, capacity 14809K, committed 14976K, reserved 1062912K
  class space    used 1525K, capacity 1615K, committed 1664K, reserved 1048576K
}
Event: 2.272 GC heap after
{Heap after GC invocations=4 (full 0):
 garbage-first heap   total 131072K, used 4353K [0x0000000080000000, 0x0000000100000000)
  region size 1024K, 3 young (3072K), 3 survivors (3072K)
 Metaspace       used 14617K, capacity 14809K, committed 14976K, reserved 1062912K
  class space    used 1525K, capacity 1615K, committed 1664K, reserved 1048576K
}
Event: 3.997 GC heap before
{Heap before GC invocations=4 (full 0):
 garbage-first heap   total 131072K, used 37121K [0x0000000080000000, 0x0000000100000000)
  region size 1024K, 35 young (35840K), 3 survivors (3072K)
 Metaspace       used 19799K, capacity 20135K, committed 20224K, reserved 1067008K
  class space    used 2117K, capacity 2247K, committed 2304K, reserved 1048576K
}
Event: 4.013 GC heap after
{Heap after GC invocations=5 (full 0):
 garbage-first heap   total 157696K, used 7091K [0x0000000080000000, 0x0000000100000000)
  region size 1024K, 5 young (5120K), 5 survivors (5120K)
 Metaspace       used 19799K, capacity 20135K, committed 20224K, reserved 1067008K
  class space    used 2117K, capacity 2247K, committed 2304K, reserved 1048576K
}
Event: 7.163 GC heap before
{Heap before GC invocations=5 (full 0):
 garbage-first heap   total 157696K, used 62387K [0x0000000080000000, 0x0000000100000000)
  region size 1024K, 60 young (61440K), 5 survivors (5120K)
 Metaspace       used 20884K, capacity 21203K, committed 21248K, reserved 1069056K
  class space    used 2162K, capacity 2282K, committed 2304K, reserved 1048576K
}
Event: 7.194 GC heap after
{Heap after GC invocations=6 (full 0):
 garbage-first heap   total 157696K, used 14126K [0x0000000080000000, 0x0000000100000000)
  region size 1024K, 12 young (12288K), 12 survivors (12288K)
 Metaspace       used 20884K, capacity 21203K, committed 21248K, reserved 1069056K
  class space    used 2162K, capacity 2282K, committed 2304K, reserved 1048576K
}
Event: 9.037 GC heap before
{Heap before GC invocations=7 (full 0):
 garbage-first heap   total 157696K, used 123694K [0x0000000080000000, 0x0000000100000000)
  region size 1024K, 71 young (72704K), 12 survivors (12288K)
 Metaspace       used 22512K, capacity 22848K, committed 22912K, reserved 1069056K
  class space    used 2296K, capacity 2424K, committed 2432K, reserved 1048576K
}
Event: 9.081 GC heap after
{Heap after GC invocations=8 (full 0):
 garbage-first heap   total 157696K, used 17679K [0x0000000080000000, 0x0000000100000000)
  region size 1024K, 5 young (5120K), 5 survivors (5120K)
 Metaspace       used 22512K, capacity 22848K, committed 22912K, reserved 1069056K
  class space    used 2296K, capacity 2424K, committed 2432K, reserved 1048576K
}
Event: 12.448 GC heap before
{Heap before GC invocations=8 (full 0):
 garbage-first heap   total 157696K, used 105743K [0x0000000080000000, 0x0000000100000000)
  region size 1024K, 90 young (92160K), 5 survivors (5120K)
 Metaspace       used 31014K, capacity 31491K, committed 31744K, reserved 1077248K
  class space    used 3263K, capacity 3469K, committed 3584K, reserved 1048576K
}
Event: 12.466 GC heap after
{Heap after GC invocations=9 (full 0):
 garbage-first heap   total 157696K, used 25106K [0x0000000080000000, 0x0000000100000000)
  region size 1024K, 12 young (12288K), 12 survivors (12288K)
 Metaspace       used 31014K, capacity 31491K, committed 31744K, reserved 1077248K
  class space    used 3263K, capacity 3469K, committed 3584K, reserved 1048576K
}

Deoptimization events (10 events):
Event: 10.706 Thread 0x00000251d0c96000 Uncommon trap: reason=bimorphic_or_optimized_type_check action=maybe_recompile pc=0x00000251dffa66f8 method=java.util.regex.Matcher.match(II)Z @ 121 c2
Event: 11.470 Thread 0x00000251d0c96000 Uncommon trap: reason=unstable_if action=reinterpret pc=0x00000251e001b01c method=java.util.jar.Attributes$Name.hash(Ljava/lang/String;)I @ 89 c2
Event: 11.502 Thread 0x00000251d0c96000 Uncommon trap: reason=unstable_if action=reinterpret pc=0x00000251e0053218 method=java.time.chrono.IsoChronology.isLeapYear(J)Z @ 7 c2
Event: 11.680 Thread 0x00000251d0c96000 Uncommon trap: reason=speculate_null_assert action=make_not_entrant pc=0x00000251e0061ec8 method=jdk.nio.zipfs.ZipFileSystem.getEntry([B)Ljdk/nio/zipfs/ZipFileSystem$Entry; @ 19 c2
Event: 11.810 Thread 0x00000251d0c96000 Uncommon trap: reason=class_check action=maybe_recompile pc=0x00000251e0061780 method=java.nio.file.Files$AcceptAllFilter.accept(Ljava/lang/Object;)Z @ 2 c2
Event: 11.811 Thread 0x00000251d0c96000 Uncommon trap: reason=class_check action=maybe_recompile pc=0x00000251e0061780 method=java.nio.file.Files$AcceptAllFilter.accept(Ljava/lang/Object;)Z @ 2 c2
Event: 11.811 Thread 0x00000251d0c96000 Uncommon trap: reason=class_check action=maybe_recompile pc=0x00000251e0061780 method=java.nio.file.Files$AcceptAllFilter.accept(Ljava/lang/Object;)Z @ 2 c2
Event: 11.811 Thread 0x00000251d0c96000 Uncommon trap: reason=class_check action=maybe_recompile pc=0x00000251e0061780 method=java.nio.file.Files$AcceptAllFilter.accept(Ljava/lang/Object;)Z @ 2 c2
Event: 12.632 Thread 0x00000251d0c96000 Uncommon trap: reason=unstable_if action=reinterpret pc=0x00000251dff8c8f4 method=org.apache.maven.model.validation.DefaultModelValidator.validateEffectiveDependency(Lorg/apache/maven/model/building/ModelProblemCollector;Lorg/apache/maven/model/Dependency
Event: 12.632 Thread 0x00000251d0c96000 Uncommon trap: reason=unstable_if action=reinterpret pc=0x00000251dff93b34 method=org.apache.maven.repository.internal.ArtifactDescriptorReaderDelegate.convert(Lorg/apache/maven/model/Dependency;Lorg/eclipse/aether/artifact/ArtifactTypeRegistry;)Lorg/ecli

Classes redefined (0 events):
No events

Internal exceptions (10 events):
Event: 10.674 Thread 0x00000251d0c96000 Exception <a 'sun/nio/fs/WindowsException'{0x0000000087874870}> (0x0000000087874870) thrown at [./open/src/hotspot/share/prims/jni.cpp, line 611]
Event: 10.675 Thread 0x00000251d0c96000 Exception <a 'sun/nio/fs/WindowsException'{0x0000000087875ac8}> (0x0000000087875ac8) thrown at [./open/src/hotspot/share/prims/jni.cpp, line 611]
Event: 10.675 Thread 0x00000251d0c96000 Exception <a 'sun/nio/fs/WindowsException'{0x0000000087875eb0}> (0x0000000087875eb0) thrown at [./open/src/hotspot/share/prims/jni.cpp, line 611]
Event: 10.730 Thread 0x00000251d0c96000 Exception <a 'java/lang/NoSuchMethodError'{0x00000000877467b0}: java.lang.invoke.DirectMethodHandle$Holder.invokeSpecial(Ljava/lang/Object;Ljava/lang/Object;Ljava/lang/Object;Ljava/lang/Object;)I> (0x00000000877467b0) thrown at [./open/src/hotspot/share/i
Event: 10.802 Thread 0x00000251d0c96000 Exception <a 'java/lang/NoSuchMethodError'{0x0000000087686768}: java.lang.invoke.DirectMethodHandle$Holder.invokeSpecial(Ljava/lang/Object;Ljava/lang/Object;Ljava/lang/Object;Ljava/lang/Object;Ljava/lang/Object;)I> (0x0000000087686768) thrown at [./open/s
Event: 10.805 Thread 0x00000251d0c96000 Exception <a 'sun/nio/fs/WindowsException'{0x0000000087690780}> (0x0000000087690780) thrown at [./open/src/hotspot/share/prims/jni.cpp, line 611]
Event: 10.853 Thread 0x00000251d0c96000 Exception <a 'sun/nio/fs/WindowsException'{0x000000008769c6b0}> (0x000000008769c6b0) thrown at [./open/src/hotspot/share/prims/jni.cpp, line 611]
Event: 11.810 Thread 0x00000251d0c96000 Exception <a 'sun/nio/fs/WindowsException'{0x00000000855fadb0}> (0x00000000855fadb0) thrown at [./open/src/hotspot/share/prims/jni.cpp, line 611]
Event: 11.814 Thread 0x00000251d0c96000 Exception <a 'sun/nio/fs/WindowsException'{0x000000008540b550}> (0x000000008540b550) thrown at [./open/src/hotspot/share/prims/jni.cpp, line 611]
Event: 11.815 Thread 0x00000251d0c96000 Exception <a 'sun/nio/fs/WindowsException'{0x000000008540e528}> (0x000000008540e528) thrown at [./open/src/hotspot/share/prims/jni.cpp, line 611]

Events (10 events):
Event: 12.742 loading class org/apache/maven/plugin/Mojo
Event: 12.742 loading class org/apache/maven/plugin/Mojo done
Event: 12.742 loading class org/springframework/boot/maven/RepackageMojo
Event: 12.742 loading class org/springframework/boot/maven/RepackageMojo done
Event: 12.742 loading class org/springframework/boot/maven/RepackageMojo
Event: 12.742 loading class org/springframework/boot/maven/RepackageMojo done
Event: 12.742 loading class org/apache/maven/plugin/Mojo
Event: 12.742 loading class org/apache/maven/plugin/Mojo done
Event: 12.742 loading class org/apache/maven/plugin/Mojo
Event: 12.742 loading class org/apache/maven/plugin/Mojo done


Dynamic libraries:
0x00007ff732db0000 - 0x00007ff732dbf000 	C:\Program Files\Java\jdk-11.0.16\bin\java.exe
0x00007ff8dffd0000 - 0x00007ff8e01c8000 	C:\Windows\SYSTEM32\ntdll.dll
0x00007ff8ded10000 - 0x00007ff8dedcd000 	C:\Windows\System32\KERNEL32.DLL
0x00007ff8dd850000 - 0x00007ff8ddb1e000 	C:\Windows\System32\KERNELBASE.dll
0x00007ff8dddf0000 - 0x00007ff8ddef0000 	C:\Windows\System32\ucrtbase.dll
0x00007ff8be2e0000 - 0x00007ff8be2f5000 	C:\Program Files\Java\jdk-11.0.16\bin\VCRUNTIME140.dll
0x00007ff8b9ad0000 - 0x00007ff8b9ae8000 	C:\Program Files\Java\jdk-11.0.16\bin\jli.dll
0x00007ff8de3a0000 - 0x00007ff8de44e000 	C:\Windows\System32\ADVAPI32.dll
0x00007ff8debd0000 - 0x00007ff8dec6e000 	C:\Windows\System32\msvcrt.dll
0x00007ff8dec70000 - 0x00007ff8ded0c000 	C:\Windows\System32\sechost.dll
0x00007ff8dfbe0000 - 0x00007ff8dfd05000 	C:\Windows\System32\RPCRT4.dll
0x00007ff8de930000 - 0x00007ff8dead0000 	C:\Windows\System32\USER32.dll
0x00007ff8ddc30000 - 0x00007ff8ddc52000 	C:\Windows\System32\win32u.dll
0x00007ff8dfd80000 - 0x00007ff8dfdaa000 	C:\Windows\System32\GDI32.dll
0x00007ff8ddb20000 - 0x00007ff8ddc2b000 	C:\Windows\System32\gdi32full.dll
0x00007ff8ddd20000 - 0x00007ff8dddbd000 	C:\Windows\System32\msvcp_win.dll
0x00007ff8bf250000 - 0x00007ff8bf4ea000 	C:\Windows\WinSxS\amd64_microsoft.windows.common-controls_6595b64144ccf1df_6.0.19041.1110_none_60b5254171f9507e\COMCTL32.dll
0x00007ff8d3c10000 - 0x00007ff8d3c1a000 	C:\Windows\SYSTEM32\VERSION.dll
0x00007ff8de8a0000 - 0x00007ff8de8d0000 	C:\Windows\System32\IMM32.DLL
0x00007ff8afc00000 - 0x00007ff8afc9b000 	C:\Program Files\Java\jdk-11.0.16\bin\msvcp140.dll
0x00007ff8810f0000 - 0x00007ff881c08000 	C:\Program Files\Java\jdk-11.0.16\bin\server\jvm.dll
0x00007ff8de890000 - 0x00007ff8de898000 	C:\Windows\System32\PSAPI.DLL
0x00007ff8d75f0000 - 0x00007ff8d75f9000 	C:\Windows\SYSTEM32\WSOCK32.dll
0x00007ff8deb60000 - 0x00007ff8debcb000 	C:\Windows\System32\WS2_32.dll
0x00007ff8bb7e0000 - 0x00007ff8bb807000 	C:\Windows\SYSTEM32\WINMM.dll
0x00007ff8db5c0000 - 0x00007ff8db5d2000 	C:\Windows\SYSTEM32\kernel.appcore.dll
0x00007ff8d6400000 - 0x00007ff8d6410000 	C:\Program Files\Java\jdk-11.0.16\bin\verify.dll
0x00007ff8d53f0000 - 0x00007ff8d55d4000 	C:\Windows\SYSTEM32\DBGHELP.DLL
0x00007ff8d53c0000 - 0x00007ff8d53ec000 	C:\Windows\SYSTEM32\dbgcore.DLL
0x00007ff8ddef0000 - 0x00007ff8ddf72000 	C:\Windows\System32\bcryptPrimitives.dll
0x00007ff8b9aa0000 - 0x00007ff8b9ac8000 	C:\Program Files\Java\jdk-11.0.16\bin\java.dll
0x00007ff8c0e70000 - 0x00007ff8c0e7a000 	C:\Program Files\Java\jdk-11.0.16\bin\jimage.dll
0x00007ff8b7fd0000 - 0x00007ff8b7fe6000 	C:\Program Files\Java\jdk-11.0.16\bin\zip.dll
0x00007ff8df000000 - 0x00007ff8df743000 	C:\Windows\System32\SHELL32.dll
0x00007ff8db7c0000 - 0x00007ff8dbf55000 	C:\Windows\SYSTEM32\windows.storage.dll
0x00007ff8de040000 - 0x00007ff8de394000 	C:\Windows\System32\combase.dll
0x00007ff8dcfa0000 - 0x00007ff8dcfd0000 	C:\Windows\SYSTEM32\Wldp.dll
0x00007ff8dfe10000 - 0x00007ff8dfebd000 	C:\Windows\System32\SHCORE.dll
0x00007ff8dfdb0000 - 0x00007ff8dfe05000 	C:\Windows\System32\shlwapi.dll
0x00007ff8dd630000 - 0x00007ff8dd64f000 	C:\Windows\SYSTEM32\profapi.dll
0x00007ff8b7fb0000 - 0x00007ff8b7fc9000 	C:\Program Files\Java\jdk-11.0.16\bin\net.dll
0x00007ff8d4210000 - 0x00007ff8d431a000 	C:\Windows\SYSTEM32\WINHTTP.dll
0x00007ff8dcd80000 - 0x00007ff8dcdea000 	C:\Windows\system32\mswsock.dll
0x00007ff8b7e70000 - 0x00007ff8b7e82000 	C:\Program Files\Java\jdk-11.0.16\bin\nio.dll
0x0000000069ac0000 - 0x0000000069ae4000 	C:\Users\sfjbs\Downloads\micro service-20221001T123314Z-001\micro service\apache-maven-3.8.5-bin\apache-maven-3.8.5\lib\jansi-native\Windows\x86_64\jansi.dll

dbghelp: loaded successfully - version: 4.0.5 - missing functions: none
symbol engine: initialized successfully - sym options: 0x614 - pdb path: .;C:\Program Files\Java\jdk-11.0.16\bin;C:\Windows\SYSTEM32;C:\Windows\WinSxS\amd64_microsoft.windows.common-controls_6595b64144ccf1df_6.0.19041.1110_none_60b5254171f9507e;C:\Program Files\Java\jdk-11.0.16\bin\server;C:\Users\sfjbs\Downloads\micro service-20221001T123314Z-001\micro service\apache-maven-3.8.5-bin\apache-maven-3.8.5\lib\jansi-native\Windows\x86_64

VM Arguments:
jvm_args: -Dclassworlds.conf=C:\Users\sfjbs\Downloads\micro service-20221001T123314Z-001\micro service\apache-maven-3.8.5-bin\apache-maven-3.8.5\bin\m2.conf -Dmaven.home=C:\Users\sfjbs\Downloads\micro service-20221001T123314Z-001\micro service\apache-maven-3.8.5-bin\apache-maven-3.8.5 -Dlibrary.jansi.path=C:\Users\sfjbs\Downloads\micro service-20221001T123314Z-001\micro service\apache-maven-3.8.5-bin\apache-maven-3.8.5\lib\jansi-native -Dmaven.multiModuleProjectDirectory=C:\Users\sfjbs\IdeaProjects\training\Harshad\day11\eureka-app\student-service 
java_command: org.codehaus.plexus.classworlds.launcher.Launcher spring-boot:run
java_class_path (initial): C:\Users\sfjbs\Downloads\micro service-20221001T123314Z-001\micro service\apache-maven-3.8.5-bin\apache-maven-3.8.5\boot\plexus-classworlds-2.6.0.jar
Launcher Type: SUN_STANDARD

[Global flags]
     intx CICompilerCount                          = 2                                         {product} {ergonomic}
     uint ConcGCThreads                            = 1                                         {product} {ergonomic}
     uint G1ConcRefinementThreads                  = 2                                         {product} {ergonomic}
   size_t G1HeapRegionSize                         = 1048576                                   {product} {ergonomic}
    uintx GCDrainStackTargetSize                   = 64                                        {product} {ergonomic}
   size_t InitialHeapSize                          = 134217728                                 {product} {ergonomic}
   size_t MarkStackSize                            = 4194304                                   {product} {ergonomic}
   size_t MaxHeapSize                              = 2147483648                                {product} {ergonomic}
   size_t MaxNewSize                               = 1287651328                                {product} {ergonomic}
   size_t MinHeapDeltaBytes                        = 1048576                                   {product} {ergonomic}
    uintx NonNMethodCodeHeapSize                   = 5825164                                {pd product} {ergonomic}
    uintx NonProfiledCodeHeapSize                  = 122916538                              {pd product} {ergonomic}
    uintx ProfiledCodeHeapSize                     = 122916538                              {pd product} {ergonomic}
    uintx ReservedCodeCacheSize                    = 251658240                              {pd product} {ergonomic}
     bool SegmentedCodeCache                       = true                                      {product} {ergonomic}
     bool UseCompressedClassPointers               = true                                 {lp64_product} {ergonomic}
     bool UseCompressedOops                        = true                                 {lp64_product} {ergonomic}
     bool UseG1GC                                  = true                                      {product} {ergonomic}
     bool UseLargePagesIndividualAllocation        = false                                  {pd product} {ergonomic}

Logging:
Log output configuration:
 #0: stdout all=warning uptime,level,tags
 #1: stderr all=off uptime,level,tags

Environment Variables:
PATH=C:\Program Files\Common Files\Oracle\Java\javapath;C:\Windows\system32;C:\Windows;C:\Windows\System32\Wbem;C:\Windows\System32\WindowsPowerShell\v1.0\;C:\Windows\System32\OpenSSH\;C:\Users\sfjbs\Downloads\micro service-20221001T123314Z-001\micro service\apache-maven-3.8.5-bin\apache-maven-3.8.5\bin;C:\Users\sfjbs\Downloads\micro service-20221001T123314Z-001\micro service\apache-maven-3.8.5-bin\apache-maven-3.8.5\lib;C:\Program Files\Docker\Docker\resources\bin;C:\ProgramData\DockerDesktop\version-bin;C:\Program Files\Git\cmd;C:\Users\sfjbs\AppData\Local\Microsoft\WindowsApps;C:\Users\sfjbs\Downloads\micro service-20221001T123314Z-001\micro service\apache-maven-3.8.5-bin\apache-maven-3.8.5\bin;C:\Users\sfjbs\Downloads\micro service-20221001T123314Z-001\micro service\apache-maven-3.8.5-bin\apache-maven-3.8.5\lib;;C:\Program Files\JetBrains\IntelliJ IDEA Community Edition 2022.2.1\bin;
USERNAME=sfjbs
OS=Windows_NT
PROCESSOR_IDENTIFIER=Intel64 Family 6 Model 106 Stepping 6, GenuineIntel



---------------  S Y S T E M  ---------------

OS: Windows 10 , 64 bit Build 19041 (10.0.19041.1889)
Hyper-V role detected

CPU:total 2 (initial active 2) (1 cores per cpu, 2 threads per core) family 6 model 106 stepping 6 microcode 0xffffffff, cmov, cx8, fxsr, mmx, sse, sse2, sse3, ssse3, sse4.1, sse4.2, popcnt, avx, avx2, aes, clmul, erms, rtm, 3dnowpref, lzcnt, ht, tsc, bmi1, bmi2, adx, evex, fma

Memory: 4k page, system-wide physical 8190M (307M free)
TotalPageFile size 10238M (AvailPageFile size 4M)
current process WorkingSet (physical memory assigned to process): 273M, peak: 273M
current process commit charge ("private bytes"): 299M, peak: 302M

vm_info: Java HotSpot(TM) 64-Bit Server VM (11.0.16+11-LTS-199) for windows-amd64 JRE (11.0.16+11-LTS-199), built on Jun 28 2022 08:23:17 by "mach5one" with MS VC++ 15.9 (VS2017)

END.
