#
# There is insufficient memory for the Java Runtime Environment to continue.
# Native memory allocation (mmap) failed to map 89128960 bytes for Failed to commit area from 0x0000000710000000 to 0x0000000715500000 of length 89128960.
# Possible reasons:
#   The system is out of physical RAM or swap space
#   The process is running with CompressedOops enabled, and the Java Heap may be blocking the growth of the native heap
# Possible solutions:
#   Reduce memory load on the system
#   Increase physical memory or swap space
#   Check if swap backing store is full
#   Decrease Java heap size (-Xmx/-Xms)
#   Decrease number of Java threads
#   Decrease Java thread stack sizes (-Xss)
#   Set larger code cache with -XX:ReservedCodeCacheSize=
#   JVM is running with Zero Based Compressed Oops mode in which the Java heap is
#     placed in the first 32GB address space. The Java Heap base address is the
#     maximum limit for the native heap growth. Please use -XX:HeapBaseMinAddress
#     to set the Java Heap base and to place the Java Heap above 32GB virtual address.
# This output file may be truncated or incomplete.
#
#  Out of Memory Error (./open/src/hotspot/os/windows/os_windows.cpp:3287), pid=171172, tid=172660
#
# JRE version: Java(TM) SE Runtime Environment 18.9 (11.0.16+11) (build 11.0.16+11-LTS-199)
# Java VM: Java HotSpot(TM) 64-Bit Server VM 18.9 (11.0.16+11-LTS-199, mixed mode, tiered, compressed oops, g1 gc, windows-amd64)
# No core dump will be written. Minidumps are not enabled by default on client versions of Windows
#

---------------  S U M M A R Y ------------

Command Line: -Dclassworlds.conf=C:\Users\sfjbs\Downloads\micro service-20221001T123314Z-001\micro service\apache-maven-3.8.5-bin\apache-maven-3.8.5\bin\m2.conf -Dmaven.home=C:\Users\sfjbs\Downloads\micro service-20221001T123314Z-001\micro service\apache-maven-3.8.5-bin\apache-maven-3.8.5 -Dlibrary.jansi.path=C:\Users\sfjbs\Downloads\micro service-20221001T123314Z-001\micro service\apache-maven-3.8.5-bin\apache-maven-3.8.5\lib\jansi-native -Dmaven.multiModuleProjectDirectory=C:\Users\sfjbs\IdeaProjects\training\Harshad\day11\eureka-app\student-service org.codehaus.plexus.classworlds.launcher.Launcher spring-boot:run

Host: Intel(R) Xeon(R) Platinum 8272CL CPU @ 2.60GHz, 4 cores, 15G,  Windows 10 , 64 bit Build 19041 (10.0.19041.1889)
Time: Wed Oct 19 12:09:59 2022 Coordinated Universal Time elapsed time: 4.306931 seconds (0d 0h 0m 4s)

---------------  T H R E A D  ---------------

Current thread (0x00000239fef2f000):  VMThread "VM Thread" [stack: 0x00000085b7200000,0x00000085b7300000] [id=172660]

Stack: [0x00000085b7200000,0x00000085b7300000]
[error occurred during error reporting (printing stack bounds), id 0xc0000005, EXCEPTION_ACCESS_VIOLATION (0xc0000005) at pc=0x00000239e72010e7]

Native frames: (J=compiled Java code, j=interpreted, Vv=VM code, C=native code)
V  [jvm.dll+0x62a3ea]
V  [jvm.dll+0x76418f]
V  [jvm.dll+0x765839]
V  [jvm.dll+0x765e25]
V  [jvm.dll+0x765ddb]
V  [jvm.dll+0x6298d3]
V  [jvm.dll+0x629fe8]
C  [ntdll.dll+0xa235f]
C  [ntdll.dll+0x514a4]
C  [ntdll.dll+0xa0e8e]
C  0x00000239e72010e7

VM_Operation (0x00000085b79fe640): CollectForMetadataAllocation, mode: safepoint, requested by thread 0x00000239fefc1000


---------------  P R O C E S S  ---------------

Threads class SMR info:
_java_thread_list=0x00000239ff50b790, length=11, elements={
0x00000239dfb48000, 0x00000239fef31800, 0x00000239fef5d000, 0x00000239fefb4800,
0x00000239fefb7800, 0x00000239fefba000, 0x00000239fefbd000, 0x00000239fefc1000,
0x00000239fefcd800, 0x00000239ff136800, 0x000002398418c000
}

Java Threads: ( => current thread )
  0x00000239dfb48000 JavaThread "main" [_thread_blocked, id=147620, stack(0x00000085b6c00000,0x00000085b6d00000)]
  0x00000239fef31800 JavaThread "Reference Handler" daemon [_thread_blocked, id=43460, stack(0x00000085b7300000,0x00000085b7400000)]
  0x00000239fef5d000 JavaThread "Finalizer" daemon [_thread_blocked, id=155640, stack(0x00000085b7400000,0x00000085b7500000)]
  0x00000239fefb4800 JavaThread "Signal Dispatcher" daemon [_thread_blocked, id=172948, stack(0x00000085b7500000,0x00000085b7600000)]
  0x00000239fefb7800 JavaThread "Attach Listener" daemon [_thread_blocked, id=148772, stack(0x00000085b7600000,0x00000085b7700000)]
  0x00000239fefba000 JavaThread "Service Thread" daemon [_thread_blocked, id=162452, stack(0x00000085b7700000,0x00000085b7800000)]
  0x00000239fefbd000 JavaThread "C2 CompilerThread0" daemon [_thread_in_native, id=172352, stack(0x00000085b7800000,0x00000085b7900000)]
  0x00000239fefc1000 JavaThread "C1 CompilerThread0" daemon [_thread_blocked, id=173356, stack(0x00000085b7900000,0x00000085b7a00000)]
  0x00000239fefcd800 JavaThread "Sweeper thread" daemon [_thread_blocked, id=173272, stack(0x00000085b7a00000,0x00000085b7b00000)]
  0x00000239ff136800 JavaThread "Common-Cleaner" daemon [_thread_blocked, id=152960, stack(0x00000085b7c00000,0x00000085b7d00000)]
  0x000002398418c000 JavaThread "C2 CompilerThread1" daemon [_thread_blocked, id=154160, stack(0x00000085b8000000,0x00000085b8100000)]

Other Threads:
=>0x00000239fef2f000 VMThread "VM Thread" [stack: 0x00000085b7200000,0x00000085b7300000] [id=172660]
  0x00000239ff131800 WatcherThread [stack: 0x00000085b7b00000,0x00000085b7c00000] [id=42844]
  0x00000239dfb5d000 GCTaskThread "GC Thread#0" [stack: 0x00000085b6d00000,0x00000085b6e00000] [id=171980]
  0x00000239ff8af000 GCTaskThread "GC Thread#1" [stack: 0x00000085b7d00000,0x00000085b7e00000] [id=168424]
  0x00000239ff8fd000 GCTaskThread "GC Thread#2" [stack: 0x00000085b7e00000,0x00000085b7f00000] [id=10752]
  0x00000239ffa14800 GCTaskThread "GC Thread#3" [stack: 0x00000085b7f00000,0x00000085b8000000] [id=12984]
  0x00000239dfbb8800 ConcurrentGCThread "G1 Main Marker" [stack: 0x00000085b6e00000,0x00000085b6f00000] [id=155452]
  0x00000239dfbbc000 ConcurrentGCThread "G1 Conc#0" [stack: 0x00000085b6f00000,0x00000085b7000000] [id=153396]
  0x00000239dfc2e000 ConcurrentGCThread "G1 Refine#0" [stack: 0x00000085b7000000,0x00000085b7100000] [id=45660]
  0x00000239fe58b000 ConcurrentGCThread "G1 Young RemSet Sampling" [stack: 0x00000085b7100000,0x00000085b7200000] [id=163228]

Threads with active compile tasks:
C2 CompilerThread0     4315 3017   !   4       org.codehaus.plexus.interpolation.StringSearchInterpolator::interpolate (668 bytes)
C1 CompilerThread0     4316 3297       3       sun.nio.cs.UTF_8::newDecoder (9 bytes)
C2 CompilerThread1     4316 3256       4       org.apache.maven.repository.internal.ArtifactDescriptorReaderDelegate::convert (205 bytes)

VM state:at safepoint (normal execution)

VM Mutex/Monitor currently owned by a thread:  ([mutex/lock_event])
[0x00000239dfb44750] Threads_lock - owner thread: 0x00000239fef2f000
[0x00000239dfb42e00] Heap_lock - owner thread: 0x00000239fefc1000
[0x00000239dfb44090] MethodData_lock - owner thread: 0x00000239fefc1000

Heap address: 0x0000000700000000, size: 4096 MB, Compressed Oops mode: Zero based, Oop shift amount: 3
Narrow klass base: 0x0000000800000000, Narrow klass shift: 0
Compressed class space size: 1073741824 Address: 0x0000000800000000

Heap:
 garbage-first heap   total 349184K, used 15385K [0x0000000700000000, 0x0000000800000000)
  region size 1024K, 12 young (12288K), 12 survivors (12288K)
 Metaspace       used 20913K, capacity 21213K, committed 21248K, reserved 1069056K
  class space    used 2164K, capacity 2285K, committed 2304K, reserved 1048576K
Heap Regions: E=young(eden), S=young(survivor), O=old, HS=humongous(starts), HC=humongous(continues), CS=collection set, F=free, A=archive, TAMS=top-at-mark-start (previous, next)
|   0|0x0000000700000000, 0x0000000700100000, 0x0000000700100000|100%| O|  |TAMS 0x0000000700000000, 0x0000000700100000| Untracked 
|   1|0x0000000700100000, 0x0000000700200000, 0x0000000700200000|100%| O|  |TAMS 0x0000000700100000, 0x0000000700200000| Untracked 
|   2|0x0000000700200000, 0x0000000700300000, 0x0000000700300000|100%| O|  |TAMS 0x0000000700200000, 0x0000000700300000| Untracked 
|   3|0x0000000700300000, 0x0000000700377000, 0x0000000700400000| 46%| O|  |TAMS 0x0000000700300000, 0x0000000700377000| Untracked 
|   4|0x0000000700400000, 0x0000000700400000, 0x0000000700500000|  0%| F|  |TAMS 0x0000000700400000, 0x0000000700400000| Untracked 
|   5|0x0000000700500000, 0x0000000700500000, 0x0000000700600000|  0%| F|  |TAMS 0x0000000700500000, 0x0000000700500000| Untracked 
|   6|0x0000000700600000, 0x0000000700600000, 0x0000000700700000|  0%| F|  |TAMS 0x0000000700600000, 0x0000000700600000| Untracked 
|   7|0x0000000700700000, 0x0000000700700000, 0x0000000700800000|  0%| F|  |TAMS 0x0000000700700000, 0x0000000700700000| Untracked 
|   8|0x0000000700800000, 0x0000000700800000, 0x0000000700900000|  0%| F|  |TAMS 0x0000000700800000, 0x0000000700800000| Untracked 
|   9|0x0000000700900000, 0x0000000700900000, 0x0000000700a00000|  0%| F|  |TAMS 0x0000000700900000, 0x0000000700900000| Untracked 
|  10|0x0000000700a00000, 0x0000000700a00000, 0x0000000700b00000|  0%| F|  |TAMS 0x0000000700a00000, 0x0000000700a00000| Untracked 
|  11|0x0000000700b00000, 0x0000000700b00000, 0x0000000700c00000|  0%| F|  |TAMS 0x0000000700b00000, 0x0000000700b00000| Untracked 
|  12|0x0000000700c00000, 0x0000000700c00000, 0x0000000700d00000|  0%| F|  |TAMS 0x0000000700c00000, 0x0000000700c00000| Untracked 
|  13|0x0000000700d00000, 0x0000000700d00000, 0x0000000700e00000|  0%| F|  |TAMS 0x0000000700d00000, 0x0000000700d00000| Untracked 
|  14|0x0000000700e00000, 0x0000000700e00000, 0x0000000700f00000|  0%| F|  |TAMS 0x0000000700e00000, 0x0000000700e00000| Untracked 
|  15|0x0000000700f00000, 0x0000000700f00000, 0x0000000701000000|  0%| F|  |TAMS 0x0000000700f00000, 0x0000000700f00000| Untracked 
|  16|0x0000000701000000, 0x0000000701000000, 0x0000000701100000|  0%| F|  |TAMS 0x0000000701000000, 0x0000000701000000| Untracked 
|  17|0x0000000701100000, 0x0000000701100000, 0x0000000701200000|  0%| F|  |TAMS 0x0000000701100000, 0x0000000701100000| Untracked 
|  18|0x0000000701200000, 0x0000000701200000, 0x0000000701300000|  0%| F|  |TAMS 0x0000000701200000, 0x0000000701200000| Untracked 
|  19|0x0000000701300000, 0x0000000701300000, 0x0000000701400000|  0%| F|  |TAMS 0x0000000701300000, 0x0000000701300000| Untracked 
|  20|0x0000000701400000, 0x0000000701400000, 0x0000000701500000|  0%| F|  |TAMS 0x0000000701400000, 0x0000000701400000| Untracked 
|  21|0x0000000701500000, 0x0000000701500000, 0x0000000701600000|  0%| F|  |TAMS 0x0000000701500000, 0x0000000701500000| Untracked 
|  22|0x0000000701600000, 0x0000000701600000, 0x0000000701700000|  0%| F|  |TAMS 0x0000000701600000, 0x0000000701600000| Untracked 
|  23|0x0000000701700000, 0x0000000701700000, 0x0000000701800000|  0%| F|  |TAMS 0x0000000701700000, 0x0000000701700000| Untracked 
|  24|0x0000000701800000, 0x0000000701800000, 0x0000000701900000|  0%| F|  |TAMS 0x0000000701800000, 0x0000000701800000| Untracked 
|  25|0x0000000701900000, 0x0000000701900000, 0x0000000701a00000|  0%| F|  |TAMS 0x0000000701900000, 0x0000000701900000| Untracked 
|  26|0x0000000701a00000, 0x0000000701a00000, 0x0000000701b00000|  0%| F|  |TAMS 0x0000000701a00000, 0x0000000701a00000| Untracked 
|  27|0x0000000701b00000, 0x0000000701b00000, 0x0000000701c00000|  0%| F|  |TAMS 0x0000000701b00000, 0x0000000701b00000| Untracked 
|  28|0x0000000701c00000, 0x0000000701c00000, 0x0000000701d00000|  0%| F|  |TAMS 0x0000000701c00000, 0x0000000701c00000| Untracked 
|  29|0x0000000701d00000, 0x0000000701d00000, 0x0000000701e00000|  0%| F|  |TAMS 0x0000000701d00000, 0x0000000701d00000| Untracked 
|  30|0x0000000701e00000, 0x0000000701e00000, 0x0000000701f00000|  0%| F|  |TAMS 0x0000000701e00000, 0x0000000701e00000| Untracked 
|  31|0x0000000701f00000, 0x0000000701f00000, 0x0000000702000000|  0%| F|  |TAMS 0x0000000701f00000, 0x0000000701f00000| Untracked 
|  32|0x0000000702000000, 0x0000000702000000, 0x0000000702100000|  0%| F|  |TAMS 0x0000000702000000, 0x0000000702000000| Untracked 
|  33|0x0000000702100000, 0x0000000702100000, 0x0000000702200000|  0%| F|  |TAMS 0x0000000702100000, 0x0000000702100000| Untracked 
|  34|0x0000000702200000, 0x0000000702200000, 0x0000000702300000|  0%| F|  |TAMS 0x0000000702200000, 0x0000000702200000| Untracked 
|  35|0x0000000702300000, 0x0000000702300000, 0x0000000702400000|  0%| F|  |TAMS 0x0000000702300000, 0x0000000702300000| Untracked 
|  36|0x0000000702400000, 0x0000000702400000, 0x0000000702500000|  0%| F|  |TAMS 0x0000000702400000, 0x0000000702400000| Untracked 
|  37|0x0000000702500000, 0x0000000702500000, 0x0000000702600000|  0%| F|  |TAMS 0x0000000702500000, 0x0000000702500000| Untracked 
|  38|0x0000000702600000, 0x0000000702600000, 0x0000000702700000|  0%| F|  |TAMS 0x0000000702600000, 0x0000000702600000| Untracked 
|  39|0x0000000702700000, 0x0000000702700000, 0x0000000702800000|  0%| F|  |TAMS 0x0000000702700000, 0x0000000702700000| Untracked 
|  40|0x0000000702800000, 0x0000000702800000, 0x0000000702900000|  0%| F|  |TAMS 0x0000000702800000, 0x0000000702800000| Untracked 
|  41|0x0000000702900000, 0x0000000702900000, 0x0000000702a00000|  0%| F|  |TAMS 0x0000000702900000, 0x0000000702900000| Untracked 
|  42|0x0000000702a00000, 0x0000000702a00000, 0x0000000702b00000|  0%| F|  |TAMS 0x0000000702a00000, 0x0000000702a00000| Untracked 
|  43|0x0000000702b00000, 0x0000000702b00000, 0x0000000702c00000|  0%| F|  |TAMS 0x0000000702b00000, 0x0000000702b00000| Untracked 
|  44|0x0000000702c00000, 0x0000000702c00000, 0x0000000702d00000|  0%| F|  |TAMS 0x0000000702c00000, 0x0000000702c00000| Untracked 
|  45|0x0000000702d00000, 0x0000000702d00000, 0x0000000702e00000|  0%| F|  |TAMS 0x0000000702d00000, 0x0000000702d00000| Untracked 
|  46|0x0000000702e00000, 0x0000000702e00000, 0x0000000702f00000|  0%| F|  |TAMS 0x0000000702e00000, 0x0000000702e00000| Untracked 
|  47|0x0000000702f00000, 0x0000000702f00000, 0x0000000703000000|  0%| F|  |TAMS 0x0000000702f00000, 0x0000000702f00000| Untracked 
|  48|0x0000000703000000, 0x0000000703000000, 0x0000000703100000|  0%| F|  |TAMS 0x0000000703000000, 0x0000000703000000| Untracked 
|  49|0x0000000703100000, 0x0000000703100000, 0x0000000703200000|  0%| F|  |TAMS 0x0000000703100000, 0x0000000703100000| Untracked 
|  50|0x0000000703200000, 0x0000000703200000, 0x0000000703300000|  0%| F|  |TAMS 0x0000000703200000, 0x0000000703200000| Untracked 
|  51|0x0000000703300000, 0x0000000703300000, 0x0000000703400000|  0%| F|  |TAMS 0x0000000703300000, 0x0000000703300000| Untracked 
|  52|0x0000000703400000, 0x0000000703400000, 0x0000000703500000|  0%| F|  |TAMS 0x0000000703400000, 0x0000000703400000| Untracked 
|  53|0x0000000703500000, 0x0000000703500000, 0x0000000703600000|  0%| F|  |TAMS 0x0000000703500000, 0x0000000703500000| Untracked 
|  54|0x0000000703600000, 0x0000000703600000, 0x0000000703700000|  0%| F|  |TAMS 0x0000000703600000, 0x0000000703600000| Untracked 
|  55|0x0000000703700000, 0x0000000703700000, 0x0000000703800000|  0%| F|  |TAMS 0x0000000703700000, 0x0000000703700000| Untracked 
|  56|0x0000000703800000, 0x0000000703800000, 0x0000000703900000|  0%| F|  |TAMS 0x0000000703800000, 0x0000000703800000| Untracked 
|  57|0x0000000703900000, 0x0000000703900000, 0x0000000703a00000|  0%| F|  |TAMS 0x0000000703900000, 0x0000000703900000| Untracked 
|  58|0x0000000703a00000, 0x0000000703a00000, 0x0000000703b00000|  0%| F|  |TAMS 0x0000000703a00000, 0x0000000703a00000| Untracked 
|  59|0x0000000703b00000, 0x0000000703b00000, 0x0000000703c00000|  0%| F|  |TAMS 0x0000000703b00000, 0x0000000703b00000| Untracked 
|  60|0x0000000703c00000, 0x0000000703c00000, 0x0000000703d00000|  0%| F|  |TAMS 0x0000000703c00000, 0x0000000703c00000| Untracked 
|  61|0x0000000703d00000, 0x0000000703d00000, 0x0000000703e00000|  0%| F|  |TAMS 0x0000000703d00000, 0x0000000703d00000| Untracked 
|  62|0x0000000703e00000, 0x0000000703e00000, 0x0000000703f00000|  0%| F|  |TAMS 0x0000000703e00000, 0x0000000703e00000| Untracked 
|  63|0x0000000703f00000, 0x0000000703f00000, 0x0000000704000000|  0%| F|  |TAMS 0x0000000703f00000, 0x0000000703f00000| Untracked 
|  64|0x0000000704000000, 0x0000000704000000, 0x0000000704100000|  0%| F|  |TAMS 0x0000000704000000, 0x0000000704000000| Untracked 
|  65|0x0000000704100000, 0x0000000704100000, 0x0000000704200000|  0%| F|  |TAMS 0x0000000704100000, 0x0000000704100000| Untracked 
|  66|0x0000000704200000, 0x0000000704200000, 0x0000000704300000|  0%| F|  |TAMS 0x0000000704200000, 0x0000000704200000| Untracked 
|  67|0x0000000704300000, 0x0000000704300000, 0x0000000704400000|  0%| F|  |TAMS 0x0000000704300000, 0x0000000704300000| Untracked 
|  68|0x0000000704400000, 0x0000000704400000, 0x0000000704500000|  0%| F|  |TAMS 0x0000000704400000, 0x0000000704400000| Untracked 
|  69|0x0000000704500000, 0x0000000704500000, 0x0000000704600000|  0%| F|  |TAMS 0x0000000704500000, 0x0000000704500000| Untracked 
|  70|0x0000000704600000, 0x0000000704600000, 0x0000000704700000|  0%| F|  |TAMS 0x0000000704600000, 0x0000000704600000| Untracked 
|  71|0x0000000704700000, 0x0000000704700000, 0x0000000704800000|  0%| F|  |TAMS 0x0000000704700000, 0x0000000704700000| Untracked 
|  72|0x0000000704800000, 0x0000000704800000, 0x0000000704900000|  0%| F|  |TAMS 0x0000000704800000, 0x0000000704800000| Untracked 
|  73|0x0000000704900000, 0x0000000704900000, 0x0000000704a00000|  0%| F|  |TAMS 0x0000000704900000, 0x0000000704900000| Untracked 
|  74|0x0000000704a00000, 0x0000000704a00000, 0x0000000704b00000|  0%| F|  |TAMS 0x0000000704a00000, 0x0000000704a00000| Untracked 
|  75|0x0000000704b00000, 0x0000000704b00000, 0x0000000704c00000|  0%| F|  |TAMS 0x0000000704b00000, 0x0000000704b00000| Untracked 
|  76|0x0000000704c00000, 0x0000000704c00000, 0x0000000704d00000|  0%| F|  |TAMS 0x0000000704c00000, 0x0000000704c00000| Untracked 
|  77|0x0000000704d00000, 0x0000000704d00000, 0x0000000704e00000|  0%| F|  |TAMS 0x0000000704d00000, 0x0000000704d00000| Untracked 
|  78|0x0000000704e00000, 0x0000000704e00000, 0x0000000704f00000|  0%| F|  |TAMS 0x0000000704e00000, 0x0000000704e00000| Untracked 
|  79|0x0000000704f00000, 0x0000000704f00000, 0x0000000705000000|  0%| F|  |TAMS 0x0000000704f00000, 0x0000000704f00000| Untracked 
|  80|0x0000000705000000, 0x0000000705000000, 0x0000000705100000|  0%| F|  |TAMS 0x0000000705000000, 0x0000000705000000| Untracked 
|  81|0x0000000705100000, 0x0000000705100000, 0x0000000705200000|  0%| F|  |TAMS 0x0000000705100000, 0x0000000705100000| Untracked 
|  82|0x0000000705200000, 0x0000000705200000, 0x0000000705300000|  0%| F|  |TAMS 0x0000000705200000, 0x0000000705200000| Untracked 
|  83|0x0000000705300000, 0x0000000705300000, 0x0000000705400000|  0%| F|  |TAMS 0x0000000705300000, 0x0000000705300000| Untracked 
|  84|0x0000000705400000, 0x0000000705400000, 0x0000000705500000|  0%| F|  |TAMS 0x0000000705400000, 0x0000000705400000| Untracked 
|  85|0x0000000705500000, 0x0000000705500000, 0x0000000705600000|  0%| F|  |TAMS 0x0000000705500000, 0x0000000705500000| Untracked 
|  86|0x0000000705600000, 0x0000000705600000, 0x0000000705700000|  0%| F|  |TAMS 0x0000000705600000, 0x0000000705600000| Untracked 
|  87|0x0000000705700000, 0x0000000705700000, 0x0000000705800000|  0%| F|  |TAMS 0x0000000705700000, 0x0000000705700000| Untracked 
|  88|0x0000000705800000, 0x0000000705800000, 0x0000000705900000|  0%| F|  |TAMS 0x0000000705800000, 0x0000000705800000| Untracked 
|  89|0x0000000705900000, 0x0000000705900000, 0x0000000705a00000|  0%| F|  |TAMS 0x0000000705900000, 0x0000000705900000| Untracked 
|  90|0x0000000705a00000, 0x0000000705a00000, 0x0000000705b00000|  0%| F|  |TAMS 0x0000000705a00000, 0x0000000705a00000| Untracked 
|  91|0x0000000705b00000, 0x0000000705b00000, 0x0000000705c00000|  0%| F|  |TAMS 0x0000000705b00000, 0x0000000705b00000| Untracked 
|  92|0x0000000705c00000, 0x0000000705c00000, 0x0000000705d00000|  0%| F|  |TAMS 0x0000000705c00000, 0x0000000705c00000| Untracked 
|  93|0x0000000705d00000, 0x0000000705d00000, 0x0000000705e00000|  0%| F|  |TAMS 0x0000000705d00000, 0x0000000705d00000| Untracked 
|  94|0x0000000705e00000, 0x0000000705e00000, 0x0000000705f00000|  0%| F|  |TAMS 0x0000000705e00000, 0x0000000705e00000| Untracked 
|  95|0x0000000705f00000, 0x0000000705f00000, 0x0000000706000000|  0%| F|  |TAMS 0x0000000705f00000, 0x0000000705f00000| Untracked 
|  96|0x0000000706000000, 0x0000000706000000, 0x0000000706100000|  0%| F|  |TAMS 0x0000000706000000, 0x0000000706000000| Untracked 
|  97|0x0000000706100000, 0x0000000706100000, 0x0000000706200000|  0%| F|  |TAMS 0x0000000706100000, 0x0000000706100000| Untracked 
|  98|0x0000000706200000, 0x0000000706200000, 0x0000000706300000|  0%| F|  |TAMS 0x0000000706200000, 0x0000000706200000| Untracked 
|  99|0x0000000706300000, 0x0000000706300000, 0x0000000706400000|  0%| F|  |TAMS 0x0000000706300000, 0x0000000706300000| Untracked 
| 100|0x0000000706400000, 0x0000000706400000, 0x0000000706500000|  0%| F|  |TAMS 0x0000000706400000, 0x0000000706400000| Untracked 
| 101|0x0000000706500000, 0x0000000706500000, 0x0000000706600000|  0%| F|  |TAMS 0x0000000706500000, 0x0000000706500000| Untracked 
| 102|0x0000000706600000, 0x0000000706600000, 0x0000000706700000|  0%| F|  |TAMS 0x0000000706600000, 0x0000000706600000| Untracked 
| 103|0x0000000706700000, 0x0000000706700000, 0x0000000706800000|  0%| F|  |TAMS 0x0000000706700000, 0x0000000706700000| Untracked 
| 104|0x0000000706800000, 0x0000000706800000, 0x0000000706900000|  0%| F|  |TAMS 0x0000000706800000, 0x0000000706800000| Untracked 
| 105|0x0000000706900000, 0x0000000706900000, 0x0000000706a00000|  0%| F|  |TAMS 0x0000000706900000, 0x0000000706900000| Untracked 
| 106|0x0000000706a00000, 0x0000000706a00000, 0x0000000706b00000|  0%| F|  |TAMS 0x0000000706a00000, 0x0000000706a00000| Untracked 
| 107|0x0000000706b00000, 0x0000000706b00000, 0x0000000706c00000|  0%| F|  |TAMS 0x0000000706b00000, 0x0000000706b00000| Untracked 
| 108|0x0000000706c00000, 0x0000000706c00000, 0x0000000706d00000|  0%| F|  |TAMS 0x0000000706c00000, 0x0000000706c00000| Untracked 
| 109|0x0000000706d00000, 0x0000000706d00000, 0x0000000706e00000|  0%| F|  |TAMS 0x0000000706d00000, 0x0000000706d00000| Untracked 
| 110|0x0000000706e00000, 0x0000000706e00000, 0x0000000706f00000|  0%| F|  |TAMS 0x0000000706e00000, 0x0000000706e00000| Untracked 
| 111|0x0000000706f00000, 0x0000000706f00000, 0x0000000707000000|  0%| F|  |TAMS 0x0000000706f00000, 0x0000000706f00000| Untracked 
| 112|0x0000000707000000, 0x0000000707000000, 0x0000000707100000|  0%| F|  |TAMS 0x0000000707000000, 0x0000000707000000| Untracked 
| 113|0x0000000707100000, 0x0000000707100000, 0x0000000707200000|  0%| F|  |TAMS 0x0000000707100000, 0x0000000707100000| Untracked 
| 114|0x0000000707200000, 0x0000000707200000, 0x0000000707300000|  0%| F|  |TAMS 0x0000000707200000, 0x0000000707200000| Untracked 
| 115|0x0000000707300000, 0x0000000707300000, 0x0000000707400000|  0%| F|  |TAMS 0x0000000707300000, 0x0000000707300000| Untracked 
| 116|0x0000000707400000, 0x0000000707400000, 0x0000000707500000|  0%| F|  |TAMS 0x0000000707400000, 0x0000000707400000| Untracked 
| 117|0x0000000707500000, 0x0000000707500000, 0x0000000707600000|  0%| F|  |TAMS 0x0000000707500000, 0x0000000707500000| Untracked 
| 118|0x0000000707600000, 0x0000000707600000, 0x0000000707700000|  0%| F|  |TAMS 0x0000000707600000, 0x0000000707600000| Untracked 
| 119|0x0000000707700000, 0x0000000707700000, 0x0000000707800000|  0%| F|  |TAMS 0x0000000707700000, 0x0000000707700000| Untracked 
| 120|0x0000000707800000, 0x0000000707800000, 0x0000000707900000|  0%| F|  |TAMS 0x0000000707800000, 0x0000000707800000| Untracked 
| 121|0x0000000707900000, 0x0000000707900000, 0x0000000707a00000|  0%| F|  |TAMS 0x0000000707900000, 0x0000000707900000| Untracked 
| 122|0x0000000707a00000, 0x0000000707a00000, 0x0000000707b00000|  0%| F|  |TAMS 0x0000000707a00000, 0x0000000707a00000| Untracked 
| 123|0x0000000707b00000, 0x0000000707b00000, 0x0000000707c00000|  0%| F|  |TAMS 0x0000000707b00000, 0x0000000707b00000| Untracked 
| 124|0x0000000707c00000, 0x0000000707c00000, 0x0000000707d00000|  0%| F|  |TAMS 0x0000000707c00000, 0x0000000707c00000| Untracked 
| 125|0x0000000707d00000, 0x0000000707d00000, 0x0000000707e00000|  0%| F|  |TAMS 0x0000000707d00000, 0x0000000707d00000| Untracked 
| 126|0x0000000707e00000, 0x0000000707e00000, 0x0000000707f00000|  0%| F|  |TAMS 0x0000000707e00000, 0x0000000707e00000| Untracked 
| 127|0x0000000707f00000, 0x0000000707f00000, 0x0000000708000000|  0%| F|  |TAMS 0x0000000707f00000, 0x0000000707f00000| Untracked 
| 128|0x0000000708000000, 0x0000000708000000, 0x0000000708100000|  0%| F|  |TAMS 0x0000000708000000, 0x0000000708000000| Untracked 
| 129|0x0000000708100000, 0x0000000708100000, 0x0000000708200000|  0%| F|  |TAMS 0x0000000708100000, 0x0000000708100000| Untracked 
| 130|0x0000000708200000, 0x0000000708200000, 0x0000000708300000|  0%| F|  |TAMS 0x0000000708200000, 0x0000000708200000| Untracked 
| 131|0x0000000708300000, 0x0000000708300000, 0x0000000708400000|  0%| F|  |TAMS 0x0000000708300000, 0x0000000708300000| Untracked 
| 132|0x0000000708400000, 0x0000000708400000, 0x0000000708500000|  0%| F|  |TAMS 0x0000000708400000, 0x0000000708400000| Untracked 
| 133|0x0000000708500000, 0x0000000708500000, 0x0000000708600000|  0%| F|  |TAMS 0x0000000708500000, 0x0000000708500000| Untracked 
| 134|0x0000000708600000, 0x0000000708600000, 0x0000000708700000|  0%| F|  |TAMS 0x0000000708600000, 0x0000000708600000| Untracked 
| 135|0x0000000708700000, 0x0000000708700000, 0x0000000708800000|  0%| F|  |TAMS 0x0000000708700000, 0x0000000708700000| Untracked 
| 136|0x0000000708800000, 0x0000000708800000, 0x0000000708900000|  0%| F|  |TAMS 0x0000000708800000, 0x0000000708800000| Untracked 
| 137|0x0000000708900000, 0x0000000708900000, 0x0000000708a00000|  0%| F|  |TAMS 0x0000000708900000, 0x0000000708900000| Untracked 
| 138|0x0000000708a00000, 0x0000000708a00000, 0x0000000708b00000|  0%| F|  |TAMS 0x0000000708a00000, 0x0000000708a00000| Untracked 
| 139|0x0000000708b00000, 0x0000000708b00000, 0x0000000708c00000|  0%| F|  |TAMS 0x0000000708b00000, 0x0000000708b00000| Untracked 
| 140|0x0000000708c00000, 0x0000000708c00000, 0x0000000708d00000|  0%| F|  |TAMS 0x0000000708c00000, 0x0000000708c00000| Untracked 
| 141|0x0000000708d00000, 0x0000000708d00000, 0x0000000708e00000|  0%| F|  |TAMS 0x0000000708d00000, 0x0000000708d00000| Untracked 
| 142|0x0000000708e00000, 0x0000000708e00000, 0x0000000708f00000|  0%| F|  |TAMS 0x0000000708e00000, 0x0000000708e00000| Untracked 
| 143|0x0000000708f00000, 0x0000000708f00000, 0x0000000709000000|  0%| F|  |TAMS 0x0000000708f00000, 0x0000000708f00000| Untracked 
| 144|0x0000000709000000, 0x0000000709000000, 0x0000000709100000|  0%| F|  |TAMS 0x0000000709000000, 0x0000000709000000| Untracked 
| 145|0x0000000709100000, 0x0000000709100000, 0x0000000709200000|  0%| F|  |TAMS 0x0000000709100000, 0x0000000709100000| Untracked 
| 146|0x0000000709200000, 0x0000000709200000, 0x0000000709300000|  0%| F|  |TAMS 0x0000000709200000, 0x0000000709200000| Untracked 
| 147|0x0000000709300000, 0x0000000709300000, 0x0000000709400000|  0%| F|  |TAMS 0x0000000709300000, 0x0000000709300000| Untracked 
| 148|0x0000000709400000, 0x0000000709400000, 0x0000000709500000|  0%| F|  |TAMS 0x0000000709400000, 0x0000000709400000| Untracked 
| 149|0x0000000709500000, 0x0000000709500000, 0x0000000709600000|  0%| F|  |TAMS 0x0000000709500000, 0x0000000709500000| Untracked 
| 150|0x0000000709600000, 0x0000000709600000, 0x0000000709700000|  0%| F|  |TAMS 0x0000000709600000, 0x0000000709600000| Untracked 
| 151|0x0000000709700000, 0x0000000709700000, 0x0000000709800000|  0%| F|  |TAMS 0x0000000709700000, 0x0000000709700000| Untracked 
| 152|0x0000000709800000, 0x0000000709800000, 0x0000000709900000|  0%| F|  |TAMS 0x0000000709800000, 0x0000000709800000| Untracked 
| 153|0x0000000709900000, 0x0000000709900000, 0x0000000709a00000|  0%| F|  |TAMS 0x0000000709900000, 0x0000000709900000| Untracked 
| 154|0x0000000709a00000, 0x0000000709a00000, 0x0000000709b00000|  0%| F|  |TAMS 0x0000000709a00000, 0x0000000709a00000| Untracked 
| 155|0x0000000709b00000, 0x0000000709b00000, 0x0000000709c00000|  0%| F|  |TAMS 0x0000000709b00000, 0x0000000709b00000| Untracked 
| 156|0x0000000709c00000, 0x0000000709c00000, 0x0000000709d00000|  0%| F|  |TAMS 0x0000000709c00000, 0x0000000709c00000| Untracked 
| 157|0x0000000709d00000, 0x0000000709d00000, 0x0000000709e00000|  0%| F|  |TAMS 0x0000000709d00000, 0x0000000709d00000| Untracked 
| 158|0x0000000709e00000, 0x0000000709e00000, 0x0000000709f00000|  0%| F|  |TAMS 0x0000000709e00000, 0x0000000709e00000| Untracked 
| 159|0x0000000709f00000, 0x0000000709f00000, 0x000000070a000000|  0%| F|  |TAMS 0x0000000709f00000, 0x0000000709f00000| Untracked 
| 160|0x000000070a000000, 0x000000070a000000, 0x000000070a100000|  0%| F|  |TAMS 0x000000070a000000, 0x000000070a000000| Untracked 
| 161|0x000000070a100000, 0x000000070a100000, 0x000000070a200000|  0%| F|  |TAMS 0x000000070a100000, 0x000000070a100000| Untracked 
| 162|0x000000070a200000, 0x000000070a200000, 0x000000070a300000|  0%| F|  |TAMS 0x000000070a200000, 0x000000070a200000| Untracked 
| 163|0x000000070a300000, 0x000000070a300000, 0x000000070a400000|  0%| F|  |TAMS 0x000000070a300000, 0x000000070a300000| Untracked 
| 164|0x000000070a400000, 0x000000070a400000, 0x000000070a500000|  0%| F|  |TAMS 0x000000070a400000, 0x000000070a400000| Untracked 
| 165|0x000000070a500000, 0x000000070a500000, 0x000000070a600000|  0%| F|  |TAMS 0x000000070a500000, 0x000000070a500000| Untracked 
| 166|0x000000070a600000, 0x000000070a600000, 0x000000070a700000|  0%| F|  |TAMS 0x000000070a600000, 0x000000070a600000| Untracked 
| 167|0x000000070a700000, 0x000000070a700000, 0x000000070a800000|  0%| F|  |TAMS 0x000000070a700000, 0x000000070a700000| Untracked 
| 168|0x000000070a800000, 0x000000070a800000, 0x000000070a900000|  0%| F|  |TAMS 0x000000070a800000, 0x000000070a800000| Untracked 
| 169|0x000000070a900000, 0x000000070a900000, 0x000000070aa00000|  0%| F|  |TAMS 0x000000070a900000, 0x000000070a900000| Untracked 
| 170|0x000000070aa00000, 0x000000070aa00000, 0x000000070ab00000|  0%| F|  |TAMS 0x000000070aa00000, 0x000000070aa00000| Untracked 
| 171|0x000000070ab00000, 0x000000070ab00000, 0x000000070ac00000|  0%| F|  |TAMS 0x000000070ab00000, 0x000000070ab00000| Untracked 
| 172|0x000000070ac00000, 0x000000070ac00000, 0x000000070ad00000|  0%| F|  |TAMS 0x000000070ac00000, 0x000000070ac00000| Untracked 
| 173|0x000000070ad00000, 0x000000070ad00000, 0x000000070ae00000|  0%| F|  |TAMS 0x000000070ad00000, 0x000000070ad00000| Untracked 
| 174|0x000000070ae00000, 0x000000070ae00000, 0x000000070af00000|  0%| F|  |TAMS 0x000000070ae00000, 0x000000070ae00000| Untracked 
| 175|0x000000070af00000, 0x000000070af00000, 0x000000070b000000|  0%| F|  |TAMS 0x000000070af00000, 0x000000070af00000| Untracked 
| 176|0x000000070b000000, 0x000000070b000000, 0x000000070b100000|  0%| F|  |TAMS 0x000000070b000000, 0x000000070b000000| Untracked 
| 177|0x000000070b100000, 0x000000070b100000, 0x000000070b200000|  0%| F|  |TAMS 0x000000070b100000, 0x000000070b100000| Untracked 
| 178|0x000000070b200000, 0x000000070b200000, 0x000000070b300000|  0%| F|  |TAMS 0x000000070b200000, 0x000000070b200000| Untracked 
| 179|0x000000070b300000, 0x000000070b300000, 0x000000070b400000|  0%| F|  |TAMS 0x000000070b300000, 0x000000070b300000| Untracked 
| 180|0x000000070b400000, 0x000000070b400000, 0x000000070b500000|  0%| F|  |TAMS 0x000000070b400000, 0x000000070b400000| Untracked 
| 181|0x000000070b500000, 0x000000070b500000, 0x000000070b600000|  0%| F|  |TAMS 0x000000070b500000, 0x000000070b500000| Untracked 
| 182|0x000000070b600000, 0x000000070b600000, 0x000000070b700000|  0%| F|  |TAMS 0x000000070b600000, 0x000000070b600000| Untracked 
| 183|0x000000070b700000, 0x000000070b700000, 0x000000070b800000|  0%| F|  |TAMS 0x000000070b700000, 0x000000070b700000| Untracked 
| 184|0x000000070b800000, 0x000000070b800000, 0x000000070b900000|  0%| F|  |TAMS 0x000000070b800000, 0x000000070b800000| Untracked 
| 185|0x000000070b900000, 0x000000070b900000, 0x000000070ba00000|  0%| F|  |TAMS 0x000000070b900000, 0x000000070b900000| Untracked 
| 186|0x000000070ba00000, 0x000000070ba00000, 0x000000070bb00000|  0%| F|  |TAMS 0x000000070ba00000, 0x000000070ba00000| Untracked 
| 187|0x000000070bb00000, 0x000000070bb00000, 0x000000070bc00000|  0%| F|  |TAMS 0x000000070bb00000, 0x000000070bb00000| Untracked 
| 188|0x000000070bc00000, 0x000000070bc00000, 0x000000070bd00000|  0%| F|  |TAMS 0x000000070bc00000, 0x000000070bc00000| Untracked 
| 189|0x000000070bd00000, 0x000000070bd00000, 0x000000070be00000|  0%| F|  |TAMS 0x000000070bd00000, 0x000000070bd00000| Untracked 
| 190|0x000000070be00000, 0x000000070be00000, 0x000000070bf00000|  0%| F|  |TAMS 0x000000070be00000, 0x000000070be00000| Untracked 
| 191|0x000000070bf00000, 0x000000070bf00000, 0x000000070c000000|  0%| F|  |TAMS 0x000000070bf00000, 0x000000070bf00000| Untracked 
| 192|0x000000070c000000, 0x000000070c000000, 0x000000070c100000|  0%| F|  |TAMS 0x000000070c000000, 0x000000070c000000| Untracked 
| 193|0x000000070c100000, 0x000000070c100000, 0x000000070c200000|  0%| F|  |TAMS 0x000000070c100000, 0x000000070c100000| Untracked 
| 194|0x000000070c200000, 0x000000070c200000, 0x000000070c300000|  0%| F|  |TAMS 0x000000070c200000, 0x000000070c200000| Untracked 
| 195|0x000000070c300000, 0x000000070c300000, 0x000000070c400000|  0%| F|  |TAMS 0x000000070c300000, 0x000000070c300000| Untracked 
| 196|0x000000070c400000, 0x000000070c400000, 0x000000070c500000|  0%| F|  |TAMS 0x000000070c400000, 0x000000070c400000| Untracked 
| 197|0x000000070c500000, 0x000000070c500000, 0x000000070c600000|  0%| F|  |TAMS 0x000000070c500000, 0x000000070c500000| Untracked 
| 198|0x000000070c600000, 0x000000070c600000, 0x000000070c700000|  0%| F|  |TAMS 0x000000070c600000, 0x000000070c600000| Untracked 
| 199|0x000000070c700000, 0x000000070c700000, 0x000000070c800000|  0%| F|  |TAMS 0x000000070c700000, 0x000000070c700000| Untracked 
| 200|0x000000070c800000, 0x000000070c800000, 0x000000070c900000|  0%| F|  |TAMS 0x000000070c800000, 0x000000070c800000| Untracked 
| 201|0x000000070c900000, 0x000000070c900000, 0x000000070ca00000|  0%| F|  |TAMS 0x000000070c900000, 0x000000070c900000| Untracked 
| 202|0x000000070ca00000, 0x000000070ca00000, 0x000000070cb00000|  0%| F|  |TAMS 0x000000070ca00000, 0x000000070ca00000| Untracked 
| 203|0x000000070cb00000, 0x000000070cb00000, 0x000000070cc00000|  0%| F|  |TAMS 0x000000070cb00000, 0x000000070cb00000| Untracked 
| 204|0x000000070cc00000, 0x000000070cc00000, 0x000000070cd00000|  0%| F|  |TAMS 0x000000070cc00000, 0x000000070cc00000| Untracked 
| 205|0x000000070cd00000, 0x000000070cd00000, 0x000000070ce00000|  0%| F|  |TAMS 0x000000070cd00000, 0x000000070cd00000| Untracked 
| 206|0x000000070ce00000, 0x000000070ce00000, 0x000000070cf00000|  0%| F|  |TAMS 0x000000070ce00000, 0x000000070ce00000| Untracked 
| 207|0x000000070cf00000, 0x000000070cf00000, 0x000000070d000000|  0%| F|  |TAMS 0x000000070cf00000, 0x000000070cf00000| Untracked 
| 208|0x000000070d000000, 0x000000070d000000, 0x000000070d100000|  0%| F|  |TAMS 0x000000070d000000, 0x000000070d000000| Untracked 
| 209|0x000000070d100000, 0x000000070d18f5c0, 0x000000070d200000| 55%| S|CS|TAMS 0x000000070d100000, 0x000000070d100000| Complete 
| 210|0x000000070d200000, 0x000000070d300000, 0x000000070d300000|100%| S|CS|TAMS 0x000000070d200000, 0x000000070d200000| Complete 
| 211|0x000000070d300000, 0x000000070d400000, 0x000000070d400000|100%| S|CS|TAMS 0x000000070d300000, 0x000000070d300000| Complete 
| 212|0x000000070d400000, 0x000000070d500000, 0x000000070d500000|100%| S|CS|TAMS 0x000000070d400000, 0x000000070d400000| Complete 
| 213|0x000000070d500000, 0x000000070d600000, 0x000000070d600000|100%| S|CS|TAMS 0x000000070d500000, 0x000000070d500000| Complete 
| 214|0x000000070d600000, 0x000000070d700000, 0x000000070d700000|100%| S|CS|TAMS 0x000000070d600000, 0x000000070d600000| Complete 
| 215|0x000000070d700000, 0x000000070d800000, 0x000000070d800000|100%| S|CS|TAMS 0x000000070d700000, 0x000000070d700000| Complete 
| 216|0x000000070d800000, 0x000000070d900000, 0x000000070d900000|100%| S|CS|TAMS 0x000000070d800000, 0x000000070d800000| Complete 
| 217|0x000000070d900000, 0x000000070da00000, 0x000000070da00000|100%| S|CS|TAMS 0x000000070d900000, 0x000000070d900000| Complete 
| 218|0x000000070da00000, 0x000000070db00000, 0x000000070db00000|100%| S|CS|TAMS 0x000000070da00000, 0x000000070da00000| Complete 
| 219|0x000000070db00000, 0x000000070dc00000, 0x000000070dc00000|100%| S|CS|TAMS 0x000000070db00000, 0x000000070db00000| Complete 
| 220|0x000000070dc00000, 0x000000070dd00000, 0x000000070dd00000|100%| S|CS|TAMS 0x000000070dc00000, 0x000000070dc00000| Complete 
| 221|0x000000070dd00000, 0x000000070dd00000, 0x000000070de00000|  0%| F|  |TAMS 0x000000070dd00000, 0x000000070dd00000| Untracked 
| 222|0x000000070de00000, 0x000000070de00000, 0x000000070df00000|  0%| F|  |TAMS 0x000000070de00000, 0x000000070de00000| Untracked 
| 223|0x000000070df00000, 0x000000070df00000, 0x000000070e000000|  0%| F|  |TAMS 0x000000070df00000, 0x000000070df00000| Untracked 
| 224|0x000000070e000000, 0x000000070e000000, 0x000000070e100000|  0%| F|  |TAMS 0x000000070e000000, 0x000000070e000000| Untracked 
| 225|0x000000070e100000, 0x000000070e100000, 0x000000070e200000|  0%| F|  |TAMS 0x000000070e100000, 0x000000070e100000| Untracked 
| 226|0x000000070e200000, 0x000000070e200000, 0x000000070e300000|  0%| F|  |TAMS 0x000000070e200000, 0x000000070e200000| Untracked 
| 227|0x000000070e300000, 0x000000070e300000, 0x000000070e400000|  0%| F|  |TAMS 0x000000070e300000, 0x000000070e300000| Untracked 
| 228|0x000000070e400000, 0x000000070e400000, 0x000000070e500000|  0%| F|  |TAMS 0x000000070e400000, 0x000000070e400000| Untracked 
| 229|0x000000070e500000, 0x000000070e500000, 0x000000070e600000|  0%| F|  |TAMS 0x000000070e500000, 0x000000070e500000| Untracked 
| 230|0x000000070e600000, 0x000000070e600000, 0x000000070e700000|  0%| F|  |TAMS 0x000000070e600000, 0x000000070e600000| Untracked 
| 231|0x000000070e700000, 0x000000070e700000, 0x000000070e800000|  0%| F|  |TAMS 0x000000070e700000, 0x000000070e700000| Untracked 
| 232|0x000000070e800000, 0x000000070e800000, 0x000000070e900000|  0%| F|  |TAMS 0x000000070e800000, 0x000000070e800000| Untracked 
| 233|0x000000070e900000, 0x000000070e900000, 0x000000070ea00000|  0%| F|  |TAMS 0x000000070e900000, 0x000000070e900000| Untracked 
| 234|0x000000070ea00000, 0x000000070ea00000, 0x000000070eb00000|  0%| F|  |TAMS 0x000000070ea00000, 0x000000070ea00000| Untracked 
| 235|0x000000070eb00000, 0x000000070eb00000, 0x000000070ec00000|  0%| F|  |TAMS 0x000000070eb00000, 0x000000070eb00000| Untracked 
| 236|0x000000070ec00000, 0x000000070ec00000, 0x000000070ed00000|  0%| F|  |TAMS 0x000000070ec00000, 0x000000070ec00000| Untracked 
| 237|0x000000070ed00000, 0x000000070ed00000, 0x000000070ee00000|  0%| F|  |TAMS 0x000000070ed00000, 0x000000070ed00000| Untracked 
| 238|0x000000070ee00000, 0x000000070ee00000, 0x000000070ef00000|  0%| F|  |TAMS 0x000000070ee00000, 0x000000070ee00000| Untracked 
| 239|0x000000070ef00000, 0x000000070ef00000, 0x000000070f000000|  0%| F|  |TAMS 0x000000070ef00000, 0x000000070ef00000| Untracked 
| 240|0x000000070f000000, 0x000000070f000000, 0x000000070f100000|  0%| F|  |TAMS 0x000000070f000000, 0x000000070f000000| Untracked 
| 241|0x000000070f100000, 0x000000070f100000, 0x000000070f200000|  0%| F|  |TAMS 0x000000070f100000, 0x000000070f100000| Untracked 
| 242|0x000000070f200000, 0x000000070f200000, 0x000000070f300000|  0%| F|  |TAMS 0x000000070f200000, 0x000000070f200000| Untracked 
| 243|0x000000070f300000, 0x000000070f300000, 0x000000070f400000|  0%| F|  |TAMS 0x000000070f300000, 0x000000070f300000| Untracked 
| 244|0x000000070f400000, 0x000000070f400000, 0x000000070f500000|  0%| F|  |TAMS 0x000000070f400000, 0x000000070f400000| Untracked 
| 245|0x000000070f500000, 0x000000070f500000, 0x000000070f600000|  0%| F|  |TAMS 0x000000070f500000, 0x000000070f500000| Untracked 
| 246|0x000000070f600000, 0x000000070f600000, 0x000000070f700000|  0%| F|  |TAMS 0x000000070f600000, 0x000000070f600000| Untracked 
| 247|0x000000070f700000, 0x000000070f700000, 0x000000070f800000|  0%| F|  |TAMS 0x000000070f700000, 0x000000070f700000| Untracked 
| 248|0x000000070f800000, 0x000000070f800000, 0x000000070f900000|  0%| F|  |TAMS 0x000000070f800000, 0x000000070f800000| Untracked 
| 249|0x000000070f900000, 0x000000070f900000, 0x000000070fa00000|  0%| F|  |TAMS 0x000000070f900000, 0x000000070f900000| Untracked 
| 250|0x000000070fa00000, 0x000000070fa00000, 0x000000070fb00000|  0%| F|  |TAMS 0x000000070fa00000, 0x000000070fa00000| Untracked 
| 251|0x000000070fb00000, 0x000000070fb00000, 0x000000070fc00000|  0%| F|  |TAMS 0x000000070fb00000, 0x000000070fb00000| Untracked 
| 252|0x000000070fc00000, 0x000000070fc00000, 0x000000070fd00000|  0%| F|  |TAMS 0x000000070fc00000, 0x000000070fc00000| Untracked 
| 253|0x000000070fd00000, 0x000000070fd00000, 0x000000070fe00000|  0%| F|  |TAMS 0x000000070fd00000, 0x000000070fd00000| Untracked 
| 254|0x000000070fe00000, 0x000000070fe00000, 0x000000070ff00000|  0%| F|  |TAMS 0x000000070fe00000, 0x000000070fe00000| Untracked 
| 255|0x000000070ff00000, 0x000000070ff00000, 0x0000000710000000|  0%| F|  |TAMS 0x000000070ff00000, 0x000000070ff00000| Untracked 

Card table byte_map: [0x00000239f7020000,0x00000239f7820000] _byte_map_base: 0x00000239f3820000

Marking Bits (Prev, Next): (CMBitMap*) 0x00000239dfba79a8, (CMBitMap*) 0x00000239dfba79e0
 Prev Bits: [0x00000239f8020000, 0x00000239fc020000)
 Next Bits: [0x0000023980000000, 0x0000023984000000)

Polling page: 0x00000239de320000

Metaspace:

Usage:
  Non-class:     18.48 MB capacity,    18.31 MB (>99%) used,   155.01 KB ( <1%) free+waste,    23.88 KB ( <1%) overhead. 
      Class:      2.23 MB capacity,     2.11 MB ( 95%) used,   110.87 KB (  5%) free+waste,     9.31 KB ( <1%) overhead. 
       Both:     20.72 MB capacity,    20.42 MB ( 99%) used,   265.88 KB (  1%) free+waste,    33.19 KB ( <1%) overhead. 

Virtual space:
  Non-class space:       20.00 MB reserved,      18.50 MB ( 93%) committed 
      Class space:        1.00 GB reserved,       2.25 MB ( <1%) committed 
             Both:        1.02 GB reserved,      20.75 MB (  2%) committed 

Chunk freelists:
   Non-Class:  2.00 KB
       Class:  2.38 KB
        Both:  4.38 KB

CodeHeap 'non-profiled nmethods': size=120064Kb used=1601Kb max_used=1601Kb free=118462Kb
 bounds [0x00000239eecc0000, 0x00000239eef30000, 0x00000239f6200000]
CodeHeap 'profiled nmethods': size=120000Kb used=7364Kb max_used=7364Kb free=112635Kb
 bounds [0x00000239e7790000, 0x00000239e7ed0000, 0x00000239eecc0000]
CodeHeap 'non-nmethods': size=5696Kb used=1124Kb max_used=1157Kb free=4571Kb
 bounds [0x00000239e7200000, 0x00000239e7470000, 0x00000239e7790000]
 total_blobs=3708 nmethods=3289 adapters=330
 compilation: enabled
              stopped_count=0, restarted_count=0
 full_count=0

Compilation events (10 events):
Event: 4.264 Thread 0x00000239fefc1000 nmethod 3292 0x00000239e7ebb810 code [0x00000239e7ebb9c0, 0x00000239e7ebbc78]
Event: 4.264 Thread 0x00000239fefc1000 3293       3       java.util.Formatter$Conversion::isGeneral (64 bytes)
Event: 4.264 Thread 0x00000239fefc1000 nmethod 3293 0x00000239e7ebbd90 code [0x00000239e7ebbf20, 0x00000239e7ebc0f8]
Event: 4.264 Thread 0x00000239fefc1000 3294       1       java.util.Formatter$FormatSpecifier::index (5 bytes)
Event: 4.264 Thread 0x00000239fefc1000 nmethod 3294 0x00000239eee50310 code [0x00000239eee504a0, 0x00000239eee50558]
Event: 4.265 Thread 0x00000239fefc1000 3295       3       org.codehaus.plexus.util.xml.pull.MXParser::parseProlog (666 bytes)
Event: 4.269 Thread 0x00000239fefc1000 nmethod 3295 0x00000239e7ebc190 code [0x00000239e7ebc7e0, 0x00000239e7ebfa98]
Event: 4.273 Thread 0x00000239fefc1000 3296       3       java.io.BufferedInputStream::<init> (32 bytes)
Event: 4.273 Thread 0x00000239fefc1000 nmethod 3296 0x00000239e7ec0a10 code [0x00000239e7ec0be0, 0x00000239e7ec1088]
Event: 4.274 Thread 0x00000239fefc1000 3297       3       sun.nio.cs.UTF_8::newDecoder (9 bytes)

GC Heap History (9 events):
Event: 0.863 GC heap before
{Heap before GC invocations=0 (full 0):
 garbage-first heap   total 262144K, used 13312K [0x0000000700000000, 0x0000000800000000)
  region size 1024K, 14 young (14336K), 0 survivors (0K)
 Metaspace       used 10693K, capacity 10824K, committed 10880K, reserved 1058816K
  class space    used 1030K, capacity 1120K, committed 1152K, reserved 1048576K
}
Event: 0.902 GC heap after
{Heap after GC invocations=1 (full 0):
 garbage-first heap   total 262144K, used 2996K [0x0000000700000000, 0x0000000800000000)
  region size 1024K, 2 young (2048K), 2 survivors (2048K)
 Metaspace       used 10693K, capacity 10824K, committed 10880K, reserved 1058816K
  class space    used 1030K, capacity 1120K, committed 1152K, reserved 1048576K
}
Event: 1.299 GC heap before
{Heap before GC invocations=1 (full 0):
 garbage-first heap   total 262144K, used 14260K [0x0000000700000000, 0x0000000800000000)
  region size 1024K, 13 young (13312K), 2 survivors (2048K)
 Metaspace       used 12395K, capacity 12596K, committed 12672K, reserved 1060864K
  class space    used 1259K, capacity 1348K, committed 1408K, reserved 1048576K
}
Event: 1.307 GC heap after
{Heap after GC invocations=2 (full 0):
 garbage-first heap   total 262144K, used 3676K [0x0000000700000000, 0x0000000800000000)
  region size 1024K, 1 young (1024K), 1 survivors (1024K)
 Metaspace       used 12395K, capacity 12596K, committed 12672K, reserved 1060864K
  class space    used 1259K, capacity 1348K, committed 1408K, reserved 1048576K
}
Event: 2.103 GC heap before
{Heap before GC invocations=2 (full 0):
 garbage-first heap   total 262144K, used 35420K [0x0000000700000000, 0x0000000800000000)
  region size 1024K, 32 young (32768K), 1 survivors (1024K)
 Metaspace       used 16750K, capacity 16976K, committed 17024K, reserved 1064960K
  class space    used 1819K, capacity 1907K, committed 1920K, reserved 1048576K
}
Event: 2.110 GC heap after
{Heap after GC invocations=3 (full 0):
 garbage-first heap   total 262144K, used 5197K [0x0000000700000000, 0x0000000800000000)
  region size 1024K, 3 young (3072K), 3 survivors (3072K)
 Metaspace       used 16750K, capacity 16976K, committed 17024K, reserved 1064960K
  class space    used 1819K, capacity 1907K, committed 1920K, reserved 1048576K
}
Event: 3.680 GC heap before
{Heap before GC invocations=3 (full 0):
 garbage-first heap   total 262144K, used 58445K [0x0000000700000000, 0x0000000800000000)
  region size 1024K, 55 young (56320K), 3 survivors (3072K)
 Metaspace       used 20480K, capacity 20816K, committed 20992K, reserved 1069056K
  class space    used 2161K, capacity 2281K, committed 2304K, reserved 1048576K
}
Event: 3.699 GC heap after
{Heap after GC invocations=4 (full 0):
 garbage-first heap   total 262144K, used 10716K [0x0000000700000000, 0x0000000800000000)
  region size 1024K, 7 young (7168K), 7 survivors (7168K)
 Metaspace       used 20480K, capacity 20816K, committed 20992K, reserved 1069056K
  class space    used 2161K, capacity 2281K, committed 2304K, reserved 1048576K
}
Event: 4.274 GC heap before
{Heap before GC invocations=4 (full 0):
 garbage-first heap   total 262144K, used 45532K [0x0000000700000000, 0x0000000800000000)
  region size 1024K, 42 young (43008K), 7 survivors (7168K)
 Metaspace       used 20913K, capacity 21213K, committed 21248K, reserved 1069056K
  class space    used 2164K, capacity 2285K, committed 2304K, reserved 1048576K
}

Deoptimization events (10 events):
Event: 3.499 Thread 0x00000239dfb48000 Uncommon trap: reason=profile_predicate action=maybe_recompile pc=0x00000239eee04d84 method=java.util.regex.Pattern$CharPropertyGreedy.match(Ljava/util/regex/Matcher;ILjava/lang/CharSequence;)Z @ 70 c2
Event: 3.676 Thread 0x00000239dfb48000 Uncommon trap: reason=unstable_if action=reinterpret pc=0x00000239eee00038 method=org.codehaus.plexus.util.xml.pull.MXParser.parseAttribute()C @ 995 c2
Event: 4.111 Thread 0x00000239dfb48000 Uncommon trap: reason=class_check action=maybe_recompile pc=0x00000239eee271f4 method=java.nio.charset.CharsetDecoder.decode(Ljava/nio/ByteBuffer;Ljava/nio/CharBuffer;Z)Ljava/nio/charset/CoderResult; @ 57 c2
Event: 4.111 Thread 0x00000239dfb48000 Uncommon trap: reason=class_check action=maybe_recompile pc=0x00000239eee271f4 method=java.nio.charset.CharsetDecoder.decode(Ljava/nio/ByteBuffer;Ljava/nio/CharBuffer;Z)Ljava/nio/charset/CoderResult; @ 57 c2
Event: 4.112 Thread 0x00000239dfb48000 Uncommon trap: reason=class_check action=maybe_recompile pc=0x00000239eee271f4 method=java.nio.charset.CharsetDecoder.decode(Ljava/nio/ByteBuffer;Ljava/nio/CharBuffer;Z)Ljava/nio/charset/CoderResult; @ 57 c2
Event: 4.112 Thread 0x00000239dfb48000 Uncommon trap: reason=class_check action=maybe_recompile pc=0x00000239eee271f4 method=java.nio.charset.CharsetDecoder.decode(Ljava/nio/ByteBuffer;Ljava/nio/CharBuffer;Z)Ljava/nio/charset/CoderResult; @ 57 c2
Event: 4.117 Thread 0x00000239dfb48000 Uncommon trap: reason=profile_predicate action=maybe_recompile pc=0x00000239eee480a4 method=java.util.concurrent.ConcurrentHashMap.putAll(Ljava/util/Map;)V @ 28 c2
Event: 4.117 Thread 0x00000239dfb48000 Uncommon trap: reason=profile_predicate action=maybe_recompile pc=0x00000239eee480a4 method=java.util.concurrent.ConcurrentHashMap.putAll(Ljava/util/Map;)V @ 28 c2
Event: 4.119 Thread 0x00000239dfb48000 Uncommon trap: reason=profile_predicate action=maybe_recompile pc=0x00000239eee480a4 method=java.util.concurrent.ConcurrentHashMap.putAll(Ljava/util/Map;)V @ 28 c2
Event: 4.119 Thread 0x00000239dfb48000 Uncommon trap: reason=profile_predicate action=maybe_recompile pc=0x00000239eee480a4 method=java.util.concurrent.ConcurrentHashMap.putAll(Ljava/util/Map;)V @ 28 c2

Classes redefined (0 events):
No events

Internal exceptions (10 events):
Event: 1.146 Thread 0x00000239dfb48000 Exception <a 'java/lang/NoClassDefFoundError'{0x000000070fbab9d8}: javax/enterprise/inject/Typed> (0x000000070fbab9d8) thrown at [./open/src/hotspot/share/classfile/systemDictionary.cpp, line 215]
Event: 2.261 Thread 0x00000239dfb48000 Exception <a 'java/lang/NoClassDefFoundError'{0x000000070fcca978}: com/google/inject/servlet/ServletModuleTargetVisitor> (0x000000070fcca978) thrown at [./open/src/hotspot/share/classfile/systemDictionary.cpp, line 215]
Event: 2.261 Thread 0x00000239dfb48000 Exception <a 'java/lang/NoClassDefFoundError'{0x000000070fcca978}> (0x000000070fcca978) thrown at [./open/src/hotspot/share/prims/jvm.cpp, line 1309]
Event: 2.363 Thread 0x00000239dfb48000 Exception <a 'java/lang/NoSuchMethodError'{0x000000070fa19210}: java.lang.invoke.DirectMethodHandle$Holder.invokeStaticInit(Ljava/lang/Object;IIII)Ljava/lang/Object;> (0x000000070fa19210) thrown at [./open/src/hotspot/share/interpreter/linkResolver.cpp, l
Event: 2.556 Thread 0x00000239dfb48000 Implicit null exception at 0x00000239eed03c74 to 0x00000239eed04190
Event: 2.556 Thread 0x00000239dfb48000 Implicit null exception at 0x00000239eece76f4 to 0x00000239eece7bf0
Event: 3.355 Thread 0x00000239dfb48000 Implicit null exception at 0x00000239eedc38a6 to 0x00000239eedc3b04
Event: 3.355 Thread 0x00000239dfb48000 Implicit null exception at 0x00000239eed9c5e2 to 0x00000239eed9e0a8
Event: 3.356 Thread 0x00000239dfb48000 Implicit null exception at 0x00000239eed52155 to 0x00000239eed52324
Event: 3.356 Thread 0x00000239dfb48000 Implicit null exception at 0x00000239eed40c9b to 0x00000239eed4138c

Events (10 events):
Event: 4.117 Thread 0x00000239dfb48000 Uncommon trap: trap_request=0xffffffbe fr.pc=0x00000239eee480a4 relative=0x0000000000001244
Event: 4.117 Thread 0x00000239dfb48000 DEOPT PACKING pc=0x00000239eee480a4 sp=0x00000085b6cfb9d0
Event: 4.117 Thread 0x00000239dfb48000 DEOPT UNPACKING pc=0x00000239e72083af sp=0x00000085b6cfb9b0 mode 2
Event: 4.119 Thread 0x00000239dfb48000 Uncommon trap: trap_request=0xffffffbe fr.pc=0x00000239eee480a4 relative=0x0000000000001244
Event: 4.119 Thread 0x00000239dfb48000 DEOPT PACKING pc=0x00000239eee480a4 sp=0x00000085b6cfb780
Event: 4.119 Thread 0x00000239dfb48000 DEOPT UNPACKING pc=0x00000239e72083af sp=0x00000085b6cfb760 mode 2
Event: 4.119 Thread 0x00000239dfb48000 Uncommon trap: trap_request=0xffffffbe fr.pc=0x00000239eee480a4 relative=0x0000000000001244
Event: 4.119 Thread 0x00000239dfb48000 DEOPT PACKING pc=0x00000239eee480a4 sp=0x00000085b6cfb9d0
Event: 4.119 Thread 0x00000239dfb48000 DEOPT UNPACKING pc=0x00000239e72083af sp=0x00000085b6cfb9b0 mode 2
Event: 4.274 Executing VM operation: CollectForMetadataAllocation


Dynamic libraries:
0x00007ff6586a0000 - 0x00007ff6586af000 	C:\Program Files\Java\jdk-11.0.16\bin\java.exe
0x00007ffc303d0000 - 0x00007ffc305c8000 	C:\Windows\SYSTEM32\ntdll.dll
0x00007ffc2f4e0000 - 0x00007ffc2f59d000 	C:\Windows\System32\KERNEL32.DLL
0x00007ffc2dcf0000 - 0x00007ffc2dfbe000 	C:\Windows\System32\KERNELBASE.dll
0x00007ffc2e050000 - 0x00007ffc2e150000 	C:\Windows\System32\ucrtbase.dll
0x00007ffc209a0000 - 0x00007ffc209b5000 	C:\Program Files\Java\jdk-11.0.16\bin\VCRUNTIME140.dll
0x00007ffc22080000 - 0x00007ffc22098000 	C:\Program Files\Java\jdk-11.0.16\bin\jli.dll
0x00007ffc2e510000 - 0x00007ffc2e5be000 	C:\Windows\System32\ADVAPI32.dll
0x00007ffc2f1e0000 - 0x00007ffc2f27e000 	C:\Windows\System32\msvcrt.dll
0x00007ffc30040000 - 0x00007ffc300dc000 	C:\Windows\System32\sechost.dll
0x00007ffc2ea90000 - 0x00007ffc2ebb5000 	C:\Windows\System32\RPCRT4.dll
0x00007ffc2ec70000 - 0x00007ffc2ee10000 	C:\Windows\System32\USER32.dll
0x00007ffc2e150000 - 0x00007ffc2e172000 	C:\Windows\System32\win32u.dll
0x00007ffc2ea30000 - 0x00007ffc2ea5a000 	C:\Windows\System32\GDI32.dll
0x00007ffc18480000 - 0x00007ffc1871a000 	C:\Windows\WinSxS\amd64_microsoft.windows.common-controls_6595b64144ccf1df_6.0.19041.1110_none_60b5254171f9507e\COMCTL32.dll
0x00007ffc2daf0000 - 0x00007ffc2dbfb000 	C:\Windows\System32\gdi32full.dll
0x00007ffc2e390000 - 0x00007ffc2e42d000 	C:\Windows\System32\msvcp_win.dll
0x00007ffc25b40000 - 0x00007ffc25b4a000 	C:\Windows\SYSTEM32\VERSION.dll
0x00007ffc301c0000 - 0x00007ffc301f0000 	C:\Windows\System32\IMM32.DLL
0x00007ffc11500000 - 0x00007ffc1159b000 	C:\Program Files\Java\jdk-11.0.16\bin\msvcp140.dll
0x00007ffbff2d0000 - 0x00007ffbffde8000 	C:\Program Files\Java\jdk-11.0.16\bin\server\jvm.dll
0x00007ffc2ea80000 - 0x00007ffc2ea88000 	C:\Windows\System32\PSAPI.DLL
0x00007ffc1ab30000 - 0x00007ffc1ab39000 	C:\Windows\SYSTEM32\WSOCK32.dll
0x00007ffc2f670000 - 0x00007ffc2f6db000 	C:\Windows\System32\WS2_32.dll
0x00007ffc227f0000 - 0x00007ffc22817000 	C:\Windows\SYSTEM32\WINMM.dll
0x00007ffc2b9c0000 - 0x00007ffc2b9d2000 	C:\Windows\SYSTEM32\kernel.appcore.dll
0x00007ffc20970000 - 0x00007ffc20980000 	C:\Program Files\Java\jdk-11.0.16\bin\verify.dll
0x00007ffc22880000 - 0x00007ffc22a64000 	C:\Windows\SYSTEM32\DBGHELP.DLL
0x00007ffc23a80000 - 0x00007ffc23aac000 	C:\Windows\SYSTEM32\dbgcore.DLL
0x00007ffc2dfc0000 - 0x00007ffc2e042000 	C:\Windows\System32\bcryptPrimitives.dll
0x00007ffc14500000 - 0x00007ffc14528000 	C:\Program Files\Java\jdk-11.0.16\bin\java.dll
0x00007ffc1fe20000 - 0x00007ffc1fe2a000 	C:\Program Files\Java\jdk-11.0.16\bin\jimage.dll
0x00007ffc1ec80000 - 0x00007ffc1ec96000 	C:\Program Files\Java\jdk-11.0.16\bin\zip.dll
0x00007ffc2f6e0000 - 0x00007ffc2fe23000 	C:\Windows\System32\SHELL32.dll
0x00007ffc2bbc0000 - 0x00007ffc2c355000 	C:\Windows\SYSTEM32\windows.storage.dll
0x00007ffc2ee10000 - 0x00007ffc2f164000 	C:\Windows\System32\combase.dll
0x00007ffc2d3a0000 - 0x00007ffc2d3d0000 	C:\Windows\SYSTEM32\Wldp.dll
0x00007ffc2f3a0000 - 0x00007ffc2f44d000 	C:\Windows\System32\SHCORE.dll
0x00007ffc30330000 - 0x00007ffc30385000 	C:\Windows\System32\shlwapi.dll
0x00007ffc2da30000 - 0x00007ffc2da4f000 	C:\Windows\SYSTEM32\profapi.dll
0x00007ffc144e0000 - 0x00007ffc144f9000 	C:\Program Files\Java\jdk-11.0.16\bin\net.dll
0x00007ffc256d0000 - 0x00007ffc257da000 	C:\Windows\SYSTEM32\WINHTTP.dll
0x00007ffc2d180000 - 0x00007ffc2d1ea000 	C:\Windows\system32\mswsock.dll
0x00007ffc14440000 - 0x00007ffc14452000 	C:\Program Files\Java\jdk-11.0.16\bin\nio.dll
0x0000000069ac0000 - 0x0000000069ae4000 	C:\Users\sfjbs\Downloads\micro service-20221001T123314Z-001\micro service\apache-maven-3.8.5-bin\apache-maven-3.8.5\lib\jansi-native\Windows\x86_64\jansi.dll

dbghelp: loaded successfully - version: 4.0.5 - missing functions: none
symbol engine: initialized successfully - sym options: 0x614 - pdb path: .;C:\Program Files\Java\jdk-11.0.16\bin;C:\Windows\SYSTEM32;C:\Windows\WinSxS\amd64_microsoft.windows.common-controls_6595b64144ccf1df_6.0.19041.1110_none_60b5254171f9507e;C:\Program Files\Java\jdk-11.0.16\bin\server;C:\Users\sfjbs\Downloads\micro service-20221001T123314Z-001\micro service\apache-maven-3.8.5-bin\apache-maven-3.8.5\lib\jansi-native\Windows\x86_64

VM Arguments:
jvm_args: -Dclassworlds.conf=C:\Users\sfjbs\Downloads\micro service-20221001T123314Z-001\micro service\apache-maven-3.8.5-bin\apache-maven-3.8.5\bin\m2.conf -Dmaven.home=C:\Users\sfjbs\Downloads\micro service-20221001T123314Z-001\micro service\apache-maven-3.8.5-bin\apache-maven-3.8.5 -Dlibrary.jansi.path=C:\Users\sfjbs\Downloads\micro service-20221001T123314Z-001\micro service\apache-maven-3.8.5-bin\apache-maven-3.8.5\lib\jansi-native -Dmaven.multiModuleProjectDirectory=C:\Users\sfjbs\IdeaProjects\training\Harshad\day11\eureka-app\student-service 
java_command: org.codehaus.plexus.classworlds.launcher.Launcher spring-boot:run
java_class_path (initial): C:\Users\sfjbs\Downloads\micro service-20221001T123314Z-001\micro service\apache-maven-3.8.5-bin\apache-maven-3.8.5\boot\plexus-classworlds-2.6.0.jar
Launcher Type: SUN_STANDARD

[Global flags]
     intx CICompilerCount                          = 3                                         {product} {ergonomic}
     uint ConcGCThreads                            = 1                                         {product} {ergonomic}
     uint G1ConcRefinementThreads                  = 4                                         {product} {ergonomic}
   size_t G1HeapRegionSize                         = 1048576                                   {product} {ergonomic}
    uintx GCDrainStackTargetSize                   = 64                                        {product} {ergonomic}
   size_t InitialHeapSize                          = 268435456                                 {product} {ergonomic}
   size_t MarkStackSize                            = 4194304                                   {product} {ergonomic}
   size_t MaxHeapSize                              = 4294967296                                {product} {ergonomic}
   size_t MaxNewSize                               = 2576351232                                {product} {ergonomic}
   size_t MinHeapDeltaBytes                        = 1048576                                   {product} {ergonomic}
    uintx NonNMethodCodeHeapSize                   = 5830732                                {pd product} {ergonomic}
    uintx NonProfiledCodeHeapSize                  = 122913754                              {pd product} {ergonomic}
    uintx ProfiledCodeHeapSize                     = 122913754                              {pd product} {ergonomic}
    uintx ReservedCodeCacheSize                    = 251658240                              {pd product} {ergonomic}
     bool SegmentedCodeCache                       = true                                      {product} {ergonomic}
     bool UseCompressedClassPointers               = true                                 {lp64_product} {ergonomic}
     bool UseCompressedOops                        = true                                 {lp64_product} {ergonomic}
     bool UseG1GC                                  = true                                      {product} {ergonomic}
     bool UseLargePagesIndividualAllocation        = false                                  {pd product} {ergonomic}

Logging:
Log output configuration:
 #0: stdout all=warning uptime,level,tags
 #1: stderr all=off uptime,level,tags

Environment Variables:
PATH=C:\Program Files\Common Files\Oracle\Java\javapath;C:\Windows\system32;C:\Windows;C:\Windows\System32\Wbem;C:\Windows\System32\WindowsPowerShell\v1.0\;C:\Windows\System32\OpenSSH\;C:\Users\sfjbs\Downloads\micro service-20221001T123314Z-001\micro service\apache-maven-3.8.5-bin\apache-maven-3.8.5\bin;C:\Users\sfjbs\Downloads\micro service-20221001T123314Z-001\micro service\apache-maven-3.8.5-bin\apache-maven-3.8.5\lib;C:\Program Files\Docker\Docker\resources\bin;C:\ProgramData\DockerDesktop\version-bin;C:\Program Files\Git\cmd;C:\Users\sfjbs\AppData\Local\Microsoft\WindowsApps;C:\Users\sfjbs\Downloads\micro service-20221001T123314Z-001\micro service\apache-maven-3.8.5-bin\apache-maven-3.8.5\bin;C:\Users\sfjbs\Downloads\micro service-20221001T123314Z-001\micro service\apache-maven-3.8.5-bin\apache-maven-3.8.5\lib;;C:\Program Files\JetBrains\IntelliJ IDEA Community Edition 2022.2.1\bin;
USERNAME=sfjbs
OS=Windows_NT
PROCESSOR_IDENTIFIER=Intel64 Family 6 Model 85 Stepping 7, GenuineIntel



---------------  S Y S T E M  ---------------

OS: Windows 10 , 64 bit Build 19041 (10.0.19041.1889)
Hyper-V role detected

CPU:total 4 (initial active 4) (2 cores per cpu, 2 threads per core) family 6 model 85 stepping 7 microcode 0xffffffff, cmov, cx8, fxsr, mmx, sse, sse2, sse3, ssse3, sse4.1, sse4.2, popcnt, avx, avx2, aes, clmul, erms, rtm, 3dnowpref, lzcnt, ht, tsc, bmi1, bmi2, adx, evex, fma

Memory: 4k page, system-wide physical 16382M (589M free)
TotalPageFile size 20478M (AvailPageFile size 66M)
current process WorkingSet (physical memory assigned to process): 166M, peak: 166M
current process commit charge ("private bytes"): 390M, peak: 475M

vm_info: Java HotSpot(TM) 64-Bit Server VM (11.0.16+11-LTS-199) for windows-amd64 JRE (11.0.16+11-LTS-199), built on Jun 28 2022 08:23:17 by "mach5one" with MS VC++ 15.9 (VS2017)

END.
