#
# There is insufficient memory for the Java Runtime Environment to continue.
# Native memory allocation (malloc) failed to allocate 32744 bytes for ChunkPool::allocate
# Possible reasons:
#   The system is out of physical RAM or swap space
#   The process is running with CompressedOops enabled, and the Java Heap may be blocking the growth of the native heap
# Possible solutions:
#   Reduce memory load on the system
#   Increase physical memory or swap space
#   Check if swap backing store is full
#   Decrease Java heap size (-Xmx/-Xms)
#   Decrease number of Java threads
#   Decrease Java thread stack sizes (-Xss)
#   Set larger code cache with -XX:ReservedCodeCacheSize=
#   JVM is running with Unscaled Compressed Oops mode in which the Java heap is
#     placed in the first 4GB address space. The Java Heap base address is the
#     maximum limit for the native heap growth. Please use -XX:HeapBaseMinAddress
#     to set the Java Heap base and to place the Java Heap above 4GB virtual address.
# This output file may be truncated or incomplete.
#
#  Out of Memory Error (./open/src/hotspot/share/memory/arena.cpp:81), pid=11444, tid=4896
#
# JRE version: Java(TM) SE Runtime Environment 18.9 (11.0.16+11) (build 11.0.16+11-LTS-199)
# Java VM: Java HotSpot(TM) 64-Bit Server VM 18.9 (11.0.16+11-LTS-199, mixed mode, tiered, compressed oops, g1 gc, windows-amd64)
# No core dump will be written. Minidumps are not enabled by default on client versions of Windows
#

---------------  S U M M A R Y ------------

Command Line: -Xverify:none -XX:TieredStopAtLevel=1 com.eureka.app.gateway.GatwayApplication

Host: Intel(R) Xeon(R) Platinum 8272CL CPU @ 2.60GHz, 2 cores, 7G,  Windows 10 , 64 bit Build 19041 (10.0.19041.1889)
Time: Thu Oct 20 09:24:00 2022 Coordinated Universal Time elapsed time: 150.990625 seconds (0d 0h 2m 30s)

---------------  T H R E A D  ---------------

Current thread (0x00000280ad33b000):  JavaThread "http-nio-9091-exec-1" daemon [_thread_in_vm, id=4896, stack(0x0000008e54900000,0x0000008e54a00000)]

Stack: [0x0000008e54900000,0x0000008e54a00000]
Native frames: (J=compiled Java code, j=interpreted, Vv=VM code, C=native code)
V  [jvm.dll+0x62a3ea]
V  [jvm.dll+0x76418f]
V  [jvm.dll+0x765839]
V  [jvm.dll+0x765ec3]
V  [jvm.dll+0x23da98]
V  [jvm.dll+0xb2c7b]
V  [jvm.dll+0xb2fdc]
V  [jvm.dll+0x244ea7]
V  [jvm.dll+0x244476]
V  [jvm.dll+0x1b4599]
V  [jvm.dll+0x1b3b9d]
V  [jvm.dll+0x503702]
V  [jvm.dll+0x6ffca9]
V  [jvm.dll+0x3dcb1f]
V  [jvm.dll+0x3e2d8b]
C  [java.dll+0x19c8]

Java frames: (J=compiled Java code, j=interpreted, Vv=VM code)
J 1040  java.lang.ClassLoader.defineClass1(Ljava/lang/ClassLoader;Ljava/lang/String;[BIILjava/security/ProtectionDomain;Ljava/lang/String;)Ljava/lang/Class; java.base@11.0.16 (0 bytes) @ 0x000002809513aa7b [0x000002809513a9c0+0x00000000000000bb]
J 1039 c1 java.lang.ClassLoader.defineClass(Ljava/lang/String;[BIILjava/security/ProtectionDomain;)Ljava/lang/Class; java.base@11.0.16 (43 bytes) @ 0x000002809513b05c [0x000002809513af60+0x00000000000000fc]
J 979 c1 jdk.internal.loader.BuiltinClassLoader.defineClass(Ljava/lang/String;Ljdk/internal/loader/Resource;)Ljava/lang/Class; java.base@11.0.16 (121 bytes) @ 0x0000028095124dec [0x00000280951248a0+0x000000000000054c]
J 694 c1 jdk.internal.loader.BuiltinClassLoader.findClassOnClassPathOrNull(Ljava/lang/String;)Ljava/lang/Class; java.base@11.0.16 (64 bytes) @ 0x00000280950c5bc4 [0x00000280950c5b00+0x00000000000000c4]
J 4865 c1 jdk.internal.loader.BuiltinClassLoader.loadClassOrNull(Ljava/lang/String;Z)Ljava/lang/Class; java.base@11.0.16 (143 bytes) @ 0x00000280957915ac [0x0000028095791100+0x00000000000004ac]
J 615 c1 jdk.internal.loader.ClassLoaders$AppClassLoader.loadClass(Ljava/lang/String;Z)Ljava/lang/Class; java.base@11.0.16 (40 bytes) @ 0x00000280950a70c4 [0x00000280950a6f80+0x0000000000000144]
J 609 c1 java.lang.ClassLoader.loadClass(Ljava/lang/String;)Ljava/lang/Class; java.base@11.0.16 (7 bytes) @ 0x00000280950a4b64 [0x00000280950a4b20+0x0000000000000044]
v  ~StubRoutines::call_stub
j  reactor.core.publisher.Flux.defer(Ljava/util/function/Supplier;)Lreactor/core/publisher/Flux;+0
j  org.springframework.cloud.loadbalancer.core.DiscoveryClientServiceInstanceListSupplier.<init>(Lorg/springframework/cloud/client/discovery/DiscoveryClient;Lorg/springframework/core/env/Environment;)V+39
j  org.springframework.cloud.loadbalancer.core.ServiceInstanceListSupplierBuilder.lambda$withBlockingDiscoveryClient$0(Lorg/springframework/context/ConfigurableApplicationContext;)Lorg/springframework/cloud/loadbalancer/core/ServiceInstanceListSupplier;+23
j  org.springframework.cloud.loadbalancer.core.ServiceInstanceListSupplierBuilder$$Lambda$1121.apply(Ljava/lang/Object;)Ljava/lang/Object;+4
j  org.springframework.cloud.loadbalancer.core.ServiceInstanceListSupplierBuilder.build(Lorg/springframework/context/ConfigurableApplicationContext;)Lorg/springframework/cloud/loadbalancer/core/ServiceInstanceListSupplier;+14
j  org.springframework.cloud.loadbalancer.annotation.LoadBalancerClientConfiguration$BlockingSupportConfiguration.discoveryClientServiceInstanceListSupplier(Lorg/springframework/context/ConfigurableApplicationContext;)Lorg/springframework/cloud/loadbalancer/core/ServiceInstanceListSupplier;+10
v  ~StubRoutines::call_stub
J 2371  jdk.internal.reflect.NativeMethodAccessorImpl.invoke0(Ljava/lang/reflect/Method;Ljava/lang/Object;[Ljava/lang/Object;)Ljava/lang/Object; java.base@11.0.16 (0 bytes) @ 0x00000280953249bf [0x0000028095324940+0x000000000000007f]
J 2370 c1 jdk.internal.reflect.NativeMethodAccessorImpl.invoke(Ljava/lang/Object;[Ljava/lang/Object;)Ljava/lang/Object; java.base@11.0.16 (104 bytes) @ 0x00000280953254fc [0x00000280953251a0+0x000000000000035c]
J 2217 c1 jdk.internal.reflect.DelegatingMethodAccessorImpl.invoke(Ljava/lang/Object;[Ljava/lang/Object;)Ljava/lang/Object; java.base@11.0.16 (10 bytes) @ 0x00000280952e6564 [0x00000280952e6520+0x0000000000000044]
J 2228 c1 java.lang.reflect.Method.invoke(Ljava/lang/Object;[Ljava/lang/Object;)Ljava/lang/Object; java.base@11.0.16 (65 bytes) @ 0x00000280952e8e54 [0x00000280952e8d60+0x00000000000000f4]
j  org.springframework.beans.factory.support.SimpleInstantiationStrategy.instantiate(Lorg/springframework/beans/factory/support/RootBeanDefinition;Ljava/lang/String;Lorg/springframework/beans/factory/BeanFactory;Ljava/lang/Object;Ljava/lang/reflect/Method;[Ljava/lang/Object;)Ljava/lang/Object;+50
j  org.springframework.beans.factory.support.ConstructorResolver.instantiate(Ljava/lang/String;Lorg/springframework/beans/factory/support/RootBeanDefinition;Ljava/lang/Object;Ljava/lang/reflect/Method;[Ljava/lang/Object;)Ljava/lang/Object;+48
j  org.springframework.beans.factory.support.ConstructorResolver.instantiateUsingFactoryMethod(Ljava/lang/String;Lorg/springframework/beans/factory/support/RootBeanDefinition;[Ljava/lang/Object;)Lorg/springframework/beans/BeanWrapper;+1565
J 4288 c1 org.springframework.beans.factory.support.AbstractAutowireCapableBeanFactory.createBeanInstance(Ljava/lang/String;Lorg/springframework/beans/factory/support/RootBeanDefinition;[Ljava/lang/Object;)Lorg/springframework/beans/BeanWrapper; (254 bytes) @ 0x00000280956886bc [0x0000028095687e00+0x00000000000008bc]
J 4287 c1 org.springframework.beans.factory.support.AbstractAutowireCapableBeanFactory.doCreateBean(Ljava/lang/String;Lorg/springframework/beans/factory/support/RootBeanDefinition;[Ljava/lang/Object;)Ljava/lang/Object; (507 bytes) @ 0x000002809568559c [0x0000028095685420+0x000000000000017c]
J 4285 c1 org.springframework.beans.factory.support.AbstractAutowireCapableBeanFactory.createBean(Ljava/lang/String;Lorg/springframework/beans/factory/support/RootBeanDefinition;[Ljava/lang/Object;)Ljava/lang/Object; (247 bytes) @ 0x00000280956832bc [0x0000028095682d00+0x00000000000005bc]
J 4296 c1 org.springframework.beans.factory.support.AbstractBeanFactory$$Lambda$283.getObject()Ljava/lang/Object; (20 bytes) @ 0x000002809568b21c [0x000002809568b1c0+0x000000000000005c]
J 4284 c1 org.springframework.beans.factory.support.DefaultSingletonBeanRegistry.getSingleton(Ljava/lang/String;Lorg/springframework/beans/factory/ObjectFactory;)Ljava/lang/Object; (297 bytes) @ 0x00000280956814d4 [0x0000028095680fe0+0x00000000000004f4]
J 2835 c1 org.springframework.beans.factory.support.AbstractBeanFactory.doGetBean(Ljava/lang/String;Ljava/lang/Class;[Ljava/lang/Object;Z)Ljava/lang/Object; (832 bytes) @ 0x00000280953efbcc [0x00000280953ef580+0x000000000000064c]
J 4004 c1 org.springframework.beans.factory.support.AbstractBeanFactory.getBean(Ljava/lang/String;)Ljava/lang/Object; (9 bytes) @ 0x00000280955faf6c [0x00000280955faf20+0x000000000000004c]
j  org.springframework.beans.factory.support.DefaultListableBeanFactory.preInstantiateSingletons()V+248
j  org.springframework.context.support.AbstractApplicationContext.finishBeanFactoryInitialization(Lorg/springframework/beans/factory/config/ConfigurableListableBeanFactory;)V+124
j  org.springframework.context.support.AbstractApplicationContext.refresh()V+86
j  org.springframework.cloud.context.named.NamedContextFactory.createContext(Ljava/lang/String;)Lorg/springframework/context/annotation/AnnotationConfigApplicationContext;+356
j  org.springframework.cloud.context.named.NamedContextFactory.getContext(Ljava/lang/String;)Lorg/springframework/context/annotation/AnnotationConfigApplicationContext;+40
j  org.springframework.cloud.context.named.NamedContextFactory.getInstances(Ljava/lang/String;Ljava/lang/Class;)Ljava/util/Map;+2
j  org.springframework.cloud.loadbalancer.blocking.client.BlockingLoadBalancerClient.getSupportedLifecycleProcessors(Ljava/lang/String;)Ljava/util/Set;+7
j  org.springframework.cloud.loadbalancer.blocking.client.BlockingLoadBalancerClient.execute(Ljava/lang/String;Lorg/springframework/cloud/client/loadbalancer/LoadBalancerRequest;)Ljava/lang/Object;+24
j  org.springframework.cloud.client.loadbalancer.LoadBalancerInterceptor.intercept(Lorg/springframework/http/HttpRequest;[BLorg/springframework/http/client/ClientHttpRequestExecution;)Lorg/springframework/http/client/ClientHttpResponse;+64
j  org.springframework.http.client.InterceptingClientHttpRequest$InterceptingRequestExecution.execute(Lorg/springframework/http/HttpRequest;[B)Lorg/springframework/http/client/ClientHttpResponse;+29
j  org.springframework.http.client.InterceptingClientHttpRequest.executeInternal(Lorg/springframework/http/HttpHeaders;[B)Lorg/springframework/http/client/ClientHttpResponse;+12
j  org.springframework.http.client.AbstractBufferingClientHttpRequest.executeInternal(Lorg/springframework/http/HttpHeaders;)Lorg/springframework/http/client/ClientHttpResponse;+27
j  org.springframework.http.client.AbstractClientHttpRequest.execute()Lorg/springframework/http/client/ClientHttpResponse;+9
j  org.springframework.web.client.RestTemplate.doExecute(Ljava/net/URI;Lorg/springframework/http/HttpMethod;Lorg/springframework/web/client/RequestCallback;Lorg/springframework/web/client/ResponseExtractor;)Ljava/lang/Object;+37
j  org.springframework.web.client.RestTemplate.execute(Ljava/lang/String;Lorg/springframework/http/HttpMethod;Lorg/springframework/web/client/RequestCallback;Lorg/springframework/web/client/ResponseExtractor;[Ljava/lang/Object;)Ljava/lang/Object;+21
j  org.springframework.web.client.RestTemplate.exchange(Ljava/lang/String;Lorg/springframework/http/HttpMethod;Lorg/springframework/http/HttpEntity;Lorg/springframework/core/ParameterizedTypeReference;[Ljava/lang/Object;)Lorg/springframework/http/ResponseEntity;+33
j  com.eureka.app.gateway.controller.ServiceController.getStudents(Ljava/lang/String;)Ljava/lang/String;+38
v  ~StubRoutines::call_stub
J 2371  jdk.internal.reflect.NativeMethodAccessorImpl.invoke0(Ljava/lang/reflect/Method;Ljava/lang/Object;[Ljava/lang/Object;)Ljava/lang/Object; java.base@11.0.16 (0 bytes) @ 0x00000280953249bf [0x0000028095324940+0x000000000000007f]
J 2370 c1 jdk.internal.reflect.NativeMethodAccessorImpl.invoke(Ljava/lang/Object;[Ljava/lang/Object;)Ljava/lang/Object; java.base@11.0.16 (104 bytes) @ 0x00000280953254fc [0x00000280953251a0+0x000000000000035c]
J 2217 c1 jdk.internal.reflect.DelegatingMethodAccessorImpl.invoke(Ljava/lang/Object;[Ljava/lang/Object;)Ljava/lang/Object; java.base@11.0.16 (10 bytes) @ 0x00000280952e6564 [0x00000280952e6520+0x0000000000000044]
J 2228 c1 java.lang.reflect.Method.invoke(Ljava/lang/Object;[Ljava/lang/Object;)Ljava/lang/Object; java.base@11.0.16 (65 bytes) @ 0x00000280952e8e54 [0x00000280952e8d60+0x00000000000000f4]
j  org.springframework.web.method.support.InvocableHandlerMethod.doInvoke([Ljava/lang/Object;)Ljava/lang/Object;+28
j  org.springframework.web.method.support.InvocableHandlerMethod.invokeForRequest(Lorg/springframework/web/context/request/NativeWebRequest;Lorg/springframework/web/method/support/ModelAndViewContainer;[Ljava/lang/Object;)Ljava/lang/Object;+54
j  org.springframework.web.servlet.mvc.method.annotation.ServletInvocableHandlerMethod.invokeAndHandle(Lorg/springframework/web/context/request/ServletWebRequest;Lorg/springframework/web/method/support/ModelAndViewContainer;[Ljava/lang/Object;)V+4
j  org.springframework.web.servlet.mvc.method.annotation.RequestMappingHandlerAdapter.invokeHandlerMethod(Ljavax/servlet/http/HttpServletRequest;Ljavax/servlet/http/HttpServletResponse;Lorg/springframework/web/method/HandlerMethod;)Lorg/springframework/web/servlet/ModelAndView;+244
j  org.springframework.web.servlet.mvc.method.annotation.RequestMappingHandlerAdapter.handleInternal(Ljavax/servlet/http/HttpServletRequest;Ljavax/servlet/http/HttpServletResponse;Lorg/springframework/web/method/HandlerMethod;)Lorg/springframework/web/servlet/ModelAndView;+81
j  org.springframework.web.servlet.mvc.method.AbstractHandlerMethodAdapter.handle(Ljavax/servlet/http/HttpServletRequest;Ljavax/servlet/http/HttpServletResponse;Ljava/lang/Object;)Lorg/springframework/web/servlet/ModelAndView;+7
j  org.springframework.web.servlet.DispatcherServlet.doDispatch(Ljavax/servlet/http/HttpServletRequest;Ljavax/servlet/http/HttpServletResponse;)V+259
j  org.springframework.web.servlet.DispatcherServlet.doService(Ljavax/servlet/http/HttpServletRequest;Ljavax/servlet/http/HttpServletResponse;)V+241
j  org.springframework.web.servlet.FrameworkServlet.processRequest(Ljavax/servlet/http/HttpServletRequest;Ljavax/servlet/http/HttpServletResponse;)V+71
j  org.springframework.web.servlet.FrameworkServlet.doGet(Ljavax/servlet/http/HttpServletRequest;Ljavax/servlet/http/HttpServletResponse;)V+3
j  javax.servlet.http.HttpServlet.service(Ljavax/servlet/http/HttpServletRequest;Ljavax/servlet/http/HttpServletResponse;)V+35
j  org.springframework.web.servlet.FrameworkServlet.service(Ljavax/servlet/http/HttpServletRequest;Ljavax/servlet/http/HttpServletResponse;)V+33
j  javax.servlet.http.HttpServlet.service(Ljavax/servlet/ServletRequest;Ljavax/servlet/ServletResponse;)V+36
j  org.apache.catalina.core.ApplicationFilterChain.internalDoFilter(Ljavax/servlet/ServletRequest;Ljavax/servlet/ServletResponse;)V+304
j  org.apache.catalina.core.ApplicationFilterChain.doFilter(Ljavax/servlet/ServletRequest;Ljavax/servlet/ServletResponse;)V+99
j  org.apache.tomcat.websocket.server.WsFilter.doFilter(Ljavax/servlet/ServletRequest;Ljavax/servlet/ServletResponse;Ljavax/servlet/FilterChain;)V+21
j  org.apache.catalina.core.ApplicationFilterChain.internalDoFilter(Ljavax/servlet/ServletRequest;Ljavax/servlet/ServletResponse;)V+135
j  org.apache.catalina.core.ApplicationFilterChain.doFilter(Ljavax/servlet/ServletRequest;Ljavax/servlet/ServletResponse;)V+99
j  org.springframework.web.filter.RequestContextFilter.doFilterInternal(Ljavax/servlet/http/HttpServletRequest;Ljavax/servlet/http/HttpServletResponse;Ljavax/servlet/FilterChain;)V+21
j  org.springframework.web.filter.OncePerRequestFilter.doFilter(Ljavax/servlet/ServletRequest;Ljavax/servlet/ServletResponse;Ljavax/servlet/FilterChain;)V+147
j  org.apache.catalina.core.ApplicationFilterChain.internalDoFilter(Ljavax/servlet/ServletRequest;Ljavax/servlet/ServletResponse;)V+135
j  org.apache.catalina.core.ApplicationFilterChain.doFilter(Ljavax/servlet/ServletRequest;Ljavax/servlet/ServletResponse;)V+99
j  org.springframework.web.filter.FormContentFilter.doFilterInternal(Ljavax/servlet/http/HttpServletRequest;Ljavax/servlet/http/HttpServletResponse;Ljavax/servlet/FilterChain;)V+38
j  org.springframework.web.filter.OncePerRequestFilter.doFilter(Ljavax/servlet/ServletRequest;Ljavax/servlet/ServletResponse;Ljavax/servlet/FilterChain;)V+147
j  org.apache.catalina.core.ApplicationFilterChain.internalDoFilter(Ljavax/servlet/ServletRequest;Ljavax/servlet/ServletResponse;)V+135
j  org.apache.catalina.core.ApplicationFilterChain.doFilter(Ljavax/servlet/ServletRequest;Ljavax/servlet/ServletResponse;)V+99
j  org.springframework.boot.actuate.metrics.web.servlet.WebMvcMetricsFilter.doFilterInternal(Ljavax/servlet/http/HttpServletRequest;Ljavax/servlet/http/HttpServletResponse;Ljavax/servlet/FilterChain;)V+21
j  org.springframework.web.filter.OncePerRequestFilter.doFilter(Ljavax/servlet/ServletRequest;Ljavax/servlet/ServletResponse;Ljavax/servlet/FilterChain;)V+147
j  org.apache.catalina.core.ApplicationFilterChain.internalDoFilter(Ljavax/servlet/ServletRequest;Ljavax/servlet/ServletResponse;)V+135
j  org.apache.catalina.core.ApplicationFilterChain.doFilter(Ljavax/servlet/ServletRequest;Ljavax/servlet/ServletResponse;)V+99
j  org.springframework.web.filter.CharacterEncodingFilter.doFilterInternal(Ljavax/servlet/http/HttpServletRequest;Ljavax/servlet/http/HttpServletResponse;Ljavax/servlet/FilterChain;)V+53
j  org.springframework.web.filter.OncePerRequestFilter.doFilter(Ljavax/servlet/ServletRequest;Ljavax/servlet/ServletResponse;Ljavax/servlet/FilterChain;)V+147
j  org.apache.catalina.core.ApplicationFilterChain.internalDoFilter(Ljavax/servlet/ServletRequest;Ljavax/servlet/ServletResponse;)V+135
j  org.apache.catalina.core.ApplicationFilterChain.doFilter(Ljavax/servlet/ServletRequest;Ljavax/servlet/ServletResponse;)V+99
j  org.apache.catalina.core.StandardWrapperValve.invoke(Lorg/apache/catalina/connector/Request;Lorg/apache/catalina/connector/Response;)V+694
j  org.apache.catalina.core.StandardContextValve.invoke(Lorg/apache/catalina/connector/Request;Lorg/apache/catalina/connector/Response;)V+169
j  org.apache.catalina.authenticator.AuthenticatorBase.invoke(Lorg/apache/catalina/connector/Request;Lorg/apache/catalina/connector/Response;)V+260
j  org.apache.catalina.core.StandardHostValve.invoke(Lorg/apache/catalina/connector/Request;Lorg/apache/catalina/connector/Response;)V+128
j  org.apache.catalina.valves.ErrorReportValve.invoke(Lorg/apache/catalina/connector/Request;Lorg/apache/catalina/connector/Response;)V+6
j  org.apache.catalina.core.StandardEngineValve.invoke(Lorg/apache/catalina/connector/Request;Lorg/apache/catalina/connector/Response;)V+59
j  org.apache.catalina.connector.CoyoteAdapter.service(Lorg/apache/coyote/Request;Lorg/apache/coyote/Response;)V+203
j  org.apache.coyote.http11.Http11Processor.service(Lorg/apache/tomcat/util/net/SocketWrapperBase;)Lorg/apache/tomcat/util/net/AbstractEndpoint$Handler$SocketState;+796
j  org.apache.coyote.AbstractProcessorLight.process(Lorg/apache/tomcat/util/net/SocketWrapperBase;Lorg/apache/tomcat/util/net/SocketEvent;)Lorg/apache/tomcat/util/net/AbstractEndpoint$Handler$SocketState;+170
j  org.apache.coyote.AbstractProtocol$ConnectionHandler.process(Lorg/apache/tomcat/util/net/SocketWrapperBase;Lorg/apache/tomcat/util/net/SocketEvent;)Lorg/apache/tomcat/util/net/AbstractEndpoint$Handler$SocketState;+489
j  org.apache.tomcat.util.net.NioEndpoint$SocketProcessor.doRun()V+216
j  org.apache.tomcat.util.net.SocketProcessorBase.run()V+21
j  org.apache.tomcat.util.threads.ThreadPoolExecutor.runWorker(Lorg/apache/tomcat/util/threads/ThreadPoolExecutor$Worker;)V+92
j  org.apache.tomcat.util.threads.ThreadPoolExecutor$Worker.run()V+5
j  org.apache.tomcat.util.threads.TaskThread$WrappingRunnable.run()V+4
j  java.lang.Thread.run()V+11 java.base@11.0.16
v  ~StubRoutines::call_stub

---------------  P R O C E S S  ---------------

Threads class SMR info:
_java_thread_list=0x00000280ad3c8680, length=31, elements={
0x00000280aa589800, 0x00000280aa58c000, 0x00000280aa5a7800, 0x00000280aa5aa800,
0x00000280aa5ac800, 0x00000280aa5b1800, 0x00000280aa5b3800, 0x00000280ab031800,
0x00000280ad007800, 0x00000280ad008000, 0x00000280ad009000, 0x00000280ab7f9800,
0x00000280ad2d9000, 0x00000280aaff7000, 0x00000280ad2cf800, 0x00000280ad22e800,
0x00000280ad33b000, 0x00000280ad335800, 0x00000280ad338800, 0x00000280ad337000,
0x00000280ad33c000, 0x00000280ad339800, 0x00000280ad336000, 0x00000280ad337800,
0x00000280ad33a000, 0x00000280ad3fe000, 0x00000280ad3f9800, 0x00000280ad3ff000,
0x00000280ad3fc800, 0x00000280ad400000, 0x00000280ad3fd800
}

Java Threads: ( => current thread )
  0x00000280aa589800 JavaThread "Reference Handler" daemon [_thread_blocked, id=6952, stack(0x0000008e53700000,0x0000008e53800000)]
  0x00000280aa58c000 JavaThread "Finalizer" daemon [_thread_blocked, id=5612, stack(0x0000008e53800000,0x0000008e53900000)]
  0x00000280aa5a7800 JavaThread "Signal Dispatcher" daemon [_thread_blocked, id=6556, stack(0x0000008e53900000,0x0000008e53a00000)]
  0x00000280aa5aa800 JavaThread "Attach Listener" daemon [_thread_blocked, id=3460, stack(0x0000008e53a00000,0x0000008e53b00000)]
  0x00000280aa5ac800 JavaThread "Service Thread" daemon [_thread_blocked, id=2864, stack(0x0000008e53b00000,0x0000008e53c00000)]
  0x00000280aa5b1800 JavaThread "C1 CompilerThread0" daemon [_thread_blocked, id=12176, stack(0x0000008e53c00000,0x0000008e53d00000)]
  0x00000280aa5b3800 JavaThread "Sweeper thread" daemon [_thread_blocked, id=7220, stack(0x0000008e53d00000,0x0000008e53e00000)]
  0x00000280ab031800 JavaThread "Common-Cleaner" daemon [_thread_blocked, id=5680, stack(0x0000008e53f00000,0x0000008e54000000)]
  0x00000280ad007800 JavaThread "Catalina-utility-1" [_thread_blocked, id=4392, stack(0x0000008e54100000,0x0000008e54200000)]
  0x00000280ad008000 JavaThread "Catalina-utility-2" [_thread_blocked, id=7044, stack(0x0000008e54200000,0x0000008e54300000)]
  0x00000280ad009000 JavaThread "container-0" [_thread_blocked, id=1704, stack(0x0000008e54300000,0x0000008e54400000)]
  0x00000280ab7f9800 JavaThread "spring.cloud.inetutils" daemon [_thread_blocked, id=5832, stack(0x0000008e54400000,0x0000008e54500000)]
  0x00000280ad2d9000 JavaThread "AsyncResolver-bootstrap-0" daemon [_thread_blocked, id=7928, stack(0x0000008e54500000,0x0000008e54600000)]
  0x00000280aaff7000 JavaThread "DiscoveryClient-0" daemon [_thread_blocked, id=6048, stack(0x0000008e54600000,0x0000008e54700000)]
  0x00000280ad2cf800 JavaThread "DiscoveryClient-1" daemon [_thread_blocked, id=11668, stack(0x0000008e54700000,0x0000008e54800000)]
  0x00000280ad22e800 JavaThread "DiscoveryClient-InstanceInfoReplicator-0" daemon [_thread_blocked, id=6756, stack(0x0000008e54800000,0x0000008e54900000)]
=>0x00000280ad33b000 JavaThread "http-nio-9091-exec-1" daemon [_thread_in_vm, id=4896, stack(0x0000008e54900000,0x0000008e54a00000)]
  0x00000280ad335800 JavaThread "http-nio-9091-exec-2" daemon [_thread_blocked, id=8540, stack(0x0000008e54a00000,0x0000008e54b00000)]
  0x00000280ad338800 JavaThread "http-nio-9091-exec-3" daemon [_thread_blocked, id=804, stack(0x0000008e54b00000,0x0000008e54c00000)]
  0x00000280ad337000 JavaThread "http-nio-9091-exec-4" daemon [_thread_blocked, id=12152, stack(0x0000008e54c00000,0x0000008e54d00000)]
  0x00000280ad33c000 JavaThread "http-nio-9091-exec-5" daemon [_thread_blocked, id=12000, stack(0x0000008e54d00000,0x0000008e54e00000)]
  0x00000280ad339800 JavaThread "http-nio-9091-exec-6" daemon [_thread_blocked, id=3248, stack(0x0000008e54e00000,0x0000008e54f00000)]
  0x00000280ad336000 JavaThread "http-nio-9091-exec-7" daemon [_thread_blocked, id=8448, stack(0x0000008e54f00000,0x0000008e55000000)]
  0x00000280ad337800 JavaThread "http-nio-9091-exec-8" daemon [_thread_blocked, id=5732, stack(0x0000008e55000000,0x0000008e55100000)]
  0x00000280ad33a000 JavaThread "http-nio-9091-exec-9" daemon [_thread_blocked, id=3728, stack(0x0000008e55100000,0x0000008e55200000)]
  0x00000280ad3fe000 JavaThread "http-nio-9091-exec-10" daemon [_thread_blocked, id=6548, stack(0x0000008e55200000,0x0000008e55300000)]
  0x00000280ad3f9800 JavaThread "http-nio-9091-Poller" daemon [_thread_in_native, id=4648, stack(0x0000008e55300000,0x0000008e55400000)]
  0x00000280ad3ff000 JavaThread "http-nio-9091-Acceptor" daemon [_thread_in_native, id=12036, stack(0x0000008e55400000,0x0000008e55500000)]
  0x00000280ad3fc800 JavaThread "DestroyJavaVM" [_thread_blocked, id=5328, stack(0x0000008e52f00000,0x0000008e53000000)]
  0x00000280ad400000 JavaThread "DiscoveryClient-HeartbeatExecutor-0" daemon [_thread_blocked, id=776, stack(0x0000008e55500000,0x0000008e55600000)]
  0x00000280ad3fd800 JavaThread "DiscoveryClient-CacheRefreshExecutor-0" daemon [_thread_blocked, id=10084, stack(0x0000008e55800000,0x0000008e55900000)]

Other Threads:
  0x00000280aa587800 VMThread "VM Thread" [stack: 0x0000008e53600000,0x0000008e53700000] [id=11460]
  0x00000280ab02c800 WatcherThread [stack: 0x0000008e53e00000,0x0000008e53f00000] [id=8564]
  0x000002808d319000 GCTaskThread "GC Thread#0" [stack: 0x0000008e53100000,0x0000008e53200000] [id=4164]
  0x00000280ab2dc800 GCTaskThread "GC Thread#1" [stack: 0x0000008e54000000,0x0000008e54100000] [id=5548]
  0x000002808d349000 ConcurrentGCThread "G1 Main Marker" [stack: 0x0000008e53200000,0x0000008e53300000] [id=6852]
  0x000002808d34a800 ConcurrentGCThread "G1 Conc#0" [stack: 0x0000008e53300000,0x0000008e53400000] [id=848]
  0x000002808d3d8000 ConcurrentGCThread "G1 Refine#0" [stack: 0x0000008e53400000,0x0000008e53500000] [id=7448]
  0x000002808d3d9000 ConcurrentGCThread "G1 Young RemSet Sampling" [stack: 0x0000008e53500000,0x0000008e53600000] [id=8768]

Threads with active compile tasks:

VM state:not at safepoint (normal execution)

VM Mutex/Monitor currently owned by a thread: None

Heap address: 0x0000000080000000, size: 2048 MB, Compressed Oops mode: 32-bit
Narrow klass base: 0x0000000000000000, Narrow klass shift: 3
Compressed class space size: 1073741824 Address: 0x0000000100000000

Heap:
 garbage-first heap   total 218112K, used 86951K [0x0000000080000000, 0x0000000100000000)
  region size 1024K, 67 young (68608K), 11 survivors (11264K)
 Metaspace       used 48432K, capacity 50224K, committed 50480K, reserved 1093632K
  class space    used 6315K, capacity 7035K, committed 7040K, reserved 1048576K
Heap Regions: E=young(eden), S=young(survivor), O=old, HS=humongous(starts), HC=humongous(continues), CS=collection set, F=free, A=archive, TAMS=top-at-mark-start (previous, next)
|   0|0x0000000080000000, 0x0000000080100000, 0x0000000080100000|100%| O|  |TAMS 0x0000000080100000, 0x0000000080000000| Untracked 
|   1|0x0000000080100000, 0x0000000080200000, 0x0000000080200000|100%| O|  |TAMS 0x0000000080200000, 0x0000000080100000| Untracked 
|   2|0x0000000080200000, 0x0000000080300000, 0x0000000080300000|100%| O|  |TAMS 0x0000000080300000, 0x0000000080200000| Untracked 
|   3|0x0000000080300000, 0x0000000080400000, 0x0000000080400000|100%| O|  |TAMS 0x0000000080400000, 0x0000000080300000| Untracked 
|   4|0x0000000080400000, 0x0000000080500000, 0x0000000080500000|100%| O|  |TAMS 0x0000000080500000, 0x0000000080400000| Untracked 
|   5|0x0000000080500000, 0x0000000080600000, 0x0000000080600000|100%| O|  |TAMS 0x0000000080600000, 0x0000000080500000| Untracked 
|   6|0x0000000080600000, 0x0000000080700000, 0x0000000080700000|100%| O|  |TAMS 0x0000000080700000, 0x0000000080600000| Untracked 
|   7|0x0000000080700000, 0x0000000080800000, 0x0000000080800000|100%| O|  |TAMS 0x0000000080800000, 0x0000000080700000| Untracked 
|   8|0x0000000080800000, 0x0000000080900000, 0x0000000080900000|100%| O|  |TAMS 0x0000000080900000, 0x0000000080800000| Untracked 
|   9|0x0000000080900000, 0x0000000080a00000, 0x0000000080a00000|100%| O|  |TAMS 0x0000000080a00000, 0x0000000080900000| Untracked 
|  10|0x0000000080a00000, 0x0000000080b00000, 0x0000000080b00000|100%| O|  |TAMS 0x0000000080b00000, 0x0000000080a00000| Untracked 
|  11|0x0000000080b00000, 0x0000000080c00000, 0x0000000080c00000|100%| O|  |TAMS 0x0000000080c00000, 0x0000000080b00000| Untracked 
|  12|0x0000000080c00000, 0x0000000080d00000, 0x0000000080d00000|100%| O|  |TAMS 0x0000000080cdfa00, 0x0000000080c00000| Untracked 
|  13|0x0000000080d00000, 0x0000000080e00000, 0x0000000080e00000|100%| O|  |TAMS 0x0000000080e00000, 0x0000000080d00000| Untracked 
|  14|0x0000000080e00000, 0x0000000080f00000, 0x0000000080f00000|100%| O|  |TAMS 0x0000000080e00000, 0x0000000080e00000| Untracked 
|  15|0x0000000080f00000, 0x0000000081000000, 0x0000000081000000|100%| O|  |TAMS 0x0000000080f00000, 0x0000000080f00000| Untracked 
|  16|0x0000000081000000, 0x0000000081100000, 0x0000000081100000|100%| O|  |TAMS 0x0000000081000000, 0x0000000081000000| Untracked 
|  17|0x0000000081100000, 0x0000000081200000, 0x0000000081200000|100%| O|  |TAMS 0x0000000081100000, 0x0000000081100000| Untracked 
|  18|0x0000000081200000, 0x0000000081300000, 0x0000000081300000|100%| O|  |TAMS 0x0000000081200000, 0x0000000081200000| Untracked 
|  19|0x0000000081300000, 0x000000008136aa00, 0x0000000081400000| 41%| O|  |TAMS 0x0000000081300000, 0x0000000081300000| Untracked 
|  20|0x0000000081400000, 0x0000000081400000, 0x0000000081500000|  0%| F|  |TAMS 0x0000000081400000, 0x0000000081400000| Untracked 
|  21|0x0000000081500000, 0x0000000081500000, 0x0000000081600000|  0%| F|  |TAMS 0x0000000081500000, 0x0000000081500000| Untracked 
|  22|0x0000000081600000, 0x0000000081600000, 0x0000000081700000|  0%| F|  |TAMS 0x0000000081600000, 0x0000000081600000| Untracked 
|  23|0x0000000081700000, 0x0000000081700000, 0x0000000081800000|  0%| F|  |TAMS 0x0000000081700000, 0x0000000081700000| Untracked 
|  24|0x0000000081800000, 0x0000000081800000, 0x0000000081900000|  0%| F|  |TAMS 0x0000000081800000, 0x0000000081800000| Untracked 
|  25|0x0000000081900000, 0x0000000081900000, 0x0000000081a00000|  0%| F|  |TAMS 0x0000000081900000, 0x0000000081900000| Untracked 
|  26|0x0000000081a00000, 0x0000000081a00000, 0x0000000081b00000|  0%| F|  |TAMS 0x0000000081a00000, 0x0000000081a00000| Untracked 
|  27|0x0000000081b00000, 0x0000000081b00000, 0x0000000081c00000|  0%| F|  |TAMS 0x0000000081b00000, 0x0000000081b00000| Untracked 
|  28|0x0000000081c00000, 0x0000000081c00000, 0x0000000081d00000|  0%| F|  |TAMS 0x0000000081c00000, 0x0000000081c00000| Untracked 
|  29|0x0000000081d00000, 0x0000000081d00000, 0x0000000081e00000|  0%| F|  |TAMS 0x0000000081d00000, 0x0000000081d00000| Untracked 
|  30|0x0000000081e00000, 0x0000000081e00000, 0x0000000081f00000|  0%| F|  |TAMS 0x0000000081e00000, 0x0000000081e00000| Untracked 
|  31|0x0000000081f00000, 0x0000000081f00000, 0x0000000082000000|  0%| F|  |TAMS 0x0000000081f00000, 0x0000000081f00000| Untracked 
|  32|0x0000000082000000, 0x0000000082000000, 0x0000000082100000|  0%| F|  |TAMS 0x0000000082000000, 0x0000000082000000| Untracked 
|  33|0x0000000082100000, 0x0000000082100000, 0x0000000082200000|  0%| F|  |TAMS 0x0000000082100000, 0x0000000082100000| Untracked 
|  34|0x0000000082200000, 0x0000000082200000, 0x0000000082300000|  0%| F|  |TAMS 0x0000000082200000, 0x0000000082200000| Untracked 
|  35|0x0000000082300000, 0x0000000082300000, 0x0000000082400000|  0%| F|  |TAMS 0x0000000082300000, 0x0000000082300000| Untracked 
|  36|0x0000000082400000, 0x0000000082400000, 0x0000000082500000|  0%| F|  |TAMS 0x0000000082400000, 0x0000000082400000| Untracked 
|  37|0x0000000082500000, 0x0000000082500000, 0x0000000082600000|  0%| F|  |TAMS 0x0000000082500000, 0x0000000082500000| Untracked 
|  38|0x0000000082600000, 0x0000000082600000, 0x0000000082700000|  0%| F|  |TAMS 0x0000000082600000, 0x0000000082600000| Untracked 
|  39|0x0000000082700000, 0x0000000082700000, 0x0000000082800000|  0%| F|  |TAMS 0x0000000082700000, 0x0000000082700000| Untracked 
|  40|0x0000000082800000, 0x0000000082800000, 0x0000000082900000|  0%| F|  |TAMS 0x0000000082800000, 0x0000000082800000| Untracked 
|  41|0x0000000082900000, 0x0000000082900000, 0x0000000082a00000|  0%| F|  |TAMS 0x0000000082900000, 0x0000000082900000| Untracked 
|  42|0x0000000082a00000, 0x0000000082a00000, 0x0000000082b00000|  0%| F|  |TAMS 0x0000000082a00000, 0x0000000082a00000| Untracked 
|  43|0x0000000082b00000, 0x0000000082b00000, 0x0000000082c00000|  0%| F|  |TAMS 0x0000000082b00000, 0x0000000082b00000| Untracked 
|  44|0x0000000082c00000, 0x0000000082c00000, 0x0000000082d00000|  0%| F|  |TAMS 0x0000000082c00000, 0x0000000082c00000| Untracked 
|  45|0x0000000082d00000, 0x0000000082d00000, 0x0000000082e00000|  0%| F|  |TAMS 0x0000000082d00000, 0x0000000082d00000| Untracked 
|  46|0x0000000082e00000, 0x0000000082e00000, 0x0000000082f00000|  0%| F|  |TAMS 0x0000000082e00000, 0x0000000082e00000| Untracked 
|  47|0x0000000082f00000, 0x0000000082f00000, 0x0000000083000000|  0%| F|  |TAMS 0x0000000082f00000, 0x0000000082f00000| Untracked 
|  48|0x0000000083000000, 0x0000000083000000, 0x0000000083100000|  0%| F|  |TAMS 0x0000000083000000, 0x0000000083000000| Untracked 
|  49|0x0000000083100000, 0x0000000083100000, 0x0000000083200000|  0%| F|  |TAMS 0x0000000083100000, 0x0000000083100000| Untracked 
|  50|0x0000000083200000, 0x0000000083200000, 0x0000000083300000|  0%| F|  |TAMS 0x0000000083200000, 0x0000000083200000| Untracked 
|  51|0x0000000083300000, 0x0000000083300000, 0x0000000083400000|  0%| F|  |TAMS 0x0000000083300000, 0x0000000083300000| Untracked 
|  52|0x0000000083400000, 0x0000000083400000, 0x0000000083500000|  0%| F|  |TAMS 0x0000000083400000, 0x0000000083400000| Untracked 
|  53|0x0000000083500000, 0x0000000083500000, 0x0000000083600000|  0%| F|  |TAMS 0x0000000083500000, 0x0000000083500000| Untracked 
|  54|0x0000000083600000, 0x0000000083600000, 0x0000000083700000|  0%| F|  |TAMS 0x0000000083600000, 0x0000000083600000| Untracked 
|  55|0x0000000083700000, 0x0000000083700000, 0x0000000083800000|  0%| F|  |TAMS 0x0000000083700000, 0x0000000083700000| Untracked 
|  56|0x0000000083800000, 0x0000000083800000, 0x0000000083900000|  0%| F|  |TAMS 0x0000000083800000, 0x0000000083800000| Untracked 
|  57|0x0000000083900000, 0x0000000083900000, 0x0000000083a00000|  0%| F|  |TAMS 0x0000000083900000, 0x0000000083900000| Untracked 
|  58|0x0000000083a00000, 0x0000000083a00000, 0x0000000083b00000|  0%| F|  |TAMS 0x0000000083a00000, 0x0000000083a00000| Untracked 
|  59|0x0000000083b00000, 0x0000000083b00000, 0x0000000083c00000|  0%| F|  |TAMS 0x0000000083b00000, 0x0000000083b00000| Untracked 
|  60|0x0000000083c00000, 0x0000000083c00000, 0x0000000083d00000|  0%| F|  |TAMS 0x0000000083c00000, 0x0000000083c00000| Untracked 
|  61|0x0000000083d00000, 0x0000000083d00000, 0x0000000083e00000|  0%| F|  |TAMS 0x0000000083d00000, 0x0000000083d00000| Untracked 
|  62|0x0000000083e00000, 0x0000000083e00000, 0x0000000083f00000|  0%| F|  |TAMS 0x0000000083e00000, 0x0000000083e00000| Untracked 
|  63|0x0000000083f00000, 0x0000000083f00000, 0x0000000084000000|  0%| F|  |TAMS 0x0000000083f00000, 0x0000000083f00000| Untracked 
|  64|0x0000000084000000, 0x0000000084000000, 0x0000000084100000|  0%| F|  |TAMS 0x0000000084000000, 0x0000000084000000| Untracked 
|  65|0x0000000084100000, 0x0000000084100000, 0x0000000084200000|  0%| F|  |TAMS 0x0000000084100000, 0x0000000084100000| Untracked 
|  66|0x0000000084200000, 0x0000000084200000, 0x0000000084300000|  0%| F|  |TAMS 0x0000000084200000, 0x0000000084200000| Untracked 
|  67|0x0000000084300000, 0x0000000084300000, 0x0000000084400000|  0%| F|  |TAMS 0x0000000084300000, 0x0000000084300000| Untracked 
|  68|0x0000000084400000, 0x0000000084400000, 0x0000000084500000|  0%| F|  |TAMS 0x0000000084400000, 0x0000000084400000| Untracked 
|  69|0x0000000084500000, 0x0000000084500000, 0x0000000084600000|  0%| F|  |TAMS 0x0000000084500000, 0x0000000084500000| Untracked 
|  70|0x0000000084600000, 0x0000000084600000, 0x0000000084700000|  0%| F|  |TAMS 0x0000000084600000, 0x0000000084600000| Untracked 
|  71|0x0000000084700000, 0x0000000084700000, 0x0000000084800000|  0%| F|  |TAMS 0x0000000084700000, 0x0000000084700000| Untracked 
|  72|0x0000000084800000, 0x0000000084800000, 0x0000000084900000|  0%| F|  |TAMS 0x0000000084800000, 0x0000000084800000| Untracked 
|  73|0x0000000084900000, 0x0000000084900000, 0x0000000084a00000|  0%| F|  |TAMS 0x0000000084900000, 0x0000000084900000| Untracked 
|  74|0x0000000084a00000, 0x0000000084a00000, 0x0000000084b00000|  0%| F|  |TAMS 0x0000000084a00000, 0x0000000084a00000| Untracked 
|  75|0x0000000084b00000, 0x0000000084b00000, 0x0000000084c00000|  0%| F|  |TAMS 0x0000000084b00000, 0x0000000084b00000| Untracked 
|  76|0x0000000084c00000, 0x0000000084c00000, 0x0000000084d00000|  0%| F|  |TAMS 0x0000000084c00000, 0x0000000084c00000| Untracked 
|  77|0x0000000084d00000, 0x0000000084d00000, 0x0000000084e00000|  0%| F|  |TAMS 0x0000000084d00000, 0x0000000084d00000| Untracked 
|  78|0x0000000084e00000, 0x0000000084e00000, 0x0000000084f00000|  0%| F|  |TAMS 0x0000000084e00000, 0x0000000084e00000| Untracked 
|  79|0x0000000084f00000, 0x0000000084f00000, 0x0000000085000000|  0%| F|  |TAMS 0x0000000084f00000, 0x0000000084f00000| Untracked 
|  80|0x0000000085000000, 0x0000000085000000, 0x0000000085100000|  0%| F|  |TAMS 0x0000000085000000, 0x0000000085000000| Untracked 
|  81|0x0000000085100000, 0x0000000085100000, 0x0000000085200000|  0%| F|  |TAMS 0x0000000085100000, 0x0000000085100000| Untracked 
|  82|0x0000000085200000, 0x0000000085200000, 0x0000000085300000|  0%| F|  |TAMS 0x0000000085200000, 0x0000000085200000| Untracked 
|  83|0x0000000085300000, 0x0000000085300000, 0x0000000085400000|  0%| F|  |TAMS 0x0000000085300000, 0x0000000085300000| Untracked 
|  84|0x0000000085400000, 0x0000000085400000, 0x0000000085500000|  0%| F|  |TAMS 0x0000000085400000, 0x0000000085400000| Untracked 
|  85|0x0000000085500000, 0x0000000085500000, 0x0000000085600000|  0%| F|  |TAMS 0x0000000085500000, 0x0000000085500000| Untracked 
|  86|0x0000000085600000, 0x0000000085600000, 0x0000000085700000|  0%| F|  |TAMS 0x0000000085600000, 0x0000000085600000| Untracked 
|  87|0x0000000085700000, 0x0000000085700000, 0x0000000085800000|  0%| F|  |TAMS 0x0000000085700000, 0x0000000085700000| Untracked 
|  88|0x0000000085800000, 0x0000000085800000, 0x0000000085900000|  0%| F|  |TAMS 0x0000000085800000, 0x0000000085800000| Untracked 
|  89|0x0000000085900000, 0x0000000085900000, 0x0000000085a00000|  0%| F|  |TAMS 0x0000000085900000, 0x0000000085900000| Untracked 
|  90|0x0000000085a00000, 0x0000000085a00000, 0x0000000085b00000|  0%| F|  |TAMS 0x0000000085a00000, 0x0000000085a00000| Untracked 
|  91|0x0000000085b00000, 0x0000000085b00000, 0x0000000085c00000|  0%| F|  |TAMS 0x0000000085b00000, 0x0000000085b00000| Untracked 
|  92|0x0000000085c00000, 0x0000000085c00000, 0x0000000085d00000|  0%| F|  |TAMS 0x0000000085c00000, 0x0000000085c00000| Untracked 
|  93|0x0000000085d00000, 0x0000000085d00000, 0x0000000085e00000|  0%| F|  |TAMS 0x0000000085d00000, 0x0000000085d00000| Untracked 
|  94|0x0000000085e00000, 0x0000000085e00000, 0x0000000085f00000|  0%| F|  |TAMS 0x0000000085e00000, 0x0000000085e00000| Untracked 
|  95|0x0000000085f00000, 0x0000000085f00000, 0x0000000086000000|  0%| F|  |TAMS 0x0000000085f00000, 0x0000000085f00000| Untracked 
|  96|0x0000000086000000, 0x0000000086000000, 0x0000000086100000|  0%| F|  |TAMS 0x0000000086000000, 0x0000000086000000| Untracked 
|  97|0x0000000086100000, 0x0000000086100000, 0x0000000086200000|  0%| F|  |TAMS 0x0000000086100000, 0x0000000086100000| Untracked 
|  98|0x0000000086200000, 0x0000000086200000, 0x0000000086300000|  0%| F|  |TAMS 0x0000000086200000, 0x0000000086200000| Untracked 
|  99|0x0000000086300000, 0x0000000086300000, 0x0000000086400000|  0%| F|  |TAMS 0x0000000086300000, 0x0000000086300000| Untracked 
| 100|0x0000000086400000, 0x0000000086400000, 0x0000000086500000|  0%| F|  |TAMS 0x0000000086400000, 0x0000000086400000| Untracked 
| 101|0x0000000086500000, 0x0000000086500000, 0x0000000086600000|  0%| F|  |TAMS 0x0000000086500000, 0x0000000086500000| Untracked 
| 102|0x0000000086600000, 0x0000000086600000, 0x0000000086700000|  0%| F|  |TAMS 0x0000000086600000, 0x0000000086600000| Untracked 
| 103|0x0000000086700000, 0x0000000086700000, 0x0000000086800000|  0%| F|  |TAMS 0x0000000086700000, 0x0000000086700000| Untracked 
| 104|0x0000000086800000, 0x0000000086800000, 0x0000000086900000|  0%| F|  |TAMS 0x0000000086800000, 0x0000000086800000| Untracked 
| 105|0x0000000086900000, 0x0000000086900000, 0x0000000086a00000|  0%| F|  |TAMS 0x0000000086900000, 0x0000000086900000| Untracked 
| 106|0x0000000086a00000, 0x0000000086a00000, 0x0000000086b00000|  0%| F|  |TAMS 0x0000000086a00000, 0x0000000086a00000| Untracked 
| 107|0x0000000086b00000, 0x0000000086b00000, 0x0000000086c00000|  0%| F|  |TAMS 0x0000000086b00000, 0x0000000086b00000| Untracked 
| 108|0x0000000086c00000, 0x0000000086c00000, 0x0000000086d00000|  0%| F|  |TAMS 0x0000000086c00000, 0x0000000086c00000| Untracked 
| 109|0x0000000086d00000, 0x0000000086d00000, 0x0000000086e00000|  0%| F|  |TAMS 0x0000000086d00000, 0x0000000086d00000| Untracked 
| 110|0x0000000086e00000, 0x0000000086e00000, 0x0000000086f00000|  0%| F|  |TAMS 0x0000000086e00000, 0x0000000086e00000| Untracked 
| 111|0x0000000086f00000, 0x0000000086f00000, 0x0000000087000000|  0%| F|  |TAMS 0x0000000086f00000, 0x0000000086f00000| Untracked 
| 112|0x0000000087000000, 0x0000000087000000, 0x0000000087100000|  0%| F|  |TAMS 0x0000000087000000, 0x0000000087000000| Untracked 
| 113|0x0000000087100000, 0x000000008717f218, 0x0000000087200000| 49%| S|CS|TAMS 0x0000000087100000, 0x0000000087100000| Complete 
| 114|0x0000000087200000, 0x0000000087300000, 0x0000000087300000|100%| S|CS|TAMS 0x0000000087200000, 0x0000000087200000| Complete 
| 115|0x0000000087300000, 0x0000000087400000, 0x0000000087400000|100%| S|CS|TAMS 0x0000000087300000, 0x0000000087300000| Complete 
| 116|0x0000000087400000, 0x0000000087500000, 0x0000000087500000|100%| S|CS|TAMS 0x0000000087400000, 0x0000000087400000| Complete 
| 117|0x0000000087500000, 0x0000000087600000, 0x0000000087600000|100%| S|CS|TAMS 0x0000000087500000, 0x0000000087500000| Complete 
| 118|0x0000000087600000, 0x0000000087700000, 0x0000000087700000|100%| S|CS|TAMS 0x0000000087600000, 0x0000000087600000| Complete 
| 119|0x0000000087700000, 0x0000000087800000, 0x0000000087800000|100%| S|CS|TAMS 0x0000000087700000, 0x0000000087700000| Complete 
| 120|0x0000000087800000, 0x0000000087900000, 0x0000000087900000|100%| S|CS|TAMS 0x0000000087800000, 0x0000000087800000| Complete 
| 121|0x0000000087900000, 0x0000000087a00000, 0x0000000087a00000|100%| S|CS|TAMS 0x0000000087900000, 0x0000000087900000| Complete 
| 122|0x0000000087a00000, 0x0000000087b00000, 0x0000000087b00000|100%| S|CS|TAMS 0x0000000087a00000, 0x0000000087a00000| Complete 
| 123|0x0000000087b00000, 0x0000000087c00000, 0x0000000087c00000|100%| S|CS|TAMS 0x0000000087b00000, 0x0000000087b00000| Complete 
| 124|0x0000000087c00000, 0x0000000087c00000, 0x0000000087d00000|  0%| F|  |TAMS 0x0000000087c00000, 0x0000000087c00000| Untracked 
| 125|0x0000000087d00000, 0x0000000087d00000, 0x0000000087e00000|  0%| F|  |TAMS 0x0000000087d00000, 0x0000000087d00000| Untracked 
| 126|0x0000000087e00000, 0x0000000087e00000, 0x0000000087f00000|  0%| F|  |TAMS 0x0000000087e00000, 0x0000000087e00000| Untracked 
| 127|0x0000000087f00000, 0x0000000087f00000, 0x0000000088000000|  0%| F|  |TAMS 0x0000000087f00000, 0x0000000087f00000| Untracked 
| 128|0x0000000088000000, 0x0000000088000000, 0x0000000088100000|  0%| F|  |TAMS 0x0000000088000000, 0x0000000088000000| Untracked 
| 129|0x0000000088100000, 0x0000000088100000, 0x0000000088200000|  0%| F|  |TAMS 0x0000000088100000, 0x0000000088100000| Untracked 
| 130|0x0000000088200000, 0x0000000088200000, 0x0000000088300000|  0%| F|  |TAMS 0x0000000088200000, 0x0000000088200000| Untracked 
| 131|0x0000000088300000, 0x0000000088300000, 0x0000000088400000|  0%| F|  |TAMS 0x0000000088300000, 0x0000000088300000| Untracked 
| 132|0x0000000088400000, 0x0000000088400000, 0x0000000088500000|  0%| F|  |TAMS 0x0000000088400000, 0x0000000088400000| Untracked 
| 133|0x0000000088500000, 0x0000000088500000, 0x0000000088600000|  0%| F|  |TAMS 0x0000000088500000, 0x0000000088500000| Untracked 
| 134|0x0000000088600000, 0x0000000088600000, 0x0000000088700000|  0%| F|  |TAMS 0x0000000088600000, 0x0000000088600000| Untracked 
| 135|0x0000000088700000, 0x0000000088700000, 0x0000000088800000|  0%| F|  |TAMS 0x0000000088700000, 0x0000000088700000| Untracked 
| 136|0x0000000088800000, 0x0000000088800000, 0x0000000088900000|  0%| F|  |TAMS 0x0000000088800000, 0x0000000088800000| Untracked 
| 137|0x0000000088900000, 0x0000000088900000, 0x0000000088a00000|  0%| F|  |TAMS 0x0000000088900000, 0x0000000088900000| Untracked 
| 138|0x0000000088a00000, 0x0000000088a00000, 0x0000000088b00000|  0%| F|  |TAMS 0x0000000088a00000, 0x0000000088a00000| Untracked 
| 139|0x0000000088b00000, 0x0000000088b00000, 0x0000000088c00000|  0%| F|  |TAMS 0x0000000088b00000, 0x0000000088b00000| Untracked 
| 140|0x0000000088c00000, 0x0000000088c00000, 0x0000000088d00000|  0%| F|  |TAMS 0x0000000088c00000, 0x0000000088c00000| Untracked 
| 141|0x0000000088d00000, 0x0000000088d00000, 0x0000000088e00000|  0%| F|  |TAMS 0x0000000088d00000, 0x0000000088d00000| Untracked 
| 142|0x0000000088e00000, 0x0000000088e00000, 0x0000000088f00000|  0%| F|  |TAMS 0x0000000088e00000, 0x0000000088e00000| Untracked 
| 143|0x0000000088f00000, 0x0000000088f00000, 0x0000000089000000|  0%| F|  |TAMS 0x0000000088f00000, 0x0000000088f00000| Untracked 
| 144|0x0000000089000000, 0x0000000089000000, 0x0000000089100000|  0%| F|  |TAMS 0x0000000089000000, 0x0000000089000000| Untracked 
| 145|0x0000000089100000, 0x0000000089100000, 0x0000000089200000|  0%| F|  |TAMS 0x0000000089100000, 0x0000000089100000| Untracked 
| 146|0x0000000089200000, 0x0000000089200000, 0x0000000089300000|  0%| F|  |TAMS 0x0000000089200000, 0x0000000089200000| Untracked 
| 147|0x0000000089300000, 0x0000000089300000, 0x0000000089400000|  0%| F|  |TAMS 0x0000000089300000, 0x0000000089300000| Untracked 
| 148|0x0000000089400000, 0x0000000089400000, 0x0000000089500000|  0%| F|  |TAMS 0x0000000089400000, 0x0000000089400000| Untracked 
| 149|0x0000000089500000, 0x0000000089500000, 0x0000000089600000|  0%| F|  |TAMS 0x0000000089500000, 0x0000000089500000| Untracked 
| 150|0x0000000089600000, 0x0000000089600000, 0x0000000089700000|  0%| F|  |TAMS 0x0000000089600000, 0x0000000089600000| Untracked 
| 151|0x0000000089700000, 0x0000000089700000, 0x0000000089800000|  0%| F|  |TAMS 0x0000000089700000, 0x0000000089700000| Untracked 
| 152|0x0000000089800000, 0x0000000089800000, 0x0000000089900000|  0%| F|  |TAMS 0x0000000089800000, 0x0000000089800000| Untracked 
| 153|0x0000000089900000, 0x0000000089900000, 0x0000000089a00000|  0%| F|  |TAMS 0x0000000089900000, 0x0000000089900000| Untracked 
| 154|0x0000000089a00000, 0x0000000089a00000, 0x0000000089b00000|  0%| F|  |TAMS 0x0000000089a00000, 0x0000000089a00000| Untracked 
| 155|0x0000000089b00000, 0x0000000089b00000, 0x0000000089c00000|  0%| F|  |TAMS 0x0000000089b00000, 0x0000000089b00000| Untracked 
| 156|0x0000000089c00000, 0x0000000089c00000, 0x0000000089d00000|  0%| F|  |TAMS 0x0000000089c00000, 0x0000000089c00000| Untracked 
| 157|0x0000000089d00000, 0x0000000089e00000, 0x0000000089e00000|100%| E|  |TAMS 0x0000000089d00000, 0x0000000089d00000| Complete 
| 158|0x0000000089e00000, 0x0000000089f00000, 0x0000000089f00000|100%| E|CS|TAMS 0x0000000089e00000, 0x0000000089e00000| Complete 
| 159|0x0000000089f00000, 0x000000008a000000, 0x000000008a000000|100%| E|CS|TAMS 0x0000000089f00000, 0x0000000089f00000| Complete 
| 160|0x000000008a000000, 0x000000008a100000, 0x000000008a100000|100%| E|CS|TAMS 0x000000008a000000, 0x000000008a000000| Complete 
| 161|0x000000008a100000, 0x000000008a200000, 0x000000008a200000|100%| E|CS|TAMS 0x000000008a100000, 0x000000008a100000| Complete 
| 162|0x000000008a200000, 0x000000008a300000, 0x000000008a300000|100%| E|CS|TAMS 0x000000008a200000, 0x000000008a200000| Complete 
| 163|0x000000008a300000, 0x000000008a400000, 0x000000008a400000|100%| E|CS|TAMS 0x000000008a300000, 0x000000008a300000| Complete 
| 164|0x000000008a400000, 0x000000008a500000, 0x000000008a500000|100%| E|CS|TAMS 0x000000008a400000, 0x000000008a400000| Complete 
| 165|0x000000008a500000, 0x000000008a600000, 0x000000008a600000|100%| E|CS|TAMS 0x000000008a500000, 0x000000008a500000| Complete 
| 166|0x000000008a600000, 0x000000008a700000, 0x000000008a700000|100%| E|CS|TAMS 0x000000008a600000, 0x000000008a600000| Complete 
| 167|0x000000008a700000, 0x000000008a800000, 0x000000008a800000|100%| E|CS|TAMS 0x000000008a700000, 0x000000008a700000| Complete 
| 168|0x000000008a800000, 0x000000008a900000, 0x000000008a900000|100%| E|CS|TAMS 0x000000008a800000, 0x000000008a800000| Complete 
| 169|0x000000008a900000, 0x000000008aa00000, 0x000000008aa00000|100%| E|CS|TAMS 0x000000008a900000, 0x000000008a900000| Complete 
| 170|0x000000008aa00000, 0x000000008ab00000, 0x000000008ab00000|100%| E|CS|TAMS 0x000000008aa00000, 0x000000008aa00000| Complete 
| 171|0x000000008ab00000, 0x000000008ac00000, 0x000000008ac00000|100%| E|CS|TAMS 0x000000008ab00000, 0x000000008ab00000| Complete 
| 172|0x000000008ac00000, 0x000000008ad00000, 0x000000008ad00000|100%| E|CS|TAMS 0x000000008ac00000, 0x000000008ac00000| Complete 
| 173|0x000000008ad00000, 0x000000008ae00000, 0x000000008ae00000|100%| E|CS|TAMS 0x000000008ad00000, 0x000000008ad00000| Complete 
| 174|0x000000008ae00000, 0x000000008af00000, 0x000000008af00000|100%| E|CS|TAMS 0x000000008ae00000, 0x000000008ae00000| Complete 
| 175|0x000000008af00000, 0x000000008b000000, 0x000000008b000000|100%| E|CS|TAMS 0x000000008af00000, 0x000000008af00000| Complete 
| 176|0x000000008b000000, 0x000000008b100000, 0x000000008b100000|100%| E|CS|TAMS 0x000000008b000000, 0x000000008b000000| Complete 
| 177|0x000000008b100000, 0x000000008b200000, 0x000000008b200000|100%| E|CS|TAMS 0x000000008b100000, 0x000000008b100000| Complete 
| 178|0x000000008b200000, 0x000000008b300000, 0x000000008b300000|100%| E|CS|TAMS 0x000000008b200000, 0x000000008b200000| Complete 
| 179|0x000000008b300000, 0x000000008b400000, 0x000000008b400000|100%| E|CS|TAMS 0x000000008b300000, 0x000000008b300000| Complete 
| 180|0x000000008b400000, 0x000000008b500000, 0x000000008b500000|100%| E|CS|TAMS 0x000000008b400000, 0x000000008b400000| Complete 
| 181|0x000000008b500000, 0x000000008b600000, 0x000000008b600000|100%| E|CS|TAMS 0x000000008b500000, 0x000000008b500000| Complete 
| 182|0x000000008b600000, 0x000000008b700000, 0x000000008b700000|100%| E|CS|TAMS 0x000000008b600000, 0x000000008b600000| Complete 
| 183|0x000000008b700000, 0x000000008b800000, 0x000000008b800000|100%| E|CS|TAMS 0x000000008b700000, 0x000000008b700000| Complete 
| 184|0x000000008b800000, 0x000000008b900000, 0x000000008b900000|100%| E|CS|TAMS 0x000000008b800000, 0x000000008b800000| Complete 
| 185|0x000000008b900000, 0x000000008ba00000, 0x000000008ba00000|100%| E|CS|TAMS 0x000000008b900000, 0x000000008b900000| Complete 
| 186|0x000000008ba00000, 0x000000008bb00000, 0x000000008bb00000|100%| E|CS|TAMS 0x000000008ba00000, 0x000000008ba00000| Complete 
| 187|0x000000008bb00000, 0x000000008bc00000, 0x000000008bc00000|100%| E|CS|TAMS 0x000000008bb00000, 0x000000008bb00000| Complete 
| 188|0x000000008bc00000, 0x000000008bd00000, 0x000000008bd00000|100%| E|CS|TAMS 0x000000008bc00000, 0x000000008bc00000| Complete 
| 189|0x000000008bd00000, 0x000000008be00000, 0x000000008be00000|100%| E|CS|TAMS 0x000000008bd00000, 0x000000008bd00000| Complete 
| 190|0x000000008be00000, 0x000000008bf00000, 0x000000008bf00000|100%| E|CS|TAMS 0x000000008be00000, 0x000000008be00000| Complete 
| 191|0x000000008bf00000, 0x000000008c000000, 0x000000008c000000|100%| E|CS|TAMS 0x000000008bf00000, 0x000000008bf00000| Complete 
| 192|0x000000008c000000, 0x000000008c100000, 0x000000008c100000|100%| E|CS|TAMS 0x000000008c000000, 0x000000008c000000| Complete 
| 193|0x000000008c100000, 0x000000008c200000, 0x000000008c200000|100%| E|CS|TAMS 0x000000008c100000, 0x000000008c100000| Complete 
| 194|0x000000008c200000, 0x000000008c300000, 0x000000008c300000|100%| E|CS|TAMS 0x000000008c200000, 0x000000008c200000| Complete 
| 195|0x000000008c300000, 0x000000008c400000, 0x000000008c400000|100%| E|CS|TAMS 0x000000008c300000, 0x000000008c300000| Complete 
| 196|0x000000008c400000, 0x000000008c500000, 0x000000008c500000|100%| E|CS|TAMS 0x000000008c400000, 0x000000008c400000| Complete 
| 197|0x000000008c500000, 0x000000008c600000, 0x000000008c600000|100%| E|CS|TAMS 0x000000008c500000, 0x000000008c500000| Complete 
| 198|0x000000008c600000, 0x000000008c700000, 0x000000008c700000|100%| E|CS|TAMS 0x000000008c600000, 0x000000008c600000| Complete 
| 199|0x000000008c700000, 0x000000008c800000, 0x000000008c800000|100%| E|CS|TAMS 0x000000008c700000, 0x000000008c700000| Complete 
| 200|0x000000008c800000, 0x000000008c900000, 0x000000008c900000|100%| E|CS|TAMS 0x000000008c800000, 0x000000008c800000| Complete 
| 201|0x000000008c900000, 0x000000008ca00000, 0x000000008ca00000|100%| E|CS|TAMS 0x000000008c900000, 0x000000008c900000| Complete 
| 202|0x000000008ca00000, 0x000000008cb00000, 0x000000008cb00000|100%| E|CS|TAMS 0x000000008ca00000, 0x000000008ca00000| Complete 
| 203|0x000000008cb00000, 0x000000008cc00000, 0x000000008cc00000|100%| E|CS|TAMS 0x000000008cb00000, 0x000000008cb00000| Complete 
| 204|0x000000008cc00000, 0x000000008cd00000, 0x000000008cd00000|100%| E|CS|TAMS 0x000000008cc00000, 0x000000008cc00000| Complete 
| 205|0x000000008cd00000, 0x000000008ce00000, 0x000000008ce00000|100%| E|CS|TAMS 0x000000008cd00000, 0x000000008cd00000| Complete 
| 206|0x000000008ce00000, 0x000000008cf00000, 0x000000008cf00000|100%| E|CS|TAMS 0x000000008ce00000, 0x000000008ce00000| Complete 
| 207|0x000000008cf00000, 0x000000008d000000, 0x000000008d000000|100%| E|CS|TAMS 0x000000008cf00000, 0x000000008cf00000| Complete 
| 208|0x000000008d000000, 0x000000008d100000, 0x000000008d100000|100%| E|CS|TAMS 0x000000008d000000, 0x000000008d000000| Complete 
| 209|0x000000008d100000, 0x000000008d200000, 0x000000008d200000|100%| E|CS|TAMS 0x000000008d100000, 0x000000008d100000| Complete 
| 210|0x000000008d200000, 0x000000008d300000, 0x000000008d300000|100%| E|CS|TAMS 0x000000008d200000, 0x000000008d200000| Complete 
| 211|0x000000008d300000, 0x000000008d400000, 0x000000008d400000|100%| E|CS|TAMS 0x000000008d300000, 0x000000008d300000| Complete 
| 212|0x000000008d400000, 0x000000008d500000, 0x000000008d500000|100%| E|CS|TAMS 0x000000008d400000, 0x000000008d400000| Complete 

Card table byte_map: [0x00000280a39b0000,0x00000280a3db0000] _byte_map_base: 0x00000280a35b0000

Marking Bits (Prev, Next): (CMBitMap*) 0x000002808d3405a8, (CMBitMap*) 0x000002808d3405e0
 Prev Bits: [0x00000280a41b0000, 0x00000280a61b0000)
 Next Bits: [0x00000280a61b0000, 0x00000280a81b0000)

Polling page: 0x000002808b140000

Metaspace:

Usage:
  Non-class:     42.18 MB capacity,    41.13 MB ( 98%) used,   868.52 KB (  2%) free+waste,   202.56 KB ( <1%) overhead. 
      Class:      6.87 MB capacity,     6.17 MB ( 90%) used,   614.93 KB (  9%) free+waste,   105.00 KB (  1%) overhead. 
       Both:     49.05 MB capacity,    47.30 MB ( 96%) used,     1.45 MB (  3%) free+waste,   307.56 KB ( <1%) overhead. 

Virtual space:
  Non-class space:       44.00 MB reserved,      42.42 MB ( 96%) committed 
      Class space:        1.00 GB reserved,       6.88 MB ( <1%) committed 
             Both:        1.04 GB reserved,      49.30 MB (  5%) committed 

Chunk freelists:
   Non-Class:  0 bytes
       Class:  640 bytes
        Both:  640 bytes

CodeHeap 'non-profiled nmethods': size=239488Kb used=9195Kb max_used=9195Kb free=230293Kb
 bounds [0x0000028094fd0000, 0x00000280958d0000, 0x00000280a39b0000]
CodeHeap 'non-nmethods': size=6272Kb used=1202Kb max_used=1202Kb free=5069Kb
 bounds [0x00000280949b0000, 0x0000028094c20000, 0x0000028094fd0000]
 total_blobs=6277 nmethods=5734 adapters=469
 compilation: enabled
              stopped_count=0, restarted_count=0
 full_count=0

Compilation events (10 events):
Event: 150.972 Thread 0x00000280aa5b1800 nmethod 5729 0x00000280958bdf10 code [0x00000280958be0a0, 0x00000280958be188]
Event: 150.972 Thread 0x00000280aa5b1800 5728       1       org.springframework.cglib.core.TypeUtils::ICONST (63 bytes)
Event: 150.972 Thread 0x00000280aa5b1800 nmethod 5728 0x00000280958be210 code [0x00000280958be3a0, 0x00000280958be518]
Event: 150.972 Thread 0x00000280aa5b1800 5730       1       org.springframework.cglib.core.CodeEmitter::visitMaxs (23 bytes)
Event: 150.972 Thread 0x00000280aa5b1800 nmethod 5730 0x00000280958be590 code [0x00000280958be720, 0x00000280958be848]
Event: 150.972 Thread 0x00000280aa5b1800 5731       1       org.springframework.cglib.core.ClassEmitter::begin_method (186 bytes)
Event: 150.973 Thread 0x00000280aa5b1800 nmethod 5731 0x00000280958be910 code [0x00000280958bebc0, 0x00000280958bf628]
Event: 150.977 Thread 0x00000280aa5b1800 5732       1       org.springframework.beans.support.ResourceEditorRegistrar::doRegisterEditor (28 bytes)
Event: 150.978 Thread 0x00000280aa5b1800 nmethod 5732 0x00000280958bfb90 code [0x00000280958bfd40, 0x00000280958bffb8]
Event: 150.978 Thread 0x00000280aa5b1800 5733   !   1       org.springframework.beans.factory.support.ConstructorResolver::instantiateUsingFactoryMethod (1574 bytes)

GC Heap History (10 events):
Event: 3.623 GC heap before
{Heap before GC invocations=8 (full 0):
 garbage-first heap   total 157696K, used 74251K [0x0000000080000000, 0x0000000100000000)
  region size 1024K, 67 young (68608K), 6 survivors (6144K)
 Metaspace       used 28598K, capacity 29381K, committed 29744K, reserved 1075200K
  class space    used 3542K, capacity 3858K, committed 3968K, reserved 1048576K
}
Event: 3.647 GC heap after
{Heap after GC invocations=9 (full 0):
 garbage-first heap   total 157696K, used 14479K [0x0000000080000000, 0x0000000100000000)
  region size 1024K, 7 young (7168K), 7 survivors (7168K)
 Metaspace       used 28598K, capacity 29381K, committed 29744K, reserved 1075200K
  class space    used 3542K, capacity 3858K, committed 3968K, reserved 1048576K
}
Event: 5.134 GC heap before
{Heap before GC invocations=9 (full 0):
 garbage-first heap   total 157696K, used 101519K [0x0000000080000000, 0x0000000100000000)
  region size 1024K, 87 young (89088K), 7 survivors (7168K)
 Metaspace       used 34581K, capacity 35792K, committed 35888K, reserved 1081344K
  class space    used 4384K, capacity 4897K, committed 4992K, reserved 1048576K
}
Event: 5.174 GC heap after
{Heap after GC invocations=10 (full 0):
 garbage-first heap   total 218112K, used 20093K [0x0000000080000000, 0x0000000100000000)
  region size 1024K, 11 young (11264K), 11 survivors (11264K)
 Metaspace       used 34581K, capacity 35792K, committed 35888K, reserved 1081344K
  class space    used 4384K, capacity 4897K, committed 4992K, reserved 1048576K
}
Event: 5.175 GC heap before
{Heap before GC invocations=10 (full 0):
 garbage-first heap   total 218112K, used 20093K [0x0000000080000000, 0x0000000100000000)
  region size 1024K, 12 young (12288K), 11 survivors (11264K)
 Metaspace       used 34585K, capacity 35792K, committed 35888K, reserved 1081344K
  class space    used 4385K, capacity 4897K, committed 4992K, reserved 1048576K
}
Event: 5.204 GC heap after
{Heap after GC invocations=11 (full 0):
 garbage-first heap   total 218112K, used 20350K [0x0000000080000000, 0x0000000100000000)
  region size 1024K, 6 young (6144K), 6 survivors (6144K)
 Metaspace       used 34585K, capacity 35792K, committed 35888K, reserved 1081344K
  class space    used 4385K, capacity 4897K, committed 4992K, reserved 1048576K
}
Event: 6.077 GC heap before
{Heap before GC invocations=12 (full 0):
 garbage-first heap   total 218112K, used 92030K [0x0000000080000000, 0x0000000100000000)
  region size 1024K, 76 young (77824K), 6 survivors (6144K)
 Metaspace       used 37950K, capacity 39395K, committed 39472K, reserved 1083392K
  class space    used 4905K, capacity 5495K, committed 5504K, reserved 1048576K
}
Event: 6.137 GC heap after
{Heap after GC invocations=13 (full 0):
 garbage-first heap   total 218112K, used 25002K [0x0000000080000000, 0x0000000100000000)
  region size 1024K, 5 young (5120K), 5 survivors (5120K)
 Metaspace       used 37950K, capacity 39395K, committed 39472K, reserved 1083392K
  class space    used 4905K, capacity 5495K, committed 5504K, reserved 1048576K
}
Event: 7.628 GC heap before
{Heap before GC invocations=13 (full 0):
 garbage-first heap   total 218112K, used 111018K [0x0000000080000000, 0x0000000100000000)
  region size 1024K, 89 young (91136K), 5 survivors (5120K)
 Metaspace       used 40445K, capacity 42097K, committed 42288K, reserved 1085440K
  class space    used 5322K, capacity 6011K, committed 6016K, reserved 1048576K
}
Event: 7.658 GC heap after
{Heap after GC invocations=14 (full 0):
 garbage-first heap   total 218112K, used 30631K [0x0000000080000000, 0x0000000100000000)
  region size 1024K, 11 young (11264K), 11 survivors (11264K)
 Metaspace       used 40445K, capacity 42097K, committed 42288K, reserved 1085440K
  class space    used 5322K, capacity 6011K, committed 6016K, reserved 1048576K
}

Deoptimization events (0 events):
No events

Classes redefined (0 events):
No events

Internal exceptions (10 events):
Event: 8.338 Thread 0x000002808d303800 Exception <a 'java/lang/ClassNotFoundException'{0x000000008b56d028}: com/netflix/discovery/DiscoveryClientCustomizer> (0x000000008b56d028) thrown at [./open/src/hotspot/share/classfile/systemDictionary.cpp, line 226]
Event: 8.339 Thread 0x000002808d303800 Exception <a 'java/lang/ClassNotFoundException'{0x000000008b596158}: org/springframework/cloud/netflix/eureka/CloudEurekaClientCustomizer> (0x000000008b596158) thrown at [./open/src/hotspot/share/classfile/systemDictionary.cpp, line 226]
Event: 8.340 Thread 0x000002808d303800 Exception <a 'java/lang/ClassNotFoundException'{0x000000008b5b8618}: com/netflix/discovery/EurekaClientCustomizer> (0x000000008b5b8618) thrown at [./open/src/hotspot/share/classfile/systemDictionary.cpp, line 226]
Event: 8.341 Thread 0x000002808d303800 Exception <a 'java/lang/ClassNotFoundException'{0x000000008b5d7360}: com/netflix/discovery/shared/LookupServiceCustomizer> (0x000000008b5d7360) thrown at [./open/src/hotspot/share/classfile/systemDictionary.cpp, line 226]
Event: 38.358 Thread 0x00000280ad3fd800 Exception <a 'java/net/SocketTimeoutException'{0x000000008a90a620}: Read timed out> (0x000000008a90a620) thrown at [./open/src/hotspot/share/prims/jni.cpp, line 632]
Event: 68.401 Thread 0x00000280ad3fd800 Exception <a 'java/net/SocketTimeoutException'{0x000000008a9549e8}: Read timed out> (0x000000008a9549e8) thrown at [./open/src/hotspot/share/prims/jni.cpp, line 632]
Event: 81.521 Thread 0x00000280ad400000 Exception <a 'java/net/SocketTimeoutException'{0x000000008a878700}: Read timed out> (0x000000008a878700) thrown at [./open/src/hotspot/share/prims/jni.cpp, line 632]
Event: 98.427 Thread 0x00000280ad3fd800 Exception <a 'java/net/SocketTimeoutException'{0x000000008a960008}: Read timed out> (0x000000008a960008) thrown at [./open/src/hotspot/share/prims/jni.cpp, line 632]
Event: 128.476 Thread 0x00000280ad3fd800 Exception <a 'java/net/SocketTimeoutException'{0x000000008a968de8}: Read timed out> (0x000000008a968de8) thrown at [./open/src/hotspot/share/prims/jni.cpp, line 632]
Event: 150.910 Thread 0x00000280ad33b000 Exception <a 'java/lang/NoSuchMethodError'{0x000000008a1d88d8}: java.lang.invoke.DirectMethodHandle$Holder.invokeSpecial(Ljava/lang/Object;Ljava/lang/Object;Ljava/lang/Object;Ljava/lang/Object;Ljava/lang/Object;Ljava/lang/Object;Ljava/lang/Object;)V> (0x0

Events (10 events):
Event: 150.981 loading class org/springframework/cloud/loadbalancer/core/DiscoveryClientServiceInstanceListSupplier
Event: 150.981 loading class org/springframework/cloud/loadbalancer/core/DiscoveryClientServiceInstanceListSupplier done
Event: 150.982 loading class org/springframework/cloud/client/discovery/DiscoveryClient
Event: 150.982 loading class org/springframework/cloud/client/discovery/DiscoveryClient done
Event: 150.982 loading class org/reactivestreams/Publisher
Event: 150.982 loading class org/reactivestreams/Publisher done
Event: 150.982 loading class org/springframework/cloud/loadbalancer/core/DiscoveryClientServiceInstanceListSupplier
Event: 150.982 loading class org/springframework/cloud/loadbalancer/core/DiscoveryClientServiceInstanceListSupplier done
Event: 150.982 loading class reactor/core/publisher/FluxDefer
Event: 150.982 loading class reactor/core/publisher/FluxDefer done


Dynamic libraries:
0x00007ff74d420000 - 0x00007ff74d42f000 	C:\Program Files\Java\jdk-11.0.16\bin\java.exe
0x00007ffa5ea10000 - 0x00007ffa5ec08000 	C:\Windows\SYSTEM32\ntdll.dll
0x00007ffa5e690000 - 0x00007ffa5e74d000 	C:\Windows\System32\KERNEL32.DLL
0x00007ffa5c580000 - 0x00007ffa5c852000 	C:\Windows\System32\KERNELBASE.dll
0x00007ffa5c860000 - 0x00007ffa5c960000 	C:\Windows\System32\ucrtbase.dll
0x00007ffa3fad0000 - 0x00007ffa3fae8000 	C:\Program Files\Java\jdk-11.0.16\bin\jli.dll
0x00007ffa5e040000 - 0x00007ffa5e0ee000 	C:\Windows\System32\ADVAPI32.dll
0x00007ffa5e930000 - 0x00007ffa5e9ce000 	C:\Windows\System32\msvcrt.dll
0x00007ffa5dd80000 - 0x00007ffa5de1c000 	C:\Windows\System32\sechost.dll
0x00007ffa5df10000 - 0x00007ffa5e035000 	C:\Windows\System32\RPCRT4.dll
0x00007ffa5e240000 - 0x00007ffa5e3dd000 	C:\Windows\System32\USER32.dll
0x00007ffa5c440000 - 0x00007ffa5c462000 	C:\Windows\System32\win32u.dll
0x00007ffa5e3f0000 - 0x00007ffa5e41b000 	C:\Windows\System32\GDI32.dll
0x00007ffa5c470000 - 0x00007ffa5c57f000 	C:\Windows\System32\gdi32full.dll
0x00007ffa5c960000 - 0x00007ffa5c9fd000 	C:\Windows\System32\msvcp_win.dll
0x00007ffa475e0000 - 0x00007ffa475f5000 	C:\Program Files\Java\jdk-11.0.16\bin\VCRUNTIME140.dll
0x00007ffa454c0000 - 0x00007ffa4575a000 	C:\Windows\WinSxS\amd64_microsoft.windows.common-controls_6595b64144ccf1df_6.0.19041.1110_none_60b5254171f9507e\COMCTL32.dll
0x00007ffa542d0000 - 0x00007ffa542da000 	C:\Windows\SYSTEM32\VERSION.dll
0x00007ffa5ca70000 - 0x00007ffa5caa0000 	C:\Windows\System32\IMM32.DLL
0x00007ffa3dad0000 - 0x00007ffa3db6b000 	C:\Program Files\Java\jdk-11.0.16\bin\msvcp140.dll
0x00007ff9fd690000 - 0x00007ff9fe1a8000 	C:\Program Files\Java\jdk-11.0.16\bin\server\jvm.dll
0x00007ffa5e3e0000 - 0x00007ffa5e3e8000 	C:\Windows\System32\PSAPI.DLL
0x00007ffa57900000 - 0x00007ffa57909000 	C:\Windows\SYSTEM32\WSOCK32.dll
0x00007ffa5de20000 - 0x00007ffa5de8b000 	C:\Windows\System32\WS2_32.dll
0x00007ffa3d750000 - 0x00007ffa3d777000 	C:\Windows\SYSTEM32\WINMM.dll
0x00007ffa59fc0000 - 0x00007ffa59fd2000 	C:\Windows\SYSTEM32\kernel.appcore.dll
0x00007ffa3f6b0000 - 0x00007ffa3f6c0000 	C:\Program Files\Java\jdk-11.0.16\bin\verify.dll
0x00007ffa4acc0000 - 0x00007ffa4aea4000 	C:\Windows\SYSTEM32\DBGHELP.DLL
0x00007ffa4f070000 - 0x00007ffa4f09c000 	C:\Windows\SYSTEM32\dbgcore.DLL
0x00007ffa5c250000 - 0x00007ffa5c2d2000 	C:\Windows\System32\bcryptPrimitives.dll
0x00007ffa3f680000 - 0x00007ffa3f6a8000 	C:\Program Files\Java\jdk-11.0.16\bin\java.dll
0x00007ffa3f670000 - 0x00007ffa3f67a000 	C:\Program Files\Java\jdk-11.0.16\bin\jimage.dll
0x00007ffa3f580000 - 0x00007ffa3f596000 	C:\Program Files\Java\jdk-11.0.16\bin\zip.dll
0x00007ffa5d080000 - 0x00007ffa5d7c3000 	C:\Windows\System32\SHELL32.dll
0x00007ffa5a1c0000 - 0x00007ffa5a951000 	C:\Windows\SYSTEM32\windows.storage.dll
0x00007ffa5ccc0000 - 0x00007ffa5d014000 	C:\Windows\System32\combase.dll
0x00007ffa5b9c0000 - 0x00007ffa5b9f0000 	C:\Windows\SYSTEM32\Wldp.dll
0x00007ffa5d7d0000 - 0x00007ffa5d87d000 	C:\Windows\System32\SHCORE.dll
0x00007ffa5e420000 - 0x00007ffa5e475000 	C:\Windows\System32\shlwapi.dll
0x00007ffa5c060000 - 0x00007ffa5c07f000 	C:\Windows\SYSTEM32\profapi.dll
0x00007ffa3dab0000 - 0x00007ffa3dac9000 	C:\Program Files\Java\jdk-11.0.16\bin\net.dll
0x00007ffa53b80000 - 0x00007ffa53c8d000 	C:\Windows\SYSTEM32\WINHTTP.dll
0x00007ffa5b7a0000 - 0x00007ffa5b80a000 	C:\Windows\system32\mswsock.dll
0x00007ffa3da90000 - 0x00007ffa3daa2000 	C:\Program Files\Java\jdk-11.0.16\bin\nio.dll
0x00007ffa5b4b0000 - 0x00007ffa5b4eb000 	C:\Windows\SYSTEM32\IPHLPAPI.DLL
0x00007ffa5caa0000 - 0x00007ffa5caa8000 	C:\Windows\System32\NSI.dll
0x00007ffa55940000 - 0x00007ffa55957000 	C:\Windows\SYSTEM32\dhcpcsvc6.DLL
0x00007ffa55790000 - 0x00007ffa557ad000 	C:\Windows\SYSTEM32\dhcpcsvc.DLL
0x00007ffa5b4f0000 - 0x00007ffa5b5ba000 	C:\Windows\SYSTEM32\DNSAPI.dll
0x00007ffa53b60000 - 0x00007ffa53b6a000 	C:\Windows\System32\rasadhlp.dll
0x00007ffa53f80000 - 0x00007ffa54000000 	C:\Windows\System32\fwpuclnt.dll
0x00007ffa5c220000 - 0x00007ffa5c247000 	C:\Windows\System32\bcrypt.dll
0x00007ffa3f570000 - 0x00007ffa3f579000 	C:\Program Files\Java\jdk-11.0.16\bin\management.dll
0x00007ffa3da60000 - 0x00007ffa3da6b000 	C:\Program Files\Java\jdk-11.0.16\bin\management_ext.dll
0x00007ffa443b0000 - 0x00007ffa443c7000 	C:\Windows\system32\napinsp.dll
0x00007ffa44390000 - 0x00007ffa443ab000 	C:\Windows\system32\pnrpnsp.dll
0x00007ffa44370000 - 0x00007ffa44385000 	C:\Windows\system32\wshbth.dll
0x00007ffa57aa0000 - 0x00007ffa57abd000 	C:\Windows\system32\NLAapi.dll
0x00007ffa44350000 - 0x00007ffa44362000 	C:\Windows\System32\winrnr.dll
0x00007ffa5ba00000 - 0x00007ffa5ba18000 	C:\Windows\SYSTEM32\CRYPTSP.dll
0x00007ffa5b0e0000 - 0x00007ffa5b114000 	C:\Windows\system32\rsaenh.dll
0x00007ffa5c020000 - 0x00007ffa5c04e000 	C:\Windows\SYSTEM32\USERENV.dll
0x00007ffa5b930000 - 0x00007ffa5b93c000 	C:\Windows\SYSTEM32\CRYPTBASE.dll
0x00007ffa3da50000 - 0x00007ffa3da5d000 	C:\Program Files\Java\jdk-11.0.16\bin\sunmscapi.dll
0x00007ffa5c2e0000 - 0x00007ffa5c436000 	C:\Windows\System32\CRYPT32.dll
0x00007ffa5bb10000 - 0x00007ffa5bb37000 	C:\Windows\SYSTEM32\ncrypt.dll
0x00007ffa5bad0000 - 0x00007ffa5bb0b000 	C:\Windows\SYSTEM32\NTASN1.dll
0x00007ffa3da20000 - 0x00007ffa3da45000 	C:\Program Files\Java\jdk-11.0.16\bin\sunec.dll

dbghelp: loaded successfully - version: 4.0.5 - missing functions: none
symbol engine: initialized successfully - sym options: 0x614 - pdb path: .;C:\Program Files\Java\jdk-11.0.16\bin;C:\Windows\SYSTEM32;C:\Windows\WinSxS\amd64_microsoft.windows.common-controls_6595b64144ccf1df_6.0.19041.1110_none_60b5254171f9507e;C:\Program Files\Java\jdk-11.0.16\bin\server

VM Arguments:
jvm_args: -Xverify:none -XX:TieredStopAtLevel=1 
java_command: com.eureka.app.gateway.GatwayApplication
java_class_path (initial): C:\Users\sfjbs\Downloads\training\Sagar\Day11\eureka-app\gatway-service\target\classes;C:\Users\sfjbs\.m2\repository\org\springframework\boot\spring-boot\2.7.0\spring-boot-2.7.0.jar;C:\Users\sfjbs\.m2\repository\org\springframework\boot\spring-boot-autoconfigure\2.7.0\spring-boot-autoconfigure-2.7.0.jar;C:\Users\sfjbs\.m2\repository\ch\qos\logback\logback-classic\1.2.11\logback-classic-1.2.11.jar;C:\Users\sfjbs\.m2\repository\ch\qos\logback\logback-core\1.2.11\logback-core-1.2.11.jar;C:\Users\sfjbs\.m2\repository\org\apache\logging\log4j\log4j-to-slf4j\2.17.2\log4j-to-slf4j-2.17.2.jar;C:\Users\sfjbs\.m2\repository\org\apache\logging\log4j\log4j-api\2.17.2\log4j-api-2.17.2.jar;C:\Users\sfjbs\.m2\repository\org\slf4j\jul-to-slf4j\1.7.36\jul-to-slf4j-1.7.36.jar;C:\Users\sfjbs\.m2\repository\jakarta\annotation\jakarta.annotation-api\1.3.5\jakarta.annotation-api-1.3.5.jar;C:\Users\sfjbs\.m2\repository\org\yaml\snakeyaml\1.30\snakeyaml-1.30.jar;C:\Users\sfjbs\.m2\repository\org\springframework\boot\spring-boot-actuator-autoconfigure\2.7.0\spring-boot-actuator-autoconfigure-2.7.0.jar;C:\Users\sfjbs\.m2\repository\org\springframework\boot\spring-boot-actuator\2.7.0\spring-boot-actuator-2.7.0.jar;C:\Users\sfjbs\.m2\repository\com\fasterxml\jackson\core\jackson-databind\2.13.3\jackson-databind-2.13.3.jar;C:\Users\sfjbs\.m2\repository\com\fasterxml\jackson\datatype\jackson-datatype-jsr310\2.13.3\jackson-datatype-jsr310-2.13.3.jar;C:\Users\sfjbs\.m2\repository\io\micrometer\micrometer-core\1.9.0\micrometer-core-1.9.0.jar;C:\Users\sfjbs\.m2\repository\org\hdrhistogram\HdrHistogram\2.1.12\HdrHistogram-2.1.12.jar;C:\Users\sfjbs\.m2\repository\org\latencyutils\LatencyUtils\2.0.3\LatencyUtils-2.0.3.jar;C:\Users\sfjbs\.m2\repository\org\springframework\data\spring-data-rest-webmvc\3.7.0\spring-data-rest-webmvc-3.7.0.jar;C:\Users\sfjbs\.m2\repository\org\springframework\data\spring-data-rest-core\3.7.0\spring-data-rest-core-3.7.0.jar;C:\Users\sfjbs\.m2\rep
Launcher Type: SUN_STANDARD

[Global flags]
     bool BytecodeVerificationLocal                = false                                     {product} {command line}
     bool BytecodeVerificationRemote               = false                                     {product} {command line}
     intx CICompilerCount                          = 2                                         {product} {ergonomic}
     uint ConcGCThreads                            = 1                                         {product} {ergonomic}
     uint G1ConcRefinementThreads                  = 2                                         {product} {ergonomic}
   size_t G1HeapRegionSize                         = 1048576                                   {product} {ergonomic}
    uintx GCDrainStackTargetSize                   = 64                                        {product} {ergonomic}
   size_t InitialHeapSize                          = 134217728                                 {product} {ergonomic}
   size_t MarkStackSize                            = 4194304                                   {product} {ergonomic}
   size_t MaxHeapSize                              = 2147483648                                {product} {ergonomic}
   size_t MaxNewSize                               = 1287651328                                {product} {ergonomic}
   size_t MinHeapDeltaBytes                        = 1048576                                   {product} {ergonomic}
    uintx NonNMethodCodeHeapSize                   = 6396312                                {pd product} {ergonomic}
    uintx NonProfiledCodeHeapSize                  = 245261928                              {pd product} {ergonomic}
    uintx ProfiledCodeHeapSize                     = 0                                      {pd product} {ergonomic}
    uintx ReservedCodeCacheSize                    = 251658240                              {pd product} {ergonomic}
     bool SegmentedCodeCache                       = true                                      {product} {ergonomic}
     intx TieredStopAtLevel                        = 1                                         {product} {command line}
     bool UseCompressedClassPointers               = true                                 {lp64_product} {ergonomic}
     bool UseCompressedOops                        = true                                 {lp64_product} {ergonomic}
     bool UseG1GC                                  = true                                      {product} {ergonomic}
     bool UseLargePagesIndividualAllocation        = false                                  {pd product} {ergonomic}

Logging:
Log output configuration:
 #0: stdout all=warning uptime,level,tags
 #1: stderr all=off uptime,level,tags

Environment Variables:
PATH=C:\Program Files\Common Files\Oracle\Java\javapath;C:\Windows\system32;C:\Windows;C:\Windows\System32\Wbem;C:\Windows\System32\WindowsPowerShell\v1.0\;C:\Windows\System32\OpenSSH\;C:\Users\sfjbs\Downloads\micro service-20221001T123314Z-001\micro service\apache-maven-3.8.5-bin\apache-maven-3.8.5\bin;C:\Users\sfjbs\Downloads\micro service-20221001T123314Z-001\micro service\apache-maven-3.8.5-bin\apache-maven-3.8.5\lib;C:\Program Files\Docker\Docker\resources\bin;C:\ProgramData\DockerDesktop\version-bin;C:\Program Files\Git\cmd;C:\Users\sfjbs\AppData\Local\Microsoft\WindowsApps;C:\Users\sfjbs\Downloads\micro service-20221001T123314Z-001\micro service\apache-maven-3.8.5-bin\apache-maven-3.8.5\bin;C:\Users\sfjbs\Downloads\micro service-20221001T123314Z-001\micro service\apache-maven-3.8.5-bin\apache-maven-3.8.5\lib;;C:\Program Files\JetBrains\IntelliJ IDEA Community Edition 2022.2.1\bin;
USERNAME=sfjbs
OS=Windows_NT
PROCESSOR_IDENTIFIER=Intel64 Family 6 Model 85 Stepping 7, GenuineIntel



---------------  S Y S T E M  ---------------

OS: Windows 10 , 64 bit Build 19041 (10.0.19041.1889)
Hyper-V role detected

CPU:total 2 (initial active 2) (1 cores per cpu, 2 threads per core) family 6 model 85 stepping 7 microcode 0xffffffff, cmov, cx8, fxsr, mmx, sse, sse2, sse3, ssse3, sse4.1, sse4.2, popcnt, avx, avx2, aes, clmul, erms, rtm, 3dnowpref, lzcnt, ht, tsc, bmi1, bmi2, adx, evex, fma

Memory: 4k page, system-wide physical 8190M (546M free)
TotalPageFile size 10238M (AvailPageFile size 1M)
current process WorkingSet (physical memory assigned to process): 290M, peak: 290M
current process commit charge ("private bytes"): 358M, peak: 358M

vm_info: Java HotSpot(TM) 64-Bit Server VM (11.0.16+11-LTS-199) for windows-amd64 JRE (11.0.16+11-LTS-199), built on Jun 28 2022 08:23:17 by "mach5one" with MS VC++ 15.9 (VS2017)

END.
