#
# There is insufficient memory for the Java Runtime Environment to continue.
# Native memory allocation (mmap) failed to map 268435456 bytes for Failed to commit area from 0x0000000700000000 to 0x0000000710000000 of length 268435456.
# Possible reasons:
#   The system is out of physical RAM or swap space
#   The process is running with CompressedOops enabled, and the Java Heap may be blocking the growth of the native heap
# Possible solutions:
#   Reduce memory load on the system
#   Increase physical memory or swap space
#   Check if swap backing store is full
#   Decrease Java heap size (-Xmx/-Xms)
#   Decrease number of Java threads
#   Decrease Java thread stack sizes (-Xss)
#   Set larger code cache with -XX:ReservedCodeCacheSize=
# This output file may be truncated or incomplete.
#
#  Out of Memory Error (./open/src/hotspot/os/windows/os_windows.cpp:3287), pid=274268, tid=273136
#
# JRE version:  (11.0.16+11) (build )
# Java VM: Java HotSpot(TM) 64-Bit Server VM (11.0.16+11-LTS-199, mixed mode, sharing, tiered, compressed oops, g1 gc, windows-amd64)
# No core dump will be written. Minidumps are not enabled by default on client versions of Windows
#

---------------  S U M M A R Y ------------

Command Line: -Dclassworlds.conf=C:\Users\sfjbs\Downloads\micro service-20221001T123314Z-001\micro service\apache-maven-3.8.5-bin\apache-maven-3.8.5\bin\m2.conf -Dmaven.home=C:\Users\sfjbs\Downloads\micro service-20221001T123314Z-001\micro service\apache-maven-3.8.5-bin\apache-maven-3.8.5 -Dlibrary.jansi.path=C:\Users\sfjbs\Downloads\micro service-20221001T123314Z-001\micro service\apache-maven-3.8.5-bin\apache-maven-3.8.5\lib\jansi-native -Dmaven.multiModuleProjectDirectory=C:\Users\sfjbs\IdeaProjects\training\sriprabha\Day10\spring-rest-communication org.codehaus.plexus.classworlds.launcher.Launcher clean install -DskipTests

Host: Intel(R) Xeon(R) Platinum 8272CL CPU @ 2.60GHz, 4 cores, 15G,  Windows 10 , 64 bit Build 19041 (10.0.19041.1889)
Time: Wed Oct 19 11:13:57 2022 Coordinated Universal Time elapsed time: 0.015574 seconds (0d 0h 0m 0s)

---------------  T H R E A D  ---------------

Current thread (0x0000020328716800):  JavaThread "Unknown thread" [_thread_in_vm, id=273136, stack(0x000000f2f8600000,0x000000f2f8700000)]

Stack: [0x000000f2f8600000,0x000000f2f8700000]
Native frames: (J=compiled Java code, j=interpreted, Vv=VM code, C=native code)
V  [jvm.dll+0x62a3ea]
V  [jvm.dll+0x76418f]
V  [jvm.dll+0x765839]
V  [jvm.dll+0x765ec3]
V  [jvm.dll+0x23da98]
V  [jvm.dll+0x62770a]
V  [jvm.dll+0x61c475]
V  [jvm.dll+0x2f2aac]
V  [jvm.dll+0x2f2932]
V  [jvm.dll+0x2f7656]
V  [jvm.dll+0x33a1cf]
V  [jvm.dll+0x339c00]
V  [jvm.dll+0x2d00c8]
V  [jvm.dll+0x2d1236]
V  [jvm.dll+0x73e757]
V  [jvm.dll+0x73ffef]
V  [jvm.dll+0x346ef9]
V  [jvm.dll+0x723f90]
V  [jvm.dll+0x3b5adf]
V  [jvm.dll+0x3b7bf1]
C  [jli.dll+0x5207]
C  [ucrtbase.dll+0x21bb2]
C  [KERNEL32.DLL+0x17034]
C  [ntdll.dll+0x526a1]


---------------  P R O C E S S  ---------------

Threads class SMR info:
_java_thread_list=0x0000020326d532f0, length=0, elements={
}

Java Threads: ( => current thread )

Other Threads:
  0x000002032872d800 GCTaskThread "GC Thread#0" [stack: 0x000000f2f8700000,0x000000f2f8800000] [id=274324]
  0x000002032878a000 ConcurrentGCThread "G1 Main Marker" [stack: 0x000000f2f8800000,0x000000f2f8900000] [id=274932]
  0x000002032878c000 ConcurrentGCThread "G1 Conc#0" [stack: 0x000000f2f8900000,0x000000f2f8a00000] [id=274956]

[error occurred during error reporting (printing all threads), id 0xc0000005, EXCEPTION_ACCESS_VIOLATION (0xc0000005) at pc=0x00007ff9985bf357]

VM state:not at safepoint (not fully initialized)

VM Mutex/Monitor currently owned by a thread:  ([mutex/lock_event])
[0x0000020328713960] Heap_lock - owner thread: 0x0000020328716800

Heap address: 0x0000000700000000, size: 4096 MB, Compressed Oops mode: Non-zero based: 0x0000000700000000
Narrow klass base: 0x0000000000000000, Narrow klass shift: 0

GC Heap History (0 events):
No events

Deoptimization events (0 events):
No events

Classes redefined (0 events):
No events

Internal exceptions (0 events):
No events

Events (0 events):
No events


Dynamic libraries:
0x00007ff6cc9d0000 - 0x00007ff6cc9df000 	C:\Program Files\Java\jdk-11.0.16\bin\java.exe
0x00007ff9ee4b0000 - 0x00007ff9ee6a8000 	C:\Windows\SYSTEM32\ntdll.dll
0x00007ff9ec510000 - 0x00007ff9ec5cd000 	C:\Windows\System32\KERNEL32.DLL
0x00007ff9ec230000 - 0x00007ff9ec502000 	C:\Windows\System32\KERNELBASE.dll
0x00007ff9ebf60000 - 0x00007ff9ec060000 	C:\Windows\System32\ucrtbase.dll
0x00007ff9dd430000 - 0x00007ff9dd445000 	C:\Program Files\Java\jdk-11.0.16\bin\VCRUNTIME140.dll
0x00007ff9e7590000 - 0x00007ff9e75a8000 	C:\Program Files\Java\jdk-11.0.16\bin\jli.dll
0x00007ff9edf30000 - 0x00007ff9edfde000 	C:\Windows\System32\ADVAPI32.dll
0x00007ff9ece80000 - 0x00007ff9ecf1e000 	C:\Windows\System32\msvcrt.dll
0x00007ff9ee230000 - 0x00007ff9ee2cc000 	C:\Windows\System32\sechost.dll
0x00007ff9edca0000 - 0x00007ff9eddc5000 	C:\Windows\System32\RPCRT4.dll
0x00007ff9ed030000 - 0x00007ff9ed1cd000 	C:\Windows\System32\USER32.dll
0x00007ff9ebbc0000 - 0x00007ff9ebbe2000 	C:\Windows\System32\win32u.dll
0x00007ff9c9fc0000 - 0x00007ff9ca25a000 	C:\Windows\WinSxS\amd64_microsoft.windows.common-controls_6595b64144ccf1df_6.0.19041.1110_none_60b5254171f9507e\COMCTL32.dll
0x00007ff9ed990000 - 0x00007ff9ed9bb000 	C:\Windows\System32\GDI32.dll
0x00007ff9ebd60000 - 0x00007ff9ebe6f000 	C:\Windows\System32\gdi32full.dll
0x00007ff9ebe70000 - 0x00007ff9ebf0d000 	C:\Windows\System32\msvcp_win.dll
0x00007ff9e38f0000 - 0x00007ff9e38fa000 	C:\Windows\SYSTEM32\VERSION.dll
0x00007ff9edc70000 - 0x00007ff9edca0000 	C:\Windows\System32\IMM32.DLL
0x00007ff9cfdb0000 - 0x00007ff9cfe4b000 	C:\Program Files\Java\jdk-11.0.16\bin\msvcp140.dll
0x00007ff9982e0000 - 0x00007ff998df8000 	C:\Program Files\Java\jdk-11.0.16\bin\server\jvm.dll
0x00007ff9ee220000 - 0x00007ff9ee228000 	C:\Windows\System32\PSAPI.DLL
0x00007ff998180000 - 0x00007ff998189000 	C:\Windows\SYSTEM32\WSOCK32.dll
0x00007ff9c8570000 - 0x00007ff9c8597000 	C:\Windows\SYSTEM32\WINMM.dll
0x00007ff9ee2d0000 - 0x00007ff9ee33b000 	C:\Windows\System32\WS2_32.dll
0x00007ff9e9a60000 - 0x00007ff9e9a72000 	C:\Windows\SYSTEM32\kernel.appcore.dll
0x00007ff9e7650000 - 0x00007ff9e7660000 	C:\Program Files\Java\jdk-11.0.16\bin\verify.dll
0x00007ff9dceb0000 - 0x00007ff9dd094000 	C:\Windows\SYSTEM32\DBGHELP.DLL
0x00007ff9de280000 - 0x00007ff9de2ac000 	C:\Windows\SYSTEM32\dbgcore.DLL
0x00007ff9ebbf0000 - 0x00007ff9ebc72000 	C:\Windows\System32\bcryptPrimitives.dll
0x00007ff9dacc0000 - 0x00007ff9dace8000 	C:\Program Files\Java\jdk-11.0.16\bin\java.dll
0x00007ff9e7620000 - 0x00007ff9e762a000 	C:\Program Files\Java\jdk-11.0.16\bin\jimage.dll
0x00007ff9d9810000 - 0x00007ff9d9826000 	C:\Program Files\Java\jdk-11.0.16\bin\zip.dll

dbghelp: loaded successfully - version: 4.0.5 - missing functions: none
symbol engine: initialized successfully - sym options: 0x614 - pdb path: .;C:\Program Files\Java\jdk-11.0.16\bin;C:\Windows\SYSTEM32;C:\Windows\WinSxS\amd64_microsoft.windows.common-controls_6595b64144ccf1df_6.0.19041.1110_none_60b5254171f9507e;C:\Program Files\Java\jdk-11.0.16\bin\server

VM Arguments:
jvm_args: -Dclassworlds.conf=C:\Users\sfjbs\Downloads\micro service-20221001T123314Z-001\micro service\apache-maven-3.8.5-bin\apache-maven-3.8.5\bin\m2.conf -Dmaven.home=C:\Users\sfjbs\Downloads\micro service-20221001T123314Z-001\micro service\apache-maven-3.8.5-bin\apache-maven-3.8.5 -Dlibrary.jansi.path=C:\Users\sfjbs\Downloads\micro service-20221001T123314Z-001\micro service\apache-maven-3.8.5-bin\apache-maven-3.8.5\lib\jansi-native -Dmaven.multiModuleProjectDirectory=C:\Users\sfjbs\IdeaProjects\training\sriprabha\Day10\spring-rest-communication 
java_command: org.codehaus.plexus.classworlds.launcher.Launcher clean install -DskipTests
java_class_path (initial): C:\Users\sfjbs\Downloads\micro service-20221001T123314Z-001\micro service\apache-maven-3.8.5-bin\apache-maven-3.8.5\boot\plexus-classworlds-2.6.0.jar
Launcher Type: SUN_STANDARD

[Global flags]
     intx CICompilerCount                          = 3                                         {product} {ergonomic}
     uint ConcGCThreads                            = 1                                         {product} {ergonomic}
     uint G1ConcRefinementThreads                  = 4                                         {product} {ergonomic}
   size_t G1HeapRegionSize                         = 1048576                                   {product} {ergonomic}
    uintx GCDrainStackTargetSize                   = 64                                        {product} {ergonomic}
   size_t InitialHeapSize                          = 268435456                                 {product} {ergonomic}
   size_t MarkStackSize                            = 4194304                                   {product} {ergonomic}
   size_t MaxHeapSize                              = 4294967296                                {product} {ergonomic}
   size_t MinHeapDeltaBytes                        = 1048576                                   {product} {ergonomic}
    uintx NonNMethodCodeHeapSize                   = 5830732                                {pd product} {ergonomic}
    uintx NonProfiledCodeHeapSize                  = 122913754                              {pd product} {ergonomic}
    uintx ProfiledCodeHeapSize                     = 122913754                              {pd product} {ergonomic}
    uintx ReservedCodeCacheSize                    = 251658240                              {pd product} {ergonomic}
     bool SegmentedCodeCache                       = true                                      {product} {ergonomic}
     bool UseCompressedClassPointers               = true                                 {lp64_product} {ergonomic}
     bool UseCompressedOops                        = true                                 {lp64_product} {ergonomic}
     bool UseG1GC                                  = true                                      {product} {ergonomic}
     bool UseLargePagesIndividualAllocation        = false                                  {pd product} {ergonomic}

Logging:
Log output configuration:
 #0: stdout all=warning uptime,level,tags
 #1: stderr all=off uptime,level,tags

Environment Variables:
PATH=C:\Program Files\Common Files\Oracle\Java\javapath;C:\Windows\system32;C:\Windows;C:\Windows\System32\Wbem;C:\Windows\System32\WindowsPowerShell\v1.0\;C:\Windows\System32\OpenSSH\;C:\Users\sfjbs\Downloads\micro service-20221001T123314Z-001\micro service\apache-maven-3.8.5-bin\apache-maven-3.8.5\bin;C:\Users\sfjbs\Downloads\micro service-20221001T123314Z-001\micro service\apache-maven-3.8.5-bin\apache-maven-3.8.5\lib;C:\Program Files\Docker\Docker\resources\bin;C:\ProgramData\DockerDesktop\version-bin;C:\Program Files\Git\cmd;C:\Users\sfjbs\AppData\Local\Microsoft\WindowsApps;C:\Users\sfjbs\Downloads\micro service-20221001T123314Z-001\micro service\apache-maven-3.8.5-bin\apache-maven-3.8.5\bin;C:\Users\sfjbs\Downloads\micro service-20221001T123314Z-001\micro service\apache-maven-3.8.5-bin\apache-maven-3.8.5\lib;;C:\Program Files\JetBrains\IntelliJ IDEA Community Edition 2022.2.1\bin;
USERNAME=sfjbs
OS=Windows_NT
PROCESSOR_IDENTIFIER=Intel64 Family 6 Model 85 Stepping 7, GenuineIntel



---------------  S Y S T E M  ---------------

OS: Windows 10 , 64 bit Build 19041 (10.0.19041.1889)
Hyper-V role detected

CPU:total 4 (initial active 4) (2 cores per cpu, 2 threads per core) family 6 model 85 stepping 7 microcode 0xffffffff, cmov, cx8, fxsr, mmx, sse, sse2, sse3, ssse3, sse4.1, sse4.2, popcnt, avx, avx2, aes, clmul, erms, rtm, 3dnowpref, lzcnt, ht, tsc, bmi1, bmi2, adx, evex, fma

Memory: 4k page, system-wide physical 16382M (2097M free)
TotalPageFile size 20478M (AvailPageFile size 88M)
current process WorkingSet (physical memory assigned to process): 9M, peak: 9M
current process commit charge ("private bytes"): 52M, peak: 308M

vm_info: Java HotSpot(TM) 64-Bit Server VM (11.0.16+11-LTS-199) for windows-amd64 JRE (11.0.16+11-LTS-199), built on Jun 28 2022 08:23:17 by "mach5one" with MS VC++ 15.9 (VS2017)

END.
