#
# There is insufficient memory for the Java Runtime Environment to continue.
# Native memory allocation (malloc) failed to allocate 129056 bytes for Chunk::new
# Possible reasons:
#   The system is out of physical RAM or swap space
#   The process is running with CompressedOops enabled, and the Java Heap may be blocking the growth of the native heap
# Possible solutions:
#   Reduce memory load on the system
#   Increase physical memory or swap space
#   Check if swap backing store is full
#   Decrease Java heap size (-Xmx/-Xms)
#   Decrease number of Java threads
#   Decrease Java thread stack sizes (-Xss)
#   Set larger code cache with -XX:ReservedCodeCacheSize=
#   JVM is running with Unscaled Compressed Oops mode in which the Java heap is
#     placed in the first 4GB address space. The Java Heap base address is the
#     maximum limit for the native heap growth. Please use -XX:HeapBaseMinAddress
#     to set the Java Heap base and to place the Java Heap above 4GB virtual address.
# This output file may be truncated or incomplete.
#
#  Out of Memory Error (./open/src/hotspot/share/memory/arena.cpp:197), pid=16920, tid=18076
#
# JRE version: Java(TM) SE Runtime Environment 18.9 (11.0.16+11) (build 11.0.16+11-LTS-199)
# Java VM: Java HotSpot(TM) 64-Bit Server VM 18.9 (11.0.16+11-LTS-199, mixed mode, tiered, compressed oops, g1 gc, windows-amd64)
# No core dump will be written. Minidumps are not enabled by default on client versions of Windows
#

---------------  S U M M A R Y ------------

Command Line: -Dclassworlds.conf=C:\Users\sfjbs\Downloads\micro service-20221001T123314Z-001\micro service\apache-maven-3.8.5-bin\apache-maven-3.8.5\bin\m2.conf -Dmaven.home=C:\Users\sfjbs\Downloads\micro service-20221001T123314Z-001\micro service\apache-maven-3.8.5-bin\apache-maven-3.8.5 -Dlibrary.jansi.path=C:\Users\sfjbs\Downloads\micro service-20221001T123314Z-001\micro service\apache-maven-3.8.5-bin\apache-maven-3.8.5\lib\jansi-native -Dmaven.multiModuleProjectDirectory=C:\Users\sfjbs\IdeaProjects\training\sriprabha\Day11\eureka-app\school-service org.codehaus.plexus.classworlds.launcher.Launcher spring-boot:run

Host: Intel(R) Xeon(R) Platinum 8272CL CPU @ 2.60GHz, 2 cores, 7G,  Windows 10 , 64 bit Build 19041 (10.0.19041.1889)
Time: Thu Oct 20 09:25:39 2022 Coordinated Universal Time elapsed time: 16.094108 seconds (0d 0h 0m 16s)

---------------  T H R E A D  ---------------

Current thread (0x00000124323a1000):  JavaThread "C2 CompilerThread0" daemon [_thread_in_native, id=18076, stack(0x00000003d2400000,0x00000003d2500000)]


Current CompileTask:
C2:  16094 3745   !   4       sun.nio.cs.ISO_8859_1$Decoder::decodeArrayLoop (263 bytes)

Stack: [0x00000003d2400000,0x00000003d2500000]
Native frames: (J=compiled Java code, j=interpreted, Vv=VM code, C=native code)
V  [jvm.dll+0x62a3ea]
V  [jvm.dll+0x76418f]
V  [jvm.dll+0x765839]
V  [jvm.dll+0x765ec3]
V  [jvm.dll+0x23da98]
V  [jvm.dll+0xb2a1c]
V  [jvm.dll+0xb2fdc]
V  [jvm.dll+0x2ae814]
V  [jvm.dll+0x53d97b]
V  [jvm.dll+0x200877]
V  [jvm.dll+0x1fa5ba]
V  [jvm.dll+0x1f756d]
V  [jvm.dll+0x177c81]
V  [jvm.dll+0x207006]
V  [jvm.dll+0x20519b]
V  [jvm.dll+0x729fa0]
V  [jvm.dll+0x722b74]
V  [jvm.dll+0x629286]
C  [ucrtbase.dll+0x21bb2]
C  [KERNEL32.DLL+0x17034]
C  [ntdll.dll+0x526a1]


---------------  P R O C E S S  ---------------

Threads class SMR info:
_java_thread_list=0x0000012432e52080, length=10, elements={
0x00000124148a7800, 0x000001243237d000, 0x000001243237e800, 0x0000012432398800,
0x000001243239b800, 0x000001243239e000, 0x00000124323a1000, 0x00000124323a3800,
0x00000124323dd800, 0x0000012432e81800
}

Java Threads: ( => current thread )
  0x00000124148a7800 JavaThread "main" [_thread_in_Java, id=16480, stack(0x00000003d1700000,0x00000003d1800000)]
  0x000001243237d000 JavaThread "Reference Handler" daemon [_thread_blocked, id=11464, stack(0x00000003d1f00000,0x00000003d2000000)]
  0x000001243237e800 JavaThread "Finalizer" daemon [_thread_blocked, id=13268, stack(0x00000003d2000000,0x00000003d2100000)]
  0x0000012432398800 JavaThread "Signal Dispatcher" daemon [_thread_blocked, id=8772, stack(0x00000003d2100000,0x00000003d2200000)]
  0x000001243239b800 JavaThread "Attach Listener" daemon [_thread_blocked, id=9832, stack(0x00000003d2200000,0x00000003d2300000)]
  0x000001243239e000 JavaThread "Service Thread" daemon [_thread_blocked, id=12428, stack(0x00000003d2300000,0x00000003d2400000)]
=>0x00000124323a1000 JavaThread "C2 CompilerThread0" daemon [_thread_in_native, id=18076, stack(0x00000003d2400000,0x00000003d2500000)]
  0x00000124323a3800 JavaThread "C1 CompilerThread0" daemon [_thread_blocked, id=8596, stack(0x00000003d2500000,0x00000003d2600000)]
  0x00000124323dd800 JavaThread "Sweeper thread" daemon [_thread_blocked, id=16272, stack(0x00000003d2600000,0x00000003d2700000)]
  0x0000012432e81800 JavaThread "Common-Cleaner" daemon [_thread_blocked, id=15272, stack(0x00000003d2800000,0x00000003d2900000)]

Other Threads:
  0x0000012432379000 VMThread "VM Thread" [stack: 0x00000003d1e00000,0x00000003d1f00000] [id=13496]
  0x0000012432e7b800 WatcherThread [stack: 0x00000003d2700000,0x00000003d2800000] [id=16912]
  0x00000124148bb800 GCTaskThread "GC Thread#0" [stack: 0x00000003d1900000,0x00000003d1a00000] [id=15320]
  0x0000012433689000 GCTaskThread "GC Thread#1" [stack: 0x00000003d2900000,0x00000003d2a00000] [id=12620]
  0x00000124148eb800 ConcurrentGCThread "G1 Main Marker" [stack: 0x00000003d1a00000,0x00000003d1b00000] [id=17372]
  0x00000124148ee000 ConcurrentGCThread "G1 Conc#0" [stack: 0x00000003d1b00000,0x00000003d1c00000] [id=16280]
  0x0000012414974000 ConcurrentGCThread "G1 Refine#0" [stack: 0x00000003d1c00000,0x00000003d1d00000] [id=12472]
  0x0000012414976000 ConcurrentGCThread "G1 Young RemSet Sampling" [stack: 0x00000003d1d00000,0x00000003d1e00000] [id=6220]

Threads with active compile tasks:
C2 CompilerThread0    16138 3745   !   4       sun.nio.cs.ISO_8859_1$Decoder::decodeArrayLoop (263 bytes)

VM state:not at safepoint (normal execution)

VM Mutex/Monitor currently owned by a thread: None

Heap address: 0x0000000080000000, size: 2048 MB, Compressed Oops mode: 32-bit
Narrow klass base: 0x0000000000000000, Narrow klass shift: 3
Compressed class space size: 1073741824 Address: 0x0000000100000000

Heap:
 garbage-first heap   total 157696K, used 57089K [0x0000000080000000, 0x0000000100000000)
  region size 1024K, 49 young (50176K), 7 survivors (7168K)
 Metaspace       used 21370K, capacity 21704K, committed 21888K, reserved 1069056K
  class space    used 2181K, capacity 2320K, committed 2432K, reserved 1048576K
Heap Regions: E=young(eden), S=young(survivor), O=old, HS=humongous(starts), HC=humongous(continues), CS=collection set, F=free, A=archive, TAMS=top-at-mark-start (previous, next)
|   0|0x0000000080000000, 0x0000000080100000, 0x0000000080100000|100%| O|  |TAMS 0x0000000080100000, 0x0000000080000000| Untracked 
|   1|0x0000000080100000, 0x0000000080200000, 0x0000000080200000|100%| O|  |TAMS 0x0000000080200000, 0x0000000080100000| Untracked 
|   2|0x0000000080200000, 0x0000000080300000, 0x0000000080300000|100%| O|  |TAMS 0x0000000080300000, 0x0000000080200000| Untracked 
|   3|0x0000000080300000, 0x0000000080400000, 0x0000000080400000|100%| O|  |TAMS 0x0000000080400000, 0x0000000080300000| Untracked 
|   4|0x0000000080400000, 0x0000000080500000, 0x0000000080500000|100%| O|  |TAMS 0x0000000080500000, 0x0000000080400000| Untracked 
|   5|0x0000000080500000, 0x0000000080600000, 0x0000000080600000|100%| O|  |TAMS 0x0000000080600000, 0x0000000080500000| Untracked 
|   6|0x0000000080600000, 0x0000000080700000, 0x0000000080700000|100%| O|  |TAMS 0x0000000080700000, 0x0000000080600000| Untracked 
|   7|0x0000000080700000, 0x00000000807c0600, 0x0000000080800000| 75%| O|  |TAMS 0x00000000807c0600, 0x0000000080700000| Untracked 
|   8|0x0000000080800000, 0x0000000080800000, 0x0000000080900000|  0%| F|  |TAMS 0x0000000080800000, 0x0000000080800000| Untracked 
|   9|0x0000000080900000, 0x0000000080900000, 0x0000000080a00000|  0%| F|  |TAMS 0x0000000080900000, 0x0000000080900000| Untracked 
|  10|0x0000000080a00000, 0x0000000080a00000, 0x0000000080b00000|  0%| F|  |TAMS 0x0000000080a00000, 0x0000000080a00000| Untracked 
|  11|0x0000000080b00000, 0x0000000080b00000, 0x0000000080c00000|  0%| F|  |TAMS 0x0000000080b00000, 0x0000000080b00000| Untracked 
|  12|0x0000000080c00000, 0x0000000080c00000, 0x0000000080d00000|  0%| F|  |TAMS 0x0000000080c00000, 0x0000000080c00000| Untracked 
|  13|0x0000000080d00000, 0x0000000080d00000, 0x0000000080e00000|  0%| F|  |TAMS 0x0000000080d00000, 0x0000000080d00000| Untracked 
|  14|0x0000000080e00000, 0x0000000080e00000, 0x0000000080f00000|  0%| F|  |TAMS 0x0000000080e00000, 0x0000000080e00000| Untracked 
|  15|0x0000000080f00000, 0x0000000080f00000, 0x0000000081000000|  0%| F|  |TAMS 0x0000000080f00000, 0x0000000080f00000| Untracked 
|  16|0x0000000081000000, 0x0000000081000000, 0x0000000081100000|  0%| F|  |TAMS 0x0000000081000000, 0x0000000081000000| Untracked 
|  17|0x0000000081100000, 0x0000000081100000, 0x0000000081200000|  0%| F|  |TAMS 0x0000000081100000, 0x0000000081100000| Untracked 
|  18|0x0000000081200000, 0x0000000081200000, 0x0000000081300000|  0%| F|  |TAMS 0x0000000081200000, 0x0000000081200000| Untracked 
|  19|0x0000000081300000, 0x0000000081300000, 0x0000000081400000|  0%| F|  |TAMS 0x0000000081300000, 0x0000000081300000| Untracked 
|  20|0x0000000081400000, 0x0000000081400000, 0x0000000081500000|  0%| F|  |TAMS 0x0000000081400000, 0x0000000081400000| Untracked 
|  21|0x0000000081500000, 0x0000000081500000, 0x0000000081600000|  0%| F|  |TAMS 0x0000000081500000, 0x0000000081500000| Untracked 
|  22|0x0000000081600000, 0x0000000081600000, 0x0000000081700000|  0%| F|  |TAMS 0x0000000081600000, 0x0000000081600000| Untracked 
|  23|0x0000000081700000, 0x0000000081700000, 0x0000000081800000|  0%| F|  |TAMS 0x0000000081700000, 0x0000000081700000| Untracked 
|  24|0x0000000081800000, 0x0000000081800000, 0x0000000081900000|  0%| F|  |TAMS 0x0000000081800000, 0x0000000081800000| Untracked 
|  25|0x0000000081900000, 0x0000000081900000, 0x0000000081a00000|  0%| F|  |TAMS 0x0000000081900000, 0x0000000081900000| Untracked 
|  26|0x0000000081a00000, 0x0000000081a00000, 0x0000000081b00000|  0%| F|  |TAMS 0x0000000081a00000, 0x0000000081a00000| Untracked 
|  27|0x0000000081b00000, 0x0000000081b00000, 0x0000000081c00000|  0%| F|  |TAMS 0x0000000081b00000, 0x0000000081b00000| Untracked 
|  28|0x0000000081c00000, 0x0000000081c00000, 0x0000000081d00000|  0%| F|  |TAMS 0x0000000081c00000, 0x0000000081c00000| Untracked 
|  29|0x0000000081d00000, 0x0000000081d00000, 0x0000000081e00000|  0%| F|  |TAMS 0x0000000081d00000, 0x0000000081d00000| Untracked 
|  30|0x0000000081e00000, 0x0000000081e00000, 0x0000000081f00000|  0%| F|  |TAMS 0x0000000081e00000, 0x0000000081e00000| Untracked 
|  31|0x0000000081f00000, 0x0000000081f00000, 0x0000000082000000|  0%| F|  |TAMS 0x0000000081f00000, 0x0000000081f00000| Untracked 
|  32|0x0000000082000000, 0x0000000082000000, 0x0000000082100000|  0%| F|  |TAMS 0x0000000082000000, 0x0000000082000000| Untracked 
|  33|0x0000000082100000, 0x0000000082100000, 0x0000000082200000|  0%| F|  |TAMS 0x0000000082100000, 0x0000000082100000| Untracked 
|  34|0x0000000082200000, 0x0000000082200000, 0x0000000082300000|  0%| F|  |TAMS 0x0000000082200000, 0x0000000082200000| Untracked 
|  35|0x0000000082300000, 0x0000000082300000, 0x0000000082400000|  0%| F|  |TAMS 0x0000000082300000, 0x0000000082300000| Untracked 
|  36|0x0000000082400000, 0x0000000082400000, 0x0000000082500000|  0%| F|  |TAMS 0x0000000082400000, 0x0000000082400000| Untracked 
|  37|0x0000000082500000, 0x0000000082500000, 0x0000000082600000|  0%| F|  |TAMS 0x0000000082500000, 0x0000000082500000| Untracked 
|  38|0x0000000082600000, 0x0000000082600000, 0x0000000082700000|  0%| F|  |TAMS 0x0000000082600000, 0x0000000082600000| Untracked 
|  39|0x0000000082700000, 0x0000000082700000, 0x0000000082800000|  0%| F|  |TAMS 0x0000000082700000, 0x0000000082700000| Untracked 
|  40|0x0000000082800000, 0x0000000082800000, 0x0000000082900000|  0%| F|  |TAMS 0x0000000082800000, 0x0000000082800000| Untracked 
|  41|0x0000000082900000, 0x0000000082900000, 0x0000000082a00000|  0%| F|  |TAMS 0x0000000082900000, 0x0000000082900000| Untracked 
|  42|0x0000000082a00000, 0x0000000082a00000, 0x0000000082b00000|  0%| F|  |TAMS 0x0000000082a00000, 0x0000000082a00000| Untracked 
|  43|0x0000000082b00000, 0x0000000082b00000, 0x0000000082c00000|  0%| F|  |TAMS 0x0000000082b00000, 0x0000000082b00000| Untracked 
|  44|0x0000000082c00000, 0x0000000082c00000, 0x0000000082d00000|  0%| F|  |TAMS 0x0000000082c00000, 0x0000000082c00000| Untracked 
|  45|0x0000000082d00000, 0x0000000082d00000, 0x0000000082e00000|  0%| F|  |TAMS 0x0000000082d00000, 0x0000000082d00000| Untracked 
|  46|0x0000000082e00000, 0x0000000082e00000, 0x0000000082f00000|  0%| F|  |TAMS 0x0000000082e00000, 0x0000000082e00000| Untracked 
|  47|0x0000000082f00000, 0x0000000082f00000, 0x0000000083000000|  0%| F|  |TAMS 0x0000000082f00000, 0x0000000082f00000| Untracked 
|  48|0x0000000083000000, 0x0000000083000000, 0x0000000083100000|  0%| F|  |TAMS 0x0000000083000000, 0x0000000083000000| Untracked 
|  49|0x0000000083100000, 0x0000000083100000, 0x0000000083200000|  0%| F|  |TAMS 0x0000000083100000, 0x0000000083100000| Untracked 
|  50|0x0000000083200000, 0x0000000083200000, 0x0000000083300000|  0%| F|  |TAMS 0x0000000083200000, 0x0000000083200000| Untracked 
|  51|0x0000000083300000, 0x0000000083300000, 0x0000000083400000|  0%| F|  |TAMS 0x0000000083300000, 0x0000000083300000| Untracked 
|  52|0x0000000083400000, 0x0000000083400000, 0x0000000083500000|  0%| F|  |TAMS 0x0000000083400000, 0x0000000083400000| Untracked 
|  53|0x0000000083500000, 0x0000000083500000, 0x0000000083600000|  0%| F|  |TAMS 0x0000000083500000, 0x0000000083500000| Untracked 
|  54|0x0000000083600000, 0x0000000083600000, 0x0000000083700000|  0%| F|  |TAMS 0x0000000083600000, 0x0000000083600000| Untracked 
|  55|0x0000000083700000, 0x0000000083700000, 0x0000000083800000|  0%| F|  |TAMS 0x0000000083700000, 0x0000000083700000| Untracked 
|  56|0x0000000083800000, 0x0000000083800000, 0x0000000083900000|  0%| F|  |TAMS 0x0000000083800000, 0x0000000083800000| Untracked 
|  57|0x0000000083900000, 0x0000000083900000, 0x0000000083a00000|  0%| F|  |TAMS 0x0000000083900000, 0x0000000083900000| Untracked 
|  58|0x0000000083a00000, 0x0000000083a00000, 0x0000000083b00000|  0%| F|  |TAMS 0x0000000083a00000, 0x0000000083a00000| Untracked 
|  59|0x0000000083b00000, 0x0000000083b00000, 0x0000000083c00000|  0%| F|  |TAMS 0x0000000083b00000, 0x0000000083b00000| Untracked 
|  60|0x0000000083c00000, 0x0000000083c00000, 0x0000000083d00000|  0%| F|  |TAMS 0x0000000083c00000, 0x0000000083c00000| Untracked 
|  61|0x0000000083d00000, 0x0000000083d00000, 0x0000000083e00000|  0%| F|  |TAMS 0x0000000083d00000, 0x0000000083d00000| Untracked 
|  62|0x0000000083e00000, 0x0000000083e00000, 0x0000000083f00000|  0%| F|  |TAMS 0x0000000083e00000, 0x0000000083e00000| Untracked 
|  63|0x0000000083f00000, 0x0000000083f00000, 0x0000000084000000|  0%| F|  |TAMS 0x0000000083f00000, 0x0000000083f00000| Untracked 
|  64|0x0000000084000000, 0x0000000084000000, 0x0000000084100000|  0%| F|  |TAMS 0x0000000084000000, 0x0000000084000000| Untracked 
|  65|0x0000000084100000, 0x0000000084100000, 0x0000000084200000|  0%| F|  |TAMS 0x0000000084100000, 0x0000000084100000| Untracked 
|  66|0x0000000084200000, 0x0000000084200000, 0x0000000084300000|  0%| F|  |TAMS 0x0000000084200000, 0x0000000084200000| Untracked 
|  67|0x0000000084300000, 0x0000000084300000, 0x0000000084400000|  0%| F|  |TAMS 0x0000000084300000, 0x0000000084300000| Untracked 
|  68|0x0000000084400000, 0x0000000084400000, 0x0000000084500000|  0%| F|  |TAMS 0x0000000084400000, 0x0000000084400000| Untracked 
|  69|0x0000000084500000, 0x0000000084500000, 0x0000000084600000|  0%| F|  |TAMS 0x0000000084500000, 0x0000000084500000| Untracked 
|  70|0x0000000084600000, 0x0000000084600000, 0x0000000084700000|  0%| F|  |TAMS 0x0000000084600000, 0x0000000084600000| Untracked 
|  71|0x0000000084700000, 0x0000000084700000, 0x0000000084800000|  0%| F|  |TAMS 0x0000000084700000, 0x0000000084700000| Untracked 
|  72|0x0000000084800000, 0x0000000084800000, 0x0000000084900000|  0%| F|  |TAMS 0x0000000084800000, 0x0000000084800000| Untracked 
|  73|0x0000000084900000, 0x0000000084900000, 0x0000000084a00000|  0%| F|  |TAMS 0x0000000084900000, 0x0000000084900000| Untracked 
|  74|0x0000000084a00000, 0x0000000084a00000, 0x0000000084b00000|  0%| F|  |TAMS 0x0000000084a00000, 0x0000000084a00000| Untracked 
|  75|0x0000000084b00000, 0x0000000084b00000, 0x0000000084c00000|  0%| F|  |TAMS 0x0000000084b00000, 0x0000000084b00000| Untracked 
|  76|0x0000000084c00000, 0x0000000084c00000, 0x0000000084d00000|  0%| F|  |TAMS 0x0000000084c00000, 0x0000000084c00000| Untracked 
|  77|0x0000000084d00000, 0x0000000084d00000, 0x0000000084e00000|  0%| F|  |TAMS 0x0000000084d00000, 0x0000000084d00000| Untracked 
|  78|0x0000000084e00000, 0x0000000084e00000, 0x0000000084f00000|  0%| F|  |TAMS 0x0000000084e00000, 0x0000000084e00000| Untracked 
|  79|0x0000000084f00000, 0x0000000084f00000, 0x0000000085000000|  0%| F|  |TAMS 0x0000000084f00000, 0x0000000084f00000| Untracked 
|  80|0x0000000085000000, 0x0000000085000000, 0x0000000085100000|  0%| F|  |TAMS 0x0000000085000000, 0x0000000085000000| Untracked 
|  81|0x0000000085100000, 0x0000000085100000, 0x0000000085200000|  0%| F|  |TAMS 0x0000000085100000, 0x0000000085100000| Untracked 
|  82|0x0000000085200000, 0x0000000085200000, 0x0000000085300000|  0%| F|  |TAMS 0x0000000085200000, 0x0000000085200000| Untracked 
|  83|0x0000000085300000, 0x0000000085300000, 0x0000000085400000|  0%| F|  |TAMS 0x0000000085300000, 0x0000000085300000| Untracked 
|  84|0x0000000085400000, 0x0000000085400000, 0x0000000085500000|  0%| F|  |TAMS 0x0000000085400000, 0x0000000085400000| Untracked 
|  85|0x0000000085500000, 0x0000000085500000, 0x0000000085600000|  0%| F|  |TAMS 0x0000000085500000, 0x0000000085500000| Untracked 
|  86|0x0000000085600000, 0x0000000085600000, 0x0000000085700000|  0%| F|  |TAMS 0x0000000085600000, 0x0000000085600000| Untracked 
|  87|0x0000000085700000, 0x0000000085700000, 0x0000000085800000|  0%| F|  |TAMS 0x0000000085700000, 0x0000000085700000| Untracked 
|  88|0x0000000085800000, 0x0000000085800000, 0x0000000085900000|  0%| F|  |TAMS 0x0000000085800000, 0x0000000085800000| Untracked 
|  89|0x0000000085900000, 0x0000000085900000, 0x0000000085a00000|  0%| F|  |TAMS 0x0000000085900000, 0x0000000085900000| Untracked 
|  90|0x0000000085a00000, 0x0000000085a00000, 0x0000000085b00000|  0%| F|  |TAMS 0x0000000085a00000, 0x0000000085a00000| Untracked 
|  91|0x0000000085b00000, 0x0000000085b00000, 0x0000000085c00000|  0%| F|  |TAMS 0x0000000085b00000, 0x0000000085b00000| Untracked 
|  92|0x0000000085c00000, 0x0000000085c00000, 0x0000000085d00000|  0%| F|  |TAMS 0x0000000085c00000, 0x0000000085c00000| Untracked 
|  93|0x0000000085d00000, 0x0000000085e00000, 0x0000000085e00000|100%| S|CS|TAMS 0x0000000085d00000, 0x0000000085d00000| Complete 
|  94|0x0000000085e00000, 0x0000000085f00000, 0x0000000085f00000|100%| S|CS|TAMS 0x0000000085e00000, 0x0000000085e00000| Complete 
|  95|0x0000000085f00000, 0x0000000086000000, 0x0000000086000000|100%| S|CS|TAMS 0x0000000085f00000, 0x0000000085f00000| Complete 
|  96|0x0000000086000000, 0x0000000086100000, 0x0000000086100000|100%| S|CS|TAMS 0x0000000086000000, 0x0000000086000000| Complete 
|  97|0x0000000086100000, 0x0000000086200000, 0x0000000086200000|100%| S|CS|TAMS 0x0000000086100000, 0x0000000086100000| Complete 
|  98|0x0000000086200000, 0x0000000086300000, 0x0000000086300000|100%| S|CS|TAMS 0x0000000086200000, 0x0000000086200000| Complete 
|  99|0x0000000086300000, 0x0000000086400000, 0x0000000086400000|100%| S|CS|TAMS 0x0000000086300000, 0x0000000086300000| Complete 
| 100|0x0000000086400000, 0x0000000086400000, 0x0000000086500000|  0%| F|  |TAMS 0x0000000086400000, 0x0000000086400000| Untracked 
| 101|0x0000000086500000, 0x0000000086500000, 0x0000000086600000|  0%| F|  |TAMS 0x0000000086500000, 0x0000000086500000| Untracked 
| 102|0x0000000086600000, 0x0000000086600000, 0x0000000086700000|  0%| F|  |TAMS 0x0000000086600000, 0x0000000086600000| Untracked 
| 103|0x0000000086700000, 0x0000000086700000, 0x0000000086800000|  0%| F|  |TAMS 0x0000000086700000, 0x0000000086700000| Untracked 
| 104|0x0000000086800000, 0x0000000086800000, 0x0000000086900000|  0%| F|  |TAMS 0x0000000086800000, 0x0000000086800000| Untracked 
| 105|0x0000000086900000, 0x0000000086900000, 0x0000000086a00000|  0%| F|  |TAMS 0x0000000086900000, 0x0000000086900000| Untracked 
| 106|0x0000000086a00000, 0x0000000086a00000, 0x0000000086b00000|  0%| F|  |TAMS 0x0000000086a00000, 0x0000000086a00000| Untracked 
| 107|0x0000000086b00000, 0x0000000086b00000, 0x0000000086c00000|  0%| F|  |TAMS 0x0000000086b00000, 0x0000000086b00000| Untracked 
| 108|0x0000000086c00000, 0x0000000086c00000, 0x0000000086d00000|  0%| F|  |TAMS 0x0000000086c00000, 0x0000000086c00000| Untracked 
| 109|0x0000000086d00000, 0x0000000086d00000, 0x0000000086e00000|  0%| F|  |TAMS 0x0000000086d00000, 0x0000000086d00000| Untracked 
| 110|0x0000000086e00000, 0x0000000086e00000, 0x0000000086f00000|  0%| F|  |TAMS 0x0000000086e00000, 0x0000000086e00000| Untracked 
| 111|0x0000000086f00000, 0x0000000086f00000, 0x0000000087000000|  0%| F|  |TAMS 0x0000000086f00000, 0x0000000086f00000| Untracked 
| 112|0x0000000087000000, 0x0000000087080800, 0x0000000087100000| 50%| E|  |TAMS 0x0000000087000000, 0x0000000087000000| Complete 
| 113|0x0000000087100000, 0x0000000087200000, 0x0000000087200000|100%| E|CS|TAMS 0x0000000087100000, 0x0000000087100000| Complete 
| 114|0x0000000087200000, 0x0000000087300000, 0x0000000087300000|100%| E|CS|TAMS 0x0000000087200000, 0x0000000087200000| Complete 
| 115|0x0000000087300000, 0x0000000087400000, 0x0000000087400000|100%| E|CS|TAMS 0x0000000087300000, 0x0000000087300000| Complete 
| 116|0x0000000087400000, 0x0000000087500000, 0x0000000087500000|100%| E|CS|TAMS 0x0000000087400000, 0x0000000087400000| Complete 
| 117|0x0000000087500000, 0x0000000087600000, 0x0000000087600000|100%| E|CS|TAMS 0x0000000087500000, 0x0000000087500000| Complete 
| 118|0x0000000087600000, 0x0000000087700000, 0x0000000087700000|100%| E|CS|TAMS 0x0000000087600000, 0x0000000087600000| Complete 
| 119|0x0000000087700000, 0x0000000087800000, 0x0000000087800000|100%| E|CS|TAMS 0x0000000087700000, 0x0000000087700000| Complete 
| 120|0x0000000087800000, 0x0000000087900000, 0x0000000087900000|100%| E|CS|TAMS 0x0000000087800000, 0x0000000087800000| Complete 
| 121|0x0000000087900000, 0x0000000087a00000, 0x0000000087a00000|100%| E|CS|TAMS 0x0000000087900000, 0x0000000087900000| Complete 
| 122|0x0000000087a00000, 0x0000000087b00000, 0x0000000087b00000|100%| E|CS|TAMS 0x0000000087a00000, 0x0000000087a00000| Complete 
| 123|0x0000000087b00000, 0x0000000087c00000, 0x0000000087c00000|100%| E|CS|TAMS 0x0000000087b00000, 0x0000000087b00000| Complete 
| 124|0x0000000087c00000, 0x0000000087d00000, 0x0000000087d00000|100%| E|CS|TAMS 0x0000000087c00000, 0x0000000087c00000| Complete 
| 125|0x0000000087d00000, 0x0000000087e00000, 0x0000000087e00000|100%| E|CS|TAMS 0x0000000087d00000, 0x0000000087d00000| Complete 
| 126|0x0000000087e00000, 0x0000000087f00000, 0x0000000087f00000|100%| E|CS|TAMS 0x0000000087e00000, 0x0000000087e00000| Complete 
| 127|0x0000000087f00000, 0x0000000088000000, 0x0000000088000000|100%| E|CS|TAMS 0x0000000087f00000, 0x0000000087f00000| Complete 
| 128|0x0000000088000000, 0x0000000088100000, 0x0000000088100000|100%| E|CS|TAMS 0x0000000088000000, 0x0000000088000000| Complete 
| 129|0x0000000088100000, 0x0000000088200000, 0x0000000088200000|100%| E|CS|TAMS 0x0000000088100000, 0x0000000088100000| Complete 
| 130|0x0000000088200000, 0x0000000088300000, 0x0000000088300000|100%| E|CS|TAMS 0x0000000088200000, 0x0000000088200000| Complete 
| 131|0x0000000088300000, 0x0000000088400000, 0x0000000088400000|100%| E|CS|TAMS 0x0000000088300000, 0x0000000088300000| Complete 
| 132|0x0000000088400000, 0x0000000088500000, 0x0000000088500000|100%| E|CS|TAMS 0x0000000088400000, 0x0000000088400000| Complete 
| 133|0x0000000088500000, 0x0000000088600000, 0x0000000088600000|100%| E|CS|TAMS 0x0000000088500000, 0x0000000088500000| Complete 
| 134|0x0000000088600000, 0x0000000088700000, 0x0000000088700000|100%| E|CS|TAMS 0x0000000088600000, 0x0000000088600000| Complete 
| 135|0x0000000088700000, 0x0000000088800000, 0x0000000088800000|100%| E|CS|TAMS 0x0000000088700000, 0x0000000088700000| Complete 
| 136|0x0000000088800000, 0x0000000088900000, 0x0000000088900000|100%| E|CS|TAMS 0x0000000088800000, 0x0000000088800000| Complete 
| 137|0x0000000088900000, 0x0000000088a00000, 0x0000000088a00000|100%| E|CS|TAMS 0x0000000088900000, 0x0000000088900000| Complete 
| 138|0x0000000088a00000, 0x0000000088b00000, 0x0000000088b00000|100%| E|CS|TAMS 0x0000000088a00000, 0x0000000088a00000| Complete 
| 139|0x0000000088b00000, 0x0000000088c00000, 0x0000000088c00000|100%| E|CS|TAMS 0x0000000088b00000, 0x0000000088b00000| Complete 
| 140|0x0000000088c00000, 0x0000000088d00000, 0x0000000088d00000|100%| E|CS|TAMS 0x0000000088c00000, 0x0000000088c00000| Complete 
| 141|0x0000000088d00000, 0x0000000088e00000, 0x0000000088e00000|100%| E|CS|TAMS 0x0000000088d00000, 0x0000000088d00000| Complete 
| 142|0x0000000088e00000, 0x0000000088f00000, 0x0000000088f00000|100%| E|CS|TAMS 0x0000000088e00000, 0x0000000088e00000| Complete 
| 143|0x0000000088f00000, 0x0000000089000000, 0x0000000089000000|100%| E|CS|TAMS 0x0000000088f00000, 0x0000000088f00000| Complete 
| 144|0x0000000089000000, 0x0000000089100000, 0x0000000089100000|100%| E|CS|TAMS 0x0000000089000000, 0x0000000089000000| Complete 
| 145|0x0000000089100000, 0x0000000089200000, 0x0000000089200000|100%| E|CS|TAMS 0x0000000089100000, 0x0000000089100000| Complete 
| 146|0x0000000089200000, 0x0000000089300000, 0x0000000089300000|100%| E|CS|TAMS 0x0000000089200000, 0x0000000089200000| Complete 
| 147|0x0000000089300000, 0x0000000089400000, 0x0000000089400000|100%| E|CS|TAMS 0x0000000089300000, 0x0000000089300000| Complete 
| 148|0x0000000089400000, 0x0000000089500000, 0x0000000089500000|100%| E|CS|TAMS 0x0000000089400000, 0x0000000089400000| Complete 
| 149|0x0000000089500000, 0x0000000089600000, 0x0000000089600000|100%| E|CS|TAMS 0x0000000089500000, 0x0000000089500000| Complete 
| 150|0x0000000089600000, 0x0000000089700000, 0x0000000089700000|100%| E|CS|TAMS 0x0000000089600000, 0x0000000089600000| Complete 
| 151|0x0000000089700000, 0x0000000089800000, 0x0000000089800000|100%| E|CS|TAMS 0x0000000089700000, 0x0000000089700000| Complete 
| 152|0x0000000089800000, 0x0000000089900000, 0x0000000089900000|100%| E|CS|TAMS 0x0000000089800000, 0x0000000089800000| Complete 
| 153|0x0000000089900000, 0x0000000089a00000, 0x0000000089a00000|100%| E|CS|TAMS 0x0000000089900000, 0x0000000089900000| Complete 

Card table byte_map: [0x000001242b770000,0x000001242bb70000] _byte_map_base: 0x000001242b370000

Marking Bits (Prev, Next): (CMBitMap*) 0x00000124148e2f10, (CMBitMap*) 0x00000124148e2ed8
 Prev Bits: [0x000001242df70000, 0x000001242ff70000)
 Next Bits: [0x000001242bf70000, 0x000001242df70000)

Polling page: 0x0000012412f00000

Metaspace:

Usage:
  Non-class:     18.93 MB capacity,    18.74 MB ( 99%) used,   169.76 KB ( <1%) free+waste,    24.81 KB ( <1%) overhead. 
      Class:      2.27 MB capacity,     2.13 MB ( 94%) used,   129.13 KB (  6%) free+waste,     9.56 KB ( <1%) overhead. 
       Both:     21.20 MB capacity,    20.87 MB ( 98%) used,   298.89 KB (  1%) free+waste,    34.38 KB ( <1%) overhead. 

Virtual space:
  Non-class space:       20.00 MB reserved,      19.00 MB ( 95%) committed 
      Class space:        1.00 GB reserved,       2.38 MB ( <1%) committed 
             Both:        1.02 GB reserved,      21.38 MB (  2%) committed 

Chunk freelists:
   Non-Class:  1.00 KB
       Class:  2.00 KB
        Both:  3.00 KB

CodeHeap 'non-profiled nmethods': size=120064Kb used=2100Kb max_used=2100Kb free=117963Kb
 bounds [0x0000012423a20000, 0x0000012423c90000, 0x000001242af60000]
CodeHeap 'profiled nmethods': size=120000Kb used=8701Kb max_used=8701Kb free=111298Kb
 bounds [0x000001241c4f0000, 0x000001241cd70000, 0x0000012423a20000]
CodeHeap 'non-nmethods': size=5696Kb used=1119Kb max_used=1171Kb free=4576Kb
 bounds [0x000001241bf60000, 0x000001241c1d0000, 0x000001241c4f0000]
 total_blobs=4169 nmethods=3750 adapters=330
 compilation: enabled
              stopped_count=0, restarted_count=0
 full_count=0

Compilation events (10 events):
Event: 16.028 Thread 0x00000124323a3800 3750       3       java.util.regex.Pattern$GroupTail::<init> (17 bytes)
Event: 16.028 Thread 0x00000124323a3800 nmethod 3750 0x000001241cd65d90 code [0x000001241cd65f40, 0x000001241cd66178]
Event: 16.029 Thread 0x00000124323a3800 3751       3       java.util.Formatter$FormatSpecifier::checkBadFlags (49 bytes)
Event: 16.029 Thread 0x00000124323a3800 nmethod 3751 0x000001241cd66290 code [0x000001241cd66480, 0x000001241cd668d8]
Event: 16.033 Thread 0x00000124323a3800 3752       3       org.apache.maven.model.merge.ModelMerger::mergeScm (64 bytes)
Event: 16.034 Thread 0x00000124323a3800 nmethod 3752 0x000001241cd66b10 code [0x000001241cd66d00, 0x000001241cd67388]
Event: 16.035 Thread 0x00000124323a3800 3753       3       org.apache.maven.model.interpolation.StringVisitorModelInterpolator$ModelVisitor::visit (89 bytes)
Event: 16.036 Thread 0x00000124323a3800 nmethod 3753 0x000001241cd67510 code [0x000001241cd67780, 0x000001241cd68398]
Event: 16.039 Thread 0x00000124323a1000 nmethod 3740 0x0000012423c2bc10 code [0x0000012423c2bde0, 0x0000012423c2ca18]
Event: 16.039 Thread 0x00000124323a1000 3745   !   4       sun.nio.cs.ISO_8859_1$Decoder::decodeArrayLoop (263 bytes)

GC Heap History (10 events):
Event: 2.401 GC heap before
{Heap before GC invocations=2 (full 0):
 garbage-first heap   total 131072K, used 15362K [0x0000000080000000, 0x0000000100000000)
  region size 1024K, 13 young (13312K), 1 survivors (1024K)
 Metaspace       used 12316K, capacity 12532K, committed 12672K, reserved 1060864K
  class space    used 1245K, capacity 1348K, committed 1408K, reserved 1048576K
}
Event: 2.406 GC heap after
{Heap after GC invocations=3 (full 0):
 garbage-first heap   total 131072K, used 3645K [0x0000000080000000, 0x0000000100000000)
  region size 1024K, 2 young (2048K), 2 survivors (2048K)
 Metaspace       used 12316K, capacity 12532K, committed 12672K, reserved 1060864K
  class space    used 1245K, capacity 1348K, committed 1408K, reserved 1048576K
}
Event: 3.077 GC heap before
{Heap before GC invocations=3 (full 0):
 garbage-first heap   total 131072K, used 20029K [0x0000000080000000, 0x0000000100000000)
  region size 1024K, 19 young (19456K), 2 survivors (2048K)
 Metaspace       used 14139K, capacity 14353K, committed 14720K, reserved 1062912K
  class space    used 1459K, capacity 1548K, committed 1664K, reserved 1048576K
}
Event: 3.083 GC heap after
{Heap after GC invocations=4 (full 0):
 garbage-first heap   total 131072K, used 4141K [0x0000000080000000, 0x0000000100000000)
  region size 1024K, 2 young (2048K), 2 survivors (2048K)
 Metaspace       used 14139K, capacity 14353K, committed 14720K, reserved 1062912K
  class space    used 1459K, capacity 1548K, committed 1664K, reserved 1048576K
}
Event: 7.292 GC heap before
{Heap before GC invocations=4 (full 0):
 garbage-first heap   total 131072K, used 34861K [0x0000000080000000, 0x0000000100000000)
  region size 1024K, 32 young (32768K), 2 survivors (2048K)
 Metaspace       used 19673K, capacity 19995K, committed 20224K, reserved 1067008K
  class space    used 2115K, capacity 2243K, committed 2304K, reserved 1048576K
}
Event: 7.308 GC heap after
{Heap after GC invocations=5 (full 0):
 garbage-first heap   total 131072K, used 6608K [0x0000000080000000, 0x0000000100000000)
  region size 1024K, 4 young (4096K), 4 survivors (4096K)
 Metaspace       used 19673K, capacity 19995K, committed 20224K, reserved 1067008K
  class space    used 2115K, capacity 2243K, committed 2304K, reserved 1048576K
}
Event: 10.358 GC heap before
{Heap before GC invocations=5 (full 0):
 garbage-first heap   total 131072K, used 46544K [0x0000000080000000, 0x0000000100000000)
  region size 1024K, 43 young (44032K), 4 survivors (4096K)
 Metaspace       used 20564K, capacity 20880K, committed 20992K, reserved 1069056K
  class space    used 2161K, capacity 2281K, committed 2304K, reserved 1048576K
}
Event: 10.385 GC heap after
{Heap after GC invocations=6 (full 0):
 garbage-first heap   total 131072K, used 11182K [0x0000000080000000, 0x0000000100000000)
  region size 1024K, 6 young (6144K), 6 survivors (6144K)
 Metaspace       used 20564K, capacity 20880K, committed 20992K, reserved 1069056K
  class space    used 2161K, capacity 2281K, committed 2304K, reserved 1048576K
}
Event: 11.470 GC heap before
{Heap before GC invocations=6 (full 0):
 garbage-first heap   total 131072K, used 38830K [0x0000000080000000, 0x0000000100000000)
  region size 1024K, 34 young (34816K), 6 survivors (6144K)
 Metaspace       used 20927K, capacity 21203K, committed 21248K, reserved 1069056K
  class space    used 2163K, capacity 2282K, committed 2304K, reserved 1048576K
}
Event: 11.499 GC heap after
{Heap after GC invocations=7 (full 0):
 garbage-first heap   total 157696K, used 15105K [0x0000000080000000, 0x0000000100000000)
  region size 1024K, 7 young (7168K), 7 survivors (7168K)
 Metaspace       used 20927K, capacity 21203K, committed 21248K, reserved 1069056K
  class space    used 2163K, capacity 2282K, committed 2304K, reserved 1048576K
}

Deoptimization events (10 events):
Event: 12.585 Thread 0x00000124148a7800 Uncommon trap: reason=unstable_if action=reinterpret pc=0x0000012423ba0e60 method=org.codehaus.plexus.util.xml.pull.MXParser.parseAttribute()C @ 988 c2
Event: 12.775 Thread 0x00000124148a7800 Uncommon trap: reason=profile_predicate action=maybe_recompile pc=0x0000012423bcbdf8 method=sun.nio.cs.ISO_8859_1$Decoder.decodeArrayLoop(Ljava/nio/ByteBuffer;Ljava/nio/CharBuffer;)Ljava/nio/charset/CoderResult; @ 133 c2
Event: 13.208 Thread 0x00000124148a7800 Uncommon trap: reason=unstable_if action=reinterpret pc=0x0000012423b819e0 method=java.util.HashMap.getNode(ILjava/lang/Object;)Ljava/util/HashMap$Node; @ 53 c2
Event: 13.208 Thread 0x00000124148a7800 Uncommon trap: reason=unstable_if action=reinterpret pc=0x0000012423aab064 method=java.util.HashMap.getNode(ILjava/lang/Object;)Ljava/util/HashMap$Node; @ 53 c2
Event: 14.554 Thread 0x00000124148a7800 Uncommon trap: reason=unstable_if action=reinterpret pc=0x0000012423bc1fd4 method=org.eclipse.aether.artifact.DefaultArtifact.<init>(Ljava/lang/String;Ljava/lang/String;Ljava/lang/String;Ljava/lang/String;Ljava/lang/String;Ljava/util/Map;Lorg/eclipse/aeth
Event: 14.985 Thread 0x00000124148a7800 Uncommon trap: reason=unstable_if action=reinterpret pc=0x0000012423bb6f50 method=org.codehaus.plexus.interpolation.StringSearchInterpolator.interpolate(Ljava/lang/String;Lorg/codehaus/plexus/interpolation/RecursionInterceptor;Ljava/util/Set;)Ljava/lang/S
Event: 15.204 Thread 0x00000124148a7800 Uncommon trap: reason=unstable_if action=reinterpret pc=0x0000012423c05968 method=org.codehaus.plexus.interpolation.util.StringUtils.capitalizeFirstLetter(Ljava/lang/String;)Ljava/lang/String; @ 13 c2
Event: 16.019 Thread 0x00000124148a7800 Uncommon trap: reason=profile_predicate action=maybe_recompile pc=0x0000012423bcbdf8 method=sun.nio.cs.ISO_8859_1$Decoder.decodeArrayLoop(Ljava/nio/ByteBuffer;Ljava/nio/CharBuffer;)Ljava/nio/charset/CoderResult; @ 133 c2
Event: 16.020 Thread 0x00000124148a7800 Uncommon trap: reason=profile_predicate action=maybe_recompile pc=0x0000012423bcbdf8 method=sun.nio.cs.ISO_8859_1$Decoder.decodeArrayLoop(Ljava/nio/ByteBuffer;Ljava/nio/CharBuffer;)Ljava/nio/charset/CoderResult; @ 133 c2
Event: 16.020 Thread 0x00000124148a7800 Uncommon trap: reason=profile_predicate action=maybe_recompile pc=0x0000012423bcbdf8 method=sun.nio.cs.ISO_8859_1$Decoder.decodeArrayLoop(Ljava/nio/ByteBuffer;Ljava/nio/CharBuffer;)Ljava/nio/charset/CoderResult; @ 133 c2

Classes redefined (0 events):
No events

Internal exceptions (10 events):
Event: 4.342 Thread 0x00000124148a7800 Exception <a 'java/lang/NoClassDefFoundError'{0x0000000086a4ab80}: com/google/inject/servlet/ServletModuleTargetVisitor> (0x0000000086a4ab80) thrown at [./open/src/hotspot/share/classfile/systemDictionary.cpp, line 215]
Event: 4.342 Thread 0x00000124148a7800 Exception <a 'java/lang/NoClassDefFoundError'{0x0000000086a4ab80}> (0x0000000086a4ab80) thrown at [./open/src/hotspot/share/prims/jvm.cpp, line 1309]
Event: 4.596 Thread 0x00000124148a7800 Exception <a 'java/lang/NoSuchMethodError'{0x0000000086996f00}: java.lang.invoke.DirectMethodHandle$Holder.invokeStaticInit(Ljava/lang/Object;IIII)Ljava/lang/Object;> (0x0000000086996f00) thrown at [./open/src/hotspot/share/interpreter/linkResolver.cpp, l
Event: 6.513 Thread 0x00000124148a7800 Implicit null exception at 0x0000012423ad0720 to 0x0000012423ad37c8
Event: 6.648 Thread 0x00000124148a7800 Implicit null exception at 0x0000012423a48874 to 0x0000012423a48d80
Event: 6.649 Thread 0x00000124148a7800 Implicit null exception at 0x0000012423a49374 to 0x0000012423a49860
Event: 8.767 Thread 0x00000124148a7800 Implicit null exception at 0x0000012423b1e2fa to 0x0000012423b1e530
Event: 8.767 Thread 0x00000124148a7800 Implicit null exception at 0x0000012423b2eb42 to 0x0000012423b305a4
Event: 8.767 Thread 0x00000124148a7800 Implicit null exception at 0x0000012423aaeed5 to 0x0000012423aaf098
Event: 8.768 Thread 0x00000124148a7800 Implicit null exception at 0x0000012423a9c71b to 0x0000012423a9cdda

Events (10 events):
Event: 16.013 Thread 0x00000124148a7800 DEOPT UNPACKING pc=0x000001241bf87c0e sp=0x00000003d17fbac8 mode 0
Event: 16.019 Thread 0x00000124148a7800 Uncommon trap: trap_request=0xffffffbe fr.pc=0x0000012423bcbdf8 relative=0x00000000000006b8
Event: 16.019 Thread 0x00000124148a7800 DEOPT PACKING pc=0x0000012423bcbdf8 sp=0x00000003d17fb3e0
Event: 16.019 Thread 0x00000124148a7800 DEOPT UNPACKING pc=0x000001241bf683af sp=0x00000003d17fb350 mode 2
Event: 16.020 Thread 0x00000124148a7800 Uncommon trap: trap_request=0xffffffbe fr.pc=0x0000012423bcbdf8 relative=0x00000000000006b8
Event: 16.020 Thread 0x00000124148a7800 DEOPT PACKING pc=0x0000012423bcbdf8 sp=0x00000003d17fb1e0
Event: 16.020 Thread 0x00000124148a7800 DEOPT UNPACKING pc=0x000001241bf683af sp=0x00000003d17fb150 mode 2
Event: 16.020 Thread 0x00000124148a7800 Uncommon trap: trap_request=0xffffffbe fr.pc=0x0000012423bcbdf8 relative=0x00000000000006b8
Event: 16.020 Thread 0x00000124148a7800 DEOPT PACKING pc=0x0000012423bcbdf8 sp=0x00000003d17fb280
Event: 16.020 Thread 0x00000124148a7800 DEOPT UNPACKING pc=0x000001241bf683af sp=0x00000003d17fb1f0 mode 2


Dynamic libraries:
0x00007ff6325f0000 - 0x00007ff6325ff000 	C:\Program Files\Java\jdk-11.0.16\bin\java.exe
0x00007ffbf1eb0000 - 0x00007ffbf20a8000 	C:\Windows\SYSTEM32\ntdll.dll
0x00007ffbf0220000 - 0x00007ffbf02dd000 	C:\Windows\System32\KERNEL32.DLL
0x00007ffbef6c0000 - 0x00007ffbef992000 	C:\Windows\System32\KERNELBASE.dll
0x00007ffbef5c0000 - 0x00007ffbef6c0000 	C:\Windows\System32\ucrtbase.dll
0x00007ffbca0b0000 - 0x00007ffbca0c8000 	C:\Program Files\Java\jdk-11.0.16\bin\jli.dll
0x00007ffbf0600000 - 0x00007ffbf06ae000 	C:\Windows\System32\ADVAPI32.dll
0x00007ffbeffe0000 - 0x00007ffbf007e000 	C:\Windows\System32\msvcrt.dll
0x00007ffbf1420000 - 0x00007ffbf14bc000 	C:\Windows\System32\sechost.dll
0x00007ffbf14c0000 - 0x00007ffbf15e5000 	C:\Windows\System32\RPCRT4.dll
0x00007ffbf0080000 - 0x00007ffbf021d000 	C:\Windows\System32\USER32.dll
0x00007ffbefb00000 - 0x00007ffbefb22000 	C:\Windows\System32\win32u.dll
0x00007ffbf16f0000 - 0x00007ffbf171b000 	C:\Windows\System32\GDI32.dll
0x00007ffbef9a0000 - 0x00007ffbefaaf000 	C:\Windows\System32\gdi32full.dll
0x00007ffbefdd0000 - 0x00007ffbefe6d000 	C:\Windows\System32\msvcp_win.dll
0x00007ffbc9fc0000 - 0x00007ffbc9fd5000 	C:\Program Files\Java\jdk-11.0.16\bin\VCRUNTIME140.dll
0x00007ffbd78d0000 - 0x00007ffbd7b6a000 	C:\Windows\WinSxS\amd64_microsoft.windows.common-controls_6595b64144ccf1df_6.0.19041.1110_none_60b5254171f9507e\COMCTL32.dll
0x00007ffbe5d70000 - 0x00007ffbe5d7a000 	C:\Windows\SYSTEM32\VERSION.dll
0x00007ffbf1610000 - 0x00007ffbf1640000 	C:\Windows\System32\IMM32.DLL
0x00007ffbc5070000 - 0x00007ffbc510b000 	C:\Program Files\Java\jdk-11.0.16\bin\msvcp140.dll
0x00007ffb83de0000 - 0x00007ffb848f8000 	C:\Program Files\Java\jdk-11.0.16\bin\server\jvm.dll
0x00007ffbf1600000 - 0x00007ffbf1608000 	C:\Windows\System32\PSAPI.DLL
0x00007ffbea360000 - 0x00007ffbea369000 	C:\Windows\SYSTEM32\WSOCK32.dll
0x00007ffbf0e10000 - 0x00007ffbf0e7b000 	C:\Windows\System32\WS2_32.dll
0x00007ffbcc830000 - 0x00007ffbcc857000 	C:\Windows\SYSTEM32\WINMM.dll
0x00007ffbed460000 - 0x00007ffbed472000 	C:\Windows\SYSTEM32\kernel.appcore.dll
0x00007ffbd34b0000 - 0x00007ffbd34c0000 	C:\Program Files\Java\jdk-11.0.16\bin\verify.dll
0x00007ffbe1d70000 - 0x00007ffbe1f54000 	C:\Windows\SYSTEM32\DBGHELP.DLL
0x00007ffbe24c0000 - 0x00007ffbe24ec000 	C:\Windows\SYSTEM32\dbgcore.DLL
0x00007ffbefd40000 - 0x00007ffbefdc2000 	C:\Windows\System32\bcryptPrimitives.dll
0x00007ffbc7cc0000 - 0x00007ffbc7ce8000 	C:\Program Files\Java\jdk-11.0.16\bin\java.dll
0x00007ffbd3260000 - 0x00007ffbd326a000 	C:\Program Files\Java\jdk-11.0.16\bin\jimage.dll
0x00007ffbc7ca0000 - 0x00007ffbc7cb6000 	C:\Program Files\Java\jdk-11.0.16\bin\zip.dll
0x00007ffbf1720000 - 0x00007ffbf1e63000 	C:\Windows\System32\SHELL32.dll
0x00007ffbed660000 - 0x00007ffbeddf1000 	C:\Windows\SYSTEM32\windows.storage.dll
0x00007ffbf0e80000 - 0x00007ffbf11d4000 	C:\Windows\System32\combase.dll
0x00007ffbeee60000 - 0x00007ffbeee90000 	C:\Windows\SYSTEM32\Wldp.dll
0x00007ffbf1640000 - 0x00007ffbf16ed000 	C:\Windows\System32\SHCORE.dll
0x00007ffbf06b0000 - 0x00007ffbf0705000 	C:\Windows\System32\shlwapi.dll
0x00007ffbef500000 - 0x00007ffbef51f000 	C:\Windows\SYSTEM32\profapi.dll
0x00007ffbc7ba0000 - 0x00007ffbc7bb9000 	C:\Program Files\Java\jdk-11.0.16\bin\net.dll
0x00007ffbe6d20000 - 0x00007ffbe6e2d000 	C:\Windows\SYSTEM32\WINHTTP.dll
0x00007ffbeec40000 - 0x00007ffbeecaa000 	C:\Windows\system32\mswsock.dll
0x00007ffbc7b80000 - 0x00007ffbc7b92000 	C:\Program Files\Java\jdk-11.0.16\bin\nio.dll
0x0000000069ac0000 - 0x0000000069ae4000 	C:\Users\sfjbs\Downloads\micro service-20221001T123314Z-001\micro service\apache-maven-3.8.5-bin\apache-maven-3.8.5\lib\jansi-native\Windows\x86_64\jansi.dll

dbghelp: loaded successfully - version: 4.0.5 - missing functions: none
symbol engine: initialized successfully - sym options: 0x614 - pdb path: .;C:\Program Files\Java\jdk-11.0.16\bin;C:\Windows\SYSTEM32;C:\Windows\WinSxS\amd64_microsoft.windows.common-controls_6595b64144ccf1df_6.0.19041.1110_none_60b5254171f9507e;C:\Program Files\Java\jdk-11.0.16\bin\server;C:\Users\sfjbs\Downloads\micro service-20221001T123314Z-001\micro service\apache-maven-3.8.5-bin\apache-maven-3.8.5\lib\jansi-native\Windows\x86_64

VM Arguments:
jvm_args: -Dclassworlds.conf=C:\Users\sfjbs\Downloads\micro service-20221001T123314Z-001\micro service\apache-maven-3.8.5-bin\apache-maven-3.8.5\bin\m2.conf -Dmaven.home=C:\Users\sfjbs\Downloads\micro service-20221001T123314Z-001\micro service\apache-maven-3.8.5-bin\apache-maven-3.8.5 -Dlibrary.jansi.path=C:\Users\sfjbs\Downloads\micro service-20221001T123314Z-001\micro service\apache-maven-3.8.5-bin\apache-maven-3.8.5\lib\jansi-native -Dmaven.multiModuleProjectDirectory=C:\Users\sfjbs\IdeaProjects\training\sriprabha\Day11\eureka-app\school-service 
java_command: org.codehaus.plexus.classworlds.launcher.Launcher spring-boot:run
java_class_path (initial): C:\Users\sfjbs\Downloads\micro service-20221001T123314Z-001\micro service\apache-maven-3.8.5-bin\apache-maven-3.8.5\boot\plexus-classworlds-2.6.0.jar
Launcher Type: SUN_STANDARD

[Global flags]
     intx CICompilerCount                          = 2                                         {product} {ergonomic}
     uint ConcGCThreads                            = 1                                         {product} {ergonomic}
     uint G1ConcRefinementThreads                  = 2                                         {product} {ergonomic}
   size_t G1HeapRegionSize                         = 1048576                                   {product} {ergonomic}
    uintx GCDrainStackTargetSize                   = 64                                        {product} {ergonomic}
   size_t InitialHeapSize                          = 134217728                                 {product} {ergonomic}
   size_t MarkStackSize                            = 4194304                                   {product} {ergonomic}
   size_t MaxHeapSize                              = 2147483648                                {product} {ergonomic}
   size_t MaxNewSize                               = 1287651328                                {product} {ergonomic}
   size_t MinHeapDeltaBytes                        = 1048576                                   {product} {ergonomic}
    uintx NonNMethodCodeHeapSize                   = 5825164                                {pd product} {ergonomic}
    uintx NonProfiledCodeHeapSize                  = 122916538                              {pd product} {ergonomic}
    uintx ProfiledCodeHeapSize                     = 122916538                              {pd product} {ergonomic}
    uintx ReservedCodeCacheSize                    = 251658240                              {pd product} {ergonomic}
     bool SegmentedCodeCache                       = true                                      {product} {ergonomic}
     bool UseCompressedClassPointers               = true                                 {lp64_product} {ergonomic}
     bool UseCompressedOops                        = true                                 {lp64_product} {ergonomic}
     bool UseG1GC                                  = true                                      {product} {ergonomic}
     bool UseLargePagesIndividualAllocation        = false                                  {pd product} {ergonomic}

Logging:
Log output configuration:
 #0: stdout all=warning uptime,level,tags
 #1: stderr all=off uptime,level,tags

Environment Variables:
PATH=C:\Program Files\Common Files\Oracle\Java\javapath;C:\Windows\system32;C:\Windows;C:\Windows\System32\Wbem;C:\Windows\System32\WindowsPowerShell\v1.0\;C:\Windows\System32\OpenSSH\;C:\Users\sfjbs\Downloads\micro service-20221001T123314Z-001\micro service\apache-maven-3.8.5-bin\apache-maven-3.8.5\bin;C:\Users\sfjbs\Downloads\micro service-20221001T123314Z-001\micro service\apache-maven-3.8.5-bin\apache-maven-3.8.5\lib;C:\Program Files\Docker\Docker\resources\bin;C:\ProgramData\DockerDesktop\version-bin;C:\Program Files\Git\cmd;C:\Users\sfjbs\AppData\Local\Microsoft\WindowsApps;C:\Users\sfjbs\Downloads\micro service-20221001T123314Z-001\micro service\apache-maven-3.8.5-bin\apache-maven-3.8.5\bin;C:\Users\sfjbs\Downloads\micro service-20221001T123314Z-001\micro service\apache-maven-3.8.5-bin\apache-maven-3.8.5\lib;;C:\Program Files\JetBrains\IntelliJ IDEA Community Edition 2022.2.1\bin;
USERNAME=sfjbs
OS=Windows_NT
PROCESSOR_IDENTIFIER=Intel64 Family 6 Model 85 Stepping 7, GenuineIntel



---------------  S Y S T E M  ---------------

OS: Windows 10 , 64 bit Build 19041 (10.0.19041.1889)
Hyper-V role detected

CPU:total 2 (initial active 2) (1 cores per cpu, 2 threads per core) family 6 model 85 stepping 7 microcode 0xffffffff, cmov, cx8, fxsr, mmx, sse, sse2, sse3, ssse3, sse4.1, sse4.2, popcnt, avx, avx2, aes, clmul, erms, rtm, 3dnowpref, lzcnt, ht, tsc, bmi1, bmi2, adx, evex, fma

Memory: 4k page, system-wide physical 8190M (270M free)
TotalPageFile size 10238M (AvailPageFile size 190M)
current process WorkingSet (physical memory assigned to process): 161M, peak: 176M
current process commit charge ("private bytes"): 260M, peak: 280M

vm_info: Java HotSpot(TM) 64-Bit Server VM (11.0.16+11-LTS-199) for windows-amd64 JRE (11.0.16+11-LTS-199), built on Jun 28 2022 08:23:17 by "mach5one" with MS VC++ 15.9 (VS2017)

END.
