#
# There is insufficient memory for the Java Runtime Environment to continue.
# Native memory allocation (mmap) failed to map 123731968 bytes for Failed to commit area from 0x0000000089b00000 to 0x0000000091100000 of length 123731968.
# Possible reasons:
#   The system is out of physical RAM or swap space
#   The process is running with CompressedOops enabled, and the Java Heap may be blocking the growth of the native heap
# Possible solutions:
#   Reduce memory load on the system
#   Increase physical memory or swap space
#   Check if swap backing store is full
#   Decrease Java heap size (-Xmx/-Xms)
#   Decrease number of Java threads
#   Decrease Java thread stack sizes (-Xss)
#   Set larger code cache with -XX:ReservedCodeCacheSize=
#   JVM is running with Unscaled Compressed Oops mode in which the Java heap is
#     placed in the first 4GB address space. The Java Heap base address is the
#     maximum limit for the native heap growth. Please use -XX:HeapBaseMinAddress
#     to set the Java Heap base and to place the Java Heap above 4GB virtual address.
# This output file may be truncated or incomplete.
#
#  Out of Memory Error (./open/src/hotspot/os/windows/os_windows.cpp:3287), pid=31852, tid=28836
#
# JRE version: Java(TM) SE Runtime Environment 18.9 (11.0.16+11) (build 11.0.16+11-LTS-199)
# Java VM: Java HotSpot(TM) 64-Bit Server VM 18.9 (11.0.16+11-LTS-199, mixed mode, tiered, compressed oops, g1 gc, windows-amd64)
# No core dump will be written. Minidumps are not enabled by default on client versions of Windows
#

---------------  S U M M A R Y ------------

Command Line: -Xverify:none -XX:TieredStopAtLevel=1 com.pension.app.PensionMicroserviceApplication

Host: Intel(R) Xeon(R) Platinum 8370C CPU @ 2.80GHz, 2 cores, 7G,  Windows 10 , 64 bit Build 19041 (10.0.19041.1889)
Time: Wed Oct 26 11:13:14 2022 Coordinated Universal Time elapsed time: 4.335213 seconds (0d 0h 0m 4s)

---------------  T H R E A D  ---------------

Current thread (0x000001151da10000):  VMThread "VM Thread" [stack: 0x0000000fa0e00000,0x0000000fa0f00000] [id=28836]

Stack: [0x0000000fa0e00000,0x0000000fa0f00000]
[error occurred during error reporting (printing stack bounds), id 0xc0000005, EXCEPTION_ACCESS_VIOLATION (0xc0000005) at pc=0x00000115075f10e7]

Native frames: (J=compiled Java code, j=interpreted, Vv=VM code, C=native code)
V  [jvm.dll+0x62a3ea]
V  [jvm.dll+0x76418f]
V  [jvm.dll+0x765839]
V  [jvm.dll+0x765e25]
V  [jvm.dll+0x765ddb]
V  [jvm.dll+0x6298d3]
V  [jvm.dll+0x629fe8]
C  [ntdll.dll+0xa235f]
C  [ntdll.dll+0x514a4]
C  [ntdll.dll+0xa0e8e]
C  0x00000115075f10e7

VM_Operation (0x0000000fa08fca80): CollectForMetadataAllocation, mode: safepoint, requested by thread 0x000001157d0e4000


---------------  P R O C E S S  ---------------

Threads class SMR info:
_java_thread_list=0x00000115202c3ba0, length=13, elements={
0x000001157d0e4000, 0x000001151da12800, 0x000001151da13800, 0x000001151da33000,
0x000001151da36000, 0x000001151da38000, 0x000001151da3e000, 0x000001151da5b800,
0x000001151e4ba800, 0x00000115202ab000, 0x00000115202ac000, 0x000001152038d800,
0x000001152039a000
}

Java Threads: ( => current thread )
  0x000001157d0e4000 JavaThread "main" [_thread_blocked, id=35128, stack(0x0000000fa0800000,0x0000000fa0900000)]
  0x000001151da12800 JavaThread "Reference Handler" daemon [_thread_blocked, id=29028, stack(0x0000000fa0f00000,0x0000000fa1000000)]
  0x000001151da13800 JavaThread "Finalizer" daemon [_thread_blocked, id=34004, stack(0x0000000fa1000000,0x0000000fa1100000)]
  0x000001151da33000 JavaThread "Signal Dispatcher" daemon [_thread_blocked, id=34572, stack(0x0000000fa1100000,0x0000000fa1200000)]
  0x000001151da36000 JavaThread "Attach Listener" daemon [_thread_blocked, id=35256, stack(0x0000000fa1200000,0x0000000fa1300000)]
  0x000001151da38000 JavaThread "Service Thread" daemon [_thread_blocked, id=35724, stack(0x0000000fa1300000,0x0000000fa1400000)]
  0x000001151da3e000 JavaThread "C1 CompilerThread0" daemon [_thread_blocked, id=33900, stack(0x0000000fa1400000,0x0000000fa1500000)]
  0x000001151da5b800 JavaThread "Sweeper thread" daemon [_thread_blocked, id=35252, stack(0x0000000fa1500000,0x0000000fa1600000)]
  0x000001151e4ba800 JavaThread "Common-Cleaner" daemon [_thread_blocked, id=33996, stack(0x0000000fa1700000,0x0000000fa1800000)]
  0x00000115202ab000 JavaThread "Catalina-utility-1" [_thread_blocked, id=33892, stack(0x0000000fa1900000,0x0000000fa1a00000)]
  0x00000115202ac000 JavaThread "Catalina-utility-2" [_thread_blocked, id=25444, stack(0x0000000fa1a00000,0x0000000fa1b00000)]
  0x000001152038d800 JavaThread "container-0" [_thread_blocked, id=28280, stack(0x0000000fa1b00000,0x0000000fa1c00000)]
  0x000001152039a000 JavaThread "mysql-cj-abandoned-connection-cleanup" daemon [_thread_blocked, id=34820, stack(0x0000000fa1c00000,0x0000000fa1d00000)]

Other Threads:
=>0x000001151da10000 VMThread "VM Thread" [stack: 0x0000000fa0e00000,0x0000000fa0f00000] [id=28836]
  0x000001151e4b5800 WatcherThread [stack: 0x0000000fa1600000,0x0000000fa1700000] [id=35592]
  0x000001157d0f4000 GCTaskThread "GC Thread#0" [stack: 0x0000000fa0900000,0x0000000fa0a00000] [id=35624]
  0x000001151e8a0800 GCTaskThread "GC Thread#1" [stack: 0x0000000fa1800000,0x0000000fa1900000] [id=35752]
  0x000001157d124000 ConcurrentGCThread "G1 Main Marker" [stack: 0x0000000fa0a00000,0x0000000fa0b00000] [id=31920]
  0x000001157d126800 ConcurrentGCThread "G1 Conc#0" [stack: 0x0000000fa0b00000,0x0000000fa0c00000] [id=34544]
  0x000001157d1ae000 ConcurrentGCThread "G1 Refine#0" [stack: 0x0000000fa0c00000,0x0000000fa0d00000] [id=35740]
  0x000001157d1af000 ConcurrentGCThread "G1 Young RemSet Sampling" [stack: 0x0000000fa0d00000,0x0000000fa0e00000] [id=35208]

Threads with active compile tasks:

VM state:at safepoint (normal execution)

VM Mutex/Monitor currently owned by a thread:  ([mutex/lock_event])
[0x000001157d0e0190] Threads_lock - owner thread: 0x000001151da10000
[0x000001157d0e0730] Heap_lock - owner thread: 0x000001157d0e4000

Heap address: 0x0000000080000000, size: 2048 MB, Compressed Oops mode: 32-bit
Narrow klass base: 0x0000000000000000, Narrow klass shift: 3
Compressed class space size: 1073741824 Address: 0x0000000100000000

Heap:
 garbage-first heap   total 279552K, used 15836K [0x0000000080000000, 0x0000000100000000)
  region size 1024K, 6 young (6144K), 6 survivors (6144K)
 Metaspace       used 34723K, capacity 35823K, committed 35920K, reserved 1081344K
  class space    used 4413K, capacity 4864K, committed 4864K, reserved 1048576K
Heap Regions: E=young(eden), S=young(survivor), O=old, HS=humongous(starts), HC=humongous(continues), CS=collection set, F=free, A=archive, TAMS=top-at-mark-start (previous, next)
|   0|0x0000000080000000, 0x0000000080100000, 0x0000000080100000|100%|HS|  |TAMS 0x0000000080100000, 0x0000000080100000| Complete 
|   1|0x0000000080100000, 0x0000000080200000, 0x0000000080200000|100%| O|  |TAMS 0x0000000080200000, 0x0000000080200000| Untracked 
|   2|0x0000000080200000, 0x0000000080300000, 0x0000000080300000|100%| O|  |TAMS 0x0000000080300000, 0x0000000080300000| Untracked 
|   3|0x0000000080300000, 0x0000000080400000, 0x0000000080400000|100%| O|  |TAMS 0x0000000080400000, 0x0000000080400000| Untracked 
|   4|0x0000000080400000, 0x0000000080500000, 0x0000000080500000|100%| O|  |TAMS 0x0000000080500000, 0x0000000080500000| Untracked 
|   5|0x0000000080500000, 0x0000000080600000, 0x0000000080600000|100%| O|  |TAMS 0x0000000080600000, 0x0000000080600000| Untracked 
|   6|0x0000000080600000, 0x0000000080700000, 0x0000000080700000|100%| O|  |TAMS 0x0000000080642600, 0x0000000080700000| Untracked 
|   7|0x0000000080700000, 0x0000000080800000, 0x0000000080800000|100%| O|  |TAMS 0x0000000080700000, 0x0000000080800000| Untracked 
|   8|0x0000000080800000, 0x0000000080900000, 0x0000000080900000|100%| O|  |TAMS 0x0000000080800000, 0x0000000080900000| Untracked 
|   9|0x0000000080900000, 0x00000000809f7200, 0x0000000080a00000| 96%| O|  |TAMS 0x0000000080900000, 0x00000000809f7200| Untracked 
|  10|0x0000000080a00000, 0x0000000080a00000, 0x0000000080b00000|  0%| F|  |TAMS 0x0000000080a00000, 0x0000000080a00000| Untracked 
|  11|0x0000000080b00000, 0x0000000080b00000, 0x0000000080c00000|  0%| F|  |TAMS 0x0000000080b00000, 0x0000000080b00000| Untracked 
|  12|0x0000000080c00000, 0x0000000080c00000, 0x0000000080d00000|  0%| F|  |TAMS 0x0000000080c00000, 0x0000000080c00000| Untracked 
|  13|0x0000000080d00000, 0x0000000080d00000, 0x0000000080e00000|  0%| F|  |TAMS 0x0000000080d00000, 0x0000000080d00000| Untracked 
|  14|0x0000000080e00000, 0x0000000080e00000, 0x0000000080f00000|  0%| F|  |TAMS 0x0000000080e00000, 0x0000000080e00000| Untracked 
|  15|0x0000000080f00000, 0x0000000080f00000, 0x0000000081000000|  0%| F|  |TAMS 0x0000000080f00000, 0x0000000080f00000| Untracked 
|  16|0x0000000081000000, 0x0000000081000000, 0x0000000081100000|  0%| F|  |TAMS 0x0000000081000000, 0x0000000081000000| Untracked 
|  17|0x0000000081100000, 0x0000000081100000, 0x0000000081200000|  0%| F|  |TAMS 0x0000000081100000, 0x0000000081100000| Untracked 
|  18|0x0000000081200000, 0x0000000081200000, 0x0000000081300000|  0%| F|  |TAMS 0x0000000081200000, 0x0000000081200000| Untracked 
|  19|0x0000000081300000, 0x0000000081300000, 0x0000000081400000|  0%| F|  |TAMS 0x0000000081300000, 0x0000000081300000| Untracked 
|  20|0x0000000081400000, 0x0000000081400000, 0x0000000081500000|  0%| F|  |TAMS 0x0000000081400000, 0x0000000081400000| Untracked 
|  21|0x0000000081500000, 0x0000000081500000, 0x0000000081600000|  0%| F|  |TAMS 0x0000000081500000, 0x0000000081500000| Untracked 
|  22|0x0000000081600000, 0x0000000081600000, 0x0000000081700000|  0%| F|  |TAMS 0x0000000081600000, 0x0000000081600000| Untracked 
|  23|0x0000000081700000, 0x0000000081700000, 0x0000000081800000|  0%| F|  |TAMS 0x0000000081700000, 0x0000000081700000| Untracked 
|  24|0x0000000081800000, 0x0000000081800000, 0x0000000081900000|  0%| F|  |TAMS 0x0000000081800000, 0x0000000081800000| Untracked 
|  25|0x0000000081900000, 0x0000000081900000, 0x0000000081a00000|  0%| F|  |TAMS 0x0000000081900000, 0x0000000081900000| Untracked 
|  26|0x0000000081a00000, 0x0000000081a00000, 0x0000000081b00000|  0%| F|  |TAMS 0x0000000081a00000, 0x0000000081a00000| Untracked 
|  27|0x0000000081b00000, 0x0000000081b00000, 0x0000000081c00000|  0%| F|  |TAMS 0x0000000081b00000, 0x0000000081b00000| Untracked 
|  28|0x0000000081c00000, 0x0000000081c00000, 0x0000000081d00000|  0%| F|  |TAMS 0x0000000081c00000, 0x0000000081c00000| Untracked 
|  29|0x0000000081d00000, 0x0000000081d00000, 0x0000000081e00000|  0%| F|  |TAMS 0x0000000081d00000, 0x0000000081d00000| Untracked 
|  30|0x0000000081e00000, 0x0000000081e00000, 0x0000000081f00000|  0%| F|  |TAMS 0x0000000081e00000, 0x0000000081e00000| Untracked 
|  31|0x0000000081f00000, 0x0000000081f00000, 0x0000000082000000|  0%| F|  |TAMS 0x0000000081f00000, 0x0000000081f00000| Untracked 
|  32|0x0000000082000000, 0x0000000082000000, 0x0000000082100000|  0%| F|  |TAMS 0x0000000082000000, 0x0000000082000000| Untracked 
|  33|0x0000000082100000, 0x0000000082100000, 0x0000000082200000|  0%| F|  |TAMS 0x0000000082100000, 0x0000000082100000| Untracked 
|  34|0x0000000082200000, 0x0000000082200000, 0x0000000082300000|  0%| F|  |TAMS 0x0000000082200000, 0x0000000082200000| Untracked 
|  35|0x0000000082300000, 0x0000000082300000, 0x0000000082400000|  0%| F|  |TAMS 0x0000000082300000, 0x0000000082300000| Untracked 
|  36|0x0000000082400000, 0x0000000082400000, 0x0000000082500000|  0%| F|  |TAMS 0x0000000082400000, 0x0000000082400000| Untracked 
|  37|0x0000000082500000, 0x0000000082500000, 0x0000000082600000|  0%| F|  |TAMS 0x0000000082500000, 0x0000000082500000| Untracked 
|  38|0x0000000082600000, 0x0000000082600000, 0x0000000082700000|  0%| F|  |TAMS 0x0000000082600000, 0x0000000082600000| Untracked 
|  39|0x0000000082700000, 0x0000000082700000, 0x0000000082800000|  0%| F|  |TAMS 0x0000000082700000, 0x0000000082700000| Untracked 
|  40|0x0000000082800000, 0x0000000082800000, 0x0000000082900000|  0%| F|  |TAMS 0x0000000082800000, 0x0000000082800000| Untracked 
|  41|0x0000000082900000, 0x0000000082900000, 0x0000000082a00000|  0%| F|  |TAMS 0x0000000082900000, 0x0000000082900000| Untracked 
|  42|0x0000000082a00000, 0x0000000082a00000, 0x0000000082b00000|  0%| F|  |TAMS 0x0000000082a00000, 0x0000000082a00000| Untracked 
|  43|0x0000000082b00000, 0x0000000082b00000, 0x0000000082c00000|  0%| F|  |TAMS 0x0000000082b00000, 0x0000000082b00000| Untracked 
|  44|0x0000000082c00000, 0x0000000082c00000, 0x0000000082d00000|  0%| F|  |TAMS 0x0000000082c00000, 0x0000000082c00000| Untracked 
|  45|0x0000000082d00000, 0x0000000082d00000, 0x0000000082e00000|  0%| F|  |TAMS 0x0000000082d00000, 0x0000000082d00000| Untracked 
|  46|0x0000000082e00000, 0x0000000082e00000, 0x0000000082f00000|  0%| F|  |TAMS 0x0000000082e00000, 0x0000000082e00000| Untracked 
|  47|0x0000000082f00000, 0x0000000082f00000, 0x0000000083000000|  0%| F|  |TAMS 0x0000000082f00000, 0x0000000082f00000| Untracked 
|  48|0x0000000083000000, 0x0000000083000000, 0x0000000083100000|  0%| F|  |TAMS 0x0000000083000000, 0x0000000083000000| Untracked 
|  49|0x0000000083100000, 0x0000000083100000, 0x0000000083200000|  0%| F|  |TAMS 0x0000000083100000, 0x0000000083100000| Untracked 
|  50|0x0000000083200000, 0x0000000083200000, 0x0000000083300000|  0%| F|  |TAMS 0x0000000083200000, 0x0000000083200000| Untracked 
|  51|0x0000000083300000, 0x0000000083300000, 0x0000000083400000|  0%| F|  |TAMS 0x0000000083300000, 0x0000000083300000| Untracked 
|  52|0x0000000083400000, 0x0000000083400000, 0x0000000083500000|  0%| F|  |TAMS 0x0000000083400000, 0x0000000083400000| Untracked 
|  53|0x0000000083500000, 0x0000000083500000, 0x0000000083600000|  0%| F|  |TAMS 0x0000000083500000, 0x0000000083500000| Untracked 
|  54|0x0000000083600000, 0x0000000083600000, 0x0000000083700000|  0%| F|  |TAMS 0x0000000083600000, 0x0000000083600000| Untracked 
|  55|0x0000000083700000, 0x0000000083700000, 0x0000000083800000|  0%| F|  |TAMS 0x0000000083700000, 0x0000000083700000| Untracked 
|  56|0x0000000083800000, 0x0000000083800000, 0x0000000083900000|  0%| F|  |TAMS 0x0000000083800000, 0x0000000083800000| Untracked 
|  57|0x0000000083900000, 0x0000000083900000, 0x0000000083a00000|  0%| F|  |TAMS 0x0000000083900000, 0x0000000083900000| Untracked 
|  58|0x0000000083a00000, 0x0000000083a00000, 0x0000000083b00000|  0%| F|  |TAMS 0x0000000083a00000, 0x0000000083a00000| Untracked 
|  59|0x0000000083b00000, 0x0000000083b00000, 0x0000000083c00000|  0%| F|  |TAMS 0x0000000083b00000, 0x0000000083b00000| Untracked 
|  60|0x0000000083c00000, 0x0000000083c00000, 0x0000000083d00000|  0%| F|  |TAMS 0x0000000083c00000, 0x0000000083c00000| Untracked 
|  61|0x0000000083d00000, 0x0000000083d00000, 0x0000000083e00000|  0%| F|  |TAMS 0x0000000083d00000, 0x0000000083d00000| Untracked 
|  62|0x0000000083e00000, 0x0000000083e00000, 0x0000000083f00000|  0%| F|  |TAMS 0x0000000083e00000, 0x0000000083e00000| Untracked 
|  63|0x0000000083f00000, 0x0000000083f00000, 0x0000000084000000|  0%| F|  |TAMS 0x0000000083f00000, 0x0000000083f00000| Untracked 
|  64|0x0000000084000000, 0x0000000084000000, 0x0000000084100000|  0%| F|  |TAMS 0x0000000084000000, 0x0000000084000000| Untracked 
|  65|0x0000000084100000, 0x0000000084100000, 0x0000000084200000|  0%| F|  |TAMS 0x0000000084100000, 0x0000000084100000| Untracked 
|  66|0x0000000084200000, 0x0000000084200000, 0x0000000084300000|  0%| F|  |TAMS 0x0000000084200000, 0x0000000084200000| Untracked 
|  67|0x0000000084300000, 0x0000000084300000, 0x0000000084400000|  0%| F|  |TAMS 0x0000000084300000, 0x0000000084300000| Untracked 
|  68|0x0000000084400000, 0x0000000084400000, 0x0000000084500000|  0%| F|  |TAMS 0x0000000084400000, 0x0000000084400000| Untracked 
|  69|0x0000000084500000, 0x0000000084500000, 0x0000000084600000|  0%| F|  |TAMS 0x0000000084500000, 0x0000000084500000| Untracked 
|  70|0x0000000084600000, 0x0000000084600000, 0x0000000084700000|  0%| F|  |TAMS 0x0000000084600000, 0x0000000084600000| Untracked 
|  71|0x0000000084700000, 0x0000000084700000, 0x0000000084800000|  0%| F|  |TAMS 0x0000000084700000, 0x0000000084700000| Untracked 
|  72|0x0000000084800000, 0x0000000084800000, 0x0000000084900000|  0%| F|  |TAMS 0x0000000084800000, 0x0000000084800000| Untracked 
|  73|0x0000000084900000, 0x0000000084900000, 0x0000000084a00000|  0%| F|  |TAMS 0x0000000084900000, 0x0000000084900000| Untracked 
|  74|0x0000000084a00000, 0x0000000084a00000, 0x0000000084b00000|  0%| F|  |TAMS 0x0000000084a00000, 0x0000000084a00000| Untracked 
|  75|0x0000000084b00000, 0x0000000084b00000, 0x0000000084c00000|  0%| F|  |TAMS 0x0000000084b00000, 0x0000000084b00000| Untracked 
|  76|0x0000000084c00000, 0x0000000084c00000, 0x0000000084d00000|  0%| F|  |TAMS 0x0000000084c00000, 0x0000000084c00000| Untracked 
|  77|0x0000000084d00000, 0x0000000084d00000, 0x0000000084e00000|  0%| F|  |TAMS 0x0000000084d00000, 0x0000000084d00000| Untracked 
|  78|0x0000000084e00000, 0x0000000084e00000, 0x0000000084f00000|  0%| F|  |TAMS 0x0000000084e00000, 0x0000000084e00000| Untracked 
|  79|0x0000000084f00000, 0x0000000084f00000, 0x0000000085000000|  0%| F|  |TAMS 0x0000000084f00000, 0x0000000084f00000| Untracked 
|  80|0x0000000085000000, 0x0000000085000000, 0x0000000085100000|  0%| F|  |TAMS 0x0000000085000000, 0x0000000085000000| Untracked 
|  81|0x0000000085100000, 0x0000000085100000, 0x0000000085200000|  0%| F|  |TAMS 0x0000000085100000, 0x0000000085100000| Untracked 
|  82|0x0000000085200000, 0x0000000085200000, 0x0000000085300000|  0%| F|  |TAMS 0x0000000085200000, 0x0000000085200000| Untracked 
|  83|0x0000000085300000, 0x0000000085300000, 0x0000000085400000|  0%| F|  |TAMS 0x0000000085300000, 0x0000000085300000| Untracked 
|  84|0x0000000085400000, 0x0000000085400000, 0x0000000085500000|  0%| F|  |TAMS 0x0000000085400000, 0x0000000085400000| Untracked 
|  85|0x0000000085500000, 0x0000000085500000, 0x0000000085600000|  0%| F|  |TAMS 0x0000000085500000, 0x0000000085500000| Untracked 
|  86|0x0000000085600000, 0x0000000085600000, 0x0000000085700000|  0%| F|  |TAMS 0x0000000085600000, 0x0000000085600000| Untracked 
|  87|0x0000000085700000, 0x0000000085700000, 0x0000000085800000|  0%| F|  |TAMS 0x0000000085700000, 0x0000000085700000| Untracked 
|  88|0x0000000085800000, 0x0000000085800000, 0x0000000085900000|  0%| F|  |TAMS 0x0000000085800000, 0x0000000085800000| Untracked 
|  89|0x0000000085900000, 0x0000000085900000, 0x0000000085a00000|  0%| F|  |TAMS 0x0000000085900000, 0x0000000085900000| Untracked 
|  90|0x0000000085a00000, 0x0000000085a00000, 0x0000000085b00000|  0%| F|  |TAMS 0x0000000085a00000, 0x0000000085a00000| Untracked 
|  91|0x0000000085b00000, 0x0000000085b00000, 0x0000000085c00000|  0%| F|  |TAMS 0x0000000085b00000, 0x0000000085b00000| Untracked 
|  92|0x0000000085c00000, 0x0000000085c00000, 0x0000000085d00000|  0%| F|  |TAMS 0x0000000085c00000, 0x0000000085c00000| Untracked 
|  93|0x0000000085d00000, 0x0000000085d00000, 0x0000000085e00000|  0%| F|  |TAMS 0x0000000085d00000, 0x0000000085d00000| Untracked 
|  94|0x0000000085e00000, 0x0000000085e00000, 0x0000000085f00000|  0%| F|  |TAMS 0x0000000085e00000, 0x0000000085e00000| Untracked 
|  95|0x0000000085f00000, 0x0000000085f00000, 0x0000000086000000|  0%| F|  |TAMS 0x0000000085f00000, 0x0000000085f00000| Untracked 
|  96|0x0000000086000000, 0x0000000086000000, 0x0000000086100000|  0%| F|  |TAMS 0x0000000086000000, 0x0000000086000000| Untracked 
|  97|0x0000000086100000, 0x0000000086100000, 0x0000000086200000|  0%| F|  |TAMS 0x0000000086100000, 0x0000000086100000| Untracked 
|  98|0x0000000086200000, 0x0000000086200000, 0x0000000086300000|  0%| F|  |TAMS 0x0000000086200000, 0x0000000086200000| Untracked 
|  99|0x0000000086300000, 0x0000000086300000, 0x0000000086400000|  0%| F|  |TAMS 0x0000000086300000, 0x0000000086300000| Untracked 
| 100|0x0000000086400000, 0x0000000086400000, 0x0000000086500000|  0%| F|  |TAMS 0x0000000086400000, 0x0000000086400000| Untracked 
| 101|0x0000000086500000, 0x0000000086500000, 0x0000000086600000|  0%| F|  |TAMS 0x0000000086500000, 0x0000000086500000| Untracked 
| 102|0x0000000086600000, 0x0000000086600000, 0x0000000086700000|  0%| F|  |TAMS 0x0000000086600000, 0x0000000086600000| Untracked 
| 103|0x0000000086700000, 0x0000000086700000, 0x0000000086800000|  0%| F|  |TAMS 0x0000000086700000, 0x0000000086700000| Untracked 
| 104|0x0000000086800000, 0x0000000086800000, 0x0000000086900000|  0%| F|  |TAMS 0x0000000086800000, 0x0000000086800000| Untracked 
| 105|0x0000000086900000, 0x0000000086900000, 0x0000000086a00000|  0%| F|  |TAMS 0x0000000086900000, 0x0000000086900000| Untracked 
| 106|0x0000000086a00000, 0x0000000086a00000, 0x0000000086b00000|  0%| F|  |TAMS 0x0000000086a00000, 0x0000000086a00000| Untracked 
| 107|0x0000000086b00000, 0x0000000086b00000, 0x0000000086c00000|  0%| F|  |TAMS 0x0000000086b00000, 0x0000000086b00000| Untracked 
| 108|0x0000000086c00000, 0x0000000086c80000, 0x0000000086d00000| 50%| S|CS|TAMS 0x0000000086c00000, 0x0000000086c00000| Complete 
| 109|0x0000000086d00000, 0x0000000086e00000, 0x0000000086e00000|100%| S|CS|TAMS 0x0000000086d00000, 0x0000000086d00000| Complete 
| 110|0x0000000086e00000, 0x0000000086f00000, 0x0000000086f00000|100%| S|CS|TAMS 0x0000000086e00000, 0x0000000086e00000| Complete 
| 111|0x0000000086f00000, 0x0000000087000000, 0x0000000087000000|100%| S|CS|TAMS 0x0000000086f00000, 0x0000000086f00000| Complete 
| 112|0x0000000087000000, 0x0000000087100000, 0x0000000087100000|100%| S|CS|TAMS 0x0000000087000000, 0x0000000087000000| Complete 
| 113|0x0000000087100000, 0x0000000087200000, 0x0000000087200000|100%| S|CS|TAMS 0x0000000087100000, 0x0000000087100000| Complete 
| 114|0x0000000087200000, 0x0000000087200000, 0x0000000087300000|  0%| F|  |TAMS 0x0000000087200000, 0x0000000087200000| Untracked 
| 115|0x0000000087300000, 0x0000000087300000, 0x0000000087400000|  0%| F|  |TAMS 0x0000000087300000, 0x0000000087300000| Untracked 
| 116|0x0000000087400000, 0x0000000087400000, 0x0000000087500000|  0%| F|  |TAMS 0x0000000087400000, 0x0000000087400000| Untracked 
| 117|0x0000000087500000, 0x0000000087500000, 0x0000000087600000|  0%| F|  |TAMS 0x0000000087500000, 0x0000000087500000| Untracked 
| 118|0x0000000087600000, 0x0000000087600000, 0x0000000087700000|  0%| F|  |TAMS 0x0000000087600000, 0x0000000087600000| Untracked 
| 119|0x0000000087700000, 0x0000000087700000, 0x0000000087800000|  0%| F|  |TAMS 0x0000000087700000, 0x0000000087700000| Untracked 
| 120|0x0000000087800000, 0x0000000087800000, 0x0000000087900000|  0%| F|  |TAMS 0x0000000087800000, 0x0000000087800000| Untracked 
| 121|0x0000000087900000, 0x0000000087900000, 0x0000000087a00000|  0%| F|  |TAMS 0x0000000087900000, 0x0000000087900000| Untracked 
| 122|0x0000000087a00000, 0x0000000087a00000, 0x0000000087b00000|  0%| F|  |TAMS 0x0000000087a00000, 0x0000000087a00000| Untracked 
| 123|0x0000000087b00000, 0x0000000087b00000, 0x0000000087c00000|  0%| F|  |TAMS 0x0000000087b00000, 0x0000000087b00000| Untracked 
| 124|0x0000000087c00000, 0x0000000087c00000, 0x0000000087d00000|  0%| F|  |TAMS 0x0000000087c00000, 0x0000000087c00000| Untracked 
| 125|0x0000000087d00000, 0x0000000087d00000, 0x0000000087e00000|  0%| F|  |TAMS 0x0000000087d00000, 0x0000000087d00000| Untracked 
| 126|0x0000000087e00000, 0x0000000087e00000, 0x0000000087f00000|  0%| F|  |TAMS 0x0000000087e00000, 0x0000000087e00000| Untracked 
| 127|0x0000000087f00000, 0x0000000087f00000, 0x0000000088000000|  0%| F|  |TAMS 0x0000000087f00000, 0x0000000087f00000| Untracked 
| 128|0x0000000088000000, 0x0000000088000000, 0x0000000088100000|  0%| F|  |TAMS 0x0000000088000000, 0x0000000088000000| Untracked 
| 129|0x0000000088100000, 0x0000000088100000, 0x0000000088200000|  0%| F|  |TAMS 0x0000000088100000, 0x0000000088100000| Untracked 
| 130|0x0000000088200000, 0x0000000088200000, 0x0000000088300000|  0%| F|  |TAMS 0x0000000088200000, 0x0000000088200000| Untracked 
| 131|0x0000000088300000, 0x0000000088300000, 0x0000000088400000|  0%| F|  |TAMS 0x0000000088300000, 0x0000000088300000| Untracked 
| 132|0x0000000088400000, 0x0000000088400000, 0x0000000088500000|  0%| F|  |TAMS 0x0000000088400000, 0x0000000088400000| Untracked 
| 133|0x0000000088500000, 0x0000000088500000, 0x0000000088600000|  0%| F|  |TAMS 0x0000000088500000, 0x0000000088500000| Untracked 
| 134|0x0000000088600000, 0x0000000088600000, 0x0000000088700000|  0%| F|  |TAMS 0x0000000088600000, 0x0000000088600000| Untracked 
| 135|0x0000000088700000, 0x0000000088700000, 0x0000000088800000|  0%| F|  |TAMS 0x0000000088700000, 0x0000000088700000| Untracked 
| 136|0x0000000088800000, 0x0000000088800000, 0x0000000088900000|  0%| F|  |TAMS 0x0000000088800000, 0x0000000088800000| Untracked 
| 137|0x0000000088900000, 0x0000000088900000, 0x0000000088a00000|  0%| F|  |TAMS 0x0000000088900000, 0x0000000088900000| Untracked 
| 138|0x0000000088a00000, 0x0000000088a00000, 0x0000000088b00000|  0%| F|  |TAMS 0x0000000088a00000, 0x0000000088a00000| Untracked 
| 139|0x0000000088b00000, 0x0000000088b00000, 0x0000000088c00000|  0%| F|  |TAMS 0x0000000088b00000, 0x0000000088b00000| Untracked 
| 140|0x0000000088c00000, 0x0000000088c00000, 0x0000000088d00000|  0%| F|  |TAMS 0x0000000088c00000, 0x0000000088c00000| Untracked 
| 141|0x0000000088d00000, 0x0000000088d00000, 0x0000000088e00000|  0%| F|  |TAMS 0x0000000088d00000, 0x0000000088d00000| Untracked 
| 142|0x0000000088e00000, 0x0000000088e00000, 0x0000000088f00000|  0%| F|  |TAMS 0x0000000088e00000, 0x0000000088e00000| Untracked 
| 143|0x0000000088f00000, 0x0000000088f00000, 0x0000000089000000|  0%| F|  |TAMS 0x0000000088f00000, 0x0000000088f00000| Untracked 
| 144|0x0000000089000000, 0x0000000089000000, 0x0000000089100000|  0%| F|  |TAMS 0x0000000089000000, 0x0000000089000000| Untracked 
| 145|0x0000000089100000, 0x0000000089100000, 0x0000000089200000|  0%| F|  |TAMS 0x0000000089100000, 0x0000000089100000| Untracked 
| 146|0x0000000089200000, 0x0000000089200000, 0x0000000089300000|  0%| F|  |TAMS 0x0000000089200000, 0x0000000089200000| Untracked 
| 147|0x0000000089300000, 0x0000000089300000, 0x0000000089400000|  0%| F|  |TAMS 0x0000000089300000, 0x0000000089300000| Untracked 
| 148|0x0000000089400000, 0x0000000089400000, 0x0000000089500000|  0%| F|  |TAMS 0x0000000089400000, 0x0000000089400000| Untracked 
| 149|0x0000000089500000, 0x0000000089500000, 0x0000000089600000|  0%| F|  |TAMS 0x0000000089500000, 0x0000000089500000| Untracked 
| 150|0x0000000089600000, 0x0000000089600000, 0x0000000089700000|  0%| F|  |TAMS 0x0000000089600000, 0x0000000089600000| Untracked 
| 151|0x0000000089700000, 0x0000000089700000, 0x0000000089800000|  0%| F|  |TAMS 0x0000000089700000, 0x0000000089700000| Untracked 
| 152|0x0000000089800000, 0x0000000089800000, 0x0000000089900000|  0%| F|  |TAMS 0x0000000089800000, 0x0000000089800000| Untracked 
| 153|0x0000000089900000, 0x0000000089900000, 0x0000000089a00000|  0%| F|  |TAMS 0x0000000089900000, 0x0000000089900000| Untracked 
| 154|0x0000000089a00000, 0x0000000089a00000, 0x0000000089b00000|  0%| F|  |TAMS 0x0000000089a00000, 0x0000000089a00000| Untracked 

Card table byte_map: [0x0000011516e00000,0x0000011517200000] _byte_map_base: 0x0000011516a00000

Marking Bits (Prev, Next): (CMBitMap*) 0x000001157d11b520, (CMBitMap*) 0x000001157d11b4e8
 Prev Bits: [0x0000011519600000, 0x000001151b600000)
 Next Bits: [0x0000011517600000, 0x0000011519600000)

Polling page: 0x0000011500000000

Metaspace:

Usage:
  Non-class:     30.23 MB capacity,    29.60 MB ( 98%) used,   524.74 KB (  2%) free+waste,   124.44 KB ( <1%) overhead. 
      Class:      4.75 MB capacity,     4.31 MB ( 91%) used,   386.55 KB (  8%) free+waste,    64.19 KB (  1%) overhead. 
       Both:     34.98 MB capacity,    33.91 MB ( 97%) used,   911.30 KB (  3%) free+waste,   188.63 KB ( <1%) overhead. 

Virtual space:
  Non-class space:       32.00 MB reserved,      30.33 MB ( 95%) committed 
      Class space:        1.00 GB reserved,       4.75 MB ( <1%) committed 
             Both:        1.03 GB reserved,      35.08 MB (  3%) committed 

Chunk freelists:
   Non-Class:  128 bytes
       Class:  0 bytes
        Both:  128 bytes

CodeHeap 'non-profiled nmethods': size=239488Kb used=5138Kb max_used=5138Kb free=234349Kb
 bounds [0x0000011507c10000, 0x0000011508120000, 0x00000115165f0000]
CodeHeap 'non-nmethods': size=6272Kb used=1141Kb max_used=1141Kb free=5130Kb
 bounds [0x00000115075f0000, 0x0000011507860000, 0x0000011507c10000]
 total_blobs=3799 nmethods=3349 adapters=376
 compilation: enabled
              stopped_count=0, restarted_count=0
 full_count=0

Compilation events (10 events):
Event: 3.947 Thread 0x000001151da3e000 3345       1       java.util.AbstractList$Itr::hasNext (20 bytes)
Event: 3.948 Thread 0x000001151da3e000 nmethod 3345 0x000001150810ea10 code [0x000001150810eba0, 0x000001150810eca8]
Event: 3.958 Thread 0x000001151da3e000 3346       1       java.lang.reflect.ProxyGenerator$ProxyMethod::generateMethod (733 bytes)
Event: 3.964 Thread 0x000001151da3e000 nmethod 3346 0x000001150810ed10 code [0x000001150810f440, 0x00000115081121c8]
Event: 3.983 Thread 0x000001151da3e000 3347   !   1       com.sun.proxy.$Proxy0::annotationType (29 bytes)
Event: 3.983 Thread 0x000001151da3e000 nmethod 3347 0x0000011508113c90 code [0x0000011508113e40, 0x0000011508113ff8]
Event: 4.010 Thread 0x000001151da3e000 3348       1       java.util.Locale::getLanguage (8 bytes)
Event: 4.010 Thread 0x000001151da3e000 nmethod 3348 0x0000011508114110 code [0x00000115081142a0, 0x0000011508114358]
Event: 4.016 Thread 0x000001151da3e000 3349       1       jdk.internal.loader.BuiltinClassLoader$1::hasNext (93 bytes)
Event: 4.016 Thread 0x000001151da3e000 nmethod 3349 0x0000011508114410 code [0x0000011508114600, 0x0000011508114968]

GC Heap History (10 events):
Event: 1.180 GC heap after
{Heap after GC invocations=4 (full 0):
 garbage-first heap   total 131072K, used 7653K [0x0000000080000000, 0x0000000100000000)
  region size 1024K, 3 young (3072K), 3 survivors (3072K)
 Metaspace       used 15414K, capacity 15756K, committed 16000K, reserved 1062912K
  class space    used 1732K, capacity 1897K, committed 1920K, reserved 1048576K
}
Event: 1.549 GC heap before
{Heap before GC invocations=4 (full 0):
 garbage-first heap   total 131072K, used 35301K [0x0000000080000000, 0x0000000100000000)
  region size 1024K, 30 young (30720K), 3 survivors (3072K)
 Metaspace       used 20139K, capacity 20683K, committed 20864K, reserved 1067008K
  class space    used 2338K, capacity 2568K, committed 2688K, reserved 1048576K
}
Event: 1.560 GC heap after
{Heap after GC invocations=5 (full 0):
 garbage-first heap   total 158720K, used 8705K [0x0000000080000000, 0x0000000100000000)
  region size 1024K, 3 young (3072K), 3 survivors (3072K)
 Metaspace       used 20139K, capacity 20683K, committed 20864K, reserved 1067008K
  class space    used 2338K, capacity 2568K, committed 2688K, reserved 1048576K
}
Event: 1.628 GC heap before
{Heap before GC invocations=5 (full 0):
 garbage-first heap   total 158720K, used 12801K [0x0000000080000000, 0x0000000100000000)
  region size 1024K, 9 young (9216K), 3 survivors (3072K)
 Metaspace       used 20628K, capacity 21140K, committed 21296K, reserved 1069056K
  class space    used 2388K, capacity 2635K, committed 2688K, reserved 1048576K
}
Event: 1.636 GC heap after
{Heap after GC invocations=6 (full 0):
 garbage-first heap   total 158720K, used 9049K [0x0000000080000000, 0x0000000100000000)
  region size 1024K, 3 young (3072K), 3 survivors (3072K)
 Metaspace       used 20628K, capacity 21140K, committed 21296K, reserved 1069056K
  class space    used 2388K, capacity 2635K, committed 2688K, reserved 1048576K
}
Event: 2.307 GC heap before
{Heap before GC invocations=7 (full 0):
 garbage-first heap   total 158720K, used 44889K [0x0000000080000000, 0x0000000100000000)
  region size 1024K, 38 young (38912K), 3 survivors (3072K)
 Metaspace       used 23056K, capacity 23706K, committed 23984K, reserved 1071104K
  class space    used 2758K, capacity 3019K, committed 3072K, reserved 1048576K
}
Event: 2.332 GC heap after
{Heap after GC invocations=8 (full 0):
 garbage-first heap   total 158720K, used 10505K [0x0000000080000000, 0x0000000100000000)
  region size 1024K, 4 young (4096K), 4 survivors (4096K)
 Metaspace       used 23056K, capacity 23706K, committed 23984K, reserved 1071104K
  class space    used 2758K, capacity 3019K, committed 3072K, reserved 1048576K
}
Event: 3.241 GC heap before
{Heap before GC invocations=8 (full 0):
 garbage-first heap   total 158720K, used 60681K [0x0000000080000000, 0x0000000100000000)
  region size 1024K, 53 young (54272K), 4 survivors (4096K)
 Metaspace       used 29707K, capacity 30631K, committed 30896K, reserved 1077248K
  class space    used 3689K, capacity 4070K, committed 4096K, reserved 1048576K
}
Event: 3.282 GC heap after
{Heap after GC invocations=9 (full 0):
 garbage-first heap   total 158720K, used 13921K [0x0000000080000000, 0x0000000100000000)
  region size 1024K, 7 young (7168K), 7 survivors (7168K)
 Metaspace       used 29707K, capacity 30631K, committed 30896K, reserved 1077248K
  class space    used 3689K, capacity 4070K, committed 4096K, reserved 1048576K
}
Event: 4.307 GC heap before
{Heap before GC invocations=9 (full 0):
 garbage-first heap   total 158720K, used 54881K [0x0000000080000000, 0x0000000100000000)
  region size 1024K, 48 young (49152K), 7 survivors (7168K)
 Metaspace       used 34723K, capacity 35823K, committed 35920K, reserved 1081344K
  class space    used 4413K, capacity 4864K, committed 4864K, reserved 1048576K
}

Deoptimization events (0 events):
No events

Classes redefined (0 events):
No events

Internal exceptions (10 events):
Event: 2.866 Thread 0x000001157d0e4000 Exception <a 'java/lang/NoSuchMethodError'{0x00000000879c86f8}: java.lang.invoke.DelegatingMethodHandle$Holder.delegate(Ljava/lang/Object;Ljava/lang/Object;ILjava/lang/Object;)V> (0x00000000879c86f8) thrown at [./open/src/hotspot/share/interpreter/linkRes
Event: 2.888 Thread 0x000001157d0e4000 Exception <a 'java/lang/NoSuchMethodError'{0x0000000087725a48}: java.lang.invoke.DirectMethodHandle$Holder.invokeInterface(Ljava/lang/Object;Ljava/lang/Object;I)V> (0x0000000087725a48) thrown at [./open/src/hotspot/share/interpreter/linkResolver.cpp, line
Event: 2.889 Thread 0x000001157d0e4000 Exception <a 'java/lang/NoSuchMethodError'{0x000000008773dde8}: java.lang.invoke.DirectMethodHandle$Holder.invokeVirtual(Ljava/lang/Object;Ljava/lang/Object;)I> (0x000000008773dde8) thrown at [./open/src/hotspot/share/interpreter/linkResolver.cpp, line 77
Event: 2.891 Thread 0x000001157d0e4000 Exception <a 'java/lang/IncompatibleClassChangeError'{0x0000000087774018}: Found class java.lang.Object, but interface was expected> (0x0000000087774018) thrown at [./open/src/hotspot/share/interpreter/linkResolver.cpp, line 838]
Event: 2.891 Thread 0x000001157d0e4000 Exception <a 'java/lang/NoSuchMethodError'{0x0000000087778eb8}: java.lang.invoke.DirectMethodHandle$Holder.invokeStatic(Ljava/lang/Object;ILjava/lang/Object;)V> (0x0000000087778eb8) thrown at [./open/src/hotspot/share/interpreter/linkResolver.cpp, line 77
Event: 2.947 Thread 0x000001157d0e4000 Exception <a 'java/lang/NoSuchMethodError'{0x0000000086fd7a20}: java.lang.invoke.DirectMethodHandle$Holder.invokeStaticInit(Ljava/lang/Object;IIII)Ljava/lang/Object;> (0x0000000086fd7a20) thrown at [./open/src/hotspot/share/interpreter/linkResolver.cpp, l
Event: 3.049 Thread 0x000001157d0e4000 Exception <a 'java/lang/NoSuchMethodError'{0x0000000086ea9280}: java.lang.invoke.DirectMethodHandle$Holder.invokeStaticInit(Ljava/lang/Object;Ljava/lang/Object;IIII)Ljava/lang/Object;> (0x0000000086ea9280) thrown at [./open/src/hotspot/share/interpreter/l
Event: 3.404 Thread 0x000001157d0e4000 Exception <a 'java/io/FileNotFoundException'{0x000000008966c950}> (0x000000008966c950) thrown at [./open/src/hotspot/share/prims/jni.cpp, line 611]
Event: 3.439 Thread 0x000001157d0e4000 Exception <a 'java/lang/NoSuchMethodError'{0x0000000089435330}: java.lang.invoke.DirectMethodHandle$Holder.invokeInterface(Ljava/lang/Object;Ljava/lang/Object;Ljava/lang/Object;Ljava/lang/Object;)I> (0x0000000089435330) thrown at [./open/src/hotspot/share
Event: 3.518 Thread 0x000001157d0e4000 Exception <a 'java/io/FileNotFoundException'{0x0000000089104e80}> (0x0000000089104e80) thrown at [./open/src/hotspot/share/prims/jni.cpp, line 611]

Events (10 events):
Event: 4.059 loading class org/hibernate/internal/CoreMessageLogger_$logger_en done
Event: 4.060 loading class org/hibernate/boot/internal/MetadataBuilderImpl$MetadataBuildingOptionsImpl$1
Event: 4.060 loading class org/hibernate/boot/internal/MetadataBuilderImpl$MetadataBuildingOptionsImpl$1 done
Event: 4.060 loading class org/hibernate/boot/internal/MetadataBuilderImpl$MetadataBuildingOptionsImpl$2
Event: 4.060 loading class org/hibernate/boot/internal/MetadataBuilderImpl$MetadataBuildingOptionsImpl$2 done
Event: 4.061 loading class org/hibernate/boot/internal/MetadataBuilderImpl$MetadataBuildingOptionsImpl$3
Event: 4.061 loading class org/hibernate/boot/internal/MetadataBuilderImpl$MetadataBuildingOptionsImpl$3 done
Event: 4.061 loading class org/hibernate/cache/internal/StrategyCreatorRegionFactoryImpl
Event: 4.061 loading class org/hibernate/cache/internal/StrategyCreatorRegionFactoryImpl done
Event: 4.062 Executing VM operation: CollectForMetadataAllocation


Dynamic libraries:
0x00007ff79d9d0000 - 0x00007ff79d9df000 	C:\Program Files\Java\jdk-11.0.16\bin\java.exe
0x00007ffec5d10000 - 0x00007ffec5f08000 	C:\Windows\SYSTEM32\ntdll.dll
0x00007ffec52c0000 - 0x00007ffec537d000 	C:\Windows\System32\KERNEL32.DLL
0x00007ffec3570000 - 0x00007ffec383e000 	C:\Windows\System32\KERNELBASE.dll
0x00007ffec3840000 - 0x00007ffec3940000 	C:\Windows\System32\ucrtbase.dll
0x00007ffeabd10000 - 0x00007ffeabd28000 	C:\Program Files\Java\jdk-11.0.16\bin\jli.dll
0x00007ffec3f70000 - 0x00007ffec401e000 	C:\Windows\System32\ADVAPI32.dll
0x00007ffec5b60000 - 0x00007ffec5bfe000 	C:\Windows\System32\msvcrt.dll
0x00007ffec3df0000 - 0x00007ffec3e8c000 	C:\Windows\System32\sechost.dll
0x00007ffec5a10000 - 0x00007ffec5b35000 	C:\Windows\System32\RPCRT4.dll
0x00007ffec5850000 - 0x00007ffec59f0000 	C:\Windows\System32\USER32.dll
0x00007ffec3540000 - 0x00007ffec3562000 	C:\Windows\System32\win32u.dll
0x00007ffec4050000 - 0x00007ffec407a000 	C:\Windows\System32\GDI32.dll
0x00007ffec3b50000 - 0x00007ffec3c5b000 	C:\Windows\System32\gdi32full.dll
0x00007ffec3430000 - 0x00007ffec34cd000 	C:\Windows\System32\msvcp_win.dll
0x00007ffeac530000 - 0x00007ffeac7ca000 	C:\Windows\WinSxS\amd64_microsoft.windows.common-controls_6595b64144ccf1df_6.0.19041.1110_none_60b5254171f9507e\COMCTL32.dll
0x00007ffebb850000 - 0x00007ffebb85a000 	C:\Windows\SYSTEM32\VERSION.dll
0x00007ffeb2200000 - 0x00007ffeb2215000 	C:\Program Files\Java\jdk-11.0.16\bin\VCRUNTIME140.dll
0x00007ffec4020000 - 0x00007ffec4050000 	C:\Windows\System32\IMM32.DLL
0x00007ffeab250000 - 0x00007ffeab2eb000 	C:\Program Files\Java\jdk-11.0.16\bin\msvcp140.dll
0x00007ffe96240000 - 0x00007ffe96d58000 	C:\Program Files\Java\jdk-11.0.16\bin\server\jvm.dll
0x00007ffec49f0000 - 0x00007ffec49f8000 	C:\Windows\System32\PSAPI.DLL
0x00007ffe9a7c0000 - 0x00007ffe9a7c9000 	C:\Windows\SYSTEM32\WSOCK32.dll
0x00007ffec4980000 - 0x00007ffec49eb000 	C:\Windows\System32\WS2_32.dll
0x00007ffea12b0000 - 0x00007ffea12d7000 	C:\Windows\SYSTEM32\WINMM.dll
0x00007ffec1300000 - 0x00007ffec1312000 	C:\Windows\SYSTEM32\kernel.appcore.dll
0x00007ffeb5bf0000 - 0x00007ffeb5c00000 	C:\Program Files\Java\jdk-11.0.16\bin\verify.dll
0x00007ffeb5950000 - 0x00007ffeb5b34000 	C:\Windows\SYSTEM32\DBGHELP.DLL
0x00007ffeb6af0000 - 0x00007ffeb6b1c000 	C:\Windows\SYSTEM32\dbgcore.DLL
0x00007ffec3c60000 - 0x00007ffec3ce2000 	C:\Windows\System32\bcryptPrimitives.dll
0x00007ffeab880000 - 0x00007ffeab8a8000 	C:\Program Files\Java\jdk-11.0.16\bin\java.dll
0x00007ffeb22f0000 - 0x00007ffeb22fa000 	C:\Program Files\Java\jdk-11.0.16\bin\jimage.dll
0x00007ffeab860000 - 0x00007ffeab876000 	C:\Program Files\Java\jdk-11.0.16\bin\zip.dll
0x00007ffec4a00000 - 0x00007ffec5143000 	C:\Windows\System32\SHELL32.dll
0x00007ffec1500000 - 0x00007ffec1c95000 	C:\Windows\SYSTEM32\windows.storage.dll
0x00007ffec4080000 - 0x00007ffec43d4000 	C:\Windows\System32\combase.dll
0x00007ffec2ce0000 - 0x00007ffec2d10000 	C:\Windows\SYSTEM32\Wldp.dll
0x00007ffec43e0000 - 0x00007ffec448d000 	C:\Windows\System32\SHCORE.dll
0x00007ffec4640000 - 0x00007ffec4695000 	C:\Windows\System32\shlwapi.dll
0x00007ffec3370000 - 0x00007ffec338f000 	C:\Windows\SYSTEM32\profapi.dll
0x00007ffeab840000 - 0x00007ffeab859000 	C:\Program Files\Java\jdk-11.0.16\bin\net.dll
0x00007ffebac40000 - 0x00007ffebad4a000 	C:\Windows\SYSTEM32\WINHTTP.dll
0x00007ffec2ac0000 - 0x00007ffec2b2a000 	C:\Windows\system32\mswsock.dll
0x00007ffeab230000 - 0x00007ffeab242000 	C:\Program Files\Java\jdk-11.0.16\bin\nio.dll
0x00007ffeabe60000 - 0x00007ffeabe69000 	C:\Program Files\Java\jdk-11.0.16\bin\management.dll
0x00007ffeab710000 - 0x00007ffeab71b000 	C:\Program Files\Java\jdk-11.0.16\bin\management_ext.dll
0x00007ffe95f10000 - 0x00007ffe95f27000 	C:\Windows\system32\napinsp.dll
0x00007ffe95ae0000 - 0x00007ffe95afb000 	C:\Windows\system32\pnrpnsp.dll
0x00007ffea4200000 - 0x00007ffea4215000 	C:\Windows\system32\wshbth.dll
0x00007ffebeca0000 - 0x00007ffebecbd000 	C:\Windows\system32\NLAapi.dll
0x00007ffec27d0000 - 0x00007ffec280b000 	C:\Windows\SYSTEM32\IPHLPAPI.DLL
0x00007ffec2810000 - 0x00007ffec28da000 	C:\Windows\SYSTEM32\DNSAPI.dll
0x00007ffec59f0000 - 0x00007ffec59f8000 	C:\Windows\System32\NSI.dll
0x00007ffe95ac0000 - 0x00007ffe95ad2000 	C:\Windows\System32\winrnr.dll
0x00007ffeba9c0000 - 0x00007ffeba9ca000 	C:\Windows\System32\rasadhlp.dll
0x00007ffebafd0000 - 0x00007ffebb050000 	C:\Windows\System32\fwpuclnt.dll
0x00007ffec3cf0000 - 0x00007ffec3d17000 	C:\Windows\System32\bcrypt.dll
0x00007ffec2d20000 - 0x00007ffec2d38000 	C:\Windows\SYSTEM32\CRYPTSP.dll
0x00007ffec2460000 - 0x00007ffec2494000 	C:\Windows\system32\rsaenh.dll
0x00007ffec32f0000 - 0x00007ffec331e000 	C:\Windows\SYSTEM32\USERENV.dll
0x00007ffec2c50000 - 0x00007ffec2c5c000 	C:\Windows\SYSTEM32\CRYPTBASE.dll
0x00007ffebbef0000 - 0x00007ffebbf07000 	C:\Windows\SYSTEM32\dhcpcsvc6.DLL
0x00007ffebbed0000 - 0x00007ffebbeed000 	C:\Windows\SYSTEM32\dhcpcsvc.DLL
0x00007ffeab200000 - 0x00007ffeab225000 	C:\Program Files\Java\jdk-11.0.16\bin\sunec.dll
0x00007ffeab1f0000 - 0x00007ffeab1fd000 	C:\Program Files\Java\jdk-11.0.16\bin\sunmscapi.dll
0x00007ffec39f0000 - 0x00007ffec3b46000 	C:\Windows\System32\CRYPT32.dll
0x00007ffec2e30000 - 0x00007ffec2e57000 	C:\Windows\SYSTEM32\ncrypt.dll
0x00007ffec2df0000 - 0x00007ffec2e2b000 	C:\Windows\SYSTEM32\NTASN1.dll

dbghelp: loaded successfully - version: 4.0.5 - missing functions: none
symbol engine: initialized successfully - sym options: 0x614 - pdb path: .;C:\Program Files\Java\jdk-11.0.16\bin;C:\Windows\SYSTEM32;C:\Windows\WinSxS\amd64_microsoft.windows.common-controls_6595b64144ccf1df_6.0.19041.1110_none_60b5254171f9507e;C:\Program Files\Java\jdk-11.0.16\bin\server

VM Arguments:
jvm_args: -Xverify:none -XX:TieredStopAtLevel=1 
java_command: com.pension.app.PensionMicroserviceApplication
java_class_path (initial): C:\Users\sfjbs\IdeaProjects\training\Harshad\day13\pension-management-system\target\classes;C:\Users\sfjbs\.m2\repository\org\springframework\boot\spring-boot\2.7.3\spring-boot-2.7.3.jar;C:\Users\sfjbs\.m2\repository\org\springframework\boot\spring-boot-autoconfigure\2.7.3\spring-boot-autoconfigure-2.7.3.jar;C:\Users\sfjbs\.m2\repository\ch\qos\logback\logback-classic\1.2.11\logback-classic-1.2.11.jar;C:\Users\sfjbs\.m2\repository\ch\qos\logback\logback-core\1.2.11\logback-core-1.2.11.jar;C:\Users\sfjbs\.m2\repository\org\apache\logging\log4j\log4j-to-slf4j\2.17.2\log4j-to-slf4j-2.17.2.jar;C:\Users\sfjbs\.m2\repository\org\apache\logging\log4j\log4j-api\2.17.2\log4j-api-2.17.2.jar;C:\Users\sfjbs\.m2\repository\org\slf4j\jul-to-slf4j\1.7.36\jul-to-slf4j-1.7.36.jar;C:\Users\sfjbs\.m2\repository\jakarta\annotation\jakarta.annotation-api\1.3.5\jakarta.annotation-api-1.3.5.jar;C:\Users\sfjbs\.m2\repository\org\yaml\snakeyaml\1.30\snakeyaml-1.30.jar;C:\Users\sfjbs\.m2\repository\com\fasterxml\jackson\core\jackson-databind\2.13.3\jackson-databind-2.13.3.jar;C:\Users\sfjbs\.m2\repository\com\fasterxml\jackson\core\jackson-annotations\2.13.3\jackson-annotations-2.13.3.jar;C:\Users\sfjbs\.m2\repository\com\fasterxml\jackson\core\jackson-core\2.13.3\jackson-core-2.13.3.jar;C:\Users\sfjbs\.m2\repository\com\fasterxml\jackson\datatype\jackson-datatype-jdk8\2.13.3\jackson-datatype-jdk8-2.13.3.jar;C:\Users\sfjbs\.m2\repository\com\fasterxml\jackson\datatype\jackson-datatype-jsr310\2.13.3\jackson-datatype-jsr310-2.13.3.jar;C:\Users\sfjbs\.m2\repository\com\fasterxml\jackson\module\jackson-module-parameter-names\2.13.3\jackson-module-parameter-names-2.13.3.jar;C:\Users\sfjbs\.m2\repository\org\apache\tomcat\embed\tomcat-embed-core\9.0.65\tomcat-embed-core-9.0.65.jar;C:\Users\sfjbs\.m2\repository\org\apache\tomcat\embed\tomcat-embed-el\9.0.65\tomcat-embed-el-9.0.65.jar;C:\Users\sfjbs\.m2\repository\org\apache\tomcat\embed\tomcat-embed-websocket\9.0.65\tom
Launcher Type: SUN_STANDARD

[Global flags]
     bool BytecodeVerificationLocal                = false                                     {product} {command line}
     bool BytecodeVerificationRemote               = false                                     {product} {command line}
     intx CICompilerCount                          = 2                                         {product} {ergonomic}
     uint ConcGCThreads                            = 1                                         {product} {ergonomic}
     uint G1ConcRefinementThreads                  = 2                                         {product} {ergonomic}
   size_t G1HeapRegionSize                         = 1048576                                   {product} {ergonomic}
    uintx GCDrainStackTargetSize                   = 64                                        {product} {ergonomic}
   size_t InitialHeapSize                          = 134217728                                 {product} {ergonomic}
   size_t MarkStackSize                            = 4194304                                   {product} {ergonomic}
   size_t MaxHeapSize                              = 2147483648                                {product} {ergonomic}
   size_t MaxNewSize                               = 1287651328                                {product} {ergonomic}
   size_t MinHeapDeltaBytes                        = 1048576                                   {product} {ergonomic}
    uintx NonNMethodCodeHeapSize                   = 6396312                                {pd product} {ergonomic}
    uintx NonProfiledCodeHeapSize                  = 245261928                              {pd product} {ergonomic}
    uintx ProfiledCodeHeapSize                     = 0                                      {pd product} {ergonomic}
    uintx ReservedCodeCacheSize                    = 251658240                              {pd product} {ergonomic}
     bool SegmentedCodeCache                       = true                                      {product} {ergonomic}
     intx TieredStopAtLevel                        = 1                                         {product} {command line}
     bool UseCompressedClassPointers               = true                                 {lp64_product} {ergonomic}
     bool UseCompressedOops                        = true                                 {lp64_product} {ergonomic}
     bool UseG1GC                                  = true                                      {product} {ergonomic}
     bool UseLargePagesIndividualAllocation        = false                                  {pd product} {ergonomic}

Logging:
Log output configuration:
 #0: stdout all=warning uptime,level,tags
 #1: stderr all=off uptime,level,tags

Environment Variables:
PATH=C:\Program Files\Common Files\Oracle\Java\javapath;C:\Windows\system32;C:\Windows;C:\Windows\System32\Wbem;C:\Windows\System32\WindowsPowerShell\v1.0\;C:\Windows\System32\OpenSSH\;C:\Users\sfjbs\Downloads\micro service-20221001T123314Z-001\micro service\apache-maven-3.8.5-bin\apache-maven-3.8.5\bin;C:\Users\sfjbs\Downloads\micro service-20221001T123314Z-001\micro service\apache-maven-3.8.5-bin\apache-maven-3.8.5\lib;C:\Program Files\Docker\Docker\resources\bin;C:\ProgramData\DockerDesktop\version-bin;C:\Program Files\Git\cmd;C:\Users\sfjbs\AppData\Local\Microsoft\WindowsApps;C:\Users\sfjbs\Downloads\micro service-20221001T123314Z-001\micro service\apache-maven-3.8.5-bin\apache-maven-3.8.5\bin;C:\Users\sfjbs\Downloads\micro service-20221001T123314Z-001\micro service\apache-maven-3.8.5-bin\apache-maven-3.8.5\lib;;C:\Program Files\JetBrains\IntelliJ IDEA Community Edition 2022.2.1\bin;
USERNAME=sfjbs
OS=Windows_NT
PROCESSOR_IDENTIFIER=Intel64 Family 6 Model 106 Stepping 6, GenuineIntel



---------------  S Y S T E M  ---------------

OS: Windows 10 , 64 bit Build 19041 (10.0.19041.1889)
Hyper-V role detected

CPU:total 2 (initial active 2) (1 cores per cpu, 2 threads per core) family 6 model 106 stepping 6 microcode 0xffffffff, cmov, cx8, fxsr, mmx, sse, sse2, sse3, ssse3, sse4.1, sse4.2, popcnt, avx, avx2, aes, clmul, erms, rtm, 3dnowpref, lzcnt, ht, tsc, bmi1, bmi2, adx, evex, fma

Memory: 4k page, system-wide physical 8190M (499M free)
TotalPageFile size 10238M (AvailPageFile size 109M)
current process WorkingSet (physical memory assigned to process): 155M, peak: 155M
current process commit charge ("private bytes"): 269M, peak: 387M

vm_info: Java HotSpot(TM) 64-Bit Server VM (11.0.16+11-LTS-199) for windows-amd64 JRE (11.0.16+11-LTS-199), built on Jun 28 2022 08:23:17 by "mach5one" with MS VC++ 15.9 (VS2017)

END.
