#
# There is insufficient memory for the Java Runtime Environment to continue.
# Native memory allocation (mmap) failed to map 27262976 bytes for Failed to commit area from 0x0000000088000000 to 0x0000000089a00000 of length 27262976.
# Possible reasons:
#   The system is out of physical RAM or swap space
#   The process is running with CompressedOops enabled, and the Java Heap may be blocking the growth of the native heap
# Possible solutions:
#   Reduce memory load on the system
#   Increase physical memory or swap space
#   Check if swap backing store is full
#   Decrease Java heap size (-Xmx/-Xms)
#   Decrease number of Java threads
#   Decrease Java thread stack sizes (-Xss)
#   Set larger code cache with -XX:ReservedCodeCacheSize=
#   JVM is running with Unscaled Compressed Oops mode in which the Java heap is
#     placed in the first 4GB address space. The Java Heap base address is the
#     maximum limit for the native heap growth. Please use -XX:HeapBaseMinAddress
#     to set the Java Heap base and to place the Java Heap above 4GB virtual address.
# This output file may be truncated or incomplete.
#
#  Out of Memory Error (./open/src/hotspot/os/windows/os_windows.cpp:3287), pid=25268, tid=35896
#
# JRE version: Java(TM) SE Runtime Environment 18.9 (11.0.16+11) (build 11.0.16+11-LTS-199)
# Java VM: Java HotSpot(TM) 64-Bit Server VM 18.9 (11.0.16+11-LTS-199, mixed mode, tiered, compressed oops, g1 gc, windows-amd64)
# No core dump will be written. Minidumps are not enabled by default on client versions of Windows
#

---------------  S U M M A R Y ------------

Command Line: -Dclassworlds.conf=C:\Users\sfjbs\Downloads\micro service-20221001T123314Z-001\micro service\apache-maven-3.8.5-bin\apache-maven-3.8.5\bin\m2.conf -Dmaven.home=C:\Users\sfjbs\Downloads\micro service-20221001T123314Z-001\micro service\apache-maven-3.8.5-bin\apache-maven-3.8.5 -Dlibrary.jansi.path=C:\Users\sfjbs\Downloads\micro service-20221001T123314Z-001\micro service\apache-maven-3.8.5-bin\apache-maven-3.8.5\lib\jansi-native -Dmaven.multiModuleProjectDirectory=C:\Users\sfjbs\IdeaProjects\training\Harshad\day13\pension-management-system org.codehaus.plexus.classworlds.launcher.Launcher clean install -DskipTests

Host: Intel(R) Xeon(R) Platinum 8370C CPU @ 2.80GHz, 2 cores, 7G,  Windows 10 , 64 bit Build 19041 (10.0.19041.1889)
Time: Sun Oct 23 06:39:04 2022 Coordinated Universal Time elapsed time: 3.235769 seconds (0d 0h 0m 3s)

---------------  T H R E A D  ---------------

Current thread (0x000001b3f553d800):  VMThread "VM Thread" [stack: 0x0000000b4cd00000,0x0000000b4ce00000] [id=35896]

Stack: [0x0000000b4cd00000,0x0000000b4ce00000]
[error occurred during error reporting (printing stack bounds), id 0xc0000005, EXCEPTION_ACCESS_VIOLATION (0xc0000005) at pc=0x000001b3df1310e7]

Native frames: (J=compiled Java code, j=interpreted, Vv=VM code, C=native code)
V  [jvm.dll+0x62a3ea]
V  [jvm.dll+0x76418f]
V  [jvm.dll+0x765839]
V  [jvm.dll+0x765e25]
V  [jvm.dll+0x765ddb]
V  [jvm.dll+0x6298d3]
V  [jvm.dll+0x629fe8]
C  [ntdll.dll+0xa235f]
C  [ntdll.dll+0x514a4]
C  [ntdll.dll+0xa0e8e]
C  0x000001b3df1310e7

VM_Operation (0x0000000b4c7fcdc0): G1CollectForAllocation, mode: safepoint, requested by thread 0x000001b3d62a6800


---------------  P R O C E S S  ---------------

Threads class SMR info:
_java_thread_list=0x000001b3f600f8c0, length=10, elements={
0x000001b3d62a6800, 0x000001b3f5540000, 0x000001b3f5549800, 0x000001b3f5559800,
0x000001b3f555f800, 0x000001b3f5560800, 0x000001b3f5564000, 0x000001b3f556d000,
0x000001b3f5574000, 0x000001b3f6027800
}

Java Threads: ( => current thread )
  0x000001b3d62a6800 JavaThread "main" [_thread_blocked, id=20692, stack(0x0000000b4c700000,0x0000000b4c800000)]
  0x000001b3f5540000 JavaThread "Reference Handler" daemon [_thread_blocked, id=20088, stack(0x0000000b4ce00000,0x0000000b4cf00000)]
  0x000001b3f5549800 JavaThread "Finalizer" daemon [_thread_blocked, id=16660, stack(0x0000000b4cf00000,0x0000000b4d000000)]
  0x000001b3f5559800 JavaThread "Signal Dispatcher" daemon [_thread_blocked, id=109340, stack(0x0000000b4d000000,0x0000000b4d100000)]
  0x000001b3f555f800 JavaThread "Attach Listener" daemon [_thread_blocked, id=10816, stack(0x0000000b4d100000,0x0000000b4d200000)]
  0x000001b3f5560800 JavaThread "Service Thread" daemon [_thread_blocked, id=24184, stack(0x0000000b4d200000,0x0000000b4d300000)]
  0x000001b3f5564000 JavaThread "C2 CompilerThread0" daemon [_thread_blocked, id=34388, stack(0x0000000b4d300000,0x0000000b4d400000)]
  0x000001b3f556d000 JavaThread "C1 CompilerThread0" daemon [_thread_blocked, id=28712, stack(0x0000000b4d400000,0x0000000b4d500000)]
  0x000001b3f5574000 JavaThread "Sweeper thread" daemon [_thread_blocked, id=15376, stack(0x0000000b4d500000,0x0000000b4d600000)]
  0x000001b3f6027800 JavaThread "Common-Cleaner" daemon [_thread_blocked, id=38656, stack(0x0000000b4d700000,0x0000000b4d800000)]

Other Threads:
=>0x000001b3f553d800 VMThread "VM Thread" [stack: 0x0000000b4cd00000,0x0000000b4ce00000] [id=35896]
  0x000001b3f6025000 WatcherThread [stack: 0x0000000b4d600000,0x0000000b4d700000] [id=30324]
  0x000001b3d62bb800 GCTaskThread "GC Thread#0" [stack: 0x0000000b4c800000,0x0000000b4c900000] [id=41148]
  0x000001b3f66e0800 GCTaskThread "GC Thread#1" [stack: 0x0000000b4d800000,0x0000000b4d900000] [id=40820]
  0x000001b3d62eb800 ConcurrentGCThread "G1 Main Marker" [stack: 0x0000000b4c900000,0x0000000b4ca00000] [id=31524]
  0x000001b3d62ee000 ConcurrentGCThread "G1 Conc#0" [stack: 0x0000000b4ca00000,0x0000000b4cb00000] [id=13468]
  0x000001b3d6379800 ConcurrentGCThread "G1 Refine#0" [stack: 0x0000000b4cb00000,0x0000000b4cc00000] [id=704]
  0x000001b3d637b000 ConcurrentGCThread "G1 Young RemSet Sampling" [stack: 0x0000000b4cc00000,0x0000000b4cd00000] [id=29088]

Threads with active compile tasks:
C2 CompilerThread0     3245 2288       4       org.codehaus.plexus.util.xml.pull.MXParser::parseStartTag (1195 bytes)

VM state:at safepoint (normal execution)

VM Mutex/Monitor currently owned by a thread:  ([mutex/lock_event])
[0x000001b3d62a3eb0] Threads_lock - owner thread: 0x000001b3f553d800
[0x000001b3d62a2cb0] Heap_lock - owner thread: 0x000001b3d62a6800

Heap address: 0x0000000080000000, size: 2048 MB, Compressed Oops mode: 32-bit
Narrow klass base: 0x0000000000000000, Narrow klass shift: 3
Compressed class space size: 1073741824 Address: 0x0000000100000000

Heap:
 garbage-first heap   total 157696K, used 7392K [0x0000000080000000, 0x0000000100000000)
  region size 1024K, 5 young (5120K), 5 survivors (5120K)
 Metaspace       used 19828K, capacity 20136K, committed 20224K, reserved 1067008K
  class space    used 2118K, capacity 2247K, committed 2304K, reserved 1048576K
Heap Regions: E=young(eden), S=young(survivor), O=old, HS=humongous(starts), HC=humongous(continues), CS=collection set, F=free, A=archive, TAMS=top-at-mark-start (previous, next)
|   0|0x0000000080000000, 0x0000000080100000, 0x0000000080100000|100%| O|  |TAMS 0x0000000080000000, 0x0000000080000000| Untracked 
|   1|0x0000000080100000, 0x0000000080200000, 0x0000000080200000|100%| O|  |TAMS 0x0000000080100000, 0x0000000080100000| Untracked 
|   2|0x0000000080200000, 0x0000000080238000, 0x0000000080300000| 21%| O|  |TAMS 0x0000000080200000, 0x0000000080200000| Untracked 
|   3|0x0000000080300000, 0x0000000080300000, 0x0000000080400000|  0%| F|  |TAMS 0x0000000080300000, 0x0000000080300000| Untracked 
|   4|0x0000000080400000, 0x0000000080400000, 0x0000000080500000|  0%| F|  |TAMS 0x0000000080400000, 0x0000000080400000| Untracked 
|   5|0x0000000080500000, 0x0000000080500000, 0x0000000080600000|  0%| F|  |TAMS 0x0000000080500000, 0x0000000080500000| Untracked 
|   6|0x0000000080600000, 0x0000000080600000, 0x0000000080700000|  0%| F|  |TAMS 0x0000000080600000, 0x0000000080600000| Untracked 
|   7|0x0000000080700000, 0x0000000080700000, 0x0000000080800000|  0%| F|  |TAMS 0x0000000080700000, 0x0000000080700000| Untracked 
|   8|0x0000000080800000, 0x0000000080800000, 0x0000000080900000|  0%| F|  |TAMS 0x0000000080800000, 0x0000000080800000| Untracked 
|   9|0x0000000080900000, 0x0000000080900000, 0x0000000080a00000|  0%| F|  |TAMS 0x0000000080900000, 0x0000000080900000| Untracked 
|  10|0x0000000080a00000, 0x0000000080a00000, 0x0000000080b00000|  0%| F|  |TAMS 0x0000000080a00000, 0x0000000080a00000| Untracked 
|  11|0x0000000080b00000, 0x0000000080b00000, 0x0000000080c00000|  0%| F|  |TAMS 0x0000000080b00000, 0x0000000080b00000| Untracked 
|  12|0x0000000080c00000, 0x0000000080c00000, 0x0000000080d00000|  0%| F|  |TAMS 0x0000000080c00000, 0x0000000080c00000| Untracked 
|  13|0x0000000080d00000, 0x0000000080d00000, 0x0000000080e00000|  0%| F|  |TAMS 0x0000000080d00000, 0x0000000080d00000| Untracked 
|  14|0x0000000080e00000, 0x0000000080e00000, 0x0000000080f00000|  0%| F|  |TAMS 0x0000000080e00000, 0x0000000080e00000| Untracked 
|  15|0x0000000080f00000, 0x0000000080f00000, 0x0000000081000000|  0%| F|  |TAMS 0x0000000080f00000, 0x0000000080f00000| Untracked 
|  16|0x0000000081000000, 0x0000000081000000, 0x0000000081100000|  0%| F|  |TAMS 0x0000000081000000, 0x0000000081000000| Untracked 
|  17|0x0000000081100000, 0x0000000081100000, 0x0000000081200000|  0%| F|  |TAMS 0x0000000081100000, 0x0000000081100000| Untracked 
|  18|0x0000000081200000, 0x0000000081200000, 0x0000000081300000|  0%| F|  |TAMS 0x0000000081200000, 0x0000000081200000| Untracked 
|  19|0x0000000081300000, 0x0000000081300000, 0x0000000081400000|  0%| F|  |TAMS 0x0000000081300000, 0x0000000081300000| Untracked 
|  20|0x0000000081400000, 0x0000000081400000, 0x0000000081500000|  0%| F|  |TAMS 0x0000000081400000, 0x0000000081400000| Untracked 
|  21|0x0000000081500000, 0x0000000081500000, 0x0000000081600000|  0%| F|  |TAMS 0x0000000081500000, 0x0000000081500000| Untracked 
|  22|0x0000000081600000, 0x0000000081600000, 0x0000000081700000|  0%| F|  |TAMS 0x0000000081600000, 0x0000000081600000| Untracked 
|  23|0x0000000081700000, 0x0000000081700000, 0x0000000081800000|  0%| F|  |TAMS 0x0000000081700000, 0x0000000081700000| Untracked 
|  24|0x0000000081800000, 0x0000000081800000, 0x0000000081900000|  0%| F|  |TAMS 0x0000000081800000, 0x0000000081800000| Untracked 
|  25|0x0000000081900000, 0x0000000081900000, 0x0000000081a00000|  0%| F|  |TAMS 0x0000000081900000, 0x0000000081900000| Untracked 
|  26|0x0000000081a00000, 0x0000000081a00000, 0x0000000081b00000|  0%| F|  |TAMS 0x0000000081a00000, 0x0000000081a00000| Untracked 
|  27|0x0000000081b00000, 0x0000000081b00000, 0x0000000081c00000|  0%| F|  |TAMS 0x0000000081b00000, 0x0000000081b00000| Untracked 
|  28|0x0000000081c00000, 0x0000000081c00000, 0x0000000081d00000|  0%| F|  |TAMS 0x0000000081c00000, 0x0000000081c00000| Untracked 
|  29|0x0000000081d00000, 0x0000000081d00000, 0x0000000081e00000|  0%| F|  |TAMS 0x0000000081d00000, 0x0000000081d00000| Untracked 
|  30|0x0000000081e00000, 0x0000000081e00000, 0x0000000081f00000|  0%| F|  |TAMS 0x0000000081e00000, 0x0000000081e00000| Untracked 
|  31|0x0000000081f00000, 0x0000000081f00000, 0x0000000082000000|  0%| F|  |TAMS 0x0000000081f00000, 0x0000000081f00000| Untracked 
|  32|0x0000000082000000, 0x0000000082000000, 0x0000000082100000|  0%| F|  |TAMS 0x0000000082000000, 0x0000000082000000| Untracked 
|  33|0x0000000082100000, 0x0000000082100000, 0x0000000082200000|  0%| F|  |TAMS 0x0000000082100000, 0x0000000082100000| Untracked 
|  34|0x0000000082200000, 0x0000000082200000, 0x0000000082300000|  0%| F|  |TAMS 0x0000000082200000, 0x0000000082200000| Untracked 
|  35|0x0000000082300000, 0x0000000082300000, 0x0000000082400000|  0%| F|  |TAMS 0x0000000082300000, 0x0000000082300000| Untracked 
|  36|0x0000000082400000, 0x0000000082400000, 0x0000000082500000|  0%| F|  |TAMS 0x0000000082400000, 0x0000000082400000| Untracked 
|  37|0x0000000082500000, 0x0000000082500000, 0x0000000082600000|  0%| F|  |TAMS 0x0000000082500000, 0x0000000082500000| Untracked 
|  38|0x0000000082600000, 0x0000000082600000, 0x0000000082700000|  0%| F|  |TAMS 0x0000000082600000, 0x0000000082600000| Untracked 
|  39|0x0000000082700000, 0x0000000082700000, 0x0000000082800000|  0%| F|  |TAMS 0x0000000082700000, 0x0000000082700000| Untracked 
|  40|0x0000000082800000, 0x0000000082800000, 0x0000000082900000|  0%| F|  |TAMS 0x0000000082800000, 0x0000000082800000| Untracked 
|  41|0x0000000082900000, 0x0000000082900000, 0x0000000082a00000|  0%| F|  |TAMS 0x0000000082900000, 0x0000000082900000| Untracked 
|  42|0x0000000082a00000, 0x0000000082a00000, 0x0000000082b00000|  0%| F|  |TAMS 0x0000000082a00000, 0x0000000082a00000| Untracked 
|  43|0x0000000082b00000, 0x0000000082b00000, 0x0000000082c00000|  0%| F|  |TAMS 0x0000000082b00000, 0x0000000082b00000| Untracked 
|  44|0x0000000082c00000, 0x0000000082c00000, 0x0000000082d00000|  0%| F|  |TAMS 0x0000000082c00000, 0x0000000082c00000| Untracked 
|  45|0x0000000082d00000, 0x0000000082d00000, 0x0000000082e00000|  0%| F|  |TAMS 0x0000000082d00000, 0x0000000082d00000| Untracked 
|  46|0x0000000082e00000, 0x0000000082e00000, 0x0000000082f00000|  0%| F|  |TAMS 0x0000000082e00000, 0x0000000082e00000| Untracked 
|  47|0x0000000082f00000, 0x0000000082f00000, 0x0000000083000000|  0%| F|  |TAMS 0x0000000082f00000, 0x0000000082f00000| Untracked 
|  48|0x0000000083000000, 0x0000000083000000, 0x0000000083100000|  0%| F|  |TAMS 0x0000000083000000, 0x0000000083000000| Untracked 
|  49|0x0000000083100000, 0x0000000083100000, 0x0000000083200000|  0%| F|  |TAMS 0x0000000083100000, 0x0000000083100000| Untracked 
|  50|0x0000000083200000, 0x0000000083200000, 0x0000000083300000|  0%| F|  |TAMS 0x0000000083200000, 0x0000000083200000| Untracked 
|  51|0x0000000083300000, 0x0000000083300000, 0x0000000083400000|  0%| F|  |TAMS 0x0000000083300000, 0x0000000083300000| Untracked 
|  52|0x0000000083400000, 0x0000000083400000, 0x0000000083500000|  0%| F|  |TAMS 0x0000000083400000, 0x0000000083400000| Untracked 
|  53|0x0000000083500000, 0x0000000083500000, 0x0000000083600000|  0%| F|  |TAMS 0x0000000083500000, 0x0000000083500000| Untracked 
|  54|0x0000000083600000, 0x0000000083600000, 0x0000000083700000|  0%| F|  |TAMS 0x0000000083600000, 0x0000000083600000| Untracked 
|  55|0x0000000083700000, 0x0000000083700000, 0x0000000083800000|  0%| F|  |TAMS 0x0000000083700000, 0x0000000083700000| Untracked 
|  56|0x0000000083800000, 0x0000000083800000, 0x0000000083900000|  0%| F|  |TAMS 0x0000000083800000, 0x0000000083800000| Untracked 
|  57|0x0000000083900000, 0x0000000083900000, 0x0000000083a00000|  0%| F|  |TAMS 0x0000000083900000, 0x0000000083900000| Untracked 
|  58|0x0000000083a00000, 0x0000000083a00000, 0x0000000083b00000|  0%| F|  |TAMS 0x0000000083a00000, 0x0000000083a00000| Untracked 
|  59|0x0000000083b00000, 0x0000000083b00000, 0x0000000083c00000|  0%| F|  |TAMS 0x0000000083b00000, 0x0000000083b00000| Untracked 
|  60|0x0000000083c00000, 0x0000000083c00000, 0x0000000083d00000|  0%| F|  |TAMS 0x0000000083c00000, 0x0000000083c00000| Untracked 
|  61|0x0000000083d00000, 0x0000000083d00000, 0x0000000083e00000|  0%| F|  |TAMS 0x0000000083d00000, 0x0000000083d00000| Untracked 
|  62|0x0000000083e00000, 0x0000000083e00000, 0x0000000083f00000|  0%| F|  |TAMS 0x0000000083e00000, 0x0000000083e00000| Untracked 
|  63|0x0000000083f00000, 0x0000000083f00000, 0x0000000084000000|  0%| F|  |TAMS 0x0000000083f00000, 0x0000000083f00000| Untracked 
|  64|0x0000000084000000, 0x0000000084000000, 0x0000000084100000|  0%| F|  |TAMS 0x0000000084000000, 0x0000000084000000| Untracked 
|  65|0x0000000084100000, 0x0000000084100000, 0x0000000084200000|  0%| F|  |TAMS 0x0000000084100000, 0x0000000084100000| Untracked 
|  66|0x0000000084200000, 0x0000000084200000, 0x0000000084300000|  0%| F|  |TAMS 0x0000000084200000, 0x0000000084200000| Untracked 
|  67|0x0000000084300000, 0x0000000084300000, 0x0000000084400000|  0%| F|  |TAMS 0x0000000084300000, 0x0000000084300000| Untracked 
|  68|0x0000000084400000, 0x0000000084400000, 0x0000000084500000|  0%| F|  |TAMS 0x0000000084400000, 0x0000000084400000| Untracked 
|  69|0x0000000084500000, 0x0000000084500000, 0x0000000084600000|  0%| F|  |TAMS 0x0000000084500000, 0x0000000084500000| Untracked 
|  70|0x0000000084600000, 0x0000000084600000, 0x0000000084700000|  0%| F|  |TAMS 0x0000000084600000, 0x0000000084600000| Untracked 
|  71|0x0000000084700000, 0x0000000084700000, 0x0000000084800000|  0%| F|  |TAMS 0x0000000084700000, 0x0000000084700000| Untracked 
|  72|0x0000000084800000, 0x0000000084800000, 0x0000000084900000|  0%| F|  |TAMS 0x0000000084800000, 0x0000000084800000| Untracked 
|  73|0x0000000084900000, 0x0000000084900000, 0x0000000084a00000|  0%| F|  |TAMS 0x0000000084900000, 0x0000000084900000| Untracked 
|  74|0x0000000084a00000, 0x0000000084a00000, 0x0000000084b00000|  0%| F|  |TAMS 0x0000000084a00000, 0x0000000084a00000| Untracked 
|  75|0x0000000084b00000, 0x0000000084b00000, 0x0000000084c00000|  0%| F|  |TAMS 0x0000000084b00000, 0x0000000084b00000| Untracked 
|  76|0x0000000084c00000, 0x0000000084c00000, 0x0000000084d00000|  0%| F|  |TAMS 0x0000000084c00000, 0x0000000084c00000| Untracked 
|  77|0x0000000084d00000, 0x0000000084d00000, 0x0000000084e00000|  0%| F|  |TAMS 0x0000000084d00000, 0x0000000084d00000| Untracked 
|  78|0x0000000084e00000, 0x0000000084e00000, 0x0000000084f00000|  0%| F|  |TAMS 0x0000000084e00000, 0x0000000084e00000| Untracked 
|  79|0x0000000084f00000, 0x0000000084f00000, 0x0000000085000000|  0%| F|  |TAMS 0x0000000084f00000, 0x0000000084f00000| Untracked 
|  80|0x0000000085000000, 0x0000000085000000, 0x0000000085100000|  0%| F|  |TAMS 0x0000000085000000, 0x0000000085000000| Untracked 
|  81|0x0000000085100000, 0x0000000085100000, 0x0000000085200000|  0%| F|  |TAMS 0x0000000085100000, 0x0000000085100000| Untracked 
|  82|0x0000000085200000, 0x0000000085200000, 0x0000000085300000|  0%| F|  |TAMS 0x0000000085200000, 0x0000000085200000| Untracked 
|  83|0x0000000085300000, 0x0000000085300000, 0x0000000085400000|  0%| F|  |TAMS 0x0000000085300000, 0x0000000085300000| Untracked 
|  84|0x0000000085400000, 0x0000000085400000, 0x0000000085500000|  0%| F|  |TAMS 0x0000000085400000, 0x0000000085400000| Untracked 
|  85|0x0000000085500000, 0x0000000085600000, 0x0000000085600000|100%| S|CS|TAMS 0x0000000085500000, 0x0000000085500000| Complete 
|  86|0x0000000085600000, 0x0000000085700000, 0x0000000085700000|100%| S|CS|TAMS 0x0000000085600000, 0x0000000085600000| Complete 
|  87|0x0000000085700000, 0x0000000085800000, 0x0000000085800000|100%| S|CS|TAMS 0x0000000085700000, 0x0000000085700000| Complete 
|  88|0x0000000085800000, 0x0000000085900000, 0x0000000085900000|100%| S|CS|TAMS 0x0000000085800000, 0x0000000085800000| Complete 
|  89|0x0000000085900000, 0x0000000085a00000, 0x0000000085a00000|100%| S|CS|TAMS 0x0000000085900000, 0x0000000085900000| Complete 
|  90|0x0000000085a00000, 0x0000000085a00000, 0x0000000085b00000|  0%| F|  |TAMS 0x0000000085a00000, 0x0000000085a00000| Untracked 
|  91|0x0000000085b00000, 0x0000000085b00000, 0x0000000085c00000|  0%| F|  |TAMS 0x0000000085b00000, 0x0000000085b00000| Untracked 
|  92|0x0000000085c00000, 0x0000000085c00000, 0x0000000085d00000|  0%| F|  |TAMS 0x0000000085c00000, 0x0000000085c00000| Untracked 
|  93|0x0000000085d00000, 0x0000000085d00000, 0x0000000085e00000|  0%| F|  |TAMS 0x0000000085d00000, 0x0000000085d00000| Untracked 
|  94|0x0000000085e00000, 0x0000000085e00000, 0x0000000085f00000|  0%| F|  |TAMS 0x0000000085e00000, 0x0000000085e00000| Untracked 
|  95|0x0000000085f00000, 0x0000000085f00000, 0x0000000086000000|  0%| F|  |TAMS 0x0000000085f00000, 0x0000000085f00000| Untracked 
|  96|0x0000000086000000, 0x0000000086000000, 0x0000000086100000|  0%| F|  |TAMS 0x0000000086000000, 0x0000000086000000| Untracked 
|  97|0x0000000086100000, 0x0000000086100000, 0x0000000086200000|  0%| F|  |TAMS 0x0000000086100000, 0x0000000086100000| Untracked 
|  98|0x0000000086200000, 0x0000000086200000, 0x0000000086300000|  0%| F|  |TAMS 0x0000000086200000, 0x0000000086200000| Untracked 
|  99|0x0000000086300000, 0x0000000086300000, 0x0000000086400000|  0%| F|  |TAMS 0x0000000086300000, 0x0000000086300000| Untracked 
| 100|0x0000000086400000, 0x0000000086400000, 0x0000000086500000|  0%| F|  |TAMS 0x0000000086400000, 0x0000000086400000| Untracked 
| 101|0x0000000086500000, 0x0000000086500000, 0x0000000086600000|  0%| F|  |TAMS 0x0000000086500000, 0x0000000086500000| Untracked 
| 102|0x0000000086600000, 0x0000000086600000, 0x0000000086700000|  0%| F|  |TAMS 0x0000000086600000, 0x0000000086600000| Untracked 
| 103|0x0000000086700000, 0x0000000086700000, 0x0000000086800000|  0%| F|  |TAMS 0x0000000086700000, 0x0000000086700000| Untracked 
| 104|0x0000000086800000, 0x0000000086800000, 0x0000000086900000|  0%| F|  |TAMS 0x0000000086800000, 0x0000000086800000| Untracked 
| 105|0x0000000086900000, 0x0000000086900000, 0x0000000086a00000|  0%| F|  |TAMS 0x0000000086900000, 0x0000000086900000| Untracked 
| 106|0x0000000086a00000, 0x0000000086a00000, 0x0000000086b00000|  0%| F|  |TAMS 0x0000000086a00000, 0x0000000086a00000| Untracked 
| 107|0x0000000086b00000, 0x0000000086b00000, 0x0000000086c00000|  0%| F|  |TAMS 0x0000000086b00000, 0x0000000086b00000| Untracked 
| 108|0x0000000086c00000, 0x0000000086c00000, 0x0000000086d00000|  0%| F|  |TAMS 0x0000000086c00000, 0x0000000086c00000| Untracked 
| 109|0x0000000086d00000, 0x0000000086d00000, 0x0000000086e00000|  0%| F|  |TAMS 0x0000000086d00000, 0x0000000086d00000| Untracked 
| 110|0x0000000086e00000, 0x0000000086e00000, 0x0000000086f00000|  0%| F|  |TAMS 0x0000000086e00000, 0x0000000086e00000| Untracked 
| 111|0x0000000086f00000, 0x0000000086f00000, 0x0000000087000000|  0%| F|  |TAMS 0x0000000086f00000, 0x0000000086f00000| Untracked 
| 112|0x0000000087000000, 0x0000000087000000, 0x0000000087100000|  0%| F|  |TAMS 0x0000000087000000, 0x0000000087000000| Untracked 
| 113|0x0000000087100000, 0x0000000087100000, 0x0000000087200000|  0%| F|  |TAMS 0x0000000087100000, 0x0000000087100000| Untracked 
| 114|0x0000000087200000, 0x0000000087200000, 0x0000000087300000|  0%| F|  |TAMS 0x0000000087200000, 0x0000000087200000| Untracked 
| 115|0x0000000087300000, 0x0000000087300000, 0x0000000087400000|  0%| F|  |TAMS 0x0000000087300000, 0x0000000087300000| Untracked 
| 116|0x0000000087400000, 0x0000000087400000, 0x0000000087500000|  0%| F|  |TAMS 0x0000000087400000, 0x0000000087400000| Untracked 
| 117|0x0000000087500000, 0x0000000087500000, 0x0000000087600000|  0%| F|  |TAMS 0x0000000087500000, 0x0000000087500000| Untracked 
| 118|0x0000000087600000, 0x0000000087600000, 0x0000000087700000|  0%| F|  |TAMS 0x0000000087600000, 0x0000000087600000| Untracked 
| 119|0x0000000087700000, 0x0000000087700000, 0x0000000087800000|  0%| F|  |TAMS 0x0000000087700000, 0x0000000087700000| Untracked 
| 120|0x0000000087800000, 0x0000000087800000, 0x0000000087900000|  0%| F|  |TAMS 0x0000000087800000, 0x0000000087800000| Untracked 
| 121|0x0000000087900000, 0x0000000087900000, 0x0000000087a00000|  0%| F|  |TAMS 0x0000000087900000, 0x0000000087900000| Untracked 
| 122|0x0000000087a00000, 0x0000000087a00000, 0x0000000087b00000|  0%| F|  |TAMS 0x0000000087a00000, 0x0000000087a00000| Untracked 
| 123|0x0000000087b00000, 0x0000000087b00000, 0x0000000087c00000|  0%| F|  |TAMS 0x0000000087b00000, 0x0000000087b00000| Untracked 
| 124|0x0000000087c00000, 0x0000000087c00000, 0x0000000087d00000|  0%| F|  |TAMS 0x0000000087c00000, 0x0000000087c00000| Untracked 
| 125|0x0000000087d00000, 0x0000000087d00000, 0x0000000087e00000|  0%| F|  |TAMS 0x0000000087d00000, 0x0000000087d00000| Untracked 
| 126|0x0000000087e00000, 0x0000000087e00000, 0x0000000087f00000|  0%| F|  |TAMS 0x0000000087e00000, 0x0000000087e00000| Untracked 
| 127|0x0000000087f00000, 0x0000000087f00000, 0x0000000088000000|  0%| F|  |TAMS 0x0000000087f00000, 0x0000000087f00000| Untracked 

Card table byte_map: [0x000001b3ee930000,0x000001b3eed30000] _byte_map_base: 0x000001b3ee530000

Marking Bits (Prev, Next): (CMBitMap*) 0x000001b3d62e2a38, (CMBitMap*) 0x000001b3d62e2a70
 Prev Bits: [0x000001b3ef130000, 0x000001b3f1130000)
 Next Bits: [0x000001b3f1130000, 0x000001b3f3130000)

Polling page: 0x000001b3d6130000

Metaspace:

Usage:
  Non-class:     17.47 MB capacity,    17.30 MB (>99%) used,   156.92 KB ( <1%) free+waste,    21.94 KB ( <1%) overhead. 
      Class:      2.19 MB capacity,     2.07 MB ( 94%) used,   119.34 KB (  5%) free+waste,     8.88 KB ( <1%) overhead. 
       Both:     19.66 MB capacity,    19.36 MB ( 98%) used,   276.26 KB (  1%) free+waste,    30.81 KB ( <1%) overhead. 

Virtual space:
  Non-class space:       18.00 MB reserved,      17.50 MB ( 97%) committed 
      Class space:        1.00 GB reserved,       2.25 MB ( <1%) committed 
             Both:        1.02 GB reserved,      19.75 MB (  2%) committed 

Chunk freelists:
   Non-Class:  3.88 KB
       Class:  3.13 KB
        Both:  7.00 KB

CodeHeap 'non-profiled nmethods': size=120064Kb used=879Kb max_used=879Kb free=119184Kb
 bounds [0x000001b3e6bf0000, 0x000001b3e6e60000, 0x000001b3ee130000]
CodeHeap 'profiled nmethods': size=120000Kb used=4932Kb max_used=4932Kb free=115067Kb
 bounds [0x000001b3df6c0000, 0x000001b3dfba0000, 0x000001b3e6bf0000]
CodeHeap 'non-nmethods': size=5696Kb used=1113Kb max_used=1140Kb free=4582Kb
 bounds [0x000001b3df130000, 0x000001b3df3a0000, 0x000001b3df6c0000]
 total_blobs=2788 nmethods=2370 adapters=329
 compilation: enabled
              stopped_count=0, restarted_count=0
 full_count=0

Compilation events (10 events):
Event: 3.208 Thread 0x000001b3f556d000 2376       2       org.apache.maven.model.PluginContainer::getLocation (118 bytes)
Event: 3.208 Thread 0x000001b3f556d000 nmethod 2376 0x000001b3dfb90110 code [0x000001b3dfb90300, 0x000001b3dfb906a8]
Event: 3.212 Thread 0x000001b3f556d000 2377       1       org.apache.maven.model.Repository::getSnapshots (5 bytes)
Event: 3.212 Thread 0x000001b3f556d000 nmethod 2377 0x000001b3e6ccb990 code [0x000001b3e6ccbb20, 0x000001b3e6ccbbd8]
Event: 3.212 Thread 0x000001b3f556d000 2378       1       org.apache.maven.model.Repository::getReleases (5 bytes)
Event: 3.212 Thread 0x000001b3f556d000 nmethod 2378 0x000001b3e6ccbc90 code [0x000001b3e6ccbe20, 0x000001b3e6ccbed8]
Event: 3.212 Thread 0x000001b3f556d000 2379       2       org.apache.maven.model.building.DefaultModelProblemCollector::setSource (23 bytes)
Event: 3.212 Thread 0x000001b3f556d000 nmethod 2379 0x000001b3dfb90890 code [0x000001b3dfb90a20, 0x000001b3dfb90c18]
Event: 3.213 Thread 0x000001b3f556d000 2380       2       org.apache.maven.model.ModelBase::getDependencies (23 bytes)
Event: 3.213 Thread 0x000001b3f556d000 nmethod 2380 0x000001b3dfb90c90 code [0x000001b3dfb90e40, 0x000001b3dfb91078]

GC Heap History (9 events):
Event: 0.516 GC heap before
{Heap before GC invocations=0 (full 0):
 garbage-first heap   total 131072K, used 6144K [0x0000000080000000, 0x0000000100000000)
  region size 1024K, 7 young (7168K), 0 survivors (0K)
 Metaspace       used 7790K, capacity 7933K, committed 8064K, reserved 1056768K
  class space    used 680K, capacity 772K, committed 896K, reserved 1048576K
}
Event: 0.520 GC heap after
{Heap after GC invocations=1 (full 0):
 garbage-first heap   total 131072K, used 2097K [0x0000000080000000, 0x0000000100000000)
  region size 1024K, 1 young (1024K), 1 survivors (1024K)
 Metaspace       used 7790K, capacity 7933K, committed 8064K, reserved 1056768K
  class space    used 680K, capacity 772K, committed 896K, reserved 1048576K
}
Event: 0.803 GC heap before
{Heap before GC invocations=1 (full 0):
 garbage-first heap   total 131072K, used 7217K [0x0000000080000000, 0x0000000100000000)
  region size 1024K, 6 young (6144K), 1 survivors (1024K)
 Metaspace       used 10160K, capacity 10280K, committed 10496K, reserved 1058816K
  class space    used 946K, capacity 1024K, committed 1024K, reserved 1048576K
}
Event: 0.808 GC heap after
{Heap after GC invocations=2 (full 0):
 garbage-first heap   total 131072K, used 3064K [0x0000000080000000, 0x0000000100000000)
  region size 1024K, 1 young (1024K), 1 survivors (1024K)
 Metaspace       used 10160K, capacity 10280K, committed 10496K, reserved 1058816K
  class space    used 946K, capacity 1024K, committed 1024K, reserved 1048576K
}
Event: 1.147 GC heap before
{Heap before GC invocations=2 (full 0):
 garbage-first heap   total 131072K, used 16376K [0x0000000080000000, 0x0000000100000000)
  region size 1024K, 14 young (14336K), 1 survivors (1024K)
 Metaspace       used 12391K, capacity 12596K, committed 12672K, reserved 1060864K
  class space    used 1251K, capacity 1348K, committed 1408K, reserved 1048576K
}
Event: 1.152 GC heap after
{Heap after GC invocations=3 (full 0):
 garbage-first heap   total 131072K, used 3702K [0x0000000080000000, 0x0000000100000000)
  region size 1024K, 2 young (2048K), 2 survivors (2048K)
 Metaspace       used 12391K, capacity 12596K, committed 12672K, reserved 1060864K
  class space    used 1251K, capacity 1348K, committed 1408K, reserved 1048576K
}
Event: 1.768 GC heap before
{Heap before GC invocations=3 (full 0):
 garbage-first heap   total 131072K, used 23158K [0x0000000080000000, 0x0000000100000000)
  region size 1024K, 21 young (21504K), 2 survivors (2048K)
 Metaspace       used 14550K, capacity 14745K, committed 14976K, reserved 1062912K
  class space    used 1521K, capacity 1615K, committed 1664K, reserved 1048576K
}
Event: 1.773 GC heap after
{Heap after GC invocations=4 (full 0):
 garbage-first heap   total 131072K, used 4415K [0x0000000080000000, 0x0000000100000000)
  region size 1024K, 3 young (3072K), 3 survivors (3072K)
 Metaspace       used 14550K, capacity 14745K, committed 14976K, reserved 1062912K
  class space    used 1521K, capacity 1615K, committed 1664K, reserved 1048576K
}
Event: 3.213 GC heap before
{Heap before GC invocations=4 (full 0):
 garbage-first heap   total 131072K, used 40255K [0x0000000080000000, 0x0000000100000000)
  region size 1024K, 38 young (38912K), 3 survivors (3072K)
 Metaspace       used 19828K, capacity 20136K, committed 20224K, reserved 1067008K
  class space    used 2118K, capacity 2247K, committed 2304K, reserved 1048576K
}

Deoptimization events (10 events):
Event: 2.983 Thread 0x000001b3d62a6800 Uncommon trap: reason=unstable_if action=reinterpret pc=0x000001b3e6cbb4d0 method=org.codehaus.plexus.util.xml.pull.MXParser.isWhitespace()Z @ 20 c2
Event: 2.984 Thread 0x000001b3d62a6800 Uncommon trap: reason=unstable_if action=reinterpret pc=0x000001b3e6c37e34 method=sun.nio.cs.UTF_8$Decoder.decodeArrayLoop(Ljava/nio/ByteBuffer;Ljava/nio/CharBuffer;)Ljava/nio/charset/CoderResult; @ 84 c2
Event: 2.993 Thread 0x000001b3d62a6800 Uncommon trap: reason=unstable_if action=reinterpret pc=0x000001b3e6c5ea98 method=java.lang.StringUTF16.compress([CII)[B @ 13 c2
Event: 2.996 Thread 0x000001b3d62a6800 Uncommon trap: reason=unstable_if action=reinterpret pc=0x000001b3e6cb84c4 method=java.lang.String.indexOf(Ljava/lang/String;)I @ 8 c2
Event: 3.037 Thread 0x000001b3d62a6800 Uncommon trap: reason=unstable_if action=reinterpret pc=0x000001b3e6c83894 method=java.lang.String.regionMatches(ZILjava/lang/String;II)Z @ 21 c2
Event: 3.156 Thread 0x000001b3d62a6800 Uncommon trap: reason=unstable_if action=reinterpret pc=0x000001b3e6bf7710 method=java.lang.String.indexOf(II)I @ 4 c2
Event: 3.157 Thread 0x000001b3d62a6800 Uncommon trap: reason=unstable_if action=reinterpret pc=0x000001b3e6c17478 method=java.lang.String.substring(II)Ljava/lang/String; @ 31 c2
Event: 3.164 Thread 0x000001b3d62a6800 Uncommon trap: reason=unstable_if action=reinterpret pc=0x000001b3e6c119e8 method=java.lang.StringUTF16.compress([CI[BII)I @ 20 c2
Event: 3.165 Thread 0x000001b3d62a6800 Uncommon trap: reason=unstable_if action=reinterpret pc=0x000001b3e6cc0cec method=java.lang.String.indexOf(Ljava/lang/String;)I @ 8 c2
Event: 3.168 Thread 0x000001b3d62a6800 Uncommon trap: reason=unstable_if action=reinterpret pc=0x000001b3e6cc2d70 method=org.codehaus.plexus.util.xml.pull.MXParser.nextImpl()I @ 972 c2

Classes redefined (0 events):
No events

Internal exceptions (10 events):
Event: 0.339 Thread 0x000001b3d62a6800 Exception <a 'java/lang/NullPointerException'{0x0000000087b22af0}> (0x0000000087b22af0) thrown at [./open/src/hotspot/share/interpreter/linkResolver.cpp, line 1354]
Event: 0.339 Thread 0x000001b3d62a6800 Exception <a 'java/lang/NullPointerException'{0x0000000087b22dc0}> (0x0000000087b22dc0) thrown at [./open/src/hotspot/share/interpreter/linkResolver.cpp, line 1354]
Event: 0.339 Thread 0x000001b3d62a6800 Exception <a 'java/lang/NullPointerException'{0x0000000087b23090}> (0x0000000087b23090) thrown at [./open/src/hotspot/share/interpreter/linkResolver.cpp, line 1354]
Event: 1.010 Thread 0x000001b3d62a6800 Exception <a 'java/lang/NoClassDefFoundError'{0x00000000878a1230}: javax/enterprise/inject/Typed> (0x00000000878a1230) thrown at [./open/src/hotspot/share/classfile/systemDictionary.cpp, line 215]
Event: 2.361 Thread 0x000001b3d62a6800 Exception <a 'java/lang/NoClassDefFoundError'{0x0000000086fc8410}: com/google/inject/servlet/ServletModuleTargetVisitor> (0x0000000086fc8410) thrown at [./open/src/hotspot/share/classfile/systemDictionary.cpp, line 215]
Event: 2.361 Thread 0x000001b3d62a6800 Exception <a 'java/lang/NoClassDefFoundError'{0x0000000086fc8410}> (0x0000000086fc8410) thrown at [./open/src/hotspot/share/prims/jvm.cpp, line 1309]
Event: 2.492 Thread 0x000001b3d62a6800 Exception <a 'java/lang/NoSuchMethodError'{0x0000000086d16958}: java.lang.invoke.DirectMethodHandle$Holder.invokeStaticInit(Ljava/lang/Object;IIII)Ljava/lang/Object;> (0x0000000086d16958) thrown at [./open/src/hotspot/share/interpreter/linkResolver.cpp, l
Event: 2.781 Thread 0x000001b3d62a6800 Implicit null exception at 0x000001b3e6c24574 to 0x000001b3e6c24a80
Event: 2.781 Thread 0x000001b3d62a6800 Implicit null exception at 0x000001b3e6c18b74 to 0x000001b3e6c19060
Event: 2.946 Thread 0x000001b3d62a6800 Implicit null exception at 0x000001b3e6cb4acf to 0x000001b3e6cb5efc

Events (10 events):
Event: 3.194 Thread 0x000001b3d62a6800 DEOPT UNPACKING pc=0x000001b3df157c0e sp=0x0000000b4c7fcd48 mode 0
Event: 3.194 Thread 0x000001b3d62a6800 DEOPT PACKING pc=0x000001b3dfb86fae sp=0x0000000b4c7fda60
Event: 3.194 Thread 0x000001b3d62a6800 DEOPT UNPACKING pc=0x000001b3df157c0e sp=0x0000000b4c7fd010 mode 0
Event: 3.202 Thread 0x000001b3d62a6800 DEOPT PACKING pc=0x000001b3dfb229f7 sp=0x0000000b4c7fd7c0
Event: 3.202 Thread 0x000001b3d62a6800 DEOPT UNPACKING pc=0x000001b3df157c0e sp=0x0000000b4c7fcd48 mode 0
Event: 3.207 Thread 0x000001b3d62a6800 DEOPT PACKING pc=0x000001b3dfb86fae sp=0x0000000b4c7fdb70
Event: 3.207 Thread 0x000001b3d62a6800 DEOPT UNPACKING pc=0x000001b3df157c0e sp=0x0000000b4c7fd120 mode 0
Event: 3.211 Thread 0x000001b3d62a6800 DEOPT PACKING pc=0x000001b3dfb229f7 sp=0x0000000b4c7fd7c0
Event: 3.211 Thread 0x000001b3d62a6800 DEOPT UNPACKING pc=0x000001b3df157c0e sp=0x0000000b4c7fcd48 mode 0
Event: 3.213 Executing VM operation: G1CollectForAllocation


Dynamic libraries:
0x00007ff6b1590000 - 0x00007ff6b159f000 	C:\Program Files\Java\jdk-11.0.16\bin\java.exe
0x00007ffbdfc50000 - 0x00007ffbdfe48000 	C:\Windows\SYSTEM32\ntdll.dll
0x00007ffbdf080000 - 0x00007ffbdf13d000 	C:\Windows\System32\KERNEL32.DLL
0x00007ffbdd6d0000 - 0x00007ffbdd99e000 	C:\Windows\System32\KERNELBASE.dll
0x00007ffbddbb0000 - 0x00007ffbddcb0000 	C:\Windows\System32\ucrtbase.dll
0x00007ffbc66b0000 - 0x00007ffbc66c5000 	C:\Program Files\Java\jdk-11.0.16\bin\VCRUNTIME140.dll
0x00007ffbc6690000 - 0x00007ffbc66a8000 	C:\Program Files\Java\jdk-11.0.16\bin\jli.dll
0x00007ffbdeb60000 - 0x00007ffbdec0e000 	C:\Windows\System32\ADVAPI32.dll
0x00007ffbde6d0000 - 0x00007ffbde76e000 	C:\Windows\System32\msvcrt.dll
0x00007ffbdf430000 - 0x00007ffbdf4cc000 	C:\Windows\System32\sechost.dll
0x00007ffbdfa60000 - 0x00007ffbdfb85000 	C:\Windows\System32\RPCRT4.dll
0x00007ffbdf290000 - 0x00007ffbdf430000 	C:\Windows\System32\USER32.dll
0x00007ffbddb50000 - 0x00007ffbddb72000 	C:\Windows\System32\win32u.dll
0x00007ffbddd30000 - 0x00007ffbddd5a000 	C:\Windows\System32\GDI32.dll
0x00007ffbdd9a0000 - 0x00007ffbddaab000 	C:\Windows\System32\gdi32full.dll
0x00007ffbddab0000 - 0x00007ffbddb4d000 	C:\Windows\System32\msvcp_win.dll
0x00007ffbcab10000 - 0x00007ffbcadaa000 	C:\Windows\WinSxS\amd64_microsoft.windows.common-controls_6595b64144ccf1df_6.0.19041.1110_none_60b5254171f9507e\COMCTL32.dll
0x00007ffbd5190000 - 0x00007ffbd519a000 	C:\Windows\SYSTEM32\VERSION.dll
0x00007ffbde770000 - 0x00007ffbde7a0000 	C:\Windows\System32\IMM32.DLL
0x00007ffbc4130000 - 0x00007ffbc41cb000 	C:\Program Files\Java\jdk-11.0.16\bin\msvcp140.dll
0x00007ffbb2380000 - 0x00007ffbb2e98000 	C:\Program Files\Java\jdk-11.0.16\bin\server\jvm.dll
0x00007ffbdfb90000 - 0x00007ffbdfb98000 	C:\Windows\System32\PSAPI.DLL
0x00007ffbd74a0000 - 0x00007ffbd74a9000 	C:\Windows\SYSTEM32\WSOCK32.dll
0x00007ffbdf140000 - 0x00007ffbdf1ab000 	C:\Windows\System32\WS2_32.dll
0x00007ffbc08e0000 - 0x00007ffbc0907000 	C:\Windows\SYSTEM32\WINMM.dll
0x00007ffbdb240000 - 0x00007ffbdb252000 	C:\Windows\SYSTEM32\kernel.appcore.dll
0x00007ffbc6fd0000 - 0x00007ffbc6fe0000 	C:\Program Files\Java\jdk-11.0.16\bin\verify.dll
0x00007ffbcf6f0000 - 0x00007ffbcf8d4000 	C:\Windows\SYSTEM32\DBGHELP.DLL
0x00007ffbcfbb0000 - 0x00007ffbcfbdc000 	C:\Windows\SYSTEM32\dbgcore.DLL
0x00007ffbdd640000 - 0x00007ffbdd6c2000 	C:\Windows\System32\bcryptPrimitives.dll
0x00007ffbc6500000 - 0x00007ffbc6528000 	C:\Program Files\Java\jdk-11.0.16\bin\java.dll
0x00007ffbc6de0000 - 0x00007ffbc6dea000 	C:\Program Files\Java\jdk-11.0.16\bin\jimage.dll
0x00007ffbc5e30000 - 0x00007ffbc5e46000 	C:\Program Files\Java\jdk-11.0.16\bin\zip.dll
0x00007ffbdddf0000 - 0x00007ffbde533000 	C:\Windows\System32\SHELL32.dll
0x00007ffbdb440000 - 0x00007ffbdbbd5000 	C:\Windows\SYSTEM32\windows.storage.dll
0x00007ffbdf680000 - 0x00007ffbdf9d4000 	C:\Windows\System32\combase.dll
0x00007ffbdcc20000 - 0x00007ffbdcc50000 	C:\Windows\SYSTEM32\Wldp.dll
0x00007ffbdea40000 - 0x00007ffbdeaed000 	C:\Windows\System32\SHCORE.dll
0x00007ffbde670000 - 0x00007ffbde6c5000 	C:\Windows\System32\shlwapi.dll
0x00007ffbdd2b0000 - 0x00007ffbdd2cf000 	C:\Windows\SYSTEM32\profapi.dll
0x00007ffbc5c90000 - 0x00007ffbc5ca9000 	C:\Program Files\Java\jdk-11.0.16\bin\net.dll
0x00007ffbd4cf0000 - 0x00007ffbd4dfa000 	C:\Windows\SYSTEM32\WINHTTP.dll
0x00007ffbdca00000 - 0x00007ffbdca6a000 	C:\Windows\system32\mswsock.dll
0x00007ffbc5c70000 - 0x00007ffbc5c82000 	C:\Program Files\Java\jdk-11.0.16\bin\nio.dll
0x0000000069ac0000 - 0x0000000069ae4000 	C:\Users\sfjbs\Downloads\micro service-20221001T123314Z-001\micro service\apache-maven-3.8.5-bin\apache-maven-3.8.5\lib\jansi-native\Windows\x86_64\jansi.dll

dbghelp: loaded successfully - version: 4.0.5 - missing functions: none
symbol engine: initialized successfully - sym options: 0x614 - pdb path: .;C:\Program Files\Java\jdk-11.0.16\bin;C:\Windows\SYSTEM32;C:\Windows\WinSxS\amd64_microsoft.windows.common-controls_6595b64144ccf1df_6.0.19041.1110_none_60b5254171f9507e;C:\Program Files\Java\jdk-11.0.16\bin\server;C:\Users\sfjbs\Downloads\micro service-20221001T123314Z-001\micro service\apache-maven-3.8.5-bin\apache-maven-3.8.5\lib\jansi-native\Windows\x86_64

VM Arguments:
jvm_args: -Dclassworlds.conf=C:\Users\sfjbs\Downloads\micro service-20221001T123314Z-001\micro service\apache-maven-3.8.5-bin\apache-maven-3.8.5\bin\m2.conf -Dmaven.home=C:\Users\sfjbs\Downloads\micro service-20221001T123314Z-001\micro service\apache-maven-3.8.5-bin\apache-maven-3.8.5 -Dlibrary.jansi.path=C:\Users\sfjbs\Downloads\micro service-20221001T123314Z-001\micro service\apache-maven-3.8.5-bin\apache-maven-3.8.5\lib\jansi-native -Dmaven.multiModuleProjectDirectory=C:\Users\sfjbs\IdeaProjects\training\Harshad\day13\pension-management-system 
java_command: org.codehaus.plexus.classworlds.launcher.Launcher clean install -DskipTests
java_class_path (initial): C:\Users\sfjbs\Downloads\micro service-20221001T123314Z-001\micro service\apache-maven-3.8.5-bin\apache-maven-3.8.5\boot\plexus-classworlds-2.6.0.jar
Launcher Type: SUN_STANDARD

[Global flags]
     intx CICompilerCount                          = 2                                         {product} {ergonomic}
     uint ConcGCThreads                            = 1                                         {product} {ergonomic}
     uint G1ConcRefinementThreads                  = 2                                         {product} {ergonomic}
   size_t G1HeapRegionSize                         = 1048576                                   {product} {ergonomic}
    uintx GCDrainStackTargetSize                   = 64                                        {product} {ergonomic}
   size_t InitialHeapSize                          = 134217728                                 {product} {ergonomic}
   size_t MarkStackSize                            = 4194304                                   {product} {ergonomic}
   size_t MaxHeapSize                              = 2147483648                                {product} {ergonomic}
   size_t MaxNewSize                               = 1287651328                                {product} {ergonomic}
   size_t MinHeapDeltaBytes                        = 1048576                                   {product} {ergonomic}
    uintx NonNMethodCodeHeapSize                   = 5825164                                {pd product} {ergonomic}
    uintx NonProfiledCodeHeapSize                  = 122916538                              {pd product} {ergonomic}
    uintx ProfiledCodeHeapSize                     = 122916538                              {pd product} {ergonomic}
    uintx ReservedCodeCacheSize                    = 251658240                              {pd product} {ergonomic}
     bool SegmentedCodeCache                       = true                                      {product} {ergonomic}
     bool UseCompressedClassPointers               = true                                 {lp64_product} {ergonomic}
     bool UseCompressedOops                        = true                                 {lp64_product} {ergonomic}
     bool UseG1GC                                  = true                                      {product} {ergonomic}
     bool UseLargePagesIndividualAllocation        = false                                  {pd product} {ergonomic}

Logging:
Log output configuration:
 #0: stdout all=warning uptime,level,tags
 #1: stderr all=off uptime,level,tags

Environment Variables:
PATH=C:\Program Files\Common Files\Oracle\Java\javapath;C:\Windows\system32;C:\Windows;C:\Windows\System32\Wbem;C:\Windows\System32\WindowsPowerShell\v1.0\;C:\Windows\System32\OpenSSH\;C:\Users\sfjbs\Downloads\micro service-20221001T123314Z-001\micro service\apache-maven-3.8.5-bin\apache-maven-3.8.5\bin;C:\Users\sfjbs\Downloads\micro service-20221001T123314Z-001\micro service\apache-maven-3.8.5-bin\apache-maven-3.8.5\lib;C:\Program Files\Docker\Docker\resources\bin;C:\ProgramData\DockerDesktop\version-bin;C:\Program Files\Git\cmd;C:\Users\sfjbs\AppData\Local\Microsoft\WindowsApps;C:\Users\sfjbs\Downloads\micro service-20221001T123314Z-001\micro service\apache-maven-3.8.5-bin\apache-maven-3.8.5\bin;C:\Users\sfjbs\Downloads\micro service-20221001T123314Z-001\micro service\apache-maven-3.8.5-bin\apache-maven-3.8.5\lib;;C:\Program Files\JetBrains\IntelliJ IDEA Community Edition 2022.2.1\bin;
USERNAME=sfjbs
OS=Windows_NT
PROCESSOR_IDENTIFIER=Intel64 Family 6 Model 106 Stepping 6, GenuineIntel



---------------  S Y S T E M  ---------------

OS: Windows 10 , 64 bit Build 19041 (10.0.19041.1889)
Hyper-V role detected

CPU:total 2 (initial active 2) (1 cores per cpu, 2 threads per core) family 6 model 106 stepping 6 microcode 0xffffffff, cmov, cx8, fxsr, mmx, sse, sse2, sse3, ssse3, sse4.1, sse4.2, popcnt, avx, avx2, aes, clmul, erms, rtm, 3dnowpref, lzcnt, ht, tsc, bmi1, bmi2, adx, evex, fma

Memory: 4k page, system-wide physical 8190M (600M free)
TotalPageFile size 10238M (AvailPageFile size 36M)
current process WorkingSet (physical memory assigned to process): 117M, peak: 118M
current process commit charge ("private bytes"): 230M, peak: 257M

vm_info: Java HotSpot(TM) 64-Bit Server VM (11.0.16+11-LTS-199) for windows-amd64 JRE (11.0.16+11-LTS-199), built on Jun 28 2022 08:23:17 by "mach5one" with MS VC++ 15.9 (VS2017)

END.
