#
# There is insufficient memory for the Java Runtime Environment to continue.
# Native memory allocation (mmap) failed to map 137363456 bytes for Failed to commit area from 0x0000000089e00000 to 0x0000000092100000 of length 137363456.
# Possible reasons:
#   The system is out of physical RAM or swap space
#   The process is running with CompressedOops enabled, and the Java Heap may be blocking the growth of the native heap
# Possible solutions:
#   Reduce memory load on the system
#   Increase physical memory or swap space
#   Check if swap backing store is full
#   Decrease Java heap size (-Xmx/-Xms)
#   Decrease number of Java threads
#   Decrease Java thread stack sizes (-Xss)
#   Set larger code cache with -XX:ReservedCodeCacheSize=
#   JVM is running with Unscaled Compressed Oops mode in which the Java heap is
#     placed in the first 4GB address space. The Java Heap base address is the
#     maximum limit for the native heap growth. Please use -XX:HeapBaseMinAddress
#     to set the Java Heap base and to place the Java Heap above 4GB virtual address.
# This output file may be truncated or incomplete.
#
#  Out of Memory Error (./open/src/hotspot/os/windows/os_windows.cpp:3287), pid=32028, tid=36148
#
# JRE version: Java(TM) SE Runtime Environment 18.9 (11.0.16+11) (build 11.0.16+11-LTS-199)
# Java VM: Java HotSpot(TM) 64-Bit Server VM 18.9 (11.0.16+11-LTS-199, mixed mode, tiered, compressed oops, g1 gc, windows-amd64)
# No core dump will be written. Minidumps are not enabled by default on client versions of Windows
#

---------------  S U M M A R Y ------------

Command Line: -Xverify:none -XX:TieredStopAtLevel=1 com.pension.app.PensionMicroserviceApplication

Host: Intel(R) Xeon(R) Platinum 8370C CPU @ 2.80GHz, 2 cores, 7G,  Windows 10 , 64 bit Build 19041 (10.0.19041.1889)
Time: Wed Oct 26 08:05:08 2022 Coordinated Universal Time elapsed time: 7.424047 seconds (0d 0h 0m 7s)

---------------  T H R E A D  ---------------

Current thread (0x000001a438d30000):  VMThread "VM Thread" [stack: 0x0000007584700000,0x0000007584800000] [id=36148]

Stack: [0x0000007584700000,0x0000007584800000]
[error occurred during error reporting (printing stack bounds), id 0xc0000005, EXCEPTION_ACCESS_VIOLATION (0xc0000005) at pc=0x000001a4231710e7]

Native frames: (J=compiled Java code, j=interpreted, Vv=VM code, C=native code)
V  [jvm.dll+0x62a3ea]
V  [jvm.dll+0x76418f]
V  [jvm.dll+0x765839]
V  [jvm.dll+0x765e25]
V  [jvm.dll+0x765ddb]
V  [jvm.dll+0x6298d3]
V  [jvm.dll+0x629fe8]
C  [ntdll.dll+0xa235f]
C  [ntdll.dll+0x514a4]
C  [ntdll.dll+0xa0e8e]
C  0x000001a4231710e7

VM_Operation (0x00000075841fccb0): G1CollectForAllocation, mode: safepoint, requested by thread 0x000001a41babe800


---------------  P R O C E S S  ---------------

Threads class SMR info:
_java_thread_list=0x000001a43ba6acd0, length=15, elements={
0x000001a41babe800, 0x000001a438d43800, 0x000001a438d31800, 0x000001a438d51800,
0x000001a438d55800, 0x000001a438d56800, 0x000001a438d59000, 0x000001a438d7d000,
0x000001a4397d3800, 0x000001a43b52b000, 0x000001a439ebe800, 0x000001a439ebf000,
0x000001a43b642800, 0x000001a439ad4000, 0x000001a43b72a800
}

Java Threads: ( => current thread )
  0x000001a41babe800 JavaThread "main" [_thread_blocked, id=36896, stack(0x0000007584100000,0x0000007584200000)]
  0x000001a438d43800 JavaThread "Reference Handler" daemon [_thread_blocked, id=33596, stack(0x0000007584800000,0x0000007584900000)]
  0x000001a438d31800 JavaThread "Finalizer" daemon [_thread_blocked, id=37416, stack(0x0000007584900000,0x0000007584a00000)]
  0x000001a438d51800 JavaThread "Signal Dispatcher" daemon [_thread_blocked, id=37236, stack(0x0000007584a00000,0x0000007584b00000)]
  0x000001a438d55800 JavaThread "Attach Listener" daemon [_thread_blocked, id=36940, stack(0x0000007584b00000,0x0000007584c00000)]
  0x000001a438d56800 JavaThread "Service Thread" daemon [_thread_blocked, id=37312, stack(0x0000007584c00000,0x0000007584d00000)]
  0x000001a438d59000 JavaThread "C1 CompilerThread0" daemon [_thread_blocked, id=37196, stack(0x0000007584d00000,0x0000007584e00000)]
  0x000001a438d7d000 JavaThread "Sweeper thread" daemon [_thread_blocked, id=37192, stack(0x0000007584e00000,0x0000007584f00000)]
  0x000001a4397d3800 JavaThread "Common-Cleaner" daemon [_thread_blocked, id=37088, stack(0x0000007585000000,0x0000007585100000)]
  0x000001a43b52b000 JavaThread "Catalina-utility-1" [_thread_blocked, id=31468, stack(0x0000007585200000,0x0000007585300000)]
  0x000001a439ebe800 JavaThread "Catalina-utility-2" [_thread_blocked, id=35744, stack(0x0000007585300000,0x0000007585400000)]
  0x000001a439ebf000 JavaThread "container-0" [_thread_blocked, id=37224, stack(0x0000007585400000,0x0000007585500000)]
  0x000001a43b642800 JavaThread "mysql-cj-abandoned-connection-cleanup" daemon [_thread_blocked, id=31388, stack(0x0000007585500000,0x0000007585600000)]
  0x000001a439ad4000 JavaThread "HikariPool-1 housekeeper" daemon [_thread_blocked, id=1656, stack(0x0000007585700000,0x0000007585800000)]
  0x000001a43b72a800 JavaThread "HikariPool-1 connection adder" daemon [_thread_blocked, id=37240, stack(0x0000007585800000,0x0000007585900000)]

Other Threads:
=>0x000001a438d30000 VMThread "VM Thread" [stack: 0x0000007584700000,0x0000007584800000] [id=36148]
  0x000001a4397d0000 WatcherThread [stack: 0x0000007584f00000,0x0000007585000000] [id=32264]
  0x000001a41bad4000 GCTaskThread "GC Thread#0" [stack: 0x0000007584200000,0x0000007584300000] [id=36012]
  0x000001a439b63800 GCTaskThread "GC Thread#1" [stack: 0x0000007585100000,0x0000007585200000] [id=34036]
  0x000001a41bb03000 ConcurrentGCThread "G1 Main Marker" [stack: 0x0000007584300000,0x0000007584400000] [id=31812]
  0x000001a41bb05800 ConcurrentGCThread "G1 Conc#0" [stack: 0x0000007584400000,0x0000007584500000] [id=37568]
  0x000001a41bb8f000 ConcurrentGCThread "G1 Refine#0" [stack: 0x0000007584500000,0x0000007584600000] [id=35752]
  0x000001a41bb90000 ConcurrentGCThread "G1 Young RemSet Sampling" [stack: 0x0000007584600000,0x0000007584700000] [id=37708]

Threads with active compile tasks:

VM state:at safepoint (normal execution)

VM Mutex/Monitor currently owned by a thread:  ([mutex/lock_event])
[0x000001a41babb000] Threads_lock - owner thread: 0x000001a438d30000
[0x000001a41babb1b0] Heap_lock - owner thread: 0x000001a41babe800

Heap address: 0x0000000080000000, size: 2048 MB, Compressed Oops mode: 32-bit
Narrow klass base: 0x0000000000000000, Narrow klass shift: 3
Compressed class space size: 1073741824 Address: 0x0000000100000000

Heap:
 garbage-first heap   total 295936K, used 19067K [0x0000000080000000, 0x0000000100000000)
  region size 1024K, 8 young (8192K), 8 survivors (8192K)
 Metaspace       used 48781K, capacity 50077K, committed 50224K, reserved 1093632K
  class space    used 6398K, capacity 6939K, committed 7040K, reserved 1048576K
Heap Regions: E=young(eden), S=young(survivor), O=old, HS=humongous(starts), HC=humongous(continues), CS=collection set, F=free, A=archive, TAMS=top-at-mark-start (previous, next)
|   0|0x0000000080000000, 0x0000000080100000, 0x0000000080100000|100%|HS|  |TAMS 0x0000000080100000, 0x0000000080000000| Complete 
|   1|0x0000000080100000, 0x0000000080200000, 0x0000000080200000|100%| O|  |TAMS 0x0000000080200000, 0x0000000080100000| Untracked 
|   2|0x0000000080200000, 0x0000000080300000, 0x0000000080300000|100%| O|  |TAMS 0x0000000080300000, 0x0000000080200000| Untracked 
|   3|0x0000000080300000, 0x0000000080400000, 0x0000000080400000|100%| O|  |TAMS 0x0000000080400000, 0x0000000080300000| Untracked 
|   4|0x0000000080400000, 0x0000000080500000, 0x0000000080500000|100%| O|  |TAMS 0x0000000080500000, 0x0000000080400000| Untracked 
|   5|0x0000000080500000, 0x0000000080600000, 0x0000000080600000|100%| O|  |TAMS 0x00000000805b0e00, 0x0000000080500000| Untracked 
|   6|0x0000000080600000, 0x0000000080700000, 0x0000000080700000|100%| O|  |TAMS 0x0000000080600000, 0x0000000080600000| Untracked 
|   7|0x0000000080700000, 0x0000000080800000, 0x0000000080800000|100%| O|  |TAMS 0x0000000080700000, 0x0000000080700000| Untracked 
|   8|0x0000000080800000, 0x0000000080900000, 0x0000000080900000|100%| O|  |TAMS 0x0000000080800000, 0x0000000080800000| Untracked 
|   9|0x0000000080900000, 0x0000000080a00000, 0x0000000080a00000|100%| O|  |TAMS 0x0000000080900000, 0x0000000080900000| Untracked 
|  10|0x0000000080a00000, 0x0000000080b00000, 0x0000000080b00000|100%| O|  |TAMS 0x0000000080a00000, 0x0000000080a00000| Untracked 
|  11|0x0000000080b00000, 0x0000000080b1ec00, 0x0000000080c00000| 12%| O|  |TAMS 0x0000000080b00000, 0x0000000080b00000| Untracked 
|  12|0x0000000080c00000, 0x0000000080c00000, 0x0000000080d00000|  0%| F|  |TAMS 0x0000000080c00000, 0x0000000080c00000| Untracked 
|  13|0x0000000080d00000, 0x0000000080d00000, 0x0000000080e00000|  0%| F|  |TAMS 0x0000000080d00000, 0x0000000080d00000| Untracked 
|  14|0x0000000080e00000, 0x0000000080e00000, 0x0000000080f00000|  0%| F|  |TAMS 0x0000000080e00000, 0x0000000080e00000| Untracked 
|  15|0x0000000080f00000, 0x0000000080f00000, 0x0000000081000000|  0%| F|  |TAMS 0x0000000080f00000, 0x0000000080f00000| Untracked 
|  16|0x0000000081000000, 0x0000000081000000, 0x0000000081100000|  0%| F|  |TAMS 0x0000000081000000, 0x0000000081000000| Untracked 
|  17|0x0000000081100000, 0x0000000081100000, 0x0000000081200000|  0%| F|  |TAMS 0x0000000081100000, 0x0000000081100000| Untracked 
|  18|0x0000000081200000, 0x0000000081200000, 0x0000000081300000|  0%| F|  |TAMS 0x0000000081200000, 0x0000000081200000| Untracked 
|  19|0x0000000081300000, 0x0000000081300000, 0x0000000081400000|  0%| F|  |TAMS 0x0000000081300000, 0x0000000081300000| Untracked 
|  20|0x0000000081400000, 0x0000000081400000, 0x0000000081500000|  0%| F|  |TAMS 0x0000000081400000, 0x0000000081400000| Untracked 
|  21|0x0000000081500000, 0x0000000081500000, 0x0000000081600000|  0%| F|  |TAMS 0x0000000081500000, 0x0000000081500000| Untracked 
|  22|0x0000000081600000, 0x0000000081600000, 0x0000000081700000|  0%| F|  |TAMS 0x0000000081600000, 0x0000000081600000| Untracked 
|  23|0x0000000081700000, 0x0000000081700000, 0x0000000081800000|  0%| F|  |TAMS 0x0000000081700000, 0x0000000081700000| Untracked 
|  24|0x0000000081800000, 0x0000000081800000, 0x0000000081900000|  0%| F|  |TAMS 0x0000000081800000, 0x0000000081800000| Untracked 
|  25|0x0000000081900000, 0x0000000081900000, 0x0000000081a00000|  0%| F|  |TAMS 0x0000000081900000, 0x0000000081900000| Untracked 
|  26|0x0000000081a00000, 0x0000000081a00000, 0x0000000081b00000|  0%| F|  |TAMS 0x0000000081a00000, 0x0000000081a00000| Untracked 
|  27|0x0000000081b00000, 0x0000000081b00000, 0x0000000081c00000|  0%| F|  |TAMS 0x0000000081b00000, 0x0000000081b00000| Untracked 
|  28|0x0000000081c00000, 0x0000000081c00000, 0x0000000081d00000|  0%| F|  |TAMS 0x0000000081c00000, 0x0000000081c00000| Untracked 
|  29|0x0000000081d00000, 0x0000000081d00000, 0x0000000081e00000|  0%| F|  |TAMS 0x0000000081d00000, 0x0000000081d00000| Untracked 
|  30|0x0000000081e00000, 0x0000000081e00000, 0x0000000081f00000|  0%| F|  |TAMS 0x0000000081e00000, 0x0000000081e00000| Untracked 
|  31|0x0000000081f00000, 0x0000000081f00000, 0x0000000082000000|  0%| F|  |TAMS 0x0000000081f00000, 0x0000000081f00000| Untracked 
|  32|0x0000000082000000, 0x0000000082000000, 0x0000000082100000|  0%| F|  |TAMS 0x0000000082000000, 0x0000000082000000| Untracked 
|  33|0x0000000082100000, 0x0000000082100000, 0x0000000082200000|  0%| F|  |TAMS 0x0000000082100000, 0x0000000082100000| Untracked 
|  34|0x0000000082200000, 0x0000000082200000, 0x0000000082300000|  0%| F|  |TAMS 0x0000000082200000, 0x0000000082200000| Untracked 
|  35|0x0000000082300000, 0x0000000082300000, 0x0000000082400000|  0%| F|  |TAMS 0x0000000082300000, 0x0000000082300000| Untracked 
|  36|0x0000000082400000, 0x0000000082400000, 0x0000000082500000|  0%| F|  |TAMS 0x0000000082400000, 0x0000000082400000| Untracked 
|  37|0x0000000082500000, 0x0000000082500000, 0x0000000082600000|  0%| F|  |TAMS 0x0000000082500000, 0x0000000082500000| Untracked 
|  38|0x0000000082600000, 0x0000000082600000, 0x0000000082700000|  0%| F|  |TAMS 0x0000000082600000, 0x0000000082600000| Untracked 
|  39|0x0000000082700000, 0x0000000082700000, 0x0000000082800000|  0%| F|  |TAMS 0x0000000082700000, 0x0000000082700000| Untracked 
|  40|0x0000000082800000, 0x0000000082800000, 0x0000000082900000|  0%| F|  |TAMS 0x0000000082800000, 0x0000000082800000| Untracked 
|  41|0x0000000082900000, 0x0000000082900000, 0x0000000082a00000|  0%| F|  |TAMS 0x0000000082900000, 0x0000000082900000| Untracked 
|  42|0x0000000082a00000, 0x0000000082a00000, 0x0000000082b00000|  0%| F|  |TAMS 0x0000000082a00000, 0x0000000082a00000| Untracked 
|  43|0x0000000082b00000, 0x0000000082b00000, 0x0000000082c00000|  0%| F|  |TAMS 0x0000000082b00000, 0x0000000082b00000| Untracked 
|  44|0x0000000082c00000, 0x0000000082c00000, 0x0000000082d00000|  0%| F|  |TAMS 0x0000000082c00000, 0x0000000082c00000| Untracked 
|  45|0x0000000082d00000, 0x0000000082d00000, 0x0000000082e00000|  0%| F|  |TAMS 0x0000000082d00000, 0x0000000082d00000| Untracked 
|  46|0x0000000082e00000, 0x0000000082e00000, 0x0000000082f00000|  0%| F|  |TAMS 0x0000000082e00000, 0x0000000082e00000| Untracked 
|  47|0x0000000082f00000, 0x0000000082f00000, 0x0000000083000000|  0%| F|  |TAMS 0x0000000082f00000, 0x0000000082f00000| Untracked 
|  48|0x0000000083000000, 0x0000000083000000, 0x0000000083100000|  0%| F|  |TAMS 0x0000000083000000, 0x0000000083000000| Untracked 
|  49|0x0000000083100000, 0x0000000083100000, 0x0000000083200000|  0%| F|  |TAMS 0x0000000083100000, 0x0000000083100000| Untracked 
|  50|0x0000000083200000, 0x0000000083200000, 0x0000000083300000|  0%| F|  |TAMS 0x0000000083200000, 0x0000000083200000| Untracked 
|  51|0x0000000083300000, 0x0000000083300000, 0x0000000083400000|  0%| F|  |TAMS 0x0000000083300000, 0x0000000083300000| Untracked 
|  52|0x0000000083400000, 0x0000000083400000, 0x0000000083500000|  0%| F|  |TAMS 0x0000000083400000, 0x0000000083400000| Untracked 
|  53|0x0000000083500000, 0x0000000083500000, 0x0000000083600000|  0%| F|  |TAMS 0x0000000083500000, 0x0000000083500000| Untracked 
|  54|0x0000000083600000, 0x0000000083600000, 0x0000000083700000|  0%| F|  |TAMS 0x0000000083600000, 0x0000000083600000| Untracked 
|  55|0x0000000083700000, 0x0000000083700000, 0x0000000083800000|  0%| F|  |TAMS 0x0000000083700000, 0x0000000083700000| Untracked 
|  56|0x0000000083800000, 0x0000000083800000, 0x0000000083900000|  0%| F|  |TAMS 0x0000000083800000, 0x0000000083800000| Untracked 
|  57|0x0000000083900000, 0x0000000083900000, 0x0000000083a00000|  0%| F|  |TAMS 0x0000000083900000, 0x0000000083900000| Untracked 
|  58|0x0000000083a00000, 0x0000000083a00000, 0x0000000083b00000|  0%| F|  |TAMS 0x0000000083a00000, 0x0000000083a00000| Untracked 
|  59|0x0000000083b00000, 0x0000000083b80000, 0x0000000083c00000| 50%| S|CS|TAMS 0x0000000083b00000, 0x0000000083b00000| Complete 
|  60|0x0000000083c00000, 0x0000000083d00000, 0x0000000083d00000|100%| S|CS|TAMS 0x0000000083c00000, 0x0000000083c00000| Complete 
|  61|0x0000000083d00000, 0x0000000083e00000, 0x0000000083e00000|100%| S|CS|TAMS 0x0000000083d00000, 0x0000000083d00000| Complete 
|  62|0x0000000083e00000, 0x0000000083f00000, 0x0000000083f00000|100%| S|CS|TAMS 0x0000000083e00000, 0x0000000083e00000| Complete 
|  63|0x0000000083f00000, 0x0000000084000000, 0x0000000084000000|100%| S|CS|TAMS 0x0000000083f00000, 0x0000000083f00000| Complete 
|  64|0x0000000084000000, 0x0000000084100000, 0x0000000084100000|100%| S|CS|TAMS 0x0000000084000000, 0x0000000084000000| Complete 
|  65|0x0000000084100000, 0x0000000084200000, 0x0000000084200000|100%| S|CS|TAMS 0x0000000084100000, 0x0000000084100000| Complete 
|  66|0x0000000084200000, 0x0000000084300000, 0x0000000084300000|100%| S|CS|TAMS 0x0000000084200000, 0x0000000084200000| Complete 
|  67|0x0000000084300000, 0x0000000084300000, 0x0000000084400000|  0%| F|  |TAMS 0x0000000084300000, 0x0000000084300000| Untracked 
|  68|0x0000000084400000, 0x0000000084400000, 0x0000000084500000|  0%| F|  |TAMS 0x0000000084400000, 0x0000000084400000| Untracked 
|  69|0x0000000084500000, 0x0000000084500000, 0x0000000084600000|  0%| F|  |TAMS 0x0000000084500000, 0x0000000084500000| Untracked 
|  70|0x0000000084600000, 0x0000000084600000, 0x0000000084700000|  0%| F|  |TAMS 0x0000000084600000, 0x0000000084600000| Untracked 
|  71|0x0000000084700000, 0x0000000084700000, 0x0000000084800000|  0%| F|  |TAMS 0x0000000084700000, 0x0000000084700000| Untracked 
|  72|0x0000000084800000, 0x0000000084800000, 0x0000000084900000|  0%| F|  |TAMS 0x0000000084800000, 0x0000000084800000| Untracked 
|  73|0x0000000084900000, 0x0000000084900000, 0x0000000084a00000|  0%| F|  |TAMS 0x0000000084900000, 0x0000000084900000| Untracked 
|  74|0x0000000084a00000, 0x0000000084a00000, 0x0000000084b00000|  0%| F|  |TAMS 0x0000000084a00000, 0x0000000084a00000| Untracked 
|  75|0x0000000084b00000, 0x0000000084b00000, 0x0000000084c00000|  0%| F|  |TAMS 0x0000000084b00000, 0x0000000084b00000| Untracked 
|  76|0x0000000084c00000, 0x0000000084c00000, 0x0000000084d00000|  0%| F|  |TAMS 0x0000000084c00000, 0x0000000084c00000| Untracked 
|  77|0x0000000084d00000, 0x0000000084d00000, 0x0000000084e00000|  0%| F|  |TAMS 0x0000000084d00000, 0x0000000084d00000| Untracked 
|  78|0x0000000084e00000, 0x0000000084e00000, 0x0000000084f00000|  0%| F|  |TAMS 0x0000000084e00000, 0x0000000084e00000| Untracked 
|  79|0x0000000084f00000, 0x0000000084f00000, 0x0000000085000000|  0%| F|  |TAMS 0x0000000084f00000, 0x0000000084f00000| Untracked 
|  80|0x0000000085000000, 0x0000000085000000, 0x0000000085100000|  0%| F|  |TAMS 0x0000000085000000, 0x0000000085000000| Untracked 
|  81|0x0000000085100000, 0x0000000085100000, 0x0000000085200000|  0%| F|  |TAMS 0x0000000085100000, 0x0000000085100000| Untracked 
|  82|0x0000000085200000, 0x0000000085200000, 0x0000000085300000|  0%| F|  |TAMS 0x0000000085200000, 0x0000000085200000| Untracked 
|  83|0x0000000085300000, 0x0000000085300000, 0x0000000085400000|  0%| F|  |TAMS 0x0000000085300000, 0x0000000085300000| Untracked 
|  84|0x0000000085400000, 0x0000000085400000, 0x0000000085500000|  0%| F|  |TAMS 0x0000000085400000, 0x0000000085400000| Untracked 
|  85|0x0000000085500000, 0x0000000085500000, 0x0000000085600000|  0%| F|  |TAMS 0x0000000085500000, 0x0000000085500000| Untracked 
|  86|0x0000000085600000, 0x0000000085600000, 0x0000000085700000|  0%| F|  |TAMS 0x0000000085600000, 0x0000000085600000| Untracked 
|  87|0x0000000085700000, 0x0000000085700000, 0x0000000085800000|  0%| F|  |TAMS 0x0000000085700000, 0x0000000085700000| Untracked 
|  88|0x0000000085800000, 0x0000000085800000, 0x0000000085900000|  0%| F|  |TAMS 0x0000000085800000, 0x0000000085800000| Untracked 
|  89|0x0000000085900000, 0x0000000085900000, 0x0000000085a00000|  0%| F|  |TAMS 0x0000000085900000, 0x0000000085900000| Untracked 
|  90|0x0000000085a00000, 0x0000000085a00000, 0x0000000085b00000|  0%| F|  |TAMS 0x0000000085a00000, 0x0000000085a00000| Untracked 
|  91|0x0000000085b00000, 0x0000000085b00000, 0x0000000085c00000|  0%| F|  |TAMS 0x0000000085b00000, 0x0000000085b00000| Untracked 
|  92|0x0000000085c00000, 0x0000000085c00000, 0x0000000085d00000|  0%| F|  |TAMS 0x0000000085c00000, 0x0000000085c00000| Untracked 
|  93|0x0000000085d00000, 0x0000000085d00000, 0x0000000085e00000|  0%| F|  |TAMS 0x0000000085d00000, 0x0000000085d00000| Untracked 
|  94|0x0000000085e00000, 0x0000000085e00000, 0x0000000085f00000|  0%| F|  |TAMS 0x0000000085e00000, 0x0000000085e00000| Untracked 
|  95|0x0000000085f00000, 0x0000000085f00000, 0x0000000086000000|  0%| F|  |TAMS 0x0000000085f00000, 0x0000000085f00000| Untracked 
|  96|0x0000000086000000, 0x0000000086000000, 0x0000000086100000|  0%| F|  |TAMS 0x0000000086000000, 0x0000000086000000| Untracked 
|  97|0x0000000086100000, 0x0000000086100000, 0x0000000086200000|  0%| F|  |TAMS 0x0000000086100000, 0x0000000086100000| Untracked 
|  98|0x0000000086200000, 0x0000000086200000, 0x0000000086300000|  0%| F|  |TAMS 0x0000000086200000, 0x0000000086200000| Untracked 
|  99|0x0000000086300000, 0x0000000086300000, 0x0000000086400000|  0%| F|  |TAMS 0x0000000086300000, 0x0000000086300000| Untracked 
| 100|0x0000000086400000, 0x0000000086400000, 0x0000000086500000|  0%| F|  |TAMS 0x0000000086400000, 0x0000000086400000| Untracked 
| 101|0x0000000086500000, 0x0000000086500000, 0x0000000086600000|  0%| F|  |TAMS 0x0000000086500000, 0x0000000086500000| Untracked 
| 102|0x0000000086600000, 0x0000000086600000, 0x0000000086700000|  0%| F|  |TAMS 0x0000000086600000, 0x0000000086600000| Untracked 
| 103|0x0000000086700000, 0x0000000086700000, 0x0000000086800000|  0%| F|  |TAMS 0x0000000086700000, 0x0000000086700000| Untracked 
| 104|0x0000000086800000, 0x0000000086800000, 0x0000000086900000|  0%| F|  |TAMS 0x0000000086800000, 0x0000000086800000| Untracked 
| 105|0x0000000086900000, 0x0000000086900000, 0x0000000086a00000|  0%| F|  |TAMS 0x0000000086900000, 0x0000000086900000| Untracked 
| 106|0x0000000086a00000, 0x0000000086a00000, 0x0000000086b00000|  0%| F|  |TAMS 0x0000000086a00000, 0x0000000086a00000| Untracked 
| 107|0x0000000086b00000, 0x0000000086b00000, 0x0000000086c00000|  0%| F|  |TAMS 0x0000000086b00000, 0x0000000086b00000| Untracked 
| 108|0x0000000086c00000, 0x0000000086c00000, 0x0000000086d00000|  0%| F|  |TAMS 0x0000000086c00000, 0x0000000086c00000| Untracked 
| 109|0x0000000086d00000, 0x0000000086d00000, 0x0000000086e00000|  0%| F|  |TAMS 0x0000000086d00000, 0x0000000086d00000| Untracked 
| 110|0x0000000086e00000, 0x0000000086e00000, 0x0000000086f00000|  0%| F|  |TAMS 0x0000000086e00000, 0x0000000086e00000| Untracked 
| 111|0x0000000086f00000, 0x0000000086f00000, 0x0000000087000000|  0%| F|  |TAMS 0x0000000086f00000, 0x0000000086f00000| Untracked 
| 112|0x0000000087000000, 0x0000000087000000, 0x0000000087100000|  0%| F|  |TAMS 0x0000000087000000, 0x0000000087000000| Untracked 
| 113|0x0000000087100000, 0x0000000087100000, 0x0000000087200000|  0%| F|  |TAMS 0x0000000087100000, 0x0000000087100000| Untracked 
| 114|0x0000000087200000, 0x0000000087200000, 0x0000000087300000|  0%| F|  |TAMS 0x0000000087200000, 0x0000000087200000| Untracked 
| 115|0x0000000087300000, 0x0000000087300000, 0x0000000087400000|  0%| F|  |TAMS 0x0000000087300000, 0x0000000087300000| Untracked 
| 116|0x0000000087400000, 0x0000000087400000, 0x0000000087500000|  0%| F|  |TAMS 0x0000000087400000, 0x0000000087400000| Untracked 
| 117|0x0000000087500000, 0x0000000087500000, 0x0000000087600000|  0%| F|  |TAMS 0x0000000087500000, 0x0000000087500000| Untracked 
| 118|0x0000000087600000, 0x0000000087600000, 0x0000000087700000|  0%| F|  |TAMS 0x0000000087600000, 0x0000000087600000| Untracked 
| 119|0x0000000087700000, 0x0000000087700000, 0x0000000087800000|  0%| F|  |TAMS 0x0000000087700000, 0x0000000087700000| Untracked 
| 120|0x0000000087800000, 0x0000000087800000, 0x0000000087900000|  0%| F|  |TAMS 0x0000000087800000, 0x0000000087800000| Untracked 
| 121|0x0000000087900000, 0x0000000087900000, 0x0000000087a00000|  0%| F|  |TAMS 0x0000000087900000, 0x0000000087900000| Untracked 
| 122|0x0000000087a00000, 0x0000000087a00000, 0x0000000087b00000|  0%| F|  |TAMS 0x0000000087a00000, 0x0000000087a00000| Untracked 
| 123|0x0000000087b00000, 0x0000000087b00000, 0x0000000087c00000|  0%| F|  |TAMS 0x0000000087b00000, 0x0000000087b00000| Untracked 
| 124|0x0000000087c00000, 0x0000000087c00000, 0x0000000087d00000|  0%| F|  |TAMS 0x0000000087c00000, 0x0000000087c00000| Untracked 
| 125|0x0000000087d00000, 0x0000000087d00000, 0x0000000087e00000|  0%| F|  |TAMS 0x0000000087d00000, 0x0000000087d00000| Untracked 
| 126|0x0000000087e00000, 0x0000000087e00000, 0x0000000087f00000|  0%| F|  |TAMS 0x0000000087e00000, 0x0000000087e00000| Untracked 
| 127|0x0000000087f00000, 0x0000000087f00000, 0x0000000088000000|  0%| F|  |TAMS 0x0000000087f00000, 0x0000000087f00000| Untracked 
| 128|0x0000000088000000, 0x0000000088000000, 0x0000000088100000|  0%| F|  |TAMS 0x0000000088000000, 0x0000000088000000| Untracked 
| 129|0x0000000088100000, 0x0000000088100000, 0x0000000088200000|  0%| F|  |TAMS 0x0000000088100000, 0x0000000088100000| Untracked 
| 130|0x0000000088200000, 0x0000000088200000, 0x0000000088300000|  0%| F|  |TAMS 0x0000000088200000, 0x0000000088200000| Untracked 
| 131|0x0000000088300000, 0x0000000088300000, 0x0000000088400000|  0%| F|  |TAMS 0x0000000088300000, 0x0000000088300000| Untracked 
| 132|0x0000000088400000, 0x0000000088400000, 0x0000000088500000|  0%| F|  |TAMS 0x0000000088400000, 0x0000000088400000| Untracked 
| 133|0x0000000088500000, 0x0000000088500000, 0x0000000088600000|  0%| F|  |TAMS 0x0000000088500000, 0x0000000088500000| Untracked 
| 134|0x0000000088600000, 0x0000000088600000, 0x0000000088700000|  0%| F|  |TAMS 0x0000000088600000, 0x0000000088600000| Untracked 
| 135|0x0000000088700000, 0x0000000088700000, 0x0000000088800000|  0%| F|  |TAMS 0x0000000088700000, 0x0000000088700000| Untracked 
| 136|0x0000000088800000, 0x0000000088800000, 0x0000000088900000|  0%| F|  |TAMS 0x0000000088800000, 0x0000000088800000| Untracked 
| 137|0x0000000088900000, 0x0000000088900000, 0x0000000088a00000|  0%| F|  |TAMS 0x0000000088900000, 0x0000000088900000| Untracked 
| 138|0x0000000088a00000, 0x0000000088a00000, 0x0000000088b00000|  0%| F|  |TAMS 0x0000000088a00000, 0x0000000088a00000| Untracked 
| 139|0x0000000088b00000, 0x0000000088b00000, 0x0000000088c00000|  0%| F|  |TAMS 0x0000000088b00000, 0x0000000088b00000| Untracked 
| 140|0x0000000088c00000, 0x0000000088c00000, 0x0000000088d00000|  0%| F|  |TAMS 0x0000000088c00000, 0x0000000088c00000| Untracked 
| 141|0x0000000088d00000, 0x0000000088d00000, 0x0000000088e00000|  0%| F|  |TAMS 0x0000000088d00000, 0x0000000088d00000| Untracked 
| 142|0x0000000088e00000, 0x0000000088e00000, 0x0000000088f00000|  0%| F|  |TAMS 0x0000000088e00000, 0x0000000088e00000| Untracked 
| 143|0x0000000088f00000, 0x0000000088f00000, 0x0000000089000000|  0%| F|  |TAMS 0x0000000088f00000, 0x0000000088f00000| Untracked 
| 144|0x0000000089000000, 0x0000000089000000, 0x0000000089100000|  0%| F|  |TAMS 0x0000000089000000, 0x0000000089000000| Untracked 
| 145|0x0000000089100000, 0x0000000089100000, 0x0000000089200000|  0%| F|  |TAMS 0x0000000089100000, 0x0000000089100000| Untracked 
| 146|0x0000000089200000, 0x0000000089200000, 0x0000000089300000|  0%| F|  |TAMS 0x0000000089200000, 0x0000000089200000| Untracked 
| 147|0x0000000089300000, 0x0000000089300000, 0x0000000089400000|  0%| F|  |TAMS 0x0000000089300000, 0x0000000089300000| Untracked 
| 148|0x0000000089400000, 0x0000000089400000, 0x0000000089500000|  0%| F|  |TAMS 0x0000000089400000, 0x0000000089400000| Untracked 
| 149|0x0000000089500000, 0x0000000089500000, 0x0000000089600000|  0%| F|  |TAMS 0x0000000089500000, 0x0000000089500000| Untracked 
| 150|0x0000000089600000, 0x0000000089600000, 0x0000000089700000|  0%| F|  |TAMS 0x0000000089600000, 0x0000000089600000| Untracked 
| 151|0x0000000089700000, 0x0000000089700000, 0x0000000089800000|  0%| F|  |TAMS 0x0000000089700000, 0x0000000089700000| Untracked 
| 152|0x0000000089800000, 0x0000000089800000, 0x0000000089900000|  0%| F|  |TAMS 0x0000000089800000, 0x0000000089800000| Untracked 
| 153|0x0000000089900000, 0x0000000089900000, 0x0000000089a00000|  0%| F|  |TAMS 0x0000000089900000, 0x0000000089900000| Untracked 
| 154|0x0000000089a00000, 0x0000000089a00000, 0x0000000089b00000|  0%| F|  |TAMS 0x0000000089a00000, 0x0000000089a00000| Untracked 
| 155|0x0000000089b00000, 0x0000000089b00000, 0x0000000089c00000|  0%| F|  |TAMS 0x0000000089b00000, 0x0000000089b00000| Untracked 
| 156|0x0000000089c00000, 0x0000000089c00000, 0x0000000089d00000|  0%| F|  |TAMS 0x0000000089c00000, 0x0000000089c00000| Untracked 
| 157|0x0000000089d00000, 0x0000000089d00000, 0x0000000089e00000|  0%| F|  |TAMS 0x0000000089d00000, 0x0000000089d00000| Untracked 

Card table byte_map: [0x000001a432170000,0x000001a432570000] _byte_map_base: 0x000001a431d70000

Marking Bits (Prev, Next): (CMBitMap*) 0x000001a41bafa488, (CMBitMap*) 0x000001a41bafa4c0
 Prev Bits: [0x000001a432970000, 0x000001a434970000)
 Next Bits: [0x000001a434970000, 0x000001a436970000)

Polling page: 0x000001a419a10000

Metaspace:

Usage:
  Non-class:     42.13 MB capacity,    41.39 MB ( 98%) used,   602.88 KB (  1%) free+waste,   152.13 KB ( <1%) overhead. 
      Class:      6.78 MB capacity,     6.25 MB ( 92%) used,   463.32 KB (  7%) free+waste,    77.63 KB (  1%) overhead. 
       Both:     48.90 MB capacity,    47.64 MB ( 97%) used,     1.04 MB (  2%) free+waste,   229.75 KB ( <1%) overhead. 

Virtual space:
  Non-class space:       44.00 MB reserved,      42.17 MB ( 96%) committed 
      Class space:        1.00 GB reserved,       6.88 MB ( <1%) committed 
             Both:        1.04 GB reserved,      49.05 MB (  5%) committed 

Chunk freelists:
   Non-Class:  5.75 KB
       Class:  640 bytes
        Both:  6.38 KB

CodeHeap 'non-profiled nmethods': size=239488Kb used=5855Kb max_used=5855Kb free=233633Kb
 bounds [0x000001a423790000, 0x000001a423d50000, 0x000001a432170000]
CodeHeap 'non-nmethods': size=6272Kb used=1218Kb max_used=1218Kb free=5053Kb
 bounds [0x000001a423170000, 0x000001a4233e0000, 0x000001a423790000]
 total_blobs=4429 nmethods=3862 adapters=493
 compilation: enabled
              stopped_count=0, restarted_count=0
 full_count=0

Compilation events (10 events):
Event: 7.342 Thread 0x000001a438d59000 3858       1       sun.security.util.DisabledAlgorithmConstraints$Constraints::permits (89 bytes)
Event: 7.342 Thread 0x000001a438d59000 nmethod 3858 0x000001a423d45e90 code [0x000001a423d460a0, 0x000001a423d463c8]
Event: 7.343 Thread 0x000001a438d59000 3859       1       java.util.Arrays::copyOfRange (63 bytes)
Event: 7.343 Thread 0x000001a438d59000 nmethod 3859 0x000001a423d46590 code [0x000001a423d467a0, 0x000001a423d46c98]
Event: 7.343 Thread 0x000001a438d59000 3860       1       java.math.MutableBigInteger::<init> (22 bytes)
Event: 7.343 Thread 0x000001a438d59000 nmethod 3860 0x000001a423d46f10 code [0x000001a423d470a0, 0x000001a423d47258]
Event: 7.343 Thread 0x000001a438d59000 3861       1       java.math.BigInteger::<init> (38 bytes)
Event: 7.344 Thread 0x000001a438d59000 nmethod 3861 0x000001a423d47310 code [0x000001a423d474c0, 0x000001a423d476e8]
Event: 7.353 Thread 0x000001a438d59000 3862       1       sun.security.ssl.Record::verifyLength (19 bytes)
Event: 7.353 Thread 0x000001a438d59000 nmethod 3862 0x000001a423d47810 code [0x000001a423d479c0, 0x000001a423d47b48]

GC Heap History (10 events):
Event: 1.410 GC heap after
{Heap after GC invocations=4 (full 0):
 garbage-first heap   total 131072K, used 7602K [0x0000000080000000, 0x0000000100000000)
  region size 1024K, 3 young (3072K), 3 survivors (3072K)
 Metaspace       used 15403K, capacity 15771K, committed 16000K, reserved 1062912K
  class space    used 1724K, capacity 1878K, committed 1920K, reserved 1048576K
}
Event: 1.841 GC heap before
{Heap before GC invocations=4 (full 0):
 garbage-first heap   total 131072K, used 35250K [0x0000000080000000, 0x0000000100000000)
  region size 1024K, 31 young (31744K), 3 survivors (3072K)
 Metaspace       used 20259K, capacity 20813K, committed 21120K, reserved 1067008K
  class space    used 2351K, capacity 2569K, committed 2688K, reserved 1048576K
}
Event: 1.864 GC heap after
{Heap after GC invocations=5 (full 0):
 garbage-first heap   total 161792K, used 9113K [0x0000000080000000, 0x0000000100000000)
  region size 1024K, 4 young (4096K), 4 survivors (4096K)
 Metaspace       used 20259K, capacity 20813K, committed 21120K, reserved 1067008K
  class space    used 2351K, capacity 2569K, committed 2688K, reserved 1048576K
}
Event: 1.917 GC heap before
{Heap before GC invocations=5 (full 0):
 garbage-first heap   total 161792K, used 13209K [0x0000000080000000, 0x0000000100000000)
  region size 1024K, 9 young (9216K), 4 survivors (4096K)
 Metaspace       used 20602K, capacity 21107K, committed 21296K, reserved 1069056K
  class space    used 2384K, capacity 2603K, committed 2688K, reserved 1048576K
}
Event: 1.934 GC heap after
{Heap after GC invocations=6 (full 0):
 garbage-first heap   total 161792K, used 9177K [0x0000000080000000, 0x0000000100000000)
  region size 1024K, 4 young (4096K), 4 survivors (4096K)
 Metaspace       used 20602K, capacity 21107K, committed 21296K, reserved 1069056K
  class space    used 2384K, capacity 2603K, committed 2688K, reserved 1048576K
}
Event: 3.185 GC heap before
{Heap before GC invocations=7 (full 0):
 garbage-first heap   total 161792K, used 68569K [0x0000000080000000, 0x0000000100000000)
  region size 1024K, 62 young (63488K), 4 survivors (4096K)
 Metaspace       used 25553K, capacity 26350K, committed 26544K, reserved 1073152K
  class space    used 3144K, capacity 3466K, committed 3584K, reserved 1048576K
}
Event: 3.217 GC heap after
{Heap after GC invocations=8 (full 0):
 garbage-first heap   total 161792K, used 11556K [0x0000000080000000, 0x0000000100000000)
  region size 1024K, 6 young (6144K), 6 survivors (6144K)
 Metaspace       used 25553K, capacity 26350K, committed 26544K, reserved 1073152K
  class space    used 3144K, capacity 3466K, committed 3584K, reserved 1048576K
}
Event: 5.758 GC heap before
{Heap before GC invocations=8 (full 0):
 garbage-first heap   total 161792K, used 80164K [0x0000000080000000, 0x0000000100000000)
  region size 1024K, 74 young (75776K), 6 survivors (6144K)
 Metaspace       used 34635K, capacity 35759K, committed 35888K, reserved 1081344K
  class space    used 4405K, capacity 4865K, committed 4992K, reserved 1048576K
}
Event: 5.811 GC heap after
{Heap after GC invocations=9 (full 0):
 garbage-first heap   total 161792K, used 16043K [0x0000000080000000, 0x0000000100000000)
  region size 1024K, 10 young (10240K), 10 survivors (10240K)
 Metaspace       used 34635K, capacity 35759K, committed 35888K, reserved 1081344K
  class space    used 4405K, capacity 4865K, committed 4992K, reserved 1048576K
}
Event: 7.385 GC heap before
{Heap before GC invocations=10 (full 0):
 garbage-first heap   total 161792K, used 98987K [0x0000000080000000, 0x0000000100000000)
  region size 1024K, 91 young (93184K), 10 survivors (10240K)
 Metaspace       used 48781K, capacity 50077K, committed 50224K, reserved 1093632K
  class space    used 6398K, capacity 6939K, committed 7040K, reserved 1048576K
}

Deoptimization events (0 events):
No events

Classes redefined (0 events):
No events

Internal exceptions (10 events):
Event: 4.979 Thread 0x000001a41babe800 Exception <a 'java/lang/NoSuchMethodError'{0x0000000088c66a78}: java.lang.invoke.DirectMethodHandle$Holder.invokeStaticInit(Ljava/lang/Object;Ljava/lang/Object;IIII)Ljava/lang/Object;> (0x0000000088c66a78) thrown at [./open/src/hotspot/share/interpreter/l
Event: 5.263 Thread 0x000001a41babe800 Exception <a 'java/io/FileNotFoundException'{0x0000000087f288d0}> (0x0000000087f288d0) thrown at [./open/src/hotspot/share/prims/jni.cpp, line 611]
Event: 5.293 Thread 0x000001a41babe800 Exception <a 'java/lang/NoSuchMethodError'{0x0000000087ef1128}: java.lang.invoke.DirectMethodHandle$Holder.invokeInterface(Ljava/lang/Object;Ljava/lang/Object;Ljava/lang/Object;Ljava/lang/Object;)I> (0x0000000087ef1128) thrown at [./open/src/hotspot/share
Event: 5.361 Thread 0x000001a41babe800 Exception <a 'java/io/FileNotFoundException'{0x0000000087bc0668}> (0x0000000087bc0668) thrown at [./open/src/hotspot/share/prims/jni.cpp, line 611]
Event: 6.224 Thread 0x000001a41babe800 Exception <a 'sun/nio/fs/WindowsException'{0x000000008863d500}> (0x000000008863d500) thrown at [./open/src/hotspot/share/prims/jni.cpp, line 611]
Event: 6.232 Thread 0x000001a41babe800 Exception <a 'java/lang/NoSuchMethodError'{0x0000000088661db8}: java.lang.invoke.DirectMethodHandle$Holder.invokeStaticInit(Ljava/lang/Object;Ljava/lang/Object;Ljava/lang/Object;Ljava/lang/Object;)I> (0x0000000088661db8) thrown at [./open/src/hotspot/shar
Event: 6.625 Thread 0x000001a41babe800 Exception <a 'java/lang/NoSuchMethodError'{0x0000000087d46080}: java.lang.invoke.DirectMethodHandle$Holder.invokeStaticInit(Ljava/lang/Object;Ljava/lang/Object;Ljava/lang/Object;Ljava/lang/Object;)Ljava/lang/Object;> (0x0000000087d46080) thrown at [./open
Event: 6.885 Thread 0x000001a41babe800 Exception <a 'java/lang/NoSuchMethodError'{0x00000000870bc2a8}: java.lang.invoke.DirectMethodHandle$Holder.newInvokeSpecial(Ljava/lang/Object;Ljava/lang/Object;ILjava/lang/Object;Ljava/lang/Object;)Ljava/lang/Object;> (0x00000000870bc2a8) thrown at [./ope
Event: 7.281 Thread 0x000001a41babe800 Exception <a 'java/lang/NoSuchMethodError'{0x00000000854737f8}: java.lang.invoke.DirectMethodHandle$Holder.invokeInterface(Ljava/lang/Object;Ljava/lang/Object;)V> (0x00000000854737f8) thrown at [./open/src/hotspot/share/interpreter/linkResolver.cpp, line 
Event: 7.295 Thread 0x000001a41babe800 Exception <a 'java/lang/NoSuchMethodError'{0x00000000849a1870}: java.lang.invoke.DirectMethodHandle$Holder.invokeStaticInit(Ljava/lang/Object;Ljava/lang/Object;Ljava/lang/Object;Ljava/lang/Object;II)Ljava/lang/Object;> (0x00000000849a1870) thrown at [./op

Events (10 events):
Event: 7.384 loading class org/hibernate/tool/schema/spi/DelayedDropAction done
Event: 7.384 loading class org/hibernate/tool/schema/spi/DelayedDropAction
Event: 7.384 loading class org/hibernate/tool/schema/spi/DelayedDropAction done
Event: 7.384 loading class org/hibernate/internal/SessionFactoryImpl
Event: 7.384 loading class org/hibernate/internal/SessionFactoryImpl done
Event: 7.384 loading class org/hibernate/tool/schema/spi/DelayedDropRegistry
Event: 7.384 loading class org/hibernate/tool/schema/spi/DelayedDropRegistry done
Event: 7.385 loading class org/hibernate/tool/schema/spi/SchemaManagementToolCoordinator
Event: 7.385 loading class org/hibernate/tool/schema/spi/SchemaManagementToolCoordinator done
Event: 7.385 Executing VM operation: G1CollectForAllocation


Dynamic libraries:
0x00007ff78aa90000 - 0x00007ff78aa9f000 	C:\Program Files\Java\jdk-11.0.16\bin\java.exe
0x00007ffd4df70000 - 0x00007ffd4e168000 	C:\Windows\SYSTEM32\ntdll.dll
0x00007ffd4de60000 - 0x00007ffd4df1d000 	C:\Windows\System32\KERNEL32.DLL
0x00007ffd4b8e0000 - 0x00007ffd4bbae000 	C:\Windows\System32\KERNELBASE.dll
0x00007ffd4b690000 - 0x00007ffd4b790000 	C:\Windows\System32\ucrtbase.dll
0x00007ffd40360000 - 0x00007ffd40378000 	C:\Program Files\Java\jdk-11.0.16\bin\jli.dll
0x00007ffd4c360000 - 0x00007ffd4c40e000 	C:\Windows\System32\ADVAPI32.dll
0x00007ffd4ddc0000 - 0x00007ffd4de5e000 	C:\Windows\System32\msvcrt.dll
0x00007ffd4d530000 - 0x00007ffd4d5cc000 	C:\Windows\System32\sechost.dll
0x00007ffd4d1e0000 - 0x00007ffd4d305000 	C:\Windows\System32\RPCRT4.dll
0x00007ffd4c410000 - 0x00007ffd4c5b0000 	C:\Windows\System32\USER32.dll
0x00007ffd4b840000 - 0x00007ffd4b862000 	C:\Windows\System32\win32u.dll
0x00007ffd4d3c0000 - 0x00007ffd4d3ea000 	C:\Windows\System32\GDI32.dll
0x00007ffd4bc40000 - 0x00007ffd4bd4b000 	C:\Windows\System32\gdi32full.dll
0x00007ffd4bf30000 - 0x00007ffd4bfcd000 	C:\Windows\System32\msvcp_win.dll
0x00007ffd43550000 - 0x00007ffd43565000 	C:\Program Files\Java\jdk-11.0.16\bin\VCRUNTIME140.dll
0x00007ffd34380000 - 0x00007ffd3461a000 	C:\Windows\WinSxS\amd64_microsoft.windows.common-controls_6595b64144ccf1df_6.0.19041.1110_none_60b5254171f9507e\COMCTL32.dll
0x00007ffd42fb0000 - 0x00007ffd42fba000 	C:\Windows\SYSTEM32\VERSION.dll
0x00007ffd4d310000 - 0x00007ffd4d340000 	C:\Windows\System32\IMM32.DLL
0x00007ffd2b3b0000 - 0x00007ffd2b44b000 	C:\Program Files\Java\jdk-11.0.16\bin\msvcp140.dll
0x00007ffd20650000 - 0x00007ffd21168000 	C:\Program Files\Java\jdk-11.0.16\bin\server\jvm.dll
0x00007ffd4df20000 - 0x00007ffd4df28000 	C:\Windows\System32\PSAPI.DLL
0x00007ffd435b0000 - 0x00007ffd435b9000 	C:\Windows\SYSTEM32\WSOCK32.dll
0x00007ffd4d8e0000 - 0x00007ffd4d94b000 	C:\Windows\System32\WS2_32.dll
0x00007ffd286c0000 - 0x00007ffd286e7000 	C:\Windows\SYSTEM32\WINMM.dll
0x00007ffd49560000 - 0x00007ffd49572000 	C:\Windows\SYSTEM32\kernel.appcore.dll
0x00007ffd43640000 - 0x00007ffd43650000 	C:\Program Files\Java\jdk-11.0.16\bin\verify.dll
0x00007ffd3e9b0000 - 0x00007ffd3eb94000 	C:\Windows\SYSTEM32\DBGHELP.DLL
0x00007ffd3eba0000 - 0x00007ffd3ebcc000 	C:\Windows\SYSTEM32\dbgcore.DLL
0x00007ffd4bbb0000 - 0x00007ffd4bc32000 	C:\Windows\System32\bcryptPrimitives.dll
0x00007ffd3bdd0000 - 0x00007ffd3bdf8000 	C:\Program Files\Java\jdk-11.0.16\bin\java.dll
0x00007ffd43620000 - 0x00007ffd4362a000 	C:\Program Files\Java\jdk-11.0.16\bin\jimage.dll
0x00007ffd3a770000 - 0x00007ffd3a786000 	C:\Program Files\Java\jdk-11.0.16\bin\zip.dll
0x00007ffd4ca10000 - 0x00007ffd4d153000 	C:\Windows\System32\SHELL32.dll
0x00007ffd49760000 - 0x00007ffd49ef5000 	C:\Windows\SYSTEM32\windows.storage.dll
0x00007ffd4c6b0000 - 0x00007ffd4ca04000 	C:\Windows\System32\combase.dll
0x00007ffd4af40000 - 0x00007ffd4af70000 	C:\Windows\SYSTEM32\Wldp.dll
0x00007ffd4d6a0000 - 0x00007ffd4d74d000 	C:\Windows\System32\SHCORE.dll
0x00007ffd4c650000 - 0x00007ffd4c6a5000 	C:\Windows\System32\shlwapi.dll
0x00007ffd4b5d0000 - 0x00007ffd4b5ef000 	C:\Windows\SYSTEM32\profapi.dll
0x00007ffd3a750000 - 0x00007ffd3a769000 	C:\Program Files\Java\jdk-11.0.16\bin\net.dll
0x00007ffd42ea0000 - 0x00007ffd42faa000 	C:\Windows\SYSTEM32\WINHTTP.dll
0x00007ffd4ad20000 - 0x00007ffd4ad8a000 	C:\Windows\system32\mswsock.dll
0x00007ffd3a730000 - 0x00007ffd3a742000 	C:\Program Files\Java\jdk-11.0.16\bin\nio.dll
0x00007ffd42330000 - 0x00007ffd42339000 	C:\Program Files\Java\jdk-11.0.16\bin\management.dll
0x00007ffd40350000 - 0x00007ffd4035b000 	C:\Program Files\Java\jdk-11.0.16\bin\management_ext.dll
0x00007ffd30a60000 - 0x00007ffd30a77000 	C:\Windows\system32\napinsp.dll
0x00007ffd30a40000 - 0x00007ffd30a5b000 	C:\Windows\system32\pnrpnsp.dll
0x00007ffd30a20000 - 0x00007ffd30a35000 	C:\Windows\system32\wshbth.dll
0x00007ffd46ed0000 - 0x00007ffd46eed000 	C:\Windows\system32\NLAapi.dll
0x00007ffd4aa30000 - 0x00007ffd4aa6b000 	C:\Windows\SYSTEM32\IPHLPAPI.DLL
0x00007ffd4aa70000 - 0x00007ffd4ab3a000 	C:\Windows\SYSTEM32\DNSAPI.dll
0x00007ffd4d520000 - 0x00007ffd4d528000 	C:\Windows\System32\NSI.dll
0x00007ffd30a00000 - 0x00007ffd30a12000 	C:\Windows\System32\winrnr.dll
0x00007ffd42710000 - 0x00007ffd4271a000 	C:\Windows\System32\rasadhlp.dll
0x00007ffd432c0000 - 0x00007ffd43340000 	C:\Windows\System32\fwpuclnt.dll
0x00007ffd4bd50000 - 0x00007ffd4bd77000 	C:\Windows\System32\bcrypt.dll
0x00007ffd4af80000 - 0x00007ffd4af98000 	C:\Windows\SYSTEM32\CRYPTSP.dll
0x00007ffd4a6c0000 - 0x00007ffd4a6f4000 	C:\Windows\system32\rsaenh.dll
0x00007ffd4b550000 - 0x00007ffd4b57e000 	C:\Windows\SYSTEM32\USERENV.dll
0x00007ffd4aeb0000 - 0x00007ffd4aebc000 	C:\Windows\SYSTEM32\CRYPTBASE.dll
0x00007ffd44250000 - 0x00007ffd44267000 	C:\Windows\SYSTEM32\dhcpcsvc6.DLL
0x00007ffd44230000 - 0x00007ffd4424d000 	C:\Windows\SYSTEM32\dhcpcsvc.DLL
0x00007ffd3bdc0000 - 0x00007ffd3bdcd000 	C:\Program Files\Java\jdk-11.0.16\bin\sunmscapi.dll
0x00007ffd4bdd0000 - 0x00007ffd4bf26000 	C:\Windows\System32\CRYPT32.dll
0x00007ffd4b090000 - 0x00007ffd4b0b7000 	C:\Windows\SYSTEM32\ncrypt.dll
0x00007ffd4b050000 - 0x00007ffd4b08b000 	C:\Windows\SYSTEM32\NTASN1.dll
0x00007ffd327f0000 - 0x00007ffd32815000 	C:\Program Files\Java\jdk-11.0.16\bin\sunec.dll

dbghelp: loaded successfully - version: 4.0.5 - missing functions: none
symbol engine: initialized successfully - sym options: 0x614 - pdb path: .;C:\Program Files\Java\jdk-11.0.16\bin;C:\Windows\SYSTEM32;C:\Windows\WinSxS\amd64_microsoft.windows.common-controls_6595b64144ccf1df_6.0.19041.1110_none_60b5254171f9507e;C:\Program Files\Java\jdk-11.0.16\bin\server

VM Arguments:
jvm_args: -Xverify:none -XX:TieredStopAtLevel=1 
java_command: com.pension.app.PensionMicroserviceApplication
java_class_path (initial): C:\Users\sfjbs\IdeaProjects\training\Harshad\day13\pension-management-system\target\classes;C:\Users\sfjbs\.m2\repository\org\springframework\boot\spring-boot\2.7.3\spring-boot-2.7.3.jar;C:\Users\sfjbs\.m2\repository\org\springframework\boot\spring-boot-autoconfigure\2.7.3\spring-boot-autoconfigure-2.7.3.jar;C:\Users\sfjbs\.m2\repository\ch\qos\logback\logback-classic\1.2.11\logback-classic-1.2.11.jar;C:\Users\sfjbs\.m2\repository\ch\qos\logback\logback-core\1.2.11\logback-core-1.2.11.jar;C:\Users\sfjbs\.m2\repository\org\apache\logging\log4j\log4j-to-slf4j\2.17.2\log4j-to-slf4j-2.17.2.jar;C:\Users\sfjbs\.m2\repository\org\apache\logging\log4j\log4j-api\2.17.2\log4j-api-2.17.2.jar;C:\Users\sfjbs\.m2\repository\org\slf4j\jul-to-slf4j\1.7.36\jul-to-slf4j-1.7.36.jar;C:\Users\sfjbs\.m2\repository\jakarta\annotation\jakarta.annotation-api\1.3.5\jakarta.annotation-api-1.3.5.jar;C:\Users\sfjbs\.m2\repository\org\yaml\snakeyaml\1.30\snakeyaml-1.30.jar;C:\Users\sfjbs\.m2\repository\com\fasterxml\jackson\core\jackson-databind\2.13.3\jackson-databind-2.13.3.jar;C:\Users\sfjbs\.m2\repository\com\fasterxml\jackson\core\jackson-annotations\2.13.3\jackson-annotations-2.13.3.jar;C:\Users\sfjbs\.m2\repository\com\fasterxml\jackson\core\jackson-core\2.13.3\jackson-core-2.13.3.jar;C:\Users\sfjbs\.m2\repository\com\fasterxml\jackson\datatype\jackson-datatype-jdk8\2.13.3\jackson-datatype-jdk8-2.13.3.jar;C:\Users\sfjbs\.m2\repository\com\fasterxml\jackson\datatype\jackson-datatype-jsr310\2.13.3\jackson-datatype-jsr310-2.13.3.jar;C:\Users\sfjbs\.m2\repository\com\fasterxml\jackson\module\jackson-module-parameter-names\2.13.3\jackson-module-parameter-names-2.13.3.jar;C:\Users\sfjbs\.m2\repository\org\apache\tomcat\embed\tomcat-embed-core\9.0.65\tomcat-embed-core-9.0.65.jar;C:\Users\sfjbs\.m2\repository\org\apache\tomcat\embed\tomcat-embed-el\9.0.65\tomcat-embed-el-9.0.65.jar;C:\Users\sfjbs\.m2\repository\org\apache\tomcat\embed\tomcat-embed-websocket\9.0.65\tom
Launcher Type: SUN_STANDARD

[Global flags]
     bool BytecodeVerificationLocal                = false                                     {product} {command line}
     bool BytecodeVerificationRemote               = false                                     {product} {command line}
     intx CICompilerCount                          = 2                                         {product} {ergonomic}
     uint ConcGCThreads                            = 1                                         {product} {ergonomic}
     uint G1ConcRefinementThreads                  = 2                                         {product} {ergonomic}
   size_t G1HeapRegionSize                         = 1048576                                   {product} {ergonomic}
    uintx GCDrainStackTargetSize                   = 64                                        {product} {ergonomic}
   size_t InitialHeapSize                          = 134217728                                 {product} {ergonomic}
   size_t MarkStackSize                            = 4194304                                   {product} {ergonomic}
   size_t MaxHeapSize                              = 2147483648                                {product} {ergonomic}
   size_t MaxNewSize                               = 1287651328                                {product} {ergonomic}
   size_t MinHeapDeltaBytes                        = 1048576                                   {product} {ergonomic}
    uintx NonNMethodCodeHeapSize                   = 6396312                                {pd product} {ergonomic}
    uintx NonProfiledCodeHeapSize                  = 245261928                              {pd product} {ergonomic}
    uintx ProfiledCodeHeapSize                     = 0                                      {pd product} {ergonomic}
    uintx ReservedCodeCacheSize                    = 251658240                              {pd product} {ergonomic}
     bool SegmentedCodeCache                       = true                                      {product} {ergonomic}
     intx TieredStopAtLevel                        = 1                                         {product} {command line}
     bool UseCompressedClassPointers               = true                                 {lp64_product} {ergonomic}
     bool UseCompressedOops                        = true                                 {lp64_product} {ergonomic}
     bool UseG1GC                                  = true                                      {product} {ergonomic}
     bool UseLargePagesIndividualAllocation        = false                                  {pd product} {ergonomic}

Logging:
Log output configuration:
 #0: stdout all=warning uptime,level,tags
 #1: stderr all=off uptime,level,tags

Environment Variables:
PATH=C:\Program Files\Common Files\Oracle\Java\javapath;C:\Windows\system32;C:\Windows;C:\Windows\System32\Wbem;C:\Windows\System32\WindowsPowerShell\v1.0\;C:\Windows\System32\OpenSSH\;C:\Users\sfjbs\Downloads\micro service-20221001T123314Z-001\micro service\apache-maven-3.8.5-bin\apache-maven-3.8.5\bin;C:\Users\sfjbs\Downloads\micro service-20221001T123314Z-001\micro service\apache-maven-3.8.5-bin\apache-maven-3.8.5\lib;C:\Program Files\Docker\Docker\resources\bin;C:\ProgramData\DockerDesktop\version-bin;C:\Program Files\Git\cmd;C:\Users\sfjbs\AppData\Local\Microsoft\WindowsApps;C:\Users\sfjbs\Downloads\micro service-20221001T123314Z-001\micro service\apache-maven-3.8.5-bin\apache-maven-3.8.5\bin;C:\Users\sfjbs\Downloads\micro service-20221001T123314Z-001\micro service\apache-maven-3.8.5-bin\apache-maven-3.8.5\lib;;C:\Program Files\JetBrains\IntelliJ IDEA Community Edition 2022.2.1\bin;
USERNAME=sfjbs
OS=Windows_NT
PROCESSOR_IDENTIFIER=Intel64 Family 6 Model 106 Stepping 6, GenuineIntel



---------------  S Y S T E M  ---------------

OS: Windows 10 , 64 bit Build 19041 (10.0.19041.1889)
Hyper-V role detected

CPU:total 2 (initial active 2) (1 cores per cpu, 2 threads per core) family 6 model 106 stepping 6 microcode 0xffffffff, cmov, cx8, fxsr, mmx, sse, sse2, sse3, ssse3, sse4.1, sse4.2, popcnt, avx, avx2, aes, clmul, erms, rtm, 3dnowpref, lzcnt, ht, tsc, bmi1, bmi2, adx, evex, fma

Memory: 4k page, system-wide physical 8190M (519M free)
TotalPageFile size 10238M (AvailPageFile size 19M)
current process WorkingSet (physical memory assigned to process): 214M, peak: 214M
current process commit charge ("private bytes"): 291M, peak: 422M

vm_info: Java HotSpot(TM) 64-Bit Server VM (11.0.16+11-LTS-199) for windows-amd64 JRE (11.0.16+11-LTS-199), built on Jun 28 2022 08:23:17 by "mach5one" with MS VC++ 15.9 (VS2017)

END.
